<?xml version="1.0" encoding="UTF-8"?>
<!-- Generated by org.testng.reporters.JUnitReportReporter -->
<testsuite skipped="0" hostname="WTC-5159473-l2" name="WIDM_Application.WIDM_SOAPClient" tests="10" failures="0" timestamp="08 May 2019 21:03:55 GMT" time="89.445" errors="0">
  <testcase name="AAAUserCreate_Email_As_UserId" time="6.160" classname="WIDM_Application.WIDM_SOAPClient"/>
  <testcase name="AAAUserCreate_Email_As_UserId" time="10.290" classname="WIDM_Application.WIDM_SOAPClient"/>
  <testcase name="AAAUserCreate_Email_As_UserId" time="9.938" classname="WIDM_Application.WIDM_SOAPClient"/>
  <testcase name="AAAUserCreate_Email_As_UserId" time="6.717" classname="WIDM_Application.WIDM_SOAPClient"/>
  <testcase name="AAAUserCreate_Email_As_UserId" time="10.138" classname="WIDM_Application.WIDM_SOAPClient"/>
  <testcase name="AAAUserCreate_Email_As_UserId" time="11.770" classname="WIDM_Application.WIDM_SOAPClient"/>
  <testcase name="AAAUserCreate_Email_As_UserId" time="10.429" classname="WIDM_Application.WIDM_SOAPClient"/>
  <testcase name="AAAUserCreate_Email_As_UserId" time="6.885" classname="WIDM_Application.WIDM_SOAPClient"/>
  <testcase name="AAAUserCreate_Email_As_UserId" time="10.634" classname="WIDM_Application.WIDM_SOAPClient"/>
  <testcase name="AAAUserCreate_Email_As_UserId" time="6.484" classname="WIDM_Application.WIDM_SOAPClient"/>
</testsuite> <!-- WIDM_Application.WIDM_SOAPClient -->
