<?xml version="1.0" encoding="UTF-8"?>
<!-- Generated by org.testng.reporters.JUnitReportReporter -->
<testsuite skipped="0" hostname="WTC-5159473-l2" name="WADM_Application.WADM_Invitation" tests="3" failures="0" timestamp="19 May 2019 06:20:41 GMT" time="383.152" errors="0">
  <testcase name="WADM_Invitation_Attempt" time="136.265" classname="WADM_Application.WADM_Invitation"/>
  <testcase name="WADM_Invitation_Attempt" time="133.904" classname="WADM_Application.WADM_Invitation"/>
  <testcase name="WADM_Invitation_Attempt" time="112.983" classname="WADM_Application.WADM_Invitation"/>
</testsuite> <!-- WADM_Application.WADM_Invitation -->
