<?xml version="1.0" encoding="UTF-8"?>
<!-- Generated by org.testng.reporters.JUnitReportReporter -->
<testsuite skipped="7" hostname="WTC-5159473-l2" name="Mission_Critical.MC_PI_3" tests="14" failures="0" timestamp="03 Apr 2019 15:49:11 GMT" time="192.680" errors="0">
  <testcase name="WFCL_Alliance_Marketing_Error_Page" time="29.476" classname="Mission_Critical.MC_PI_3"/>
  <testcase name="WFCL_Alliance_Marketing_Error_Page" time="17.024" classname="Mission_Critical.MC_PI_3"/>
  <testcase name="WFCL_Alliance_Marketing_Error_Page" time="35.672" classname="Mission_Critical.MC_PI_3"/>
  <testcase name="WFCL_Alliance_Marketing_Error_Page" time="29.611" classname="Mission_Critical.MC_PI_3"/>
  <testcase name="WFCL_Alliance_Marketing_Error_Page" time="32.333" classname="Mission_Critical.MC_PI_3"/>
  <testcase name="WFCL_Alliance_Marketing_Error_Page" time="35.893" classname="Mission_Critical.MC_PI_3"/>
  <testcase name="WFCL_Alliance_Marketing_Error_Page" time="12.671" classname="Mission_Critical.MC_PI_3"/>
  <testcase name="WFCL_Alliance_Marketing_CodeRequired" classname="Mission_Critical.MC_PI_3">
    <skipped/>
  </testcase> <!-- WFCL_Alliance_Marketing_CodeRequired -->
  <testcase name="WFCL_Rewards_Registration_APAC_AND_LAC" classname="Mission_Critical.MC_PI_3">
    <skipped/>
  </testcase> <!-- WFCL_Rewards_Registration_APAC_AND_LAC -->
  <testcase name="WFCL_Alliance_Marketing" classname="Mission_Critical.MC_PI_3">
    <skipped/>
  </testcase> <!-- WFCL_Alliance_Marketing -->
  <testcase name="WFCL_Rewards_Login_APAC_AND_LAC" classname="Mission_Critical.MC_PI_3">
    <skipped/>
  </testcase> <!-- WFCL_Rewards_Login_APAC_AND_LAC -->
  <testcase name="WIDM_Registration_Email_Validation" classname="Mission_Critical.MC_PI_3">
    <skipped/>
  </testcase> <!-- WIDM_Registration_Email_Validation -->
  <testcase name="WFCL_Alliance_Marketing_Error_Page_Blank" classname="Mission_Critical.MC_PI_3">
    <skipped/>
  </testcase> <!-- WFCL_Alliance_Marketing_Error_Page_Blank -->
  <testcase name="WFCL_Registration_Email_Validation" classname="Mission_Critical.MC_PI_3">
    <skipped/>
  </testcase> <!-- WFCL_Registration_Email_Validation -->
</testsuite> <!-- Mission_Critical.MC_PI_3 -->
