<?xml version="1.0" encoding="UTF-8"?>
<!-- Generated by org.testng.reporters.JUnitReportReporter -->
<testsuite skipped="0" hostname="WTC-5159473-l2" name="SupportClasses.Account_Lookup" tests="3" failures="0" timestamp="26 Dec 2018 16:38:55 GMT" time="138.011" errors="0">
  <testcase name="AccountCheck" time="49.030" classname="SupportClasses.Account_Lookup"/>
  <testcase name="AccountCheck" time="54.257" classname="SupportClasses.Account_Lookup"/>
  <testcase name="AccountCheck" time="34.724" classname="SupportClasses.Account_Lookup"/>
</testsuite> <!-- SupportClasses.Account_Lookup -->
