<?xml version="1.0" encoding="UTF-8"?>
<!-- Generated by org.testng.reporters.JUnitReportReporter -->
<testsuite skipped="0" hostname="WTC-5159473-l2" name="SoapExample.SoapAutomation" tests="14" failures="1" timestamp="17 Feb 2019 05:03:37 GMT" time="45.419" errors="0">
  <testcase name="ADAT_CreateUser" time="0.701" classname="SoapExample.SoapAutomation"/>
  <testcase name="ADAT_CreateUser" time="0.873" classname="SoapExample.SoapAutomation"/>
  <testcase name="ADAT_CreatePin" time="0.340" classname="SoapExample.SoapAutomation"/>
  <testcase name="ADAT_CreatePin" time="1.387" classname="SoapExample.SoapAutomation"/>
  <testcase name="ADAT_AddressVelocity" time="15.798" classname="SoapExample.SoapAutomation"/>
  <testcase name="ADAT_PostcardVelocity" time="4.463" classname="SoapExample.SoapAutomation"/>
  <testcase name="ADAT_PostcardVelocity" time="5.135" classname="SoapExample.SoapAutomation"/>
  <testcase name="ADAT_PhoneVelocity" time="1.554" classname="SoapExample.SoapAutomation">
    <failure type="java.lang.AssertionError" message="
Expected: a string containing &quot;&lt;rf11:advice&gt;&quot;
     but: was &quot;com.sun.xml.internal.messaging.saaj.SOAPExceptionImpl: Bad response: (400Bad Request&quot;">
      <![CDATA[java.lang.AssertionError: 
Expected: a string containing "<rf11:advice>"
     but: was "com.sun.xml.internal.messaging.saaj.SOAPExceptionImpl: Bad response: (400Bad Request"
at org.hamcrest.MatcherAssert.assertThat(MatcherAssert.java:20)
at org.junit.Assert.assertThat(Assert.java:956)
at org.junit.Assert.assertThat(Assert.java:923)
at SoapExample.SoapAutomation.ADAT_EvaluateRisk(SoapAutomation.java:303)
at SoapExample.SoapAutomation.VelocityCheck(SoapAutomation.java:140)
at SoapExample.SoapAutomation.ADAT_PhoneVelocity(SoapAutomation.java:104)
at sun.reflect.NativeMethodAccessorImpl.invoke0(Native Method)
at sun.reflect.NativeMethodAccessorImpl.invoke(Unknown Source)
at sun.reflect.DelegatingMethodAccessorImpl.invoke(Unknown Source)
at java.lang.reflect.Method.invoke(Unknown Source)
at org.testng.internal.MethodInvocationHelper.invokeMethod(MethodInvocationHelper.java:124)
at org.testng.internal.Invoker.invokeMethod(Invoker.java:580)
at org.testng.internal.Invoker.invokeTestMethod(Invoker.java:716)
at org.testng.internal.TestMethodWithDataProviderMethodWorker.call(TestMethodWithDataProviderMethodWorker.java:71)
at org.testng.internal.TestMethodWithDataProviderMethodWorker.call(TestMethodWithDataProviderMethodWorker.java:14)
at java.util.concurrent.FutureTask.run(Unknown Source)
at java.util.concurrent.Executors$RunnableAdapter.call(Unknown Source)
at java.util.concurrent.FutureTask.run(Unknown Source)
at java.util.concurrent.ThreadPoolExecutor.runWorker(Unknown Source)
at java.util.concurrent.ThreadPoolExecutor$Worker.run(Unknown Source)
at java.lang.Thread.run(Unknown Source)
]]>
    </failure>
  </testcase> <!-- ADAT_PhoneVelocity -->
  <testcase name="ADAT_PhoneVelocity" time="4.842" classname="SoapExample.SoapAutomation"/>
  <testcase name="ADAT_AddressVelocity" time="6.520" classname="SoapExample.SoapAutomation"/>
  <testcase name="ADAT_VerifyPin" time="0.595" classname="SoapExample.SoapAutomation"/>
  <testcase name="ADAT_VerifyPin" time="1.533" classname="SoapExample.SoapAutomation"/>
  <testcase name="ADAT_VerifyPin_Invalid" time="1.323" classname="SoapExample.SoapAutomation"/>
  <testcase name="ADAT_VerifyPin_Invalid" time="0.355" classname="SoapExample.SoapAutomation"/>
</testsuite> <!-- SoapExample.SoapAutomation -->
