<?xml version="1.0" encoding="UTF-8"?>
<!-- Generated by org.testng.reporters.JUnitReportReporter -->
<testsuite skipped="0" hostname="WTC-5159473-l2" name="Mission_Critical.WIDM_SmokeTest" tests="1" failures="0" timestamp="13 Feb 2019 21:51:56 GMT" time="32.948" errors="0">
  <testcase name="WIDM_RegistrationEFWS" time="32.948" classname="Mission_Critical.WIDM_SmokeTest"/>
</testsuite> <!-- Mission_Critical.WIDM_SmokeTest -->
