<?xml version="1.0" encoding="UTF-8"?>
<!-- Generated by org.testng.reporters.JUnitReportReporter -->
<testsuite skipped="0" hostname="WTC-5159473-l2" name="SupportClasses.Create_Accounts_New" tests="1" failures="0" timestamp="04 Apr 2019 19:48:32 GMT" time="78.186" errors="0">
  <testcase name="Account_Creation" time="78.186" classname="SupportClasses.Create_Accounts_New"/>
</testsuite> <!-- SupportClasses.Create_Accounts_New -->
