<?xml version="1.0" encoding="UTF-8"?>
<!-- Generated by org.testng.reporters.JUnitReportReporter -->
<testsuite skipped="1" hostname="WTC-5159473-l2" name="Mission_Critical.WFCL_New" tests="2" failures="0" timestamp="05 Mar 2019 23:17:16 GMT" time="257.192" errors="0">
  <testcase name="AccountRegistration_INET_Test" time="257.192" classname="Mission_Critical.WFCL_New"/>
  <testcase name="Link_account_to_user" classname="Mission_Critical.WFCL_New">
    <skipped/>
  </testcase> <!-- Link_account_to_user -->
</testsuite> <!-- Mission_Critical.WFCL_New -->
