<?xml version="1.0" encoding="UTF-8"?>
<!-- Generated by org.testng.reporters.JUnitReportReporter -->
<testsuite skipped="0" hostname="WTC-5159473-l2" name="SupportClasses.Account_Lookup" tests="1" failures="0" timestamp="11 May 2019 23:29:32 GMT" time="50.321" errors="0">
  <testcase name="ASDFASDF" time="50.321" classname="SupportClasses.Account_Lookup"/>
</testsuite> <!-- SupportClasses.Account_Lookup -->
