<?xml version="1.0" encoding="UTF-8"?>
<!-- Generated by org.testng.reporters.JUnitReportReporter -->
<testsuite skipped="3" hostname="WTC-5159473-l2" name="Mission_Critical.MC_PI_4" tests="24" failures="0" timestamp="02 May 2019 22:07:07 GMT" time="3731.225" errors="0">
  <testcase name="WFCL_Rewards_Logout" time="204.995" classname="Mission_Critical.MC_PI_4"/>
  <testcase name="WFCL_Rewards_Logout" time="222.353" classname="Mission_Critical.MC_PI_4"/>
  <testcase name="WFCL_Rewards_Logout" time="265.779" classname="Mission_Critical.MC_PI_4"/>
  <testcase name="WFCL_Rewards_Logout" time="113.451" classname="Mission_Critical.MC_PI_4"/>
  <testcase name="WFCL_Rewards_Logout" time="168.959" classname="Mission_Critical.MC_PI_4"/>
  <testcase name="WFCL_Rewards_Logout" time="265.009" classname="Mission_Critical.MC_PI_4"/>
  <testcase name="WFCL_Rewards_Logout" time="57.238" classname="Mission_Critical.MC_PI_4"/>
  <testcase name="WFCL_Rewards_Logout" time="214.613" classname="Mission_Critical.MC_PI_4"/>
  <testcase name="WFCL_Rewards_Logout" time="240.402" classname="Mission_Critical.MC_PI_4"/>
  <testcase name="WFCL_Rewards_Logout" time="164.085" classname="Mission_Critical.MC_PI_4"/>
  <testcase name="WFCL_Rewards_Logout" time="117.045" classname="Mission_Critical.MC_PI_4"/>
  <testcase name="WFCL_Rewards_Logout" time="150.591" classname="Mission_Critical.MC_PI_4"/>
  <testcase name="WFCL_Rewards_Logout" time="275.040" classname="Mission_Critical.MC_PI_4"/>
  <testcase name="WFCL_Rewards_Logout" time="160.609" classname="Mission_Critical.MC_PI_4"/>
  <testcase name="WFCL_Rewards_Logout" time="216.108" classname="Mission_Critical.MC_PI_4"/>
  <testcase name="WFCL_Rewards_Logout" time="196.667" classname="Mission_Critical.MC_PI_4"/>
  <testcase name="WFCL_Rewards_Logout" time="89.065" classname="Mission_Critical.MC_PI_4"/>
  <testcase name="WFCL_Rewards_Logout" time="193.077" classname="Mission_Critical.MC_PI_4"/>
  <testcase name="WFCL_Rewards_Logout" time="197.673" classname="Mission_Critical.MC_PI_4"/>
  <testcase name="WFCL_Rewards_Logout" time="107.036" classname="Mission_Critical.MC_PI_4"/>
  <testcase name="WFCL_Rewards_Logout" time="111.430" classname="Mission_Critical.MC_PI_4"/>
  <testcase name="WFCL_Rewards_AEM_Link" classname="Mission_Critical.MC_PI_4">
    <skipped/>
  </testcase> <!-- WFCL_Rewards_AEM_Link -->
  <testcase name="WFCL_Rewards_Registration_APAC_AND_LAC" classname="Mission_Critical.MC_PI_4">
    <skipped/>
  </testcase> <!-- WFCL_Rewards_Registration_APAC_AND_LAC -->
  <testcase name="WFCL_Rewards_Login_APAC_AND_LAC" classname="Mission_Critical.MC_PI_4">
    <skipped/>
  </testcase> <!-- WFCL_Rewards_Login_APAC_AND_LAC -->
</testsuite> <!-- Mission_Critical.MC_PI_4 -->
