<?xml version="1.0" encoding="UTF-8"?>
<!-- Generated by org.testng.reporters.JUnitReportReporter -->
<testsuite skipped="0" hostname="WTC-5159473-l2" name="OADR_Application.OADR" tests="5" failures="0" timestamp="19 Apr 2019 22:51:57 GMT" time="777.552" errors="0">
  <testcase name="OADR_Apply_Discount_To_Account" time="138.606" classname="OADR_Application.OADR"/>
  <testcase name="OADR_Apply_Discount_To_Account" time="116.158" classname="OADR_Application.OADR"/>
  <testcase name="OADR_Apply_Discount_To_Account" time="154.328" classname="OADR_Application.OADR"/>
  <testcase name="OADR_Apply_Discount_To_Account" time="172.057" classname="OADR_Application.OADR"/>
  <testcase name="OADR_Apply_Discount_To_Account" time="196.403" classname="OADR_Application.OADR"/>
</testsuite> <!-- OADR_Application.OADR -->
