<?xml version="1.0" encoding="UTF-8"?>
<!-- Generated by org.testng.reporters.JUnitReportReporter -->
<testsuite skipped="0" hostname="WTC-5159473-l2" name="SupportClasses.Account_Lookup" tests="10" failures="0" timestamp="11 Mar 2019 15:35:36 GMT" time="34.301" errors="0">
  <testcase name="AccountCheck" time="10.968" classname="SupportClasses.Account_Lookup"/>
  <testcase name="AccountCheck" time="2.435" classname="SupportClasses.Account_Lookup"/>
  <testcase name="AccountCheck" time="2.673" classname="SupportClasses.Account_Lookup"/>
  <testcase name="AccountCheck" time="2.526" classname="SupportClasses.Account_Lookup"/>
  <testcase name="AccountCheck" time="2.229" classname="SupportClasses.Account_Lookup"/>
  <testcase name="AccountCheck" time="2.920" classname="SupportClasses.Account_Lookup"/>
  <testcase name="AccountCheck" time="2.399" classname="SupportClasses.Account_Lookup"/>
  <testcase name="AccountCheck" time="3.012" classname="SupportClasses.Account_Lookup"/>
  <testcase name="AccountCheck" time="2.561" classname="SupportClasses.Account_Lookup"/>
  <testcase name="AccountCheck" time="2.578" classname="SupportClasses.Account_Lookup"/>
</testsuite> <!-- SupportClasses.Account_Lookup -->
