<?xml version="1.0" encoding="UTF-8"?>
<!-- Generated by org.testng.reporters.JUnitReportReporter -->
<testsuite skipped="0" hostname="WTC-5159473-l2" name="Soap_Execution.ADAT" tests="28" failures="0" timestamp="08 Mar 2019 21:20:44 GMT" time="57.171" errors="0">
  <testcase name="ADAT_CreateUser" time="0.675" classname="Soap_Execution.ADAT"/>
  <testcase name="ADAT_CreateUser" time="0.645" classname="Soap_Execution.ADAT"/>
  <testcase name="ADAT_CreateUser" time="0.528" classname="Soap_Execution.ADAT"/>
  <testcase name="ADAT_CreateUser" time="0.528" classname="Soap_Execution.ADAT"/>
  <testcase name="ADAT_CreatePin" time="1.584" classname="Soap_Execution.ADAT"/>
  <testcase name="ADAT_CreatePin" time="1.578" classname="Soap_Execution.ADAT"/>
  <testcase name="ADAT_CreatePin" time="0.240" classname="Soap_Execution.ADAT"/>
  <testcase name="ADAT_CreatePin" time="0.189" classname="Soap_Execution.ADAT"/>
  <testcase name="ADAT_PostcardVelocity" time="4.528" classname="Soap_Execution.ADAT"/>
  <testcase name="ADAT_PostcardVelocity" time="0.566" classname="Soap_Execution.ADAT"/>
  <testcase name="ADAT_AddressVelocity" time="1.365" classname="Soap_Execution.ADAT"/>
  <testcase name="ADAT_PhoneVelocity" time="5.009" classname="Soap_Execution.ADAT"/>
  <testcase name="ADAT_AddressVelocity" time="1.362" classname="Soap_Execution.ADAT"/>
  <testcase name="ADAT_PostcardVelocity" time="0.545" classname="Soap_Execution.ADAT"/>
  <testcase name="ADAT_AddressVelocity" time="10.098" classname="Soap_Execution.ADAT"/>
  <testcase name="ADAT_PhoneVelocity" time="0.558" classname="Soap_Execution.ADAT"/>
  <testcase name="ADAT_PhoneVelocity" time="4.801" classname="Soap_Execution.ADAT"/>
  <testcase name="ADAT_PhoneVelocity" time="0.571" classname="Soap_Execution.ADAT"/>
  <testcase name="ADAT_PostcardVelocity" time="4.598" classname="Soap_Execution.ADAT"/>
  <testcase name="ADAT_AddressVelocity" time="10.343" classname="Soap_Execution.ADAT"/>
  <testcase name="ADAT_VerifyPin" time="0.229" classname="Soap_Execution.ADAT"/>
  <testcase name="ADAT_VerifyPin_Invalid" time="0.191" classname="Soap_Execution.ADAT"/>
  <testcase name="ADAT_VerifyPin_Invalid" time="1.696" classname="Soap_Execution.ADAT"/>
  <testcase name="ADAT_VerifyPin" time="0.274" classname="Soap_Execution.ADAT"/>
  <testcase name="ADAT_VerifyPin" time="1.272" classname="Soap_Execution.ADAT"/>
  <testcase name="ADAT_VerifyPin_Invalid" time="1.686" classname="Soap_Execution.ADAT"/>
  <testcase name="ADAT_VerifyPin_Invalid" time="0.191" classname="Soap_Execution.ADAT"/>
  <testcase name="ADAT_VerifyPin" time="1.321" classname="Soap_Execution.ADAT"/>
</testsuite> <!-- Soap_Execution.ADAT -->
