<?xml version="1.0" encoding="UTF-8"?>
<!-- Generated by org.testng.reporters.JUnitReportReporter -->
<testsuite skipped="0" hostname="WTC-5159473-l2" name="WDPA_Application.WDPA_SmokeTest" tests="1" failures="0" timestamp="17 May 2019 03:35:53 GMT" time="173.399" errors="0">
  <testcase name="WDPA_Express" time="173.399" classname="WDPA_Application.WDPA_SmokeTest"/>
</testsuite> <!-- WDPA_Application.WDPA_SmokeTest -->
