<?xml version="1.0" encoding="UTF-8"?>
<!-- Generated by org.testng.reporters.JUnitReportReporter -->
<testsuite skipped="0" hostname="WTC-5159473-l2" name="WPRL_Application.WPRL_SmokeTest" tests="5" failures="2" timestamp="16 Apr 2019 21:55:23 GMT" time="779.644" errors="0">
  <testcase name="WPRL_AccountManagement_NonPasskey" time="161.976" classname="WPRL_Application.WPRL_SmokeTest"/>
  <testcase name="WPRL_AccountManagement_Passkey" time="186.129" classname="WPRL_Application.WPRL_SmokeTest"/>
  <testcase name="WPRL_ContactInfo_NonAdmin" time="113.323" classname="WPRL_Application.WPRL_SmokeTest">
    <failure type="java.lang.AssertionError" message="Text not present.  By.id: ci_update - Your updates have been saved.">
      <![CDATA[java.lang.AssertionError: Text not present.  By.id: ci_update - Your updates have been saved.
at org.testng.Assert.fail(Assert.java:96)
at WPRL_Application.WPRL_SmokeTest.WPRL_ContactInfo_NonAdmin(WPRL_SmokeTest.java:122)
at sun.reflect.NativeMethodAccessorImpl.invoke0(Native Method)
at sun.reflect.NativeMethodAccessorImpl.invoke(Unknown Source)
at sun.reflect.DelegatingMethodAccessorImpl.invoke(Unknown Source)
at java.lang.reflect.Method.invoke(Unknown Source)
at org.testng.internal.MethodInvocationHelper.invokeMethod(MethodInvocationHelper.java:124)
at org.testng.internal.Invoker.invokeMethod(Invoker.java:580)
at org.testng.internal.Invoker.invokeTestMethod(Invoker.java:716)
at org.testng.internal.TestMethodWithDataProviderMethodWorker.call(TestMethodWithDataProviderMethodWorker.java:71)
at org.testng.internal.TestMethodWithDataProviderMethodWorker.call(TestMethodWithDataProviderMethodWorker.java:14)
at java.util.concurrent.FutureTask.run(Unknown Source)
at java.util.concurrent.Executors$RunnableAdapter.call(Unknown Source)
at java.util.concurrent.FutureTask.run(Unknown Source)
at java.util.concurrent.ThreadPoolExecutor.runWorker(Unknown Source)
at java.util.concurrent.ThreadPoolExecutor$Worker.run(Unknown Source)
at java.lang.Thread.run(Unknown Source)
]]>
    </failure>
  </testcase> <!-- WPRL_ContactInfo_NonAdmin -->
  <testcase name="WPRL_ContactInfo_Admin" time="103.679" classname="WPRL_Application.WPRL_SmokeTest">
    <failure type="java.lang.AssertionError" message="Text not present.  By.id: ci_update - Your updates have been saved.">
      <![CDATA[java.lang.AssertionError: Text not present.  By.id: ci_update - Your updates have been saved.
at org.testng.Assert.fail(Assert.java:96)
at WPRL_Application.WPRL_SmokeTest.WPRL_ContactInfo_Admin(WPRL_SmokeTest.java:109)
at sun.reflect.NativeMethodAccessorImpl.invoke0(Native Method)
at sun.reflect.NativeMethodAccessorImpl.invoke(Unknown Source)
at sun.reflect.DelegatingMethodAccessorImpl.invoke(Unknown Source)
at java.lang.reflect.Method.invoke(Unknown Source)
at org.testng.internal.MethodInvocationHelper.invokeMethod(MethodInvocationHelper.java:124)
at org.testng.internal.Invoker.invokeMethod(Invoker.java:580)
at org.testng.internal.Invoker.invokeTestMethod(Invoker.java:716)
at org.testng.internal.TestMethodWithDataProviderMethodWorker.call(TestMethodWithDataProviderMethodWorker.java:71)
at org.testng.internal.TestMethodWithDataProviderMethodWorker.call(TestMethodWithDataProviderMethodWorker.java:14)
at java.util.concurrent.FutureTask.run(Unknown Source)
at java.util.concurrent.Executors$RunnableAdapter.call(Unknown Source)
at java.util.concurrent.FutureTask.run(Unknown Source)
at java.util.concurrent.ThreadPoolExecutor.runWorker(Unknown Source)
at java.util.concurrent.ThreadPoolExecutor$Worker.run(Unknown Source)
at java.lang.Thread.run(Unknown Source)
]]>
    </failure>
  </testcase> <!-- WPRL_ContactInfo_Admin -->
  <testcase name="WPRL_FDM" time="214.537" classname="WPRL_Application.WPRL_SmokeTest"/>
</testsuite> <!-- WPRL_Application.WPRL_SmokeTest -->
