<?xml version="1.0" encoding="UTF-8"?>
<!-- Generated by org.testng.reporters.JUnitReportReporter -->
<testsuite skipped="3" hostname="WTC-5159473-l2" name="SoapExample.SoapAutomation" tests="4" failures="0" timestamp="07 Feb 2019 17:03:48 GMT" time="63.627" errors="0">
  <testcase name="testSoapBody" time="63.627" classname="SoapExample.SoapAutomation"/>
  <testcase name="ADAT_CreateUser" classname="SoapExample.SoapAutomation">
    <skipped/>
  </testcase> <!-- ADAT_CreateUser -->
  <testcase name="Soap_Test" classname="SoapExample.SoapAutomation">
    <skipped/>
  </testcase> <!-- Soap_Test -->
  <testcase name="Example" classname="SoapExample.SoapAutomation">
    <skipped/>
  </testcase> <!-- Example -->
</testsuite> <!-- SoapExample.SoapAutomation -->
