<?xml version="1.0" encoding="UTF-8"?>
<!-- Generated by org.testng.reporters.JUnitReportReporter -->
<testsuite skipped="0" hostname="WTC-5159473-l2" name="Mission_Critical.WFCL_SmokeTest" tests="1" failures="0" timestamp="08 Mar 2019 20:00:10 GMT" time="102.660" errors="0">
  <testcase name="UserRegistration_Account_Data" time="102.660" classname="Mission_Critical.WFCL_SmokeTest"/>
</testsuite> <!-- Mission_Critical.WFCL_SmokeTest -->
