<?xml version="1.0" encoding="UTF-8"?>
<!-- Generated by org.testng.reporters.JUnitReportReporter -->
<testsuite skipped="0" hostname="WTC-5159473-l2" name="WFCL_Application.WFCL_Manual_Helper" tests="1" failures="1" timestamp="12 Apr 2019 21:22:53 GMT" time="24.375" errors="0">
  <testcase name="AccountRegistration_INET_Test" time="24.375" classname="WFCL_Application.WFCL_Manual_Helper">
    <failure type="java.lang.AssertionError" message="Details not found">
      <![CDATA[java.lang.AssertionError: Details not found
at org.testng.Assert.fail(Assert.java:96)
at WFCL_Application.WFCL_Manual_Helper.AccountRegistration_INET_Test(WFCL_Manual_Helper.java:97)
at sun.reflect.NativeMethodAccessorImpl.invoke0(Native Method)
at sun.reflect.NativeMethodAccessorImpl.invoke(Unknown Source)
at sun.reflect.DelegatingMethodAccessorImpl.invoke(Unknown Source)
at java.lang.reflect.Method.invoke(Unknown Source)
at org.testng.internal.MethodInvocationHelper.invokeMethod(MethodInvocationHelper.java:124)
at org.testng.internal.Invoker.invokeMethod(Invoker.java:580)
at org.testng.internal.Invoker.invokeTestMethod(Invoker.java:716)
at org.testng.internal.TestMethodWithDataProviderMethodWorker.call(TestMethodWithDataProviderMethodWorker.java:71)
at org.testng.internal.TestMethodWithDataProviderMethodWorker.call(TestMethodWithDataProviderMethodWorker.java:14)
at java.util.concurrent.FutureTask.run(Unknown Source)
at java.util.concurrent.Executors$RunnableAdapter.call(Unknown Source)
at java.util.concurrent.FutureTask.run(Unknown Source)
at java.util.concurrent.ThreadPoolExecutor.runWorker(Unknown Source)
at java.util.concurrent.ThreadPoolExecutor$Worker.run(Unknown Source)
at java.lang.Thread.run(Unknown Source)
]]>
    </failure>
  </testcase> <!-- AccountRegistration_INET_Test -->
</testsuite> <!-- WFCL_Application.WFCL_Manual_Helper -->
