<?xml version="1.0" encoding="UTF-8"?>
<!-- Generated by org.testng.reporters.JUnitReportReporter -->
<testsuite skipped="0" hostname="WTC-5159473-l2" name="WFCL_Application.WFCL_SmokeTest" tests="1" failures="0" timestamp="11 Mar 2019 21:57:05 GMT" time="39.951" errors="0">
  <testcase name="AccountRegistration_WDPA" time="39.951" classname="WFCL_Application.WFCL_SmokeTest"/>
</testsuite> <!-- WFCL_Application.WFCL_SmokeTest -->
