<?xml version="1.0" encoding="UTF-8"?>
<!-- Generated by org.testng.reporters.JUnitReportReporter -->
<testsuite skipped="5" hostname="WTC-5159473-l2" name="Mission_Critical.MC_PI_4" tests="26" failures="0" timestamp="09 May 2019 16:05:13 GMT" time="1246.053" errors="0">
  <testcase name="WFCL_Rewards_APAC_AND_LAC_Country_Field" time="82.209" classname="Mission_Critical.MC_PI_4"/>
  <testcase name="WFCL_Rewards_APAC_AND_LAC_Country_Field" time="69.361" classname="Mission_Critical.MC_PI_4"/>
  <testcase name="WFCL_Rewards_APAC_AND_LAC_Country_Field" time="33.040" classname="Mission_Critical.MC_PI_4"/>
  <testcase name="WFCL_Rewards_APAC_AND_LAC_Country_Field" time="45.683" classname="Mission_Critical.MC_PI_4"/>
  <testcase name="WFCL_Rewards_APAC_AND_LAC_Country_Field" time="82.332" classname="Mission_Critical.MC_PI_4"/>
  <testcase name="WFCL_Rewards_APAC_AND_LAC_Country_Field" time="86.304" classname="Mission_Critical.MC_PI_4"/>
  <testcase name="WFCL_Rewards_APAC_AND_LAC_Country_Field" time="17.398" classname="Mission_Critical.MC_PI_4"/>
  <testcase name="WFCL_Rewards_APAC_AND_LAC_Country_Field" time="94.712" classname="Mission_Critical.MC_PI_4"/>
  <testcase name="WFCL_Rewards_APAC_AND_LAC_Country_Field" time="48.331" classname="Mission_Critical.MC_PI_4"/>
  <testcase name="WFCL_Rewards_APAC_AND_LAC_Country_Field" time="47.862" classname="Mission_Critical.MC_PI_4"/>
  <testcase name="WFCL_Rewards_APAC_AND_LAC_Country_Field" time="60.058" classname="Mission_Critical.MC_PI_4"/>
  <testcase name="WFCL_Rewards_APAC_AND_LAC_Country_Field" time="74.759" classname="Mission_Critical.MC_PI_4"/>
  <testcase name="WFCL_Rewards_APAC_AND_LAC_Country_Field" time="65.384" classname="Mission_Critical.MC_PI_4"/>
  <testcase name="WFCL_Rewards_APAC_AND_LAC_Country_Field" time="37.685" classname="Mission_Critical.MC_PI_4"/>
  <testcase name="WFCL_Rewards_APAC_AND_LAC_Country_Field" time="53.099" classname="Mission_Critical.MC_PI_4"/>
  <testcase name="WFCL_Rewards_APAC_AND_LAC_Country_Field" time="14.127" classname="Mission_Critical.MC_PI_4"/>
  <testcase name="WFCL_Rewards_APAC_AND_LAC_Country_Field" time="98.038" classname="Mission_Critical.MC_PI_4"/>
  <testcase name="WFCL_Rewards_APAC_AND_LAC_Country_Field" time="26.685" classname="Mission_Critical.MC_PI_4"/>
  <testcase name="WFCL_Rewards_APAC_AND_LAC_Country_Field" time="87.522" classname="Mission_Critical.MC_PI_4"/>
  <testcase name="WFCL_Rewards_APAC_AND_LAC_Country_Field" time="89.331" classname="Mission_Critical.MC_PI_4"/>
  <testcase name="WFCL_Rewards_APAC_AND_LAC_Country_Field" time="32.133" classname="Mission_Critical.MC_PI_4"/>
  <testcase name="WFCL_Rewards_Logout" classname="Mission_Critical.MC_PI_4">
    <skipped/>
  </testcase> <!-- WFCL_Rewards_Logout -->
  <testcase name="WFCL_Rewards_AEM_Link" classname="Mission_Critical.MC_PI_4">
    <skipped/>
  </testcase> <!-- WFCL_Rewards_AEM_Link -->
  <testcase name="WFCL_Rewards_Registration_APAC_AND_LAC_Mismatch" classname="Mission_Critical.MC_PI_4">
    <skipped/>
  </testcase> <!-- WFCL_Rewards_Registration_APAC_AND_LAC_Mismatch -->
  <testcase name="WFCL_Rewards_Registration_APAC_AND_LAC" classname="Mission_Critical.MC_PI_4">
    <skipped/>
  </testcase> <!-- WFCL_Rewards_Registration_APAC_AND_LAC -->
  <testcase name="WFCL_Rewards_Login_APAC_AND_LAC" classname="Mission_Critical.MC_PI_4">
    <skipped/>
  </testcase> <!-- WFCL_Rewards_Login_APAC_AND_LAC -->
</testsuite> <!-- Mission_Critical.MC_PI_4 -->
