<?xml version="1.0" encoding="UTF-8"?>
<!-- Generated by org.testng.reporters.JUnitReportReporter -->
<testsuite skipped="0" hostname="WTC-5159473-l2" name="AgileApplications.WIDM" tests="1" failures="0" timestamp="06 Dec 2018 18:03:51 GMT" time="41.613" errors="0">
  <testcase name="ResetPasswordWIDM_Email" time="41.613" classname="AgileApplications.WIDM"/>
</testsuite> <!-- AgileApplications.WIDM -->
