<?xml version="1.0" encoding="UTF-8"?>
<!-- Generated by org.testng.reporters.JUnitReportReporter -->
<testsuite skipped="0" hostname="WTC-5159473-l2" name="Mission_Critical.WFCL_New" tests="1" failures="0" timestamp="09 Jan 2019 22:03:37 GMT" time="50.996" errors="0">
  <testcase name="AccountRegistration_WDPA" time="50.996" classname="Mission_Critical.WFCL_New"/>
</testsuite> <!-- Mission_Critical.WFCL_New -->
