<?xml version="1.0" encoding="UTF-8"?>
<!-- Generated by org.testng.reporters.JUnitReportReporter -->
<testsuite skipped="0" hostname="WTC-5159473-l2" name="ADAT_Application.ADAT" tests="28" failures="0" timestamp="18 Apr 2019 15:42:03 GMT" time="86.136" errors="0">
  <testcase name="ADAT_CreateUser" time="0.687" classname="ADAT_Application.ADAT"/>
  <testcase name="ADAT_CreateUser" time="0.690" classname="ADAT_Application.ADAT"/>
  <testcase name="ADAT_CreateUser" time="0.872" classname="ADAT_Application.ADAT"/>
  <testcase name="ADAT_CreateUser" time="0.932" classname="ADAT_Application.ADAT"/>
  <testcase name="ADAT_CreatePin" time="0.210" classname="ADAT_Application.ADAT"/>
  <testcase name="ADAT_CreatePin" time="1.781" classname="ADAT_Application.ADAT"/>
  <testcase name="ADAT_CreatePin" time="0.205" classname="ADAT_Application.ADAT"/>
  <testcase name="ADAT_CreatePin" time="1.763" classname="ADAT_Application.ADAT"/>
  <testcase name="ADAT_AddressVelocity" time="1.612" classname="ADAT_Application.ADAT"/>
  <testcase name="ADAT_AddressVelocity" time="13.278" classname="ADAT_Application.ADAT"/>
  <testcase name="ADAT_AddressVelocity" time="14.251" classname="ADAT_Application.ADAT"/>
  <testcase name="ADAT_PostcardVelocity" time="0.676" classname="ADAT_Application.ADAT"/>
  <testcase name="ADAT_PhoneVelocity" time="0.629" classname="ADAT_Application.ADAT"/>
  <testcase name="ADAT_PostcardVelocity" time="0.663" classname="ADAT_Application.ADAT"/>
  <testcase name="ADAT_PostcardVelocity" time="7.910" classname="ADAT_Application.ADAT"/>
  <testcase name="ADAT_PostcardVelocity" time="8.779" classname="ADAT_Application.ADAT"/>
  <testcase name="ADAT_PhoneVelocity" time="0.714" classname="ADAT_Application.ADAT"/>
  <testcase name="ADAT_PhoneVelocity" time="7.864" classname="ADAT_Application.ADAT"/>
  <testcase name="ADAT_AddressVelocity" time="1.461" classname="ADAT_Application.ADAT"/>
  <testcase name="ADAT_PhoneVelocity" time="8.559" classname="ADAT_Application.ADAT"/>
  <testcase name="ADAT_VerifyPin" time="0.361" classname="ADAT_Application.ADAT"/>
  <testcase name="ADAT_VerifyPin_Invalid" time="0.438" classname="ADAT_Application.ADAT"/>
  <testcase name="ADAT_VerifyPin_Invalid" time="2.829" classname="ADAT_Application.ADAT"/>
  <testcase name="ADAT_VerifyPin" time="2.288" classname="ADAT_Application.ADAT"/>
  <testcase name="ADAT_VerifyPin_Invalid" time="2.891" classname="ADAT_Application.ADAT"/>
  <testcase name="ADAT_VerifyPin" time="0.345" classname="ADAT_Application.ADAT"/>
  <testcase name="ADAT_VerifyPin_Invalid" time="0.333" classname="ADAT_Application.ADAT"/>
  <testcase name="ADAT_VerifyPin" time="3.115" classname="ADAT_Application.ADAT"/>
</testsuite> <!-- ADAT_Application.ADAT -->
