<?xml version="1.0" encoding="UTF-8"?>
<!-- Generated by org.testng.reporters.JUnitReportReporter -->
<testsuite skipped="0" hostname="WTC-5159473-l2" name="CXS_Support.USRC_General" tests="2" failures="0" timestamp="09 Jan 2019 22:57:10 GMT" time="0.590" errors="0">
  <testcase name="CheckLogin" time="0.229" classname="CXS_Support.USRC_General"/>
  <testcase name="CheckLogin" time="0.361" classname="CXS_Support.USRC_General"/>
</testsuite> <!-- CXS_Support.USRC_General -->
