<?xml version="1.0" encoding="UTF-8"?>
<!-- Generated by org.testng.reporters.JUnitReportReporter -->
<testsuite skipped="0" hostname="WTC-5159473-l2" name="SupportClasses.Create_Accounts" tests="1" failures="0" timestamp="12 Apr 2019 21:16:56 GMT" time="98.504" errors="0">
  <testcase name="Account_Creation" time="98.504" classname="SupportClasses.Create_Accounts"/>
</testsuite> <!-- SupportClasses.Create_Accounts -->
