<?xml version="1.0" encoding="UTF-8"?>
<!-- Generated by org.testng.reporters.JUnitReportReporter -->
<testsuite skipped="0" hostname="WTC-5159473-l2" name="Soap_Execution.ADAT" tests="28" failures="0" timestamp="12 Mar 2019 15:48:00 GMT" time="62.047" errors="0">
  <testcase name="ADAT_CreateUser" time="0.740" classname="Soap_Execution.ADAT"/>
  <testcase name="ADAT_CreateUser" time="0.502" classname="Soap_Execution.ADAT"/>
  <testcase name="ADAT_CreateUser" time="0.502" classname="Soap_Execution.ADAT"/>
  <testcase name="ADAT_CreateUser" time="0.765" classname="Soap_Execution.ADAT"/>
  <testcase name="ADAT_CreatePin" time="1.543" classname="Soap_Execution.ADAT"/>
  <testcase name="ADAT_CreatePin" time="1.548" classname="Soap_Execution.ADAT"/>
  <testcase name="ADAT_CreatePin" time="0.201" classname="Soap_Execution.ADAT"/>
  <testcase name="ADAT_CreatePin" time="0.196" classname="Soap_Execution.ADAT"/>
  <testcase name="ADAT_PhoneVelocity" time="5.412" classname="Soap_Execution.ADAT"/>
  <testcase name="ADAT_PostcardVelocity" time="5.792" classname="Soap_Execution.ADAT"/>
  <testcase name="ADAT_AddressVelocity" time="10.297" classname="Soap_Execution.ADAT"/>
  <testcase name="ADAT_AddressVelocity" time="10.289" classname="Soap_Execution.ADAT"/>
  <testcase name="ADAT_PostcardVelocity" time="5.954" classname="Soap_Execution.ADAT"/>
  <testcase name="ADAT_PostcardVelocity" time="0.615" classname="Soap_Execution.ADAT"/>
  <testcase name="ADAT_AddressVelocity" time="1.362" classname="Soap_Execution.ADAT"/>
  <testcase name="ADAT_PhoneVelocity" time="5.418" classname="Soap_Execution.ADAT"/>
  <testcase name="ADAT_PhoneVelocity" time="0.598" classname="Soap_Execution.ADAT"/>
  <testcase name="ADAT_PostcardVelocity" time="0.591" classname="Soap_Execution.ADAT"/>
  <testcase name="ADAT_PhoneVelocity" time="0.593" classname="Soap_Execution.ADAT"/>
  <testcase name="ADAT_AddressVelocity" time="1.433" classname="Soap_Execution.ADAT"/>
  <testcase name="ADAT_VerifyPin_Invalid" time="1.140" classname="Soap_Execution.ADAT"/>
  <testcase name="ADAT_VerifyPin" time="0.303" classname="Soap_Execution.ADAT"/>
  <testcase name="ADAT_VerifyPin" time="1.983" classname="Soap_Execution.ADAT"/>
  <testcase name="ADAT_VerifyPin_Invalid" time="0.297" classname="Soap_Execution.ADAT"/>
  <testcase name="ADAT_VerifyPin" time="2.140" classname="Soap_Execution.ADAT"/>
  <testcase name="ADAT_VerifyPin_Invalid" time="0.219" classname="Soap_Execution.ADAT"/>
  <testcase name="ADAT_VerifyPin" time="0.332" classname="Soap_Execution.ADAT"/>
  <testcase name="ADAT_VerifyPin_Invalid" time="1.282" classname="Soap_Execution.ADAT"/>
</testsuite> <!-- Soap_Execution.ADAT -->
