<?xml version="1.0" encoding="UTF-8"?>
<!-- Generated by org.testng.reporters.JUnitReportReporter -->
<testsuite skipped="2" hostname="WTC-5159473-l2" name="WFCL_Application.WFCL_New" tests="3" failures="0" timestamp="12 Mar 2019 14:56:45 GMT" time="189.743" errors="0">
  <testcase name="CreditCardRegistrationEnroll" time="189.743" classname="WFCL_Application.WFCL_New"/>
  <testcase name="Link_account_to_user" classname="WFCL_Application.WFCL_New">
    <skipped/>
  </testcase> <!-- Link_account_to_user -->
  <testcase name="UserRegistration_Account_Data_Captcha" classname="WFCL_Application.WFCL_New">
    <skipped/>
  </testcase> <!-- UserRegistration_Account_Data_Captcha -->
</testsuite> <!-- WFCL_Application.WFCL_New -->
