<?xml version="1.0" encoding="UTF-8"?>
<!-- Generated by org.testng.reporters.JUnitReportReporter -->
<testsuite skipped="0" hostname="WTC-5159473-l2" name="AgileApplications.WIDM" tests="4" failures="0" timestamp="07 Dec 2018 22:56:05 GMT" time="320.166" errors="0">
  <testcase name="WIDM_Registration" time="87.452" classname="AgileApplications.WIDM"/>
  <testcase name="WIDM_Registration" time="58.664" classname="AgileApplications.WIDM"/>
  <testcase name="WIDM_Registration" time="78.346" classname="AgileApplications.WIDM"/>
  <testcase name="WIDM_Registration" time="95.704" classname="AgileApplications.WIDM"/>
</testsuite> <!-- AgileApplications.WIDM -->
