<?xml version="1.0" encoding="UTF-8"?>
<!-- Generated by org.testng.reporters.JUnitReportReporter -->
<testsuite skipped="0" hostname="WTC-5159473-l2" name="WRTT_Application.WRTT_SmokeTest" tests="6" failures="0" timestamp="08 May 2019 21:22:07 GMT" time="506.849" errors="0">
  <testcase name="WRTT_Rate_Sheet" time="89.510" classname="WRTT_Application.WRTT_SmokeTest"/>
  <testcase name="WRTT_Rate_Sheet" time="96.366" classname="WRTT_Application.WRTT_SmokeTest"/>
  <testcase name="WRTT_Rate_Sheet" time="112.331" classname="WRTT_Application.WRTT_SmokeTest"/>
  <testcase name="WRTT_Rate_Sheet" time="62.498" classname="WRTT_Application.WRTT_SmokeTest"/>
  <testcase name="WRTT_SpalshPage_eCRV" time="57.829" classname="WRTT_Application.WRTT_SmokeTest"/>
  <testcase name="WRTT_eCRV_WRTTLink" time="88.315" classname="WRTT_Application.WRTT_SmokeTest"/>
</testsuite> <!-- WRTT_Application.WRTT_SmokeTest -->
