<?xml version="1.0" encoding="UTF-8"?>
<!-- Generated by org.testng.reporters.JUnitReportReporter -->
<testsuite skipped="0" hostname="WTC-5159473-l2" name="WIDM_Application.WIDM_SmokeTest" tests="9" failures="0" timestamp="14 Jun 2019 21:36:31 GMT" time="777.339" errors="0">
  <testcase name="WIDM_Login" time="87.724" classname="WIDM_Application.WIDM_SmokeTest"/>
  <testcase name="WIDM_AAAUserCreate" time="6.212" classname="WIDM_Application.WIDM_SmokeTest"/>
  <testcase name="WIDM_ResetPassword_Email" time="73.410" classname="WIDM_Application.WIDM_SmokeTest"/>
  <testcase name="WIDM_Login" time="107.795" classname="WIDM_Application.WIDM_SmokeTest"/>
  <testcase name="WIDM_ForgotUserID" time="157.324" classname="WIDM_Application.WIDM_SmokeTest"/>
  <testcase name="WIDM_ResetPasswordSecret" time="123.015" classname="WIDM_Application.WIDM_SmokeTest"/>
  <testcase name="WIDM_Registration" time="64.826" classname="WIDM_Application.WIDM_SmokeTest"/>
  <testcase name="WIDM_RegistrationEFWS" time="30.049" classname="WIDM_Application.WIDM_SmokeTest"/>
  <testcase name="WIDM_Registration_ErrorMessages" time="126.984" classname="WIDM_Application.WIDM_SmokeTest"/>
</testsuite> <!-- WIDM_Application.WIDM_SmokeTest -->
