<?xml version="1.0" encoding="UTF-8"?>
<!-- Generated by org.testng.reporters.JUnitReportReporter -->
<testsuite skipped="0" hostname="WTC-5159473-l2" name="WIDM_Application.WIDM_SmokeTest" tests="6" failures="0" timestamp="12 Mar 2019 21:44:01 GMT" time="575.683" errors="0">
  <testcase name="WIDM_Registration" time="123.248" classname="WIDM_Application.WIDM_SmokeTest"/>
  <testcase name="WIDM_ResetPasswordSecret" time="122.688" classname="WIDM_Application.WIDM_SmokeTest"/>
  <testcase name="WIDM_RegistrationEFWS" time="78.645" classname="WIDM_Application.WIDM_SmokeTest"/>
  <testcase name="WIDM_ForgotUserID" time="35.692" classname="WIDM_Application.WIDM_SmokeTest"/>
  <testcase name="WIDM_Registration_ErrorMessages" time="119.314" classname="WIDM_Application.WIDM_SmokeTest"/>
  <testcase name="ResetPasswordWIDM_Email" time="96.096" classname="WIDM_Application.WIDM_SmokeTest"/>
</testsuite> <!-- WIDM_Application.WIDM_SmokeTest -->
