<?xml version="1.0" encoding="UTF-8"?>
<!-- Generated by org.testng.reporters.JUnitReportReporter -->
<testsuite skipped="0" hostname="WTC-5159473-l2" name="WDPA_Application.WDPA_SmokeTest" tests="5" failures="0" timestamp="01 Apr 2019 16:02:29 GMT" time="666.156" errors="0">
  <testcase name="Pickup_Ground" time="190.802" classname="WDPA_Application.WDPA_SmokeTest"/>
  <testcase name="Pickup_Express" time="132.648" classname="WDPA_Application.WDPA_SmokeTest"/>
  <testcase name="Pickup_LTLFreight_Anonymous" time="57.140" classname="WDPA_Application.WDPA_SmokeTest"/>
  <testcase name="Pickup_LTLFreight" time="164.874" classname="WDPA_Application.WDPA_SmokeTest"/>
  <testcase name="Pickup_ExpressFreight" time="120.692" classname="WDPA_Application.WDPA_SmokeTest"/>
</testsuite> <!-- WDPA_Application.WDPA_SmokeTest -->
