<?xml version="1.0" encoding="UTF-8"?>
<!-- Generated by org.testng.reporters.JUnitReportReporter -->
<testsuite skipped="0" hostname="WTC-5159473-l2" name="IPAS_Application.IPAS_Invitation" tests="3" failures="0" timestamp="16 Jun 2019 07:00:08 GMT" time="337.720" errors="0">
  <testcase name="IPAS_Invitation_Attempt" time="101.510" classname="IPAS_Application.IPAS_Invitation"/>
  <testcase name="IPAS_Invitation_Attempt" time="101.165" classname="IPAS_Application.IPAS_Invitation"/>
  <testcase name="IPAS_Invitation_Attempt" time="135.045" classname="IPAS_Application.IPAS_Invitation"/>
</testsuite> <!-- IPAS_Application.IPAS_Invitation -->
