<?xml version="1.0" encoding="UTF-8"?>
<!-- Generated by org.testng.reporters.JUnitReportReporter -->
<testsuite skipped="0" hostname="WTC-5159473-l2" name="WaterfallApplications.WRTT" tests="6" failures="0" timestamp="05 Dec 2018 19:48:34 GMT" time="313.454" errors="0">
  <testcase name="WRTT_Rate_Sheet" time="27.712" classname="WaterfallApplications.WRTT"/>
  <testcase name="WRTT_Rate_Sheet" time="73.575" classname="WaterfallApplications.WRTT"/>
  <testcase name="WRTT_Rate_Sheet" time="60.847" classname="WaterfallApplications.WRTT"/>
  <testcase name="WRTT_Rate_Sheet" time="33.519" classname="WaterfallApplications.WRTT"/>
  <testcase name="WRTT_SpalshPage_eCRV" time="41.969" classname="WaterfallApplications.WRTT"/>
  <testcase name="WRTT_eCRV_Page" time="75.832" classname="WaterfallApplications.WRTT"/>
</testsuite> <!-- WaterfallApplications.WRTT -->
