<?xml version="1.0" encoding="UTF-8"?>
<!-- Generated by org.testng.reporters.JUnitReportReporter -->
<testsuite skipped="2" hostname="WTC-5159473-l2" name="USRC_Application.USRC_General" tests="18" failures="0" timestamp="03 Apr 2019 21:37:53 GMT" time="53.212" errors="0">
  <testcase name="CheckLogin" time="4.372" classname="USRC_Application.USRC_General"/>
  <testcase name="CheckLogin" time="1.655" classname="USRC_Application.USRC_General"/>
  <testcase name="CheckLogin" time="2.187" classname="USRC_Application.USRC_General"/>
  <testcase name="CheckLogin" time="2.078" classname="USRC_Application.USRC_General"/>
  <testcase name="CheckLogin" time="2.090" classname="USRC_Application.USRC_General"/>
  <testcase name="CheckLogin" time="4.539" classname="USRC_Application.USRC_General"/>
  <testcase name="CheckLogin" time="4.630" classname="USRC_Application.USRC_General"/>
  <testcase name="CheckLogin" time="4.132" classname="USRC_Application.USRC_General"/>
  <testcase name="CheckLogin" time="1.896" classname="USRC_Application.USRC_General"/>
  <testcase name="CheckLogin" time="3.266" classname="USRC_Application.USRC_General"/>
  <testcase name="CheckLogin" time="4.819" classname="USRC_Application.USRC_General"/>
  <testcase name="CheckLogin" time="4.253" classname="USRC_Application.USRC_General"/>
  <testcase name="CheckLogin" time="1.950" classname="USRC_Application.USRC_General"/>
  <testcase name="CheckLogin" time="3.193" classname="USRC_Application.USRC_General"/>
  <testcase name="CheckLogin" time="4.894" classname="USRC_Application.USRC_General"/>
  <testcase name="CheckLogin" time="3.258" classname="USRC_Application.USRC_General"/>
  <testcase name="CreateUsers_AddressDetails" classname="USRC_Application.USRC_General">
    <skipped/>
  </testcase> <!-- CreateUsers_AddressDetails -->
  <testcase name="CreateUsers" classname="USRC_Application.USRC_General">
    <skipped/>
  </testcase> <!-- CreateUsers -->
</testsuite> <!-- USRC_Application.USRC_General -->
