<?xml version="1.0" encoding="UTF-8"?>
<!-- Generated by org.testng.reporters.JUnitReportReporter -->
<testsuite skipped="3" hostname="WTC-5159473-l2" name="USRC_Application.USRC_TestData_Update" tests="288" failures="0" timestamp="19 Jun 2019 14:58:11 GMT" time="1592.631" errors="0">
  <testcase name="Check_WCRV_Status" time="2.983" classname="USRC_Application.USRC_TestData_Update"/>
  <testcase name="Check_WCRV_Status" time="1.965" classname="USRC_Application.USRC_TestData_Update"/>
  <testcase name="Check_WCRV_Status" time="24.090" classname="USRC_Application.USRC_TestData_Update"/>
  <testcase name="Check_WCRV_Status" time="3.318" classname="USRC_Application.USRC_TestData_Update"/>
  <testcase name="Check_WCRV_Status" time="10.584" classname="USRC_Application.USRC_TestData_Update"/>
  <testcase name="Check_WCRV_Status" time="3.027" classname="USRC_Application.USRC_TestData_Update"/>
  <testcase name="Check_WCRV_Status" time="1.445" classname="USRC_Application.USRC_TestData_Update"/>
  <testcase name="Check_WCRV_Status" time="2.728" classname="USRC_Application.USRC_TestData_Update"/>
  <testcase name="Check_WCRV_Status" time="1.639" classname="USRC_Application.USRC_TestData_Update"/>
  <testcase name="Check_WCRV_Status" time="3.110" classname="USRC_Application.USRC_TestData_Update"/>
  <testcase name="Check_WCRV_Status" time="3.027" classname="USRC_Application.USRC_TestData_Update"/>
  <testcase name="Check_WCRV_Status" time="28.576" classname="USRC_Application.USRC_TestData_Update"/>
  <testcase name="Check_WCRV_Status" time="1.814" classname="USRC_Application.USRC_TestData_Update"/>
  <testcase name="Check_WCRV_Status" time="2.244" classname="USRC_Application.USRC_TestData_Update"/>
  <testcase name="Check_WCRV_Status" time="3.118" classname="USRC_Application.USRC_TestData_Update"/>
  <testcase name="Check_WCRV_Status" time="3.258" classname="USRC_Application.USRC_TestData_Update"/>
  <testcase name="Check_WCRV_Status" time="3.471" classname="USRC_Application.USRC_TestData_Update"/>
  <testcase name="Check_WCRV_Status" time="4.965" classname="USRC_Application.USRC_TestData_Update"/>
  <testcase name="Check_WCRV_Status" time="2.077" classname="USRC_Application.USRC_TestData_Update"/>
  <testcase name="Check_WCRV_Status" time="2.038" classname="USRC_Application.USRC_TestData_Update"/>
  <testcase name="Check_WCRV_Status" time="2.711" classname="USRC_Application.USRC_TestData_Update"/>
  <testcase name="Check_WCRV_Status" time="5.602" classname="USRC_Application.USRC_TestData_Update"/>
  <testcase name="Check_WCRV_Status" time="4.188" classname="USRC_Application.USRC_TestData_Update"/>
  <testcase name="Check_WCRV_Status" time="6.458" classname="USRC_Application.USRC_TestData_Update"/>
  <testcase name="Check_WCRV_Status" time="1.445" classname="USRC_Application.USRC_TestData_Update"/>
  <testcase name="Check_WCRV_Status" time="4.762" classname="USRC_Application.USRC_TestData_Update"/>
  <testcase name="Check_WCRV_Status" time="4.495" classname="USRC_Application.USRC_TestData_Update"/>
  <testcase name="Check_WCRV_Status" time="2.002" classname="USRC_Application.USRC_TestData_Update"/>
  <testcase name="Check_WCRV_Status" time="2.454" classname="USRC_Application.USRC_TestData_Update"/>
  <testcase name="Check_WCRV_Status" time="3.633" classname="USRC_Application.USRC_TestData_Update"/>
  <testcase name="Check_WCRV_Status" time="3.050" classname="USRC_Application.USRC_TestData_Update"/>
  <testcase name="Check_WCRV_Status" time="3.729" classname="USRC_Application.USRC_TestData_Update"/>
  <testcase name="Check_WCRV_Status" time="10.487" classname="USRC_Application.USRC_TestData_Update"/>
  <testcase name="Check_WCRV_Status" time="2.252" classname="USRC_Application.USRC_TestData_Update"/>
  <testcase name="Check_WCRV_Status" time="1.689" classname="USRC_Application.USRC_TestData_Update"/>
  <testcase name="Check_WCRV_Status" time="2.479" classname="USRC_Application.USRC_TestData_Update"/>
  <testcase name="Check_WCRV_Status" time="3.318" classname="USRC_Application.USRC_TestData_Update"/>
  <testcase name="Check_WCRV_Status" time="3.631" classname="USRC_Application.USRC_TestData_Update"/>
  <testcase name="Check_WCRV_Status" time="1.794" classname="USRC_Application.USRC_TestData_Update"/>
  <testcase name="Check_WCRV_Status" time="5.070" classname="USRC_Application.USRC_TestData_Update"/>
  <testcase name="Check_WCRV_Status" time="4.707" classname="USRC_Application.USRC_TestData_Update"/>
  <testcase name="Check_WCRV_Status" time="2.898" classname="USRC_Application.USRC_TestData_Update"/>
  <testcase name="Check_WCRV_Status" time="43.864" classname="USRC_Application.USRC_TestData_Update"/>
  <testcase name="Check_WCRV_Status" time="2.314" classname="USRC_Application.USRC_TestData_Update"/>
  <testcase name="Check_WCRV_Status" time="3.516" classname="USRC_Application.USRC_TestData_Update"/>
  <testcase name="Check_WCRV_Status" time="2.813" classname="USRC_Application.USRC_TestData_Update"/>
  <testcase name="Check_WCRV_Status" time="2.773" classname="USRC_Application.USRC_TestData_Update"/>
  <testcase name="Check_WCRV_Status" time="2.925" classname="USRC_Application.USRC_TestData_Update"/>
  <testcase name="Check_WCRV_Status" time="4.936" classname="USRC_Application.USRC_TestData_Update"/>
  <testcase name="Check_WCRV_Status" time="3.023" classname="USRC_Application.USRC_TestData_Update"/>
  <testcase name="Check_WCRV_Status" time="1.956" classname="USRC_Application.USRC_TestData_Update"/>
  <testcase name="Check_WCRV_Status" time="2.497" classname="USRC_Application.USRC_TestData_Update"/>
  <testcase name="Check_WCRV_Status" time="3.808" classname="USRC_Application.USRC_TestData_Update"/>
  <testcase name="Check_WCRV_Status" time="1.385" classname="USRC_Application.USRC_TestData_Update"/>
  <testcase name="Check_WCRV_Status" time="3.120" classname="USRC_Application.USRC_TestData_Update"/>
  <testcase name="Check_WCRV_Status" time="2.859" classname="USRC_Application.USRC_TestData_Update"/>
  <testcase name="Check_WCRV_Status" time="1.699" classname="USRC_Application.USRC_TestData_Update"/>
  <testcase name="Check_WCRV_Status" time="11.358" classname="USRC_Application.USRC_TestData_Update"/>
  <testcase name="Check_WCRV_Status" time="43.759" classname="USRC_Application.USRC_TestData_Update"/>
  <testcase name="Check_WCRV_Status" time="3.044" classname="USRC_Application.USRC_TestData_Update"/>
  <testcase name="Check_WCRV_Status" time="2.608" classname="USRC_Application.USRC_TestData_Update"/>
  <testcase name="Check_WCRV_Status" time="3.196" classname="USRC_Application.USRC_TestData_Update"/>
  <testcase name="Check_WCRV_Status" time="2.584" classname="USRC_Application.USRC_TestData_Update"/>
  <testcase name="Check_WCRV_Status" time="2.534" classname="USRC_Application.USRC_TestData_Update"/>
  <testcase name="Check_WCRV_Status" time="1.379" classname="USRC_Application.USRC_TestData_Update"/>
  <testcase name="Check_WCRV_Status" time="1.686" classname="USRC_Application.USRC_TestData_Update"/>
  <testcase name="Check_WCRV_Status" time="1.462" classname="USRC_Application.USRC_TestData_Update"/>
  <testcase name="Check_WCRV_Status" time="3.064" classname="USRC_Application.USRC_TestData_Update"/>
  <testcase name="Check_WCRV_Status" time="10.750" classname="USRC_Application.USRC_TestData_Update"/>
  <testcase name="Check_WCRV_Status" time="5.072" classname="USRC_Application.USRC_TestData_Update"/>
  <testcase name="Check_WCRV_Status" time="4.840" classname="USRC_Application.USRC_TestData_Update"/>
  <testcase name="Check_WCRV_Status" time="3.479" classname="USRC_Application.USRC_TestData_Update"/>
  <testcase name="Check_WCRV_Status" time="1.377" classname="USRC_Application.USRC_TestData_Update"/>
  <testcase name="Check_WCRV_Status" time="3.222" classname="USRC_Application.USRC_TestData_Update"/>
  <testcase name="Check_WCRV_Status" time="1.593" classname="USRC_Application.USRC_TestData_Update"/>
  <testcase name="Check_WCRV_Status" time="3.430" classname="USRC_Application.USRC_TestData_Update"/>
  <testcase name="Check_WCRV_Status" time="1.726" classname="USRC_Application.USRC_TestData_Update"/>
  <testcase name="Check_WCRV_Status" time="3.145" classname="USRC_Application.USRC_TestData_Update"/>
  <testcase name="Check_WCRV_Status" time="3.694" classname="USRC_Application.USRC_TestData_Update"/>
  <testcase name="Check_WCRV_Status" time="1.397" classname="USRC_Application.USRC_TestData_Update"/>
  <testcase name="Check_WCRV_Status" time="3.031" classname="USRC_Application.USRC_TestData_Update"/>
  <testcase name="Check_WCRV_Status" time="2.580" classname="USRC_Application.USRC_TestData_Update"/>
  <testcase name="Check_WCRV_Status" time="3.683" classname="USRC_Application.USRC_TestData_Update"/>
  <testcase name="Check_WCRV_Status" time="2.173" classname="USRC_Application.USRC_TestData_Update"/>
  <testcase name="Check_WCRV_Status" time="2.679" classname="USRC_Application.USRC_TestData_Update"/>
  <testcase name="Check_WCRV_Status" time="2.331" classname="USRC_Application.USRC_TestData_Update"/>
  <testcase name="Check_WCRV_Status" time="3.331" classname="USRC_Application.USRC_TestData_Update"/>
  <testcase name="Check_WCRV_Status" time="2.565" classname="USRC_Application.USRC_TestData_Update"/>
  <testcase name="Check_WCRV_Status" time="3.526" classname="USRC_Application.USRC_TestData_Update"/>
  <testcase name="Check_WCRV_Status" time="27.502" classname="USRC_Application.USRC_TestData_Update"/>
  <testcase name="Check_WCRV_Status" time="5.029" classname="USRC_Application.USRC_TestData_Update"/>
  <testcase name="Check_WCRV_Status" time="4.251" classname="USRC_Application.USRC_TestData_Update"/>
  <testcase name="Check_WCRV_Status" time="3.178" classname="USRC_Application.USRC_TestData_Update"/>
  <testcase name="Check_WCRV_Status" time="1.733" classname="USRC_Application.USRC_TestData_Update"/>
  <testcase name="Check_WCRV_Status" time="1.313" classname="USRC_Application.USRC_TestData_Update"/>
  <testcase name="Check_WCRV_Status" time="2.716" classname="USRC_Application.USRC_TestData_Update"/>
  <testcase name="Check_WCRV_Status" time="43.951" classname="USRC_Application.USRC_TestData_Update"/>
  <testcase name="Check_WCRV_Status" time="3.761" classname="USRC_Application.USRC_TestData_Update"/>
  <testcase name="Check_WCRV_Status" time="11.331" classname="USRC_Application.USRC_TestData_Update"/>
  <testcase name="Check_WCRV_Status" time="3.197" classname="USRC_Application.USRC_TestData_Update"/>
  <testcase name="Check_WCRV_Status" time="1.714" classname="USRC_Application.USRC_TestData_Update"/>
  <testcase name="Check_WCRV_Status" time="41.758" classname="USRC_Application.USRC_TestData_Update"/>
  <testcase name="Check_WCRV_Status" time="3.660" classname="USRC_Application.USRC_TestData_Update"/>
  <testcase name="Check_WCRV_Status" time="2.902" classname="USRC_Application.USRC_TestData_Update"/>
  <testcase name="Check_WCRV_Status" time="3.705" classname="USRC_Application.USRC_TestData_Update"/>
  <testcase name="Check_WCRV_Status" time="2.953" classname="USRC_Application.USRC_TestData_Update"/>
  <testcase name="Check_WCRV_Status" time="1.483" classname="USRC_Application.USRC_TestData_Update"/>
  <testcase name="Check_WCRV_Status" time="2.557" classname="USRC_Application.USRC_TestData_Update"/>
  <testcase name="Check_WCRV_Status" time="2.751" classname="USRC_Application.USRC_TestData_Update"/>
  <testcase name="Check_WCRV_Status" time="2.982" classname="USRC_Application.USRC_TestData_Update"/>
  <testcase name="Check_WCRV_Status" time="2.742" classname="USRC_Application.USRC_TestData_Update"/>
  <testcase name="Check_WCRV_Status" time="2.536" classname="USRC_Application.USRC_TestData_Update"/>
  <testcase name="Check_WCRV_Status" time="2.006" classname="USRC_Application.USRC_TestData_Update"/>
  <testcase name="Check_WCRV_Status" time="1.990" classname="USRC_Application.USRC_TestData_Update"/>
  <testcase name="Check_WCRV_Status" time="2.739" classname="USRC_Application.USRC_TestData_Update"/>
  <testcase name="Check_WCRV_Status" time="2.664" classname="USRC_Application.USRC_TestData_Update"/>
  <testcase name="Check_WCRV_Status" time="27.817" classname="USRC_Application.USRC_TestData_Update"/>
  <testcase name="Check_WCRV_Status" time="2.895" classname="USRC_Application.USRC_TestData_Update"/>
  <testcase name="Check_WCRV_Status" time="2.537" classname="USRC_Application.USRC_TestData_Update"/>
  <testcase name="Check_WCRV_Status" time="2.963" classname="USRC_Application.USRC_TestData_Update"/>
  <testcase name="Check_WCRV_Status" time="2.883" classname="USRC_Application.USRC_TestData_Update"/>
  <testcase name="Check_WCRV_Status" time="2.333" classname="USRC_Application.USRC_TestData_Update"/>
  <testcase name="Check_WCRV_Status" time="1.417" classname="USRC_Application.USRC_TestData_Update"/>
  <testcase name="Check_WCRV_Status" time="1.420" classname="USRC_Application.USRC_TestData_Update"/>
  <testcase name="Check_WCRV_Status" time="38.798" classname="USRC_Application.USRC_TestData_Update"/>
  <testcase name="Check_WCRV_Status" time="5.834" classname="USRC_Application.USRC_TestData_Update"/>
  <testcase name="Check_WCRV_Status" time="5.664" classname="USRC_Application.USRC_TestData_Update"/>
  <testcase name="Check_WCRV_Status" time="1.454" classname="USRC_Application.USRC_TestData_Update"/>
  <testcase name="Check_WCRV_Status" time="5.584" classname="USRC_Application.USRC_TestData_Update"/>
  <testcase name="Check_WCRV_Status" time="2.870" classname="USRC_Application.USRC_TestData_Update"/>
  <testcase name="Check_WCRV_Status" time="3.070" classname="USRC_Application.USRC_TestData_Update"/>
  <testcase name="Check_WCRV_Status" time="5.615" classname="USRC_Application.USRC_TestData_Update"/>
  <testcase name="Check_WCRV_Status" time="2.729" classname="USRC_Application.USRC_TestData_Update"/>
  <testcase name="Check_WCRV_Status" time="3.309" classname="USRC_Application.USRC_TestData_Update"/>
  <testcase name="Check_WCRV_Status" time="2.366" classname="USRC_Application.USRC_TestData_Update"/>
  <testcase name="Check_WCRV_Status" time="3.165" classname="USRC_Application.USRC_TestData_Update"/>
  <testcase name="Check_WCRV_Status" time="27.495" classname="USRC_Application.USRC_TestData_Update"/>
  <testcase name="Check_WCRV_Status" time="3.415" classname="USRC_Application.USRC_TestData_Update"/>
  <testcase name="Check_WCRV_Status" time="1.708" classname="USRC_Application.USRC_TestData_Update"/>
  <testcase name="Check_WCRV_Status" time="2.381" classname="USRC_Application.USRC_TestData_Update"/>
  <testcase name="Check_WCRV_Status" time="3.408" classname="USRC_Application.USRC_TestData_Update"/>
  <testcase name="Check_WCRV_Status" time="1.722" classname="USRC_Application.USRC_TestData_Update"/>
  <testcase name="Check_WCRV_Status" time="3.337" classname="USRC_Application.USRC_TestData_Update"/>
  <testcase name="Check_WCRV_Status" time="3.688" classname="USRC_Application.USRC_TestData_Update"/>
  <testcase name="Check_WCRV_Status" time="1.528" classname="USRC_Application.USRC_TestData_Update"/>
  <testcase name="Check_WCRV_Status" time="4.149" classname="USRC_Application.USRC_TestData_Update"/>
  <testcase name="Check_WCRV_Status" time="4.592" classname="USRC_Application.USRC_TestData_Update"/>
  <testcase name="Check_WCRV_Status" time="2.593" classname="USRC_Application.USRC_TestData_Update"/>
  <testcase name="Check_WCRV_Status" time="2.982" classname="USRC_Application.USRC_TestData_Update"/>
  <testcase name="Check_WCRV_Status" time="3.148" classname="USRC_Application.USRC_TestData_Update"/>
  <testcase name="Check_WCRV_Status" time="4.218" classname="USRC_Application.USRC_TestData_Update"/>
  <testcase name="Check_WCRV_Status" time="10.422" classname="USRC_Application.USRC_TestData_Update"/>
  <testcase name="Check_WCRV_Status" time="5.403" classname="USRC_Application.USRC_TestData_Update"/>
  <testcase name="Check_WCRV_Status" time="3.050" classname="USRC_Application.USRC_TestData_Update"/>
  <testcase name="Check_WCRV_Status" time="5.685" classname="USRC_Application.USRC_TestData_Update"/>
  <testcase name="Check_WCRV_Status" time="3.138" classname="USRC_Application.USRC_TestData_Update"/>
  <testcase name="Check_WCRV_Status" time="3.553" classname="USRC_Application.USRC_TestData_Update"/>
  <testcase name="Check_WCRV_Status" time="4.000" classname="USRC_Application.USRC_TestData_Update"/>
  <testcase name="Check_WCRV_Status" time="27.429" classname="USRC_Application.USRC_TestData_Update"/>
  <testcase name="Check_WCRV_Status" time="5.204" classname="USRC_Application.USRC_TestData_Update"/>
  <testcase name="Check_WCRV_Status" time="3.209" classname="USRC_Application.USRC_TestData_Update"/>
  <testcase name="Check_WCRV_Status" time="6.934" classname="USRC_Application.USRC_TestData_Update"/>
  <testcase name="Check_WCRV_Status" time="1.613" classname="USRC_Application.USRC_TestData_Update"/>
  <testcase name="Check_WCRV_Status" time="3.927" classname="USRC_Application.USRC_TestData_Update"/>
  <testcase name="Check_WCRV_Status" time="1.389" classname="USRC_Application.USRC_TestData_Update"/>
  <testcase name="Check_WCRV_Status" time="3.599" classname="USRC_Application.USRC_TestData_Update"/>
  <testcase name="Check_WCRV_Status" time="2.649" classname="USRC_Application.USRC_TestData_Update"/>
  <testcase name="Check_WCRV_Status" time="3.237" classname="USRC_Application.USRC_TestData_Update"/>
  <testcase name="Check_WCRV_Status" time="3.277" classname="USRC_Application.USRC_TestData_Update"/>
  <testcase name="Check_WCRV_Status" time="11.203" classname="USRC_Application.USRC_TestData_Update"/>
  <testcase name="Check_WCRV_Status" time="3.078" classname="USRC_Application.USRC_TestData_Update"/>
  <testcase name="Check_WCRV_Status" time="3.558" classname="USRC_Application.USRC_TestData_Update"/>
  <testcase name="Check_WCRV_Status" time="2.566" classname="USRC_Application.USRC_TestData_Update"/>
  <testcase name="Check_WCRV_Status" time="4.411" classname="USRC_Application.USRC_TestData_Update"/>
  <testcase name="Check_WCRV_Status" time="32.972" classname="USRC_Application.USRC_TestData_Update"/>
  <testcase name="Check_WCRV_Status" time="2.730" classname="USRC_Application.USRC_TestData_Update"/>
  <testcase name="Check_WCRV_Status" time="6.594" classname="USRC_Application.USRC_TestData_Update"/>
  <testcase name="Check_WCRV_Status" time="2.887" classname="USRC_Application.USRC_TestData_Update"/>
  <testcase name="Check_WCRV_Status" time="1.783" classname="USRC_Application.USRC_TestData_Update"/>
  <testcase name="Check_WCRV_Status" time="1.966" classname="USRC_Application.USRC_TestData_Update"/>
  <testcase name="Check_WCRV_Status" time="2.883" classname="USRC_Application.USRC_TestData_Update"/>
  <testcase name="Check_WCRV_Status" time="49.252" classname="USRC_Application.USRC_TestData_Update"/>
  <testcase name="Check_WCRV_Status" time="1.731" classname="USRC_Application.USRC_TestData_Update"/>
  <testcase name="Check_WCRV_Status" time="3.254" classname="USRC_Application.USRC_TestData_Update"/>
  <testcase name="Check_WCRV_Status" time="28.501" classname="USRC_Application.USRC_TestData_Update"/>
  <testcase name="Check_WCRV_Status" time="2.509" classname="USRC_Application.USRC_TestData_Update"/>
  <testcase name="Check_WCRV_Status" time="3.861" classname="USRC_Application.USRC_TestData_Update"/>
  <testcase name="Check_WCRV_Status" time="1.995" classname="USRC_Application.USRC_TestData_Update"/>
  <testcase name="Check_WCRV_Status" time="1.900" classname="USRC_Application.USRC_TestData_Update"/>
  <testcase name="Check_WCRV_Status" time="4.089" classname="USRC_Application.USRC_TestData_Update"/>
  <testcase name="Check_WCRV_Status" time="2.810" classname="USRC_Application.USRC_TestData_Update"/>
  <testcase name="Check_WCRV_Status" time="4.457" classname="USRC_Application.USRC_TestData_Update"/>
  <testcase name="Check_WCRV_Status" time="3.484" classname="USRC_Application.USRC_TestData_Update"/>
  <testcase name="Check_WCRV_Status" time="5.179" classname="USRC_Application.USRC_TestData_Update"/>
  <testcase name="Check_WCRV_Status" time="3.328" classname="USRC_Application.USRC_TestData_Update"/>
  <testcase name="Check_WCRV_Status" time="1.710" classname="USRC_Application.USRC_TestData_Update"/>
  <testcase name="Check_WCRV_Status" time="2.327" classname="USRC_Application.USRC_TestData_Update"/>
  <testcase name="Check_WCRV_Status" time="1.493" classname="USRC_Application.USRC_TestData_Update"/>
  <testcase name="Check_WCRV_Status" time="4.401" classname="USRC_Application.USRC_TestData_Update"/>
  <testcase name="Check_WCRV_Status" time="4.143" classname="USRC_Application.USRC_TestData_Update"/>
  <testcase name="Check_WCRV_Status" time="3.666" classname="USRC_Application.USRC_TestData_Update"/>
  <testcase name="Check_WCRV_Status" time="2.254" classname="USRC_Application.USRC_TestData_Update"/>
  <testcase name="Check_WCRV_Status" time="3.519" classname="USRC_Application.USRC_TestData_Update"/>
  <testcase name="Check_WCRV_Status" time="1.515" classname="USRC_Application.USRC_TestData_Update"/>
  <testcase name="Check_WCRV_Status" time="2.520" classname="USRC_Application.USRC_TestData_Update"/>
  <testcase name="Check_WCRV_Status" time="2.415" classname="USRC_Application.USRC_TestData_Update"/>
  <testcase name="Check_WCRV_Status" time="3.263" classname="USRC_Application.USRC_TestData_Update"/>
  <testcase name="Check_WCRV_Status" time="3.188" classname="USRC_Application.USRC_TestData_Update"/>
  <testcase name="Check_WCRV_Status" time="4.215" classname="USRC_Application.USRC_TestData_Update"/>
  <testcase name="Check_WCRV_Status" time="1.410" classname="USRC_Application.USRC_TestData_Update"/>
  <testcase name="Check_WCRV_Status" time="4.198" classname="USRC_Application.USRC_TestData_Update"/>
  <testcase name="Check_WCRV_Status" time="3.117" classname="USRC_Application.USRC_TestData_Update"/>
  <testcase name="Check_WCRV_Status" time="3.746" classname="USRC_Application.USRC_TestData_Update"/>
  <testcase name="Check_WCRV_Status" time="2.942" classname="USRC_Application.USRC_TestData_Update"/>
  <testcase name="Check_WCRV_Status" time="3.199" classname="USRC_Application.USRC_TestData_Update"/>
  <testcase name="Check_WCRV_Status" time="1.401" classname="USRC_Application.USRC_TestData_Update"/>
  <testcase name="Check_WCRV_Status" time="2.887" classname="USRC_Application.USRC_TestData_Update"/>
  <testcase name="Check_WCRV_Status" time="3.166" classname="USRC_Application.USRC_TestData_Update"/>
  <testcase name="Check_WCRV_Status" time="5.470" classname="USRC_Application.USRC_TestData_Update"/>
  <testcase name="Check_WCRV_Status" time="1.253" classname="USRC_Application.USRC_TestData_Update"/>
  <testcase name="Check_WCRV_Status" time="1.369" classname="USRC_Application.USRC_TestData_Update"/>
  <testcase name="Check_WCRV_Status" time="1.416" classname="USRC_Application.USRC_TestData_Update"/>
  <testcase name="Check_WCRV_Status" time="1.535" classname="USRC_Application.USRC_TestData_Update"/>
  <testcase name="Check_WCRV_Status" time="1.862" classname="USRC_Application.USRC_TestData_Update"/>
  <testcase name="Check_WCRV_Status" time="3.156" classname="USRC_Application.USRC_TestData_Update"/>
  <testcase name="Check_WCRV_Status" time="2.756" classname="USRC_Application.USRC_TestData_Update"/>
  <testcase name="Check_WCRV_Status" time="3.382" classname="USRC_Application.USRC_TestData_Update"/>
  <testcase name="Check_WCRV_Status" time="3.436" classname="USRC_Application.USRC_TestData_Update"/>
  <testcase name="Check_WCRV_Status" time="28.886" classname="USRC_Application.USRC_TestData_Update"/>
  <testcase name="Check_WCRV_Status" time="2.804" classname="USRC_Application.USRC_TestData_Update"/>
  <testcase name="Check_WCRV_Status" time="5.689" classname="USRC_Application.USRC_TestData_Update"/>
  <testcase name="Check_WCRV_Status" time="3.366" classname="USRC_Application.USRC_TestData_Update"/>
  <testcase name="Check_WCRV_Status" time="38.294" classname="USRC_Application.USRC_TestData_Update"/>
  <testcase name="Check_WCRV_Status" time="4.800" classname="USRC_Application.USRC_TestData_Update"/>
  <testcase name="Check_WCRV_Status" time="4.111" classname="USRC_Application.USRC_TestData_Update"/>
  <testcase name="Check_WCRV_Status" time="5.891" classname="USRC_Application.USRC_TestData_Update"/>
  <testcase name="Check_WCRV_Status" time="3.380" classname="USRC_Application.USRC_TestData_Update"/>
  <testcase name="Check_WCRV_Status" time="9.200" classname="USRC_Application.USRC_TestData_Update"/>
  <testcase name="Check_WCRV_Status" time="1.376" classname="USRC_Application.USRC_TestData_Update"/>
  <testcase name="Check_WCRV_Status" time="4.198" classname="USRC_Application.USRC_TestData_Update"/>
  <testcase name="Check_WCRV_Status" time="3.895" classname="USRC_Application.USRC_TestData_Update"/>
  <testcase name="Check_WCRV_Status" time="1.415" classname="USRC_Application.USRC_TestData_Update"/>
  <testcase name="Check_WCRV_Status" time="3.113" classname="USRC_Application.USRC_TestData_Update"/>
  <testcase name="Check_WCRV_Status" time="2.615" classname="USRC_Application.USRC_TestData_Update"/>
  <testcase name="Check_WCRV_Status" time="41.234" classname="USRC_Application.USRC_TestData_Update"/>
  <testcase name="Check_WCRV_Status" time="1.722" classname="USRC_Application.USRC_TestData_Update"/>
  <testcase name="Check_WCRV_Status" time="2.507" classname="USRC_Application.USRC_TestData_Update"/>
  <testcase name="Check_WCRV_Status" time="41.269" classname="USRC_Application.USRC_TestData_Update"/>
  <testcase name="Check_WCRV_Status" time="3.063" classname="USRC_Application.USRC_TestData_Update"/>
  <testcase name="Check_WCRV_Status" time="3.381" classname="USRC_Application.USRC_TestData_Update"/>
  <testcase name="Check_WCRV_Status" time="2.562" classname="USRC_Application.USRC_TestData_Update"/>
  <testcase name="Check_WCRV_Status" time="3.294" classname="USRC_Application.USRC_TestData_Update"/>
  <testcase name="Check_WCRV_Status" time="32.386" classname="USRC_Application.USRC_TestData_Update"/>
  <testcase name="Check_WCRV_Status" time="3.734" classname="USRC_Application.USRC_TestData_Update"/>
  <testcase name="Check_WCRV_Status" time="2.974" classname="USRC_Application.USRC_TestData_Update"/>
  <testcase name="Check_WCRV_Status" time="2.967" classname="USRC_Application.USRC_TestData_Update"/>
  <testcase name="Check_WCRV_Status" time="5.487" classname="USRC_Application.USRC_TestData_Update"/>
  <testcase name="Check_WCRV_Status" time="4.039" classname="USRC_Application.USRC_TestData_Update"/>
  <testcase name="Check_WCRV_Status" time="3.025" classname="USRC_Application.USRC_TestData_Update"/>
  <testcase name="Check_WCRV_Status" time="3.545" classname="USRC_Application.USRC_TestData_Update"/>
  <testcase name="Check_WCRV_Status" time="3.438" classname="USRC_Application.USRC_TestData_Update"/>
  <testcase name="Check_WCRV_Status" time="2.862" classname="USRC_Application.USRC_TestData_Update"/>
  <testcase name="Check_WCRV_Status" time="2.980" classname="USRC_Application.USRC_TestData_Update"/>
  <testcase name="Check_WCRV_Status" time="1.422" classname="USRC_Application.USRC_TestData_Update"/>
  <testcase name="Check_WCRV_Status" time="5.360" classname="USRC_Application.USRC_TestData_Update"/>
  <testcase name="Check_WCRV_Status" time="1.759" classname="USRC_Application.USRC_TestData_Update"/>
  <testcase name="Check_WCRV_Status" time="2.408" classname="USRC_Application.USRC_TestData_Update"/>
  <testcase name="Check_WCRV_Status" time="2.340" classname="USRC_Application.USRC_TestData_Update"/>
  <testcase name="Check_WCRV_Status" time="1.452" classname="USRC_Application.USRC_TestData_Update"/>
  <testcase name="Check_WCRV_Status" time="11.303" classname="USRC_Application.USRC_TestData_Update"/>
  <testcase name="Check_WCRV_Status" time="2.351" classname="USRC_Application.USRC_TestData_Update"/>
  <testcase name="Check_WCRV_Status" time="1.371" classname="USRC_Application.USRC_TestData_Update"/>
  <testcase name="Check_WCRV_Status" time="2.343" classname="USRC_Application.USRC_TestData_Update"/>
  <testcase name="Check_WCRV_Status" time="2.947" classname="USRC_Application.USRC_TestData_Update"/>
  <testcase name="Check_WCRV_Status" time="2.595" classname="USRC_Application.USRC_TestData_Update"/>
  <testcase name="Check_WCRV_Status" time="3.196" classname="USRC_Application.USRC_TestData_Update"/>
  <testcase name="Check_WCRV_Status" time="3.773" classname="USRC_Application.USRC_TestData_Update"/>
  <testcase name="Check_WCRV_Status" time="5.233" classname="USRC_Application.USRC_TestData_Update"/>
  <testcase name="Check_WCRV_Status" time="3.132" classname="USRC_Application.USRC_TestData_Update"/>
  <testcase name="Check_WCRV_Status" time="3.534" classname="USRC_Application.USRC_TestData_Update"/>
  <testcase name="Check_WCRV_Status" time="43.428" classname="USRC_Application.USRC_TestData_Update"/>
  <testcase name="Check_WCRV_Status" time="3.338" classname="USRC_Application.USRC_TestData_Update"/>
  <testcase name="Check_WCRV_Status" time="4.617" classname="USRC_Application.USRC_TestData_Update"/>
  <testcase name="Check_WCRV_Status" time="2.607" classname="USRC_Application.USRC_TestData_Update"/>
  <testcase name="Check_WCRV_Status" time="3.283" classname="USRC_Application.USRC_TestData_Update"/>
  <testcase name="CheckMigration" classname="USRC_Application.USRC_TestData_Update">
    <skipped/>
  </testcase> <!-- CheckMigration -->
  <testcase name="CheckLogin" classname="USRC_Application.USRC_TestData_Update">
    <skipped/>
  </testcase> <!-- CheckLogin -->
  <testcase name="UpdateUser" classname="USRC_Application.USRC_TestData_Update">
    <skipped/>
  </testcase> <!-- UpdateUser -->
</testsuite> <!-- USRC_Application.USRC_TestData_Update -->
