<?xml version="1.0" encoding="UTF-8"?>
<!-- Generated by org.testng.reporters.JUnitReportReporter -->
<testsuite skipped="0" hostname="WTC-5159473-l2" name="WIDM_Application.WIDM_SmokeTest" tests="9" failures="1" timestamp="22 May 2019 22:47:08 GMT" time="1284.403" errors="0">
  <testcase name="WIDM_Registration" time="144.464" classname="WIDM_Application.WIDM_SmokeTest"/>
  <testcase name="WIDM_Registration_ErrorMessages" time="184.546" classname="WIDM_Application.WIDM_SmokeTest"/>
  <testcase name="WIDM_Login" time="193.048" classname="WIDM_Application.WIDM_SmokeTest"/>
  <testcase name="WIDM_ResetPasswordSecret" time="153.536" classname="WIDM_Application.WIDM_SmokeTest"/>
  <testcase name="WIDM_ForgotUserID" time="58.699" classname="WIDM_Application.WIDM_SmokeTest"/>
  <testcase name="WIDM_ResetPassword_Email" time="154.549" classname="WIDM_Application.WIDM_SmokeTest">
    <failure type="java.lang.AssertionError" message="Element is not present on page.  By.id: linkaction">
      <![CDATA[java.lang.AssertionError: Element is not present on page.  By.id: linkaction
at org.testng.Assert.fail(Assert.java:96)
at WIDM_Application.WIDM_SmokeTest.WIDM_ResetPassword_Email(WIDM_SmokeTest.java:179)
at sun.reflect.NativeMethodAccessorImpl.invoke0(Native Method)
at sun.reflect.NativeMethodAccessorImpl.invoke(Unknown Source)
at sun.reflect.DelegatingMethodAccessorImpl.invoke(Unknown Source)
at java.lang.reflect.Method.invoke(Unknown Source)
at org.testng.internal.MethodInvocationHelper.invokeMethod(MethodInvocationHelper.java:124)
at org.testng.internal.Invoker.invokeMethod(Invoker.java:580)
at org.testng.internal.Invoker.invokeTestMethod(Invoker.java:716)
at org.testng.internal.TestMethodWithDataProviderMethodWorker.call(TestMethodWithDataProviderMethodWorker.java:71)
at org.testng.internal.TestMethodWithDataProviderMethodWorker.call(TestMethodWithDataProviderMethodWorker.java:14)
at java.util.concurrent.FutureTask.run(Unknown Source)
at java.util.concurrent.Executors$RunnableAdapter.call(Unknown Source)
at java.util.concurrent.FutureTask.run(Unknown Source)
at java.util.concurrent.ThreadPoolExecutor.runWorker(Unknown Source)
at java.util.concurrent.ThreadPoolExecutor$Worker.run(Unknown Source)
at java.lang.Thread.run(Unknown Source)
]]>
    </failure>
  </testcase> <!-- WIDM_ResetPassword_Email -->
  <testcase name="WIDM_RegistrationEFWS" time="185.269" classname="WIDM_Application.WIDM_SmokeTest"/>
  <testcase name="AAAUserCreate_Email_As_UserId" time="7.162" classname="WIDM_Application.WIDM_SmokeTest"/>
  <testcase name="WIDM_Login" time="203.130" classname="WIDM_Application.WIDM_SmokeTest"/>
</testsuite> <!-- WIDM_Application.WIDM_SmokeTest -->
