<?xml version="1.0" encoding="UTF-8"?>
<!-- Generated by org.testng.reporters.JUnitReportReporter -->
<testsuite skipped="2" hostname="WTC-5159473-l2" name="Mission_Critical.MC_PI_1" tests="10" failures="0" timestamp="20 Dec 2018 17:24:09 GMT" time="1582.363" errors="0">
  <testcase name="TNT_Vat_Validation" time="105.022" classname="Mission_Critical.MC_PI_1"/>
  <testcase name="TNT_Vat_Validation" time="108.963" classname="Mission_Critical.MC_PI_1"/>
  <testcase name="TNT_Vat_Validation" time="165.952" classname="Mission_Critical.MC_PI_1"/>
  <testcase name="TNT_Vat_Validation" time="240.727" classname="Mission_Critical.MC_PI_1"/>
  <testcase name="TNT_Vat_Validation" time="189.480" classname="Mission_Critical.MC_PI_1"/>
  <testcase name="TNT_Vat_Validation" time="222.165" classname="Mission_Critical.MC_PI_1"/>
  <testcase name="TNT_Vat_Validation" time="287.363" classname="Mission_Critical.MC_PI_1"/>
  <testcase name="TNT_Vat_Validation" time="262.691" classname="Mission_Critical.MC_PI_1"/>
  <testcase name="BR_TaxID" classname="Mission_Critical.MC_PI_1">
    <skipped/>
  </testcase> <!-- BR_TaxID -->
  <testcase name="Account_Number_Masking" classname="Mission_Critical.MC_PI_1">
    <skipped/>
  </testcase> <!-- Account_Number_Masking -->
</testsuite> <!-- Mission_Critical.MC_PI_1 -->
