<?xml version="1.0" encoding="UTF-8"?>
<!-- Generated by org.testng.reporters.JUnitReportReporter -->
<testsuite skipped="0" hostname="WTC-5159473-l2" name="ADAT_Application.ADAT_SmokeTest" tests="14" failures="0" timestamp="07 Jun 2019 21:13:13 GMT" time="8.957" errors="0">
  <testcase name="ADAT_CreateUser" time="0.659" classname="ADAT_Application.ADAT_SmokeTest"/>
  <testcase name="ADAT_CreateUser" time="0.666" classname="ADAT_Application.ADAT_SmokeTest"/>
  <testcase name="ADAT_CreatePin" time="0.233" classname="ADAT_Application.ADAT_SmokeTest"/>
  <testcase name="ADAT_CreatePin" time="0.241" classname="ADAT_Application.ADAT_SmokeTest"/>
  <testcase name="ADAT_PostcardVelocity" time="0.726" classname="ADAT_Application.ADAT_SmokeTest"/>
  <testcase name="ADAT_PhoneVelocity" time="0.757" classname="ADAT_Application.ADAT_SmokeTest"/>
  <testcase name="ADAT_AddressVelocity" time="1.594" classname="ADAT_Application.ADAT_SmokeTest"/>
  <testcase name="ADAT_PhoneVelocity" time="0.715" classname="ADAT_Application.ADAT_SmokeTest"/>
  <testcase name="ADAT_PostcardVelocity" time="0.699" classname="ADAT_Application.ADAT_SmokeTest"/>
  <testcase name="ADAT_AddressVelocity" time="1.621" classname="ADAT_Application.ADAT_SmokeTest"/>
  <testcase name="ADAT_VerifyPin" time="0.229" classname="ADAT_Application.ADAT_SmokeTest"/>
  <testcase name="ADAT_VerifyPin" time="0.309" classname="ADAT_Application.ADAT_SmokeTest"/>
  <testcase name="ADAT_VerifyPin_Invalid" time="0.238" classname="ADAT_Application.ADAT_SmokeTest"/>
  <testcase name="ADAT_VerifyPin_Invalid" time="0.270" classname="ADAT_Application.ADAT_SmokeTest"/>
</testsuite> <!-- ADAT_Application.ADAT_SmokeTest -->
