<?xml version="1.0" encoding="UTF-8"?>
<!-- Generated by org.testng.reporters.JUnitReportReporter -->
<testsuite skipped="0" hostname="WTC-5159473-l2" name="SupportClasses.Account_Lookup" tests="1405" failures="316" timestamp="20 Dec 2018 18:55:57 GMT" time="33880.742" errors="0">
  <testcase name="AccountCheck" time="10.077" classname="SupportClasses.Account_Lookup"/>
  <testcase name="AccountCheck" time="15.423" classname="SupportClasses.Account_Lookup"/>
  <testcase name="AccountCheck" time="28.015" classname="SupportClasses.Account_Lookup"/>
  <testcase name="AccountCheck" time="25.337" classname="SupportClasses.Account_Lookup"/>
  <testcase name="AccountCheck" time="38.380" classname="SupportClasses.Account_Lookup">
    <failure type="java.lang.AssertionError" message="Initialisation of record 0xFD left 1295 bytes remaining still to be read.">
      <![CDATA[java.lang.AssertionError: Initialisation of record 0xFD left 1295 bytes remaining still to be read.
at org.testng.Assert.fail(Assert.java:96)
at SupportClasses.Account_Lookup.AccountCheck(Account_Lookup.java:58)
at sun.reflect.GeneratedMethodAccessor2.invoke(Unknown Source)
at sun.reflect.DelegatingMethodAccessorImpl.invoke(Unknown Source)
at java.lang.reflect.Method.invoke(Unknown Source)
at org.testng.internal.MethodInvocationHelper.invokeMethod(MethodInvocationHelper.java:124)
at org.testng.internal.Invoker.invokeMethod(Invoker.java:580)
at org.testng.internal.Invoker.invokeTestMethod(Invoker.java:716)
at org.testng.internal.TestMethodWithDataProviderMethodWorker.call(TestMethodWithDataProviderMethodWorker.java:71)
at org.testng.internal.TestMethodWithDataProviderMethodWorker.call(TestMethodWithDataProviderMethodWorker.java:14)
at java.util.concurrent.FutureTask.run(Unknown Source)
at java.util.concurrent.Executors$RunnableAdapter.call(Unknown Source)
at java.util.concurrent.FutureTask.run(Unknown Source)
at java.util.concurrent.ThreadPoolExecutor.runWorker(Unknown Source)
at java.util.concurrent.ThreadPoolExecutor$Worker.run(Unknown Source)
at java.lang.Thread.run(Unknown Source)
]]>
    </failure>
  </testcase> <!-- AccountCheck -->
  <testcase name="AccountCheck" time="21.991" classname="SupportClasses.Account_Lookup"/>
  <testcase name="AccountCheck" time="22.271" classname="SupportClasses.Account_Lookup"/>
  <testcase name="AccountCheck" time="13.562" classname="SupportClasses.Account_Lookup"/>
  <testcase name="AccountCheck" time="18.689" classname="SupportClasses.Account_Lookup"/>
  <testcase name="AccountCheck" time="5.222" classname="SupportClasses.Account_Lookup"/>
  <testcase name="AccountCheck" time="9.817" classname="SupportClasses.Account_Lookup"/>
  <testcase name="AccountCheck" time="19.539" classname="SupportClasses.Account_Lookup"/>
  <testcase name="AccountCheck" time="59.141" classname="SupportClasses.Account_Lookup">
    <failure type="java.lang.AssertionError" message="Initialisation of record 0xFD left 1295 bytes remaining still to be read.">
      <![CDATA[java.lang.AssertionError: Initialisation of record 0xFD left 1295 bytes remaining still to be read.
at org.testng.Assert.fail(Assert.java:96)
at SupportClasses.Account_Lookup.AccountCheck(Account_Lookup.java:58)
at sun.reflect.GeneratedMethodAccessor2.invoke(Unknown Source)
at sun.reflect.DelegatingMethodAccessorImpl.invoke(Unknown Source)
at java.lang.reflect.Method.invoke(Unknown Source)
at org.testng.internal.MethodInvocationHelper.invokeMethod(MethodInvocationHelper.java:124)
at org.testng.internal.Invoker.invokeMethod(Invoker.java:580)
at org.testng.internal.Invoker.invokeTestMethod(Invoker.java:716)
at org.testng.internal.TestMethodWithDataProviderMethodWorker.call(TestMethodWithDataProviderMethodWorker.java:71)
at org.testng.internal.TestMethodWithDataProviderMethodWorker.call(TestMethodWithDataProviderMethodWorker.java:14)
at java.util.concurrent.FutureTask.run(Unknown Source)
at java.util.concurrent.Executors$RunnableAdapter.call(Unknown Source)
at java.util.concurrent.FutureTask.run(Unknown Source)
at java.util.concurrent.ThreadPoolExecutor.runWorker(Unknown Source)
at java.util.concurrent.ThreadPoolExecutor$Worker.run(Unknown Source)
at java.lang.Thread.run(Unknown Source)
]]>
    </failure>
  </testcase> <!-- AccountCheck -->
  <testcase name="AccountCheck" time="27.807" classname="SupportClasses.Account_Lookup">
    <failure type="java.lang.AssertionError" message="Initialisation of record 0xFD left 1295 bytes remaining still to be read.">
      <![CDATA[java.lang.AssertionError: Initialisation of record 0xFD left 1295 bytes remaining still to be read.
at org.testng.Assert.fail(Assert.java:96)
at SupportClasses.Account_Lookup.AccountCheck(Account_Lookup.java:58)
at sun.reflect.GeneratedMethodAccessor2.invoke(Unknown Source)
at sun.reflect.DelegatingMethodAccessorImpl.invoke(Unknown Source)
at java.lang.reflect.Method.invoke(Unknown Source)
at org.testng.internal.MethodInvocationHelper.invokeMethod(MethodInvocationHelper.java:124)
at org.testng.internal.Invoker.invokeMethod(Invoker.java:580)
at org.testng.internal.Invoker.invokeTestMethod(Invoker.java:716)
at org.testng.internal.TestMethodWithDataProviderMethodWorker.call(TestMethodWithDataProviderMethodWorker.java:71)
at org.testng.internal.TestMethodWithDataProviderMethodWorker.call(TestMethodWithDataProviderMethodWorker.java:14)
at java.util.concurrent.FutureTask.run(Unknown Source)
at java.util.concurrent.Executors$RunnableAdapter.call(Unknown Source)
at java.util.concurrent.FutureTask.run(Unknown Source)
at java.util.concurrent.ThreadPoolExecutor.runWorker(Unknown Source)
at java.util.concurrent.ThreadPoolExecutor$Worker.run(Unknown Source)
at java.lang.Thread.run(Unknown Source)
]]>
    </failure>
  </testcase> <!-- AccountCheck -->
  <testcase name="AccountCheck" time="29.918" classname="SupportClasses.Account_Lookup"/>
  <testcase name="AccountCheck" time="30.157" classname="SupportClasses.Account_Lookup"/>
  <testcase name="AccountCheck" time="9.847" classname="SupportClasses.Account_Lookup"/>
  <testcase name="AccountCheck" time="8.860" classname="SupportClasses.Account_Lookup">
    <failure type="java.lang.AssertionError" message="Initialisation of record 0xFD left 1295 bytes remaining still to be read.">
      <![CDATA[java.lang.AssertionError: Initialisation of record 0xFD left 1295 bytes remaining still to be read.
at org.testng.Assert.fail(Assert.java:96)
at SupportClasses.Account_Lookup.AccountCheck(Account_Lookup.java:58)
at sun.reflect.GeneratedMethodAccessor2.invoke(Unknown Source)
at sun.reflect.DelegatingMethodAccessorImpl.invoke(Unknown Source)
at java.lang.reflect.Method.invoke(Unknown Source)
at org.testng.internal.MethodInvocationHelper.invokeMethod(MethodInvocationHelper.java:124)
at org.testng.internal.Invoker.invokeMethod(Invoker.java:580)
at org.testng.internal.Invoker.invokeTestMethod(Invoker.java:716)
at org.testng.internal.TestMethodWithDataProviderMethodWorker.call(TestMethodWithDataProviderMethodWorker.java:71)
at org.testng.internal.TestMethodWithDataProviderMethodWorker.call(TestMethodWithDataProviderMethodWorker.java:14)
at java.util.concurrent.FutureTask.run(Unknown Source)
at java.util.concurrent.Executors$RunnableAdapter.call(Unknown Source)
at java.util.concurrent.FutureTask.run(Unknown Source)
at java.util.concurrent.ThreadPoolExecutor.runWorker(Unknown Source)
at java.util.concurrent.ThreadPoolExecutor$Worker.run(Unknown Source)
at java.lang.Thread.run(Unknown Source)
]]>
    </failure>
  </testcase> <!-- AccountCheck -->
  <testcase name="AccountCheck" time="32.774" classname="SupportClasses.Account_Lookup">
    <failure type="java.lang.AssertionError" message="null">
      <![CDATA[java.lang.AssertionError: null
at org.testng.Assert.fail(Assert.java:96)
at SupportClasses.Account_Lookup.AccountCheck(Account_Lookup.java:58)
at sun.reflect.GeneratedMethodAccessor2.invoke(Unknown Source)
at sun.reflect.DelegatingMethodAccessorImpl.invoke(Unknown Source)
at java.lang.reflect.Method.invoke(Unknown Source)
at org.testng.internal.MethodInvocationHelper.invokeMethod(MethodInvocationHelper.java:124)
at org.testng.internal.Invoker.invokeMethod(Invoker.java:580)
at org.testng.internal.Invoker.invokeTestMethod(Invoker.java:716)
at org.testng.internal.TestMethodWithDataProviderMethodWorker.call(TestMethodWithDataProviderMethodWorker.java:71)
at org.testng.internal.TestMethodWithDataProviderMethodWorker.call(TestMethodWithDataProviderMethodWorker.java:14)
at java.util.concurrent.FutureTask.run(Unknown Source)
at java.util.concurrent.Executors$RunnableAdapter.call(Unknown Source)
at java.util.concurrent.FutureTask.run(Unknown Source)
at java.util.concurrent.ThreadPoolExecutor.runWorker(Unknown Source)
at java.util.concurrent.ThreadPoolExecutor$Worker.run(Unknown Source)
at java.lang.Thread.run(Unknown Source)
]]>
    </failure>
  </testcase> <!-- AccountCheck -->
  <testcase name="AccountCheck" time="24.546" classname="SupportClasses.Account_Lookup">
    <failure type="java.lang.AssertionError" message="null">
      <![CDATA[java.lang.AssertionError: null
at org.testng.Assert.fail(Assert.java:96)
at SupportClasses.Account_Lookup.AccountCheck(Account_Lookup.java:58)
at sun.reflect.GeneratedMethodAccessor2.invoke(Unknown Source)
at sun.reflect.DelegatingMethodAccessorImpl.invoke(Unknown Source)
at java.lang.reflect.Method.invoke(Unknown Source)
at org.testng.internal.MethodInvocationHelper.invokeMethod(MethodInvocationHelper.java:124)
at org.testng.internal.Invoker.invokeMethod(Invoker.java:580)
at org.testng.internal.Invoker.invokeTestMethod(Invoker.java:716)
at org.testng.internal.TestMethodWithDataProviderMethodWorker.call(TestMethodWithDataProviderMethodWorker.java:71)
at org.testng.internal.TestMethodWithDataProviderMethodWorker.call(TestMethodWithDataProviderMethodWorker.java:14)
at java.util.concurrent.FutureTask.run(Unknown Source)
at java.util.concurrent.Executors$RunnableAdapter.call(Unknown Source)
at java.util.concurrent.FutureTask.run(Unknown Source)
at java.util.concurrent.ThreadPoolExecutor.runWorker(Unknown Source)
at java.util.concurrent.ThreadPoolExecutor$Worker.run(Unknown Source)
at java.lang.Thread.run(Unknown Source)
]]>
    </failure>
  </testcase> <!-- AccountCheck -->
  <testcase name="AccountCheck" time="40.723" classname="SupportClasses.Account_Lookup"/>
  <testcase name="AccountCheck" time="12.694" classname="SupportClasses.Account_Lookup"/>
  <testcase name="AccountCheck" time="10.785" classname="SupportClasses.Account_Lookup"/>
  <testcase name="AccountCheck" time="35.328" classname="SupportClasses.Account_Lookup"/>
  <testcase name="AccountCheck" time="29.620" classname="SupportClasses.Account_Lookup"/>
  <testcase name="AccountCheck" time="8.341" classname="SupportClasses.Account_Lookup"/>
  <testcase name="AccountCheck" time="27.805" classname="SupportClasses.Account_Lookup">
    <failure type="java.lang.AssertionError" message="Initialisation of record 0xFD left 1295 bytes remaining still to be read.">
      <![CDATA[java.lang.AssertionError: Initialisation of record 0xFD left 1295 bytes remaining still to be read.
at org.testng.Assert.fail(Assert.java:96)
at SupportClasses.Account_Lookup.AccountCheck(Account_Lookup.java:58)
at sun.reflect.GeneratedMethodAccessor2.invoke(Unknown Source)
at sun.reflect.DelegatingMethodAccessorImpl.invoke(Unknown Source)
at java.lang.reflect.Method.invoke(Unknown Source)
at org.testng.internal.MethodInvocationHelper.invokeMethod(MethodInvocationHelper.java:124)
at org.testng.internal.Invoker.invokeMethod(Invoker.java:580)
at org.testng.internal.Invoker.invokeTestMethod(Invoker.java:716)
at org.testng.internal.TestMethodWithDataProviderMethodWorker.call(TestMethodWithDataProviderMethodWorker.java:71)
at org.testng.internal.TestMethodWithDataProviderMethodWorker.call(TestMethodWithDataProviderMethodWorker.java:14)
at java.util.concurrent.FutureTask.run(Unknown Source)
at java.util.concurrent.Executors$RunnableAdapter.call(Unknown Source)
at java.util.concurrent.FutureTask.run(Unknown Source)
at java.util.concurrent.ThreadPoolExecutor.runWorker(Unknown Source)
at java.util.concurrent.ThreadPoolExecutor$Worker.run(Unknown Source)
at java.lang.Thread.run(Unknown Source)
]]>
    </failure>
  </testcase> <!-- AccountCheck -->
  <testcase name="AccountCheck" time="10.102" classname="SupportClasses.Account_Lookup"/>
  <testcase name="AccountCheck" time="25.677" classname="SupportClasses.Account_Lookup"/>
  <testcase name="AccountCheck" time="20.259" classname="SupportClasses.Account_Lookup"/>
  <testcase name="AccountCheck" time="21.838" classname="SupportClasses.Account_Lookup">
    <failure type="java.lang.AssertionError" message="null">
      <![CDATA[java.lang.AssertionError: null
at org.testng.Assert.fail(Assert.java:96)
at SupportClasses.Account_Lookup.AccountCheck(Account_Lookup.java:58)
at sun.reflect.GeneratedMethodAccessor2.invoke(Unknown Source)
at sun.reflect.DelegatingMethodAccessorImpl.invoke(Unknown Source)
at java.lang.reflect.Method.invoke(Unknown Source)
at org.testng.internal.MethodInvocationHelper.invokeMethod(MethodInvocationHelper.java:124)
at org.testng.internal.Invoker.invokeMethod(Invoker.java:580)
at org.testng.internal.Invoker.invokeTestMethod(Invoker.java:716)
at org.testng.internal.TestMethodWithDataProviderMethodWorker.call(TestMethodWithDataProviderMethodWorker.java:71)
at org.testng.internal.TestMethodWithDataProviderMethodWorker.call(TestMethodWithDataProviderMethodWorker.java:14)
at java.util.concurrent.FutureTask.run(Unknown Source)
at java.util.concurrent.Executors$RunnableAdapter.call(Unknown Source)
at java.util.concurrent.FutureTask.run(Unknown Source)
at java.util.concurrent.ThreadPoolExecutor.runWorker(Unknown Source)
at java.util.concurrent.ThreadPoolExecutor$Worker.run(Unknown Source)
at java.lang.Thread.run(Unknown Source)
]]>
    </failure>
  </testcase> <!-- AccountCheck -->
  <testcase name="AccountCheck" time="10.801" classname="SupportClasses.Account_Lookup"/>
  <testcase name="AccountCheck" time="38.238" classname="SupportClasses.Account_Lookup">
    <failure type="java.lang.AssertionError" message="Initialisation of record 0xFD left 1295 bytes remaining still to be read.">
      <![CDATA[java.lang.AssertionError: Initialisation of record 0xFD left 1295 bytes remaining still to be read.
at org.testng.Assert.fail(Assert.java:96)
at SupportClasses.Account_Lookup.AccountCheck(Account_Lookup.java:58)
at sun.reflect.GeneratedMethodAccessor2.invoke(Unknown Source)
at sun.reflect.DelegatingMethodAccessorImpl.invoke(Unknown Source)
at java.lang.reflect.Method.invoke(Unknown Source)
at org.testng.internal.MethodInvocationHelper.invokeMethod(MethodInvocationHelper.java:124)
at org.testng.internal.Invoker.invokeMethod(Invoker.java:580)
at org.testng.internal.Invoker.invokeTestMethod(Invoker.java:716)
at org.testng.internal.TestMethodWithDataProviderMethodWorker.call(TestMethodWithDataProviderMethodWorker.java:71)
at org.testng.internal.TestMethodWithDataProviderMethodWorker.call(TestMethodWithDataProviderMethodWorker.java:14)
at java.util.concurrent.FutureTask.run(Unknown Source)
at java.util.concurrent.Executors$RunnableAdapter.call(Unknown Source)
at java.util.concurrent.FutureTask.run(Unknown Source)
at java.util.concurrent.ThreadPoolExecutor.runWorker(Unknown Source)
at java.util.concurrent.ThreadPoolExecutor$Worker.run(Unknown Source)
at java.lang.Thread.run(Unknown Source)
]]>
    </failure>
  </testcase> <!-- AccountCheck -->
  <testcase name="AccountCheck" time="30.306" classname="SupportClasses.Account_Lookup"/>
  <testcase name="AccountCheck" time="4.717" classname="SupportClasses.Account_Lookup"/>
  <testcase name="AccountCheck" time="22.149" classname="SupportClasses.Account_Lookup"/>
  <testcase name="AccountCheck" time="23.690" classname="SupportClasses.Account_Lookup"/>
  <testcase name="AccountCheck" time="29.837" classname="SupportClasses.Account_Lookup"/>
  <testcase name="AccountCheck" time="19.224" classname="SupportClasses.Account_Lookup"/>
  <testcase name="AccountCheck" time="23.046" classname="SupportClasses.Account_Lookup"/>
  <testcase name="AccountCheck" time="13.864" classname="SupportClasses.Account_Lookup"/>
  <testcase name="AccountCheck" time="29.027" classname="SupportClasses.Account_Lookup"/>
  <testcase name="AccountCheck" time="24.242" classname="SupportClasses.Account_Lookup">
    <failure type="java.lang.AssertionError" message="null">
      <![CDATA[java.lang.AssertionError: null
at org.testng.Assert.fail(Assert.java:96)
at SupportClasses.Account_Lookup.AccountCheck(Account_Lookup.java:58)
at sun.reflect.GeneratedMethodAccessor2.invoke(Unknown Source)
at sun.reflect.DelegatingMethodAccessorImpl.invoke(Unknown Source)
at java.lang.reflect.Method.invoke(Unknown Source)
at org.testng.internal.MethodInvocationHelper.invokeMethod(MethodInvocationHelper.java:124)
at org.testng.internal.Invoker.invokeMethod(Invoker.java:580)
at org.testng.internal.Invoker.invokeTestMethod(Invoker.java:716)
at org.testng.internal.TestMethodWithDataProviderMethodWorker.call(TestMethodWithDataProviderMethodWorker.java:71)
at org.testng.internal.TestMethodWithDataProviderMethodWorker.call(TestMethodWithDataProviderMethodWorker.java:14)
at java.util.concurrent.FutureTask.run(Unknown Source)
at java.util.concurrent.Executors$RunnableAdapter.call(Unknown Source)
at java.util.concurrent.FutureTask.run(Unknown Source)
at java.util.concurrent.ThreadPoolExecutor.runWorker(Unknown Source)
at java.util.concurrent.ThreadPoolExecutor$Worker.run(Unknown Source)
at java.lang.Thread.run(Unknown Source)
]]>
    </failure>
  </testcase> <!-- AccountCheck -->
  <testcase name="AccountCheck" time="45.379" classname="SupportClasses.Account_Lookup">
    <failure type="java.lang.AssertionError" message="Initialisation of record 0xFD left 1295 bytes remaining still to be read.">
      <![CDATA[java.lang.AssertionError: Initialisation of record 0xFD left 1295 bytes remaining still to be read.
at org.testng.Assert.fail(Assert.java:96)
at SupportClasses.Account_Lookup.AccountCheck(Account_Lookup.java:58)
at sun.reflect.GeneratedMethodAccessor2.invoke(Unknown Source)
at sun.reflect.DelegatingMethodAccessorImpl.invoke(Unknown Source)
at java.lang.reflect.Method.invoke(Unknown Source)
at org.testng.internal.MethodInvocationHelper.invokeMethod(MethodInvocationHelper.java:124)
at org.testng.internal.Invoker.invokeMethod(Invoker.java:580)
at org.testng.internal.Invoker.invokeTestMethod(Invoker.java:716)
at org.testng.internal.TestMethodWithDataProviderMethodWorker.call(TestMethodWithDataProviderMethodWorker.java:71)
at org.testng.internal.TestMethodWithDataProviderMethodWorker.call(TestMethodWithDataProviderMethodWorker.java:14)
at java.util.concurrent.FutureTask.run(Unknown Source)
at java.util.concurrent.Executors$RunnableAdapter.call(Unknown Source)
at java.util.concurrent.FutureTask.run(Unknown Source)
at java.util.concurrent.ThreadPoolExecutor.runWorker(Unknown Source)
at java.util.concurrent.ThreadPoolExecutor$Worker.run(Unknown Source)
at java.lang.Thread.run(Unknown Source)
]]>
    </failure>
  </testcase> <!-- AccountCheck -->
  <testcase name="AccountCheck" time="23.333" classname="SupportClasses.Account_Lookup"/>
  <testcase name="AccountCheck" time="31.014" classname="SupportClasses.Account_Lookup"/>
  <testcase name="AccountCheck" time="7.704" classname="SupportClasses.Account_Lookup"/>
  <testcase name="AccountCheck" time="34.529" classname="SupportClasses.Account_Lookup"/>
  <testcase name="AccountCheck" time="15.129" classname="SupportClasses.Account_Lookup"/>
  <testcase name="AccountCheck" time="21.693" classname="SupportClasses.Account_Lookup"/>
  <testcase name="AccountCheck" time="28.789" classname="SupportClasses.Account_Lookup">
    <failure type="java.lang.AssertionError" message="Initialisation of record 0xFD left 1295 bytes remaining still to be read.">
      <![CDATA[java.lang.AssertionError: Initialisation of record 0xFD left 1295 bytes remaining still to be read.
at org.testng.Assert.fail(Assert.java:96)
at SupportClasses.Account_Lookup.AccountCheck(Account_Lookup.java:58)
at sun.reflect.GeneratedMethodAccessor2.invoke(Unknown Source)
at sun.reflect.DelegatingMethodAccessorImpl.invoke(Unknown Source)
at java.lang.reflect.Method.invoke(Unknown Source)
at org.testng.internal.MethodInvocationHelper.invokeMethod(MethodInvocationHelper.java:124)
at org.testng.internal.Invoker.invokeMethod(Invoker.java:580)
at org.testng.internal.Invoker.invokeTestMethod(Invoker.java:716)
at org.testng.internal.TestMethodWithDataProviderMethodWorker.call(TestMethodWithDataProviderMethodWorker.java:71)
at org.testng.internal.TestMethodWithDataProviderMethodWorker.call(TestMethodWithDataProviderMethodWorker.java:14)
at java.util.concurrent.FutureTask.run(Unknown Source)
at java.util.concurrent.Executors$RunnableAdapter.call(Unknown Source)
at java.util.concurrent.FutureTask.run(Unknown Source)
at java.util.concurrent.ThreadPoolExecutor.runWorker(Unknown Source)
at java.util.concurrent.ThreadPoolExecutor$Worker.run(Unknown Source)
at java.lang.Thread.run(Unknown Source)
]]>
    </failure>
  </testcase> <!-- AccountCheck -->
  <testcase name="AccountCheck" time="39.574" classname="SupportClasses.Account_Lookup"/>
  <testcase name="AccountCheck" time="10.870" classname="SupportClasses.Account_Lookup">
    <failure type="java.lang.AssertionError" message="Unable to read entire header; 0 bytes read; expected 512 bytes">
      <![CDATA[java.lang.AssertionError: Unable to read entire header; 0 bytes read; expected 512 bytes
at org.testng.Assert.fail(Assert.java:96)
at SupportClasses.Account_Lookup.AccountCheck(Account_Lookup.java:58)
at sun.reflect.GeneratedMethodAccessor2.invoke(Unknown Source)
at sun.reflect.DelegatingMethodAccessorImpl.invoke(Unknown Source)
at java.lang.reflect.Method.invoke(Unknown Source)
at org.testng.internal.MethodInvocationHelper.invokeMethod(MethodInvocationHelper.java:124)
at org.testng.internal.Invoker.invokeMethod(Invoker.java:580)
at org.testng.internal.Invoker.invokeTestMethod(Invoker.java:716)
at org.testng.internal.TestMethodWithDataProviderMethodWorker.call(TestMethodWithDataProviderMethodWorker.java:71)
at org.testng.internal.TestMethodWithDataProviderMethodWorker.call(TestMethodWithDataProviderMethodWorker.java:14)
at java.util.concurrent.FutureTask.run(Unknown Source)
at java.util.concurrent.Executors$RunnableAdapter.call(Unknown Source)
at java.util.concurrent.FutureTask.run(Unknown Source)
at java.util.concurrent.ThreadPoolExecutor.runWorker(Unknown Source)
at java.util.concurrent.ThreadPoolExecutor$Worker.run(Unknown Source)
at java.lang.Thread.run(Unknown Source)
]]>
    </failure>
  </testcase> <!-- AccountCheck -->
  <testcase name="AccountCheck" time="24.233" classname="SupportClasses.Account_Lookup"/>
  <testcase name="AccountCheck" time="4.205" classname="SupportClasses.Account_Lookup"/>
  <testcase name="AccountCheck" time="19.584" classname="SupportClasses.Account_Lookup"/>
  <testcase name="AccountCheck" time="9.185" classname="SupportClasses.Account_Lookup"/>
  <testcase name="AccountCheck" time="14.889" classname="SupportClasses.Account_Lookup"/>
  <testcase name="AccountCheck" time="9.694" classname="SupportClasses.Account_Lookup"/>
  <testcase name="AccountCheck" time="18.838" classname="SupportClasses.Account_Lookup"/>
  <testcase name="AccountCheck" time="47.423" classname="SupportClasses.Account_Lookup">
    <failure type="java.lang.AssertionError" message="Initialisation of record 0xFD left 1295 bytes remaining still to be read.">
      <![CDATA[java.lang.AssertionError: Initialisation of record 0xFD left 1295 bytes remaining still to be read.
at org.testng.Assert.fail(Assert.java:96)
at SupportClasses.Account_Lookup.AccountCheck(Account_Lookup.java:58)
at sun.reflect.GeneratedMethodAccessor2.invoke(Unknown Source)
at sun.reflect.DelegatingMethodAccessorImpl.invoke(Unknown Source)
at java.lang.reflect.Method.invoke(Unknown Source)
at org.testng.internal.MethodInvocationHelper.invokeMethod(MethodInvocationHelper.java:124)
at org.testng.internal.Invoker.invokeMethod(Invoker.java:580)
at org.testng.internal.Invoker.invokeTestMethod(Invoker.java:716)
at org.testng.internal.TestMethodWithDataProviderMethodWorker.call(TestMethodWithDataProviderMethodWorker.java:71)
at org.testng.internal.TestMethodWithDataProviderMethodWorker.call(TestMethodWithDataProviderMethodWorker.java:14)
at java.util.concurrent.FutureTask.run(Unknown Source)
at java.util.concurrent.Executors$RunnableAdapter.call(Unknown Source)
at java.util.concurrent.FutureTask.run(Unknown Source)
at java.util.concurrent.ThreadPoolExecutor.runWorker(Unknown Source)
at java.util.concurrent.ThreadPoolExecutor$Worker.run(Unknown Source)
at java.lang.Thread.run(Unknown Source)
]]>
    </failure>
  </testcase> <!-- AccountCheck -->
  <testcase name="AccountCheck" time="47.818" classname="SupportClasses.Account_Lookup">
    <failure type="java.lang.AssertionError" message="Initialisation of record 0xFD left 1295 bytes remaining still to be read.">
      <![CDATA[java.lang.AssertionError: Initialisation of record 0xFD left 1295 bytes remaining still to be read.
at org.testng.Assert.fail(Assert.java:96)
at SupportClasses.Account_Lookup.AccountCheck(Account_Lookup.java:58)
at sun.reflect.GeneratedMethodAccessor2.invoke(Unknown Source)
at sun.reflect.DelegatingMethodAccessorImpl.invoke(Unknown Source)
at java.lang.reflect.Method.invoke(Unknown Source)
at org.testng.internal.MethodInvocationHelper.invokeMethod(MethodInvocationHelper.java:124)
at org.testng.internal.Invoker.invokeMethod(Invoker.java:580)
at org.testng.internal.Invoker.invokeTestMethod(Invoker.java:716)
at org.testng.internal.TestMethodWithDataProviderMethodWorker.call(TestMethodWithDataProviderMethodWorker.java:71)
at org.testng.internal.TestMethodWithDataProviderMethodWorker.call(TestMethodWithDataProviderMethodWorker.java:14)
at java.util.concurrent.FutureTask.run(Unknown Source)
at java.util.concurrent.Executors$RunnableAdapter.call(Unknown Source)
at java.util.concurrent.FutureTask.run(Unknown Source)
at java.util.concurrent.ThreadPoolExecutor.runWorker(Unknown Source)
at java.util.concurrent.ThreadPoolExecutor$Worker.run(Unknown Source)
at java.lang.Thread.run(Unknown Source)
]]>
    </failure>
  </testcase> <!-- AccountCheck -->
  <testcase name="AccountCheck" time="47.918" classname="SupportClasses.Account_Lookup">
    <failure type="java.lang.AssertionError" message="Initialisation of record 0xFD left 1295 bytes remaining still to be read.">
      <![CDATA[java.lang.AssertionError: Initialisation of record 0xFD left 1295 bytes remaining still to be read.
at org.testng.Assert.fail(Assert.java:96)
at SupportClasses.Account_Lookup.AccountCheck(Account_Lookup.java:58)
at sun.reflect.GeneratedMethodAccessor2.invoke(Unknown Source)
at sun.reflect.DelegatingMethodAccessorImpl.invoke(Unknown Source)
at java.lang.reflect.Method.invoke(Unknown Source)
at org.testng.internal.MethodInvocationHelper.invokeMethod(MethodInvocationHelper.java:124)
at org.testng.internal.Invoker.invokeMethod(Invoker.java:580)
at org.testng.internal.Invoker.invokeTestMethod(Invoker.java:716)
at org.testng.internal.TestMethodWithDataProviderMethodWorker.call(TestMethodWithDataProviderMethodWorker.java:71)
at org.testng.internal.TestMethodWithDataProviderMethodWorker.call(TestMethodWithDataProviderMethodWorker.java:14)
at java.util.concurrent.FutureTask.run(Unknown Source)
at java.util.concurrent.Executors$RunnableAdapter.call(Unknown Source)
at java.util.concurrent.FutureTask.run(Unknown Source)
at java.util.concurrent.ThreadPoolExecutor.runWorker(Unknown Source)
at java.util.concurrent.ThreadPoolExecutor$Worker.run(Unknown Source)
at java.lang.Thread.run(Unknown Source)
]]>
    </failure>
  </testcase> <!-- AccountCheck -->
  <testcase name="AccountCheck" time="8.165" classname="SupportClasses.Account_Lookup">
    <failure type="java.lang.AssertionError" message="Initialisation of record 0xFD left 1295 bytes remaining still to be read.">
      <![CDATA[java.lang.AssertionError: Initialisation of record 0xFD left 1295 bytes remaining still to be read.
at org.testng.Assert.fail(Assert.java:96)
at SupportClasses.Account_Lookup.AccountCheck(Account_Lookup.java:58)
at sun.reflect.GeneratedMethodAccessor2.invoke(Unknown Source)
at sun.reflect.DelegatingMethodAccessorImpl.invoke(Unknown Source)
at java.lang.reflect.Method.invoke(Unknown Source)
at org.testng.internal.MethodInvocationHelper.invokeMethod(MethodInvocationHelper.java:124)
at org.testng.internal.Invoker.invokeMethod(Invoker.java:580)
at org.testng.internal.Invoker.invokeTestMethod(Invoker.java:716)
at org.testng.internal.TestMethodWithDataProviderMethodWorker.call(TestMethodWithDataProviderMethodWorker.java:71)
at org.testng.internal.TestMethodWithDataProviderMethodWorker.call(TestMethodWithDataProviderMethodWorker.java:14)
at java.util.concurrent.FutureTask.run(Unknown Source)
at java.util.concurrent.Executors$RunnableAdapter.call(Unknown Source)
at java.util.concurrent.FutureTask.run(Unknown Source)
at java.util.concurrent.ThreadPoolExecutor.runWorker(Unknown Source)
at java.util.concurrent.ThreadPoolExecutor$Worker.run(Unknown Source)
at java.lang.Thread.run(Unknown Source)
]]>
    </failure>
  </testcase> <!-- AccountCheck -->
  <testcase name="AccountCheck" time="11.543" classname="SupportClasses.Account_Lookup">
    <failure type="java.lang.AssertionError" message="null">
      <![CDATA[java.lang.AssertionError: null
at org.testng.Assert.fail(Assert.java:96)
at SupportClasses.Account_Lookup.AccountCheck(Account_Lookup.java:58)
at sun.reflect.GeneratedMethodAccessor2.invoke(Unknown Source)
at sun.reflect.DelegatingMethodAccessorImpl.invoke(Unknown Source)
at java.lang.reflect.Method.invoke(Unknown Source)
at org.testng.internal.MethodInvocationHelper.invokeMethod(MethodInvocationHelper.java:124)
at org.testng.internal.Invoker.invokeMethod(Invoker.java:580)
at org.testng.internal.Invoker.invokeTestMethod(Invoker.java:716)
at org.testng.internal.TestMethodWithDataProviderMethodWorker.call(TestMethodWithDataProviderMethodWorker.java:71)
at org.testng.internal.TestMethodWithDataProviderMethodWorker.call(TestMethodWithDataProviderMethodWorker.java:14)
at java.util.concurrent.FutureTask.run(Unknown Source)
at java.util.concurrent.Executors$RunnableAdapter.call(Unknown Source)
at java.util.concurrent.FutureTask.run(Unknown Source)
at java.util.concurrent.ThreadPoolExecutor.runWorker(Unknown Source)
at java.util.concurrent.ThreadPoolExecutor$Worker.run(Unknown Source)
at java.lang.Thread.run(Unknown Source)
]]>
    </failure>
  </testcase> <!-- AccountCheck -->
  <testcase name="AccountCheck" time="40.183" classname="SupportClasses.Account_Lookup"/>
  <testcase name="AccountCheck" time="33.921" classname="SupportClasses.Account_Lookup"/>
  <testcase name="AccountCheck" time="39.024" classname="SupportClasses.Account_Lookup">
    <failure type="java.lang.AssertionError" message="Initialisation of record 0xFD left 1295 bytes remaining still to be read.">
      <![CDATA[java.lang.AssertionError: Initialisation of record 0xFD left 1295 bytes remaining still to be read.
at org.testng.Assert.fail(Assert.java:96)
at SupportClasses.Account_Lookup.AccountCheck(Account_Lookup.java:58)
at sun.reflect.GeneratedMethodAccessor2.invoke(Unknown Source)
at sun.reflect.DelegatingMethodAccessorImpl.invoke(Unknown Source)
at java.lang.reflect.Method.invoke(Unknown Source)
at org.testng.internal.MethodInvocationHelper.invokeMethod(MethodInvocationHelper.java:124)
at org.testng.internal.Invoker.invokeMethod(Invoker.java:580)
at org.testng.internal.Invoker.invokeTestMethod(Invoker.java:716)
at org.testng.internal.TestMethodWithDataProviderMethodWorker.call(TestMethodWithDataProviderMethodWorker.java:71)
at org.testng.internal.TestMethodWithDataProviderMethodWorker.call(TestMethodWithDataProviderMethodWorker.java:14)
at java.util.concurrent.FutureTask.run(Unknown Source)
at java.util.concurrent.Executors$RunnableAdapter.call(Unknown Source)
at java.util.concurrent.FutureTask.run(Unknown Source)
at java.util.concurrent.ThreadPoolExecutor.runWorker(Unknown Source)
at java.util.concurrent.ThreadPoolExecutor$Worker.run(Unknown Source)
at java.lang.Thread.run(Unknown Source)
]]>
    </failure>
  </testcase> <!-- AccountCheck -->
  <testcase name="AccountCheck" time="9.274" classname="SupportClasses.Account_Lookup">
    <failure type="java.lang.AssertionError" message="Initialisation of record 0xFD left 1295 bytes remaining still to be read.">
      <![CDATA[java.lang.AssertionError: Initialisation of record 0xFD left 1295 bytes remaining still to be read.
at org.testng.Assert.fail(Assert.java:96)
at SupportClasses.Account_Lookup.AccountCheck(Account_Lookup.java:58)
at sun.reflect.GeneratedMethodAccessor2.invoke(Unknown Source)
at sun.reflect.DelegatingMethodAccessorImpl.invoke(Unknown Source)
at java.lang.reflect.Method.invoke(Unknown Source)
at org.testng.internal.MethodInvocationHelper.invokeMethod(MethodInvocationHelper.java:124)
at org.testng.internal.Invoker.invokeMethod(Invoker.java:580)
at org.testng.internal.Invoker.invokeTestMethod(Invoker.java:716)
at org.testng.internal.TestMethodWithDataProviderMethodWorker.call(TestMethodWithDataProviderMethodWorker.java:71)
at org.testng.internal.TestMethodWithDataProviderMethodWorker.call(TestMethodWithDataProviderMethodWorker.java:14)
at java.util.concurrent.FutureTask.run(Unknown Source)
at java.util.concurrent.Executors$RunnableAdapter.call(Unknown Source)
at java.util.concurrent.FutureTask.run(Unknown Source)
at java.util.concurrent.ThreadPoolExecutor.runWorker(Unknown Source)
at java.util.concurrent.ThreadPoolExecutor$Worker.run(Unknown Source)
at java.lang.Thread.run(Unknown Source)
]]>
    </failure>
  </testcase> <!-- AccountCheck -->
  <testcase name="AccountCheck" time="38.048" classname="SupportClasses.Account_Lookup"/>
  <testcase name="AccountCheck" time="6.537" classname="SupportClasses.Account_Lookup"/>
  <testcase name="AccountCheck" time="14.003" classname="SupportClasses.Account_Lookup"/>
  <testcase name="AccountCheck" time="45.074" classname="SupportClasses.Account_Lookup">
    <failure type="java.lang.AssertionError" message="null">
      <![CDATA[java.lang.AssertionError: null
at org.testng.Assert.fail(Assert.java:96)
at SupportClasses.Account_Lookup.AccountCheck(Account_Lookup.java:58)
at sun.reflect.GeneratedMethodAccessor2.invoke(Unknown Source)
at sun.reflect.DelegatingMethodAccessorImpl.invoke(Unknown Source)
at java.lang.reflect.Method.invoke(Unknown Source)
at org.testng.internal.MethodInvocationHelper.invokeMethod(MethodInvocationHelper.java:124)
at org.testng.internal.Invoker.invokeMethod(Invoker.java:580)
at org.testng.internal.Invoker.invokeTestMethod(Invoker.java:716)
at org.testng.internal.TestMethodWithDataProviderMethodWorker.call(TestMethodWithDataProviderMethodWorker.java:71)
at org.testng.internal.TestMethodWithDataProviderMethodWorker.call(TestMethodWithDataProviderMethodWorker.java:14)
at java.util.concurrent.FutureTask.run(Unknown Source)
at java.util.concurrent.Executors$RunnableAdapter.call(Unknown Source)
at java.util.concurrent.FutureTask.run(Unknown Source)
at java.util.concurrent.ThreadPoolExecutor.runWorker(Unknown Source)
at java.util.concurrent.ThreadPoolExecutor$Worker.run(Unknown Source)
at java.lang.Thread.run(Unknown Source)
]]>
    </failure>
  </testcase> <!-- AccountCheck -->
  <testcase name="AccountCheck" time="22.678" classname="SupportClasses.Account_Lookup"/>
  <testcase name="AccountCheck" time="39.324" classname="SupportClasses.Account_Lookup"/>
  <testcase name="AccountCheck" time="15.024" classname="SupportClasses.Account_Lookup"/>
  <testcase name="AccountCheck" time="37.361" classname="SupportClasses.Account_Lookup"/>
  <testcase name="AccountCheck" time="39.294" classname="SupportClasses.Account_Lookup"/>
  <testcase name="AccountCheck" time="36.010" classname="SupportClasses.Account_Lookup"/>
  <testcase name="AccountCheck" time="23.840" classname="SupportClasses.Account_Lookup">
    <failure type="java.lang.AssertionError" message="Initialisation of record 0xFD left 1295 bytes remaining still to be read.">
      <![CDATA[java.lang.AssertionError: Initialisation of record 0xFD left 1295 bytes remaining still to be read.
at org.testng.Assert.fail(Assert.java:96)
at SupportClasses.Account_Lookup.AccountCheck(Account_Lookup.java:58)
at sun.reflect.GeneratedMethodAccessor2.invoke(Unknown Source)
at sun.reflect.DelegatingMethodAccessorImpl.invoke(Unknown Source)
at java.lang.reflect.Method.invoke(Unknown Source)
at org.testng.internal.MethodInvocationHelper.invokeMethod(MethodInvocationHelper.java:124)
at org.testng.internal.Invoker.invokeMethod(Invoker.java:580)
at org.testng.internal.Invoker.invokeTestMethod(Invoker.java:716)
at org.testng.internal.TestMethodWithDataProviderMethodWorker.call(TestMethodWithDataProviderMethodWorker.java:71)
at org.testng.internal.TestMethodWithDataProviderMethodWorker.call(TestMethodWithDataProviderMethodWorker.java:14)
at java.util.concurrent.FutureTask.run(Unknown Source)
at java.util.concurrent.Executors$RunnableAdapter.call(Unknown Source)
at java.util.concurrent.FutureTask.run(Unknown Source)
at java.util.concurrent.ThreadPoolExecutor.runWorker(Unknown Source)
at java.util.concurrent.ThreadPoolExecutor$Worker.run(Unknown Source)
at java.lang.Thread.run(Unknown Source)
]]>
    </failure>
  </testcase> <!-- AccountCheck -->
  <testcase name="AccountCheck" time="46.058" classname="SupportClasses.Account_Lookup"/>
  <testcase name="AccountCheck" time="19.766" classname="SupportClasses.Account_Lookup"/>
  <testcase name="AccountCheck" time="22.288" classname="SupportClasses.Account_Lookup"/>
  <testcase name="AccountCheck" time="34.741" classname="SupportClasses.Account_Lookup">
    <failure type="java.lang.AssertionError" message="Initialisation of record 0xFD left 1295 bytes remaining still to be read.">
      <![CDATA[java.lang.AssertionError: Initialisation of record 0xFD left 1295 bytes remaining still to be read.
at org.testng.Assert.fail(Assert.java:96)
at SupportClasses.Account_Lookup.AccountCheck(Account_Lookup.java:58)
at sun.reflect.GeneratedMethodAccessor2.invoke(Unknown Source)
at sun.reflect.DelegatingMethodAccessorImpl.invoke(Unknown Source)
at java.lang.reflect.Method.invoke(Unknown Source)
at org.testng.internal.MethodInvocationHelper.invokeMethod(MethodInvocationHelper.java:124)
at org.testng.internal.Invoker.invokeMethod(Invoker.java:580)
at org.testng.internal.Invoker.invokeTestMethod(Invoker.java:716)
at org.testng.internal.TestMethodWithDataProviderMethodWorker.call(TestMethodWithDataProviderMethodWorker.java:71)
at org.testng.internal.TestMethodWithDataProviderMethodWorker.call(TestMethodWithDataProviderMethodWorker.java:14)
at java.util.concurrent.FutureTask.run(Unknown Source)
at java.util.concurrent.Executors$RunnableAdapter.call(Unknown Source)
at java.util.concurrent.FutureTask.run(Unknown Source)
at java.util.concurrent.ThreadPoolExecutor.runWorker(Unknown Source)
at java.util.concurrent.ThreadPoolExecutor$Worker.run(Unknown Source)
at java.lang.Thread.run(Unknown Source)
]]>
    </failure>
  </testcase> <!-- AccountCheck -->
  <testcase name="AccountCheck" time="18.454" classname="SupportClasses.Account_Lookup"/>
  <testcase name="AccountCheck" time="35.627" classname="SupportClasses.Account_Lookup"/>
  <testcase name="AccountCheck" time="29.984" classname="SupportClasses.Account_Lookup"/>
  <testcase name="AccountCheck" time="12.574" classname="SupportClasses.Account_Lookup"/>
  <testcase name="AccountCheck" time="25.830" classname="SupportClasses.Account_Lookup"/>
  <testcase name="AccountCheck" time="29.731" classname="SupportClasses.Account_Lookup"/>
  <testcase name="AccountCheck" time="5.140" classname="SupportClasses.Account_Lookup"/>
  <testcase name="AccountCheck" time="37.247" classname="SupportClasses.Account_Lookup">
    <failure type="java.lang.AssertionError" message="null">
      <![CDATA[java.lang.AssertionError: null
at org.testng.Assert.fail(Assert.java:96)
at SupportClasses.Account_Lookup.AccountCheck(Account_Lookup.java:58)
at sun.reflect.GeneratedMethodAccessor2.invoke(Unknown Source)
at sun.reflect.DelegatingMethodAccessorImpl.invoke(Unknown Source)
at java.lang.reflect.Method.invoke(Unknown Source)
at org.testng.internal.MethodInvocationHelper.invokeMethod(MethodInvocationHelper.java:124)
at org.testng.internal.Invoker.invokeMethod(Invoker.java:580)
at org.testng.internal.Invoker.invokeTestMethod(Invoker.java:716)
at org.testng.internal.TestMethodWithDataProviderMethodWorker.call(TestMethodWithDataProviderMethodWorker.java:71)
at org.testng.internal.TestMethodWithDataProviderMethodWorker.call(TestMethodWithDataProviderMethodWorker.java:14)
at java.util.concurrent.FutureTask.run(Unknown Source)
at java.util.concurrent.Executors$RunnableAdapter.call(Unknown Source)
at java.util.concurrent.FutureTask.run(Unknown Source)
at java.util.concurrent.ThreadPoolExecutor.runWorker(Unknown Source)
at java.util.concurrent.ThreadPoolExecutor$Worker.run(Unknown Source)
at java.lang.Thread.run(Unknown Source)
]]>
    </failure>
  </testcase> <!-- AccountCheck -->
  <testcase name="AccountCheck" time="24.682" classname="SupportClasses.Account_Lookup"/>
  <testcase name="AccountCheck" time="48.158" classname="SupportClasses.Account_Lookup">
    <failure type="java.lang.AssertionError" message="Initialisation of record 0xFD left 1295 bytes remaining still to be read.">
      <![CDATA[java.lang.AssertionError: Initialisation of record 0xFD left 1295 bytes remaining still to be read.
at org.testng.Assert.fail(Assert.java:96)
at SupportClasses.Account_Lookup.AccountCheck(Account_Lookup.java:58)
at sun.reflect.GeneratedMethodAccessor2.invoke(Unknown Source)
at sun.reflect.DelegatingMethodAccessorImpl.invoke(Unknown Source)
at java.lang.reflect.Method.invoke(Unknown Source)
at org.testng.internal.MethodInvocationHelper.invokeMethod(MethodInvocationHelper.java:124)
at org.testng.internal.Invoker.invokeMethod(Invoker.java:580)
at org.testng.internal.Invoker.invokeTestMethod(Invoker.java:716)
at org.testng.internal.TestMethodWithDataProviderMethodWorker.call(TestMethodWithDataProviderMethodWorker.java:71)
at org.testng.internal.TestMethodWithDataProviderMethodWorker.call(TestMethodWithDataProviderMethodWorker.java:14)
at java.util.concurrent.FutureTask.run(Unknown Source)
at java.util.concurrent.Executors$RunnableAdapter.call(Unknown Source)
at java.util.concurrent.FutureTask.run(Unknown Source)
at java.util.concurrent.ThreadPoolExecutor.runWorker(Unknown Source)
at java.util.concurrent.ThreadPoolExecutor$Worker.run(Unknown Source)
at java.lang.Thread.run(Unknown Source)
]]>
    </failure>
  </testcase> <!-- AccountCheck -->
  <testcase name="AccountCheck" time="17.413" classname="SupportClasses.Account_Lookup"/>
  <testcase name="AccountCheck" time="5.265" classname="SupportClasses.Account_Lookup"/>
  <testcase name="AccountCheck" time="45.386" classname="SupportClasses.Account_Lookup"/>
  <testcase name="AccountCheck" time="4.572" classname="SupportClasses.Account_Lookup"/>
  <testcase name="AccountCheck" time="10.608" classname="SupportClasses.Account_Lookup"/>
  <testcase name="AccountCheck" time="28.151" classname="SupportClasses.Account_Lookup">
    <failure type="java.lang.AssertionError" message="null">
      <![CDATA[java.lang.AssertionError: null
at org.testng.Assert.fail(Assert.java:96)
at SupportClasses.Account_Lookup.AccountCheck(Account_Lookup.java:58)
at sun.reflect.GeneratedMethodAccessor2.invoke(Unknown Source)
at sun.reflect.DelegatingMethodAccessorImpl.invoke(Unknown Source)
at java.lang.reflect.Method.invoke(Unknown Source)
at org.testng.internal.MethodInvocationHelper.invokeMethod(MethodInvocationHelper.java:124)
at org.testng.internal.Invoker.invokeMethod(Invoker.java:580)
at org.testng.internal.Invoker.invokeTestMethod(Invoker.java:716)
at org.testng.internal.TestMethodWithDataProviderMethodWorker.call(TestMethodWithDataProviderMethodWorker.java:71)
at org.testng.internal.TestMethodWithDataProviderMethodWorker.call(TestMethodWithDataProviderMethodWorker.java:14)
at java.util.concurrent.FutureTask.run(Unknown Source)
at java.util.concurrent.Executors$RunnableAdapter.call(Unknown Source)
at java.util.concurrent.FutureTask.run(Unknown Source)
at java.util.concurrent.ThreadPoolExecutor.runWorker(Unknown Source)
at java.util.concurrent.ThreadPoolExecutor$Worker.run(Unknown Source)
at java.lang.Thread.run(Unknown Source)
]]>
    </failure>
  </testcase> <!-- AccountCheck -->
  <testcase name="AccountCheck" time="26.078" classname="SupportClasses.Account_Lookup"/>
  <testcase name="AccountCheck" time="57.342" classname="SupportClasses.Account_Lookup"/>
  <testcase name="AccountCheck" time="20.491" classname="SupportClasses.Account_Lookup"/>
  <testcase name="AccountCheck" time="13.862" classname="SupportClasses.Account_Lookup"/>
  <testcase name="AccountCheck" time="21.602" classname="SupportClasses.Account_Lookup"/>
  <testcase name="AccountCheck" time="9.675" classname="SupportClasses.Account_Lookup"/>
  <testcase name="AccountCheck" time="20.451" classname="SupportClasses.Account_Lookup"/>
  <testcase name="AccountCheck" time="41.158" classname="SupportClasses.Account_Lookup"/>
  <testcase name="AccountCheck" time="4.606" classname="SupportClasses.Account_Lookup"/>
  <testcase name="AccountCheck" time="29.629" classname="SupportClasses.Account_Lookup"/>
  <testcase name="AccountCheck" time="36.455" classname="SupportClasses.Account_Lookup"/>
  <testcase name="AccountCheck" time="21.414" classname="SupportClasses.Account_Lookup"/>
  <testcase name="AccountCheck" time="14.429" classname="SupportClasses.Account_Lookup"/>
  <testcase name="AccountCheck" time="21.622" classname="SupportClasses.Account_Lookup"/>
  <testcase name="AccountCheck" time="15.026" classname="SupportClasses.Account_Lookup"/>
  <testcase name="AccountCheck" time="20.320" classname="SupportClasses.Account_Lookup"/>
  <testcase name="AccountCheck" time="30.172" classname="SupportClasses.Account_Lookup"/>
  <testcase name="AccountCheck" time="21.945" classname="SupportClasses.Account_Lookup"/>
  <testcase name="AccountCheck" time="22.691" classname="SupportClasses.Account_Lookup"/>
  <testcase name="AccountCheck" time="17.748" classname="SupportClasses.Account_Lookup"/>
  <testcase name="AccountCheck" time="38.591" classname="SupportClasses.Account_Lookup">
    <failure type="java.lang.AssertionError" message="Initialisation of record 0xFD left 1295 bytes remaining still to be read.">
      <![CDATA[java.lang.AssertionError: Initialisation of record 0xFD left 1295 bytes remaining still to be read.
at org.testng.Assert.fail(Assert.java:96)
at SupportClasses.Account_Lookup.AccountCheck(Account_Lookup.java:58)
at sun.reflect.GeneratedMethodAccessor2.invoke(Unknown Source)
at sun.reflect.DelegatingMethodAccessorImpl.invoke(Unknown Source)
at java.lang.reflect.Method.invoke(Unknown Source)
at org.testng.internal.MethodInvocationHelper.invokeMethod(MethodInvocationHelper.java:124)
at org.testng.internal.Invoker.invokeMethod(Invoker.java:580)
at org.testng.internal.Invoker.invokeTestMethod(Invoker.java:716)
at org.testng.internal.TestMethodWithDataProviderMethodWorker.call(TestMethodWithDataProviderMethodWorker.java:71)
at org.testng.internal.TestMethodWithDataProviderMethodWorker.call(TestMethodWithDataProviderMethodWorker.java:14)
at java.util.concurrent.FutureTask.run(Unknown Source)
at java.util.concurrent.Executors$RunnableAdapter.call(Unknown Source)
at java.util.concurrent.FutureTask.run(Unknown Source)
at java.util.concurrent.ThreadPoolExecutor.runWorker(Unknown Source)
at java.util.concurrent.ThreadPoolExecutor$Worker.run(Unknown Source)
at java.lang.Thread.run(Unknown Source)
]]>
    </failure>
  </testcase> <!-- AccountCheck -->
  <testcase name="AccountCheck" time="29.151" classname="SupportClasses.Account_Lookup">
    <failure type="java.lang.AssertionError" message="Initialisation of record 0xFD left 1295 bytes remaining still to be read.">
      <![CDATA[java.lang.AssertionError: Initialisation of record 0xFD left 1295 bytes remaining still to be read.
at org.testng.Assert.fail(Assert.java:96)
at SupportClasses.Account_Lookup.AccountCheck(Account_Lookup.java:58)
at sun.reflect.GeneratedMethodAccessor2.invoke(Unknown Source)
at sun.reflect.DelegatingMethodAccessorImpl.invoke(Unknown Source)
at java.lang.reflect.Method.invoke(Unknown Source)
at org.testng.internal.MethodInvocationHelper.invokeMethod(MethodInvocationHelper.java:124)
at org.testng.internal.Invoker.invokeMethod(Invoker.java:580)
at org.testng.internal.Invoker.invokeTestMethod(Invoker.java:716)
at org.testng.internal.TestMethodWithDataProviderMethodWorker.call(TestMethodWithDataProviderMethodWorker.java:71)
at org.testng.internal.TestMethodWithDataProviderMethodWorker.call(TestMethodWithDataProviderMethodWorker.java:14)
at java.util.concurrent.FutureTask.run(Unknown Source)
at java.util.concurrent.Executors$RunnableAdapter.call(Unknown Source)
at java.util.concurrent.FutureTask.run(Unknown Source)
at java.util.concurrent.ThreadPoolExecutor.runWorker(Unknown Source)
at java.util.concurrent.ThreadPoolExecutor$Worker.run(Unknown Source)
at java.lang.Thread.run(Unknown Source)
]]>
    </failure>
  </testcase> <!-- AccountCheck -->
  <testcase name="AccountCheck" time="11.810" classname="SupportClasses.Account_Lookup"/>
  <testcase name="AccountCheck" time="30.193" classname="SupportClasses.Account_Lookup"/>
  <testcase name="AccountCheck" time="27.037" classname="SupportClasses.Account_Lookup"/>
  <testcase name="AccountCheck" time="15.020" classname="SupportClasses.Account_Lookup"/>
  <testcase name="AccountCheck" time="4.797" classname="SupportClasses.Account_Lookup"/>
  <testcase name="AccountCheck" time="10.030" classname="SupportClasses.Account_Lookup"/>
  <testcase name="AccountCheck" time="30.132" classname="SupportClasses.Account_Lookup"/>
  <testcase name="AccountCheck" time="23.813" classname="SupportClasses.Account_Lookup"/>
  <testcase name="AccountCheck" time="19.489" classname="SupportClasses.Account_Lookup"/>
  <testcase name="AccountCheck" time="59.621" classname="SupportClasses.Account_Lookup">
    <failure type="java.lang.AssertionError" message="Initialisation of record 0xFD left 1295 bytes remaining still to be read.">
      <![CDATA[java.lang.AssertionError: Initialisation of record 0xFD left 1295 bytes remaining still to be read.
at org.testng.Assert.fail(Assert.java:96)
at SupportClasses.Account_Lookup.AccountCheck(Account_Lookup.java:58)
at sun.reflect.GeneratedMethodAccessor2.invoke(Unknown Source)
at sun.reflect.DelegatingMethodAccessorImpl.invoke(Unknown Source)
at java.lang.reflect.Method.invoke(Unknown Source)
at org.testng.internal.MethodInvocationHelper.invokeMethod(MethodInvocationHelper.java:124)
at org.testng.internal.Invoker.invokeMethod(Invoker.java:580)
at org.testng.internal.Invoker.invokeTestMethod(Invoker.java:716)
at org.testng.internal.TestMethodWithDataProviderMethodWorker.call(TestMethodWithDataProviderMethodWorker.java:71)
at org.testng.internal.TestMethodWithDataProviderMethodWorker.call(TestMethodWithDataProviderMethodWorker.java:14)
at java.util.concurrent.FutureTask.run(Unknown Source)
at java.util.concurrent.Executors$RunnableAdapter.call(Unknown Source)
at java.util.concurrent.FutureTask.run(Unknown Source)
at java.util.concurrent.ThreadPoolExecutor.runWorker(Unknown Source)
at java.util.concurrent.ThreadPoolExecutor$Worker.run(Unknown Source)
at java.lang.Thread.run(Unknown Source)
]]>
    </failure>
  </testcase> <!-- AccountCheck -->
  <testcase name="AccountCheck" time="13.275" classname="SupportClasses.Account_Lookup"/>
  <testcase name="AccountCheck" time="4.485" classname="SupportClasses.Account_Lookup"/>
  <testcase name="AccountCheck" time="10.842" classname="SupportClasses.Account_Lookup"/>
  <testcase name="AccountCheck" time="30.938" classname="SupportClasses.Account_Lookup"/>
  <testcase name="AccountCheck" time="25.600" classname="SupportClasses.Account_Lookup"/>
  <testcase name="AccountCheck" time="42.283" classname="SupportClasses.Account_Lookup"/>
  <testcase name="AccountCheck" time="29.015" classname="SupportClasses.Account_Lookup"/>
  <testcase name="AccountCheck" time="25.702" classname="SupportClasses.Account_Lookup">
    <failure type="java.lang.AssertionError" message="null">
      <![CDATA[java.lang.AssertionError: null
at org.testng.Assert.fail(Assert.java:96)
at SupportClasses.Account_Lookup.AccountCheck(Account_Lookup.java:58)
at sun.reflect.GeneratedMethodAccessor2.invoke(Unknown Source)
at sun.reflect.DelegatingMethodAccessorImpl.invoke(Unknown Source)
at java.lang.reflect.Method.invoke(Unknown Source)
at org.testng.internal.MethodInvocationHelper.invokeMethod(MethodInvocationHelper.java:124)
at org.testng.internal.Invoker.invokeMethod(Invoker.java:580)
at org.testng.internal.Invoker.invokeTestMethod(Invoker.java:716)
at org.testng.internal.TestMethodWithDataProviderMethodWorker.call(TestMethodWithDataProviderMethodWorker.java:71)
at org.testng.internal.TestMethodWithDataProviderMethodWorker.call(TestMethodWithDataProviderMethodWorker.java:14)
at java.util.concurrent.FutureTask.run(Unknown Source)
at java.util.concurrent.Executors$RunnableAdapter.call(Unknown Source)
at java.util.concurrent.FutureTask.run(Unknown Source)
at java.util.concurrent.ThreadPoolExecutor.runWorker(Unknown Source)
at java.util.concurrent.ThreadPoolExecutor$Worker.run(Unknown Source)
at java.lang.Thread.run(Unknown Source)
]]>
    </failure>
  </testcase> <!-- AccountCheck -->
  <testcase name="AccountCheck" time="14.891" classname="SupportClasses.Account_Lookup"/>
  <testcase name="AccountCheck" time="18.800" classname="SupportClasses.Account_Lookup">
    <failure type="java.lang.AssertionError" message="Initialisation of record 0xFD left 1295 bytes remaining still to be read.">
      <![CDATA[java.lang.AssertionError: Initialisation of record 0xFD left 1295 bytes remaining still to be read.
at org.testng.Assert.fail(Assert.java:96)
at SupportClasses.Account_Lookup.AccountCheck(Account_Lookup.java:58)
at sun.reflect.GeneratedMethodAccessor2.invoke(Unknown Source)
at sun.reflect.DelegatingMethodAccessorImpl.invoke(Unknown Source)
at java.lang.reflect.Method.invoke(Unknown Source)
at org.testng.internal.MethodInvocationHelper.invokeMethod(MethodInvocationHelper.java:124)
at org.testng.internal.Invoker.invokeMethod(Invoker.java:580)
at org.testng.internal.Invoker.invokeTestMethod(Invoker.java:716)
at org.testng.internal.TestMethodWithDataProviderMethodWorker.call(TestMethodWithDataProviderMethodWorker.java:71)
at org.testng.internal.TestMethodWithDataProviderMethodWorker.call(TestMethodWithDataProviderMethodWorker.java:14)
at java.util.concurrent.FutureTask.run(Unknown Source)
at java.util.concurrent.Executors$RunnableAdapter.call(Unknown Source)
at java.util.concurrent.FutureTask.run(Unknown Source)
at java.util.concurrent.ThreadPoolExecutor.runWorker(Unknown Source)
at java.util.concurrent.ThreadPoolExecutor$Worker.run(Unknown Source)
at java.lang.Thread.run(Unknown Source)
]]>
    </failure>
  </testcase> <!-- AccountCheck -->
  <testcase name="AccountCheck" time="50.683" classname="SupportClasses.Account_Lookup"/>
  <testcase name="AccountCheck" time="30.905" classname="SupportClasses.Account_Lookup"/>
  <testcase name="AccountCheck" time="4.697" classname="SupportClasses.Account_Lookup"/>
  <testcase name="AccountCheck" time="6.705" classname="SupportClasses.Account_Lookup">
    <failure type="java.lang.AssertionError" message="Initialisation of record 0xFD left 1295 bytes remaining still to be read.">
      <![CDATA[java.lang.AssertionError: Initialisation of record 0xFD left 1295 bytes remaining still to be read.
at org.testng.Assert.fail(Assert.java:96)
at SupportClasses.Account_Lookup.AccountCheck(Account_Lookup.java:58)
at sun.reflect.GeneratedMethodAccessor2.invoke(Unknown Source)
at sun.reflect.DelegatingMethodAccessorImpl.invoke(Unknown Source)
at java.lang.reflect.Method.invoke(Unknown Source)
at org.testng.internal.MethodInvocationHelper.invokeMethod(MethodInvocationHelper.java:124)
at org.testng.internal.Invoker.invokeMethod(Invoker.java:580)
at org.testng.internal.Invoker.invokeTestMethod(Invoker.java:716)
at org.testng.internal.TestMethodWithDataProviderMethodWorker.call(TestMethodWithDataProviderMethodWorker.java:71)
at org.testng.internal.TestMethodWithDataProviderMethodWorker.call(TestMethodWithDataProviderMethodWorker.java:14)
at java.util.concurrent.FutureTask.run(Unknown Source)
at java.util.concurrent.Executors$RunnableAdapter.call(Unknown Source)
at java.util.concurrent.FutureTask.run(Unknown Source)
at java.util.concurrent.ThreadPoolExecutor.runWorker(Unknown Source)
at java.util.concurrent.ThreadPoolExecutor$Worker.run(Unknown Source)
at java.lang.Thread.run(Unknown Source)
]]>
    </failure>
  </testcase> <!-- AccountCheck -->
  <testcase name="AccountCheck" time="17.471" classname="SupportClasses.Account_Lookup"/>
  <testcase name="AccountCheck" time="18.799" classname="SupportClasses.Account_Lookup"/>
  <testcase name="AccountCheck" time="32.652" classname="SupportClasses.Account_Lookup"/>
  <testcase name="AccountCheck" time="13.899" classname="SupportClasses.Account_Lookup"/>
  <testcase name="AccountCheck" time="52.121" classname="SupportClasses.Account_Lookup"/>
  <testcase name="AccountCheck" time="9.755" classname="SupportClasses.Account_Lookup"/>
  <testcase name="AccountCheck" time="49.369" classname="SupportClasses.Account_Lookup"/>
  <testcase name="AccountCheck" time="10.493" classname="SupportClasses.Account_Lookup"/>
  <testcase name="AccountCheck" time="9.884" classname="SupportClasses.Account_Lookup"/>
  <testcase name="AccountCheck" time="24.375" classname="SupportClasses.Account_Lookup"/>
  <testcase name="AccountCheck" time="4.974" classname="SupportClasses.Account_Lookup"/>
  <testcase name="AccountCheck" time="5.924" classname="SupportClasses.Account_Lookup">
    <failure type="java.lang.AssertionError" message="Initialisation of record 0xFD left 1295 bytes remaining still to be read.">
      <![CDATA[java.lang.AssertionError: Initialisation of record 0xFD left 1295 bytes remaining still to be read.
at org.testng.Assert.fail(Assert.java:96)
at SupportClasses.Account_Lookup.AccountCheck(Account_Lookup.java:58)
at sun.reflect.GeneratedMethodAccessor2.invoke(Unknown Source)
at sun.reflect.DelegatingMethodAccessorImpl.invoke(Unknown Source)
at java.lang.reflect.Method.invoke(Unknown Source)
at org.testng.internal.MethodInvocationHelper.invokeMethod(MethodInvocationHelper.java:124)
at org.testng.internal.Invoker.invokeMethod(Invoker.java:580)
at org.testng.internal.Invoker.invokeTestMethod(Invoker.java:716)
at org.testng.internal.TestMethodWithDataProviderMethodWorker.call(TestMethodWithDataProviderMethodWorker.java:71)
at org.testng.internal.TestMethodWithDataProviderMethodWorker.call(TestMethodWithDataProviderMethodWorker.java:14)
at java.util.concurrent.FutureTask.run(Unknown Source)
at java.util.concurrent.Executors$RunnableAdapter.call(Unknown Source)
at java.util.concurrent.FutureTask.run(Unknown Source)
at java.util.concurrent.ThreadPoolExecutor.runWorker(Unknown Source)
at java.util.concurrent.ThreadPoolExecutor$Worker.run(Unknown Source)
at java.lang.Thread.run(Unknown Source)
]]>
    </failure>
  </testcase> <!-- AccountCheck -->
  <testcase name="AccountCheck" time="37.294" classname="SupportClasses.Account_Lookup"/>
  <testcase name="AccountCheck" time="36.775" classname="SupportClasses.Account_Lookup">
    <failure type="java.lang.AssertionError" message="null">
      <![CDATA[java.lang.AssertionError: null
at org.testng.Assert.fail(Assert.java:96)
at SupportClasses.Account_Lookup.AccountCheck(Account_Lookup.java:58)
at sun.reflect.GeneratedMethodAccessor2.invoke(Unknown Source)
at sun.reflect.DelegatingMethodAccessorImpl.invoke(Unknown Source)
at java.lang.reflect.Method.invoke(Unknown Source)
at org.testng.internal.MethodInvocationHelper.invokeMethod(MethodInvocationHelper.java:124)
at org.testng.internal.Invoker.invokeMethod(Invoker.java:580)
at org.testng.internal.Invoker.invokeTestMethod(Invoker.java:716)
at org.testng.internal.TestMethodWithDataProviderMethodWorker.call(TestMethodWithDataProviderMethodWorker.java:71)
at org.testng.internal.TestMethodWithDataProviderMethodWorker.call(TestMethodWithDataProviderMethodWorker.java:14)
at java.util.concurrent.FutureTask.run(Unknown Source)
at java.util.concurrent.Executors$RunnableAdapter.call(Unknown Source)
at java.util.concurrent.FutureTask.run(Unknown Source)
at java.util.concurrent.ThreadPoolExecutor.runWorker(Unknown Source)
at java.util.concurrent.ThreadPoolExecutor$Worker.run(Unknown Source)
at java.lang.Thread.run(Unknown Source)
]]>
    </failure>
  </testcase> <!-- AccountCheck -->
  <testcase name="AccountCheck" time="30.298" classname="SupportClasses.Account_Lookup"/>
  <testcase name="AccountCheck" time="11.158" classname="SupportClasses.Account_Lookup"/>
  <testcase name="AccountCheck" time="14.955" classname="SupportClasses.Account_Lookup"/>
  <testcase name="AccountCheck" time="59.116" classname="SupportClasses.Account_Lookup">
    <failure type="java.lang.AssertionError" message="Initialisation of record 0xFD left 1295 bytes remaining still to be read.">
      <![CDATA[java.lang.AssertionError: Initialisation of record 0xFD left 1295 bytes remaining still to be read.
at org.testng.Assert.fail(Assert.java:96)
at SupportClasses.Account_Lookup.AccountCheck(Account_Lookup.java:58)
at sun.reflect.GeneratedMethodAccessor2.invoke(Unknown Source)
at sun.reflect.DelegatingMethodAccessorImpl.invoke(Unknown Source)
at java.lang.reflect.Method.invoke(Unknown Source)
at org.testng.internal.MethodInvocationHelper.invokeMethod(MethodInvocationHelper.java:124)
at org.testng.internal.Invoker.invokeMethod(Invoker.java:580)
at org.testng.internal.Invoker.invokeTestMethod(Invoker.java:716)
at org.testng.internal.TestMethodWithDataProviderMethodWorker.call(TestMethodWithDataProviderMethodWorker.java:71)
at org.testng.internal.TestMethodWithDataProviderMethodWorker.call(TestMethodWithDataProviderMethodWorker.java:14)
at java.util.concurrent.FutureTask.run(Unknown Source)
at java.util.concurrent.Executors$RunnableAdapter.call(Unknown Source)
at java.util.concurrent.FutureTask.run(Unknown Source)
at java.util.concurrent.ThreadPoolExecutor.runWorker(Unknown Source)
at java.util.concurrent.ThreadPoolExecutor$Worker.run(Unknown Source)
at java.lang.Thread.run(Unknown Source)
]]>
    </failure>
  </testcase> <!-- AccountCheck -->
  <testcase name="AccountCheck" time="10.086" classname="SupportClasses.Account_Lookup">
    <failure type="java.lang.AssertionError" message="Initialisation of record 0xFD left 1295 bytes remaining still to be read.">
      <![CDATA[java.lang.AssertionError: Initialisation of record 0xFD left 1295 bytes remaining still to be read.
at org.testng.Assert.fail(Assert.java:96)
at SupportClasses.Account_Lookup.AccountCheck(Account_Lookup.java:58)
at sun.reflect.GeneratedMethodAccessor2.invoke(Unknown Source)
at sun.reflect.DelegatingMethodAccessorImpl.invoke(Unknown Source)
at java.lang.reflect.Method.invoke(Unknown Source)
at org.testng.internal.MethodInvocationHelper.invokeMethod(MethodInvocationHelper.java:124)
at org.testng.internal.Invoker.invokeMethod(Invoker.java:580)
at org.testng.internal.Invoker.invokeTestMethod(Invoker.java:716)
at org.testng.internal.TestMethodWithDataProviderMethodWorker.call(TestMethodWithDataProviderMethodWorker.java:71)
at org.testng.internal.TestMethodWithDataProviderMethodWorker.call(TestMethodWithDataProviderMethodWorker.java:14)
at java.util.concurrent.FutureTask.run(Unknown Source)
at java.util.concurrent.Executors$RunnableAdapter.call(Unknown Source)
at java.util.concurrent.FutureTask.run(Unknown Source)
at java.util.concurrent.ThreadPoolExecutor.runWorker(Unknown Source)
at java.util.concurrent.ThreadPoolExecutor$Worker.run(Unknown Source)
at java.lang.Thread.run(Unknown Source)
]]>
    </failure>
  </testcase> <!-- AccountCheck -->
  <testcase name="AccountCheck" time="5.018" classname="SupportClasses.Account_Lookup"/>
  <testcase name="AccountCheck" time="14.761" classname="SupportClasses.Account_Lookup"/>
  <testcase name="AccountCheck" time="37.345" classname="SupportClasses.Account_Lookup"/>
  <testcase name="AccountCheck" time="38.308" classname="SupportClasses.Account_Lookup"/>
  <testcase name="AccountCheck" time="6.903" classname="SupportClasses.Account_Lookup"/>
  <testcase name="AccountCheck" time="11.928" classname="SupportClasses.Account_Lookup"/>
  <testcase name="AccountCheck" time="10.031" classname="SupportClasses.Account_Lookup"/>
  <testcase name="AccountCheck" time="37.306" classname="SupportClasses.Account_Lookup"/>
  <testcase name="AccountCheck" time="20.357" classname="SupportClasses.Account_Lookup"/>
  <testcase name="AccountCheck" time="9.664" classname="SupportClasses.Account_Lookup"/>
  <testcase name="AccountCheck" time="9.414" classname="SupportClasses.Account_Lookup"/>
  <testcase name="AccountCheck" time="16.436" classname="SupportClasses.Account_Lookup"/>
  <testcase name="AccountCheck" time="29.463" classname="SupportClasses.Account_Lookup"/>
  <testcase name="AccountCheck" time="20.866" classname="SupportClasses.Account_Lookup"/>
  <testcase name="AccountCheck" time="4.989" classname="SupportClasses.Account_Lookup"/>
  <testcase name="AccountCheck" time="28.073" classname="SupportClasses.Account_Lookup"/>
  <testcase name="AccountCheck" time="10.421" classname="SupportClasses.Account_Lookup"/>
  <testcase name="AccountCheck" time="5.882" classname="SupportClasses.Account_Lookup">
    <failure type="java.lang.AssertionError" message="null">
      <![CDATA[java.lang.AssertionError: null
at org.testng.Assert.fail(Assert.java:96)
at SupportClasses.Account_Lookup.AccountCheck(Account_Lookup.java:58)
at sun.reflect.GeneratedMethodAccessor2.invoke(Unknown Source)
at sun.reflect.DelegatingMethodAccessorImpl.invoke(Unknown Source)
at java.lang.reflect.Method.invoke(Unknown Source)
at org.testng.internal.MethodInvocationHelper.invokeMethod(MethodInvocationHelper.java:124)
at org.testng.internal.Invoker.invokeMethod(Invoker.java:580)
at org.testng.internal.Invoker.invokeTestMethod(Invoker.java:716)
at org.testng.internal.TestMethodWithDataProviderMethodWorker.call(TestMethodWithDataProviderMethodWorker.java:71)
at org.testng.internal.TestMethodWithDataProviderMethodWorker.call(TestMethodWithDataProviderMethodWorker.java:14)
at java.util.concurrent.FutureTask.run(Unknown Source)
at java.util.concurrent.Executors$RunnableAdapter.call(Unknown Source)
at java.util.concurrent.FutureTask.run(Unknown Source)
at java.util.concurrent.ThreadPoolExecutor.runWorker(Unknown Source)
at java.util.concurrent.ThreadPoolExecutor$Worker.run(Unknown Source)
at java.lang.Thread.run(Unknown Source)
]]>
    </failure>
  </testcase> <!-- AccountCheck -->
  <testcase name="AccountCheck" time="21.334" classname="SupportClasses.Account_Lookup">
    <failure type="java.lang.AssertionError" message="null">
      <![CDATA[java.lang.AssertionError: null
at org.testng.Assert.fail(Assert.java:96)
at SupportClasses.Account_Lookup.AccountCheck(Account_Lookup.java:58)
at sun.reflect.GeneratedMethodAccessor2.invoke(Unknown Source)
at sun.reflect.DelegatingMethodAccessorImpl.invoke(Unknown Source)
at java.lang.reflect.Method.invoke(Unknown Source)
at org.testng.internal.MethodInvocationHelper.invokeMethod(MethodInvocationHelper.java:124)
at org.testng.internal.Invoker.invokeMethod(Invoker.java:580)
at org.testng.internal.Invoker.invokeTestMethod(Invoker.java:716)
at org.testng.internal.TestMethodWithDataProviderMethodWorker.call(TestMethodWithDataProviderMethodWorker.java:71)
at org.testng.internal.TestMethodWithDataProviderMethodWorker.call(TestMethodWithDataProviderMethodWorker.java:14)
at java.util.concurrent.FutureTask.run(Unknown Source)
at java.util.concurrent.Executors$RunnableAdapter.call(Unknown Source)
at java.util.concurrent.FutureTask.run(Unknown Source)
at java.util.concurrent.ThreadPoolExecutor.runWorker(Unknown Source)
at java.util.concurrent.ThreadPoolExecutor$Worker.run(Unknown Source)
at java.lang.Thread.run(Unknown Source)
]]>
    </failure>
  </testcase> <!-- AccountCheck -->
  <testcase name="AccountCheck" time="39.877" classname="SupportClasses.Account_Lookup"/>
  <testcase name="AccountCheck" time="27.296" classname="SupportClasses.Account_Lookup"/>
  <testcase name="AccountCheck" time="4.977" classname="SupportClasses.Account_Lookup"/>
  <testcase name="AccountCheck" time="26.287" classname="SupportClasses.Account_Lookup"/>
  <testcase name="AccountCheck" time="27.724" classname="SupportClasses.Account_Lookup"/>
  <testcase name="AccountCheck" time="50.181" classname="SupportClasses.Account_Lookup"/>
  <testcase name="AccountCheck" time="47.895" classname="SupportClasses.Account_Lookup"/>
  <testcase name="AccountCheck" time="9.465" classname="SupportClasses.Account_Lookup"/>
  <testcase name="AccountCheck" time="38.166" classname="SupportClasses.Account_Lookup"/>
  <testcase name="AccountCheck" time="20.676" classname="SupportClasses.Account_Lookup">
    <failure type="java.lang.AssertionError" message="Initialisation of record 0xFD left 1295 bytes remaining still to be read.">
      <![CDATA[java.lang.AssertionError: Initialisation of record 0xFD left 1295 bytes remaining still to be read.
at org.testng.Assert.fail(Assert.java:96)
at SupportClasses.Account_Lookup.AccountCheck(Account_Lookup.java:58)
at sun.reflect.GeneratedMethodAccessor2.invoke(Unknown Source)
at sun.reflect.DelegatingMethodAccessorImpl.invoke(Unknown Source)
at java.lang.reflect.Method.invoke(Unknown Source)
at org.testng.internal.MethodInvocationHelper.invokeMethod(MethodInvocationHelper.java:124)
at org.testng.internal.Invoker.invokeMethod(Invoker.java:580)
at org.testng.internal.Invoker.invokeTestMethod(Invoker.java:716)
at org.testng.internal.TestMethodWithDataProviderMethodWorker.call(TestMethodWithDataProviderMethodWorker.java:71)
at org.testng.internal.TestMethodWithDataProviderMethodWorker.call(TestMethodWithDataProviderMethodWorker.java:14)
at java.util.concurrent.FutureTask.run(Unknown Source)
at java.util.concurrent.Executors$RunnableAdapter.call(Unknown Source)
at java.util.concurrent.FutureTask.run(Unknown Source)
at java.util.concurrent.ThreadPoolExecutor.runWorker(Unknown Source)
at java.util.concurrent.ThreadPoolExecutor$Worker.run(Unknown Source)
at java.lang.Thread.run(Unknown Source)
]]>
    </failure>
  </testcase> <!-- AccountCheck -->
  <testcase name="AccountCheck" time="29.413" classname="SupportClasses.Account_Lookup">
    <failure type="java.lang.AssertionError" message="Initialisation of record 0xFD left 1295 bytes remaining still to be read.">
      <![CDATA[java.lang.AssertionError: Initialisation of record 0xFD left 1295 bytes remaining still to be read.
at org.testng.Assert.fail(Assert.java:96)
at SupportClasses.Account_Lookup.AccountCheck(Account_Lookup.java:58)
at sun.reflect.GeneratedMethodAccessor2.invoke(Unknown Source)
at sun.reflect.DelegatingMethodAccessorImpl.invoke(Unknown Source)
at java.lang.reflect.Method.invoke(Unknown Source)
at org.testng.internal.MethodInvocationHelper.invokeMethod(MethodInvocationHelper.java:124)
at org.testng.internal.Invoker.invokeMethod(Invoker.java:580)
at org.testng.internal.Invoker.invokeTestMethod(Invoker.java:716)
at org.testng.internal.TestMethodWithDataProviderMethodWorker.call(TestMethodWithDataProviderMethodWorker.java:71)
at org.testng.internal.TestMethodWithDataProviderMethodWorker.call(TestMethodWithDataProviderMethodWorker.java:14)
at java.util.concurrent.FutureTask.run(Unknown Source)
at java.util.concurrent.Executors$RunnableAdapter.call(Unknown Source)
at java.util.concurrent.FutureTask.run(Unknown Source)
at java.util.concurrent.ThreadPoolExecutor.runWorker(Unknown Source)
at java.util.concurrent.ThreadPoolExecutor$Worker.run(Unknown Source)
at java.lang.Thread.run(Unknown Source)
]]>
    </failure>
  </testcase> <!-- AccountCheck -->
  <testcase name="AccountCheck" time="30.011" classname="SupportClasses.Account_Lookup"/>
  <testcase name="AccountCheck" time="29.497" classname="SupportClasses.Account_Lookup"/>
  <testcase name="AccountCheck" time="40.178" classname="SupportClasses.Account_Lookup">
    <failure type="java.lang.AssertionError" message="Initialisation of record 0xFD left 1295 bytes remaining still to be read.">
      <![CDATA[java.lang.AssertionError: Initialisation of record 0xFD left 1295 bytes remaining still to be read.
at org.testng.Assert.fail(Assert.java:96)
at SupportClasses.Account_Lookup.AccountCheck(Account_Lookup.java:58)
at sun.reflect.GeneratedMethodAccessor2.invoke(Unknown Source)
at sun.reflect.DelegatingMethodAccessorImpl.invoke(Unknown Source)
at java.lang.reflect.Method.invoke(Unknown Source)
at org.testng.internal.MethodInvocationHelper.invokeMethod(MethodInvocationHelper.java:124)
at org.testng.internal.Invoker.invokeMethod(Invoker.java:580)
at org.testng.internal.Invoker.invokeTestMethod(Invoker.java:716)
at org.testng.internal.TestMethodWithDataProviderMethodWorker.call(TestMethodWithDataProviderMethodWorker.java:71)
at org.testng.internal.TestMethodWithDataProviderMethodWorker.call(TestMethodWithDataProviderMethodWorker.java:14)
at java.util.concurrent.FutureTask.run(Unknown Source)
at java.util.concurrent.Executors$RunnableAdapter.call(Unknown Source)
at java.util.concurrent.FutureTask.run(Unknown Source)
at java.util.concurrent.ThreadPoolExecutor.runWorker(Unknown Source)
at java.util.concurrent.ThreadPoolExecutor$Worker.run(Unknown Source)
at java.lang.Thread.run(Unknown Source)
]]>
    </failure>
  </testcase> <!-- AccountCheck -->
  <testcase name="AccountCheck" time="19.281" classname="SupportClasses.Account_Lookup">
    <failure type="java.lang.AssertionError" message="null">
      <![CDATA[java.lang.AssertionError: null
at org.testng.Assert.fail(Assert.java:96)
at SupportClasses.Account_Lookup.AccountCheck(Account_Lookup.java:58)
at sun.reflect.GeneratedMethodAccessor2.invoke(Unknown Source)
at sun.reflect.DelegatingMethodAccessorImpl.invoke(Unknown Source)
at java.lang.reflect.Method.invoke(Unknown Source)
at org.testng.internal.MethodInvocationHelper.invokeMethod(MethodInvocationHelper.java:124)
at org.testng.internal.Invoker.invokeMethod(Invoker.java:580)
at org.testng.internal.Invoker.invokeTestMethod(Invoker.java:716)
at org.testng.internal.TestMethodWithDataProviderMethodWorker.call(TestMethodWithDataProviderMethodWorker.java:71)
at org.testng.internal.TestMethodWithDataProviderMethodWorker.call(TestMethodWithDataProviderMethodWorker.java:14)
at java.util.concurrent.FutureTask.run(Unknown Source)
at java.util.concurrent.Executors$RunnableAdapter.call(Unknown Source)
at java.util.concurrent.FutureTask.run(Unknown Source)
at java.util.concurrent.ThreadPoolExecutor.runWorker(Unknown Source)
at java.util.concurrent.ThreadPoolExecutor$Worker.run(Unknown Source)
at java.lang.Thread.run(Unknown Source)
]]>
    </failure>
  </testcase> <!-- AccountCheck -->
  <testcase name="AccountCheck" time="29.074" classname="SupportClasses.Account_Lookup">
    <failure type="java.lang.AssertionError" message="Initialisation of record 0xFD left 1295 bytes remaining still to be read.">
      <![CDATA[java.lang.AssertionError: Initialisation of record 0xFD left 1295 bytes remaining still to be read.
at org.testng.Assert.fail(Assert.java:96)
at SupportClasses.Account_Lookup.AccountCheck(Account_Lookup.java:58)
at sun.reflect.GeneratedMethodAccessor2.invoke(Unknown Source)
at sun.reflect.DelegatingMethodAccessorImpl.invoke(Unknown Source)
at java.lang.reflect.Method.invoke(Unknown Source)
at org.testng.internal.MethodInvocationHelper.invokeMethod(MethodInvocationHelper.java:124)
at org.testng.internal.Invoker.invokeMethod(Invoker.java:580)
at org.testng.internal.Invoker.invokeTestMethod(Invoker.java:716)
at org.testng.internal.TestMethodWithDataProviderMethodWorker.call(TestMethodWithDataProviderMethodWorker.java:71)
at org.testng.internal.TestMethodWithDataProviderMethodWorker.call(TestMethodWithDataProviderMethodWorker.java:14)
at java.util.concurrent.FutureTask.run(Unknown Source)
at java.util.concurrent.Executors$RunnableAdapter.call(Unknown Source)
at java.util.concurrent.FutureTask.run(Unknown Source)
at java.util.concurrent.ThreadPoolExecutor.runWorker(Unknown Source)
at java.util.concurrent.ThreadPoolExecutor$Worker.run(Unknown Source)
at java.lang.Thread.run(Unknown Source)
]]>
    </failure>
  </testcase> <!-- AccountCheck -->
  <testcase name="AccountCheck" time="49.029" classname="SupportClasses.Account_Lookup">
    <failure type="java.lang.AssertionError" message="Initialisation of record 0xFD left 1295 bytes remaining still to be read.">
      <![CDATA[java.lang.AssertionError: Initialisation of record 0xFD left 1295 bytes remaining still to be read.
at org.testng.Assert.fail(Assert.java:96)
at SupportClasses.Account_Lookup.AccountCheck(Account_Lookup.java:58)
at sun.reflect.GeneratedMethodAccessor2.invoke(Unknown Source)
at sun.reflect.DelegatingMethodAccessorImpl.invoke(Unknown Source)
at java.lang.reflect.Method.invoke(Unknown Source)
at org.testng.internal.MethodInvocationHelper.invokeMethod(MethodInvocationHelper.java:124)
at org.testng.internal.Invoker.invokeMethod(Invoker.java:580)
at org.testng.internal.Invoker.invokeTestMethod(Invoker.java:716)
at org.testng.internal.TestMethodWithDataProviderMethodWorker.call(TestMethodWithDataProviderMethodWorker.java:71)
at org.testng.internal.TestMethodWithDataProviderMethodWorker.call(TestMethodWithDataProviderMethodWorker.java:14)
at java.util.concurrent.FutureTask.run(Unknown Source)
at java.util.concurrent.Executors$RunnableAdapter.call(Unknown Source)
at java.util.concurrent.FutureTask.run(Unknown Source)
at java.util.concurrent.ThreadPoolExecutor.runWorker(Unknown Source)
at java.util.concurrent.ThreadPoolExecutor$Worker.run(Unknown Source)
at java.lang.Thread.run(Unknown Source)
]]>
    </failure>
  </testcase> <!-- AccountCheck -->
  <testcase name="AccountCheck" time="27.358" classname="SupportClasses.Account_Lookup"/>
  <testcase name="AccountCheck" time="24.829" classname="SupportClasses.Account_Lookup"/>
  <testcase name="AccountCheck" time="11.227" classname="SupportClasses.Account_Lookup"/>
  <testcase name="AccountCheck" time="30.558" classname="SupportClasses.Account_Lookup">
    <failure type="java.lang.AssertionError" message="null">
      <![CDATA[java.lang.AssertionError: null
at org.testng.Assert.fail(Assert.java:96)
at SupportClasses.Account_Lookup.AccountCheck(Account_Lookup.java:58)
at sun.reflect.GeneratedMethodAccessor2.invoke(Unknown Source)
at sun.reflect.DelegatingMethodAccessorImpl.invoke(Unknown Source)
at java.lang.reflect.Method.invoke(Unknown Source)
at org.testng.internal.MethodInvocationHelper.invokeMethod(MethodInvocationHelper.java:124)
at org.testng.internal.Invoker.invokeMethod(Invoker.java:580)
at org.testng.internal.Invoker.invokeTestMethod(Invoker.java:716)
at org.testng.internal.TestMethodWithDataProviderMethodWorker.call(TestMethodWithDataProviderMethodWorker.java:71)
at org.testng.internal.TestMethodWithDataProviderMethodWorker.call(TestMethodWithDataProviderMethodWorker.java:14)
at java.util.concurrent.FutureTask.run(Unknown Source)
at java.util.concurrent.Executors$RunnableAdapter.call(Unknown Source)
at java.util.concurrent.FutureTask.run(Unknown Source)
at java.util.concurrent.ThreadPoolExecutor.runWorker(Unknown Source)
at java.util.concurrent.ThreadPoolExecutor$Worker.run(Unknown Source)
at java.lang.Thread.run(Unknown Source)
]]>
    </failure>
  </testcase> <!-- AccountCheck -->
  <testcase name="AccountCheck" time="22.720" classname="SupportClasses.Account_Lookup">
    <failure type="java.lang.AssertionError" message="null">
      <![CDATA[java.lang.AssertionError: null
at org.testng.Assert.fail(Assert.java:96)
at SupportClasses.Account_Lookup.AccountCheck(Account_Lookup.java:58)
at sun.reflect.GeneratedMethodAccessor2.invoke(Unknown Source)
at sun.reflect.DelegatingMethodAccessorImpl.invoke(Unknown Source)
at java.lang.reflect.Method.invoke(Unknown Source)
at org.testng.internal.MethodInvocationHelper.invokeMethod(MethodInvocationHelper.java:124)
at org.testng.internal.Invoker.invokeMethod(Invoker.java:580)
at org.testng.internal.Invoker.invokeTestMethod(Invoker.java:716)
at org.testng.internal.TestMethodWithDataProviderMethodWorker.call(TestMethodWithDataProviderMethodWorker.java:71)
at org.testng.internal.TestMethodWithDataProviderMethodWorker.call(TestMethodWithDataProviderMethodWorker.java:14)
at java.util.concurrent.FutureTask.run(Unknown Source)
at java.util.concurrent.Executors$RunnableAdapter.call(Unknown Source)
at java.util.concurrent.FutureTask.run(Unknown Source)
at java.util.concurrent.ThreadPoolExecutor.runWorker(Unknown Source)
at java.util.concurrent.ThreadPoolExecutor$Worker.run(Unknown Source)
at java.lang.Thread.run(Unknown Source)
]]>
    </failure>
  </testcase> <!-- AccountCheck -->
  <testcase name="AccountCheck" time="5.803" classname="SupportClasses.Account_Lookup"/>
  <testcase name="AccountCheck" time="42.902" classname="SupportClasses.Account_Lookup"/>
  <testcase name="AccountCheck" time="12.644" classname="SupportClasses.Account_Lookup"/>
  <testcase name="AccountCheck" time="8.741" classname="SupportClasses.Account_Lookup">
    <failure type="java.lang.AssertionError" message="null">
      <![CDATA[java.lang.AssertionError: null
at org.testng.Assert.fail(Assert.java:96)
at SupportClasses.Account_Lookup.AccountCheck(Account_Lookup.java:58)
at sun.reflect.GeneratedMethodAccessor2.invoke(Unknown Source)
at sun.reflect.DelegatingMethodAccessorImpl.invoke(Unknown Source)
at java.lang.reflect.Method.invoke(Unknown Source)
at org.testng.internal.MethodInvocationHelper.invokeMethod(MethodInvocationHelper.java:124)
at org.testng.internal.Invoker.invokeMethod(Invoker.java:580)
at org.testng.internal.Invoker.invokeTestMethod(Invoker.java:716)
at org.testng.internal.TestMethodWithDataProviderMethodWorker.call(TestMethodWithDataProviderMethodWorker.java:71)
at org.testng.internal.TestMethodWithDataProviderMethodWorker.call(TestMethodWithDataProviderMethodWorker.java:14)
at java.util.concurrent.FutureTask.run(Unknown Source)
at java.util.concurrent.Executors$RunnableAdapter.call(Unknown Source)
at java.util.concurrent.FutureTask.run(Unknown Source)
at java.util.concurrent.ThreadPoolExecutor.runWorker(Unknown Source)
at java.util.concurrent.ThreadPoolExecutor$Worker.run(Unknown Source)
at java.lang.Thread.run(Unknown Source)
]]>
    </failure>
  </testcase> <!-- AccountCheck -->
  <testcase name="AccountCheck" time="18.302" classname="SupportClasses.Account_Lookup"/>
  <testcase name="AccountCheck" time="34.167" classname="SupportClasses.Account_Lookup"/>
  <testcase name="AccountCheck" time="29.765" classname="SupportClasses.Account_Lookup"/>
  <testcase name="AccountCheck" time="5.001" classname="SupportClasses.Account_Lookup"/>
  <testcase name="AccountCheck" time="19.728" classname="SupportClasses.Account_Lookup">
    <failure type="java.lang.AssertionError" message="Unable to read entire header; 0 bytes read; expected 512 bytes">
      <![CDATA[java.lang.AssertionError: Unable to read entire header; 0 bytes read; expected 512 bytes
at org.testng.Assert.fail(Assert.java:96)
at SupportClasses.Account_Lookup.AccountCheck(Account_Lookup.java:58)
at sun.reflect.GeneratedMethodAccessor2.invoke(Unknown Source)
at sun.reflect.DelegatingMethodAccessorImpl.invoke(Unknown Source)
at java.lang.reflect.Method.invoke(Unknown Source)
at org.testng.internal.MethodInvocationHelper.invokeMethod(MethodInvocationHelper.java:124)
at org.testng.internal.Invoker.invokeMethod(Invoker.java:580)
at org.testng.internal.Invoker.invokeTestMethod(Invoker.java:716)
at org.testng.internal.TestMethodWithDataProviderMethodWorker.call(TestMethodWithDataProviderMethodWorker.java:71)
at org.testng.internal.TestMethodWithDataProviderMethodWorker.call(TestMethodWithDataProviderMethodWorker.java:14)
at java.util.concurrent.FutureTask.run(Unknown Source)
at java.util.concurrent.Executors$RunnableAdapter.call(Unknown Source)
at java.util.concurrent.FutureTask.run(Unknown Source)
at java.util.concurrent.ThreadPoolExecutor.runWorker(Unknown Source)
at java.util.concurrent.ThreadPoolExecutor$Worker.run(Unknown Source)
at java.lang.Thread.run(Unknown Source)
]]>
    </failure>
  </testcase> <!-- AccountCheck -->
  <testcase name="AccountCheck" time="44.297" classname="SupportClasses.Account_Lookup"/>
  <testcase name="AccountCheck" time="52.910" classname="SupportClasses.Account_Lookup"/>
  <testcase name="AccountCheck" time="30.765" classname="SupportClasses.Account_Lookup"/>
  <testcase name="AccountCheck" time="12.561" classname="SupportClasses.Account_Lookup"/>
  <testcase name="AccountCheck" time="17.097" classname="SupportClasses.Account_Lookup"/>
  <testcase name="AccountCheck" time="26.663" classname="SupportClasses.Account_Lookup"/>
  <testcase name="AccountCheck" time="19.684" classname="SupportClasses.Account_Lookup"/>
  <testcase name="AccountCheck" time="26.587" classname="SupportClasses.Account_Lookup"/>
  <testcase name="AccountCheck" time="10.085" classname="SupportClasses.Account_Lookup"/>
  <testcase name="AccountCheck" time="4.363" classname="SupportClasses.Account_Lookup"/>
  <testcase name="AccountCheck" time="8.195" classname="SupportClasses.Account_Lookup"/>
  <testcase name="AccountCheck" time="26.377" classname="SupportClasses.Account_Lookup">
    <failure type="java.lang.AssertionError" message="Your file contains 358 sectors, but the initial DIFAT array at index 0 referenced block # 1900. This isn&#039;t allowed and  your file is corrupt">
      <![CDATA[java.lang.AssertionError: Your file contains 358 sectors, but the initial DIFAT array at index 0 referenced block # 1900. This isn't allowed and  your file is corrupt
at org.testng.Assert.fail(Assert.java:96)
at SupportClasses.Account_Lookup.AccountCheck(Account_Lookup.java:58)
at sun.reflect.GeneratedMethodAccessor2.invoke(Unknown Source)
at sun.reflect.DelegatingMethodAccessorImpl.invoke(Unknown Source)
at java.lang.reflect.Method.invoke(Unknown Source)
at org.testng.internal.MethodInvocationHelper.invokeMethod(MethodInvocationHelper.java:124)
at org.testng.internal.Invoker.invokeMethod(Invoker.java:580)
at org.testng.internal.Invoker.invokeTestMethod(Invoker.java:716)
at org.testng.internal.TestMethodWithDataProviderMethodWorker.call(TestMethodWithDataProviderMethodWorker.java:71)
at org.testng.internal.TestMethodWithDataProviderMethodWorker.call(TestMethodWithDataProviderMethodWorker.java:14)
at java.util.concurrent.FutureTask.run(Unknown Source)
at java.util.concurrent.Executors$RunnableAdapter.call(Unknown Source)
at java.util.concurrent.FutureTask.run(Unknown Source)
at java.util.concurrent.ThreadPoolExecutor.runWorker(Unknown Source)
at java.util.concurrent.ThreadPoolExecutor$Worker.run(Unknown Source)
at java.lang.Thread.run(Unknown Source)
]]>
    </failure>
  </testcase> <!-- AccountCheck -->
  <testcase name="AccountCheck" time="44.181" classname="SupportClasses.Account_Lookup">
    <failure type="java.lang.AssertionError" message="null">
      <![CDATA[java.lang.AssertionError: null
at org.testng.Assert.fail(Assert.java:96)
at SupportClasses.Account_Lookup.AccountCheck(Account_Lookup.java:58)
at sun.reflect.GeneratedMethodAccessor2.invoke(Unknown Source)
at sun.reflect.DelegatingMethodAccessorImpl.invoke(Unknown Source)
at java.lang.reflect.Method.invoke(Unknown Source)
at org.testng.internal.MethodInvocationHelper.invokeMethod(MethodInvocationHelper.java:124)
at org.testng.internal.Invoker.invokeMethod(Invoker.java:580)
at org.testng.internal.Invoker.invokeTestMethod(Invoker.java:716)
at org.testng.internal.TestMethodWithDataProviderMethodWorker.call(TestMethodWithDataProviderMethodWorker.java:71)
at org.testng.internal.TestMethodWithDataProviderMethodWorker.call(TestMethodWithDataProviderMethodWorker.java:14)
at java.util.concurrent.FutureTask.run(Unknown Source)
at java.util.concurrent.Executors$RunnableAdapter.call(Unknown Source)
at java.util.concurrent.FutureTask.run(Unknown Source)
at java.util.concurrent.ThreadPoolExecutor.runWorker(Unknown Source)
at java.util.concurrent.ThreadPoolExecutor$Worker.run(Unknown Source)
at java.lang.Thread.run(Unknown Source)
]]>
    </failure>
  </testcase> <!-- AccountCheck -->
  <testcase name="AccountCheck" time="25.330" classname="SupportClasses.Account_Lookup"/>
  <testcase name="AccountCheck" time="17.764" classname="SupportClasses.Account_Lookup">
    <failure type="java.lang.AssertionError" message="null">
      <![CDATA[java.lang.AssertionError: null
at org.testng.Assert.fail(Assert.java:96)
at SupportClasses.Account_Lookup.AccountCheck(Account_Lookup.java:58)
at sun.reflect.GeneratedMethodAccessor2.invoke(Unknown Source)
at sun.reflect.DelegatingMethodAccessorImpl.invoke(Unknown Source)
at java.lang.reflect.Method.invoke(Unknown Source)
at org.testng.internal.MethodInvocationHelper.invokeMethod(MethodInvocationHelper.java:124)
at org.testng.internal.Invoker.invokeMethod(Invoker.java:580)
at org.testng.internal.Invoker.invokeTestMethod(Invoker.java:716)
at org.testng.internal.TestMethodWithDataProviderMethodWorker.call(TestMethodWithDataProviderMethodWorker.java:71)
at org.testng.internal.TestMethodWithDataProviderMethodWorker.call(TestMethodWithDataProviderMethodWorker.java:14)
at java.util.concurrent.FutureTask.run(Unknown Source)
at java.util.concurrent.Executors$RunnableAdapter.call(Unknown Source)
at java.util.concurrent.FutureTask.run(Unknown Source)
at java.util.concurrent.ThreadPoolExecutor.runWorker(Unknown Source)
at java.util.concurrent.ThreadPoolExecutor$Worker.run(Unknown Source)
at java.lang.Thread.run(Unknown Source)
]]>
    </failure>
  </testcase> <!-- AccountCheck -->
  <testcase name="AccountCheck" time="55.204" classname="SupportClasses.Account_Lookup"/>
  <testcase name="AccountCheck" time="29.982" classname="SupportClasses.Account_Lookup"/>
  <testcase name="AccountCheck" time="22.676" classname="SupportClasses.Account_Lookup"/>
  <testcase name="AccountCheck" time="43.009" classname="SupportClasses.Account_Lookup"/>
  <testcase name="AccountCheck" time="38.536" classname="SupportClasses.Account_Lookup"/>
  <testcase name="AccountCheck" time="21.237" classname="SupportClasses.Account_Lookup"/>
  <testcase name="AccountCheck" time="14.150" classname="SupportClasses.Account_Lookup"/>
  <testcase name="AccountCheck" time="18.601" classname="SupportClasses.Account_Lookup">
    <failure type="java.lang.AssertionError" message="null">
      <![CDATA[java.lang.AssertionError: null
at org.testng.Assert.fail(Assert.java:96)
at SupportClasses.Account_Lookup.AccountCheck(Account_Lookup.java:58)
at sun.reflect.GeneratedMethodAccessor2.invoke(Unknown Source)
at sun.reflect.DelegatingMethodAccessorImpl.invoke(Unknown Source)
at java.lang.reflect.Method.invoke(Unknown Source)
at org.testng.internal.MethodInvocationHelper.invokeMethod(MethodInvocationHelper.java:124)
at org.testng.internal.Invoker.invokeMethod(Invoker.java:580)
at org.testng.internal.Invoker.invokeTestMethod(Invoker.java:716)
at org.testng.internal.TestMethodWithDataProviderMethodWorker.call(TestMethodWithDataProviderMethodWorker.java:71)
at org.testng.internal.TestMethodWithDataProviderMethodWorker.call(TestMethodWithDataProviderMethodWorker.java:14)
at java.util.concurrent.FutureTask.run(Unknown Source)
at java.util.concurrent.Executors$RunnableAdapter.call(Unknown Source)
at java.util.concurrent.FutureTask.run(Unknown Source)
at java.util.concurrent.ThreadPoolExecutor.runWorker(Unknown Source)
at java.util.concurrent.ThreadPoolExecutor$Worker.run(Unknown Source)
at java.lang.Thread.run(Unknown Source)
]]>
    </failure>
  </testcase> <!-- AccountCheck -->
  <testcase name="AccountCheck" time="9.424" classname="SupportClasses.Account_Lookup">
    <failure type="java.lang.AssertionError" message="Initialisation of record 0xFD left 1295 bytes remaining still to be read.">
      <![CDATA[java.lang.AssertionError: Initialisation of record 0xFD left 1295 bytes remaining still to be read.
at org.testng.Assert.fail(Assert.java:96)
at SupportClasses.Account_Lookup.AccountCheck(Account_Lookup.java:58)
at sun.reflect.GeneratedMethodAccessor2.invoke(Unknown Source)
at sun.reflect.DelegatingMethodAccessorImpl.invoke(Unknown Source)
at java.lang.reflect.Method.invoke(Unknown Source)
at org.testng.internal.MethodInvocationHelper.invokeMethod(MethodInvocationHelper.java:124)
at org.testng.internal.Invoker.invokeMethod(Invoker.java:580)
at org.testng.internal.Invoker.invokeTestMethod(Invoker.java:716)
at org.testng.internal.TestMethodWithDataProviderMethodWorker.call(TestMethodWithDataProviderMethodWorker.java:71)
at org.testng.internal.TestMethodWithDataProviderMethodWorker.call(TestMethodWithDataProviderMethodWorker.java:14)
at java.util.concurrent.FutureTask.run(Unknown Source)
at java.util.concurrent.Executors$RunnableAdapter.call(Unknown Source)
at java.util.concurrent.FutureTask.run(Unknown Source)
at java.util.concurrent.ThreadPoolExecutor.runWorker(Unknown Source)
at java.util.concurrent.ThreadPoolExecutor$Worker.run(Unknown Source)
at java.lang.Thread.run(Unknown Source)
]]>
    </failure>
  </testcase> <!-- AccountCheck -->
  <testcase name="AccountCheck" time="44.773" classname="SupportClasses.Account_Lookup"/>
  <testcase name="AccountCheck" time="19.204" classname="SupportClasses.Account_Lookup"/>
  <testcase name="AccountCheck" time="15.358" classname="SupportClasses.Account_Lookup"/>
  <testcase name="AccountCheck" time="31.067" classname="SupportClasses.Account_Lookup"/>
  <testcase name="AccountCheck" time="37.409" classname="SupportClasses.Account_Lookup"/>
  <testcase name="AccountCheck" time="4.697" classname="SupportClasses.Account_Lookup"/>
  <testcase name="AccountCheck" time="28.979" classname="SupportClasses.Account_Lookup"/>
  <testcase name="AccountCheck" time="25.357" classname="SupportClasses.Account_Lookup"/>
  <testcase name="AccountCheck" time="30.335" classname="SupportClasses.Account_Lookup"/>
  <testcase name="AccountCheck" time="29.967" classname="SupportClasses.Account_Lookup"/>
  <testcase name="AccountCheck" time="11.355" classname="SupportClasses.Account_Lookup"/>
  <testcase name="AccountCheck" time="26.365" classname="SupportClasses.Account_Lookup"/>
  <testcase name="AccountCheck" time="36.517" classname="SupportClasses.Account_Lookup"/>
  <testcase name="AccountCheck" time="26.321" classname="SupportClasses.Account_Lookup">
    <failure type="java.lang.AssertionError" message="null">
      <![CDATA[java.lang.AssertionError: null
at org.testng.Assert.fail(Assert.java:96)
at SupportClasses.Account_Lookup.AccountCheck(Account_Lookup.java:58)
at sun.reflect.GeneratedMethodAccessor2.invoke(Unknown Source)
at sun.reflect.DelegatingMethodAccessorImpl.invoke(Unknown Source)
at java.lang.reflect.Method.invoke(Unknown Source)
at org.testng.internal.MethodInvocationHelper.invokeMethod(MethodInvocationHelper.java:124)
at org.testng.internal.Invoker.invokeMethod(Invoker.java:580)
at org.testng.internal.Invoker.invokeTestMethod(Invoker.java:716)
at org.testng.internal.TestMethodWithDataProviderMethodWorker.call(TestMethodWithDataProviderMethodWorker.java:71)
at org.testng.internal.TestMethodWithDataProviderMethodWorker.call(TestMethodWithDataProviderMethodWorker.java:14)
at java.util.concurrent.FutureTask.run(Unknown Source)
at java.util.concurrent.Executors$RunnableAdapter.call(Unknown Source)
at java.util.concurrent.FutureTask.run(Unknown Source)
at java.util.concurrent.ThreadPoolExecutor.runWorker(Unknown Source)
at java.util.concurrent.ThreadPoolExecutor$Worker.run(Unknown Source)
at java.lang.Thread.run(Unknown Source)
]]>
    </failure>
  </testcase> <!-- AccountCheck -->
  <testcase name="AccountCheck" time="21.879" classname="SupportClasses.Account_Lookup">
    <failure type="java.lang.AssertionError" message="Initialisation of record 0xFD left 1295 bytes remaining still to be read.">
      <![CDATA[java.lang.AssertionError: Initialisation of record 0xFD left 1295 bytes remaining still to be read.
at org.testng.Assert.fail(Assert.java:96)
at SupportClasses.Account_Lookup.AccountCheck(Account_Lookup.java:58)
at sun.reflect.GeneratedMethodAccessor2.invoke(Unknown Source)
at sun.reflect.DelegatingMethodAccessorImpl.invoke(Unknown Source)
at java.lang.reflect.Method.invoke(Unknown Source)
at org.testng.internal.MethodInvocationHelper.invokeMethod(MethodInvocationHelper.java:124)
at org.testng.internal.Invoker.invokeMethod(Invoker.java:580)
at org.testng.internal.Invoker.invokeTestMethod(Invoker.java:716)
at org.testng.internal.TestMethodWithDataProviderMethodWorker.call(TestMethodWithDataProviderMethodWorker.java:71)
at org.testng.internal.TestMethodWithDataProviderMethodWorker.call(TestMethodWithDataProviderMethodWorker.java:14)
at java.util.concurrent.FutureTask.run(Unknown Source)
at java.util.concurrent.Executors$RunnableAdapter.call(Unknown Source)
at java.util.concurrent.FutureTask.run(Unknown Source)
at java.util.concurrent.ThreadPoolExecutor.runWorker(Unknown Source)
at java.util.concurrent.ThreadPoolExecutor$Worker.run(Unknown Source)
at java.lang.Thread.run(Unknown Source)
]]>
    </failure>
  </testcase> <!-- AccountCheck -->
  <testcase name="AccountCheck" time="46.828" classname="SupportClasses.Account_Lookup">
    <failure type="java.lang.AssertionError" message="Initialisation of record 0xFD left 1295 bytes remaining still to be read.">
      <![CDATA[java.lang.AssertionError: Initialisation of record 0xFD left 1295 bytes remaining still to be read.
at org.testng.Assert.fail(Assert.java:96)
at SupportClasses.Account_Lookup.AccountCheck(Account_Lookup.java:58)
at sun.reflect.GeneratedMethodAccessor2.invoke(Unknown Source)
at sun.reflect.DelegatingMethodAccessorImpl.invoke(Unknown Source)
at java.lang.reflect.Method.invoke(Unknown Source)
at org.testng.internal.MethodInvocationHelper.invokeMethod(MethodInvocationHelper.java:124)
at org.testng.internal.Invoker.invokeMethod(Invoker.java:580)
at org.testng.internal.Invoker.invokeTestMethod(Invoker.java:716)
at org.testng.internal.TestMethodWithDataProviderMethodWorker.call(TestMethodWithDataProviderMethodWorker.java:71)
at org.testng.internal.TestMethodWithDataProviderMethodWorker.call(TestMethodWithDataProviderMethodWorker.java:14)
at java.util.concurrent.FutureTask.run(Unknown Source)
at java.util.concurrent.Executors$RunnableAdapter.call(Unknown Source)
at java.util.concurrent.FutureTask.run(Unknown Source)
at java.util.concurrent.ThreadPoolExecutor.runWorker(Unknown Source)
at java.util.concurrent.ThreadPoolExecutor$Worker.run(Unknown Source)
at java.lang.Thread.run(Unknown Source)
]]>
    </failure>
  </testcase> <!-- AccountCheck -->
  <testcase name="AccountCheck" time="17.760" classname="SupportClasses.Account_Lookup"/>
  <testcase name="AccountCheck" time="36.049" classname="SupportClasses.Account_Lookup"/>
  <testcase name="AccountCheck" time="14.858" classname="SupportClasses.Account_Lookup"/>
  <testcase name="AccountCheck" time="33.823" classname="SupportClasses.Account_Lookup"/>
  <testcase name="AccountCheck" time="30.406" classname="SupportClasses.Account_Lookup"/>
  <testcase name="AccountCheck" time="14.705" classname="SupportClasses.Account_Lookup"/>
  <testcase name="AccountCheck" time="35.711" classname="SupportClasses.Account_Lookup"/>
  <testcase name="AccountCheck" time="21.342" classname="SupportClasses.Account_Lookup"/>
  <testcase name="AccountCheck" time="34.279" classname="SupportClasses.Account_Lookup"/>
  <testcase name="AccountCheck" time="35.928" classname="SupportClasses.Account_Lookup"/>
  <testcase name="AccountCheck" time="9.579" classname="SupportClasses.Account_Lookup"/>
  <testcase name="AccountCheck" time="46.384" classname="SupportClasses.Account_Lookup"/>
  <testcase name="AccountCheck" time="40.535" classname="SupportClasses.Account_Lookup">
    <failure type="java.lang.AssertionError" message="Initialisation of record 0xFD left 1295 bytes remaining still to be read.">
      <![CDATA[java.lang.AssertionError: Initialisation of record 0xFD left 1295 bytes remaining still to be read.
at org.testng.Assert.fail(Assert.java:96)
at SupportClasses.Account_Lookup.AccountCheck(Account_Lookup.java:58)
at sun.reflect.GeneratedMethodAccessor2.invoke(Unknown Source)
at sun.reflect.DelegatingMethodAccessorImpl.invoke(Unknown Source)
at java.lang.reflect.Method.invoke(Unknown Source)
at org.testng.internal.MethodInvocationHelper.invokeMethod(MethodInvocationHelper.java:124)
at org.testng.internal.Invoker.invokeMethod(Invoker.java:580)
at org.testng.internal.Invoker.invokeTestMethod(Invoker.java:716)
at org.testng.internal.TestMethodWithDataProviderMethodWorker.call(TestMethodWithDataProviderMethodWorker.java:71)
at org.testng.internal.TestMethodWithDataProviderMethodWorker.call(TestMethodWithDataProviderMethodWorker.java:14)
at java.util.concurrent.FutureTask.run(Unknown Source)
at java.util.concurrent.Executors$RunnableAdapter.call(Unknown Source)
at java.util.concurrent.FutureTask.run(Unknown Source)
at java.util.concurrent.ThreadPoolExecutor.runWorker(Unknown Source)
at java.util.concurrent.ThreadPoolExecutor$Worker.run(Unknown Source)
at java.lang.Thread.run(Unknown Source)
]]>
    </failure>
  </testcase> <!-- AccountCheck -->
  <testcase name="AccountCheck" time="36.314" classname="SupportClasses.Account_Lookup"/>
  <testcase name="AccountCheck" time="25.838" classname="SupportClasses.Account_Lookup">
    <failure type="java.lang.AssertionError" message="null">
      <![CDATA[java.lang.AssertionError: null
at org.testng.Assert.fail(Assert.java:96)
at SupportClasses.Account_Lookup.AccountCheck(Account_Lookup.java:58)
at sun.reflect.GeneratedMethodAccessor2.invoke(Unknown Source)
at sun.reflect.DelegatingMethodAccessorImpl.invoke(Unknown Source)
at java.lang.reflect.Method.invoke(Unknown Source)
at org.testng.internal.MethodInvocationHelper.invokeMethod(MethodInvocationHelper.java:124)
at org.testng.internal.Invoker.invokeMethod(Invoker.java:580)
at org.testng.internal.Invoker.invokeTestMethod(Invoker.java:716)
at org.testng.internal.TestMethodWithDataProviderMethodWorker.call(TestMethodWithDataProviderMethodWorker.java:71)
at org.testng.internal.TestMethodWithDataProviderMethodWorker.call(TestMethodWithDataProviderMethodWorker.java:14)
at java.util.concurrent.FutureTask.run(Unknown Source)
at java.util.concurrent.Executors$RunnableAdapter.call(Unknown Source)
at java.util.concurrent.FutureTask.run(Unknown Source)
at java.util.concurrent.ThreadPoolExecutor.runWorker(Unknown Source)
at java.util.concurrent.ThreadPoolExecutor$Worker.run(Unknown Source)
at java.lang.Thread.run(Unknown Source)
]]>
    </failure>
  </testcase> <!-- AccountCheck -->
  <testcase name="AccountCheck" time="27.735" classname="SupportClasses.Account_Lookup"/>
  <testcase name="AccountCheck" time="27.860" classname="SupportClasses.Account_Lookup">
    <failure type="java.lang.AssertionError" message="Initialisation of record 0xFD left 1295 bytes remaining still to be read.">
      <![CDATA[java.lang.AssertionError: Initialisation of record 0xFD left 1295 bytes remaining still to be read.
at org.testng.Assert.fail(Assert.java:96)
at SupportClasses.Account_Lookup.AccountCheck(Account_Lookup.java:58)
at sun.reflect.GeneratedMethodAccessor2.invoke(Unknown Source)
at sun.reflect.DelegatingMethodAccessorImpl.invoke(Unknown Source)
at java.lang.reflect.Method.invoke(Unknown Source)
at org.testng.internal.MethodInvocationHelper.invokeMethod(MethodInvocationHelper.java:124)
at org.testng.internal.Invoker.invokeMethod(Invoker.java:580)
at org.testng.internal.Invoker.invokeTestMethod(Invoker.java:716)
at org.testng.internal.TestMethodWithDataProviderMethodWorker.call(TestMethodWithDataProviderMethodWorker.java:71)
at org.testng.internal.TestMethodWithDataProviderMethodWorker.call(TestMethodWithDataProviderMethodWorker.java:14)
at java.util.concurrent.FutureTask.run(Unknown Source)
at java.util.concurrent.Executors$RunnableAdapter.call(Unknown Source)
at java.util.concurrent.FutureTask.run(Unknown Source)
at java.util.concurrent.ThreadPoolExecutor.runWorker(Unknown Source)
at java.util.concurrent.ThreadPoolExecutor$Worker.run(Unknown Source)
at java.lang.Thread.run(Unknown Source)
]]>
    </failure>
  </testcase> <!-- AccountCheck -->
  <testcase name="AccountCheck" time="22.788" classname="SupportClasses.Account_Lookup"/>
  <testcase name="AccountCheck" time="25.252" classname="SupportClasses.Account_Lookup"/>
  <testcase name="AccountCheck" time="37.068" classname="SupportClasses.Account_Lookup"/>
  <testcase name="AccountCheck" time="27.158" classname="SupportClasses.Account_Lookup"/>
  <testcase name="AccountCheck" time="20.103" classname="SupportClasses.Account_Lookup"/>
  <testcase name="AccountCheck" time="25.416" classname="SupportClasses.Account_Lookup"/>
  <testcase name="AccountCheck" time="21.065" classname="SupportClasses.Account_Lookup">
    <failure type="java.lang.AssertionError" message="null">
      <![CDATA[java.lang.AssertionError: null
at org.testng.Assert.fail(Assert.java:96)
at SupportClasses.Account_Lookup.AccountCheck(Account_Lookup.java:58)
at sun.reflect.GeneratedMethodAccessor2.invoke(Unknown Source)
at sun.reflect.DelegatingMethodAccessorImpl.invoke(Unknown Source)
at java.lang.reflect.Method.invoke(Unknown Source)
at org.testng.internal.MethodInvocationHelper.invokeMethod(MethodInvocationHelper.java:124)
at org.testng.internal.Invoker.invokeMethod(Invoker.java:580)
at org.testng.internal.Invoker.invokeTestMethod(Invoker.java:716)
at org.testng.internal.TestMethodWithDataProviderMethodWorker.call(TestMethodWithDataProviderMethodWorker.java:71)
at org.testng.internal.TestMethodWithDataProviderMethodWorker.call(TestMethodWithDataProviderMethodWorker.java:14)
at java.util.concurrent.FutureTask.run(Unknown Source)
at java.util.concurrent.Executors$RunnableAdapter.call(Unknown Source)
at java.util.concurrent.FutureTask.run(Unknown Source)
at java.util.concurrent.ThreadPoolExecutor.runWorker(Unknown Source)
at java.util.concurrent.ThreadPoolExecutor$Worker.run(Unknown Source)
at java.lang.Thread.run(Unknown Source)
]]>
    </failure>
  </testcase> <!-- AccountCheck -->
  <testcase name="AccountCheck" time="14.922" classname="SupportClasses.Account_Lookup"/>
  <testcase name="AccountCheck" time="15.368" classname="SupportClasses.Account_Lookup"/>
  <testcase name="AccountCheck" time="33.991" classname="SupportClasses.Account_Lookup"/>
  <testcase name="AccountCheck" time="19.352" classname="SupportClasses.Account_Lookup"/>
  <testcase name="AccountCheck" time="38.640" classname="SupportClasses.Account_Lookup">
    <failure type="java.lang.AssertionError" message="Initialisation of record 0xFD left 1295 bytes remaining still to be read.">
      <![CDATA[java.lang.AssertionError: Initialisation of record 0xFD left 1295 bytes remaining still to be read.
at org.testng.Assert.fail(Assert.java:96)
at SupportClasses.Account_Lookup.AccountCheck(Account_Lookup.java:58)
at sun.reflect.GeneratedMethodAccessor2.invoke(Unknown Source)
at sun.reflect.DelegatingMethodAccessorImpl.invoke(Unknown Source)
at java.lang.reflect.Method.invoke(Unknown Source)
at org.testng.internal.MethodInvocationHelper.invokeMethod(MethodInvocationHelper.java:124)
at org.testng.internal.Invoker.invokeMethod(Invoker.java:580)
at org.testng.internal.Invoker.invokeTestMethod(Invoker.java:716)
at org.testng.internal.TestMethodWithDataProviderMethodWorker.call(TestMethodWithDataProviderMethodWorker.java:71)
at org.testng.internal.TestMethodWithDataProviderMethodWorker.call(TestMethodWithDataProviderMethodWorker.java:14)
at java.util.concurrent.FutureTask.run(Unknown Source)
at java.util.concurrent.Executors$RunnableAdapter.call(Unknown Source)
at java.util.concurrent.FutureTask.run(Unknown Source)
at java.util.concurrent.ThreadPoolExecutor.runWorker(Unknown Source)
at java.util.concurrent.ThreadPoolExecutor$Worker.run(Unknown Source)
at java.lang.Thread.run(Unknown Source)
]]>
    </failure>
  </testcase> <!-- AccountCheck -->
  <testcase name="AccountCheck" time="7.453" classname="SupportClasses.Account_Lookup">
    <failure type="java.lang.AssertionError" message="Initialisation of record 0xFD left 1295 bytes remaining still to be read.">
      <![CDATA[java.lang.AssertionError: Initialisation of record 0xFD left 1295 bytes remaining still to be read.
at org.testng.Assert.fail(Assert.java:96)
at SupportClasses.Account_Lookup.AccountCheck(Account_Lookup.java:58)
at sun.reflect.GeneratedMethodAccessor2.invoke(Unknown Source)
at sun.reflect.DelegatingMethodAccessorImpl.invoke(Unknown Source)
at java.lang.reflect.Method.invoke(Unknown Source)
at org.testng.internal.MethodInvocationHelper.invokeMethod(MethodInvocationHelper.java:124)
at org.testng.internal.Invoker.invokeMethod(Invoker.java:580)
at org.testng.internal.Invoker.invokeTestMethod(Invoker.java:716)
at org.testng.internal.TestMethodWithDataProviderMethodWorker.call(TestMethodWithDataProviderMethodWorker.java:71)
at org.testng.internal.TestMethodWithDataProviderMethodWorker.call(TestMethodWithDataProviderMethodWorker.java:14)
at java.util.concurrent.FutureTask.run(Unknown Source)
at java.util.concurrent.Executors$RunnableAdapter.call(Unknown Source)
at java.util.concurrent.FutureTask.run(Unknown Source)
at java.util.concurrent.ThreadPoolExecutor.runWorker(Unknown Source)
at java.util.concurrent.ThreadPoolExecutor$Worker.run(Unknown Source)
at java.lang.Thread.run(Unknown Source)
]]>
    </failure>
  </testcase> <!-- AccountCheck -->
  <testcase name="AccountCheck" time="7.784" classname="SupportClasses.Account_Lookup"/>
  <testcase name="AccountCheck" time="30.334" classname="SupportClasses.Account_Lookup"/>
  <testcase name="AccountCheck" time="41.299" classname="SupportClasses.Account_Lookup"/>
  <testcase name="AccountCheck" time="3.575" classname="SupportClasses.Account_Lookup"/>
  <testcase name="AccountCheck" time="21.618" classname="SupportClasses.Account_Lookup">
    <failure type="java.lang.AssertionError" message="null">
      <![CDATA[java.lang.AssertionError: null
at org.testng.Assert.fail(Assert.java:96)
at SupportClasses.Account_Lookup.AccountCheck(Account_Lookup.java:58)
at sun.reflect.GeneratedMethodAccessor2.invoke(Unknown Source)
at sun.reflect.DelegatingMethodAccessorImpl.invoke(Unknown Source)
at java.lang.reflect.Method.invoke(Unknown Source)
at org.testng.internal.MethodInvocationHelper.invokeMethod(MethodInvocationHelper.java:124)
at org.testng.internal.Invoker.invokeMethod(Invoker.java:580)
at org.testng.internal.Invoker.invokeTestMethod(Invoker.java:716)
at org.testng.internal.TestMethodWithDataProviderMethodWorker.call(TestMethodWithDataProviderMethodWorker.java:71)
at org.testng.internal.TestMethodWithDataProviderMethodWorker.call(TestMethodWithDataProviderMethodWorker.java:14)
at java.util.concurrent.FutureTask.run(Unknown Source)
at java.util.concurrent.Executors$RunnableAdapter.call(Unknown Source)
at java.util.concurrent.FutureTask.run(Unknown Source)
at java.util.concurrent.ThreadPoolExecutor.runWorker(Unknown Source)
at java.util.concurrent.ThreadPoolExecutor$Worker.run(Unknown Source)
at java.lang.Thread.run(Unknown Source)
]]>
    </failure>
  </testcase> <!-- AccountCheck -->
  <testcase name="AccountCheck" time="22.883" classname="SupportClasses.Account_Lookup"/>
  <testcase name="AccountCheck" time="14.101" classname="SupportClasses.Account_Lookup"/>
  <testcase name="AccountCheck" time="24.640" classname="SupportClasses.Account_Lookup"/>
  <testcase name="AccountCheck" time="36.562" classname="SupportClasses.Account_Lookup"/>
  <testcase name="AccountCheck" time="23.800" classname="SupportClasses.Account_Lookup"/>
  <testcase name="AccountCheck" time="14.829" classname="SupportClasses.Account_Lookup">
    <failure type="java.lang.AssertionError" message="null">
      <![CDATA[java.lang.AssertionError: null
at org.testng.Assert.fail(Assert.java:96)
at SupportClasses.Account_Lookup.AccountCheck(Account_Lookup.java:58)
at sun.reflect.GeneratedMethodAccessor2.invoke(Unknown Source)
at sun.reflect.DelegatingMethodAccessorImpl.invoke(Unknown Source)
at java.lang.reflect.Method.invoke(Unknown Source)
at org.testng.internal.MethodInvocationHelper.invokeMethod(MethodInvocationHelper.java:124)
at org.testng.internal.Invoker.invokeMethod(Invoker.java:580)
at org.testng.internal.Invoker.invokeTestMethod(Invoker.java:716)
at org.testng.internal.TestMethodWithDataProviderMethodWorker.call(TestMethodWithDataProviderMethodWorker.java:71)
at org.testng.internal.TestMethodWithDataProviderMethodWorker.call(TestMethodWithDataProviderMethodWorker.java:14)
at java.util.concurrent.FutureTask.run(Unknown Source)
at java.util.concurrent.Executors$RunnableAdapter.call(Unknown Source)
at java.util.concurrent.FutureTask.run(Unknown Source)
at java.util.concurrent.ThreadPoolExecutor.runWorker(Unknown Source)
at java.util.concurrent.ThreadPoolExecutor$Worker.run(Unknown Source)
at java.lang.Thread.run(Unknown Source)
]]>
    </failure>
  </testcase> <!-- AccountCheck -->
  <testcase name="AccountCheck" time="30.004" classname="SupportClasses.Account_Lookup"/>
  <testcase name="AccountCheck" time="25.401" classname="SupportClasses.Account_Lookup">
    <failure type="java.lang.AssertionError" message="null">
      <![CDATA[java.lang.AssertionError: null
at org.testng.Assert.fail(Assert.java:96)
at SupportClasses.Account_Lookup.AccountCheck(Account_Lookup.java:58)
at sun.reflect.GeneratedMethodAccessor2.invoke(Unknown Source)
at sun.reflect.DelegatingMethodAccessorImpl.invoke(Unknown Source)
at java.lang.reflect.Method.invoke(Unknown Source)
at org.testng.internal.MethodInvocationHelper.invokeMethod(MethodInvocationHelper.java:124)
at org.testng.internal.Invoker.invokeMethod(Invoker.java:580)
at org.testng.internal.Invoker.invokeTestMethod(Invoker.java:716)
at org.testng.internal.TestMethodWithDataProviderMethodWorker.call(TestMethodWithDataProviderMethodWorker.java:71)
at org.testng.internal.TestMethodWithDataProviderMethodWorker.call(TestMethodWithDataProviderMethodWorker.java:14)
at java.util.concurrent.FutureTask.run(Unknown Source)
at java.util.concurrent.Executors$RunnableAdapter.call(Unknown Source)
at java.util.concurrent.FutureTask.run(Unknown Source)
at java.util.concurrent.ThreadPoolExecutor.runWorker(Unknown Source)
at java.util.concurrent.ThreadPoolExecutor$Worker.run(Unknown Source)
at java.lang.Thread.run(Unknown Source)
]]>
    </failure>
  </testcase> <!-- AccountCheck -->
  <testcase name="AccountCheck" time="35.110" classname="SupportClasses.Account_Lookup">
    <failure type="java.lang.AssertionError" message="null">
      <![CDATA[java.lang.AssertionError: null
at org.testng.Assert.fail(Assert.java:96)
at SupportClasses.Account_Lookup.AccountCheck(Account_Lookup.java:58)
at sun.reflect.GeneratedMethodAccessor2.invoke(Unknown Source)
at sun.reflect.DelegatingMethodAccessorImpl.invoke(Unknown Source)
at java.lang.reflect.Method.invoke(Unknown Source)
at org.testng.internal.MethodInvocationHelper.invokeMethod(MethodInvocationHelper.java:124)
at org.testng.internal.Invoker.invokeMethod(Invoker.java:580)
at org.testng.internal.Invoker.invokeTestMethod(Invoker.java:716)
at org.testng.internal.TestMethodWithDataProviderMethodWorker.call(TestMethodWithDataProviderMethodWorker.java:71)
at org.testng.internal.TestMethodWithDataProviderMethodWorker.call(TestMethodWithDataProviderMethodWorker.java:14)
at java.util.concurrent.FutureTask.run(Unknown Source)
at java.util.concurrent.Executors$RunnableAdapter.call(Unknown Source)
at java.util.concurrent.FutureTask.run(Unknown Source)
at java.util.concurrent.ThreadPoolExecutor.runWorker(Unknown Source)
at java.util.concurrent.ThreadPoolExecutor$Worker.run(Unknown Source)
at java.lang.Thread.run(Unknown Source)
]]>
    </failure>
  </testcase> <!-- AccountCheck -->
  <testcase name="AccountCheck" time="26.135" classname="SupportClasses.Account_Lookup"/>
  <testcase name="AccountCheck" time="35.087" classname="SupportClasses.Account_Lookup"/>
  <testcase name="AccountCheck" time="19.993" classname="SupportClasses.Account_Lookup"/>
  <testcase name="AccountCheck" time="26.419" classname="SupportClasses.Account_Lookup"/>
  <testcase name="AccountCheck" time="14.148" classname="SupportClasses.Account_Lookup"/>
  <testcase name="AccountCheck" time="36.829" classname="SupportClasses.Account_Lookup"/>
  <testcase name="AccountCheck" time="14.438" classname="SupportClasses.Account_Lookup"/>
  <testcase name="AccountCheck" time="30.812" classname="SupportClasses.Account_Lookup"/>
  <testcase name="AccountCheck" time="32.136" classname="SupportClasses.Account_Lookup">
    <failure type="java.lang.AssertionError" message="null">
      <![CDATA[java.lang.AssertionError: null
at org.testng.Assert.fail(Assert.java:96)
at SupportClasses.Account_Lookup.AccountCheck(Account_Lookup.java:58)
at sun.reflect.GeneratedMethodAccessor2.invoke(Unknown Source)
at sun.reflect.DelegatingMethodAccessorImpl.invoke(Unknown Source)
at java.lang.reflect.Method.invoke(Unknown Source)
at org.testng.internal.MethodInvocationHelper.invokeMethod(MethodInvocationHelper.java:124)
at org.testng.internal.Invoker.invokeMethod(Invoker.java:580)
at org.testng.internal.Invoker.invokeTestMethod(Invoker.java:716)
at org.testng.internal.TestMethodWithDataProviderMethodWorker.call(TestMethodWithDataProviderMethodWorker.java:71)
at org.testng.internal.TestMethodWithDataProviderMethodWorker.call(TestMethodWithDataProviderMethodWorker.java:14)
at java.util.concurrent.FutureTask.run(Unknown Source)
at java.util.concurrent.Executors$RunnableAdapter.call(Unknown Source)
at java.util.concurrent.FutureTask.run(Unknown Source)
at java.util.concurrent.ThreadPoolExecutor.runWorker(Unknown Source)
at java.util.concurrent.ThreadPoolExecutor$Worker.run(Unknown Source)
at java.lang.Thread.run(Unknown Source)
]]>
    </failure>
  </testcase> <!-- AccountCheck -->
  <testcase name="AccountCheck" time="8.252" classname="SupportClasses.Account_Lookup">
    <failure type="java.lang.AssertionError" message="Initialisation of record 0xFD left 1295 bytes remaining still to be read.">
      <![CDATA[java.lang.AssertionError: Initialisation of record 0xFD left 1295 bytes remaining still to be read.
at org.testng.Assert.fail(Assert.java:96)
at SupportClasses.Account_Lookup.AccountCheck(Account_Lookup.java:58)
at sun.reflect.GeneratedMethodAccessor2.invoke(Unknown Source)
at sun.reflect.DelegatingMethodAccessorImpl.invoke(Unknown Source)
at java.lang.reflect.Method.invoke(Unknown Source)
at org.testng.internal.MethodInvocationHelper.invokeMethod(MethodInvocationHelper.java:124)
at org.testng.internal.Invoker.invokeMethod(Invoker.java:580)
at org.testng.internal.Invoker.invokeTestMethod(Invoker.java:716)
at org.testng.internal.TestMethodWithDataProviderMethodWorker.call(TestMethodWithDataProviderMethodWorker.java:71)
at org.testng.internal.TestMethodWithDataProviderMethodWorker.call(TestMethodWithDataProviderMethodWorker.java:14)
at java.util.concurrent.FutureTask.run(Unknown Source)
at java.util.concurrent.Executors$RunnableAdapter.call(Unknown Source)
at java.util.concurrent.FutureTask.run(Unknown Source)
at java.util.concurrent.ThreadPoolExecutor.runWorker(Unknown Source)
at java.util.concurrent.ThreadPoolExecutor$Worker.run(Unknown Source)
at java.lang.Thread.run(Unknown Source)
]]>
    </failure>
  </testcase> <!-- AccountCheck -->
  <testcase name="AccountCheck" time="33.744" classname="SupportClasses.Account_Lookup"/>
  <testcase name="AccountCheck" time="37.034" classname="SupportClasses.Account_Lookup"/>
  <testcase name="AccountCheck" time="34.684" classname="SupportClasses.Account_Lookup"/>
  <testcase name="AccountCheck" time="5.092" classname="SupportClasses.Account_Lookup"/>
  <testcase name="AccountCheck" time="46.135" classname="SupportClasses.Account_Lookup">
    <failure type="java.lang.AssertionError" message="Initialisation of record 0xFD left 1295 bytes remaining still to be read.">
      <![CDATA[java.lang.AssertionError: Initialisation of record 0xFD left 1295 bytes remaining still to be read.
at org.testng.Assert.fail(Assert.java:96)
at SupportClasses.Account_Lookup.AccountCheck(Account_Lookup.java:58)
at sun.reflect.GeneratedMethodAccessor2.invoke(Unknown Source)
at sun.reflect.DelegatingMethodAccessorImpl.invoke(Unknown Source)
at java.lang.reflect.Method.invoke(Unknown Source)
at org.testng.internal.MethodInvocationHelper.invokeMethod(MethodInvocationHelper.java:124)
at org.testng.internal.Invoker.invokeMethod(Invoker.java:580)
at org.testng.internal.Invoker.invokeTestMethod(Invoker.java:716)
at org.testng.internal.TestMethodWithDataProviderMethodWorker.call(TestMethodWithDataProviderMethodWorker.java:71)
at org.testng.internal.TestMethodWithDataProviderMethodWorker.call(TestMethodWithDataProviderMethodWorker.java:14)
at java.util.concurrent.FutureTask.run(Unknown Source)
at java.util.concurrent.Executors$RunnableAdapter.call(Unknown Source)
at java.util.concurrent.FutureTask.run(Unknown Source)
at java.util.concurrent.ThreadPoolExecutor.runWorker(Unknown Source)
at java.util.concurrent.ThreadPoolExecutor$Worker.run(Unknown Source)
at java.lang.Thread.run(Unknown Source)
]]>
    </failure>
  </testcase> <!-- AccountCheck -->
  <testcase name="AccountCheck" time="7.659" classname="SupportClasses.Account_Lookup">
    <failure type="java.lang.AssertionError" message="Initialisation of record 0xFD left 1295 bytes remaining still to be read.">
      <![CDATA[java.lang.AssertionError: Initialisation of record 0xFD left 1295 bytes remaining still to be read.
at org.testng.Assert.fail(Assert.java:96)
at SupportClasses.Account_Lookup.AccountCheck(Account_Lookup.java:58)
at sun.reflect.GeneratedMethodAccessor2.invoke(Unknown Source)
at sun.reflect.DelegatingMethodAccessorImpl.invoke(Unknown Source)
at java.lang.reflect.Method.invoke(Unknown Source)
at org.testng.internal.MethodInvocationHelper.invokeMethod(MethodInvocationHelper.java:124)
at org.testng.internal.Invoker.invokeMethod(Invoker.java:580)
at org.testng.internal.Invoker.invokeTestMethod(Invoker.java:716)
at org.testng.internal.TestMethodWithDataProviderMethodWorker.call(TestMethodWithDataProviderMethodWorker.java:71)
at org.testng.internal.TestMethodWithDataProviderMethodWorker.call(TestMethodWithDataProviderMethodWorker.java:14)
at java.util.concurrent.FutureTask.run(Unknown Source)
at java.util.concurrent.Executors$RunnableAdapter.call(Unknown Source)
at java.util.concurrent.FutureTask.run(Unknown Source)
at java.util.concurrent.ThreadPoolExecutor.runWorker(Unknown Source)
at java.util.concurrent.ThreadPoolExecutor$Worker.run(Unknown Source)
at java.lang.Thread.run(Unknown Source)
]]>
    </failure>
  </testcase> <!-- AccountCheck -->
  <testcase name="AccountCheck" time="12.462" classname="SupportClasses.Account_Lookup">
    <failure type="java.lang.AssertionError" message="null">
      <![CDATA[java.lang.AssertionError: null
at org.testng.Assert.fail(Assert.java:96)
at SupportClasses.Account_Lookup.AccountCheck(Account_Lookup.java:58)
at sun.reflect.GeneratedMethodAccessor2.invoke(Unknown Source)
at sun.reflect.DelegatingMethodAccessorImpl.invoke(Unknown Source)
at java.lang.reflect.Method.invoke(Unknown Source)
at org.testng.internal.MethodInvocationHelper.invokeMethod(MethodInvocationHelper.java:124)
at org.testng.internal.Invoker.invokeMethod(Invoker.java:580)
at org.testng.internal.Invoker.invokeTestMethod(Invoker.java:716)
at org.testng.internal.TestMethodWithDataProviderMethodWorker.call(TestMethodWithDataProviderMethodWorker.java:71)
at org.testng.internal.TestMethodWithDataProviderMethodWorker.call(TestMethodWithDataProviderMethodWorker.java:14)
at java.util.concurrent.FutureTask.run(Unknown Source)
at java.util.concurrent.Executors$RunnableAdapter.call(Unknown Source)
at java.util.concurrent.FutureTask.run(Unknown Source)
at java.util.concurrent.ThreadPoolExecutor.runWorker(Unknown Source)
at java.util.concurrent.ThreadPoolExecutor$Worker.run(Unknown Source)
at java.lang.Thread.run(Unknown Source)
]]>
    </failure>
  </testcase> <!-- AccountCheck -->
  <testcase name="AccountCheck" time="35.858" classname="SupportClasses.Account_Lookup"/>
  <testcase name="AccountCheck" time="11.056" classname="SupportClasses.Account_Lookup"/>
  <testcase name="AccountCheck" time="31.061" classname="SupportClasses.Account_Lookup"/>
  <testcase name="AccountCheck" time="33.842" classname="SupportClasses.Account_Lookup"/>
  <testcase name="AccountCheck" time="26.035" classname="SupportClasses.Account_Lookup"/>
  <testcase name="AccountCheck" time="11.788" classname="SupportClasses.Account_Lookup"/>
  <testcase name="AccountCheck" time="20.203" classname="SupportClasses.Account_Lookup"/>
  <testcase name="AccountCheck" time="9.359" classname="SupportClasses.Account_Lookup"/>
  <testcase name="AccountCheck" time="27.091" classname="SupportClasses.Account_Lookup"/>
  <testcase name="AccountCheck" time="23.149" classname="SupportClasses.Account_Lookup">
    <failure type="java.lang.AssertionError" message="null">
      <![CDATA[java.lang.AssertionError: null
at org.testng.Assert.fail(Assert.java:96)
at SupportClasses.Account_Lookup.AccountCheck(Account_Lookup.java:58)
at sun.reflect.GeneratedMethodAccessor2.invoke(Unknown Source)
at sun.reflect.DelegatingMethodAccessorImpl.invoke(Unknown Source)
at java.lang.reflect.Method.invoke(Unknown Source)
at org.testng.internal.MethodInvocationHelper.invokeMethod(MethodInvocationHelper.java:124)
at org.testng.internal.Invoker.invokeMethod(Invoker.java:580)
at org.testng.internal.Invoker.invokeTestMethod(Invoker.java:716)
at org.testng.internal.TestMethodWithDataProviderMethodWorker.call(TestMethodWithDataProviderMethodWorker.java:71)
at org.testng.internal.TestMethodWithDataProviderMethodWorker.call(TestMethodWithDataProviderMethodWorker.java:14)
at java.util.concurrent.FutureTask.run(Unknown Source)
at java.util.concurrent.Executors$RunnableAdapter.call(Unknown Source)
at java.util.concurrent.FutureTask.run(Unknown Source)
at java.util.concurrent.ThreadPoolExecutor.runWorker(Unknown Source)
at java.util.concurrent.ThreadPoolExecutor$Worker.run(Unknown Source)
at java.lang.Thread.run(Unknown Source)
]]>
    </failure>
  </testcase> <!-- AccountCheck -->
  <testcase name="AccountCheck" time="12.575" classname="SupportClasses.Account_Lookup"/>
  <testcase name="AccountCheck" time="9.272" classname="SupportClasses.Account_Lookup">
    <failure type="java.lang.AssertionError" message="Initialisation of record 0xFD left 1295 bytes remaining still to be read.">
      <![CDATA[java.lang.AssertionError: Initialisation of record 0xFD left 1295 bytes remaining still to be read.
at org.testng.Assert.fail(Assert.java:96)
at SupportClasses.Account_Lookup.AccountCheck(Account_Lookup.java:58)
at sun.reflect.GeneratedMethodAccessor2.invoke(Unknown Source)
at sun.reflect.DelegatingMethodAccessorImpl.invoke(Unknown Source)
at java.lang.reflect.Method.invoke(Unknown Source)
at org.testng.internal.MethodInvocationHelper.invokeMethod(MethodInvocationHelper.java:124)
at org.testng.internal.Invoker.invokeMethod(Invoker.java:580)
at org.testng.internal.Invoker.invokeTestMethod(Invoker.java:716)
at org.testng.internal.TestMethodWithDataProviderMethodWorker.call(TestMethodWithDataProviderMethodWorker.java:71)
at org.testng.internal.TestMethodWithDataProviderMethodWorker.call(TestMethodWithDataProviderMethodWorker.java:14)
at java.util.concurrent.FutureTask.run(Unknown Source)
at java.util.concurrent.Executors$RunnableAdapter.call(Unknown Source)
at java.util.concurrent.FutureTask.run(Unknown Source)
at java.util.concurrent.ThreadPoolExecutor.runWorker(Unknown Source)
at java.util.concurrent.ThreadPoolExecutor$Worker.run(Unknown Source)
at java.lang.Thread.run(Unknown Source)
]]>
    </failure>
  </testcase> <!-- AccountCheck -->
  <testcase name="AccountCheck" time="19.644" classname="SupportClasses.Account_Lookup">
    <failure type="java.lang.AssertionError" message="Initialisation of record 0xFD left 1295 bytes remaining still to be read.">
      <![CDATA[java.lang.AssertionError: Initialisation of record 0xFD left 1295 bytes remaining still to be read.
at org.testng.Assert.fail(Assert.java:96)
at SupportClasses.Account_Lookup.AccountCheck(Account_Lookup.java:58)
at sun.reflect.GeneratedMethodAccessor2.invoke(Unknown Source)
at sun.reflect.DelegatingMethodAccessorImpl.invoke(Unknown Source)
at java.lang.reflect.Method.invoke(Unknown Source)
at org.testng.internal.MethodInvocationHelper.invokeMethod(MethodInvocationHelper.java:124)
at org.testng.internal.Invoker.invokeMethod(Invoker.java:580)
at org.testng.internal.Invoker.invokeTestMethod(Invoker.java:716)
at org.testng.internal.TestMethodWithDataProviderMethodWorker.call(TestMethodWithDataProviderMethodWorker.java:71)
at org.testng.internal.TestMethodWithDataProviderMethodWorker.call(TestMethodWithDataProviderMethodWorker.java:14)
at java.util.concurrent.FutureTask.run(Unknown Source)
at java.util.concurrent.Executors$RunnableAdapter.call(Unknown Source)
at java.util.concurrent.FutureTask.run(Unknown Source)
at java.util.concurrent.ThreadPoolExecutor.runWorker(Unknown Source)
at java.util.concurrent.ThreadPoolExecutor$Worker.run(Unknown Source)
at java.lang.Thread.run(Unknown Source)
]]>
    </failure>
  </testcase> <!-- AccountCheck -->
  <testcase name="AccountCheck" time="26.926" classname="SupportClasses.Account_Lookup"/>
  <testcase name="AccountCheck" time="8.904" classname="SupportClasses.Account_Lookup"/>
  <testcase name="AccountCheck" time="10.136" classname="SupportClasses.Account_Lookup"/>
  <testcase name="AccountCheck" time="18.764" classname="SupportClasses.Account_Lookup">
    <failure type="java.lang.AssertionError" message="Initialisation of record 0xFD left 1295 bytes remaining still to be read.">
      <![CDATA[java.lang.AssertionError: Initialisation of record 0xFD left 1295 bytes remaining still to be read.
at org.testng.Assert.fail(Assert.java:96)
at SupportClasses.Account_Lookup.AccountCheck(Account_Lookup.java:58)
at sun.reflect.GeneratedMethodAccessor2.invoke(Unknown Source)
at sun.reflect.DelegatingMethodAccessorImpl.invoke(Unknown Source)
at java.lang.reflect.Method.invoke(Unknown Source)
at org.testng.internal.MethodInvocationHelper.invokeMethod(MethodInvocationHelper.java:124)
at org.testng.internal.Invoker.invokeMethod(Invoker.java:580)
at org.testng.internal.Invoker.invokeTestMethod(Invoker.java:716)
at org.testng.internal.TestMethodWithDataProviderMethodWorker.call(TestMethodWithDataProviderMethodWorker.java:71)
at org.testng.internal.TestMethodWithDataProviderMethodWorker.call(TestMethodWithDataProviderMethodWorker.java:14)
at java.util.concurrent.FutureTask.run(Unknown Source)
at java.util.concurrent.Executors$RunnableAdapter.call(Unknown Source)
at java.util.concurrent.FutureTask.run(Unknown Source)
at java.util.concurrent.ThreadPoolExecutor.runWorker(Unknown Source)
at java.util.concurrent.ThreadPoolExecutor$Worker.run(Unknown Source)
at java.lang.Thread.run(Unknown Source)
]]>
    </failure>
  </testcase> <!-- AccountCheck -->
  <testcase name="AccountCheck" time="4.724" classname="SupportClasses.Account_Lookup"/>
  <testcase name="AccountCheck" time="26.532" classname="SupportClasses.Account_Lookup"/>
  <testcase name="AccountCheck" time="30.982" classname="SupportClasses.Account_Lookup"/>
  <testcase name="AccountCheck" time="13.048" classname="SupportClasses.Account_Lookup"/>
  <testcase name="AccountCheck" time="18.919" classname="SupportClasses.Account_Lookup"/>
  <testcase name="AccountCheck" time="20.662" classname="SupportClasses.Account_Lookup"/>
  <testcase name="AccountCheck" time="11.159" classname="SupportClasses.Account_Lookup">
    <failure type="java.lang.AssertionError" message="null">
      <![CDATA[java.lang.AssertionError: null
at org.testng.Assert.fail(Assert.java:96)
at SupportClasses.Account_Lookup.AccountCheck(Account_Lookup.java:58)
at sun.reflect.GeneratedMethodAccessor2.invoke(Unknown Source)
at sun.reflect.DelegatingMethodAccessorImpl.invoke(Unknown Source)
at java.lang.reflect.Method.invoke(Unknown Source)
at org.testng.internal.MethodInvocationHelper.invokeMethod(MethodInvocationHelper.java:124)
at org.testng.internal.Invoker.invokeMethod(Invoker.java:580)
at org.testng.internal.Invoker.invokeTestMethod(Invoker.java:716)
at org.testng.internal.TestMethodWithDataProviderMethodWorker.call(TestMethodWithDataProviderMethodWorker.java:71)
at org.testng.internal.TestMethodWithDataProviderMethodWorker.call(TestMethodWithDataProviderMethodWorker.java:14)
at java.util.concurrent.FutureTask.run(Unknown Source)
at java.util.concurrent.Executors$RunnableAdapter.call(Unknown Source)
at java.util.concurrent.FutureTask.run(Unknown Source)
at java.util.concurrent.ThreadPoolExecutor.runWorker(Unknown Source)
at java.util.concurrent.ThreadPoolExecutor$Worker.run(Unknown Source)
at java.lang.Thread.run(Unknown Source)
]]>
    </failure>
  </testcase> <!-- AccountCheck -->
  <testcase name="AccountCheck" time="5.599" classname="SupportClasses.Account_Lookup"/>
  <testcase name="AccountCheck" time="48.068" classname="SupportClasses.Account_Lookup">
    <failure type="java.lang.AssertionError" message="Initialisation of record 0xFD left 1295 bytes remaining still to be read.">
      <![CDATA[java.lang.AssertionError: Initialisation of record 0xFD left 1295 bytes remaining still to be read.
at org.testng.Assert.fail(Assert.java:96)
at SupportClasses.Account_Lookup.AccountCheck(Account_Lookup.java:58)
at sun.reflect.GeneratedMethodAccessor2.invoke(Unknown Source)
at sun.reflect.DelegatingMethodAccessorImpl.invoke(Unknown Source)
at java.lang.reflect.Method.invoke(Unknown Source)
at org.testng.internal.MethodInvocationHelper.invokeMethod(MethodInvocationHelper.java:124)
at org.testng.internal.Invoker.invokeMethod(Invoker.java:580)
at org.testng.internal.Invoker.invokeTestMethod(Invoker.java:716)
at org.testng.internal.TestMethodWithDataProviderMethodWorker.call(TestMethodWithDataProviderMethodWorker.java:71)
at org.testng.internal.TestMethodWithDataProviderMethodWorker.call(TestMethodWithDataProviderMethodWorker.java:14)
at java.util.concurrent.FutureTask.run(Unknown Source)
at java.util.concurrent.Executors$RunnableAdapter.call(Unknown Source)
at java.util.concurrent.FutureTask.run(Unknown Source)
at java.util.concurrent.ThreadPoolExecutor.runWorker(Unknown Source)
at java.util.concurrent.ThreadPoolExecutor$Worker.run(Unknown Source)
at java.lang.Thread.run(Unknown Source)
]]>
    </failure>
  </testcase> <!-- AccountCheck -->
  <testcase name="AccountCheck" time="20.329" classname="SupportClasses.Account_Lookup"/>
  <testcase name="AccountCheck" time="15.815" classname="SupportClasses.Account_Lookup"/>
  <testcase name="AccountCheck" time="9.166" classname="SupportClasses.Account_Lookup">
    <failure type="java.lang.AssertionError" message="null">
      <![CDATA[java.lang.AssertionError: null
at org.testng.Assert.fail(Assert.java:96)
at SupportClasses.Account_Lookup.AccountCheck(Account_Lookup.java:58)
at sun.reflect.GeneratedMethodAccessor2.invoke(Unknown Source)
at sun.reflect.DelegatingMethodAccessorImpl.invoke(Unknown Source)
at java.lang.reflect.Method.invoke(Unknown Source)
at org.testng.internal.MethodInvocationHelper.invokeMethod(MethodInvocationHelper.java:124)
at org.testng.internal.Invoker.invokeMethod(Invoker.java:580)
at org.testng.internal.Invoker.invokeTestMethod(Invoker.java:716)
at org.testng.internal.TestMethodWithDataProviderMethodWorker.call(TestMethodWithDataProviderMethodWorker.java:71)
at org.testng.internal.TestMethodWithDataProviderMethodWorker.call(TestMethodWithDataProviderMethodWorker.java:14)
at java.util.concurrent.FutureTask.run(Unknown Source)
at java.util.concurrent.Executors$RunnableAdapter.call(Unknown Source)
at java.util.concurrent.FutureTask.run(Unknown Source)
at java.util.concurrent.ThreadPoolExecutor.runWorker(Unknown Source)
at java.util.concurrent.ThreadPoolExecutor$Worker.run(Unknown Source)
at java.lang.Thread.run(Unknown Source)
]]>
    </failure>
  </testcase> <!-- AccountCheck -->
  <testcase name="AccountCheck" time="29.677" classname="SupportClasses.Account_Lookup"/>
  <testcase name="AccountCheck" time="39.606" classname="SupportClasses.Account_Lookup"/>
  <testcase name="AccountCheck" time="28.521" classname="SupportClasses.Account_Lookup"/>
  <testcase name="AccountCheck" time="14.711" classname="SupportClasses.Account_Lookup"/>
  <testcase name="AccountCheck" time="36.518" classname="SupportClasses.Account_Lookup"/>
  <testcase name="AccountCheck" time="35.184" classname="SupportClasses.Account_Lookup"/>
  <testcase name="AccountCheck" time="9.602" classname="SupportClasses.Account_Lookup"/>
  <testcase name="AccountCheck" time="22.418" classname="SupportClasses.Account_Lookup"/>
  <testcase name="AccountCheck" time="32.139" classname="SupportClasses.Account_Lookup">
    <failure type="java.lang.AssertionError" message="null">
      <![CDATA[java.lang.AssertionError: null
at org.testng.Assert.fail(Assert.java:96)
at SupportClasses.Account_Lookup.AccountCheck(Account_Lookup.java:58)
at sun.reflect.GeneratedMethodAccessor2.invoke(Unknown Source)
at sun.reflect.DelegatingMethodAccessorImpl.invoke(Unknown Source)
at java.lang.reflect.Method.invoke(Unknown Source)
at org.testng.internal.MethodInvocationHelper.invokeMethod(MethodInvocationHelper.java:124)
at org.testng.internal.Invoker.invokeMethod(Invoker.java:580)
at org.testng.internal.Invoker.invokeTestMethod(Invoker.java:716)
at org.testng.internal.TestMethodWithDataProviderMethodWorker.call(TestMethodWithDataProviderMethodWorker.java:71)
at org.testng.internal.TestMethodWithDataProviderMethodWorker.call(TestMethodWithDataProviderMethodWorker.java:14)
at java.util.concurrent.FutureTask.run(Unknown Source)
at java.util.concurrent.Executors$RunnableAdapter.call(Unknown Source)
at java.util.concurrent.FutureTask.run(Unknown Source)
at java.util.concurrent.ThreadPoolExecutor.runWorker(Unknown Source)
at java.util.concurrent.ThreadPoolExecutor$Worker.run(Unknown Source)
at java.lang.Thread.run(Unknown Source)
]]>
    </failure>
  </testcase> <!-- AccountCheck -->
  <testcase name="AccountCheck" time="53.455" classname="SupportClasses.Account_Lookup"/>
  <testcase name="AccountCheck" time="23.361" classname="SupportClasses.Account_Lookup"/>
  <testcase name="AccountCheck" time="43.645" classname="SupportClasses.Account_Lookup"/>
  <testcase name="AccountCheck" time="30.147" classname="SupportClasses.Account_Lookup"/>
  <testcase name="AccountCheck" time="21.347" classname="SupportClasses.Account_Lookup"/>
  <testcase name="AccountCheck" time="14.146" classname="SupportClasses.Account_Lookup"/>
  <testcase name="AccountCheck" time="24.815" classname="SupportClasses.Account_Lookup"/>
  <testcase name="AccountCheck" time="22.859" classname="SupportClasses.Account_Lookup"/>
  <testcase name="AccountCheck" time="26.187" classname="SupportClasses.Account_Lookup">
    <failure type="java.lang.AssertionError" message="null">
      <![CDATA[java.lang.AssertionError: null
at org.testng.Assert.fail(Assert.java:96)
at SupportClasses.Account_Lookup.AccountCheck(Account_Lookup.java:58)
at sun.reflect.GeneratedMethodAccessor2.invoke(Unknown Source)
at sun.reflect.DelegatingMethodAccessorImpl.invoke(Unknown Source)
at java.lang.reflect.Method.invoke(Unknown Source)
at org.testng.internal.MethodInvocationHelper.invokeMethod(MethodInvocationHelper.java:124)
at org.testng.internal.Invoker.invokeMethod(Invoker.java:580)
at org.testng.internal.Invoker.invokeTestMethod(Invoker.java:716)
at org.testng.internal.TestMethodWithDataProviderMethodWorker.call(TestMethodWithDataProviderMethodWorker.java:71)
at org.testng.internal.TestMethodWithDataProviderMethodWorker.call(TestMethodWithDataProviderMethodWorker.java:14)
at java.util.concurrent.FutureTask.run(Unknown Source)
at java.util.concurrent.Executors$RunnableAdapter.call(Unknown Source)
at java.util.concurrent.FutureTask.run(Unknown Source)
at java.util.concurrent.ThreadPoolExecutor.runWorker(Unknown Source)
at java.util.concurrent.ThreadPoolExecutor$Worker.run(Unknown Source)
at java.lang.Thread.run(Unknown Source)
]]>
    </failure>
  </testcase> <!-- AccountCheck -->
  <testcase name="AccountCheck" time="38.760" classname="SupportClasses.Account_Lookup"/>
  <testcase name="AccountCheck" time="46.532" classname="SupportClasses.Account_Lookup">
    <failure type="java.lang.AssertionError" message="Initialisation of record 0xFD left 1295 bytes remaining still to be read.">
      <![CDATA[java.lang.AssertionError: Initialisation of record 0xFD left 1295 bytes remaining still to be read.
at org.testng.Assert.fail(Assert.java:96)
at SupportClasses.Account_Lookup.AccountCheck(Account_Lookup.java:58)
at sun.reflect.GeneratedMethodAccessor2.invoke(Unknown Source)
at sun.reflect.DelegatingMethodAccessorImpl.invoke(Unknown Source)
at java.lang.reflect.Method.invoke(Unknown Source)
at org.testng.internal.MethodInvocationHelper.invokeMethod(MethodInvocationHelper.java:124)
at org.testng.internal.Invoker.invokeMethod(Invoker.java:580)
at org.testng.internal.Invoker.invokeTestMethod(Invoker.java:716)
at org.testng.internal.TestMethodWithDataProviderMethodWorker.call(TestMethodWithDataProviderMethodWorker.java:71)
at org.testng.internal.TestMethodWithDataProviderMethodWorker.call(TestMethodWithDataProviderMethodWorker.java:14)
at java.util.concurrent.FutureTask.run(Unknown Source)
at java.util.concurrent.Executors$RunnableAdapter.call(Unknown Source)
at java.util.concurrent.FutureTask.run(Unknown Source)
at java.util.concurrent.ThreadPoolExecutor.runWorker(Unknown Source)
at java.util.concurrent.ThreadPoolExecutor$Worker.run(Unknown Source)
at java.lang.Thread.run(Unknown Source)
]]>
    </failure>
  </testcase> <!-- AccountCheck -->
  <testcase name="AccountCheck" time="30.278" classname="SupportClasses.Account_Lookup"/>
  <testcase name="AccountCheck" time="38.060" classname="SupportClasses.Account_Lookup">
    <failure type="java.lang.AssertionError" message="null">
      <![CDATA[java.lang.AssertionError: null
at org.testng.Assert.fail(Assert.java:96)
at SupportClasses.Account_Lookup.AccountCheck(Account_Lookup.java:58)
at sun.reflect.GeneratedMethodAccessor2.invoke(Unknown Source)
at sun.reflect.DelegatingMethodAccessorImpl.invoke(Unknown Source)
at java.lang.reflect.Method.invoke(Unknown Source)
at org.testng.internal.MethodInvocationHelper.invokeMethod(MethodInvocationHelper.java:124)
at org.testng.internal.Invoker.invokeMethod(Invoker.java:580)
at org.testng.internal.Invoker.invokeTestMethod(Invoker.java:716)
at org.testng.internal.TestMethodWithDataProviderMethodWorker.call(TestMethodWithDataProviderMethodWorker.java:71)
at org.testng.internal.TestMethodWithDataProviderMethodWorker.call(TestMethodWithDataProviderMethodWorker.java:14)
at java.util.concurrent.FutureTask.run(Unknown Source)
at java.util.concurrent.Executors$RunnableAdapter.call(Unknown Source)
at java.util.concurrent.FutureTask.run(Unknown Source)
at java.util.concurrent.ThreadPoolExecutor.runWorker(Unknown Source)
at java.util.concurrent.ThreadPoolExecutor$Worker.run(Unknown Source)
at java.lang.Thread.run(Unknown Source)
]]>
    </failure>
  </testcase> <!-- AccountCheck -->
  <testcase name="AccountCheck" time="42.947" classname="SupportClasses.Account_Lookup"/>
  <testcase name="AccountCheck" time="40.091" classname="SupportClasses.Account_Lookup"/>
  <testcase name="AccountCheck" time="29.631" classname="SupportClasses.Account_Lookup"/>
  <testcase name="AccountCheck" time="14.393" classname="SupportClasses.Account_Lookup"/>
  <testcase name="AccountCheck" time="11.540" classname="SupportClasses.Account_Lookup"/>
  <testcase name="AccountCheck" time="14.729" classname="SupportClasses.Account_Lookup"/>
  <testcase name="AccountCheck" time="40.651" classname="SupportClasses.Account_Lookup"/>
  <testcase name="AccountCheck" time="12.032" classname="SupportClasses.Account_Lookup"/>
  <testcase name="AccountCheck" time="10.076" classname="SupportClasses.Account_Lookup"/>
  <testcase name="AccountCheck" time="9.907" classname="SupportClasses.Account_Lookup"/>
  <testcase name="AccountCheck" time="29.831" classname="SupportClasses.Account_Lookup"/>
  <testcase name="AccountCheck" time="30.949" classname="SupportClasses.Account_Lookup">
    <failure type="java.lang.AssertionError" message="null">
      <![CDATA[java.lang.AssertionError: null
at org.testng.Assert.fail(Assert.java:96)
at SupportClasses.Account_Lookup.AccountCheck(Account_Lookup.java:58)
at sun.reflect.GeneratedMethodAccessor2.invoke(Unknown Source)
at sun.reflect.DelegatingMethodAccessorImpl.invoke(Unknown Source)
at java.lang.reflect.Method.invoke(Unknown Source)
at org.testng.internal.MethodInvocationHelper.invokeMethod(MethodInvocationHelper.java:124)
at org.testng.internal.Invoker.invokeMethod(Invoker.java:580)
at org.testng.internal.Invoker.invokeTestMethod(Invoker.java:716)
at org.testng.internal.TestMethodWithDataProviderMethodWorker.call(TestMethodWithDataProviderMethodWorker.java:71)
at org.testng.internal.TestMethodWithDataProviderMethodWorker.call(TestMethodWithDataProviderMethodWorker.java:14)
at java.util.concurrent.FutureTask.run(Unknown Source)
at java.util.concurrent.Executors$RunnableAdapter.call(Unknown Source)
at java.util.concurrent.FutureTask.run(Unknown Source)
at java.util.concurrent.ThreadPoolExecutor.runWorker(Unknown Source)
at java.util.concurrent.ThreadPoolExecutor$Worker.run(Unknown Source)
at java.lang.Thread.run(Unknown Source)
]]>
    </failure>
  </testcase> <!-- AccountCheck -->
  <testcase name="AccountCheck" time="36.321" classname="SupportClasses.Account_Lookup"/>
  <testcase name="AccountCheck" time="17.294" classname="SupportClasses.Account_Lookup">
    <failure type="java.lang.AssertionError" message="Initialisation of record 0xFD left 1295 bytes remaining still to be read.">
      <![CDATA[java.lang.AssertionError: Initialisation of record 0xFD left 1295 bytes remaining still to be read.
at org.testng.Assert.fail(Assert.java:96)
at SupportClasses.Account_Lookup.AccountCheck(Account_Lookup.java:58)
at sun.reflect.GeneratedMethodAccessor2.invoke(Unknown Source)
at sun.reflect.DelegatingMethodAccessorImpl.invoke(Unknown Source)
at java.lang.reflect.Method.invoke(Unknown Source)
at org.testng.internal.MethodInvocationHelper.invokeMethod(MethodInvocationHelper.java:124)
at org.testng.internal.Invoker.invokeMethod(Invoker.java:580)
at org.testng.internal.Invoker.invokeTestMethod(Invoker.java:716)
at org.testng.internal.TestMethodWithDataProviderMethodWorker.call(TestMethodWithDataProviderMethodWorker.java:71)
at org.testng.internal.TestMethodWithDataProviderMethodWorker.call(TestMethodWithDataProviderMethodWorker.java:14)
at java.util.concurrent.FutureTask.run(Unknown Source)
at java.util.concurrent.Executors$RunnableAdapter.call(Unknown Source)
at java.util.concurrent.FutureTask.run(Unknown Source)
at java.util.concurrent.ThreadPoolExecutor.runWorker(Unknown Source)
at java.util.concurrent.ThreadPoolExecutor$Worker.run(Unknown Source)
at java.lang.Thread.run(Unknown Source)
]]>
    </failure>
  </testcase> <!-- AccountCheck -->
  <testcase name="AccountCheck" time="18.049" classname="SupportClasses.Account_Lookup"/>
  <testcase name="AccountCheck" time="23.100" classname="SupportClasses.Account_Lookup"/>
  <testcase name="AccountCheck" time="34.621" classname="SupportClasses.Account_Lookup"/>
  <testcase name="AccountCheck" time="34.580" classname="SupportClasses.Account_Lookup">
    <failure type="java.lang.AssertionError" message="Initialisation of record 0xFD left 1295 bytes remaining still to be read.">
      <![CDATA[java.lang.AssertionError: Initialisation of record 0xFD left 1295 bytes remaining still to be read.
at org.testng.Assert.fail(Assert.java:96)
at SupportClasses.Account_Lookup.AccountCheck(Account_Lookup.java:58)
at sun.reflect.GeneratedMethodAccessor2.invoke(Unknown Source)
at sun.reflect.DelegatingMethodAccessorImpl.invoke(Unknown Source)
at java.lang.reflect.Method.invoke(Unknown Source)
at org.testng.internal.MethodInvocationHelper.invokeMethod(MethodInvocationHelper.java:124)
at org.testng.internal.Invoker.invokeMethod(Invoker.java:580)
at org.testng.internal.Invoker.invokeTestMethod(Invoker.java:716)
at org.testng.internal.TestMethodWithDataProviderMethodWorker.call(TestMethodWithDataProviderMethodWorker.java:71)
at org.testng.internal.TestMethodWithDataProviderMethodWorker.call(TestMethodWithDataProviderMethodWorker.java:14)
at java.util.concurrent.FutureTask.run(Unknown Source)
at java.util.concurrent.Executors$RunnableAdapter.call(Unknown Source)
at java.util.concurrent.FutureTask.run(Unknown Source)
at java.util.concurrent.ThreadPoolExecutor.runWorker(Unknown Source)
at java.util.concurrent.ThreadPoolExecutor$Worker.run(Unknown Source)
at java.lang.Thread.run(Unknown Source)
]]>
    </failure>
  </testcase> <!-- AccountCheck -->
  <testcase name="AccountCheck" time="15.613" classname="SupportClasses.Account_Lookup"/>
  <testcase name="AccountCheck" time="8.170" classname="SupportClasses.Account_Lookup">
    <failure type="java.lang.AssertionError" message="Initialisation of record 0xFD left 1295 bytes remaining still to be read.">
      <![CDATA[java.lang.AssertionError: Initialisation of record 0xFD left 1295 bytes remaining still to be read.
at org.testng.Assert.fail(Assert.java:96)
at SupportClasses.Account_Lookup.AccountCheck(Account_Lookup.java:58)
at sun.reflect.GeneratedMethodAccessor2.invoke(Unknown Source)
at sun.reflect.DelegatingMethodAccessorImpl.invoke(Unknown Source)
at java.lang.reflect.Method.invoke(Unknown Source)
at org.testng.internal.MethodInvocationHelper.invokeMethod(MethodInvocationHelper.java:124)
at org.testng.internal.Invoker.invokeMethod(Invoker.java:580)
at org.testng.internal.Invoker.invokeTestMethod(Invoker.java:716)
at org.testng.internal.TestMethodWithDataProviderMethodWorker.call(TestMethodWithDataProviderMethodWorker.java:71)
at org.testng.internal.TestMethodWithDataProviderMethodWorker.call(TestMethodWithDataProviderMethodWorker.java:14)
at java.util.concurrent.FutureTask.run(Unknown Source)
at java.util.concurrent.Executors$RunnableAdapter.call(Unknown Source)
at java.util.concurrent.FutureTask.run(Unknown Source)
at java.util.concurrent.ThreadPoolExecutor.runWorker(Unknown Source)
at java.util.concurrent.ThreadPoolExecutor$Worker.run(Unknown Source)
at java.lang.Thread.run(Unknown Source)
]]>
    </failure>
  </testcase> <!-- AccountCheck -->
  <testcase name="AccountCheck" time="35.516" classname="SupportClasses.Account_Lookup"/>
  <testcase name="AccountCheck" time="29.186" classname="SupportClasses.Account_Lookup"/>
  <testcase name="AccountCheck" time="20.253" classname="SupportClasses.Account_Lookup"/>
  <testcase name="AccountCheck" time="9.316" classname="SupportClasses.Account_Lookup">
    <failure type="java.lang.AssertionError" message="Initialisation of record 0xFD left 1295 bytes remaining still to be read.">
      <![CDATA[java.lang.AssertionError: Initialisation of record 0xFD left 1295 bytes remaining still to be read.
at org.testng.Assert.fail(Assert.java:96)
at SupportClasses.Account_Lookup.AccountCheck(Account_Lookup.java:58)
at sun.reflect.GeneratedMethodAccessor2.invoke(Unknown Source)
at sun.reflect.DelegatingMethodAccessorImpl.invoke(Unknown Source)
at java.lang.reflect.Method.invoke(Unknown Source)
at org.testng.internal.MethodInvocationHelper.invokeMethod(MethodInvocationHelper.java:124)
at org.testng.internal.Invoker.invokeMethod(Invoker.java:580)
at org.testng.internal.Invoker.invokeTestMethod(Invoker.java:716)
at org.testng.internal.TestMethodWithDataProviderMethodWorker.call(TestMethodWithDataProviderMethodWorker.java:71)
at org.testng.internal.TestMethodWithDataProviderMethodWorker.call(TestMethodWithDataProviderMethodWorker.java:14)
at java.util.concurrent.FutureTask.run(Unknown Source)
at java.util.concurrent.Executors$RunnableAdapter.call(Unknown Source)
at java.util.concurrent.FutureTask.run(Unknown Source)
at java.util.concurrent.ThreadPoolExecutor.runWorker(Unknown Source)
at java.util.concurrent.ThreadPoolExecutor$Worker.run(Unknown Source)
at java.lang.Thread.run(Unknown Source)
]]>
    </failure>
  </testcase> <!-- AccountCheck -->
  <testcase name="AccountCheck" time="14.713" classname="SupportClasses.Account_Lookup"/>
  <testcase name="AccountCheck" time="15.379" classname="SupportClasses.Account_Lookup"/>
  <testcase name="AccountCheck" time="38.033" classname="SupportClasses.Account_Lookup"/>
  <testcase name="AccountCheck" time="30.736" classname="SupportClasses.Account_Lookup"/>
  <testcase name="AccountCheck" time="10.326" classname="SupportClasses.Account_Lookup"/>
  <testcase name="AccountCheck" time="7.286" classname="SupportClasses.Account_Lookup">
    <failure type="java.lang.AssertionError" message="null">
      <![CDATA[java.lang.AssertionError: null
at org.testng.Assert.fail(Assert.java:96)
at SupportClasses.Account_Lookup.AccountCheck(Account_Lookup.java:58)
at sun.reflect.GeneratedMethodAccessor2.invoke(Unknown Source)
at sun.reflect.DelegatingMethodAccessorImpl.invoke(Unknown Source)
at java.lang.reflect.Method.invoke(Unknown Source)
at org.testng.internal.MethodInvocationHelper.invokeMethod(MethodInvocationHelper.java:124)
at org.testng.internal.Invoker.invokeMethod(Invoker.java:580)
at org.testng.internal.Invoker.invokeTestMethod(Invoker.java:716)
at org.testng.internal.TestMethodWithDataProviderMethodWorker.call(TestMethodWithDataProviderMethodWorker.java:71)
at org.testng.internal.TestMethodWithDataProviderMethodWorker.call(TestMethodWithDataProviderMethodWorker.java:14)
at java.util.concurrent.FutureTask.run(Unknown Source)
at java.util.concurrent.Executors$RunnableAdapter.call(Unknown Source)
at java.util.concurrent.FutureTask.run(Unknown Source)
at java.util.concurrent.ThreadPoolExecutor.runWorker(Unknown Source)
at java.util.concurrent.ThreadPoolExecutor$Worker.run(Unknown Source)
at java.lang.Thread.run(Unknown Source)
]]>
    </failure>
  </testcase> <!-- AccountCheck -->
  <testcase name="AccountCheck" time="14.732" classname="SupportClasses.Account_Lookup">
    <failure type="java.lang.AssertionError" message="null">
      <![CDATA[java.lang.AssertionError: null
at org.testng.Assert.fail(Assert.java:96)
at SupportClasses.Account_Lookup.AccountCheck(Account_Lookup.java:58)
at sun.reflect.GeneratedMethodAccessor2.invoke(Unknown Source)
at sun.reflect.DelegatingMethodAccessorImpl.invoke(Unknown Source)
at java.lang.reflect.Method.invoke(Unknown Source)
at org.testng.internal.MethodInvocationHelper.invokeMethod(MethodInvocationHelper.java:124)
at org.testng.internal.Invoker.invokeMethod(Invoker.java:580)
at org.testng.internal.Invoker.invokeTestMethod(Invoker.java:716)
at org.testng.internal.TestMethodWithDataProviderMethodWorker.call(TestMethodWithDataProviderMethodWorker.java:71)
at org.testng.internal.TestMethodWithDataProviderMethodWorker.call(TestMethodWithDataProviderMethodWorker.java:14)
at java.util.concurrent.FutureTask.run(Unknown Source)
at java.util.concurrent.Executors$RunnableAdapter.call(Unknown Source)
at java.util.concurrent.FutureTask.run(Unknown Source)
at java.util.concurrent.ThreadPoolExecutor.runWorker(Unknown Source)
at java.util.concurrent.ThreadPoolExecutor$Worker.run(Unknown Source)
at java.lang.Thread.run(Unknown Source)
]]>
    </failure>
  </testcase> <!-- AccountCheck -->
  <testcase name="AccountCheck" time="8.453" classname="SupportClasses.Account_Lookup">
    <failure type="java.lang.AssertionError" message="Initialisation of record 0xFD left 1295 bytes remaining still to be read.">
      <![CDATA[java.lang.AssertionError: Initialisation of record 0xFD left 1295 bytes remaining still to be read.
at org.testng.Assert.fail(Assert.java:96)
at SupportClasses.Account_Lookup.AccountCheck(Account_Lookup.java:58)
at sun.reflect.GeneratedMethodAccessor2.invoke(Unknown Source)
at sun.reflect.DelegatingMethodAccessorImpl.invoke(Unknown Source)
at java.lang.reflect.Method.invoke(Unknown Source)
at org.testng.internal.MethodInvocationHelper.invokeMethod(MethodInvocationHelper.java:124)
at org.testng.internal.Invoker.invokeMethod(Invoker.java:580)
at org.testng.internal.Invoker.invokeTestMethod(Invoker.java:716)
at org.testng.internal.TestMethodWithDataProviderMethodWorker.call(TestMethodWithDataProviderMethodWorker.java:71)
at org.testng.internal.TestMethodWithDataProviderMethodWorker.call(TestMethodWithDataProviderMethodWorker.java:14)
at java.util.concurrent.FutureTask.run(Unknown Source)
at java.util.concurrent.Executors$RunnableAdapter.call(Unknown Source)
at java.util.concurrent.FutureTask.run(Unknown Source)
at java.util.concurrent.ThreadPoolExecutor.runWorker(Unknown Source)
at java.util.concurrent.ThreadPoolExecutor$Worker.run(Unknown Source)
at java.lang.Thread.run(Unknown Source)
]]>
    </failure>
  </testcase> <!-- AccountCheck -->
  <testcase name="AccountCheck" time="25.944" classname="SupportClasses.Account_Lookup"/>
  <testcase name="AccountCheck" time="9.762" classname="SupportClasses.Account_Lookup"/>
  <testcase name="AccountCheck" time="44.194" classname="SupportClasses.Account_Lookup"/>
  <testcase name="AccountCheck" time="23.728" classname="SupportClasses.Account_Lookup"/>
  <testcase name="AccountCheck" time="14.938" classname="SupportClasses.Account_Lookup"/>
  <testcase name="AccountCheck" time="28.294" classname="SupportClasses.Account_Lookup">
    <failure type="java.lang.AssertionError" message="null">
      <![CDATA[java.lang.AssertionError: null
at org.testng.Assert.fail(Assert.java:96)
at SupportClasses.Account_Lookup.AccountCheck(Account_Lookup.java:58)
at sun.reflect.GeneratedMethodAccessor2.invoke(Unknown Source)
at sun.reflect.DelegatingMethodAccessorImpl.invoke(Unknown Source)
at java.lang.reflect.Method.invoke(Unknown Source)
at org.testng.internal.MethodInvocationHelper.invokeMethod(MethodInvocationHelper.java:124)
at org.testng.internal.Invoker.invokeMethod(Invoker.java:580)
at org.testng.internal.Invoker.invokeTestMethod(Invoker.java:716)
at org.testng.internal.TestMethodWithDataProviderMethodWorker.call(TestMethodWithDataProviderMethodWorker.java:71)
at org.testng.internal.TestMethodWithDataProviderMethodWorker.call(TestMethodWithDataProviderMethodWorker.java:14)
at java.util.concurrent.FutureTask.run(Unknown Source)
at java.util.concurrent.Executors$RunnableAdapter.call(Unknown Source)
at java.util.concurrent.FutureTask.run(Unknown Source)
at java.util.concurrent.ThreadPoolExecutor.runWorker(Unknown Source)
at java.util.concurrent.ThreadPoolExecutor$Worker.run(Unknown Source)
at java.lang.Thread.run(Unknown Source)
]]>
    </failure>
  </testcase> <!-- AccountCheck -->
  <testcase name="AccountCheck" time="19.080" classname="SupportClasses.Account_Lookup">
    <failure type="java.lang.AssertionError" message="null">
      <![CDATA[java.lang.AssertionError: null
at org.testng.Assert.fail(Assert.java:96)
at SupportClasses.Account_Lookup.AccountCheck(Account_Lookup.java:58)
at sun.reflect.GeneratedMethodAccessor2.invoke(Unknown Source)
at sun.reflect.DelegatingMethodAccessorImpl.invoke(Unknown Source)
at java.lang.reflect.Method.invoke(Unknown Source)
at org.testng.internal.MethodInvocationHelper.invokeMethod(MethodInvocationHelper.java:124)
at org.testng.internal.Invoker.invokeMethod(Invoker.java:580)
at org.testng.internal.Invoker.invokeTestMethod(Invoker.java:716)
at org.testng.internal.TestMethodWithDataProviderMethodWorker.call(TestMethodWithDataProviderMethodWorker.java:71)
at org.testng.internal.TestMethodWithDataProviderMethodWorker.call(TestMethodWithDataProviderMethodWorker.java:14)
at java.util.concurrent.FutureTask.run(Unknown Source)
at java.util.concurrent.Executors$RunnableAdapter.call(Unknown Source)
at java.util.concurrent.FutureTask.run(Unknown Source)
at java.util.concurrent.ThreadPoolExecutor.runWorker(Unknown Source)
at java.util.concurrent.ThreadPoolExecutor$Worker.run(Unknown Source)
at java.lang.Thread.run(Unknown Source)
]]>
    </failure>
  </testcase> <!-- AccountCheck -->
  <testcase name="AccountCheck" time="11.620" classname="SupportClasses.Account_Lookup"/>
  <testcase name="AccountCheck" time="8.403" classname="SupportClasses.Account_Lookup">
    <failure type="java.lang.AssertionError" message="null">
      <![CDATA[java.lang.AssertionError: null
at org.testng.Assert.fail(Assert.java:96)
at SupportClasses.Account_Lookup.AccountCheck(Account_Lookup.java:58)
at sun.reflect.GeneratedMethodAccessor2.invoke(Unknown Source)
at sun.reflect.DelegatingMethodAccessorImpl.invoke(Unknown Source)
at java.lang.reflect.Method.invoke(Unknown Source)
at org.testng.internal.MethodInvocationHelper.invokeMethod(MethodInvocationHelper.java:124)
at org.testng.internal.Invoker.invokeMethod(Invoker.java:580)
at org.testng.internal.Invoker.invokeTestMethod(Invoker.java:716)
at org.testng.internal.TestMethodWithDataProviderMethodWorker.call(TestMethodWithDataProviderMethodWorker.java:71)
at org.testng.internal.TestMethodWithDataProviderMethodWorker.call(TestMethodWithDataProviderMethodWorker.java:14)
at java.util.concurrent.FutureTask.run(Unknown Source)
at java.util.concurrent.Executors$RunnableAdapter.call(Unknown Source)
at java.util.concurrent.FutureTask.run(Unknown Source)
at java.util.concurrent.ThreadPoolExecutor.runWorker(Unknown Source)
at java.util.concurrent.ThreadPoolExecutor$Worker.run(Unknown Source)
at java.lang.Thread.run(Unknown Source)
]]>
    </failure>
  </testcase> <!-- AccountCheck -->
  <testcase name="AccountCheck" time="32.701" classname="SupportClasses.Account_Lookup"/>
  <testcase name="AccountCheck" time="6.015" classname="SupportClasses.Account_Lookup"/>
  <testcase name="AccountCheck" time="34.033" classname="SupportClasses.Account_Lookup"/>
  <testcase name="AccountCheck" time="39.340" classname="SupportClasses.Account_Lookup"/>
  <testcase name="AccountCheck" time="24.651" classname="SupportClasses.Account_Lookup"/>
  <testcase name="AccountCheck" time="48.798" classname="SupportClasses.Account_Lookup">
    <failure type="java.lang.AssertionError" message="Initialisation of record 0xFD left 1295 bytes remaining still to be read.">
      <![CDATA[java.lang.AssertionError: Initialisation of record 0xFD left 1295 bytes remaining still to be read.
at org.testng.Assert.fail(Assert.java:96)
at SupportClasses.Account_Lookup.AccountCheck(Account_Lookup.java:58)
at sun.reflect.GeneratedMethodAccessor2.invoke(Unknown Source)
at sun.reflect.DelegatingMethodAccessorImpl.invoke(Unknown Source)
at java.lang.reflect.Method.invoke(Unknown Source)
at org.testng.internal.MethodInvocationHelper.invokeMethod(MethodInvocationHelper.java:124)
at org.testng.internal.Invoker.invokeMethod(Invoker.java:580)
at org.testng.internal.Invoker.invokeTestMethod(Invoker.java:716)
at org.testng.internal.TestMethodWithDataProviderMethodWorker.call(TestMethodWithDataProviderMethodWorker.java:71)
at org.testng.internal.TestMethodWithDataProviderMethodWorker.call(TestMethodWithDataProviderMethodWorker.java:14)
at java.util.concurrent.FutureTask.run(Unknown Source)
at java.util.concurrent.Executors$RunnableAdapter.call(Unknown Source)
at java.util.concurrent.FutureTask.run(Unknown Source)
at java.util.concurrent.ThreadPoolExecutor.runWorker(Unknown Source)
at java.util.concurrent.ThreadPoolExecutor$Worker.run(Unknown Source)
at java.lang.Thread.run(Unknown Source)
]]>
    </failure>
  </testcase> <!-- AccountCheck -->
  <testcase name="AccountCheck" time="36.381" classname="SupportClasses.Account_Lookup"/>
  <testcase name="AccountCheck" time="5.509" classname="SupportClasses.Account_Lookup">
    <failure type="java.lang.AssertionError" message="null">
      <![CDATA[java.lang.AssertionError: null
at org.testng.Assert.fail(Assert.java:96)
at SupportClasses.Account_Lookup.AccountCheck(Account_Lookup.java:58)
at sun.reflect.GeneratedMethodAccessor2.invoke(Unknown Source)
at sun.reflect.DelegatingMethodAccessorImpl.invoke(Unknown Source)
at java.lang.reflect.Method.invoke(Unknown Source)
at org.testng.internal.MethodInvocationHelper.invokeMethod(MethodInvocationHelper.java:124)
at org.testng.internal.Invoker.invokeMethod(Invoker.java:580)
at org.testng.internal.Invoker.invokeTestMethod(Invoker.java:716)
at org.testng.internal.TestMethodWithDataProviderMethodWorker.call(TestMethodWithDataProviderMethodWorker.java:71)
at org.testng.internal.TestMethodWithDataProviderMethodWorker.call(TestMethodWithDataProviderMethodWorker.java:14)
at java.util.concurrent.FutureTask.run(Unknown Source)
at java.util.concurrent.Executors$RunnableAdapter.call(Unknown Source)
at java.util.concurrent.FutureTask.run(Unknown Source)
at java.util.concurrent.ThreadPoolExecutor.runWorker(Unknown Source)
at java.util.concurrent.ThreadPoolExecutor$Worker.run(Unknown Source)
at java.lang.Thread.run(Unknown Source)
]]>
    </failure>
  </testcase> <!-- AccountCheck -->
  <testcase name="AccountCheck" time="38.121" classname="SupportClasses.Account_Lookup"/>
  <testcase name="AccountCheck" time="37.965" classname="SupportClasses.Account_Lookup"/>
  <testcase name="AccountCheck" time="16.805" classname="SupportClasses.Account_Lookup"/>
  <testcase name="AccountCheck" time="7.424" classname="SupportClasses.Account_Lookup"/>
  <testcase name="AccountCheck" time="38.156" classname="SupportClasses.Account_Lookup">
    <failure type="java.lang.AssertionError" message="null">
      <![CDATA[java.lang.AssertionError: null
at org.testng.Assert.fail(Assert.java:96)
at SupportClasses.Account_Lookup.AccountCheck(Account_Lookup.java:58)
at sun.reflect.GeneratedMethodAccessor2.invoke(Unknown Source)
at sun.reflect.DelegatingMethodAccessorImpl.invoke(Unknown Source)
at java.lang.reflect.Method.invoke(Unknown Source)
at org.testng.internal.MethodInvocationHelper.invokeMethod(MethodInvocationHelper.java:124)
at org.testng.internal.Invoker.invokeMethod(Invoker.java:580)
at org.testng.internal.Invoker.invokeTestMethod(Invoker.java:716)
at org.testng.internal.TestMethodWithDataProviderMethodWorker.call(TestMethodWithDataProviderMethodWorker.java:71)
at org.testng.internal.TestMethodWithDataProviderMethodWorker.call(TestMethodWithDataProviderMethodWorker.java:14)
at java.util.concurrent.FutureTask.run(Unknown Source)
at java.util.concurrent.Executors$RunnableAdapter.call(Unknown Source)
at java.util.concurrent.FutureTask.run(Unknown Source)
at java.util.concurrent.ThreadPoolExecutor.runWorker(Unknown Source)
at java.util.concurrent.ThreadPoolExecutor$Worker.run(Unknown Source)
at java.lang.Thread.run(Unknown Source)
]]>
    </failure>
  </testcase> <!-- AccountCheck -->
  <testcase name="AccountCheck" time="20.622" classname="SupportClasses.Account_Lookup"/>
  <testcase name="AccountCheck" time="4.960" classname="SupportClasses.Account_Lookup"/>
  <testcase name="AccountCheck" time="19.540" classname="SupportClasses.Account_Lookup">
    <failure type="java.lang.AssertionError" message="Initialisation of record 0xFD left 1295 bytes remaining still to be read.">
      <![CDATA[java.lang.AssertionError: Initialisation of record 0xFD left 1295 bytes remaining still to be read.
at org.testng.Assert.fail(Assert.java:96)
at SupportClasses.Account_Lookup.AccountCheck(Account_Lookup.java:58)
at sun.reflect.GeneratedMethodAccessor2.invoke(Unknown Source)
at sun.reflect.DelegatingMethodAccessorImpl.invoke(Unknown Source)
at java.lang.reflect.Method.invoke(Unknown Source)
at org.testng.internal.MethodInvocationHelper.invokeMethod(MethodInvocationHelper.java:124)
at org.testng.internal.Invoker.invokeMethod(Invoker.java:580)
at org.testng.internal.Invoker.invokeTestMethod(Invoker.java:716)
at org.testng.internal.TestMethodWithDataProviderMethodWorker.call(TestMethodWithDataProviderMethodWorker.java:71)
at org.testng.internal.TestMethodWithDataProviderMethodWorker.call(TestMethodWithDataProviderMethodWorker.java:14)
at java.util.concurrent.FutureTask.run(Unknown Source)
at java.util.concurrent.Executors$RunnableAdapter.call(Unknown Source)
at java.util.concurrent.FutureTask.run(Unknown Source)
at java.util.concurrent.ThreadPoolExecutor.runWorker(Unknown Source)
at java.util.concurrent.ThreadPoolExecutor$Worker.run(Unknown Source)
at java.lang.Thread.run(Unknown Source)
]]>
    </failure>
  </testcase> <!-- AccountCheck -->
  <testcase name="AccountCheck" time="22.703" classname="SupportClasses.Account_Lookup">
    <failure type="java.lang.AssertionError" message="null">
      <![CDATA[java.lang.AssertionError: null
at org.testng.Assert.fail(Assert.java:96)
at SupportClasses.Account_Lookup.AccountCheck(Account_Lookup.java:58)
at sun.reflect.GeneratedMethodAccessor2.invoke(Unknown Source)
at sun.reflect.DelegatingMethodAccessorImpl.invoke(Unknown Source)
at java.lang.reflect.Method.invoke(Unknown Source)
at org.testng.internal.MethodInvocationHelper.invokeMethod(MethodInvocationHelper.java:124)
at org.testng.internal.Invoker.invokeMethod(Invoker.java:580)
at org.testng.internal.Invoker.invokeTestMethod(Invoker.java:716)
at org.testng.internal.TestMethodWithDataProviderMethodWorker.call(TestMethodWithDataProviderMethodWorker.java:71)
at org.testng.internal.TestMethodWithDataProviderMethodWorker.call(TestMethodWithDataProviderMethodWorker.java:14)
at java.util.concurrent.FutureTask.run(Unknown Source)
at java.util.concurrent.Executors$RunnableAdapter.call(Unknown Source)
at java.util.concurrent.FutureTask.run(Unknown Source)
at java.util.concurrent.ThreadPoolExecutor.runWorker(Unknown Source)
at java.util.concurrent.ThreadPoolExecutor$Worker.run(Unknown Source)
at java.lang.Thread.run(Unknown Source)
]]>
    </failure>
  </testcase> <!-- AccountCheck -->
  <testcase name="AccountCheck" time="48.939" classname="SupportClasses.Account_Lookup">
    <failure type="java.lang.AssertionError" message="Initialisation of record 0xFD left 1295 bytes remaining still to be read.">
      <![CDATA[java.lang.AssertionError: Initialisation of record 0xFD left 1295 bytes remaining still to be read.
at org.testng.Assert.fail(Assert.java:96)
at SupportClasses.Account_Lookup.AccountCheck(Account_Lookup.java:58)
at sun.reflect.GeneratedMethodAccessor2.invoke(Unknown Source)
at sun.reflect.DelegatingMethodAccessorImpl.invoke(Unknown Source)
at java.lang.reflect.Method.invoke(Unknown Source)
at org.testng.internal.MethodInvocationHelper.invokeMethod(MethodInvocationHelper.java:124)
at org.testng.internal.Invoker.invokeMethod(Invoker.java:580)
at org.testng.internal.Invoker.invokeTestMethod(Invoker.java:716)
at org.testng.internal.TestMethodWithDataProviderMethodWorker.call(TestMethodWithDataProviderMethodWorker.java:71)
at org.testng.internal.TestMethodWithDataProviderMethodWorker.call(TestMethodWithDataProviderMethodWorker.java:14)
at java.util.concurrent.FutureTask.run(Unknown Source)
at java.util.concurrent.Executors$RunnableAdapter.call(Unknown Source)
at java.util.concurrent.FutureTask.run(Unknown Source)
at java.util.concurrent.ThreadPoolExecutor.runWorker(Unknown Source)
at java.util.concurrent.ThreadPoolExecutor$Worker.run(Unknown Source)
at java.lang.Thread.run(Unknown Source)
]]>
    </failure>
  </testcase> <!-- AccountCheck -->
  <testcase name="AccountCheck" time="21.097" classname="SupportClasses.Account_Lookup"/>
  <testcase name="AccountCheck" time="19.229" classname="SupportClasses.Account_Lookup"/>
  <testcase name="AccountCheck" time="27.842" classname="SupportClasses.Account_Lookup">
    <failure type="java.lang.AssertionError" message="Initialisation of record 0xFD left 1295 bytes remaining still to be read.">
      <![CDATA[java.lang.AssertionError: Initialisation of record 0xFD left 1295 bytes remaining still to be read.
at org.testng.Assert.fail(Assert.java:96)
at SupportClasses.Account_Lookup.AccountCheck(Account_Lookup.java:58)
at sun.reflect.GeneratedMethodAccessor2.invoke(Unknown Source)
at sun.reflect.DelegatingMethodAccessorImpl.invoke(Unknown Source)
at java.lang.reflect.Method.invoke(Unknown Source)
at org.testng.internal.MethodInvocationHelper.invokeMethod(MethodInvocationHelper.java:124)
at org.testng.internal.Invoker.invokeMethod(Invoker.java:580)
at org.testng.internal.Invoker.invokeTestMethod(Invoker.java:716)
at org.testng.internal.TestMethodWithDataProviderMethodWorker.call(TestMethodWithDataProviderMethodWorker.java:71)
at org.testng.internal.TestMethodWithDataProviderMethodWorker.call(TestMethodWithDataProviderMethodWorker.java:14)
at java.util.concurrent.FutureTask.run(Unknown Source)
at java.util.concurrent.Executors$RunnableAdapter.call(Unknown Source)
at java.util.concurrent.FutureTask.run(Unknown Source)
at java.util.concurrent.ThreadPoolExecutor.runWorker(Unknown Source)
at java.util.concurrent.ThreadPoolExecutor$Worker.run(Unknown Source)
at java.lang.Thread.run(Unknown Source)
]]>
    </failure>
  </testcase> <!-- AccountCheck -->
  <testcase name="AccountCheck" time="20.522" classname="SupportClasses.Account_Lookup"/>
  <testcase name="AccountCheck" time="30.849" classname="SupportClasses.Account_Lookup"/>
  <testcase name="AccountCheck" time="25.709" classname="SupportClasses.Account_Lookup"/>
  <testcase name="AccountCheck" time="21.051" classname="SupportClasses.Account_Lookup"/>
  <testcase name="AccountCheck" time="18.905" classname="SupportClasses.Account_Lookup"/>
  <testcase name="AccountCheck" time="11.213" classname="SupportClasses.Account_Lookup">
    <failure type="java.lang.AssertionError" message="null">
      <![CDATA[java.lang.AssertionError: null
at org.testng.Assert.fail(Assert.java:96)
at SupportClasses.Account_Lookup.AccountCheck(Account_Lookup.java:58)
at sun.reflect.GeneratedMethodAccessor2.invoke(Unknown Source)
at sun.reflect.DelegatingMethodAccessorImpl.invoke(Unknown Source)
at java.lang.reflect.Method.invoke(Unknown Source)
at org.testng.internal.MethodInvocationHelper.invokeMethod(MethodInvocationHelper.java:124)
at org.testng.internal.Invoker.invokeMethod(Invoker.java:580)
at org.testng.internal.Invoker.invokeTestMethod(Invoker.java:716)
at org.testng.internal.TestMethodWithDataProviderMethodWorker.call(TestMethodWithDataProviderMethodWorker.java:71)
at org.testng.internal.TestMethodWithDataProviderMethodWorker.call(TestMethodWithDataProviderMethodWorker.java:14)
at java.util.concurrent.FutureTask.run(Unknown Source)
at java.util.concurrent.Executors$RunnableAdapter.call(Unknown Source)
at java.util.concurrent.FutureTask.run(Unknown Source)
at java.util.concurrent.ThreadPoolExecutor.runWorker(Unknown Source)
at java.util.concurrent.ThreadPoolExecutor$Worker.run(Unknown Source)
at java.lang.Thread.run(Unknown Source)
]]>
    </failure>
  </testcase> <!-- AccountCheck -->
  <testcase name="AccountCheck" time="27.011" classname="SupportClasses.Account_Lookup"/>
  <testcase name="AccountCheck" time="18.572" classname="SupportClasses.Account_Lookup">
    <failure type="java.lang.AssertionError" message="Initialisation of record 0xFD left 1295 bytes remaining still to be read.">
      <![CDATA[java.lang.AssertionError: Initialisation of record 0xFD left 1295 bytes remaining still to be read.
at org.testng.Assert.fail(Assert.java:96)
at SupportClasses.Account_Lookup.AccountCheck(Account_Lookup.java:58)
at sun.reflect.GeneratedMethodAccessor2.invoke(Unknown Source)
at sun.reflect.DelegatingMethodAccessorImpl.invoke(Unknown Source)
at java.lang.reflect.Method.invoke(Unknown Source)
at org.testng.internal.MethodInvocationHelper.invokeMethod(MethodInvocationHelper.java:124)
at org.testng.internal.Invoker.invokeMethod(Invoker.java:580)
at org.testng.internal.Invoker.invokeTestMethod(Invoker.java:716)
at org.testng.internal.TestMethodWithDataProviderMethodWorker.call(TestMethodWithDataProviderMethodWorker.java:71)
at org.testng.internal.TestMethodWithDataProviderMethodWorker.call(TestMethodWithDataProviderMethodWorker.java:14)
at java.util.concurrent.FutureTask.run(Unknown Source)
at java.util.concurrent.Executors$RunnableAdapter.call(Unknown Source)
at java.util.concurrent.FutureTask.run(Unknown Source)
at java.util.concurrent.ThreadPoolExecutor.runWorker(Unknown Source)
at java.util.concurrent.ThreadPoolExecutor$Worker.run(Unknown Source)
at java.lang.Thread.run(Unknown Source)
]]>
    </failure>
  </testcase> <!-- AccountCheck -->
  <testcase name="AccountCheck" time="36.546" classname="SupportClasses.Account_Lookup"/>
  <testcase name="AccountCheck" time="14.408" classname="SupportClasses.Account_Lookup"/>
  <testcase name="AccountCheck" time="10.601" classname="SupportClasses.Account_Lookup"/>
  <testcase name="AccountCheck" time="29.137" classname="SupportClasses.Account_Lookup">
    <failure type="java.lang.AssertionError" message="Initialisation of record 0xFD left 1295 bytes remaining still to be read.">
      <![CDATA[java.lang.AssertionError: Initialisation of record 0xFD left 1295 bytes remaining still to be read.
at org.testng.Assert.fail(Assert.java:96)
at SupportClasses.Account_Lookup.AccountCheck(Account_Lookup.java:58)
at sun.reflect.GeneratedMethodAccessor2.invoke(Unknown Source)
at sun.reflect.DelegatingMethodAccessorImpl.invoke(Unknown Source)
at java.lang.reflect.Method.invoke(Unknown Source)
at org.testng.internal.MethodInvocationHelper.invokeMethod(MethodInvocationHelper.java:124)
at org.testng.internal.Invoker.invokeMethod(Invoker.java:580)
at org.testng.internal.Invoker.invokeTestMethod(Invoker.java:716)
at org.testng.internal.TestMethodWithDataProviderMethodWorker.call(TestMethodWithDataProviderMethodWorker.java:71)
at org.testng.internal.TestMethodWithDataProviderMethodWorker.call(TestMethodWithDataProviderMethodWorker.java:14)
at java.util.concurrent.FutureTask.run(Unknown Source)
at java.util.concurrent.Executors$RunnableAdapter.call(Unknown Source)
at java.util.concurrent.FutureTask.run(Unknown Source)
at java.util.concurrent.ThreadPoolExecutor.runWorker(Unknown Source)
at java.util.concurrent.ThreadPoolExecutor$Worker.run(Unknown Source)
at java.lang.Thread.run(Unknown Source)
]]>
    </failure>
  </testcase> <!-- AccountCheck -->
  <testcase name="AccountCheck" time="49.100" classname="SupportClasses.Account_Lookup">
    <failure type="java.lang.AssertionError" message="Initialisation of record 0xFD left 1295 bytes remaining still to be read.">
      <![CDATA[java.lang.AssertionError: Initialisation of record 0xFD left 1295 bytes remaining still to be read.
at org.testng.Assert.fail(Assert.java:96)
at SupportClasses.Account_Lookup.AccountCheck(Account_Lookup.java:58)
at sun.reflect.GeneratedMethodAccessor2.invoke(Unknown Source)
at sun.reflect.DelegatingMethodAccessorImpl.invoke(Unknown Source)
at java.lang.reflect.Method.invoke(Unknown Source)
at org.testng.internal.MethodInvocationHelper.invokeMethod(MethodInvocationHelper.java:124)
at org.testng.internal.Invoker.invokeMethod(Invoker.java:580)
at org.testng.internal.Invoker.invokeTestMethod(Invoker.java:716)
at org.testng.internal.TestMethodWithDataProviderMethodWorker.call(TestMethodWithDataProviderMethodWorker.java:71)
at org.testng.internal.TestMethodWithDataProviderMethodWorker.call(TestMethodWithDataProviderMethodWorker.java:14)
at java.util.concurrent.FutureTask.run(Unknown Source)
at java.util.concurrent.Executors$RunnableAdapter.call(Unknown Source)
at java.util.concurrent.FutureTask.run(Unknown Source)
at java.util.concurrent.ThreadPoolExecutor.runWorker(Unknown Source)
at java.util.concurrent.ThreadPoolExecutor$Worker.run(Unknown Source)
at java.lang.Thread.run(Unknown Source)
]]>
    </failure>
  </testcase> <!-- AccountCheck -->
  <testcase name="AccountCheck" time="20.013" classname="SupportClasses.Account_Lookup"/>
  <testcase name="AccountCheck" time="8.757" classname="SupportClasses.Account_Lookup"/>
  <testcase name="AccountCheck" time="10.186" classname="SupportClasses.Account_Lookup"/>
  <testcase name="AccountCheck" time="12.883" classname="SupportClasses.Account_Lookup"/>
  <testcase name="AccountCheck" time="39.165" classname="SupportClasses.Account_Lookup">
    <failure type="java.lang.AssertionError" message="Initialisation of record 0xFD left 1295 bytes remaining still to be read.">
      <![CDATA[java.lang.AssertionError: Initialisation of record 0xFD left 1295 bytes remaining still to be read.
at org.testng.Assert.fail(Assert.java:96)
at SupportClasses.Account_Lookup.AccountCheck(Account_Lookup.java:58)
at sun.reflect.GeneratedMethodAccessor2.invoke(Unknown Source)
at sun.reflect.DelegatingMethodAccessorImpl.invoke(Unknown Source)
at java.lang.reflect.Method.invoke(Unknown Source)
at org.testng.internal.MethodInvocationHelper.invokeMethod(MethodInvocationHelper.java:124)
at org.testng.internal.Invoker.invokeMethod(Invoker.java:580)
at org.testng.internal.Invoker.invokeTestMethod(Invoker.java:716)
at org.testng.internal.TestMethodWithDataProviderMethodWorker.call(TestMethodWithDataProviderMethodWorker.java:71)
at org.testng.internal.TestMethodWithDataProviderMethodWorker.call(TestMethodWithDataProviderMethodWorker.java:14)
at java.util.concurrent.FutureTask.run(Unknown Source)
at java.util.concurrent.Executors$RunnableAdapter.call(Unknown Source)
at java.util.concurrent.FutureTask.run(Unknown Source)
at java.util.concurrent.ThreadPoolExecutor.runWorker(Unknown Source)
at java.util.concurrent.ThreadPoolExecutor$Worker.run(Unknown Source)
at java.lang.Thread.run(Unknown Source)
]]>
    </failure>
  </testcase> <!-- AccountCheck -->
  <testcase name="AccountCheck" time="49.251" classname="SupportClasses.Account_Lookup">
    <failure type="java.lang.AssertionError" message="Initialisation of record 0xFD left 1295 bytes remaining still to be read.">
      <![CDATA[java.lang.AssertionError: Initialisation of record 0xFD left 1295 bytes remaining still to be read.
at org.testng.Assert.fail(Assert.java:96)
at SupportClasses.Account_Lookup.AccountCheck(Account_Lookup.java:58)
at sun.reflect.GeneratedMethodAccessor2.invoke(Unknown Source)
at sun.reflect.DelegatingMethodAccessorImpl.invoke(Unknown Source)
at java.lang.reflect.Method.invoke(Unknown Source)
at org.testng.internal.MethodInvocationHelper.invokeMethod(MethodInvocationHelper.java:124)
at org.testng.internal.Invoker.invokeMethod(Invoker.java:580)
at org.testng.internal.Invoker.invokeTestMethod(Invoker.java:716)
at org.testng.internal.TestMethodWithDataProviderMethodWorker.call(TestMethodWithDataProviderMethodWorker.java:71)
at org.testng.internal.TestMethodWithDataProviderMethodWorker.call(TestMethodWithDataProviderMethodWorker.java:14)
at java.util.concurrent.FutureTask.run(Unknown Source)
at java.util.concurrent.Executors$RunnableAdapter.call(Unknown Source)
at java.util.concurrent.FutureTask.run(Unknown Source)
at java.util.concurrent.ThreadPoolExecutor.runWorker(Unknown Source)
at java.util.concurrent.ThreadPoolExecutor$Worker.run(Unknown Source)
at java.lang.Thread.run(Unknown Source)
]]>
    </failure>
  </testcase> <!-- AccountCheck -->
  <testcase name="AccountCheck" time="9.615" classname="SupportClasses.Account_Lookup"/>
  <testcase name="AccountCheck" time="22.396" classname="SupportClasses.Account_Lookup"/>
  <testcase name="AccountCheck" time="25.632" classname="SupportClasses.Account_Lookup"/>
  <testcase name="AccountCheck" time="38.806" classname="SupportClasses.Account_Lookup">
    <failure type="java.lang.AssertionError" message="Initialisation of record 0xFD left 1295 bytes remaining still to be read.">
      <![CDATA[java.lang.AssertionError: Initialisation of record 0xFD left 1295 bytes remaining still to be read.
at org.testng.Assert.fail(Assert.java:96)
at SupportClasses.Account_Lookup.AccountCheck(Account_Lookup.java:58)
at sun.reflect.GeneratedMethodAccessor2.invoke(Unknown Source)
at sun.reflect.DelegatingMethodAccessorImpl.invoke(Unknown Source)
at java.lang.reflect.Method.invoke(Unknown Source)
at org.testng.internal.MethodInvocationHelper.invokeMethod(MethodInvocationHelper.java:124)
at org.testng.internal.Invoker.invokeMethod(Invoker.java:580)
at org.testng.internal.Invoker.invokeTestMethod(Invoker.java:716)
at org.testng.internal.TestMethodWithDataProviderMethodWorker.call(TestMethodWithDataProviderMethodWorker.java:71)
at org.testng.internal.TestMethodWithDataProviderMethodWorker.call(TestMethodWithDataProviderMethodWorker.java:14)
at java.util.concurrent.FutureTask.run(Unknown Source)
at java.util.concurrent.Executors$RunnableAdapter.call(Unknown Source)
at java.util.concurrent.FutureTask.run(Unknown Source)
at java.util.concurrent.ThreadPoolExecutor.runWorker(Unknown Source)
at java.util.concurrent.ThreadPoolExecutor$Worker.run(Unknown Source)
at java.lang.Thread.run(Unknown Source)
]]>
    </failure>
  </testcase> <!-- AccountCheck -->
  <testcase name="AccountCheck" time="20.594" classname="SupportClasses.Account_Lookup"/>
  <testcase name="AccountCheck" time="19.088" classname="SupportClasses.Account_Lookup"/>
  <testcase name="AccountCheck" time="24.184" classname="SupportClasses.Account_Lookup"/>
  <testcase name="AccountCheck" time="28.383" classname="SupportClasses.Account_Lookup"/>
  <testcase name="AccountCheck" time="4.661" classname="SupportClasses.Account_Lookup"/>
  <testcase name="AccountCheck" time="34.771" classname="SupportClasses.Account_Lookup">
    <failure type="java.lang.AssertionError" message="null">
      <![CDATA[java.lang.AssertionError: null
at org.testng.Assert.fail(Assert.java:96)
at SupportClasses.Account_Lookup.AccountCheck(Account_Lookup.java:58)
at sun.reflect.GeneratedMethodAccessor2.invoke(Unknown Source)
at sun.reflect.DelegatingMethodAccessorImpl.invoke(Unknown Source)
at java.lang.reflect.Method.invoke(Unknown Source)
at org.testng.internal.MethodInvocationHelper.invokeMethod(MethodInvocationHelper.java:124)
at org.testng.internal.Invoker.invokeMethod(Invoker.java:580)
at org.testng.internal.Invoker.invokeTestMethod(Invoker.java:716)
at org.testng.internal.TestMethodWithDataProviderMethodWorker.call(TestMethodWithDataProviderMethodWorker.java:71)
at org.testng.internal.TestMethodWithDataProviderMethodWorker.call(TestMethodWithDataProviderMethodWorker.java:14)
at java.util.concurrent.FutureTask.run(Unknown Source)
at java.util.concurrent.Executors$RunnableAdapter.call(Unknown Source)
at java.util.concurrent.FutureTask.run(Unknown Source)
at java.util.concurrent.ThreadPoolExecutor.runWorker(Unknown Source)
at java.util.concurrent.ThreadPoolExecutor$Worker.run(Unknown Source)
at java.lang.Thread.run(Unknown Source)
]]>
    </failure>
  </testcase> <!-- AccountCheck -->
  <testcase name="AccountCheck" time="33.492" classname="SupportClasses.Account_Lookup"/>
  <testcase name="AccountCheck" time="28.223" classname="SupportClasses.Account_Lookup">
    <failure type="java.lang.AssertionError" message="Initialisation of record 0xFD left 1295 bytes remaining still to be read.">
      <![CDATA[java.lang.AssertionError: Initialisation of record 0xFD left 1295 bytes remaining still to be read.
at org.testng.Assert.fail(Assert.java:96)
at SupportClasses.Account_Lookup.AccountCheck(Account_Lookup.java:58)
at sun.reflect.GeneratedMethodAccessor2.invoke(Unknown Source)
at sun.reflect.DelegatingMethodAccessorImpl.invoke(Unknown Source)
at java.lang.reflect.Method.invoke(Unknown Source)
at org.testng.internal.MethodInvocationHelper.invokeMethod(MethodInvocationHelper.java:124)
at org.testng.internal.Invoker.invokeMethod(Invoker.java:580)
at org.testng.internal.Invoker.invokeTestMethod(Invoker.java:716)
at org.testng.internal.TestMethodWithDataProviderMethodWorker.call(TestMethodWithDataProviderMethodWorker.java:71)
at org.testng.internal.TestMethodWithDataProviderMethodWorker.call(TestMethodWithDataProviderMethodWorker.java:14)
at java.util.concurrent.FutureTask.run(Unknown Source)
at java.util.concurrent.Executors$RunnableAdapter.call(Unknown Source)
at java.util.concurrent.FutureTask.run(Unknown Source)
at java.util.concurrent.ThreadPoolExecutor.runWorker(Unknown Source)
at java.util.concurrent.ThreadPoolExecutor$Worker.run(Unknown Source)
at java.lang.Thread.run(Unknown Source)
]]>
    </failure>
  </testcase> <!-- AccountCheck -->
  <testcase name="AccountCheck" time="8.286" classname="SupportClasses.Account_Lookup"/>
  <testcase name="AccountCheck" time="20.298" classname="SupportClasses.Account_Lookup"/>
  <testcase name="AccountCheck" time="34.952" classname="SupportClasses.Account_Lookup"/>
  <testcase name="AccountCheck" time="27.605" classname="SupportClasses.Account_Lookup">
    <failure type="java.lang.AssertionError" message="Initialisation of record 0xFD left 1295 bytes remaining still to be read.">
      <![CDATA[java.lang.AssertionError: Initialisation of record 0xFD left 1295 bytes remaining still to be read.
at org.testng.Assert.fail(Assert.java:96)
at SupportClasses.Account_Lookup.AccountCheck(Account_Lookup.java:58)
at sun.reflect.GeneratedMethodAccessor2.invoke(Unknown Source)
at sun.reflect.DelegatingMethodAccessorImpl.invoke(Unknown Source)
at java.lang.reflect.Method.invoke(Unknown Source)
at org.testng.internal.MethodInvocationHelper.invokeMethod(MethodInvocationHelper.java:124)
at org.testng.internal.Invoker.invokeMethod(Invoker.java:580)
at org.testng.internal.Invoker.invokeTestMethod(Invoker.java:716)
at org.testng.internal.TestMethodWithDataProviderMethodWorker.call(TestMethodWithDataProviderMethodWorker.java:71)
at org.testng.internal.TestMethodWithDataProviderMethodWorker.call(TestMethodWithDataProviderMethodWorker.java:14)
at java.util.concurrent.FutureTask.run(Unknown Source)
at java.util.concurrent.Executors$RunnableAdapter.call(Unknown Source)
at java.util.concurrent.FutureTask.run(Unknown Source)
at java.util.concurrent.ThreadPoolExecutor.runWorker(Unknown Source)
at java.util.concurrent.ThreadPoolExecutor$Worker.run(Unknown Source)
at java.lang.Thread.run(Unknown Source)
]]>
    </failure>
  </testcase> <!-- AccountCheck -->
  <testcase name="AccountCheck" time="23.828" classname="SupportClasses.Account_Lookup"/>
  <testcase name="AccountCheck" time="29.962" classname="SupportClasses.Account_Lookup"/>
  <testcase name="AccountCheck" time="35.344" classname="SupportClasses.Account_Lookup"/>
  <testcase name="AccountCheck" time="25.567" classname="SupportClasses.Account_Lookup"/>
  <testcase name="AccountCheck" time="28.958" classname="SupportClasses.Account_Lookup"/>
  <testcase name="AccountCheck" time="11.231" classname="SupportClasses.Account_Lookup"/>
  <testcase name="AccountCheck" time="15.792" classname="SupportClasses.Account_Lookup"/>
  <testcase name="AccountCheck" time="32.870" classname="SupportClasses.Account_Lookup">
    <failure type="java.lang.AssertionError" message="null">
      <![CDATA[java.lang.AssertionError: null
at org.testng.Assert.fail(Assert.java:96)
at SupportClasses.Account_Lookup.AccountCheck(Account_Lookup.java:58)
at sun.reflect.GeneratedMethodAccessor2.invoke(Unknown Source)
at sun.reflect.DelegatingMethodAccessorImpl.invoke(Unknown Source)
at java.lang.reflect.Method.invoke(Unknown Source)
at org.testng.internal.MethodInvocationHelper.invokeMethod(MethodInvocationHelper.java:124)
at org.testng.internal.Invoker.invokeMethod(Invoker.java:580)
at org.testng.internal.Invoker.invokeTestMethod(Invoker.java:716)
at org.testng.internal.TestMethodWithDataProviderMethodWorker.call(TestMethodWithDataProviderMethodWorker.java:71)
at org.testng.internal.TestMethodWithDataProviderMethodWorker.call(TestMethodWithDataProviderMethodWorker.java:14)
at java.util.concurrent.FutureTask.run(Unknown Source)
at java.util.concurrent.Executors$RunnableAdapter.call(Unknown Source)
at java.util.concurrent.FutureTask.run(Unknown Source)
at java.util.concurrent.ThreadPoolExecutor.runWorker(Unknown Source)
at java.util.concurrent.ThreadPoolExecutor$Worker.run(Unknown Source)
at java.lang.Thread.run(Unknown Source)
]]>
    </failure>
  </testcase> <!-- AccountCheck -->
  <testcase name="AccountCheck" time="4.331" classname="SupportClasses.Account_Lookup"/>
  <testcase name="AccountCheck" time="24.246" classname="SupportClasses.Account_Lookup">
    <failure type="java.lang.AssertionError" message="null">
      <![CDATA[java.lang.AssertionError: null
at org.testng.Assert.fail(Assert.java:96)
at SupportClasses.Account_Lookup.AccountCheck(Account_Lookup.java:58)
at sun.reflect.GeneratedMethodAccessor2.invoke(Unknown Source)
at sun.reflect.DelegatingMethodAccessorImpl.invoke(Unknown Source)
at java.lang.reflect.Method.invoke(Unknown Source)
at org.testng.internal.MethodInvocationHelper.invokeMethod(MethodInvocationHelper.java:124)
at org.testng.internal.Invoker.invokeMethod(Invoker.java:580)
at org.testng.internal.Invoker.invokeTestMethod(Invoker.java:716)
at org.testng.internal.TestMethodWithDataProviderMethodWorker.call(TestMethodWithDataProviderMethodWorker.java:71)
at org.testng.internal.TestMethodWithDataProviderMethodWorker.call(TestMethodWithDataProviderMethodWorker.java:14)
at java.util.concurrent.FutureTask.run(Unknown Source)
at java.util.concurrent.Executors$RunnableAdapter.call(Unknown Source)
at java.util.concurrent.FutureTask.run(Unknown Source)
at java.util.concurrent.ThreadPoolExecutor.runWorker(Unknown Source)
at java.util.concurrent.ThreadPoolExecutor$Worker.run(Unknown Source)
at java.lang.Thread.run(Unknown Source)
]]>
    </failure>
  </testcase> <!-- AccountCheck -->
  <testcase name="AccountCheck" time="6.487" classname="SupportClasses.Account_Lookup"/>
  <testcase name="AccountCheck" time="20.910" classname="SupportClasses.Account_Lookup"/>
  <testcase name="AccountCheck" time="21.161" classname="SupportClasses.Account_Lookup"/>
  <testcase name="AccountCheck" time="60.372" classname="SupportClasses.Account_Lookup">
    <failure type="java.lang.AssertionError" message="Initialisation of record 0xFD left 1295 bytes remaining still to be read.">
      <![CDATA[java.lang.AssertionError: Initialisation of record 0xFD left 1295 bytes remaining still to be read.
at org.testng.Assert.fail(Assert.java:96)
at SupportClasses.Account_Lookup.AccountCheck(Account_Lookup.java:58)
at sun.reflect.GeneratedMethodAccessor2.invoke(Unknown Source)
at sun.reflect.DelegatingMethodAccessorImpl.invoke(Unknown Source)
at java.lang.reflect.Method.invoke(Unknown Source)
at org.testng.internal.MethodInvocationHelper.invokeMethod(MethodInvocationHelper.java:124)
at org.testng.internal.Invoker.invokeMethod(Invoker.java:580)
at org.testng.internal.Invoker.invokeTestMethod(Invoker.java:716)
at org.testng.internal.TestMethodWithDataProviderMethodWorker.call(TestMethodWithDataProviderMethodWorker.java:71)
at org.testng.internal.TestMethodWithDataProviderMethodWorker.call(TestMethodWithDataProviderMethodWorker.java:14)
at java.util.concurrent.FutureTask.run(Unknown Source)
at java.util.concurrent.Executors$RunnableAdapter.call(Unknown Source)
at java.util.concurrent.FutureTask.run(Unknown Source)
at java.util.concurrent.ThreadPoolExecutor.runWorker(Unknown Source)
at java.util.concurrent.ThreadPoolExecutor$Worker.run(Unknown Source)
at java.lang.Thread.run(Unknown Source)
]]>
    </failure>
  </testcase> <!-- AccountCheck -->
  <testcase name="AccountCheck" time="40.156" classname="SupportClasses.Account_Lookup"/>
  <testcase name="AccountCheck" time="8.984" classname="SupportClasses.Account_Lookup">
    <failure type="java.lang.AssertionError" message="Initialisation of record 0xFD left 1295 bytes remaining still to be read.">
      <![CDATA[java.lang.AssertionError: Initialisation of record 0xFD left 1295 bytes remaining still to be read.
at org.testng.Assert.fail(Assert.java:96)
at SupportClasses.Account_Lookup.AccountCheck(Account_Lookup.java:58)
at sun.reflect.GeneratedMethodAccessor2.invoke(Unknown Source)
at sun.reflect.DelegatingMethodAccessorImpl.invoke(Unknown Source)
at java.lang.reflect.Method.invoke(Unknown Source)
at org.testng.internal.MethodInvocationHelper.invokeMethod(MethodInvocationHelper.java:124)
at org.testng.internal.Invoker.invokeMethod(Invoker.java:580)
at org.testng.internal.Invoker.invokeTestMethod(Invoker.java:716)
at org.testng.internal.TestMethodWithDataProviderMethodWorker.call(TestMethodWithDataProviderMethodWorker.java:71)
at org.testng.internal.TestMethodWithDataProviderMethodWorker.call(TestMethodWithDataProviderMethodWorker.java:14)
at java.util.concurrent.FutureTask.run(Unknown Source)
at java.util.concurrent.Executors$RunnableAdapter.call(Unknown Source)
at java.util.concurrent.FutureTask.run(Unknown Source)
at java.util.concurrent.ThreadPoolExecutor.runWorker(Unknown Source)
at java.util.concurrent.ThreadPoolExecutor$Worker.run(Unknown Source)
at java.lang.Thread.run(Unknown Source)
]]>
    </failure>
  </testcase> <!-- AccountCheck -->
  <testcase name="AccountCheck" time="31.457" classname="SupportClasses.Account_Lookup"/>
  <testcase name="AccountCheck" time="6.111" classname="SupportClasses.Account_Lookup"/>
  <testcase name="AccountCheck" time="27.532" classname="SupportClasses.Account_Lookup">
    <failure type="java.lang.AssertionError" message="null">
      <![CDATA[java.lang.AssertionError: null
at org.testng.Assert.fail(Assert.java:96)
at SupportClasses.Account_Lookup.AccountCheck(Account_Lookup.java:58)
at sun.reflect.GeneratedMethodAccessor2.invoke(Unknown Source)
at sun.reflect.DelegatingMethodAccessorImpl.invoke(Unknown Source)
at java.lang.reflect.Method.invoke(Unknown Source)
at org.testng.internal.MethodInvocationHelper.invokeMethod(MethodInvocationHelper.java:124)
at org.testng.internal.Invoker.invokeMethod(Invoker.java:580)
at org.testng.internal.Invoker.invokeTestMethod(Invoker.java:716)
at org.testng.internal.TestMethodWithDataProviderMethodWorker.call(TestMethodWithDataProviderMethodWorker.java:71)
at org.testng.internal.TestMethodWithDataProviderMethodWorker.call(TestMethodWithDataProviderMethodWorker.java:14)
at java.util.concurrent.FutureTask.run(Unknown Source)
at java.util.concurrent.Executors$RunnableAdapter.call(Unknown Source)
at java.util.concurrent.FutureTask.run(Unknown Source)
at java.util.concurrent.ThreadPoolExecutor.runWorker(Unknown Source)
at java.util.concurrent.ThreadPoolExecutor$Worker.run(Unknown Source)
at java.lang.Thread.run(Unknown Source)
]]>
    </failure>
  </testcase> <!-- AccountCheck -->
  <testcase name="AccountCheck" time="15.450" classname="SupportClasses.Account_Lookup"/>
  <testcase name="AccountCheck" time="6.861" classname="SupportClasses.Account_Lookup">
    <failure type="java.lang.AssertionError" message="Initialisation of record 0xFD left 1295 bytes remaining still to be read.">
      <![CDATA[java.lang.AssertionError: Initialisation of record 0xFD left 1295 bytes remaining still to be read.
at org.testng.Assert.fail(Assert.java:96)
at SupportClasses.Account_Lookup.AccountCheck(Account_Lookup.java:58)
at sun.reflect.GeneratedMethodAccessor2.invoke(Unknown Source)
at sun.reflect.DelegatingMethodAccessorImpl.invoke(Unknown Source)
at java.lang.reflect.Method.invoke(Unknown Source)
at org.testng.internal.MethodInvocationHelper.invokeMethod(MethodInvocationHelper.java:124)
at org.testng.internal.Invoker.invokeMethod(Invoker.java:580)
at org.testng.internal.Invoker.invokeTestMethod(Invoker.java:716)
at org.testng.internal.TestMethodWithDataProviderMethodWorker.call(TestMethodWithDataProviderMethodWorker.java:71)
at org.testng.internal.TestMethodWithDataProviderMethodWorker.call(TestMethodWithDataProviderMethodWorker.java:14)
at java.util.concurrent.FutureTask.run(Unknown Source)
at java.util.concurrent.Executors$RunnableAdapter.call(Unknown Source)
at java.util.concurrent.FutureTask.run(Unknown Source)
at java.util.concurrent.ThreadPoolExecutor.runWorker(Unknown Source)
at java.util.concurrent.ThreadPoolExecutor$Worker.run(Unknown Source)
at java.lang.Thread.run(Unknown Source)
]]>
    </failure>
  </testcase> <!-- AccountCheck -->
  <testcase name="AccountCheck" time="38.917" classname="SupportClasses.Account_Lookup">
    <failure type="java.lang.AssertionError" message="null">
      <![CDATA[java.lang.AssertionError: null
at org.testng.Assert.fail(Assert.java:96)
at SupportClasses.Account_Lookup.AccountCheck(Account_Lookup.java:58)
at sun.reflect.GeneratedMethodAccessor2.invoke(Unknown Source)
at sun.reflect.DelegatingMethodAccessorImpl.invoke(Unknown Source)
at java.lang.reflect.Method.invoke(Unknown Source)
at org.testng.internal.MethodInvocationHelper.invokeMethod(MethodInvocationHelper.java:124)
at org.testng.internal.Invoker.invokeMethod(Invoker.java:580)
at org.testng.internal.Invoker.invokeTestMethod(Invoker.java:716)
at org.testng.internal.TestMethodWithDataProviderMethodWorker.call(TestMethodWithDataProviderMethodWorker.java:71)
at org.testng.internal.TestMethodWithDataProviderMethodWorker.call(TestMethodWithDataProviderMethodWorker.java:14)
at java.util.concurrent.FutureTask.run(Unknown Source)
at java.util.concurrent.Executors$RunnableAdapter.call(Unknown Source)
at java.util.concurrent.FutureTask.run(Unknown Source)
at java.util.concurrent.ThreadPoolExecutor.runWorker(Unknown Source)
at java.util.concurrent.ThreadPoolExecutor$Worker.run(Unknown Source)
at java.lang.Thread.run(Unknown Source)
]]>
    </failure>
  </testcase> <!-- AccountCheck -->
  <testcase name="AccountCheck" time="33.340" classname="SupportClasses.Account_Lookup"/>
  <testcase name="AccountCheck" time="9.205" classname="SupportClasses.Account_Lookup"/>
  <testcase name="AccountCheck" time="20.708" classname="SupportClasses.Account_Lookup"/>
  <testcase name="AccountCheck" time="31.041" classname="SupportClasses.Account_Lookup">
    <failure type="java.lang.AssertionError" message="null">
      <![CDATA[java.lang.AssertionError: null
at org.testng.Assert.fail(Assert.java:96)
at SupportClasses.Account_Lookup.AccountCheck(Account_Lookup.java:58)
at sun.reflect.GeneratedMethodAccessor2.invoke(Unknown Source)
at sun.reflect.DelegatingMethodAccessorImpl.invoke(Unknown Source)
at java.lang.reflect.Method.invoke(Unknown Source)
at org.testng.internal.MethodInvocationHelper.invokeMethod(MethodInvocationHelper.java:124)
at org.testng.internal.Invoker.invokeMethod(Invoker.java:580)
at org.testng.internal.Invoker.invokeTestMethod(Invoker.java:716)
at org.testng.internal.TestMethodWithDataProviderMethodWorker.call(TestMethodWithDataProviderMethodWorker.java:71)
at org.testng.internal.TestMethodWithDataProviderMethodWorker.call(TestMethodWithDataProviderMethodWorker.java:14)
at java.util.concurrent.FutureTask.run(Unknown Source)
at java.util.concurrent.Executors$RunnableAdapter.call(Unknown Source)
at java.util.concurrent.FutureTask.run(Unknown Source)
at java.util.concurrent.ThreadPoolExecutor.runWorker(Unknown Source)
at java.util.concurrent.ThreadPoolExecutor$Worker.run(Unknown Source)
at java.lang.Thread.run(Unknown Source)
]]>
    </failure>
  </testcase> <!-- AccountCheck -->
  <testcase name="AccountCheck" time="18.519" classname="SupportClasses.Account_Lookup"/>
  <testcase name="AccountCheck" time="27.269" classname="SupportClasses.Account_Lookup"/>
  <testcase name="AccountCheck" time="28.843" classname="SupportClasses.Account_Lookup"/>
  <testcase name="AccountCheck" time="39.365" classname="SupportClasses.Account_Lookup">
    <failure type="java.lang.AssertionError" message="Initialisation of record 0xFD left 1295 bytes remaining still to be read.">
      <![CDATA[java.lang.AssertionError: Initialisation of record 0xFD left 1295 bytes remaining still to be read.
at org.testng.Assert.fail(Assert.java:96)
at SupportClasses.Account_Lookup.AccountCheck(Account_Lookup.java:58)
at sun.reflect.GeneratedMethodAccessor2.invoke(Unknown Source)
at sun.reflect.DelegatingMethodAccessorImpl.invoke(Unknown Source)
at java.lang.reflect.Method.invoke(Unknown Source)
at org.testng.internal.MethodInvocationHelper.invokeMethod(MethodInvocationHelper.java:124)
at org.testng.internal.Invoker.invokeMethod(Invoker.java:580)
at org.testng.internal.Invoker.invokeTestMethod(Invoker.java:716)
at org.testng.internal.TestMethodWithDataProviderMethodWorker.call(TestMethodWithDataProviderMethodWorker.java:71)
at org.testng.internal.TestMethodWithDataProviderMethodWorker.call(TestMethodWithDataProviderMethodWorker.java:14)
at java.util.concurrent.FutureTask.run(Unknown Source)
at java.util.concurrent.Executors$RunnableAdapter.call(Unknown Source)
at java.util.concurrent.FutureTask.run(Unknown Source)
at java.util.concurrent.ThreadPoolExecutor.runWorker(Unknown Source)
at java.util.concurrent.ThreadPoolExecutor$Worker.run(Unknown Source)
at java.lang.Thread.run(Unknown Source)
]]>
    </failure>
  </testcase> <!-- AccountCheck -->
  <testcase name="AccountCheck" time="10.198" classname="SupportClasses.Account_Lookup"/>
  <testcase name="AccountCheck" time="21.311" classname="SupportClasses.Account_Lookup"/>
  <testcase name="AccountCheck" time="28.435" classname="SupportClasses.Account_Lookup">
    <failure type="java.lang.AssertionError" message="Initialisation of record 0xFD left 1295 bytes remaining still to be read.">
      <![CDATA[java.lang.AssertionError: Initialisation of record 0xFD left 1295 bytes remaining still to be read.
at org.testng.Assert.fail(Assert.java:96)
at SupportClasses.Account_Lookup.AccountCheck(Account_Lookup.java:58)
at sun.reflect.GeneratedMethodAccessor2.invoke(Unknown Source)
at sun.reflect.DelegatingMethodAccessorImpl.invoke(Unknown Source)
at java.lang.reflect.Method.invoke(Unknown Source)
at org.testng.internal.MethodInvocationHelper.invokeMethod(MethodInvocationHelper.java:124)
at org.testng.internal.Invoker.invokeMethod(Invoker.java:580)
at org.testng.internal.Invoker.invokeTestMethod(Invoker.java:716)
at org.testng.internal.TestMethodWithDataProviderMethodWorker.call(TestMethodWithDataProviderMethodWorker.java:71)
at org.testng.internal.TestMethodWithDataProviderMethodWorker.call(TestMethodWithDataProviderMethodWorker.java:14)
at java.util.concurrent.FutureTask.run(Unknown Source)
at java.util.concurrent.Executors$RunnableAdapter.call(Unknown Source)
at java.util.concurrent.FutureTask.run(Unknown Source)
at java.util.concurrent.ThreadPoolExecutor.runWorker(Unknown Source)
at java.util.concurrent.ThreadPoolExecutor$Worker.run(Unknown Source)
at java.lang.Thread.run(Unknown Source)
]]>
    </failure>
  </testcase> <!-- AccountCheck -->
  <testcase name="AccountCheck" time="19.791" classname="SupportClasses.Account_Lookup">
    <failure type="java.lang.AssertionError" message="Initialisation of record 0xFD left 1295 bytes remaining still to be read.">
      <![CDATA[java.lang.AssertionError: Initialisation of record 0xFD left 1295 bytes remaining still to be read.
at org.testng.Assert.fail(Assert.java:96)
at SupportClasses.Account_Lookup.AccountCheck(Account_Lookup.java:58)
at sun.reflect.GeneratedMethodAccessor2.invoke(Unknown Source)
at sun.reflect.DelegatingMethodAccessorImpl.invoke(Unknown Source)
at java.lang.reflect.Method.invoke(Unknown Source)
at org.testng.internal.MethodInvocationHelper.invokeMethod(MethodInvocationHelper.java:124)
at org.testng.internal.Invoker.invokeMethod(Invoker.java:580)
at org.testng.internal.Invoker.invokeTestMethod(Invoker.java:716)
at org.testng.internal.TestMethodWithDataProviderMethodWorker.call(TestMethodWithDataProviderMethodWorker.java:71)
at org.testng.internal.TestMethodWithDataProviderMethodWorker.call(TestMethodWithDataProviderMethodWorker.java:14)
at java.util.concurrent.FutureTask.run(Unknown Source)
at java.util.concurrent.Executors$RunnableAdapter.call(Unknown Source)
at java.util.concurrent.FutureTask.run(Unknown Source)
at java.util.concurrent.ThreadPoolExecutor.runWorker(Unknown Source)
at java.util.concurrent.ThreadPoolExecutor$Worker.run(Unknown Source)
at java.lang.Thread.run(Unknown Source)
]]>
    </failure>
  </testcase> <!-- AccountCheck -->
  <testcase name="AccountCheck" time="20.437" classname="SupportClasses.Account_Lookup">
    <failure type="java.lang.AssertionError" message="null">
      <![CDATA[java.lang.AssertionError: null
at org.testng.Assert.fail(Assert.java:96)
at SupportClasses.Account_Lookup.AccountCheck(Account_Lookup.java:58)
at sun.reflect.GeneratedMethodAccessor2.invoke(Unknown Source)
at sun.reflect.DelegatingMethodAccessorImpl.invoke(Unknown Source)
at java.lang.reflect.Method.invoke(Unknown Source)
at org.testng.internal.MethodInvocationHelper.invokeMethod(MethodInvocationHelper.java:124)
at org.testng.internal.Invoker.invokeMethod(Invoker.java:580)
at org.testng.internal.Invoker.invokeTestMethod(Invoker.java:716)
at org.testng.internal.TestMethodWithDataProviderMethodWorker.call(TestMethodWithDataProviderMethodWorker.java:71)
at org.testng.internal.TestMethodWithDataProviderMethodWorker.call(TestMethodWithDataProviderMethodWorker.java:14)
at java.util.concurrent.FutureTask.run(Unknown Source)
at java.util.concurrent.Executors$RunnableAdapter.call(Unknown Source)
at java.util.concurrent.FutureTask.run(Unknown Source)
at java.util.concurrent.ThreadPoolExecutor.runWorker(Unknown Source)
at java.util.concurrent.ThreadPoolExecutor$Worker.run(Unknown Source)
at java.lang.Thread.run(Unknown Source)
]]>
    </failure>
  </testcase> <!-- AccountCheck -->
  <testcase name="AccountCheck" time="14.182" classname="SupportClasses.Account_Lookup"/>
  <testcase name="AccountCheck" time="35.343" classname="SupportClasses.Account_Lookup"/>
  <testcase name="AccountCheck" time="9.848" classname="SupportClasses.Account_Lookup">
    <failure type="java.lang.AssertionError" message="Unable to read entire header; 0 bytes read; expected 512 bytes">
      <![CDATA[java.lang.AssertionError: Unable to read entire header; 0 bytes read; expected 512 bytes
at org.testng.Assert.fail(Assert.java:96)
at SupportClasses.Account_Lookup.AccountCheck(Account_Lookup.java:58)
at sun.reflect.GeneratedMethodAccessor2.invoke(Unknown Source)
at sun.reflect.DelegatingMethodAccessorImpl.invoke(Unknown Source)
at java.lang.reflect.Method.invoke(Unknown Source)
at org.testng.internal.MethodInvocationHelper.invokeMethod(MethodInvocationHelper.java:124)
at org.testng.internal.Invoker.invokeMethod(Invoker.java:580)
at org.testng.internal.Invoker.invokeTestMethod(Invoker.java:716)
at org.testng.internal.TestMethodWithDataProviderMethodWorker.call(TestMethodWithDataProviderMethodWorker.java:71)
at org.testng.internal.TestMethodWithDataProviderMethodWorker.call(TestMethodWithDataProviderMethodWorker.java:14)
at java.util.concurrent.FutureTask.run(Unknown Source)
at java.util.concurrent.Executors$RunnableAdapter.call(Unknown Source)
at java.util.concurrent.FutureTask.run(Unknown Source)
at java.util.concurrent.ThreadPoolExecutor.runWorker(Unknown Source)
at java.util.concurrent.ThreadPoolExecutor$Worker.run(Unknown Source)
at java.lang.Thread.run(Unknown Source)
]]>
    </failure>
  </testcase> <!-- AccountCheck -->
  <testcase name="AccountCheck" time="48.616" classname="SupportClasses.Account_Lookup">
    <failure type="java.lang.AssertionError" message="Initialisation of record 0xFD left 1295 bytes remaining still to be read.">
      <![CDATA[java.lang.AssertionError: Initialisation of record 0xFD left 1295 bytes remaining still to be read.
at org.testng.Assert.fail(Assert.java:96)
at SupportClasses.Account_Lookup.AccountCheck(Account_Lookup.java:58)
at sun.reflect.GeneratedMethodAccessor2.invoke(Unknown Source)
at sun.reflect.DelegatingMethodAccessorImpl.invoke(Unknown Source)
at java.lang.reflect.Method.invoke(Unknown Source)
at org.testng.internal.MethodInvocationHelper.invokeMethod(MethodInvocationHelper.java:124)
at org.testng.internal.Invoker.invokeMethod(Invoker.java:580)
at org.testng.internal.Invoker.invokeTestMethod(Invoker.java:716)
at org.testng.internal.TestMethodWithDataProviderMethodWorker.call(TestMethodWithDataProviderMethodWorker.java:71)
at org.testng.internal.TestMethodWithDataProviderMethodWorker.call(TestMethodWithDataProviderMethodWorker.java:14)
at java.util.concurrent.FutureTask.run(Unknown Source)
at java.util.concurrent.Executors$RunnableAdapter.call(Unknown Source)
at java.util.concurrent.FutureTask.run(Unknown Source)
at java.util.concurrent.ThreadPoolExecutor.runWorker(Unknown Source)
at java.util.concurrent.ThreadPoolExecutor$Worker.run(Unknown Source)
at java.lang.Thread.run(Unknown Source)
]]>
    </failure>
  </testcase> <!-- AccountCheck -->
  <testcase name="AccountCheck" time="26.636" classname="SupportClasses.Account_Lookup"/>
  <testcase name="AccountCheck" time="19.669" classname="SupportClasses.Account_Lookup"/>
  <testcase name="AccountCheck" time="62.538" classname="SupportClasses.Account_Lookup"/>
  <testcase name="AccountCheck" time="25.359" classname="SupportClasses.Account_Lookup"/>
  <testcase name="AccountCheck" time="25.298" classname="SupportClasses.Account_Lookup"/>
  <testcase name="AccountCheck" time="25.608" classname="SupportClasses.Account_Lookup"/>
  <testcase name="AccountCheck" time="21.979" classname="SupportClasses.Account_Lookup">
    <failure type="java.lang.AssertionError" message="null">
      <![CDATA[java.lang.AssertionError: null
at org.testng.Assert.fail(Assert.java:96)
at SupportClasses.Account_Lookup.AccountCheck(Account_Lookup.java:58)
at sun.reflect.GeneratedMethodAccessor2.invoke(Unknown Source)
at sun.reflect.DelegatingMethodAccessorImpl.invoke(Unknown Source)
at java.lang.reflect.Method.invoke(Unknown Source)
at org.testng.internal.MethodInvocationHelper.invokeMethod(MethodInvocationHelper.java:124)
at org.testng.internal.Invoker.invokeMethod(Invoker.java:580)
at org.testng.internal.Invoker.invokeTestMethod(Invoker.java:716)
at org.testng.internal.TestMethodWithDataProviderMethodWorker.call(TestMethodWithDataProviderMethodWorker.java:71)
at org.testng.internal.TestMethodWithDataProviderMethodWorker.call(TestMethodWithDataProviderMethodWorker.java:14)
at java.util.concurrent.FutureTask.run(Unknown Source)
at java.util.concurrent.Executors$RunnableAdapter.call(Unknown Source)
at java.util.concurrent.FutureTask.run(Unknown Source)
at java.util.concurrent.ThreadPoolExecutor.runWorker(Unknown Source)
at java.util.concurrent.ThreadPoolExecutor$Worker.run(Unknown Source)
at java.lang.Thread.run(Unknown Source)
]]>
    </failure>
  </testcase> <!-- AccountCheck -->
  <testcase name="AccountCheck" time="14.527" classname="SupportClasses.Account_Lookup"/>
  <testcase name="AccountCheck" time="58.528" classname="SupportClasses.Account_Lookup"/>
  <testcase name="AccountCheck" time="35.310" classname="SupportClasses.Account_Lookup"/>
  <testcase name="AccountCheck" time="6.441" classname="SupportClasses.Account_Lookup"/>
  <testcase name="AccountCheck" time="31.723" classname="SupportClasses.Account_Lookup">
    <failure type="java.lang.AssertionError" message="null">
      <![CDATA[java.lang.AssertionError: null
at org.testng.Assert.fail(Assert.java:96)
at SupportClasses.Account_Lookup.AccountCheck(Account_Lookup.java:58)
at sun.reflect.GeneratedMethodAccessor2.invoke(Unknown Source)
at sun.reflect.DelegatingMethodAccessorImpl.invoke(Unknown Source)
at java.lang.reflect.Method.invoke(Unknown Source)
at org.testng.internal.MethodInvocationHelper.invokeMethod(MethodInvocationHelper.java:124)
at org.testng.internal.Invoker.invokeMethod(Invoker.java:580)
at org.testng.internal.Invoker.invokeTestMethod(Invoker.java:716)
at org.testng.internal.TestMethodWithDataProviderMethodWorker.call(TestMethodWithDataProviderMethodWorker.java:71)
at org.testng.internal.TestMethodWithDataProviderMethodWorker.call(TestMethodWithDataProviderMethodWorker.java:14)
at java.util.concurrent.FutureTask.run(Unknown Source)
at java.util.concurrent.Executors$RunnableAdapter.call(Unknown Source)
at java.util.concurrent.FutureTask.run(Unknown Source)
at java.util.concurrent.ThreadPoolExecutor.runWorker(Unknown Source)
at java.util.concurrent.ThreadPoolExecutor$Worker.run(Unknown Source)
at java.lang.Thread.run(Unknown Source)
]]>
    </failure>
  </testcase> <!-- AccountCheck -->
  <testcase name="AccountCheck" time="22.944" classname="SupportClasses.Account_Lookup"/>
  <testcase name="AccountCheck" time="34.561" classname="SupportClasses.Account_Lookup"/>
  <testcase name="AccountCheck" time="16.122" classname="SupportClasses.Account_Lookup"/>
  <testcase name="AccountCheck" time="32.707" classname="SupportClasses.Account_Lookup"/>
  <testcase name="AccountCheck" time="35.610" classname="SupportClasses.Account_Lookup"/>
  <testcase name="AccountCheck" time="20.893" classname="SupportClasses.Account_Lookup"/>
  <testcase name="AccountCheck" time="9.747" classname="SupportClasses.Account_Lookup"/>
  <testcase name="AccountCheck" time="5.270" classname="SupportClasses.Account_Lookup"/>
  <testcase name="AccountCheck" time="39.917" classname="SupportClasses.Account_Lookup"/>
  <testcase name="AccountCheck" time="33.819" classname="SupportClasses.Account_Lookup"/>
  <testcase name="AccountCheck" time="36.273" classname="SupportClasses.Account_Lookup"/>
  <testcase name="AccountCheck" time="25.765" classname="SupportClasses.Account_Lookup"/>
  <testcase name="AccountCheck" time="30.134" classname="SupportClasses.Account_Lookup"/>
  <testcase name="AccountCheck" time="27.043" classname="SupportClasses.Account_Lookup"/>
  <testcase name="AccountCheck" time="10.828" classname="SupportClasses.Account_Lookup">
    <failure type="java.lang.AssertionError" message="Initialisation of record 0xFD left 1295 bytes remaining still to be read.">
      <![CDATA[java.lang.AssertionError: Initialisation of record 0xFD left 1295 bytes remaining still to be read.
at org.testng.Assert.fail(Assert.java:96)
at SupportClasses.Account_Lookup.AccountCheck(Account_Lookup.java:58)
at sun.reflect.GeneratedMethodAccessor2.invoke(Unknown Source)
at sun.reflect.DelegatingMethodAccessorImpl.invoke(Unknown Source)
at java.lang.reflect.Method.invoke(Unknown Source)
at org.testng.internal.MethodInvocationHelper.invokeMethod(MethodInvocationHelper.java:124)
at org.testng.internal.Invoker.invokeMethod(Invoker.java:580)
at org.testng.internal.Invoker.invokeTestMethod(Invoker.java:716)
at org.testng.internal.TestMethodWithDataProviderMethodWorker.call(TestMethodWithDataProviderMethodWorker.java:71)
at org.testng.internal.TestMethodWithDataProviderMethodWorker.call(TestMethodWithDataProviderMethodWorker.java:14)
at java.util.concurrent.FutureTask.run(Unknown Source)
at java.util.concurrent.Executors$RunnableAdapter.call(Unknown Source)
at java.util.concurrent.FutureTask.run(Unknown Source)
at java.util.concurrent.ThreadPoolExecutor.runWorker(Unknown Source)
at java.util.concurrent.ThreadPoolExecutor$Worker.run(Unknown Source)
at java.lang.Thread.run(Unknown Source)
]]>
    </failure>
  </testcase> <!-- AccountCheck -->
  <testcase name="AccountCheck" time="35.463" classname="SupportClasses.Account_Lookup"/>
  <testcase name="AccountCheck" time="37.598" classname="SupportClasses.Account_Lookup"/>
  <testcase name="AccountCheck" time="22.392" classname="SupportClasses.Account_Lookup"/>
  <testcase name="AccountCheck" time="19.413" classname="SupportClasses.Account_Lookup">
    <failure type="java.lang.AssertionError" message="Initialisation of record 0xFD left 1295 bytes remaining still to be read.">
      <![CDATA[java.lang.AssertionError: Initialisation of record 0xFD left 1295 bytes remaining still to be read.
at org.testng.Assert.fail(Assert.java:96)
at SupportClasses.Account_Lookup.AccountCheck(Account_Lookup.java:58)
at sun.reflect.GeneratedMethodAccessor2.invoke(Unknown Source)
at sun.reflect.DelegatingMethodAccessorImpl.invoke(Unknown Source)
at java.lang.reflect.Method.invoke(Unknown Source)
at org.testng.internal.MethodInvocationHelper.invokeMethod(MethodInvocationHelper.java:124)
at org.testng.internal.Invoker.invokeMethod(Invoker.java:580)
at org.testng.internal.Invoker.invokeTestMethod(Invoker.java:716)
at org.testng.internal.TestMethodWithDataProviderMethodWorker.call(TestMethodWithDataProviderMethodWorker.java:71)
at org.testng.internal.TestMethodWithDataProviderMethodWorker.call(TestMethodWithDataProviderMethodWorker.java:14)
at java.util.concurrent.FutureTask.run(Unknown Source)
at java.util.concurrent.Executors$RunnableAdapter.call(Unknown Source)
at java.util.concurrent.FutureTask.run(Unknown Source)
at java.util.concurrent.ThreadPoolExecutor.runWorker(Unknown Source)
at java.util.concurrent.ThreadPoolExecutor$Worker.run(Unknown Source)
at java.lang.Thread.run(Unknown Source)
]]>
    </failure>
  </testcase> <!-- AccountCheck -->
  <testcase name="AccountCheck" time="7.059" classname="SupportClasses.Account_Lookup"/>
  <testcase name="AccountCheck" time="50.138" classname="SupportClasses.Account_Lookup">
    <failure type="java.lang.AssertionError" message="Initialisation of record 0xFD left 1295 bytes remaining still to be read.">
      <![CDATA[java.lang.AssertionError: Initialisation of record 0xFD left 1295 bytes remaining still to be read.
at org.testng.Assert.fail(Assert.java:96)
at SupportClasses.Account_Lookup.AccountCheck(Account_Lookup.java:58)
at sun.reflect.GeneratedMethodAccessor2.invoke(Unknown Source)
at sun.reflect.DelegatingMethodAccessorImpl.invoke(Unknown Source)
at java.lang.reflect.Method.invoke(Unknown Source)
at org.testng.internal.MethodInvocationHelper.invokeMethod(MethodInvocationHelper.java:124)
at org.testng.internal.Invoker.invokeMethod(Invoker.java:580)
at org.testng.internal.Invoker.invokeTestMethod(Invoker.java:716)
at org.testng.internal.TestMethodWithDataProviderMethodWorker.call(TestMethodWithDataProviderMethodWorker.java:71)
at org.testng.internal.TestMethodWithDataProviderMethodWorker.call(TestMethodWithDataProviderMethodWorker.java:14)
at java.util.concurrent.FutureTask.run(Unknown Source)
at java.util.concurrent.Executors$RunnableAdapter.call(Unknown Source)
at java.util.concurrent.FutureTask.run(Unknown Source)
at java.util.concurrent.ThreadPoolExecutor.runWorker(Unknown Source)
at java.util.concurrent.ThreadPoolExecutor$Worker.run(Unknown Source)
at java.lang.Thread.run(Unknown Source)
]]>
    </failure>
  </testcase> <!-- AccountCheck -->
  <testcase name="AccountCheck" time="26.157" classname="SupportClasses.Account_Lookup"/>
  <testcase name="AccountCheck" time="10.337" classname="SupportClasses.Account_Lookup"/>
  <testcase name="AccountCheck" time="62.273" classname="SupportClasses.Account_Lookup"/>
  <testcase name="AccountCheck" time="46.070" classname="SupportClasses.Account_Lookup"/>
  <testcase name="AccountCheck" time="19.480" classname="SupportClasses.Account_Lookup"/>
  <testcase name="AccountCheck" time="10.616" classname="SupportClasses.Account_Lookup"/>
  <testcase name="AccountCheck" time="24.500" classname="SupportClasses.Account_Lookup"/>
  <testcase name="AccountCheck" time="30.264" classname="SupportClasses.Account_Lookup"/>
  <testcase name="AccountCheck" time="19.767" classname="SupportClasses.Account_Lookup">
    <failure type="java.lang.AssertionError" message="Initialisation of record 0xFD left 1295 bytes remaining still to be read.">
      <![CDATA[java.lang.AssertionError: Initialisation of record 0xFD left 1295 bytes remaining still to be read.
at org.testng.Assert.fail(Assert.java:96)
at SupportClasses.Account_Lookup.AccountCheck(Account_Lookup.java:58)
at sun.reflect.GeneratedMethodAccessor2.invoke(Unknown Source)
at sun.reflect.DelegatingMethodAccessorImpl.invoke(Unknown Source)
at java.lang.reflect.Method.invoke(Unknown Source)
at org.testng.internal.MethodInvocationHelper.invokeMethod(MethodInvocationHelper.java:124)
at org.testng.internal.Invoker.invokeMethod(Invoker.java:580)
at org.testng.internal.Invoker.invokeTestMethod(Invoker.java:716)
at org.testng.internal.TestMethodWithDataProviderMethodWorker.call(TestMethodWithDataProviderMethodWorker.java:71)
at org.testng.internal.TestMethodWithDataProviderMethodWorker.call(TestMethodWithDataProviderMethodWorker.java:14)
at java.util.concurrent.FutureTask.run(Unknown Source)
at java.util.concurrent.Executors$RunnableAdapter.call(Unknown Source)
at java.util.concurrent.FutureTask.run(Unknown Source)
at java.util.concurrent.ThreadPoolExecutor.runWorker(Unknown Source)
at java.util.concurrent.ThreadPoolExecutor$Worker.run(Unknown Source)
at java.lang.Thread.run(Unknown Source)
]]>
    </failure>
  </testcase> <!-- AccountCheck -->
  <testcase name="AccountCheck" time="19.493" classname="SupportClasses.Account_Lookup"/>
  <testcase name="AccountCheck" time="20.197" classname="SupportClasses.Account_Lookup"/>
  <testcase name="AccountCheck" time="48.567" classname="SupportClasses.Account_Lookup">
    <failure type="java.lang.AssertionError" message="Initialisation of record 0xFD left 1295 bytes remaining still to be read.">
      <![CDATA[java.lang.AssertionError: Initialisation of record 0xFD left 1295 bytes remaining still to be read.
at org.testng.Assert.fail(Assert.java:96)
at SupportClasses.Account_Lookup.AccountCheck(Account_Lookup.java:58)
at sun.reflect.GeneratedMethodAccessor2.invoke(Unknown Source)
at sun.reflect.DelegatingMethodAccessorImpl.invoke(Unknown Source)
at java.lang.reflect.Method.invoke(Unknown Source)
at org.testng.internal.MethodInvocationHelper.invokeMethod(MethodInvocationHelper.java:124)
at org.testng.internal.Invoker.invokeMethod(Invoker.java:580)
at org.testng.internal.Invoker.invokeTestMethod(Invoker.java:716)
at org.testng.internal.TestMethodWithDataProviderMethodWorker.call(TestMethodWithDataProviderMethodWorker.java:71)
at org.testng.internal.TestMethodWithDataProviderMethodWorker.call(TestMethodWithDataProviderMethodWorker.java:14)
at java.util.concurrent.FutureTask.run(Unknown Source)
at java.util.concurrent.Executors$RunnableAdapter.call(Unknown Source)
at java.util.concurrent.FutureTask.run(Unknown Source)
at java.util.concurrent.ThreadPoolExecutor.runWorker(Unknown Source)
at java.util.concurrent.ThreadPoolExecutor$Worker.run(Unknown Source)
at java.lang.Thread.run(Unknown Source)
]]>
    </failure>
  </testcase> <!-- AccountCheck -->
  <testcase name="AccountCheck" time="35.126" classname="SupportClasses.Account_Lookup"/>
  <testcase name="AccountCheck" time="39.982" classname="SupportClasses.Account_Lookup"/>
  <testcase name="AccountCheck" time="5.016" classname="SupportClasses.Account_Lookup"/>
  <testcase name="AccountCheck" time="34.473" classname="SupportClasses.Account_Lookup">
    <failure type="java.lang.AssertionError" message="null">
      <![CDATA[java.lang.AssertionError: null
at org.testng.Assert.fail(Assert.java:96)
at SupportClasses.Account_Lookup.AccountCheck(Account_Lookup.java:58)
at sun.reflect.GeneratedMethodAccessor2.invoke(Unknown Source)
at sun.reflect.DelegatingMethodAccessorImpl.invoke(Unknown Source)
at java.lang.reflect.Method.invoke(Unknown Source)
at org.testng.internal.MethodInvocationHelper.invokeMethod(MethodInvocationHelper.java:124)
at org.testng.internal.Invoker.invokeMethod(Invoker.java:580)
at org.testng.internal.Invoker.invokeTestMethod(Invoker.java:716)
at org.testng.internal.TestMethodWithDataProviderMethodWorker.call(TestMethodWithDataProviderMethodWorker.java:71)
at org.testng.internal.TestMethodWithDataProviderMethodWorker.call(TestMethodWithDataProviderMethodWorker.java:14)
at java.util.concurrent.FutureTask.run(Unknown Source)
at java.util.concurrent.Executors$RunnableAdapter.call(Unknown Source)
at java.util.concurrent.FutureTask.run(Unknown Source)
at java.util.concurrent.ThreadPoolExecutor.runWorker(Unknown Source)
at java.util.concurrent.ThreadPoolExecutor$Worker.run(Unknown Source)
at java.lang.Thread.run(Unknown Source)
]]>
    </failure>
  </testcase> <!-- AccountCheck -->
  <testcase name="AccountCheck" time="27.246" classname="SupportClasses.Account_Lookup"/>
  <testcase name="AccountCheck" time="10.070" classname="SupportClasses.Account_Lookup"/>
  <testcase name="AccountCheck" time="35.055" classname="SupportClasses.Account_Lookup"/>
  <testcase name="AccountCheck" time="46.559" classname="SupportClasses.Account_Lookup"/>
  <testcase name="AccountCheck" time="14.598" classname="SupportClasses.Account_Lookup"/>
  <testcase name="AccountCheck" time="19.125" classname="SupportClasses.Account_Lookup">
    <failure type="java.lang.AssertionError" message="Initialisation of record 0xFD left 1295 bytes remaining still to be read.">
      <![CDATA[java.lang.AssertionError: Initialisation of record 0xFD left 1295 bytes remaining still to be read.
at org.testng.Assert.fail(Assert.java:96)
at SupportClasses.Account_Lookup.AccountCheck(Account_Lookup.java:58)
at sun.reflect.GeneratedMethodAccessor2.invoke(Unknown Source)
at sun.reflect.DelegatingMethodAccessorImpl.invoke(Unknown Source)
at java.lang.reflect.Method.invoke(Unknown Source)
at org.testng.internal.MethodInvocationHelper.invokeMethod(MethodInvocationHelper.java:124)
at org.testng.internal.Invoker.invokeMethod(Invoker.java:580)
at org.testng.internal.Invoker.invokeTestMethod(Invoker.java:716)
at org.testng.internal.TestMethodWithDataProviderMethodWorker.call(TestMethodWithDataProviderMethodWorker.java:71)
at org.testng.internal.TestMethodWithDataProviderMethodWorker.call(TestMethodWithDataProviderMethodWorker.java:14)
at java.util.concurrent.FutureTask.run(Unknown Source)
at java.util.concurrent.Executors$RunnableAdapter.call(Unknown Source)
at java.util.concurrent.FutureTask.run(Unknown Source)
at java.util.concurrent.ThreadPoolExecutor.runWorker(Unknown Source)
at java.util.concurrent.ThreadPoolExecutor$Worker.run(Unknown Source)
at java.lang.Thread.run(Unknown Source)
]]>
    </failure>
  </testcase> <!-- AccountCheck -->
  <testcase name="AccountCheck" time="12.185" classname="SupportClasses.Account_Lookup">
    <failure type="java.lang.AssertionError" message="null">
      <![CDATA[java.lang.AssertionError: null
at org.testng.Assert.fail(Assert.java:96)
at SupportClasses.Account_Lookup.AccountCheck(Account_Lookup.java:58)
at sun.reflect.GeneratedMethodAccessor2.invoke(Unknown Source)
at sun.reflect.DelegatingMethodAccessorImpl.invoke(Unknown Source)
at java.lang.reflect.Method.invoke(Unknown Source)
at org.testng.internal.MethodInvocationHelper.invokeMethod(MethodInvocationHelper.java:124)
at org.testng.internal.Invoker.invokeMethod(Invoker.java:580)
at org.testng.internal.Invoker.invokeTestMethod(Invoker.java:716)
at org.testng.internal.TestMethodWithDataProviderMethodWorker.call(TestMethodWithDataProviderMethodWorker.java:71)
at org.testng.internal.TestMethodWithDataProviderMethodWorker.call(TestMethodWithDataProviderMethodWorker.java:14)
at java.util.concurrent.FutureTask.run(Unknown Source)
at java.util.concurrent.Executors$RunnableAdapter.call(Unknown Source)
at java.util.concurrent.FutureTask.run(Unknown Source)
at java.util.concurrent.ThreadPoolExecutor.runWorker(Unknown Source)
at java.util.concurrent.ThreadPoolExecutor$Worker.run(Unknown Source)
at java.lang.Thread.run(Unknown Source)
]]>
    </failure>
  </testcase> <!-- AccountCheck -->
  <testcase name="AccountCheck" time="25.118" classname="SupportClasses.Account_Lookup"/>
  <testcase name="AccountCheck" time="40.225" classname="SupportClasses.Account_Lookup"/>
  <testcase name="AccountCheck" time="27.483" classname="SupportClasses.Account_Lookup"/>
  <testcase name="AccountCheck" time="60.834" classname="SupportClasses.Account_Lookup">
    <failure type="java.lang.AssertionError" message="Initialisation of record 0xFD left 1295 bytes remaining still to be read.">
      <![CDATA[java.lang.AssertionError: Initialisation of record 0xFD left 1295 bytes remaining still to be read.
at org.testng.Assert.fail(Assert.java:96)
at SupportClasses.Account_Lookup.AccountCheck(Account_Lookup.java:58)
at sun.reflect.GeneratedMethodAccessor2.invoke(Unknown Source)
at sun.reflect.DelegatingMethodAccessorImpl.invoke(Unknown Source)
at java.lang.reflect.Method.invoke(Unknown Source)
at org.testng.internal.MethodInvocationHelper.invokeMethod(MethodInvocationHelper.java:124)
at org.testng.internal.Invoker.invokeMethod(Invoker.java:580)
at org.testng.internal.Invoker.invokeTestMethod(Invoker.java:716)
at org.testng.internal.TestMethodWithDataProviderMethodWorker.call(TestMethodWithDataProviderMethodWorker.java:71)
at org.testng.internal.TestMethodWithDataProviderMethodWorker.call(TestMethodWithDataProviderMethodWorker.java:14)
at java.util.concurrent.FutureTask.run(Unknown Source)
at java.util.concurrent.Executors$RunnableAdapter.call(Unknown Source)
at java.util.concurrent.FutureTask.run(Unknown Source)
at java.util.concurrent.ThreadPoolExecutor.runWorker(Unknown Source)
at java.util.concurrent.ThreadPoolExecutor$Worker.run(Unknown Source)
at java.lang.Thread.run(Unknown Source)
]]>
    </failure>
  </testcase> <!-- AccountCheck -->
  <testcase name="AccountCheck" time="48.016" classname="SupportClasses.Account_Lookup"/>
  <testcase name="AccountCheck" time="35.319" classname="SupportClasses.Account_Lookup"/>
  <testcase name="AccountCheck" time="22.533" classname="SupportClasses.Account_Lookup"/>
  <testcase name="AccountCheck" time="8.733" classname="SupportClasses.Account_Lookup">
    <failure type="java.lang.AssertionError" message="Initialisation of record 0xFD left 1295 bytes remaining still to be read.">
      <![CDATA[java.lang.AssertionError: Initialisation of record 0xFD left 1295 bytes remaining still to be read.
at org.testng.Assert.fail(Assert.java:96)
at SupportClasses.Account_Lookup.AccountCheck(Account_Lookup.java:58)
at sun.reflect.GeneratedMethodAccessor2.invoke(Unknown Source)
at sun.reflect.DelegatingMethodAccessorImpl.invoke(Unknown Source)
at java.lang.reflect.Method.invoke(Unknown Source)
at org.testng.internal.MethodInvocationHelper.invokeMethod(MethodInvocationHelper.java:124)
at org.testng.internal.Invoker.invokeMethod(Invoker.java:580)
at org.testng.internal.Invoker.invokeTestMethod(Invoker.java:716)
at org.testng.internal.TestMethodWithDataProviderMethodWorker.call(TestMethodWithDataProviderMethodWorker.java:71)
at org.testng.internal.TestMethodWithDataProviderMethodWorker.call(TestMethodWithDataProviderMethodWorker.java:14)
at java.util.concurrent.FutureTask.run(Unknown Source)
at java.util.concurrent.Executors$RunnableAdapter.call(Unknown Source)
at java.util.concurrent.FutureTask.run(Unknown Source)
at java.util.concurrent.ThreadPoolExecutor.runWorker(Unknown Source)
at java.util.concurrent.ThreadPoolExecutor$Worker.run(Unknown Source)
at java.lang.Thread.run(Unknown Source)
]]>
    </failure>
  </testcase> <!-- AccountCheck -->
  <testcase name="AccountCheck" time="29.787" classname="SupportClasses.Account_Lookup"/>
  <testcase name="AccountCheck" time="12.083" classname="SupportClasses.Account_Lookup"/>
  <testcase name="AccountCheck" time="36.013" classname="SupportClasses.Account_Lookup"/>
  <testcase name="AccountCheck" time="5.589" classname="SupportClasses.Account_Lookup"/>
  <testcase name="AccountCheck" time="20.488" classname="SupportClasses.Account_Lookup"/>
  <testcase name="AccountCheck" time="20.031" classname="SupportClasses.Account_Lookup"/>
  <testcase name="AccountCheck" time="30.760" classname="SupportClasses.Account_Lookup"/>
  <testcase name="AccountCheck" time="12.904" classname="SupportClasses.Account_Lookup">
    <failure type="java.lang.AssertionError" message="null">
      <![CDATA[java.lang.AssertionError: null
at org.testng.Assert.fail(Assert.java:96)
at SupportClasses.Account_Lookup.AccountCheck(Account_Lookup.java:58)
at sun.reflect.GeneratedMethodAccessor2.invoke(Unknown Source)
at sun.reflect.DelegatingMethodAccessorImpl.invoke(Unknown Source)
at java.lang.reflect.Method.invoke(Unknown Source)
at org.testng.internal.MethodInvocationHelper.invokeMethod(MethodInvocationHelper.java:124)
at org.testng.internal.Invoker.invokeMethod(Invoker.java:580)
at org.testng.internal.Invoker.invokeTestMethod(Invoker.java:716)
at org.testng.internal.TestMethodWithDataProviderMethodWorker.call(TestMethodWithDataProviderMethodWorker.java:71)
at org.testng.internal.TestMethodWithDataProviderMethodWorker.call(TestMethodWithDataProviderMethodWorker.java:14)
at java.util.concurrent.FutureTask.run(Unknown Source)
at java.util.concurrent.Executors$RunnableAdapter.call(Unknown Source)
at java.util.concurrent.FutureTask.run(Unknown Source)
at java.util.concurrent.ThreadPoolExecutor.runWorker(Unknown Source)
at java.util.concurrent.ThreadPoolExecutor$Worker.run(Unknown Source)
at java.lang.Thread.run(Unknown Source)
]]>
    </failure>
  </testcase> <!-- AccountCheck -->
  <testcase name="AccountCheck" time="15.772" classname="SupportClasses.Account_Lookup"/>
  <testcase name="AccountCheck" time="49.460" classname="SupportClasses.Account_Lookup"/>
  <testcase name="AccountCheck" time="29.013" classname="SupportClasses.Account_Lookup">
    <failure type="java.lang.AssertionError" message="Initialisation of record 0xFD left 1295 bytes remaining still to be read.">
      <![CDATA[java.lang.AssertionError: Initialisation of record 0xFD left 1295 bytes remaining still to be read.
at org.testng.Assert.fail(Assert.java:96)
at SupportClasses.Account_Lookup.AccountCheck(Account_Lookup.java:58)
at sun.reflect.GeneratedMethodAccessor2.invoke(Unknown Source)
at sun.reflect.DelegatingMethodAccessorImpl.invoke(Unknown Source)
at java.lang.reflect.Method.invoke(Unknown Source)
at org.testng.internal.MethodInvocationHelper.invokeMethod(MethodInvocationHelper.java:124)
at org.testng.internal.Invoker.invokeMethod(Invoker.java:580)
at org.testng.internal.Invoker.invokeTestMethod(Invoker.java:716)
at org.testng.internal.TestMethodWithDataProviderMethodWorker.call(TestMethodWithDataProviderMethodWorker.java:71)
at org.testng.internal.TestMethodWithDataProviderMethodWorker.call(TestMethodWithDataProviderMethodWorker.java:14)
at java.util.concurrent.FutureTask.run(Unknown Source)
at java.util.concurrent.Executors$RunnableAdapter.call(Unknown Source)
at java.util.concurrent.FutureTask.run(Unknown Source)
at java.util.concurrent.ThreadPoolExecutor.runWorker(Unknown Source)
at java.util.concurrent.ThreadPoolExecutor$Worker.run(Unknown Source)
at java.lang.Thread.run(Unknown Source)
]]>
    </failure>
  </testcase> <!-- AccountCheck -->
  <testcase name="AccountCheck" time="23.072" classname="SupportClasses.Account_Lookup">
    <failure type="java.lang.AssertionError" message="null">
      <![CDATA[java.lang.AssertionError: null
at org.testng.Assert.fail(Assert.java:96)
at SupportClasses.Account_Lookup.AccountCheck(Account_Lookup.java:58)
at sun.reflect.GeneratedMethodAccessor2.invoke(Unknown Source)
at sun.reflect.DelegatingMethodAccessorImpl.invoke(Unknown Source)
at java.lang.reflect.Method.invoke(Unknown Source)
at org.testng.internal.MethodInvocationHelper.invokeMethod(MethodInvocationHelper.java:124)
at org.testng.internal.Invoker.invokeMethod(Invoker.java:580)
at org.testng.internal.Invoker.invokeTestMethod(Invoker.java:716)
at org.testng.internal.TestMethodWithDataProviderMethodWorker.call(TestMethodWithDataProviderMethodWorker.java:71)
at org.testng.internal.TestMethodWithDataProviderMethodWorker.call(TestMethodWithDataProviderMethodWorker.java:14)
at java.util.concurrent.FutureTask.run(Unknown Source)
at java.util.concurrent.Executors$RunnableAdapter.call(Unknown Source)
at java.util.concurrent.FutureTask.run(Unknown Source)
at java.util.concurrent.ThreadPoolExecutor.runWorker(Unknown Source)
at java.util.concurrent.ThreadPoolExecutor$Worker.run(Unknown Source)
at java.lang.Thread.run(Unknown Source)
]]>
    </failure>
  </testcase> <!-- AccountCheck -->
  <testcase name="AccountCheck" time="5.010" classname="SupportClasses.Account_Lookup"/>
  <testcase name="AccountCheck" time="39.509" classname="SupportClasses.Account_Lookup">
    <failure type="java.lang.AssertionError" message="Initialisation of record 0xFD left 1295 bytes remaining still to be read.">
      <![CDATA[java.lang.AssertionError: Initialisation of record 0xFD left 1295 bytes remaining still to be read.
at org.testng.Assert.fail(Assert.java:96)
at SupportClasses.Account_Lookup.AccountCheck(Account_Lookup.java:58)
at sun.reflect.GeneratedMethodAccessor2.invoke(Unknown Source)
at sun.reflect.DelegatingMethodAccessorImpl.invoke(Unknown Source)
at java.lang.reflect.Method.invoke(Unknown Source)
at org.testng.internal.MethodInvocationHelper.invokeMethod(MethodInvocationHelper.java:124)
at org.testng.internal.Invoker.invokeMethod(Invoker.java:580)
at org.testng.internal.Invoker.invokeTestMethod(Invoker.java:716)
at org.testng.internal.TestMethodWithDataProviderMethodWorker.call(TestMethodWithDataProviderMethodWorker.java:71)
at org.testng.internal.TestMethodWithDataProviderMethodWorker.call(TestMethodWithDataProviderMethodWorker.java:14)
at java.util.concurrent.FutureTask.run(Unknown Source)
at java.util.concurrent.Executors$RunnableAdapter.call(Unknown Source)
at java.util.concurrent.FutureTask.run(Unknown Source)
at java.util.concurrent.ThreadPoolExecutor.runWorker(Unknown Source)
at java.util.concurrent.ThreadPoolExecutor$Worker.run(Unknown Source)
at java.lang.Thread.run(Unknown Source)
]]>
    </failure>
  </testcase> <!-- AccountCheck -->
  <testcase name="AccountCheck" time="29.430" classname="SupportClasses.Account_Lookup"/>
  <testcase name="AccountCheck" time="15.530" classname="SupportClasses.Account_Lookup"/>
  <testcase name="AccountCheck" time="29.314" classname="SupportClasses.Account_Lookup"/>
  <testcase name="AccountCheck" time="23.358" classname="SupportClasses.Account_Lookup"/>
  <testcase name="AccountCheck" time="4.385" classname="SupportClasses.Account_Lookup"/>
  <testcase name="AccountCheck" time="3.530" classname="SupportClasses.Account_Lookup"/>
  <testcase name="AccountCheck" time="39.688" classname="SupportClasses.Account_Lookup"/>
  <testcase name="AccountCheck" time="30.362" classname="SupportClasses.Account_Lookup">
    <failure type="java.lang.AssertionError" message="null">
      <![CDATA[java.lang.AssertionError: null
at org.testng.Assert.fail(Assert.java:96)
at SupportClasses.Account_Lookup.AccountCheck(Account_Lookup.java:58)
at sun.reflect.GeneratedMethodAccessor2.invoke(Unknown Source)
at sun.reflect.DelegatingMethodAccessorImpl.invoke(Unknown Source)
at java.lang.reflect.Method.invoke(Unknown Source)
at org.testng.internal.MethodInvocationHelper.invokeMethod(MethodInvocationHelper.java:124)
at org.testng.internal.Invoker.invokeMethod(Invoker.java:580)
at org.testng.internal.Invoker.invokeTestMethod(Invoker.java:716)
at org.testng.internal.TestMethodWithDataProviderMethodWorker.call(TestMethodWithDataProviderMethodWorker.java:71)
at org.testng.internal.TestMethodWithDataProviderMethodWorker.call(TestMethodWithDataProviderMethodWorker.java:14)
at java.util.concurrent.FutureTask.run(Unknown Source)
at java.util.concurrent.Executors$RunnableAdapter.call(Unknown Source)
at java.util.concurrent.FutureTask.run(Unknown Source)
at java.util.concurrent.ThreadPoolExecutor.runWorker(Unknown Source)
at java.util.concurrent.ThreadPoolExecutor$Worker.run(Unknown Source)
at java.lang.Thread.run(Unknown Source)
]]>
    </failure>
  </testcase> <!-- AccountCheck -->
  <testcase name="AccountCheck" time="28.048" classname="SupportClasses.Account_Lookup">
    <failure type="java.lang.AssertionError" message="Initialisation of record 0xFD left 1295 bytes remaining still to be read.">
      <![CDATA[java.lang.AssertionError: Initialisation of record 0xFD left 1295 bytes remaining still to be read.
at org.testng.Assert.fail(Assert.java:96)
at SupportClasses.Account_Lookup.AccountCheck(Account_Lookup.java:58)
at sun.reflect.GeneratedMethodAccessor2.invoke(Unknown Source)
at sun.reflect.DelegatingMethodAccessorImpl.invoke(Unknown Source)
at java.lang.reflect.Method.invoke(Unknown Source)
at org.testng.internal.MethodInvocationHelper.invokeMethod(MethodInvocationHelper.java:124)
at org.testng.internal.Invoker.invokeMethod(Invoker.java:580)
at org.testng.internal.Invoker.invokeTestMethod(Invoker.java:716)
at org.testng.internal.TestMethodWithDataProviderMethodWorker.call(TestMethodWithDataProviderMethodWorker.java:71)
at org.testng.internal.TestMethodWithDataProviderMethodWorker.call(TestMethodWithDataProviderMethodWorker.java:14)
at java.util.concurrent.FutureTask.run(Unknown Source)
at java.util.concurrent.Executors$RunnableAdapter.call(Unknown Source)
at java.util.concurrent.FutureTask.run(Unknown Source)
at java.util.concurrent.ThreadPoolExecutor.runWorker(Unknown Source)
at java.util.concurrent.ThreadPoolExecutor$Worker.run(Unknown Source)
at java.lang.Thread.run(Unknown Source)
]]>
    </failure>
  </testcase> <!-- AccountCheck -->
  <testcase name="AccountCheck" time="5.008" classname="SupportClasses.Account_Lookup"/>
  <testcase name="AccountCheck" time="25.216" classname="SupportClasses.Account_Lookup"/>
  <testcase name="AccountCheck" time="38.086" classname="SupportClasses.Account_Lookup"/>
  <testcase name="AccountCheck" time="21.073" classname="SupportClasses.Account_Lookup">
    <failure type="java.lang.AssertionError" message="Initialisation of record 0xFD left 1295 bytes remaining still to be read.">
      <![CDATA[java.lang.AssertionError: Initialisation of record 0xFD left 1295 bytes remaining still to be read.
at org.testng.Assert.fail(Assert.java:96)
at SupportClasses.Account_Lookup.AccountCheck(Account_Lookup.java:58)
at sun.reflect.GeneratedMethodAccessor2.invoke(Unknown Source)
at sun.reflect.DelegatingMethodAccessorImpl.invoke(Unknown Source)
at java.lang.reflect.Method.invoke(Unknown Source)
at org.testng.internal.MethodInvocationHelper.invokeMethod(MethodInvocationHelper.java:124)
at org.testng.internal.Invoker.invokeMethod(Invoker.java:580)
at org.testng.internal.Invoker.invokeTestMethod(Invoker.java:716)
at org.testng.internal.TestMethodWithDataProviderMethodWorker.call(TestMethodWithDataProviderMethodWorker.java:71)
at org.testng.internal.TestMethodWithDataProviderMethodWorker.call(TestMethodWithDataProviderMethodWorker.java:14)
at java.util.concurrent.FutureTask.run(Unknown Source)
at java.util.concurrent.Executors$RunnableAdapter.call(Unknown Source)
at java.util.concurrent.FutureTask.run(Unknown Source)
at java.util.concurrent.ThreadPoolExecutor.runWorker(Unknown Source)
at java.util.concurrent.ThreadPoolExecutor$Worker.run(Unknown Source)
at java.lang.Thread.run(Unknown Source)
]]>
    </failure>
  </testcase> <!-- AccountCheck -->
  <testcase name="AccountCheck" time="6.130" classname="SupportClasses.Account_Lookup"/>
  <testcase name="AccountCheck" time="38.008" classname="SupportClasses.Account_Lookup"/>
  <testcase name="AccountCheck" time="10.355" classname="SupportClasses.Account_Lookup"/>
  <testcase name="AccountCheck" time="21.477" classname="SupportClasses.Account_Lookup"/>
  <testcase name="AccountCheck" time="15.635" classname="SupportClasses.Account_Lookup"/>
  <testcase name="AccountCheck" time="9.644" classname="SupportClasses.Account_Lookup">
    <failure type="java.lang.AssertionError" message="Your file contains 355 sectors, but the initial DIFAT array at index 0 referenced block # 1472. This isn&#039;t allowed and  your file is corrupt">
      <![CDATA[java.lang.AssertionError: Your file contains 355 sectors, but the initial DIFAT array at index 0 referenced block # 1472. This isn't allowed and  your file is corrupt
at org.testng.Assert.fail(Assert.java:96)
at SupportClasses.Account_Lookup.AccountCheck(Account_Lookup.java:58)
at sun.reflect.GeneratedMethodAccessor2.invoke(Unknown Source)
at sun.reflect.DelegatingMethodAccessorImpl.invoke(Unknown Source)
at java.lang.reflect.Method.invoke(Unknown Source)
at org.testng.internal.MethodInvocationHelper.invokeMethod(MethodInvocationHelper.java:124)
at org.testng.internal.Invoker.invokeMethod(Invoker.java:580)
at org.testng.internal.Invoker.invokeTestMethod(Invoker.java:716)
at org.testng.internal.TestMethodWithDataProviderMethodWorker.call(TestMethodWithDataProviderMethodWorker.java:71)
at org.testng.internal.TestMethodWithDataProviderMethodWorker.call(TestMethodWithDataProviderMethodWorker.java:14)
at java.util.concurrent.FutureTask.run(Unknown Source)
at java.util.concurrent.Executors$RunnableAdapter.call(Unknown Source)
at java.util.concurrent.FutureTask.run(Unknown Source)
at java.util.concurrent.ThreadPoolExecutor.runWorker(Unknown Source)
at java.util.concurrent.ThreadPoolExecutor$Worker.run(Unknown Source)
at java.lang.Thread.run(Unknown Source)
]]>
    </failure>
  </testcase> <!-- AccountCheck -->
  <testcase name="AccountCheck" time="20.325" classname="SupportClasses.Account_Lookup"/>
  <testcase name="AccountCheck" time="9.755" classname="SupportClasses.Account_Lookup"/>
  <testcase name="AccountCheck" time="5.626" classname="SupportClasses.Account_Lookup"/>
  <testcase name="AccountCheck" time="4.949" classname="SupportClasses.Account_Lookup"/>
  <testcase name="AccountCheck" time="22.377" classname="SupportClasses.Account_Lookup"/>
  <testcase name="AccountCheck" time="29.092" classname="SupportClasses.Account_Lookup"/>
  <testcase name="AccountCheck" time="13.053" classname="SupportClasses.Account_Lookup"/>
  <testcase name="AccountCheck" time="25.339" classname="SupportClasses.Account_Lookup"/>
  <testcase name="AccountCheck" time="24.468" classname="SupportClasses.Account_Lookup"/>
  <testcase name="AccountCheck" time="20.912" classname="SupportClasses.Account_Lookup">
    <failure type="java.lang.AssertionError" message="null">
      <![CDATA[java.lang.AssertionError: null
at org.testng.Assert.fail(Assert.java:96)
at SupportClasses.Account_Lookup.AccountCheck(Account_Lookup.java:58)
at sun.reflect.GeneratedMethodAccessor2.invoke(Unknown Source)
at sun.reflect.DelegatingMethodAccessorImpl.invoke(Unknown Source)
at java.lang.reflect.Method.invoke(Unknown Source)
at org.testng.internal.MethodInvocationHelper.invokeMethod(MethodInvocationHelper.java:124)
at org.testng.internal.Invoker.invokeMethod(Invoker.java:580)
at org.testng.internal.Invoker.invokeTestMethod(Invoker.java:716)
at org.testng.internal.TestMethodWithDataProviderMethodWorker.call(TestMethodWithDataProviderMethodWorker.java:71)
at org.testng.internal.TestMethodWithDataProviderMethodWorker.call(TestMethodWithDataProviderMethodWorker.java:14)
at java.util.concurrent.FutureTask.run(Unknown Source)
at java.util.concurrent.Executors$RunnableAdapter.call(Unknown Source)
at java.util.concurrent.FutureTask.run(Unknown Source)
at java.util.concurrent.ThreadPoolExecutor.runWorker(Unknown Source)
at java.util.concurrent.ThreadPoolExecutor$Worker.run(Unknown Source)
at java.lang.Thread.run(Unknown Source)
]]>
    </failure>
  </testcase> <!-- AccountCheck -->
  <testcase name="AccountCheck" time="22.841" classname="SupportClasses.Account_Lookup"/>
  <testcase name="AccountCheck" time="15.380" classname="SupportClasses.Account_Lookup"/>
  <testcase name="AccountCheck" time="14.298" classname="SupportClasses.Account_Lookup"/>
  <testcase name="AccountCheck" time="35.211" classname="SupportClasses.Account_Lookup"/>
  <testcase name="AccountCheck" time="47.777" classname="SupportClasses.Account_Lookup">
    <failure type="java.lang.AssertionError" message="Initialisation of record 0xFD left 1295 bytes remaining still to be read.">
      <![CDATA[java.lang.AssertionError: Initialisation of record 0xFD left 1295 bytes remaining still to be read.
at org.testng.Assert.fail(Assert.java:96)
at SupportClasses.Account_Lookup.AccountCheck(Account_Lookup.java:58)
at sun.reflect.GeneratedMethodAccessor2.invoke(Unknown Source)
at sun.reflect.DelegatingMethodAccessorImpl.invoke(Unknown Source)
at java.lang.reflect.Method.invoke(Unknown Source)
at org.testng.internal.MethodInvocationHelper.invokeMethod(MethodInvocationHelper.java:124)
at org.testng.internal.Invoker.invokeMethod(Invoker.java:580)
at org.testng.internal.Invoker.invokeTestMethod(Invoker.java:716)
at org.testng.internal.TestMethodWithDataProviderMethodWorker.call(TestMethodWithDataProviderMethodWorker.java:71)
at org.testng.internal.TestMethodWithDataProviderMethodWorker.call(TestMethodWithDataProviderMethodWorker.java:14)
at java.util.concurrent.FutureTask.run(Unknown Source)
at java.util.concurrent.Executors$RunnableAdapter.call(Unknown Source)
at java.util.concurrent.FutureTask.run(Unknown Source)
at java.util.concurrent.ThreadPoolExecutor.runWorker(Unknown Source)
at java.util.concurrent.ThreadPoolExecutor$Worker.run(Unknown Source)
at java.lang.Thread.run(Unknown Source)
]]>
    </failure>
  </testcase> <!-- AccountCheck -->
  <testcase name="AccountCheck" time="19.717" classname="SupportClasses.Account_Lookup"/>
  <testcase name="AccountCheck" time="15.007" classname="SupportClasses.Account_Lookup"/>
  <testcase name="AccountCheck" time="31.804" classname="SupportClasses.Account_Lookup"/>
  <testcase name="AccountCheck" time="32.177" classname="SupportClasses.Account_Lookup"/>
  <testcase name="AccountCheck" time="35.182" classname="SupportClasses.Account_Lookup"/>
  <testcase name="AccountCheck" time="11.807" classname="SupportClasses.Account_Lookup"/>
  <testcase name="AccountCheck" time="27.877" classname="SupportClasses.Account_Lookup"/>
  <testcase name="AccountCheck" time="48.509" classname="SupportClasses.Account_Lookup">
    <failure type="java.lang.AssertionError" message="Initialisation of record 0xFD left 1295 bytes remaining still to be read.">
      <![CDATA[java.lang.AssertionError: Initialisation of record 0xFD left 1295 bytes remaining still to be read.
at org.testng.Assert.fail(Assert.java:96)
at SupportClasses.Account_Lookup.AccountCheck(Account_Lookup.java:58)
at sun.reflect.GeneratedMethodAccessor2.invoke(Unknown Source)
at sun.reflect.DelegatingMethodAccessorImpl.invoke(Unknown Source)
at java.lang.reflect.Method.invoke(Unknown Source)
at org.testng.internal.MethodInvocationHelper.invokeMethod(MethodInvocationHelper.java:124)
at org.testng.internal.Invoker.invokeMethod(Invoker.java:580)
at org.testng.internal.Invoker.invokeTestMethod(Invoker.java:716)
at org.testng.internal.TestMethodWithDataProviderMethodWorker.call(TestMethodWithDataProviderMethodWorker.java:71)
at org.testng.internal.TestMethodWithDataProviderMethodWorker.call(TestMethodWithDataProviderMethodWorker.java:14)
at java.util.concurrent.FutureTask.run(Unknown Source)
at java.util.concurrent.Executors$RunnableAdapter.call(Unknown Source)
at java.util.concurrent.FutureTask.run(Unknown Source)
at java.util.concurrent.ThreadPoolExecutor.runWorker(Unknown Source)
at java.util.concurrent.ThreadPoolExecutor$Worker.run(Unknown Source)
at java.lang.Thread.run(Unknown Source)
]]>
    </failure>
  </testcase> <!-- AccountCheck -->
  <testcase name="AccountCheck" time="17.497" classname="SupportClasses.Account_Lookup"/>
  <testcase name="AccountCheck" time="13.765" classname="SupportClasses.Account_Lookup"/>
  <testcase name="AccountCheck" time="29.208" classname="SupportClasses.Account_Lookup"/>
  <testcase name="AccountCheck" time="32.610" classname="SupportClasses.Account_Lookup"/>
  <testcase name="AccountCheck" time="14.850" classname="SupportClasses.Account_Lookup"/>
  <testcase name="AccountCheck" time="21.415" classname="SupportClasses.Account_Lookup"/>
  <testcase name="AccountCheck" time="4.852" classname="SupportClasses.Account_Lookup"/>
  <testcase name="AccountCheck" time="14.606" classname="SupportClasses.Account_Lookup"/>
  <testcase name="AccountCheck" time="38.575" classname="SupportClasses.Account_Lookup"/>
  <testcase name="AccountCheck" time="24.339" classname="SupportClasses.Account_Lookup"/>
  <testcase name="AccountCheck" time="12.139" classname="SupportClasses.Account_Lookup"/>
  <testcase name="AccountCheck" time="36.088" classname="SupportClasses.Account_Lookup"/>
  <testcase name="AccountCheck" time="11.731" classname="SupportClasses.Account_Lookup">
    <failure type="java.lang.AssertionError" message="null">
      <![CDATA[java.lang.AssertionError: null
at org.testng.Assert.fail(Assert.java:96)
at SupportClasses.Account_Lookup.AccountCheck(Account_Lookup.java:58)
at sun.reflect.GeneratedMethodAccessor2.invoke(Unknown Source)
at sun.reflect.DelegatingMethodAccessorImpl.invoke(Unknown Source)
at java.lang.reflect.Method.invoke(Unknown Source)
at org.testng.internal.MethodInvocationHelper.invokeMethod(MethodInvocationHelper.java:124)
at org.testng.internal.Invoker.invokeMethod(Invoker.java:580)
at org.testng.internal.Invoker.invokeTestMethod(Invoker.java:716)
at org.testng.internal.TestMethodWithDataProviderMethodWorker.call(TestMethodWithDataProviderMethodWorker.java:71)
at org.testng.internal.TestMethodWithDataProviderMethodWorker.call(TestMethodWithDataProviderMethodWorker.java:14)
at java.util.concurrent.FutureTask.run(Unknown Source)
at java.util.concurrent.Executors$RunnableAdapter.call(Unknown Source)
at java.util.concurrent.FutureTask.run(Unknown Source)
at java.util.concurrent.ThreadPoolExecutor.runWorker(Unknown Source)
at java.util.concurrent.ThreadPoolExecutor$Worker.run(Unknown Source)
at java.lang.Thread.run(Unknown Source)
]]>
    </failure>
  </testcase> <!-- AccountCheck -->
  <testcase name="AccountCheck" time="28.078" classname="SupportClasses.Account_Lookup">
    <failure type="java.lang.AssertionError" message="Initialisation of record 0xFD left 1295 bytes remaining still to be read.">
      <![CDATA[java.lang.AssertionError: Initialisation of record 0xFD left 1295 bytes remaining still to be read.
at org.testng.Assert.fail(Assert.java:96)
at SupportClasses.Account_Lookup.AccountCheck(Account_Lookup.java:58)
at sun.reflect.GeneratedMethodAccessor2.invoke(Unknown Source)
at sun.reflect.DelegatingMethodAccessorImpl.invoke(Unknown Source)
at java.lang.reflect.Method.invoke(Unknown Source)
at org.testng.internal.MethodInvocationHelper.invokeMethod(MethodInvocationHelper.java:124)
at org.testng.internal.Invoker.invokeMethod(Invoker.java:580)
at org.testng.internal.Invoker.invokeTestMethod(Invoker.java:716)
at org.testng.internal.TestMethodWithDataProviderMethodWorker.call(TestMethodWithDataProviderMethodWorker.java:71)
at org.testng.internal.TestMethodWithDataProviderMethodWorker.call(TestMethodWithDataProviderMethodWorker.java:14)
at java.util.concurrent.FutureTask.run(Unknown Source)
at java.util.concurrent.Executors$RunnableAdapter.call(Unknown Source)
at java.util.concurrent.FutureTask.run(Unknown Source)
at java.util.concurrent.ThreadPoolExecutor.runWorker(Unknown Source)
at java.util.concurrent.ThreadPoolExecutor$Worker.run(Unknown Source)
at java.lang.Thread.run(Unknown Source)
]]>
    </failure>
  </testcase> <!-- AccountCheck -->
  <testcase name="AccountCheck" time="15.622" classname="SupportClasses.Account_Lookup"/>
  <testcase name="AccountCheck" time="14.329" classname="SupportClasses.Account_Lookup"/>
  <testcase name="AccountCheck" time="14.773" classname="SupportClasses.Account_Lookup"/>
  <testcase name="AccountCheck" time="17.995" classname="SupportClasses.Account_Lookup">
    <failure type="java.lang.AssertionError" message="null">
      <![CDATA[java.lang.AssertionError: null
at org.testng.Assert.fail(Assert.java:96)
at SupportClasses.Account_Lookup.AccountCheck(Account_Lookup.java:58)
at sun.reflect.GeneratedMethodAccessor2.invoke(Unknown Source)
at sun.reflect.DelegatingMethodAccessorImpl.invoke(Unknown Source)
at java.lang.reflect.Method.invoke(Unknown Source)
at org.testng.internal.MethodInvocationHelper.invokeMethod(MethodInvocationHelper.java:124)
at org.testng.internal.Invoker.invokeMethod(Invoker.java:580)
at org.testng.internal.Invoker.invokeTestMethod(Invoker.java:716)
at org.testng.internal.TestMethodWithDataProviderMethodWorker.call(TestMethodWithDataProviderMethodWorker.java:71)
at org.testng.internal.TestMethodWithDataProviderMethodWorker.call(TestMethodWithDataProviderMethodWorker.java:14)
at java.util.concurrent.FutureTask.run(Unknown Source)
at java.util.concurrent.Executors$RunnableAdapter.call(Unknown Source)
at java.util.concurrent.FutureTask.run(Unknown Source)
at java.util.concurrent.ThreadPoolExecutor.runWorker(Unknown Source)
at java.util.concurrent.ThreadPoolExecutor$Worker.run(Unknown Source)
at java.lang.Thread.run(Unknown Source)
]]>
    </failure>
  </testcase> <!-- AccountCheck -->
  <testcase name="AccountCheck" time="19.328" classname="SupportClasses.Account_Lookup"/>
  <testcase name="AccountCheck" time="30.273" classname="SupportClasses.Account_Lookup"/>
  <testcase name="AccountCheck" time="6.049" classname="SupportClasses.Account_Lookup"/>
  <testcase name="AccountCheck" time="20.092" classname="SupportClasses.Account_Lookup"/>
  <testcase name="AccountCheck" time="28.729" classname="SupportClasses.Account_Lookup"/>
  <testcase name="AccountCheck" time="20.611" classname="SupportClasses.Account_Lookup"/>
  <testcase name="AccountCheck" time="15.617" classname="SupportClasses.Account_Lookup"/>
  <testcase name="AccountCheck" time="31.354" classname="SupportClasses.Account_Lookup"/>
  <testcase name="AccountCheck" time="6.128" classname="SupportClasses.Account_Lookup"/>
  <testcase name="AccountCheck" time="9.763" classname="SupportClasses.Account_Lookup"/>
  <testcase name="AccountCheck" time="18.783" classname="SupportClasses.Account_Lookup"/>
  <testcase name="AccountCheck" time="37.085" classname="SupportClasses.Account_Lookup"/>
  <testcase name="AccountCheck" time="39.908" classname="SupportClasses.Account_Lookup"/>
  <testcase name="AccountCheck" time="29.480" classname="SupportClasses.Account_Lookup"/>
  <testcase name="AccountCheck" time="20.961" classname="SupportClasses.Account_Lookup">
    <failure type="java.lang.AssertionError" message="Your file contains 1475 sectors, but the initial DIFAT array at index 0 referenced block # 2845. This isn&#039;t allowed and  your file is corrupt">
      <![CDATA[java.lang.AssertionError: Your file contains 1475 sectors, but the initial DIFAT array at index 0 referenced block # 2845. This isn't allowed and  your file is corrupt
at org.testng.Assert.fail(Assert.java:96)
at SupportClasses.Account_Lookup.AccountCheck(Account_Lookup.java:58)
at sun.reflect.GeneratedMethodAccessor2.invoke(Unknown Source)
at sun.reflect.DelegatingMethodAccessorImpl.invoke(Unknown Source)
at java.lang.reflect.Method.invoke(Unknown Source)
at org.testng.internal.MethodInvocationHelper.invokeMethod(MethodInvocationHelper.java:124)
at org.testng.internal.Invoker.invokeMethod(Invoker.java:580)
at org.testng.internal.Invoker.invokeTestMethod(Invoker.java:716)
at org.testng.internal.TestMethodWithDataProviderMethodWorker.call(TestMethodWithDataProviderMethodWorker.java:71)
at org.testng.internal.TestMethodWithDataProviderMethodWorker.call(TestMethodWithDataProviderMethodWorker.java:14)
at java.util.concurrent.FutureTask.run(Unknown Source)
at java.util.concurrent.Executors$RunnableAdapter.call(Unknown Source)
at java.util.concurrent.FutureTask.run(Unknown Source)
at java.util.concurrent.ThreadPoolExecutor.runWorker(Unknown Source)
at java.util.concurrent.ThreadPoolExecutor$Worker.run(Unknown Source)
at java.lang.Thread.run(Unknown Source)
]]>
    </failure>
  </testcase> <!-- AccountCheck -->
  <testcase name="AccountCheck" time="28.995" classname="SupportClasses.Account_Lookup"/>
  <testcase name="AccountCheck" time="20.878" classname="SupportClasses.Account_Lookup"/>
  <testcase name="AccountCheck" time="23.346" classname="SupportClasses.Account_Lookup">
    <failure type="java.lang.AssertionError" message="null">
      <![CDATA[java.lang.AssertionError: null
at org.testng.Assert.fail(Assert.java:96)
at SupportClasses.Account_Lookup.AccountCheck(Account_Lookup.java:58)
at sun.reflect.GeneratedMethodAccessor2.invoke(Unknown Source)
at sun.reflect.DelegatingMethodAccessorImpl.invoke(Unknown Source)
at java.lang.reflect.Method.invoke(Unknown Source)
at org.testng.internal.MethodInvocationHelper.invokeMethod(MethodInvocationHelper.java:124)
at org.testng.internal.Invoker.invokeMethod(Invoker.java:580)
at org.testng.internal.Invoker.invokeTestMethod(Invoker.java:716)
at org.testng.internal.TestMethodWithDataProviderMethodWorker.call(TestMethodWithDataProviderMethodWorker.java:71)
at org.testng.internal.TestMethodWithDataProviderMethodWorker.call(TestMethodWithDataProviderMethodWorker.java:14)
at java.util.concurrent.FutureTask.run(Unknown Source)
at java.util.concurrent.Executors$RunnableAdapter.call(Unknown Source)
at java.util.concurrent.FutureTask.run(Unknown Source)
at java.util.concurrent.ThreadPoolExecutor.runWorker(Unknown Source)
at java.util.concurrent.ThreadPoolExecutor$Worker.run(Unknown Source)
at java.lang.Thread.run(Unknown Source)
]]>
    </failure>
  </testcase> <!-- AccountCheck -->
  <testcase name="AccountCheck" time="20.397" classname="SupportClasses.Account_Lookup"/>
  <testcase name="AccountCheck" time="17.872" classname="SupportClasses.Account_Lookup">
    <failure type="java.lang.AssertionError" message="Initialisation of record 0xFD left 1295 bytes remaining still to be read.">
      <![CDATA[java.lang.AssertionError: Initialisation of record 0xFD left 1295 bytes remaining still to be read.
at org.testng.Assert.fail(Assert.java:96)
at SupportClasses.Account_Lookup.AccountCheck(Account_Lookup.java:58)
at sun.reflect.GeneratedMethodAccessor2.invoke(Unknown Source)
at sun.reflect.DelegatingMethodAccessorImpl.invoke(Unknown Source)
at java.lang.reflect.Method.invoke(Unknown Source)
at org.testng.internal.MethodInvocationHelper.invokeMethod(MethodInvocationHelper.java:124)
at org.testng.internal.Invoker.invokeMethod(Invoker.java:580)
at org.testng.internal.Invoker.invokeTestMethod(Invoker.java:716)
at org.testng.internal.TestMethodWithDataProviderMethodWorker.call(TestMethodWithDataProviderMethodWorker.java:71)
at org.testng.internal.TestMethodWithDataProviderMethodWorker.call(TestMethodWithDataProviderMethodWorker.java:14)
at java.util.concurrent.FutureTask.run(Unknown Source)
at java.util.concurrent.Executors$RunnableAdapter.call(Unknown Source)
at java.util.concurrent.FutureTask.run(Unknown Source)
at java.util.concurrent.ThreadPoolExecutor.runWorker(Unknown Source)
at java.util.concurrent.ThreadPoolExecutor$Worker.run(Unknown Source)
at java.lang.Thread.run(Unknown Source)
]]>
    </failure>
  </testcase> <!-- AccountCheck -->
  <testcase name="AccountCheck" time="10.569" classname="SupportClasses.Account_Lookup"/>
  <testcase name="AccountCheck" time="32.310" classname="SupportClasses.Account_Lookup"/>
  <testcase name="AccountCheck" time="6.336" classname="SupportClasses.Account_Lookup"/>
  <testcase name="AccountCheck" time="24.754" classname="SupportClasses.Account_Lookup"/>
  <testcase name="AccountCheck" time="35.341" classname="SupportClasses.Account_Lookup"/>
  <testcase name="AccountCheck" time="11.615" classname="SupportClasses.Account_Lookup"/>
  <testcase name="AccountCheck" time="5.695" classname="SupportClasses.Account_Lookup"/>
  <testcase name="AccountCheck" time="27.670" classname="SupportClasses.Account_Lookup"/>
  <testcase name="AccountCheck" time="15.275" classname="SupportClasses.Account_Lookup"/>
  <testcase name="AccountCheck" time="18.298" classname="SupportClasses.Account_Lookup"/>
  <testcase name="AccountCheck" time="33.790" classname="SupportClasses.Account_Lookup"/>
  <testcase name="AccountCheck" time="34.745" classname="SupportClasses.Account_Lookup"/>
  <testcase name="AccountCheck" time="19.648" classname="SupportClasses.Account_Lookup"/>
  <testcase name="AccountCheck" time="10.969" classname="SupportClasses.Account_Lookup"/>
  <testcase name="AccountCheck" time="30.247" classname="SupportClasses.Account_Lookup"/>
  <testcase name="AccountCheck" time="27.922" classname="SupportClasses.Account_Lookup">
    <failure type="java.lang.AssertionError" message="Initialisation of record 0xFD left 1295 bytes remaining still to be read.">
      <![CDATA[java.lang.AssertionError: Initialisation of record 0xFD left 1295 bytes remaining still to be read.
at org.testng.Assert.fail(Assert.java:96)
at SupportClasses.Account_Lookup.AccountCheck(Account_Lookup.java:58)
at sun.reflect.GeneratedMethodAccessor2.invoke(Unknown Source)
at sun.reflect.DelegatingMethodAccessorImpl.invoke(Unknown Source)
at java.lang.reflect.Method.invoke(Unknown Source)
at org.testng.internal.MethodInvocationHelper.invokeMethod(MethodInvocationHelper.java:124)
at org.testng.internal.Invoker.invokeMethod(Invoker.java:580)
at org.testng.internal.Invoker.invokeTestMethod(Invoker.java:716)
at org.testng.internal.TestMethodWithDataProviderMethodWorker.call(TestMethodWithDataProviderMethodWorker.java:71)
at org.testng.internal.TestMethodWithDataProviderMethodWorker.call(TestMethodWithDataProviderMethodWorker.java:14)
at java.util.concurrent.FutureTask.run(Unknown Source)
at java.util.concurrent.Executors$RunnableAdapter.call(Unknown Source)
at java.util.concurrent.FutureTask.run(Unknown Source)
at java.util.concurrent.ThreadPoolExecutor.runWorker(Unknown Source)
at java.util.concurrent.ThreadPoolExecutor$Worker.run(Unknown Source)
at java.lang.Thread.run(Unknown Source)
]]>
    </failure>
  </testcase> <!-- AccountCheck -->
  <testcase name="AccountCheck" time="9.563" classname="SupportClasses.Account_Lookup"/>
  <testcase name="AccountCheck" time="4.911" classname="SupportClasses.Account_Lookup"/>
  <testcase name="AccountCheck" time="29.076" classname="SupportClasses.Account_Lookup">
    <failure type="java.lang.AssertionError" message="Initialisation of record 0xFD left 1295 bytes remaining still to be read.">
      <![CDATA[java.lang.AssertionError: Initialisation of record 0xFD left 1295 bytes remaining still to be read.
at org.testng.Assert.fail(Assert.java:96)
at SupportClasses.Account_Lookup.AccountCheck(Account_Lookup.java:58)
at sun.reflect.GeneratedMethodAccessor2.invoke(Unknown Source)
at sun.reflect.DelegatingMethodAccessorImpl.invoke(Unknown Source)
at java.lang.reflect.Method.invoke(Unknown Source)
at org.testng.internal.MethodInvocationHelper.invokeMethod(MethodInvocationHelper.java:124)
at org.testng.internal.Invoker.invokeMethod(Invoker.java:580)
at org.testng.internal.Invoker.invokeTestMethod(Invoker.java:716)
at org.testng.internal.TestMethodWithDataProviderMethodWorker.call(TestMethodWithDataProviderMethodWorker.java:71)
at org.testng.internal.TestMethodWithDataProviderMethodWorker.call(TestMethodWithDataProviderMethodWorker.java:14)
at java.util.concurrent.FutureTask.run(Unknown Source)
at java.util.concurrent.Executors$RunnableAdapter.call(Unknown Source)
at java.util.concurrent.FutureTask.run(Unknown Source)
at java.util.concurrent.ThreadPoolExecutor.runWorker(Unknown Source)
at java.util.concurrent.ThreadPoolExecutor$Worker.run(Unknown Source)
at java.lang.Thread.run(Unknown Source)
]]>
    </failure>
  </testcase> <!-- AccountCheck -->
  <testcase name="AccountCheck" time="36.350" classname="SupportClasses.Account_Lookup"/>
  <testcase name="AccountCheck" time="26.156" classname="SupportClasses.Account_Lookup">
    <failure type="java.lang.AssertionError" message="null">
      <![CDATA[java.lang.AssertionError: null
at org.testng.Assert.fail(Assert.java:96)
at SupportClasses.Account_Lookup.AccountCheck(Account_Lookup.java:58)
at sun.reflect.GeneratedMethodAccessor2.invoke(Unknown Source)
at sun.reflect.DelegatingMethodAccessorImpl.invoke(Unknown Source)
at java.lang.reflect.Method.invoke(Unknown Source)
at org.testng.internal.MethodInvocationHelper.invokeMethod(MethodInvocationHelper.java:124)
at org.testng.internal.Invoker.invokeMethod(Invoker.java:580)
at org.testng.internal.Invoker.invokeTestMethod(Invoker.java:716)
at org.testng.internal.TestMethodWithDataProviderMethodWorker.call(TestMethodWithDataProviderMethodWorker.java:71)
at org.testng.internal.TestMethodWithDataProviderMethodWorker.call(TestMethodWithDataProviderMethodWorker.java:14)
at java.util.concurrent.FutureTask.run(Unknown Source)
at java.util.concurrent.Executors$RunnableAdapter.call(Unknown Source)
at java.util.concurrent.FutureTask.run(Unknown Source)
at java.util.concurrent.ThreadPoolExecutor.runWorker(Unknown Source)
at java.util.concurrent.ThreadPoolExecutor$Worker.run(Unknown Source)
at java.lang.Thread.run(Unknown Source)
]]>
    </failure>
  </testcase> <!-- AccountCheck -->
  <testcase name="AccountCheck" time="15.038" classname="SupportClasses.Account_Lookup"/>
  <testcase name="AccountCheck" time="47.950" classname="SupportClasses.Account_Lookup">
    <failure type="java.lang.AssertionError" message="Initialisation of record 0xFD left 1295 bytes remaining still to be read.">
      <![CDATA[java.lang.AssertionError: Initialisation of record 0xFD left 1295 bytes remaining still to be read.
at org.testng.Assert.fail(Assert.java:96)
at SupportClasses.Account_Lookup.AccountCheck(Account_Lookup.java:58)
at sun.reflect.GeneratedMethodAccessor2.invoke(Unknown Source)
at sun.reflect.DelegatingMethodAccessorImpl.invoke(Unknown Source)
at java.lang.reflect.Method.invoke(Unknown Source)
at org.testng.internal.MethodInvocationHelper.invokeMethod(MethodInvocationHelper.java:124)
at org.testng.internal.Invoker.invokeMethod(Invoker.java:580)
at org.testng.internal.Invoker.invokeTestMethod(Invoker.java:716)
at org.testng.internal.TestMethodWithDataProviderMethodWorker.call(TestMethodWithDataProviderMethodWorker.java:71)
at org.testng.internal.TestMethodWithDataProviderMethodWorker.call(TestMethodWithDataProviderMethodWorker.java:14)
at java.util.concurrent.FutureTask.run(Unknown Source)
at java.util.concurrent.Executors$RunnableAdapter.call(Unknown Source)
at java.util.concurrent.FutureTask.run(Unknown Source)
at java.util.concurrent.ThreadPoolExecutor.runWorker(Unknown Source)
at java.util.concurrent.ThreadPoolExecutor$Worker.run(Unknown Source)
at java.lang.Thread.run(Unknown Source)
]]>
    </failure>
  </testcase> <!-- AccountCheck -->
  <testcase name="AccountCheck" time="8.273" classname="SupportClasses.Account_Lookup"/>
  <testcase name="AccountCheck" time="15.249" classname="SupportClasses.Account_Lookup"/>
  <testcase name="AccountCheck" time="35.356" classname="SupportClasses.Account_Lookup"/>
  <testcase name="AccountCheck" time="18.122" classname="SupportClasses.Account_Lookup">
    <failure type="java.lang.AssertionError" message="null">
      <![CDATA[java.lang.AssertionError: null
at org.testng.Assert.fail(Assert.java:96)
at SupportClasses.Account_Lookup.AccountCheck(Account_Lookup.java:58)
at sun.reflect.GeneratedMethodAccessor2.invoke(Unknown Source)
at sun.reflect.DelegatingMethodAccessorImpl.invoke(Unknown Source)
at java.lang.reflect.Method.invoke(Unknown Source)
at org.testng.internal.MethodInvocationHelper.invokeMethod(MethodInvocationHelper.java:124)
at org.testng.internal.Invoker.invokeMethod(Invoker.java:580)
at org.testng.internal.Invoker.invokeTestMethod(Invoker.java:716)
at org.testng.internal.TestMethodWithDataProviderMethodWorker.call(TestMethodWithDataProviderMethodWorker.java:71)
at org.testng.internal.TestMethodWithDataProviderMethodWorker.call(TestMethodWithDataProviderMethodWorker.java:14)
at java.util.concurrent.FutureTask.run(Unknown Source)
at java.util.concurrent.Executors$RunnableAdapter.call(Unknown Source)
at java.util.concurrent.FutureTask.run(Unknown Source)
at java.util.concurrent.ThreadPoolExecutor.runWorker(Unknown Source)
at java.util.concurrent.ThreadPoolExecutor$Worker.run(Unknown Source)
at java.lang.Thread.run(Unknown Source)
]]>
    </failure>
  </testcase> <!-- AccountCheck -->
  <testcase name="AccountCheck" time="28.254" classname="SupportClasses.Account_Lookup"/>
  <testcase name="AccountCheck" time="37.302" classname="SupportClasses.Account_Lookup"/>
  <testcase name="AccountCheck" time="22.417" classname="SupportClasses.Account_Lookup"/>
  <testcase name="AccountCheck" time="39.483" classname="SupportClasses.Account_Lookup"/>
  <testcase name="AccountCheck" time="19.434" classname="SupportClasses.Account_Lookup">
    <failure type="java.lang.AssertionError" message="Initialisation of record 0xFD left 1295 bytes remaining still to be read.">
      <![CDATA[java.lang.AssertionError: Initialisation of record 0xFD left 1295 bytes remaining still to be read.
at org.testng.Assert.fail(Assert.java:96)
at SupportClasses.Account_Lookup.AccountCheck(Account_Lookup.java:58)
at sun.reflect.GeneratedMethodAccessor2.invoke(Unknown Source)
at sun.reflect.DelegatingMethodAccessorImpl.invoke(Unknown Source)
at java.lang.reflect.Method.invoke(Unknown Source)
at org.testng.internal.MethodInvocationHelper.invokeMethod(MethodInvocationHelper.java:124)
at org.testng.internal.Invoker.invokeMethod(Invoker.java:580)
at org.testng.internal.Invoker.invokeTestMethod(Invoker.java:716)
at org.testng.internal.TestMethodWithDataProviderMethodWorker.call(TestMethodWithDataProviderMethodWorker.java:71)
at org.testng.internal.TestMethodWithDataProviderMethodWorker.call(TestMethodWithDataProviderMethodWorker.java:14)
at java.util.concurrent.FutureTask.run(Unknown Source)
at java.util.concurrent.Executors$RunnableAdapter.call(Unknown Source)
at java.util.concurrent.FutureTask.run(Unknown Source)
at java.util.concurrent.ThreadPoolExecutor.runWorker(Unknown Source)
at java.util.concurrent.ThreadPoolExecutor$Worker.run(Unknown Source)
at java.lang.Thread.run(Unknown Source)
]]>
    </failure>
  </testcase> <!-- AccountCheck -->
  <testcase name="AccountCheck" time="25.968" classname="SupportClasses.Account_Lookup"/>
  <testcase name="AccountCheck" time="8.133" classname="SupportClasses.Account_Lookup">
    <failure type="java.lang.AssertionError" message="Initialisation of record 0xFD left 1295 bytes remaining still to be read.">
      <![CDATA[java.lang.AssertionError: Initialisation of record 0xFD left 1295 bytes remaining still to be read.
at org.testng.Assert.fail(Assert.java:96)
at SupportClasses.Account_Lookup.AccountCheck(Account_Lookup.java:58)
at sun.reflect.GeneratedMethodAccessor2.invoke(Unknown Source)
at sun.reflect.DelegatingMethodAccessorImpl.invoke(Unknown Source)
at java.lang.reflect.Method.invoke(Unknown Source)
at org.testng.internal.MethodInvocationHelper.invokeMethod(MethodInvocationHelper.java:124)
at org.testng.internal.Invoker.invokeMethod(Invoker.java:580)
at org.testng.internal.Invoker.invokeTestMethod(Invoker.java:716)
at org.testng.internal.TestMethodWithDataProviderMethodWorker.call(TestMethodWithDataProviderMethodWorker.java:71)
at org.testng.internal.TestMethodWithDataProviderMethodWorker.call(TestMethodWithDataProviderMethodWorker.java:14)
at java.util.concurrent.FutureTask.run(Unknown Source)
at java.util.concurrent.Executors$RunnableAdapter.call(Unknown Source)
at java.util.concurrent.FutureTask.run(Unknown Source)
at java.util.concurrent.ThreadPoolExecutor.runWorker(Unknown Source)
at java.util.concurrent.ThreadPoolExecutor$Worker.run(Unknown Source)
at java.lang.Thread.run(Unknown Source)
]]>
    </failure>
  </testcase> <!-- AccountCheck -->
  <testcase name="AccountCheck" time="12.776" classname="SupportClasses.Account_Lookup"/>
  <testcase name="AccountCheck" time="36.123" classname="SupportClasses.Account_Lookup"/>
  <testcase name="AccountCheck" time="5.589" classname="SupportClasses.Account_Lookup">
    <failure type="java.lang.AssertionError" message="null">
      <![CDATA[java.lang.AssertionError: null
at org.testng.Assert.fail(Assert.java:96)
at SupportClasses.Account_Lookup.AccountCheck(Account_Lookup.java:58)
at sun.reflect.GeneratedMethodAccessor2.invoke(Unknown Source)
at sun.reflect.DelegatingMethodAccessorImpl.invoke(Unknown Source)
at java.lang.reflect.Method.invoke(Unknown Source)
at org.testng.internal.MethodInvocationHelper.invokeMethod(MethodInvocationHelper.java:124)
at org.testng.internal.Invoker.invokeMethod(Invoker.java:580)
at org.testng.internal.Invoker.invokeTestMethod(Invoker.java:716)
at org.testng.internal.TestMethodWithDataProviderMethodWorker.call(TestMethodWithDataProviderMethodWorker.java:71)
at org.testng.internal.TestMethodWithDataProviderMethodWorker.call(TestMethodWithDataProviderMethodWorker.java:14)
at java.util.concurrent.FutureTask.run(Unknown Source)
at java.util.concurrent.Executors$RunnableAdapter.call(Unknown Source)
at java.util.concurrent.FutureTask.run(Unknown Source)
at java.util.concurrent.ThreadPoolExecutor.runWorker(Unknown Source)
at java.util.concurrent.ThreadPoolExecutor$Worker.run(Unknown Source)
at java.lang.Thread.run(Unknown Source)
]]>
    </failure>
  </testcase> <!-- AccountCheck -->
  <testcase name="AccountCheck" time="38.710" classname="SupportClasses.Account_Lookup">
    <failure type="java.lang.AssertionError" message="Initialisation of record 0xFD left 1295 bytes remaining still to be read.">
      <![CDATA[java.lang.AssertionError: Initialisation of record 0xFD left 1295 bytes remaining still to be read.
at org.testng.Assert.fail(Assert.java:96)
at SupportClasses.Account_Lookup.AccountCheck(Account_Lookup.java:58)
at sun.reflect.GeneratedMethodAccessor2.invoke(Unknown Source)
at sun.reflect.DelegatingMethodAccessorImpl.invoke(Unknown Source)
at java.lang.reflect.Method.invoke(Unknown Source)
at org.testng.internal.MethodInvocationHelper.invokeMethod(MethodInvocationHelper.java:124)
at org.testng.internal.Invoker.invokeMethod(Invoker.java:580)
at org.testng.internal.Invoker.invokeTestMethod(Invoker.java:716)
at org.testng.internal.TestMethodWithDataProviderMethodWorker.call(TestMethodWithDataProviderMethodWorker.java:71)
at org.testng.internal.TestMethodWithDataProviderMethodWorker.call(TestMethodWithDataProviderMethodWorker.java:14)
at java.util.concurrent.FutureTask.run(Unknown Source)
at java.util.concurrent.Executors$RunnableAdapter.call(Unknown Source)
at java.util.concurrent.FutureTask.run(Unknown Source)
at java.util.concurrent.ThreadPoolExecutor.runWorker(Unknown Source)
at java.util.concurrent.ThreadPoolExecutor$Worker.run(Unknown Source)
at java.lang.Thread.run(Unknown Source)
]]>
    </failure>
  </testcase> <!-- AccountCheck -->
  <testcase name="AccountCheck" time="48.745" classname="SupportClasses.Account_Lookup">
    <failure type="java.lang.AssertionError" message="Initialisation of record 0xFD left 1295 bytes remaining still to be read.">
      <![CDATA[java.lang.AssertionError: Initialisation of record 0xFD left 1295 bytes remaining still to be read.
at org.testng.Assert.fail(Assert.java:96)
at SupportClasses.Account_Lookup.AccountCheck(Account_Lookup.java:58)
at sun.reflect.GeneratedMethodAccessor2.invoke(Unknown Source)
at sun.reflect.DelegatingMethodAccessorImpl.invoke(Unknown Source)
at java.lang.reflect.Method.invoke(Unknown Source)
at org.testng.internal.MethodInvocationHelper.invokeMethod(MethodInvocationHelper.java:124)
at org.testng.internal.Invoker.invokeMethod(Invoker.java:580)
at org.testng.internal.Invoker.invokeTestMethod(Invoker.java:716)
at org.testng.internal.TestMethodWithDataProviderMethodWorker.call(TestMethodWithDataProviderMethodWorker.java:71)
at org.testng.internal.TestMethodWithDataProviderMethodWorker.call(TestMethodWithDataProviderMethodWorker.java:14)
at java.util.concurrent.FutureTask.run(Unknown Source)
at java.util.concurrent.Executors$RunnableAdapter.call(Unknown Source)
at java.util.concurrent.FutureTask.run(Unknown Source)
at java.util.concurrent.ThreadPoolExecutor.runWorker(Unknown Source)
at java.util.concurrent.ThreadPoolExecutor$Worker.run(Unknown Source)
at java.lang.Thread.run(Unknown Source)
]]>
    </failure>
  </testcase> <!-- AccountCheck -->
  <testcase name="AccountCheck" time="50.300" classname="SupportClasses.Account_Lookup">
    <failure type="java.lang.AssertionError" message="null">
      <![CDATA[java.lang.AssertionError: null
at org.testng.Assert.fail(Assert.java:96)
at SupportClasses.Account_Lookup.AccountCheck(Account_Lookup.java:58)
at sun.reflect.GeneratedMethodAccessor2.invoke(Unknown Source)
at sun.reflect.DelegatingMethodAccessorImpl.invoke(Unknown Source)
at java.lang.reflect.Method.invoke(Unknown Source)
at org.testng.internal.MethodInvocationHelper.invokeMethod(MethodInvocationHelper.java:124)
at org.testng.internal.Invoker.invokeMethod(Invoker.java:580)
at org.testng.internal.Invoker.invokeTestMethod(Invoker.java:716)
at org.testng.internal.TestMethodWithDataProviderMethodWorker.call(TestMethodWithDataProviderMethodWorker.java:71)
at org.testng.internal.TestMethodWithDataProviderMethodWorker.call(TestMethodWithDataProviderMethodWorker.java:14)
at java.util.concurrent.FutureTask.run(Unknown Source)
at java.util.concurrent.Executors$RunnableAdapter.call(Unknown Source)
at java.util.concurrent.FutureTask.run(Unknown Source)
at java.util.concurrent.ThreadPoolExecutor.runWorker(Unknown Source)
at java.util.concurrent.ThreadPoolExecutor$Worker.run(Unknown Source)
at java.lang.Thread.run(Unknown Source)
]]>
    </failure>
  </testcase> <!-- AccountCheck -->
  <testcase name="AccountCheck" time="11.896" classname="SupportClasses.Account_Lookup"/>
  <testcase name="AccountCheck" time="22.559" classname="SupportClasses.Account_Lookup"/>
  <testcase name="AccountCheck" time="38.535" classname="SupportClasses.Account_Lookup">
    <failure type="java.lang.AssertionError" message="null">
      <![CDATA[java.lang.AssertionError: null
at org.testng.Assert.fail(Assert.java:96)
at SupportClasses.Account_Lookup.AccountCheck(Account_Lookup.java:58)
at sun.reflect.GeneratedMethodAccessor2.invoke(Unknown Source)
at sun.reflect.DelegatingMethodAccessorImpl.invoke(Unknown Source)
at java.lang.reflect.Method.invoke(Unknown Source)
at org.testng.internal.MethodInvocationHelper.invokeMethod(MethodInvocationHelper.java:124)
at org.testng.internal.Invoker.invokeMethod(Invoker.java:580)
at org.testng.internal.Invoker.invokeTestMethod(Invoker.java:716)
at org.testng.internal.TestMethodWithDataProviderMethodWorker.call(TestMethodWithDataProviderMethodWorker.java:71)
at org.testng.internal.TestMethodWithDataProviderMethodWorker.call(TestMethodWithDataProviderMethodWorker.java:14)
at java.util.concurrent.FutureTask.run(Unknown Source)
at java.util.concurrent.Executors$RunnableAdapter.call(Unknown Source)
at java.util.concurrent.FutureTask.run(Unknown Source)
at java.util.concurrent.ThreadPoolExecutor.runWorker(Unknown Source)
at java.util.concurrent.ThreadPoolExecutor$Worker.run(Unknown Source)
at java.lang.Thread.run(Unknown Source)
]]>
    </failure>
  </testcase> <!-- AccountCheck -->
  <testcase name="AccountCheck" time="38.569" classname="SupportClasses.Account_Lookup"/>
  <testcase name="AccountCheck" time="18.891" classname="SupportClasses.Account_Lookup"/>
  <testcase name="AccountCheck" time="35.098" classname="SupportClasses.Account_Lookup"/>
  <testcase name="AccountCheck" time="30.026" classname="SupportClasses.Account_Lookup"/>
  <testcase name="AccountCheck" time="7.465" classname="SupportClasses.Account_Lookup">
    <failure type="java.lang.AssertionError" message="Initialisation of record 0xFD left 1295 bytes remaining still to be read.">
      <![CDATA[java.lang.AssertionError: Initialisation of record 0xFD left 1295 bytes remaining still to be read.
at org.testng.Assert.fail(Assert.java:96)
at SupportClasses.Account_Lookup.AccountCheck(Account_Lookup.java:58)
at sun.reflect.GeneratedMethodAccessor2.invoke(Unknown Source)
at sun.reflect.DelegatingMethodAccessorImpl.invoke(Unknown Source)
at java.lang.reflect.Method.invoke(Unknown Source)
at org.testng.internal.MethodInvocationHelper.invokeMethod(MethodInvocationHelper.java:124)
at org.testng.internal.Invoker.invokeMethod(Invoker.java:580)
at org.testng.internal.Invoker.invokeTestMethod(Invoker.java:716)
at org.testng.internal.TestMethodWithDataProviderMethodWorker.call(TestMethodWithDataProviderMethodWorker.java:71)
at org.testng.internal.TestMethodWithDataProviderMethodWorker.call(TestMethodWithDataProviderMethodWorker.java:14)
at java.util.concurrent.FutureTask.run(Unknown Source)
at java.util.concurrent.Executors$RunnableAdapter.call(Unknown Source)
at java.util.concurrent.FutureTask.run(Unknown Source)
at java.util.concurrent.ThreadPoolExecutor.runWorker(Unknown Source)
at java.util.concurrent.ThreadPoolExecutor$Worker.run(Unknown Source)
at java.lang.Thread.run(Unknown Source)
]]>
    </failure>
  </testcase> <!-- AccountCheck -->
  <testcase name="AccountCheck" time="16.011" classname="SupportClasses.Account_Lookup">
    <failure type="java.lang.AssertionError" message="null">
      <![CDATA[java.lang.AssertionError: null
at org.testng.Assert.fail(Assert.java:96)
at SupportClasses.Account_Lookup.AccountCheck(Account_Lookup.java:58)
at sun.reflect.GeneratedMethodAccessor2.invoke(Unknown Source)
at sun.reflect.DelegatingMethodAccessorImpl.invoke(Unknown Source)
at java.lang.reflect.Method.invoke(Unknown Source)
at org.testng.internal.MethodInvocationHelper.invokeMethod(MethodInvocationHelper.java:124)
at org.testng.internal.Invoker.invokeMethod(Invoker.java:580)
at org.testng.internal.Invoker.invokeTestMethod(Invoker.java:716)
at org.testng.internal.TestMethodWithDataProviderMethodWorker.call(TestMethodWithDataProviderMethodWorker.java:71)
at org.testng.internal.TestMethodWithDataProviderMethodWorker.call(TestMethodWithDataProviderMethodWorker.java:14)
at java.util.concurrent.FutureTask.run(Unknown Source)
at java.util.concurrent.Executors$RunnableAdapter.call(Unknown Source)
at java.util.concurrent.FutureTask.run(Unknown Source)
at java.util.concurrent.ThreadPoolExecutor.runWorker(Unknown Source)
at java.util.concurrent.ThreadPoolExecutor$Worker.run(Unknown Source)
at java.lang.Thread.run(Unknown Source)
]]>
    </failure>
  </testcase> <!-- AccountCheck -->
  <testcase name="AccountCheck" time="16.037" classname="SupportClasses.Account_Lookup"/>
  <testcase name="AccountCheck" time="22.337" classname="SupportClasses.Account_Lookup"/>
  <testcase name="AccountCheck" time="17.504" classname="SupportClasses.Account_Lookup"/>
  <testcase name="AccountCheck" time="30.949" classname="SupportClasses.Account_Lookup"/>
  <testcase name="AccountCheck" time="14.676" classname="SupportClasses.Account_Lookup"/>
  <testcase name="AccountCheck" time="15.076" classname="SupportClasses.Account_Lookup"/>
  <testcase name="AccountCheck" time="21.242" classname="SupportClasses.Account_Lookup"/>
  <testcase name="AccountCheck" time="6.316" classname="SupportClasses.Account_Lookup"/>
  <testcase name="AccountCheck" time="28.522" classname="SupportClasses.Account_Lookup">
    <failure type="java.lang.AssertionError" message="Initialisation of record 0xFD left 1295 bytes remaining still to be read.">
      <![CDATA[java.lang.AssertionError: Initialisation of record 0xFD left 1295 bytes remaining still to be read.
at org.testng.Assert.fail(Assert.java:96)
at SupportClasses.Account_Lookup.AccountCheck(Account_Lookup.java:58)
at sun.reflect.GeneratedMethodAccessor2.invoke(Unknown Source)
at sun.reflect.DelegatingMethodAccessorImpl.invoke(Unknown Source)
at java.lang.reflect.Method.invoke(Unknown Source)
at org.testng.internal.MethodInvocationHelper.invokeMethod(MethodInvocationHelper.java:124)
at org.testng.internal.Invoker.invokeMethod(Invoker.java:580)
at org.testng.internal.Invoker.invokeTestMethod(Invoker.java:716)
at org.testng.internal.TestMethodWithDataProviderMethodWorker.call(TestMethodWithDataProviderMethodWorker.java:71)
at org.testng.internal.TestMethodWithDataProviderMethodWorker.call(TestMethodWithDataProviderMethodWorker.java:14)
at java.util.concurrent.FutureTask.run(Unknown Source)
at java.util.concurrent.Executors$RunnableAdapter.call(Unknown Source)
at java.util.concurrent.FutureTask.run(Unknown Source)
at java.util.concurrent.ThreadPoolExecutor.runWorker(Unknown Source)
at java.util.concurrent.ThreadPoolExecutor$Worker.run(Unknown Source)
at java.lang.Thread.run(Unknown Source)
]]>
    </failure>
  </testcase> <!-- AccountCheck -->
  <testcase name="AccountCheck" time="38.523" classname="SupportClasses.Account_Lookup"/>
  <testcase name="AccountCheck" time="48.692" classname="SupportClasses.Account_Lookup"/>
  <testcase name="AccountCheck" time="28.411" classname="SupportClasses.Account_Lookup">
    <failure type="java.lang.AssertionError" message="Initialisation of record 0xFD left 1295 bytes remaining still to be read.">
      <![CDATA[java.lang.AssertionError: Initialisation of record 0xFD left 1295 bytes remaining still to be read.
at org.testng.Assert.fail(Assert.java:96)
at SupportClasses.Account_Lookup.AccountCheck(Account_Lookup.java:58)
at sun.reflect.GeneratedMethodAccessor2.invoke(Unknown Source)
at sun.reflect.DelegatingMethodAccessorImpl.invoke(Unknown Source)
at java.lang.reflect.Method.invoke(Unknown Source)
at org.testng.internal.MethodInvocationHelper.invokeMethod(MethodInvocationHelper.java:124)
at org.testng.internal.Invoker.invokeMethod(Invoker.java:580)
at org.testng.internal.Invoker.invokeTestMethod(Invoker.java:716)
at org.testng.internal.TestMethodWithDataProviderMethodWorker.call(TestMethodWithDataProviderMethodWorker.java:71)
at org.testng.internal.TestMethodWithDataProviderMethodWorker.call(TestMethodWithDataProviderMethodWorker.java:14)
at java.util.concurrent.FutureTask.run(Unknown Source)
at java.util.concurrent.Executors$RunnableAdapter.call(Unknown Source)
at java.util.concurrent.FutureTask.run(Unknown Source)
at java.util.concurrent.ThreadPoolExecutor.runWorker(Unknown Source)
at java.util.concurrent.ThreadPoolExecutor$Worker.run(Unknown Source)
at java.lang.Thread.run(Unknown Source)
]]>
    </failure>
  </testcase> <!-- AccountCheck -->
  <testcase name="AccountCheck" time="34.157" classname="SupportClasses.Account_Lookup"/>
  <testcase name="AccountCheck" time="27.785" classname="SupportClasses.Account_Lookup">
    <failure type="java.lang.AssertionError" message="null">
      <![CDATA[java.lang.AssertionError: null
at org.testng.Assert.fail(Assert.java:96)
at SupportClasses.Account_Lookup.AccountCheck(Account_Lookup.java:58)
at sun.reflect.GeneratedMethodAccessor2.invoke(Unknown Source)
at sun.reflect.DelegatingMethodAccessorImpl.invoke(Unknown Source)
at java.lang.reflect.Method.invoke(Unknown Source)
at org.testng.internal.MethodInvocationHelper.invokeMethod(MethodInvocationHelper.java:124)
at org.testng.internal.Invoker.invokeMethod(Invoker.java:580)
at org.testng.internal.Invoker.invokeTestMethod(Invoker.java:716)
at org.testng.internal.TestMethodWithDataProviderMethodWorker.call(TestMethodWithDataProviderMethodWorker.java:71)
at org.testng.internal.TestMethodWithDataProviderMethodWorker.call(TestMethodWithDataProviderMethodWorker.java:14)
at java.util.concurrent.FutureTask.run(Unknown Source)
at java.util.concurrent.Executors$RunnableAdapter.call(Unknown Source)
at java.util.concurrent.FutureTask.run(Unknown Source)
at java.util.concurrent.ThreadPoolExecutor.runWorker(Unknown Source)
at java.util.concurrent.ThreadPoolExecutor$Worker.run(Unknown Source)
at java.lang.Thread.run(Unknown Source)
]]>
    </failure>
  </testcase> <!-- AccountCheck -->
  <testcase name="AccountCheck" time="5.740" classname="SupportClasses.Account_Lookup">
    <failure type="java.lang.AssertionError" message="null">
      <![CDATA[java.lang.AssertionError: null
at org.testng.Assert.fail(Assert.java:96)
at SupportClasses.Account_Lookup.AccountCheck(Account_Lookup.java:58)
at sun.reflect.GeneratedMethodAccessor2.invoke(Unknown Source)
at sun.reflect.DelegatingMethodAccessorImpl.invoke(Unknown Source)
at java.lang.reflect.Method.invoke(Unknown Source)
at org.testng.internal.MethodInvocationHelper.invokeMethod(MethodInvocationHelper.java:124)
at org.testng.internal.Invoker.invokeMethod(Invoker.java:580)
at org.testng.internal.Invoker.invokeTestMethod(Invoker.java:716)
at org.testng.internal.TestMethodWithDataProviderMethodWorker.call(TestMethodWithDataProviderMethodWorker.java:71)
at org.testng.internal.TestMethodWithDataProviderMethodWorker.call(TestMethodWithDataProviderMethodWorker.java:14)
at java.util.concurrent.FutureTask.run(Unknown Source)
at java.util.concurrent.Executors$RunnableAdapter.call(Unknown Source)
at java.util.concurrent.FutureTask.run(Unknown Source)
at java.util.concurrent.ThreadPoolExecutor.runWorker(Unknown Source)
at java.util.concurrent.ThreadPoolExecutor$Worker.run(Unknown Source)
at java.lang.Thread.run(Unknown Source)
]]>
    </failure>
  </testcase> <!-- AccountCheck -->
  <testcase name="AccountCheck" time="14.783" classname="SupportClasses.Account_Lookup"/>
  <testcase name="AccountCheck" time="4.816" classname="SupportClasses.Account_Lookup"/>
  <testcase name="AccountCheck" time="32.308" classname="SupportClasses.Account_Lookup"/>
  <testcase name="AccountCheck" time="4.352" classname="SupportClasses.Account_Lookup"/>
  <testcase name="AccountCheck" time="9.067" classname="SupportClasses.Account_Lookup">
    <failure type="java.lang.AssertionError" message="Initialisation of record 0xFD left 1295 bytes remaining still to be read.">
      <![CDATA[java.lang.AssertionError: Initialisation of record 0xFD left 1295 bytes remaining still to be read.
at org.testng.Assert.fail(Assert.java:96)
at SupportClasses.Account_Lookup.AccountCheck(Account_Lookup.java:58)
at sun.reflect.GeneratedMethodAccessor2.invoke(Unknown Source)
at sun.reflect.DelegatingMethodAccessorImpl.invoke(Unknown Source)
at java.lang.reflect.Method.invoke(Unknown Source)
at org.testng.internal.MethodInvocationHelper.invokeMethod(MethodInvocationHelper.java:124)
at org.testng.internal.Invoker.invokeMethod(Invoker.java:580)
at org.testng.internal.Invoker.invokeTestMethod(Invoker.java:716)
at org.testng.internal.TestMethodWithDataProviderMethodWorker.call(TestMethodWithDataProviderMethodWorker.java:71)
at org.testng.internal.TestMethodWithDataProviderMethodWorker.call(TestMethodWithDataProviderMethodWorker.java:14)
at java.util.concurrent.FutureTask.run(Unknown Source)
at java.util.concurrent.Executors$RunnableAdapter.call(Unknown Source)
at java.util.concurrent.FutureTask.run(Unknown Source)
at java.util.concurrent.ThreadPoolExecutor.runWorker(Unknown Source)
at java.util.concurrent.ThreadPoolExecutor$Worker.run(Unknown Source)
at java.lang.Thread.run(Unknown Source)
]]>
    </failure>
  </testcase> <!-- AccountCheck -->
  <testcase name="AccountCheck" time="13.885" classname="SupportClasses.Account_Lookup"/>
  <testcase name="AccountCheck" time="8.140" classname="SupportClasses.Account_Lookup">
    <failure type="java.lang.AssertionError" message="Initialisation of record 0xFD left 1295 bytes remaining still to be read.">
      <![CDATA[java.lang.AssertionError: Initialisation of record 0xFD left 1295 bytes remaining still to be read.
at org.testng.Assert.fail(Assert.java:96)
at SupportClasses.Account_Lookup.AccountCheck(Account_Lookup.java:58)
at sun.reflect.GeneratedMethodAccessor2.invoke(Unknown Source)
at sun.reflect.DelegatingMethodAccessorImpl.invoke(Unknown Source)
at java.lang.reflect.Method.invoke(Unknown Source)
at org.testng.internal.MethodInvocationHelper.invokeMethod(MethodInvocationHelper.java:124)
at org.testng.internal.Invoker.invokeMethod(Invoker.java:580)
at org.testng.internal.Invoker.invokeTestMethod(Invoker.java:716)
at org.testng.internal.TestMethodWithDataProviderMethodWorker.call(TestMethodWithDataProviderMethodWorker.java:71)
at org.testng.internal.TestMethodWithDataProviderMethodWorker.call(TestMethodWithDataProviderMethodWorker.java:14)
at java.util.concurrent.FutureTask.run(Unknown Source)
at java.util.concurrent.Executors$RunnableAdapter.call(Unknown Source)
at java.util.concurrent.FutureTask.run(Unknown Source)
at java.util.concurrent.ThreadPoolExecutor.runWorker(Unknown Source)
at java.util.concurrent.ThreadPoolExecutor$Worker.run(Unknown Source)
at java.lang.Thread.run(Unknown Source)
]]>
    </failure>
  </testcase> <!-- AccountCheck -->
  <testcase name="AccountCheck" time="15.710" classname="SupportClasses.Account_Lookup"/>
  <testcase name="AccountCheck" time="19.417" classname="SupportClasses.Account_Lookup"/>
  <testcase name="AccountCheck" time="5.939" classname="SupportClasses.Account_Lookup"/>
  <testcase name="AccountCheck" time="17.047" classname="SupportClasses.Account_Lookup"/>
  <testcase name="AccountCheck" time="5.151" classname="SupportClasses.Account_Lookup"/>
  <testcase name="AccountCheck" time="24.585" classname="SupportClasses.Account_Lookup"/>
  <testcase name="AccountCheck" time="4.458" classname="SupportClasses.Account_Lookup"/>
  <testcase name="AccountCheck" time="24.349" classname="SupportClasses.Account_Lookup"/>
  <testcase name="AccountCheck" time="12.950" classname="SupportClasses.Account_Lookup"/>
  <testcase name="AccountCheck" time="15.260" classname="SupportClasses.Account_Lookup">
    <failure type="java.lang.AssertionError" message="null">
      <![CDATA[java.lang.AssertionError: null
at org.testng.Assert.fail(Assert.java:96)
at SupportClasses.Account_Lookup.AccountCheck(Account_Lookup.java:58)
at sun.reflect.GeneratedMethodAccessor2.invoke(Unknown Source)
at sun.reflect.DelegatingMethodAccessorImpl.invoke(Unknown Source)
at java.lang.reflect.Method.invoke(Unknown Source)
at org.testng.internal.MethodInvocationHelper.invokeMethod(MethodInvocationHelper.java:124)
at org.testng.internal.Invoker.invokeMethod(Invoker.java:580)
at org.testng.internal.Invoker.invokeTestMethod(Invoker.java:716)
at org.testng.internal.TestMethodWithDataProviderMethodWorker.call(TestMethodWithDataProviderMethodWorker.java:71)
at org.testng.internal.TestMethodWithDataProviderMethodWorker.call(TestMethodWithDataProviderMethodWorker.java:14)
at java.util.concurrent.FutureTask.run(Unknown Source)
at java.util.concurrent.Executors$RunnableAdapter.call(Unknown Source)
at java.util.concurrent.FutureTask.run(Unknown Source)
at java.util.concurrent.ThreadPoolExecutor.runWorker(Unknown Source)
at java.util.concurrent.ThreadPoolExecutor$Worker.run(Unknown Source)
at java.lang.Thread.run(Unknown Source)
]]>
    </failure>
  </testcase> <!-- AccountCheck -->
  <testcase name="AccountCheck" time="50.393" classname="SupportClasses.Account_Lookup"/>
  <testcase name="AccountCheck" time="9.914" classname="SupportClasses.Account_Lookup"/>
  <testcase name="AccountCheck" time="21.614" classname="SupportClasses.Account_Lookup"/>
  <testcase name="AccountCheck" time="38.709" classname="SupportClasses.Account_Lookup"/>
  <testcase name="AccountCheck" time="13.873" classname="SupportClasses.Account_Lookup"/>
  <testcase name="AccountCheck" time="19.563" classname="SupportClasses.Account_Lookup"/>
  <testcase name="AccountCheck" time="11.380" classname="SupportClasses.Account_Lookup">
    <failure type="java.lang.AssertionError" message="null">
      <![CDATA[java.lang.AssertionError: null
at org.testng.Assert.fail(Assert.java:96)
at SupportClasses.Account_Lookup.AccountCheck(Account_Lookup.java:58)
at sun.reflect.GeneratedMethodAccessor2.invoke(Unknown Source)
at sun.reflect.DelegatingMethodAccessorImpl.invoke(Unknown Source)
at java.lang.reflect.Method.invoke(Unknown Source)
at org.testng.internal.MethodInvocationHelper.invokeMethod(MethodInvocationHelper.java:124)
at org.testng.internal.Invoker.invokeMethod(Invoker.java:580)
at org.testng.internal.Invoker.invokeTestMethod(Invoker.java:716)
at org.testng.internal.TestMethodWithDataProviderMethodWorker.call(TestMethodWithDataProviderMethodWorker.java:71)
at org.testng.internal.TestMethodWithDataProviderMethodWorker.call(TestMethodWithDataProviderMethodWorker.java:14)
at java.util.concurrent.FutureTask.run(Unknown Source)
at java.util.concurrent.Executors$RunnableAdapter.call(Unknown Source)
at java.util.concurrent.FutureTask.run(Unknown Source)
at java.util.concurrent.ThreadPoolExecutor.runWorker(Unknown Source)
at java.util.concurrent.ThreadPoolExecutor$Worker.run(Unknown Source)
at java.lang.Thread.run(Unknown Source)
]]>
    </failure>
  </testcase> <!-- AccountCheck -->
  <testcase name="AccountCheck" time="25.535" classname="SupportClasses.Account_Lookup">
    <failure type="java.lang.AssertionError" message="null">
      <![CDATA[java.lang.AssertionError: null
at org.testng.Assert.fail(Assert.java:96)
at SupportClasses.Account_Lookup.AccountCheck(Account_Lookup.java:58)
at sun.reflect.GeneratedMethodAccessor2.invoke(Unknown Source)
at sun.reflect.DelegatingMethodAccessorImpl.invoke(Unknown Source)
at java.lang.reflect.Method.invoke(Unknown Source)
at org.testng.internal.MethodInvocationHelper.invokeMethod(MethodInvocationHelper.java:124)
at org.testng.internal.Invoker.invokeMethod(Invoker.java:580)
at org.testng.internal.Invoker.invokeTestMethod(Invoker.java:716)
at org.testng.internal.TestMethodWithDataProviderMethodWorker.call(TestMethodWithDataProviderMethodWorker.java:71)
at org.testng.internal.TestMethodWithDataProviderMethodWorker.call(TestMethodWithDataProviderMethodWorker.java:14)
at java.util.concurrent.FutureTask.run(Unknown Source)
at java.util.concurrent.Executors$RunnableAdapter.call(Unknown Source)
at java.util.concurrent.FutureTask.run(Unknown Source)
at java.util.concurrent.ThreadPoolExecutor.runWorker(Unknown Source)
at java.util.concurrent.ThreadPoolExecutor$Worker.run(Unknown Source)
at java.lang.Thread.run(Unknown Source)
]]>
    </failure>
  </testcase> <!-- AccountCheck -->
  <testcase name="AccountCheck" time="5.495" classname="SupportClasses.Account_Lookup">
    <failure type="java.lang.AssertionError" message="null">
      <![CDATA[java.lang.AssertionError: null
at org.testng.Assert.fail(Assert.java:96)
at SupportClasses.Account_Lookup.AccountCheck(Account_Lookup.java:58)
at sun.reflect.GeneratedMethodAccessor2.invoke(Unknown Source)
at sun.reflect.DelegatingMethodAccessorImpl.invoke(Unknown Source)
at java.lang.reflect.Method.invoke(Unknown Source)
at org.testng.internal.MethodInvocationHelper.invokeMethod(MethodInvocationHelper.java:124)
at org.testng.internal.Invoker.invokeMethod(Invoker.java:580)
at org.testng.internal.Invoker.invokeTestMethod(Invoker.java:716)
at org.testng.internal.TestMethodWithDataProviderMethodWorker.call(TestMethodWithDataProviderMethodWorker.java:71)
at org.testng.internal.TestMethodWithDataProviderMethodWorker.call(TestMethodWithDataProviderMethodWorker.java:14)
at java.util.concurrent.FutureTask.run(Unknown Source)
at java.util.concurrent.Executors$RunnableAdapter.call(Unknown Source)
at java.util.concurrent.FutureTask.run(Unknown Source)
at java.util.concurrent.ThreadPoolExecutor.runWorker(Unknown Source)
at java.util.concurrent.ThreadPoolExecutor$Worker.run(Unknown Source)
at java.lang.Thread.run(Unknown Source)
]]>
    </failure>
  </testcase> <!-- AccountCheck -->
  <testcase name="AccountCheck" time="13.450" classname="SupportClasses.Account_Lookup"/>
  <testcase name="AccountCheck" time="33.798" classname="SupportClasses.Account_Lookup"/>
  <testcase name="AccountCheck" time="30.954" classname="SupportClasses.Account_Lookup"/>
  <testcase name="AccountCheck" time="23.283" classname="SupportClasses.Account_Lookup">
    <failure type="java.lang.AssertionError" message="null">
      <![CDATA[java.lang.AssertionError: null
at org.testng.Assert.fail(Assert.java:96)
at SupportClasses.Account_Lookup.AccountCheck(Account_Lookup.java:58)
at sun.reflect.GeneratedMethodAccessor2.invoke(Unknown Source)
at sun.reflect.DelegatingMethodAccessorImpl.invoke(Unknown Source)
at java.lang.reflect.Method.invoke(Unknown Source)
at org.testng.internal.MethodInvocationHelper.invokeMethod(MethodInvocationHelper.java:124)
at org.testng.internal.Invoker.invokeMethod(Invoker.java:580)
at org.testng.internal.Invoker.invokeTestMethod(Invoker.java:716)
at org.testng.internal.TestMethodWithDataProviderMethodWorker.call(TestMethodWithDataProviderMethodWorker.java:71)
at org.testng.internal.TestMethodWithDataProviderMethodWorker.call(TestMethodWithDataProviderMethodWorker.java:14)
at java.util.concurrent.FutureTask.run(Unknown Source)
at java.util.concurrent.Executors$RunnableAdapter.call(Unknown Source)
at java.util.concurrent.FutureTask.run(Unknown Source)
at java.util.concurrent.ThreadPoolExecutor.runWorker(Unknown Source)
at java.util.concurrent.ThreadPoolExecutor$Worker.run(Unknown Source)
at java.lang.Thread.run(Unknown Source)
]]>
    </failure>
  </testcase> <!-- AccountCheck -->
  <testcase name="AccountCheck" time="28.459" classname="SupportClasses.Account_Lookup">
    <failure type="java.lang.AssertionError" message="Initialisation of record 0xFD left 1295 bytes remaining still to be read.">
      <![CDATA[java.lang.AssertionError: Initialisation of record 0xFD left 1295 bytes remaining still to be read.
at org.testng.Assert.fail(Assert.java:96)
at SupportClasses.Account_Lookup.AccountCheck(Account_Lookup.java:58)
at sun.reflect.GeneratedMethodAccessor2.invoke(Unknown Source)
at sun.reflect.DelegatingMethodAccessorImpl.invoke(Unknown Source)
at java.lang.reflect.Method.invoke(Unknown Source)
at org.testng.internal.MethodInvocationHelper.invokeMethod(MethodInvocationHelper.java:124)
at org.testng.internal.Invoker.invokeMethod(Invoker.java:580)
at org.testng.internal.Invoker.invokeTestMethod(Invoker.java:716)
at org.testng.internal.TestMethodWithDataProviderMethodWorker.call(TestMethodWithDataProviderMethodWorker.java:71)
at org.testng.internal.TestMethodWithDataProviderMethodWorker.call(TestMethodWithDataProviderMethodWorker.java:14)
at java.util.concurrent.FutureTask.run(Unknown Source)
at java.util.concurrent.Executors$RunnableAdapter.call(Unknown Source)
at java.util.concurrent.FutureTask.run(Unknown Source)
at java.util.concurrent.ThreadPoolExecutor.runWorker(Unknown Source)
at java.util.concurrent.ThreadPoolExecutor$Worker.run(Unknown Source)
at java.lang.Thread.run(Unknown Source)
]]>
    </failure>
  </testcase> <!-- AccountCheck -->
  <testcase name="AccountCheck" time="21.503" classname="SupportClasses.Account_Lookup"/>
  <testcase name="AccountCheck" time="25.855" classname="SupportClasses.Account_Lookup"/>
  <testcase name="AccountCheck" time="39.285" classname="SupportClasses.Account_Lookup"/>
  <testcase name="AccountCheck" time="11.184" classname="SupportClasses.Account_Lookup">
    <failure type="java.lang.AssertionError" message="null">
      <![CDATA[java.lang.AssertionError: null
at org.testng.Assert.fail(Assert.java:96)
at SupportClasses.Account_Lookup.AccountCheck(Account_Lookup.java:58)
at sun.reflect.GeneratedMethodAccessor2.invoke(Unknown Source)
at sun.reflect.DelegatingMethodAccessorImpl.invoke(Unknown Source)
at java.lang.reflect.Method.invoke(Unknown Source)
at org.testng.internal.MethodInvocationHelper.invokeMethod(MethodInvocationHelper.java:124)
at org.testng.internal.Invoker.invokeMethod(Invoker.java:580)
at org.testng.internal.Invoker.invokeTestMethod(Invoker.java:716)
at org.testng.internal.TestMethodWithDataProviderMethodWorker.call(TestMethodWithDataProviderMethodWorker.java:71)
at org.testng.internal.TestMethodWithDataProviderMethodWorker.call(TestMethodWithDataProviderMethodWorker.java:14)
at java.util.concurrent.FutureTask.run(Unknown Source)
at java.util.concurrent.Executors$RunnableAdapter.call(Unknown Source)
at java.util.concurrent.FutureTask.run(Unknown Source)
at java.util.concurrent.ThreadPoolExecutor.runWorker(Unknown Source)
at java.util.concurrent.ThreadPoolExecutor$Worker.run(Unknown Source)
at java.lang.Thread.run(Unknown Source)
]]>
    </failure>
  </testcase> <!-- AccountCheck -->
  <testcase name="AccountCheck" time="7.945" classname="SupportClasses.Account_Lookup">
    <failure type="java.lang.AssertionError" message="Initialisation of record 0xFD left 1295 bytes remaining still to be read.">
      <![CDATA[java.lang.AssertionError: Initialisation of record 0xFD left 1295 bytes remaining still to be read.
at org.testng.Assert.fail(Assert.java:96)
at SupportClasses.Account_Lookup.AccountCheck(Account_Lookup.java:58)
at sun.reflect.GeneratedMethodAccessor2.invoke(Unknown Source)
at sun.reflect.DelegatingMethodAccessorImpl.invoke(Unknown Source)
at java.lang.reflect.Method.invoke(Unknown Source)
at org.testng.internal.MethodInvocationHelper.invokeMethod(MethodInvocationHelper.java:124)
at org.testng.internal.Invoker.invokeMethod(Invoker.java:580)
at org.testng.internal.Invoker.invokeTestMethod(Invoker.java:716)
at org.testng.internal.TestMethodWithDataProviderMethodWorker.call(TestMethodWithDataProviderMethodWorker.java:71)
at org.testng.internal.TestMethodWithDataProviderMethodWorker.call(TestMethodWithDataProviderMethodWorker.java:14)
at java.util.concurrent.FutureTask.run(Unknown Source)
at java.util.concurrent.Executors$RunnableAdapter.call(Unknown Source)
at java.util.concurrent.FutureTask.run(Unknown Source)
at java.util.concurrent.ThreadPoolExecutor.runWorker(Unknown Source)
at java.util.concurrent.ThreadPoolExecutor$Worker.run(Unknown Source)
at java.lang.Thread.run(Unknown Source)
]]>
    </failure>
  </testcase> <!-- AccountCheck -->
  <testcase name="AccountCheck" time="4.771" classname="SupportClasses.Account_Lookup"/>
  <testcase name="AccountCheck" time="34.807" classname="SupportClasses.Account_Lookup"/>
  <testcase name="AccountCheck" time="5.902" classname="SupportClasses.Account_Lookup"/>
  <testcase name="AccountCheck" time="20.101" classname="SupportClasses.Account_Lookup"/>
  <testcase name="AccountCheck" time="13.611" classname="SupportClasses.Account_Lookup"/>
  <testcase name="AccountCheck" time="27.355" classname="SupportClasses.Account_Lookup"/>
  <testcase name="AccountCheck" time="29.059" classname="SupportClasses.Account_Lookup">
    <failure type="java.lang.AssertionError" message="Initialisation of record 0xFD left 1295 bytes remaining still to be read.">
      <![CDATA[java.lang.AssertionError: Initialisation of record 0xFD left 1295 bytes remaining still to be read.
at org.testng.Assert.fail(Assert.java:96)
at SupportClasses.Account_Lookup.AccountCheck(Account_Lookup.java:58)
at sun.reflect.GeneratedMethodAccessor2.invoke(Unknown Source)
at sun.reflect.DelegatingMethodAccessorImpl.invoke(Unknown Source)
at java.lang.reflect.Method.invoke(Unknown Source)
at org.testng.internal.MethodInvocationHelper.invokeMethod(MethodInvocationHelper.java:124)
at org.testng.internal.Invoker.invokeMethod(Invoker.java:580)
at org.testng.internal.Invoker.invokeTestMethod(Invoker.java:716)
at org.testng.internal.TestMethodWithDataProviderMethodWorker.call(TestMethodWithDataProviderMethodWorker.java:71)
at org.testng.internal.TestMethodWithDataProviderMethodWorker.call(TestMethodWithDataProviderMethodWorker.java:14)
at java.util.concurrent.FutureTask.run(Unknown Source)
at java.util.concurrent.Executors$RunnableAdapter.call(Unknown Source)
at java.util.concurrent.FutureTask.run(Unknown Source)
at java.util.concurrent.ThreadPoolExecutor.runWorker(Unknown Source)
at java.util.concurrent.ThreadPoolExecutor$Worker.run(Unknown Source)
at java.lang.Thread.run(Unknown Source)
]]>
    </failure>
  </testcase> <!-- AccountCheck -->
  <testcase name="AccountCheck" time="13.894" classname="SupportClasses.Account_Lookup"/>
  <testcase name="AccountCheck" time="18.616" classname="SupportClasses.Account_Lookup"/>
  <testcase name="AccountCheck" time="5.117" classname="SupportClasses.Account_Lookup"/>
  <testcase name="AccountCheck" time="32.372" classname="SupportClasses.Account_Lookup"/>
  <testcase name="AccountCheck" time="10.052" classname="SupportClasses.Account_Lookup"/>
  <testcase name="AccountCheck" time="21.577" classname="SupportClasses.Account_Lookup"/>
  <testcase name="AccountCheck" time="9.890" classname="SupportClasses.Account_Lookup"/>
  <testcase name="AccountCheck" time="16.301" classname="SupportClasses.Account_Lookup"/>
  <testcase name="AccountCheck" time="14.179" classname="SupportClasses.Account_Lookup"/>
  <testcase name="AccountCheck" time="18.998" classname="SupportClasses.Account_Lookup">
    <failure type="java.lang.AssertionError" message="Initialisation of record 0xFD left 1295 bytes remaining still to be read.">
      <![CDATA[java.lang.AssertionError: Initialisation of record 0xFD left 1295 bytes remaining still to be read.
at org.testng.Assert.fail(Assert.java:96)
at SupportClasses.Account_Lookup.AccountCheck(Account_Lookup.java:58)
at sun.reflect.GeneratedMethodAccessor2.invoke(Unknown Source)
at sun.reflect.DelegatingMethodAccessorImpl.invoke(Unknown Source)
at java.lang.reflect.Method.invoke(Unknown Source)
at org.testng.internal.MethodInvocationHelper.invokeMethod(MethodInvocationHelper.java:124)
at org.testng.internal.Invoker.invokeMethod(Invoker.java:580)
at org.testng.internal.Invoker.invokeTestMethod(Invoker.java:716)
at org.testng.internal.TestMethodWithDataProviderMethodWorker.call(TestMethodWithDataProviderMethodWorker.java:71)
at org.testng.internal.TestMethodWithDataProviderMethodWorker.call(TestMethodWithDataProviderMethodWorker.java:14)
at java.util.concurrent.FutureTask.run(Unknown Source)
at java.util.concurrent.Executors$RunnableAdapter.call(Unknown Source)
at java.util.concurrent.FutureTask.run(Unknown Source)
at java.util.concurrent.ThreadPoolExecutor.runWorker(Unknown Source)
at java.util.concurrent.ThreadPoolExecutor$Worker.run(Unknown Source)
at java.lang.Thread.run(Unknown Source)
]]>
    </failure>
  </testcase> <!-- AccountCheck -->
  <testcase name="AccountCheck" time="10.788" classname="SupportClasses.Account_Lookup"/>
  <testcase name="AccountCheck" time="27.858" classname="SupportClasses.Account_Lookup"/>
  <testcase name="AccountCheck" time="49.138" classname="SupportClasses.Account_Lookup">
    <failure type="java.lang.AssertionError" message="Initialisation of record 0xFD left 1295 bytes remaining still to be read.">
      <![CDATA[java.lang.AssertionError: Initialisation of record 0xFD left 1295 bytes remaining still to be read.
at org.testng.Assert.fail(Assert.java:96)
at SupportClasses.Account_Lookup.AccountCheck(Account_Lookup.java:58)
at sun.reflect.GeneratedMethodAccessor2.invoke(Unknown Source)
at sun.reflect.DelegatingMethodAccessorImpl.invoke(Unknown Source)
at java.lang.reflect.Method.invoke(Unknown Source)
at org.testng.internal.MethodInvocationHelper.invokeMethod(MethodInvocationHelper.java:124)
at org.testng.internal.Invoker.invokeMethod(Invoker.java:580)
at org.testng.internal.Invoker.invokeTestMethod(Invoker.java:716)
at org.testng.internal.TestMethodWithDataProviderMethodWorker.call(TestMethodWithDataProviderMethodWorker.java:71)
at org.testng.internal.TestMethodWithDataProviderMethodWorker.call(TestMethodWithDataProviderMethodWorker.java:14)
at java.util.concurrent.FutureTask.run(Unknown Source)
at java.util.concurrent.Executors$RunnableAdapter.call(Unknown Source)
at java.util.concurrent.FutureTask.run(Unknown Source)
at java.util.concurrent.ThreadPoolExecutor.runWorker(Unknown Source)
at java.util.concurrent.ThreadPoolExecutor$Worker.run(Unknown Source)
at java.lang.Thread.run(Unknown Source)
]]>
    </failure>
  </testcase> <!-- AccountCheck -->
  <testcase name="AccountCheck" time="35.986" classname="SupportClasses.Account_Lookup"/>
  <testcase name="AccountCheck" time="5.425" classname="SupportClasses.Account_Lookup">
    <failure type="java.lang.AssertionError" message="Initialisation of record 0xFD left 1295 bytes remaining still to be read.">
      <![CDATA[java.lang.AssertionError: Initialisation of record 0xFD left 1295 bytes remaining still to be read.
at org.testng.Assert.fail(Assert.java:96)
at SupportClasses.Account_Lookup.AccountCheck(Account_Lookup.java:58)
at sun.reflect.GeneratedMethodAccessor2.invoke(Unknown Source)
at sun.reflect.DelegatingMethodAccessorImpl.invoke(Unknown Source)
at java.lang.reflect.Method.invoke(Unknown Source)
at org.testng.internal.MethodInvocationHelper.invokeMethod(MethodInvocationHelper.java:124)
at org.testng.internal.Invoker.invokeMethod(Invoker.java:580)
at org.testng.internal.Invoker.invokeTestMethod(Invoker.java:716)
at org.testng.internal.TestMethodWithDataProviderMethodWorker.call(TestMethodWithDataProviderMethodWorker.java:71)
at org.testng.internal.TestMethodWithDataProviderMethodWorker.call(TestMethodWithDataProviderMethodWorker.java:14)
at java.util.concurrent.FutureTask.run(Unknown Source)
at java.util.concurrent.Executors$RunnableAdapter.call(Unknown Source)
at java.util.concurrent.FutureTask.run(Unknown Source)
at java.util.concurrent.ThreadPoolExecutor.runWorker(Unknown Source)
at java.util.concurrent.ThreadPoolExecutor$Worker.run(Unknown Source)
at java.lang.Thread.run(Unknown Source)
]]>
    </failure>
  </testcase> <!-- AccountCheck -->
  <testcase name="AccountCheck" time="4.968" classname="SupportClasses.Account_Lookup"/>
  <testcase name="AccountCheck" time="28.738" classname="SupportClasses.Account_Lookup"/>
  <testcase name="AccountCheck" time="27.858" classname="SupportClasses.Account_Lookup">
    <failure type="java.lang.AssertionError" message="Initialisation of record 0xFD left 1295 bytes remaining still to be read.">
      <![CDATA[java.lang.AssertionError: Initialisation of record 0xFD left 1295 bytes remaining still to be read.
at org.testng.Assert.fail(Assert.java:96)
at SupportClasses.Account_Lookup.AccountCheck(Account_Lookup.java:58)
at sun.reflect.GeneratedMethodAccessor2.invoke(Unknown Source)
at sun.reflect.DelegatingMethodAccessorImpl.invoke(Unknown Source)
at java.lang.reflect.Method.invoke(Unknown Source)
at org.testng.internal.MethodInvocationHelper.invokeMethod(MethodInvocationHelper.java:124)
at org.testng.internal.Invoker.invokeMethod(Invoker.java:580)
at org.testng.internal.Invoker.invokeTestMethod(Invoker.java:716)
at org.testng.internal.TestMethodWithDataProviderMethodWorker.call(TestMethodWithDataProviderMethodWorker.java:71)
at org.testng.internal.TestMethodWithDataProviderMethodWorker.call(TestMethodWithDataProviderMethodWorker.java:14)
at java.util.concurrent.FutureTask.run(Unknown Source)
at java.util.concurrent.Executors$RunnableAdapter.call(Unknown Source)
at java.util.concurrent.FutureTask.run(Unknown Source)
at java.util.concurrent.ThreadPoolExecutor.runWorker(Unknown Source)
at java.util.concurrent.ThreadPoolExecutor$Worker.run(Unknown Source)
at java.lang.Thread.run(Unknown Source)
]]>
    </failure>
  </testcase> <!-- AccountCheck -->
  <testcase name="AccountCheck" time="12.387" classname="SupportClasses.Account_Lookup"/>
  <testcase name="AccountCheck" time="34.883" classname="SupportClasses.Account_Lookup"/>
  <testcase name="AccountCheck" time="17.798" classname="SupportClasses.Account_Lookup"/>
  <testcase name="AccountCheck" time="9.717" classname="SupportClasses.Account_Lookup"/>
  <testcase name="AccountCheck" time="9.459" classname="SupportClasses.Account_Lookup">
    <failure type="java.lang.AssertionError" message="Initialisation of record 0xFD left 1295 bytes remaining still to be read.">
      <![CDATA[java.lang.AssertionError: Initialisation of record 0xFD left 1295 bytes remaining still to be read.
at org.testng.Assert.fail(Assert.java:96)
at SupportClasses.Account_Lookup.AccountCheck(Account_Lookup.java:58)
at sun.reflect.GeneratedMethodAccessor2.invoke(Unknown Source)
at sun.reflect.DelegatingMethodAccessorImpl.invoke(Unknown Source)
at java.lang.reflect.Method.invoke(Unknown Source)
at org.testng.internal.MethodInvocationHelper.invokeMethod(MethodInvocationHelper.java:124)
at org.testng.internal.Invoker.invokeMethod(Invoker.java:580)
at org.testng.internal.Invoker.invokeTestMethod(Invoker.java:716)
at org.testng.internal.TestMethodWithDataProviderMethodWorker.call(TestMethodWithDataProviderMethodWorker.java:71)
at org.testng.internal.TestMethodWithDataProviderMethodWorker.call(TestMethodWithDataProviderMethodWorker.java:14)
at java.util.concurrent.FutureTask.run(Unknown Source)
at java.util.concurrent.Executors$RunnableAdapter.call(Unknown Source)
at java.util.concurrent.FutureTask.run(Unknown Source)
at java.util.concurrent.ThreadPoolExecutor.runWorker(Unknown Source)
at java.util.concurrent.ThreadPoolExecutor$Worker.run(Unknown Source)
at java.lang.Thread.run(Unknown Source)
]]>
    </failure>
  </testcase> <!-- AccountCheck -->
  <testcase name="AccountCheck" time="11.711" classname="SupportClasses.Account_Lookup">
    <failure type="java.lang.AssertionError" message="null">
      <![CDATA[java.lang.AssertionError: null
at org.testng.Assert.fail(Assert.java:96)
at SupportClasses.Account_Lookup.AccountCheck(Account_Lookup.java:58)
at sun.reflect.GeneratedMethodAccessor2.invoke(Unknown Source)
at sun.reflect.DelegatingMethodAccessorImpl.invoke(Unknown Source)
at java.lang.reflect.Method.invoke(Unknown Source)
at org.testng.internal.MethodInvocationHelper.invokeMethod(MethodInvocationHelper.java:124)
at org.testng.internal.Invoker.invokeMethod(Invoker.java:580)
at org.testng.internal.Invoker.invokeTestMethod(Invoker.java:716)
at org.testng.internal.TestMethodWithDataProviderMethodWorker.call(TestMethodWithDataProviderMethodWorker.java:71)
at org.testng.internal.TestMethodWithDataProviderMethodWorker.call(TestMethodWithDataProviderMethodWorker.java:14)
at java.util.concurrent.FutureTask.run(Unknown Source)
at java.util.concurrent.Executors$RunnableAdapter.call(Unknown Source)
at java.util.concurrent.FutureTask.run(Unknown Source)
at java.util.concurrent.ThreadPoolExecutor.runWorker(Unknown Source)
at java.util.concurrent.ThreadPoolExecutor$Worker.run(Unknown Source)
at java.lang.Thread.run(Unknown Source)
]]>
    </failure>
  </testcase> <!-- AccountCheck -->
  <testcase name="AccountCheck" time="35.737" classname="SupportClasses.Account_Lookup"/>
  <testcase name="AccountCheck" time="10.148" classname="SupportClasses.Account_Lookup"/>
  <testcase name="AccountCheck" time="20.341" classname="SupportClasses.Account_Lookup"/>
  <testcase name="AccountCheck" time="14.868" classname="SupportClasses.Account_Lookup"/>
  <testcase name="AccountCheck" time="12.755" classname="SupportClasses.Account_Lookup"/>
  <testcase name="AccountCheck" time="10.089" classname="SupportClasses.Account_Lookup"/>
  <testcase name="AccountCheck" time="19.818" classname="SupportClasses.Account_Lookup"/>
  <testcase name="AccountCheck" time="48.106" classname="SupportClasses.Account_Lookup">
    <failure type="java.lang.AssertionError" message="Initialisation of record 0xFD left 1295 bytes remaining still to be read.">
      <![CDATA[java.lang.AssertionError: Initialisation of record 0xFD left 1295 bytes remaining still to be read.
at org.testng.Assert.fail(Assert.java:96)
at SupportClasses.Account_Lookup.AccountCheck(Account_Lookup.java:58)
at sun.reflect.GeneratedMethodAccessor2.invoke(Unknown Source)
at sun.reflect.DelegatingMethodAccessorImpl.invoke(Unknown Source)
at java.lang.reflect.Method.invoke(Unknown Source)
at org.testng.internal.MethodInvocationHelper.invokeMethod(MethodInvocationHelper.java:124)
at org.testng.internal.Invoker.invokeMethod(Invoker.java:580)
at org.testng.internal.Invoker.invokeTestMethod(Invoker.java:716)
at org.testng.internal.TestMethodWithDataProviderMethodWorker.call(TestMethodWithDataProviderMethodWorker.java:71)
at org.testng.internal.TestMethodWithDataProviderMethodWorker.call(TestMethodWithDataProviderMethodWorker.java:14)
at java.util.concurrent.FutureTask.run(Unknown Source)
at java.util.concurrent.Executors$RunnableAdapter.call(Unknown Source)
at java.util.concurrent.FutureTask.run(Unknown Source)
at java.util.concurrent.ThreadPoolExecutor.runWorker(Unknown Source)
at java.util.concurrent.ThreadPoolExecutor$Worker.run(Unknown Source)
at java.lang.Thread.run(Unknown Source)
]]>
    </failure>
  </testcase> <!-- AccountCheck -->
  <testcase name="AccountCheck" time="16.034" classname="SupportClasses.Account_Lookup"/>
  <testcase name="AccountCheck" time="28.211" classname="SupportClasses.Account_Lookup"/>
  <testcase name="AccountCheck" time="9.362" classname="SupportClasses.Account_Lookup"/>
  <testcase name="AccountCheck" time="23.990" classname="SupportClasses.Account_Lookup"/>
  <testcase name="AccountCheck" time="29.346" classname="SupportClasses.Account_Lookup"/>
  <testcase name="AccountCheck" time="20.896" classname="SupportClasses.Account_Lookup"/>
  <testcase name="AccountCheck" time="31.147" classname="SupportClasses.Account_Lookup"/>
  <testcase name="AccountCheck" time="19.658" classname="SupportClasses.Account_Lookup">
    <failure type="java.lang.AssertionError" message="Initialisation of record 0xFD left 1295 bytes remaining still to be read.">
      <![CDATA[java.lang.AssertionError: Initialisation of record 0xFD left 1295 bytes remaining still to be read.
at org.testng.Assert.fail(Assert.java:96)
at SupportClasses.Account_Lookup.AccountCheck(Account_Lookup.java:58)
at sun.reflect.GeneratedMethodAccessor2.invoke(Unknown Source)
at sun.reflect.DelegatingMethodAccessorImpl.invoke(Unknown Source)
at java.lang.reflect.Method.invoke(Unknown Source)
at org.testng.internal.MethodInvocationHelper.invokeMethod(MethodInvocationHelper.java:124)
at org.testng.internal.Invoker.invokeMethod(Invoker.java:580)
at org.testng.internal.Invoker.invokeTestMethod(Invoker.java:716)
at org.testng.internal.TestMethodWithDataProviderMethodWorker.call(TestMethodWithDataProviderMethodWorker.java:71)
at org.testng.internal.TestMethodWithDataProviderMethodWorker.call(TestMethodWithDataProviderMethodWorker.java:14)
at java.util.concurrent.FutureTask.run(Unknown Source)
at java.util.concurrent.Executors$RunnableAdapter.call(Unknown Source)
at java.util.concurrent.FutureTask.run(Unknown Source)
at java.util.concurrent.ThreadPoolExecutor.runWorker(Unknown Source)
at java.util.concurrent.ThreadPoolExecutor$Worker.run(Unknown Source)
at java.lang.Thread.run(Unknown Source)
]]>
    </failure>
  </testcase> <!-- AccountCheck -->
  <testcase name="AccountCheck" time="33.789" classname="SupportClasses.Account_Lookup"/>
  <testcase name="AccountCheck" time="12.735" classname="SupportClasses.Account_Lookup"/>
  <testcase name="AccountCheck" time="9.502" classname="SupportClasses.Account_Lookup"/>
  <testcase name="AccountCheck" time="48.133" classname="SupportClasses.Account_Lookup">
    <failure type="java.lang.AssertionError" message="Initialisation of record 0xFD left 1295 bytes remaining still to be read.">
      <![CDATA[java.lang.AssertionError: Initialisation of record 0xFD left 1295 bytes remaining still to be read.
at org.testng.Assert.fail(Assert.java:96)
at SupportClasses.Account_Lookup.AccountCheck(Account_Lookup.java:58)
at sun.reflect.GeneratedMethodAccessor2.invoke(Unknown Source)
at sun.reflect.DelegatingMethodAccessorImpl.invoke(Unknown Source)
at java.lang.reflect.Method.invoke(Unknown Source)
at org.testng.internal.MethodInvocationHelper.invokeMethod(MethodInvocationHelper.java:124)
at org.testng.internal.Invoker.invokeMethod(Invoker.java:580)
at org.testng.internal.Invoker.invokeTestMethod(Invoker.java:716)
at org.testng.internal.TestMethodWithDataProviderMethodWorker.call(TestMethodWithDataProviderMethodWorker.java:71)
at org.testng.internal.TestMethodWithDataProviderMethodWorker.call(TestMethodWithDataProviderMethodWorker.java:14)
at java.util.concurrent.FutureTask.run(Unknown Source)
at java.util.concurrent.Executors$RunnableAdapter.call(Unknown Source)
at java.util.concurrent.FutureTask.run(Unknown Source)
at java.util.concurrent.ThreadPoolExecutor.runWorker(Unknown Source)
at java.util.concurrent.ThreadPoolExecutor$Worker.run(Unknown Source)
at java.lang.Thread.run(Unknown Source)
]]>
    </failure>
  </testcase> <!-- AccountCheck -->
  <testcase name="AccountCheck" time="30.820" classname="SupportClasses.Account_Lookup"/>
  <testcase name="AccountCheck" time="47.444" classname="SupportClasses.Account_Lookup">
    <failure type="java.lang.AssertionError" message="Initialisation of record 0xFD left 1295 bytes remaining still to be read.">
      <![CDATA[java.lang.AssertionError: Initialisation of record 0xFD left 1295 bytes remaining still to be read.
at org.testng.Assert.fail(Assert.java:96)
at SupportClasses.Account_Lookup.AccountCheck(Account_Lookup.java:58)
at sun.reflect.GeneratedMethodAccessor2.invoke(Unknown Source)
at sun.reflect.DelegatingMethodAccessorImpl.invoke(Unknown Source)
at java.lang.reflect.Method.invoke(Unknown Source)
at org.testng.internal.MethodInvocationHelper.invokeMethod(MethodInvocationHelper.java:124)
at org.testng.internal.Invoker.invokeMethod(Invoker.java:580)
at org.testng.internal.Invoker.invokeTestMethod(Invoker.java:716)
at org.testng.internal.TestMethodWithDataProviderMethodWorker.call(TestMethodWithDataProviderMethodWorker.java:71)
at org.testng.internal.TestMethodWithDataProviderMethodWorker.call(TestMethodWithDataProviderMethodWorker.java:14)
at java.util.concurrent.FutureTask.run(Unknown Source)
at java.util.concurrent.Executors$RunnableAdapter.call(Unknown Source)
at java.util.concurrent.FutureTask.run(Unknown Source)
at java.util.concurrent.ThreadPoolExecutor.runWorker(Unknown Source)
at java.util.concurrent.ThreadPoolExecutor$Worker.run(Unknown Source)
at java.lang.Thread.run(Unknown Source)
]]>
    </failure>
  </testcase> <!-- AccountCheck -->
  <testcase name="AccountCheck" time="34.568" classname="SupportClasses.Account_Lookup"/>
  <testcase name="AccountCheck" time="24.742" classname="SupportClasses.Account_Lookup"/>
  <testcase name="AccountCheck" time="17.302" classname="SupportClasses.Account_Lookup"/>
  <testcase name="AccountCheck" time="29.466" classname="SupportClasses.Account_Lookup"/>
  <testcase name="AccountCheck" time="35.073" classname="SupportClasses.Account_Lookup"/>
  <testcase name="AccountCheck" time="19.392" classname="SupportClasses.Account_Lookup"/>
  <testcase name="AccountCheck" time="34.857" classname="SupportClasses.Account_Lookup"/>
  <testcase name="AccountCheck" time="7.935" classname="SupportClasses.Account_Lookup">
    <failure type="java.lang.AssertionError" message="Initialisation of record 0xFD left 1295 bytes remaining still to be read.">
      <![CDATA[java.lang.AssertionError: Initialisation of record 0xFD left 1295 bytes remaining still to be read.
at org.testng.Assert.fail(Assert.java:96)
at SupportClasses.Account_Lookup.AccountCheck(Account_Lookup.java:58)
at sun.reflect.GeneratedMethodAccessor2.invoke(Unknown Source)
at sun.reflect.DelegatingMethodAccessorImpl.invoke(Unknown Source)
at java.lang.reflect.Method.invoke(Unknown Source)
at org.testng.internal.MethodInvocationHelper.invokeMethod(MethodInvocationHelper.java:124)
at org.testng.internal.Invoker.invokeMethod(Invoker.java:580)
at org.testng.internal.Invoker.invokeTestMethod(Invoker.java:716)
at org.testng.internal.TestMethodWithDataProviderMethodWorker.call(TestMethodWithDataProviderMethodWorker.java:71)
at org.testng.internal.TestMethodWithDataProviderMethodWorker.call(TestMethodWithDataProviderMethodWorker.java:14)
at java.util.concurrent.FutureTask.run(Unknown Source)
at java.util.concurrent.Executors$RunnableAdapter.call(Unknown Source)
at java.util.concurrent.FutureTask.run(Unknown Source)
at java.util.concurrent.ThreadPoolExecutor.runWorker(Unknown Source)
at java.util.concurrent.ThreadPoolExecutor$Worker.run(Unknown Source)
at java.lang.Thread.run(Unknown Source)
]]>
    </failure>
  </testcase> <!-- AccountCheck -->
  <testcase name="AccountCheck" time="20.230" classname="SupportClasses.Account_Lookup"/>
  <testcase name="AccountCheck" time="10.210" classname="SupportClasses.Account_Lookup"/>
  <testcase name="AccountCheck" time="9.633" classname="SupportClasses.Account_Lookup"/>
  <testcase name="AccountCheck" time="13.995" classname="SupportClasses.Account_Lookup"/>
  <testcase name="AccountCheck" time="35.549" classname="SupportClasses.Account_Lookup"/>
  <testcase name="AccountCheck" time="27.611" classname="SupportClasses.Account_Lookup">
    <failure type="java.lang.AssertionError" message="Initialisation of record 0xFD left 1295 bytes remaining still to be read.">
      <![CDATA[java.lang.AssertionError: Initialisation of record 0xFD left 1295 bytes remaining still to be read.
at org.testng.Assert.fail(Assert.java:96)
at SupportClasses.Account_Lookup.AccountCheck(Account_Lookup.java:58)
at sun.reflect.GeneratedMethodAccessor2.invoke(Unknown Source)
at sun.reflect.DelegatingMethodAccessorImpl.invoke(Unknown Source)
at java.lang.reflect.Method.invoke(Unknown Source)
at org.testng.internal.MethodInvocationHelper.invokeMethod(MethodInvocationHelper.java:124)
at org.testng.internal.Invoker.invokeMethod(Invoker.java:580)
at org.testng.internal.Invoker.invokeTestMethod(Invoker.java:716)
at org.testng.internal.TestMethodWithDataProviderMethodWorker.call(TestMethodWithDataProviderMethodWorker.java:71)
at org.testng.internal.TestMethodWithDataProviderMethodWorker.call(TestMethodWithDataProviderMethodWorker.java:14)
at java.util.concurrent.FutureTask.run(Unknown Source)
at java.util.concurrent.Executors$RunnableAdapter.call(Unknown Source)
at java.util.concurrent.FutureTask.run(Unknown Source)
at java.util.concurrent.ThreadPoolExecutor.runWorker(Unknown Source)
at java.util.concurrent.ThreadPoolExecutor$Worker.run(Unknown Source)
at java.lang.Thread.run(Unknown Source)
]]>
    </failure>
  </testcase> <!-- AccountCheck -->
  <testcase name="AccountCheck" time="24.735" classname="SupportClasses.Account_Lookup"/>
  <testcase name="AccountCheck" time="20.364" classname="SupportClasses.Account_Lookup">
    <failure type="java.lang.AssertionError" message="null">
      <![CDATA[java.lang.AssertionError: null
at org.testng.Assert.fail(Assert.java:96)
at SupportClasses.Account_Lookup.AccountCheck(Account_Lookup.java:58)
at sun.reflect.GeneratedMethodAccessor2.invoke(Unknown Source)
at sun.reflect.DelegatingMethodAccessorImpl.invoke(Unknown Source)
at java.lang.reflect.Method.invoke(Unknown Source)
at org.testng.internal.MethodInvocationHelper.invokeMethod(MethodInvocationHelper.java:124)
at org.testng.internal.Invoker.invokeMethod(Invoker.java:580)
at org.testng.internal.Invoker.invokeTestMethod(Invoker.java:716)
at org.testng.internal.TestMethodWithDataProviderMethodWorker.call(TestMethodWithDataProviderMethodWorker.java:71)
at org.testng.internal.TestMethodWithDataProviderMethodWorker.call(TestMethodWithDataProviderMethodWorker.java:14)
at java.util.concurrent.FutureTask.run(Unknown Source)
at java.util.concurrent.Executors$RunnableAdapter.call(Unknown Source)
at java.util.concurrent.FutureTask.run(Unknown Source)
at java.util.concurrent.ThreadPoolExecutor.runWorker(Unknown Source)
at java.util.concurrent.ThreadPoolExecutor$Worker.run(Unknown Source)
at java.lang.Thread.run(Unknown Source)
]]>
    </failure>
  </testcase> <!-- AccountCheck -->
  <testcase name="AccountCheck" time="26.115" classname="SupportClasses.Account_Lookup"/>
  <testcase name="AccountCheck" time="16.534" classname="SupportClasses.Account_Lookup"/>
  <testcase name="AccountCheck" time="30.102" classname="SupportClasses.Account_Lookup"/>
  <testcase name="AccountCheck" time="33.545" classname="SupportClasses.Account_Lookup">
    <failure type="java.lang.AssertionError" message="null">
      <![CDATA[java.lang.AssertionError: null
at org.testng.Assert.fail(Assert.java:96)
at SupportClasses.Account_Lookup.AccountCheck(Account_Lookup.java:58)
at sun.reflect.GeneratedMethodAccessor2.invoke(Unknown Source)
at sun.reflect.DelegatingMethodAccessorImpl.invoke(Unknown Source)
at java.lang.reflect.Method.invoke(Unknown Source)
at org.testng.internal.MethodInvocationHelper.invokeMethod(MethodInvocationHelper.java:124)
at org.testng.internal.Invoker.invokeMethod(Invoker.java:580)
at org.testng.internal.Invoker.invokeTestMethod(Invoker.java:716)
at org.testng.internal.TestMethodWithDataProviderMethodWorker.call(TestMethodWithDataProviderMethodWorker.java:71)
at org.testng.internal.TestMethodWithDataProviderMethodWorker.call(TestMethodWithDataProviderMethodWorker.java:14)
at java.util.concurrent.FutureTask.run(Unknown Source)
at java.util.concurrent.Executors$RunnableAdapter.call(Unknown Source)
at java.util.concurrent.FutureTask.run(Unknown Source)
at java.util.concurrent.ThreadPoolExecutor.runWorker(Unknown Source)
at java.util.concurrent.ThreadPoolExecutor$Worker.run(Unknown Source)
at java.lang.Thread.run(Unknown Source)
]]>
    </failure>
  </testcase> <!-- AccountCheck -->
  <testcase name="AccountCheck" time="8.338" classname="SupportClasses.Account_Lookup">
    <failure type="java.lang.AssertionError" message="Initialisation of record 0xFD left 1295 bytes remaining still to be read.">
      <![CDATA[java.lang.AssertionError: Initialisation of record 0xFD left 1295 bytes remaining still to be read.
at org.testng.Assert.fail(Assert.java:96)
at SupportClasses.Account_Lookup.AccountCheck(Account_Lookup.java:58)
at sun.reflect.GeneratedMethodAccessor2.invoke(Unknown Source)
at sun.reflect.DelegatingMethodAccessorImpl.invoke(Unknown Source)
at java.lang.reflect.Method.invoke(Unknown Source)
at org.testng.internal.MethodInvocationHelper.invokeMethod(MethodInvocationHelper.java:124)
at org.testng.internal.Invoker.invokeMethod(Invoker.java:580)
at org.testng.internal.Invoker.invokeTestMethod(Invoker.java:716)
at org.testng.internal.TestMethodWithDataProviderMethodWorker.call(TestMethodWithDataProviderMethodWorker.java:71)
at org.testng.internal.TestMethodWithDataProviderMethodWorker.call(TestMethodWithDataProviderMethodWorker.java:14)
at java.util.concurrent.FutureTask.run(Unknown Source)
at java.util.concurrent.Executors$RunnableAdapter.call(Unknown Source)
at java.util.concurrent.FutureTask.run(Unknown Source)
at java.util.concurrent.ThreadPoolExecutor.runWorker(Unknown Source)
at java.util.concurrent.ThreadPoolExecutor$Worker.run(Unknown Source)
at java.lang.Thread.run(Unknown Source)
]]>
    </failure>
  </testcase> <!-- AccountCheck -->
  <testcase name="AccountCheck" time="20.238" classname="SupportClasses.Account_Lookup"/>
  <testcase name="AccountCheck" time="29.805" classname="SupportClasses.Account_Lookup"/>
  <testcase name="AccountCheck" time="10.762" classname="SupportClasses.Account_Lookup"/>
  <testcase name="AccountCheck" time="8.349" classname="SupportClasses.Account_Lookup"/>
  <testcase name="AccountCheck" time="28.057" classname="SupportClasses.Account_Lookup"/>
  <testcase name="AccountCheck" time="23.491" classname="SupportClasses.Account_Lookup"/>
  <testcase name="AccountCheck" time="39.428" classname="SupportClasses.Account_Lookup">
    <failure type="java.lang.AssertionError" message="null">
      <![CDATA[java.lang.AssertionError: null
at org.testng.Assert.fail(Assert.java:96)
at SupportClasses.Account_Lookup.AccountCheck(Account_Lookup.java:58)
at sun.reflect.GeneratedMethodAccessor2.invoke(Unknown Source)
at sun.reflect.DelegatingMethodAccessorImpl.invoke(Unknown Source)
at java.lang.reflect.Method.invoke(Unknown Source)
at org.testng.internal.MethodInvocationHelper.invokeMethod(MethodInvocationHelper.java:124)
at org.testng.internal.Invoker.invokeMethod(Invoker.java:580)
at org.testng.internal.Invoker.invokeTestMethod(Invoker.java:716)
at org.testng.internal.TestMethodWithDataProviderMethodWorker.call(TestMethodWithDataProviderMethodWorker.java:71)
at org.testng.internal.TestMethodWithDataProviderMethodWorker.call(TestMethodWithDataProviderMethodWorker.java:14)
at java.util.concurrent.FutureTask.run(Unknown Source)
at java.util.concurrent.Executors$RunnableAdapter.call(Unknown Source)
at java.util.concurrent.FutureTask.run(Unknown Source)
at java.util.concurrent.ThreadPoolExecutor.runWorker(Unknown Source)
at java.util.concurrent.ThreadPoolExecutor$Worker.run(Unknown Source)
at java.lang.Thread.run(Unknown Source)
]]>
    </failure>
  </testcase> <!-- AccountCheck -->
  <testcase name="AccountCheck" time="35.526" classname="SupportClasses.Account_Lookup"/>
  <testcase name="AccountCheck" time="29.963" classname="SupportClasses.Account_Lookup"/>
  <testcase name="AccountCheck" time="16.161" classname="SupportClasses.Account_Lookup"/>
  <testcase name="AccountCheck" time="59.453" classname="SupportClasses.Account_Lookup">
    <failure type="java.lang.AssertionError" message="Initialisation of record 0xFD left 1295 bytes remaining still to be read.">
      <![CDATA[java.lang.AssertionError: Initialisation of record 0xFD left 1295 bytes remaining still to be read.
at org.testng.Assert.fail(Assert.java:96)
at SupportClasses.Account_Lookup.AccountCheck(Account_Lookup.java:58)
at sun.reflect.GeneratedMethodAccessor2.invoke(Unknown Source)
at sun.reflect.DelegatingMethodAccessorImpl.invoke(Unknown Source)
at java.lang.reflect.Method.invoke(Unknown Source)
at org.testng.internal.MethodInvocationHelper.invokeMethod(MethodInvocationHelper.java:124)
at org.testng.internal.Invoker.invokeMethod(Invoker.java:580)
at org.testng.internal.Invoker.invokeTestMethod(Invoker.java:716)
at org.testng.internal.TestMethodWithDataProviderMethodWorker.call(TestMethodWithDataProviderMethodWorker.java:71)
at org.testng.internal.TestMethodWithDataProviderMethodWorker.call(TestMethodWithDataProviderMethodWorker.java:14)
at java.util.concurrent.FutureTask.run(Unknown Source)
at java.util.concurrent.Executors$RunnableAdapter.call(Unknown Source)
at java.util.concurrent.FutureTask.run(Unknown Source)
at java.util.concurrent.ThreadPoolExecutor.runWorker(Unknown Source)
at java.util.concurrent.ThreadPoolExecutor$Worker.run(Unknown Source)
at java.lang.Thread.run(Unknown Source)
]]>
    </failure>
  </testcase> <!-- AccountCheck -->
  <testcase name="AccountCheck" time="21.200" classname="SupportClasses.Account_Lookup">
    <failure type="java.lang.AssertionError" message="null">
      <![CDATA[java.lang.AssertionError: null
at org.testng.Assert.fail(Assert.java:96)
at SupportClasses.Account_Lookup.AccountCheck(Account_Lookup.java:58)
at sun.reflect.GeneratedMethodAccessor2.invoke(Unknown Source)
at sun.reflect.DelegatingMethodAccessorImpl.invoke(Unknown Source)
at java.lang.reflect.Method.invoke(Unknown Source)
at org.testng.internal.MethodInvocationHelper.invokeMethod(MethodInvocationHelper.java:124)
at org.testng.internal.Invoker.invokeMethod(Invoker.java:580)
at org.testng.internal.Invoker.invokeTestMethod(Invoker.java:716)
at org.testng.internal.TestMethodWithDataProviderMethodWorker.call(TestMethodWithDataProviderMethodWorker.java:71)
at org.testng.internal.TestMethodWithDataProviderMethodWorker.call(TestMethodWithDataProviderMethodWorker.java:14)
at java.util.concurrent.FutureTask.run(Unknown Source)
at java.util.concurrent.Executors$RunnableAdapter.call(Unknown Source)
at java.util.concurrent.FutureTask.run(Unknown Source)
at java.util.concurrent.ThreadPoolExecutor.runWorker(Unknown Source)
at java.util.concurrent.ThreadPoolExecutor$Worker.run(Unknown Source)
at java.lang.Thread.run(Unknown Source)
]]>
    </failure>
  </testcase> <!-- AccountCheck -->
  <testcase name="AccountCheck" time="18.627" classname="SupportClasses.Account_Lookup">
    <failure type="java.lang.AssertionError" message="Initialisation of record 0xFD left 1295 bytes remaining still to be read.">
      <![CDATA[java.lang.AssertionError: Initialisation of record 0xFD left 1295 bytes remaining still to be read.
at org.testng.Assert.fail(Assert.java:96)
at SupportClasses.Account_Lookup.AccountCheck(Account_Lookup.java:58)
at sun.reflect.GeneratedMethodAccessor2.invoke(Unknown Source)
at sun.reflect.DelegatingMethodAccessorImpl.invoke(Unknown Source)
at java.lang.reflect.Method.invoke(Unknown Source)
at org.testng.internal.MethodInvocationHelper.invokeMethod(MethodInvocationHelper.java:124)
at org.testng.internal.Invoker.invokeMethod(Invoker.java:580)
at org.testng.internal.Invoker.invokeTestMethod(Invoker.java:716)
at org.testng.internal.TestMethodWithDataProviderMethodWorker.call(TestMethodWithDataProviderMethodWorker.java:71)
at org.testng.internal.TestMethodWithDataProviderMethodWorker.call(TestMethodWithDataProviderMethodWorker.java:14)
at java.util.concurrent.FutureTask.run(Unknown Source)
at java.util.concurrent.Executors$RunnableAdapter.call(Unknown Source)
at java.util.concurrent.FutureTask.run(Unknown Source)
at java.util.concurrent.ThreadPoolExecutor.runWorker(Unknown Source)
at java.util.concurrent.ThreadPoolExecutor$Worker.run(Unknown Source)
at java.lang.Thread.run(Unknown Source)
]]>
    </failure>
  </testcase> <!-- AccountCheck -->
  <testcase name="AccountCheck" time="25.397" classname="SupportClasses.Account_Lookup"/>
  <testcase name="AccountCheck" time="20.540" classname="SupportClasses.Account_Lookup"/>
  <testcase name="AccountCheck" time="13.757" classname="SupportClasses.Account_Lookup"/>
  <testcase name="AccountCheck" time="33.896" classname="SupportClasses.Account_Lookup"/>
  <testcase name="AccountCheck" time="20.373" classname="SupportClasses.Account_Lookup">
    <failure type="java.lang.AssertionError" message="null">
      <![CDATA[java.lang.AssertionError: null
at org.testng.Assert.fail(Assert.java:96)
at SupportClasses.Account_Lookup.AccountCheck(Account_Lookup.java:58)
at sun.reflect.GeneratedMethodAccessor2.invoke(Unknown Source)
at sun.reflect.DelegatingMethodAccessorImpl.invoke(Unknown Source)
at java.lang.reflect.Method.invoke(Unknown Source)
at org.testng.internal.MethodInvocationHelper.invokeMethod(MethodInvocationHelper.java:124)
at org.testng.internal.Invoker.invokeMethod(Invoker.java:580)
at org.testng.internal.Invoker.invokeTestMethod(Invoker.java:716)
at org.testng.internal.TestMethodWithDataProviderMethodWorker.call(TestMethodWithDataProviderMethodWorker.java:71)
at org.testng.internal.TestMethodWithDataProviderMethodWorker.call(TestMethodWithDataProviderMethodWorker.java:14)
at java.util.concurrent.FutureTask.run(Unknown Source)
at java.util.concurrent.Executors$RunnableAdapter.call(Unknown Source)
at java.util.concurrent.FutureTask.run(Unknown Source)
at java.util.concurrent.ThreadPoolExecutor.runWorker(Unknown Source)
at java.util.concurrent.ThreadPoolExecutor$Worker.run(Unknown Source)
at java.lang.Thread.run(Unknown Source)
]]>
    </failure>
  </testcase> <!-- AccountCheck -->
  <testcase name="AccountCheck" time="55.258" classname="SupportClasses.Account_Lookup"/>
  <testcase name="AccountCheck" time="9.687" classname="SupportClasses.Account_Lookup"/>
  <testcase name="AccountCheck" time="40.692" classname="SupportClasses.Account_Lookup"/>
  <testcase name="AccountCheck" time="13.270" classname="SupportClasses.Account_Lookup"/>
  <testcase name="AccountCheck" time="15.185" classname="SupportClasses.Account_Lookup"/>
  <testcase name="AccountCheck" time="29.335" classname="SupportClasses.Account_Lookup"/>
  <testcase name="AccountCheck" time="27.028" classname="SupportClasses.Account_Lookup"/>
  <testcase name="AccountCheck" time="21.016" classname="SupportClasses.Account_Lookup"/>
  <testcase name="AccountCheck" time="14.203" classname="SupportClasses.Account_Lookup"/>
  <testcase name="AccountCheck" time="30.172" classname="SupportClasses.Account_Lookup"/>
  <testcase name="AccountCheck" time="25.276" classname="SupportClasses.Account_Lookup"/>
  <testcase name="AccountCheck" time="19.834" classname="SupportClasses.Account_Lookup"/>
  <testcase name="AccountCheck" time="37.942" classname="SupportClasses.Account_Lookup"/>
  <testcase name="AccountCheck" time="47.375" classname="SupportClasses.Account_Lookup"/>
  <testcase name="AccountCheck" time="19.199" classname="SupportClasses.Account_Lookup"/>
  <testcase name="AccountCheck" time="38.554" classname="SupportClasses.Account_Lookup">
    <failure type="java.lang.AssertionError" message="Initialisation of record 0xFD left 1295 bytes remaining still to be read.">
      <![CDATA[java.lang.AssertionError: Initialisation of record 0xFD left 1295 bytes remaining still to be read.
at org.testng.Assert.fail(Assert.java:96)
at SupportClasses.Account_Lookup.AccountCheck(Account_Lookup.java:58)
at sun.reflect.GeneratedMethodAccessor2.invoke(Unknown Source)
at sun.reflect.DelegatingMethodAccessorImpl.invoke(Unknown Source)
at java.lang.reflect.Method.invoke(Unknown Source)
at org.testng.internal.MethodInvocationHelper.invokeMethod(MethodInvocationHelper.java:124)
at org.testng.internal.Invoker.invokeMethod(Invoker.java:580)
at org.testng.internal.Invoker.invokeTestMethod(Invoker.java:716)
at org.testng.internal.TestMethodWithDataProviderMethodWorker.call(TestMethodWithDataProviderMethodWorker.java:71)
at org.testng.internal.TestMethodWithDataProviderMethodWorker.call(TestMethodWithDataProviderMethodWorker.java:14)
at java.util.concurrent.FutureTask.run(Unknown Source)
at java.util.concurrent.Executors$RunnableAdapter.call(Unknown Source)
at java.util.concurrent.FutureTask.run(Unknown Source)
at java.util.concurrent.ThreadPoolExecutor.runWorker(Unknown Source)
at java.util.concurrent.ThreadPoolExecutor$Worker.run(Unknown Source)
at java.lang.Thread.run(Unknown Source)
]]>
    </failure>
  </testcase> <!-- AccountCheck -->
  <testcase name="AccountCheck" time="33.623" classname="SupportClasses.Account_Lookup">
    <failure type="java.lang.AssertionError" message="Initialisation of record 0xFD left 1295 bytes remaining still to be read.">
      <![CDATA[java.lang.AssertionError: Initialisation of record 0xFD left 1295 bytes remaining still to be read.
at org.testng.Assert.fail(Assert.java:96)
at SupportClasses.Account_Lookup.AccountCheck(Account_Lookup.java:58)
at sun.reflect.GeneratedMethodAccessor2.invoke(Unknown Source)
at sun.reflect.DelegatingMethodAccessorImpl.invoke(Unknown Source)
at java.lang.reflect.Method.invoke(Unknown Source)
at org.testng.internal.MethodInvocationHelper.invokeMethod(MethodInvocationHelper.java:124)
at org.testng.internal.Invoker.invokeMethod(Invoker.java:580)
at org.testng.internal.Invoker.invokeTestMethod(Invoker.java:716)
at org.testng.internal.TestMethodWithDataProviderMethodWorker.call(TestMethodWithDataProviderMethodWorker.java:71)
at org.testng.internal.TestMethodWithDataProviderMethodWorker.call(TestMethodWithDataProviderMethodWorker.java:14)
at java.util.concurrent.FutureTask.run(Unknown Source)
at java.util.concurrent.Executors$RunnableAdapter.call(Unknown Source)
at java.util.concurrent.FutureTask.run(Unknown Source)
at java.util.concurrent.ThreadPoolExecutor.runWorker(Unknown Source)
at java.util.concurrent.ThreadPoolExecutor$Worker.run(Unknown Source)
at java.lang.Thread.run(Unknown Source)
]]>
    </failure>
  </testcase> <!-- AccountCheck -->
  <testcase name="AccountCheck" time="11.386" classname="SupportClasses.Account_Lookup"/>
  <testcase name="AccountCheck" time="24.573" classname="SupportClasses.Account_Lookup"/>
  <testcase name="AccountCheck" time="9.207" classname="SupportClasses.Account_Lookup"/>
  <testcase name="AccountCheck" time="32.070" classname="SupportClasses.Account_Lookup">
    <failure type="java.lang.AssertionError" message="null">
      <![CDATA[java.lang.AssertionError: null
at org.testng.Assert.fail(Assert.java:96)
at SupportClasses.Account_Lookup.AccountCheck(Account_Lookup.java:58)
at sun.reflect.GeneratedMethodAccessor2.invoke(Unknown Source)
at sun.reflect.DelegatingMethodAccessorImpl.invoke(Unknown Source)
at java.lang.reflect.Method.invoke(Unknown Source)
at org.testng.internal.MethodInvocationHelper.invokeMethod(MethodInvocationHelper.java:124)
at org.testng.internal.Invoker.invokeMethod(Invoker.java:580)
at org.testng.internal.Invoker.invokeTestMethod(Invoker.java:716)
at org.testng.internal.TestMethodWithDataProviderMethodWorker.call(TestMethodWithDataProviderMethodWorker.java:71)
at org.testng.internal.TestMethodWithDataProviderMethodWorker.call(TestMethodWithDataProviderMethodWorker.java:14)
at java.util.concurrent.FutureTask.run(Unknown Source)
at java.util.concurrent.Executors$RunnableAdapter.call(Unknown Source)
at java.util.concurrent.FutureTask.run(Unknown Source)
at java.util.concurrent.ThreadPoolExecutor.runWorker(Unknown Source)
at java.util.concurrent.ThreadPoolExecutor$Worker.run(Unknown Source)
at java.lang.Thread.run(Unknown Source)
]]>
    </failure>
  </testcase> <!-- AccountCheck -->
  <testcase name="AccountCheck" time="32.243" classname="SupportClasses.Account_Lookup"/>
  <testcase name="AccountCheck" time="9.456" classname="SupportClasses.Account_Lookup"/>
  <testcase name="AccountCheck" time="4.659" classname="SupportClasses.Account_Lookup"/>
  <testcase name="AccountCheck" time="52.985" classname="SupportClasses.Account_Lookup"/>
  <testcase name="AccountCheck" time="10.613" classname="SupportClasses.Account_Lookup"/>
  <testcase name="AccountCheck" time="37.316" classname="SupportClasses.Account_Lookup"/>
  <testcase name="AccountCheck" time="49.470" classname="SupportClasses.Account_Lookup">
    <failure type="java.lang.AssertionError" message="Initialisation of record 0xFD left 1295 bytes remaining still to be read.">
      <![CDATA[java.lang.AssertionError: Initialisation of record 0xFD left 1295 bytes remaining still to be read.
at org.testng.Assert.fail(Assert.java:96)
at SupportClasses.Account_Lookup.AccountCheck(Account_Lookup.java:58)
at sun.reflect.GeneratedMethodAccessor2.invoke(Unknown Source)
at sun.reflect.DelegatingMethodAccessorImpl.invoke(Unknown Source)
at java.lang.reflect.Method.invoke(Unknown Source)
at org.testng.internal.MethodInvocationHelper.invokeMethod(MethodInvocationHelper.java:124)
at org.testng.internal.Invoker.invokeMethod(Invoker.java:580)
at org.testng.internal.Invoker.invokeTestMethod(Invoker.java:716)
at org.testng.internal.TestMethodWithDataProviderMethodWorker.call(TestMethodWithDataProviderMethodWorker.java:71)
at org.testng.internal.TestMethodWithDataProviderMethodWorker.call(TestMethodWithDataProviderMethodWorker.java:14)
at java.util.concurrent.FutureTask.run(Unknown Source)
at java.util.concurrent.Executors$RunnableAdapter.call(Unknown Source)
at java.util.concurrent.FutureTask.run(Unknown Source)
at java.util.concurrent.ThreadPoolExecutor.runWorker(Unknown Source)
at java.util.concurrent.ThreadPoolExecutor$Worker.run(Unknown Source)
at java.lang.Thread.run(Unknown Source)
]]>
    </failure>
  </testcase> <!-- AccountCheck -->
  <testcase name="AccountCheck" time="34.610" classname="SupportClasses.Account_Lookup"/>
  <testcase name="AccountCheck" time="17.972" classname="SupportClasses.Account_Lookup"/>
  <testcase name="AccountCheck" time="24.742" classname="SupportClasses.Account_Lookup"/>
  <testcase name="AccountCheck" time="58.911" classname="SupportClasses.Account_Lookup">
    <failure type="java.lang.AssertionError" message="Initialisation of record 0xFD left 1295 bytes remaining still to be read.">
      <![CDATA[java.lang.AssertionError: Initialisation of record 0xFD left 1295 bytes remaining still to be read.
at org.testng.Assert.fail(Assert.java:96)
at SupportClasses.Account_Lookup.AccountCheck(Account_Lookup.java:58)
at sun.reflect.GeneratedMethodAccessor2.invoke(Unknown Source)
at sun.reflect.DelegatingMethodAccessorImpl.invoke(Unknown Source)
at java.lang.reflect.Method.invoke(Unknown Source)
at org.testng.internal.MethodInvocationHelper.invokeMethod(MethodInvocationHelper.java:124)
at org.testng.internal.Invoker.invokeMethod(Invoker.java:580)
at org.testng.internal.Invoker.invokeTestMethod(Invoker.java:716)
at org.testng.internal.TestMethodWithDataProviderMethodWorker.call(TestMethodWithDataProviderMethodWorker.java:71)
at org.testng.internal.TestMethodWithDataProviderMethodWorker.call(TestMethodWithDataProviderMethodWorker.java:14)
at java.util.concurrent.FutureTask.run(Unknown Source)
at java.util.concurrent.Executors$RunnableAdapter.call(Unknown Source)
at java.util.concurrent.FutureTask.run(Unknown Source)
at java.util.concurrent.ThreadPoolExecutor.runWorker(Unknown Source)
at java.util.concurrent.ThreadPoolExecutor$Worker.run(Unknown Source)
at java.lang.Thread.run(Unknown Source)
]]>
    </failure>
  </testcase> <!-- AccountCheck -->
  <testcase name="AccountCheck" time="35.174" classname="SupportClasses.Account_Lookup"/>
  <testcase name="AccountCheck" time="7.261" classname="SupportClasses.Account_Lookup"/>
  <testcase name="AccountCheck" time="37.501" classname="SupportClasses.Account_Lookup">
    <failure type="java.lang.AssertionError" message="Initialisation of record 0xFD left 1295 bytes remaining still to be read.">
      <![CDATA[java.lang.AssertionError: Initialisation of record 0xFD left 1295 bytes remaining still to be read.
at org.testng.Assert.fail(Assert.java:96)
at SupportClasses.Account_Lookup.AccountCheck(Account_Lookup.java:58)
at sun.reflect.GeneratedMethodAccessor2.invoke(Unknown Source)
at sun.reflect.DelegatingMethodAccessorImpl.invoke(Unknown Source)
at java.lang.reflect.Method.invoke(Unknown Source)
at org.testng.internal.MethodInvocationHelper.invokeMethod(MethodInvocationHelper.java:124)
at org.testng.internal.Invoker.invokeMethod(Invoker.java:580)
at org.testng.internal.Invoker.invokeTestMethod(Invoker.java:716)
at org.testng.internal.TestMethodWithDataProviderMethodWorker.call(TestMethodWithDataProviderMethodWorker.java:71)
at org.testng.internal.TestMethodWithDataProviderMethodWorker.call(TestMethodWithDataProviderMethodWorker.java:14)
at java.util.concurrent.FutureTask.run(Unknown Source)
at java.util.concurrent.Executors$RunnableAdapter.call(Unknown Source)
at java.util.concurrent.FutureTask.run(Unknown Source)
at java.util.concurrent.ThreadPoolExecutor.runWorker(Unknown Source)
at java.util.concurrent.ThreadPoolExecutor$Worker.run(Unknown Source)
at java.lang.Thread.run(Unknown Source)
]]>
    </failure>
  </testcase> <!-- AccountCheck -->
  <testcase name="AccountCheck" time="7.432" classname="SupportClasses.Account_Lookup"/>
  <testcase name="AccountCheck" time="10.548" classname="SupportClasses.Account_Lookup"/>
  <testcase name="AccountCheck" time="28.493" classname="SupportClasses.Account_Lookup">
    <failure type="java.lang.AssertionError" message="Initialisation of record 0xFD left 1295 bytes remaining still to be read.">
      <![CDATA[java.lang.AssertionError: Initialisation of record 0xFD left 1295 bytes remaining still to be read.
at org.testng.Assert.fail(Assert.java:96)
at SupportClasses.Account_Lookup.AccountCheck(Account_Lookup.java:58)
at sun.reflect.GeneratedMethodAccessor2.invoke(Unknown Source)
at sun.reflect.DelegatingMethodAccessorImpl.invoke(Unknown Source)
at java.lang.reflect.Method.invoke(Unknown Source)
at org.testng.internal.MethodInvocationHelper.invokeMethod(MethodInvocationHelper.java:124)
at org.testng.internal.Invoker.invokeMethod(Invoker.java:580)
at org.testng.internal.Invoker.invokeTestMethod(Invoker.java:716)
at org.testng.internal.TestMethodWithDataProviderMethodWorker.call(TestMethodWithDataProviderMethodWorker.java:71)
at org.testng.internal.TestMethodWithDataProviderMethodWorker.call(TestMethodWithDataProviderMethodWorker.java:14)
at java.util.concurrent.FutureTask.run(Unknown Source)
at java.util.concurrent.Executors$RunnableAdapter.call(Unknown Source)
at java.util.concurrent.FutureTask.run(Unknown Source)
at java.util.concurrent.ThreadPoolExecutor.runWorker(Unknown Source)
at java.util.concurrent.ThreadPoolExecutor$Worker.run(Unknown Source)
at java.lang.Thread.run(Unknown Source)
]]>
    </failure>
  </testcase> <!-- AccountCheck -->
  <testcase name="AccountCheck" time="11.629" classname="SupportClasses.Account_Lookup"/>
  <testcase name="AccountCheck" time="19.784" classname="SupportClasses.Account_Lookup"/>
  <testcase name="AccountCheck" time="28.081" classname="SupportClasses.Account_Lookup"/>
  <testcase name="AccountCheck" time="15.031" classname="SupportClasses.Account_Lookup"/>
  <testcase name="AccountCheck" time="35.230" classname="SupportClasses.Account_Lookup"/>
  <testcase name="AccountCheck" time="28.724" classname="SupportClasses.Account_Lookup"/>
  <testcase name="AccountCheck" time="4.502" classname="SupportClasses.Account_Lookup"/>
  <testcase name="AccountCheck" time="34.431" classname="SupportClasses.Account_Lookup"/>
  <testcase name="AccountCheck" time="30.807" classname="SupportClasses.Account_Lookup"/>
  <testcase name="AccountCheck" time="25.247" classname="SupportClasses.Account_Lookup"/>
  <testcase name="AccountCheck" time="19.540" classname="SupportClasses.Account_Lookup"/>
  <testcase name="AccountCheck" time="22.236" classname="SupportClasses.Account_Lookup"/>
  <testcase name="AccountCheck" time="10.830" classname="SupportClasses.Account_Lookup"/>
  <testcase name="AccountCheck" time="20.256" classname="SupportClasses.Account_Lookup">
    <failure type="java.lang.AssertionError" message="Your file contains 901 sectors, but the initial DIFAT array at index 0 referenced block # 2503. This isn&#039;t allowed and  your file is corrupt">
      <![CDATA[java.lang.AssertionError: Your file contains 901 sectors, but the initial DIFAT array at index 0 referenced block # 2503. This isn't allowed and  your file is corrupt
at org.testng.Assert.fail(Assert.java:96)
at SupportClasses.Account_Lookup.AccountCheck(Account_Lookup.java:58)
at sun.reflect.GeneratedMethodAccessor2.invoke(Unknown Source)
at sun.reflect.DelegatingMethodAccessorImpl.invoke(Unknown Source)
at java.lang.reflect.Method.invoke(Unknown Source)
at org.testng.internal.MethodInvocationHelper.invokeMethod(MethodInvocationHelper.java:124)
at org.testng.internal.Invoker.invokeMethod(Invoker.java:580)
at org.testng.internal.Invoker.invokeTestMethod(Invoker.java:716)
at org.testng.internal.TestMethodWithDataProviderMethodWorker.call(TestMethodWithDataProviderMethodWorker.java:71)
at org.testng.internal.TestMethodWithDataProviderMethodWorker.call(TestMethodWithDataProviderMethodWorker.java:14)
at java.util.concurrent.FutureTask.run(Unknown Source)
at java.util.concurrent.Executors$RunnableAdapter.call(Unknown Source)
at java.util.concurrent.FutureTask.run(Unknown Source)
at java.util.concurrent.ThreadPoolExecutor.runWorker(Unknown Source)
at java.util.concurrent.ThreadPoolExecutor$Worker.run(Unknown Source)
at java.lang.Thread.run(Unknown Source)
]]>
    </failure>
  </testcase> <!-- AccountCheck -->
  <testcase name="AccountCheck" time="27.288" classname="SupportClasses.Account_Lookup">
    <failure type="java.lang.AssertionError" message="null">
      <![CDATA[java.lang.AssertionError: null
at org.testng.Assert.fail(Assert.java:96)
at SupportClasses.Account_Lookup.AccountCheck(Account_Lookup.java:58)
at sun.reflect.GeneratedMethodAccessor2.invoke(Unknown Source)
at sun.reflect.DelegatingMethodAccessorImpl.invoke(Unknown Source)
at java.lang.reflect.Method.invoke(Unknown Source)
at org.testng.internal.MethodInvocationHelper.invokeMethod(MethodInvocationHelper.java:124)
at org.testng.internal.Invoker.invokeMethod(Invoker.java:580)
at org.testng.internal.Invoker.invokeTestMethod(Invoker.java:716)
at org.testng.internal.TestMethodWithDataProviderMethodWorker.call(TestMethodWithDataProviderMethodWorker.java:71)
at org.testng.internal.TestMethodWithDataProviderMethodWorker.call(TestMethodWithDataProviderMethodWorker.java:14)
at java.util.concurrent.FutureTask.run(Unknown Source)
at java.util.concurrent.Executors$RunnableAdapter.call(Unknown Source)
at java.util.concurrent.FutureTask.run(Unknown Source)
at java.util.concurrent.ThreadPoolExecutor.runWorker(Unknown Source)
at java.util.concurrent.ThreadPoolExecutor$Worker.run(Unknown Source)
at java.lang.Thread.run(Unknown Source)
]]>
    </failure>
  </testcase> <!-- AccountCheck -->
  <testcase name="AccountCheck" time="6.399" classname="SupportClasses.Account_Lookup"/>
  <testcase name="AccountCheck" time="33.702" classname="SupportClasses.Account_Lookup"/>
  <testcase name="AccountCheck" time="9.235" classname="SupportClasses.Account_Lookup"/>
  <testcase name="AccountCheck" time="18.912" classname="SupportClasses.Account_Lookup"/>
  <testcase name="AccountCheck" time="8.888" classname="SupportClasses.Account_Lookup">
    <failure type="java.lang.AssertionError" message="null">
      <![CDATA[java.lang.AssertionError: null
at org.testng.Assert.fail(Assert.java:96)
at SupportClasses.Account_Lookup.AccountCheck(Account_Lookup.java:58)
at sun.reflect.GeneratedMethodAccessor2.invoke(Unknown Source)
at sun.reflect.DelegatingMethodAccessorImpl.invoke(Unknown Source)
at java.lang.reflect.Method.invoke(Unknown Source)
at org.testng.internal.MethodInvocationHelper.invokeMethod(MethodInvocationHelper.java:124)
at org.testng.internal.Invoker.invokeMethod(Invoker.java:580)
at org.testng.internal.Invoker.invokeTestMethod(Invoker.java:716)
at org.testng.internal.TestMethodWithDataProviderMethodWorker.call(TestMethodWithDataProviderMethodWorker.java:71)
at org.testng.internal.TestMethodWithDataProviderMethodWorker.call(TestMethodWithDataProviderMethodWorker.java:14)
at java.util.concurrent.FutureTask.run(Unknown Source)
at java.util.concurrent.Executors$RunnableAdapter.call(Unknown Source)
at java.util.concurrent.FutureTask.run(Unknown Source)
at java.util.concurrent.ThreadPoolExecutor.runWorker(Unknown Source)
at java.util.concurrent.ThreadPoolExecutor$Worker.run(Unknown Source)
at java.lang.Thread.run(Unknown Source)
]]>
    </failure>
  </testcase> <!-- AccountCheck -->
  <testcase name="AccountCheck" time="14.878" classname="SupportClasses.Account_Lookup"/>
  <testcase name="AccountCheck" time="24.163" classname="SupportClasses.Account_Lookup"/>
  <testcase name="AccountCheck" time="34.169" classname="SupportClasses.Account_Lookup"/>
  <testcase name="AccountCheck" time="39.796" classname="SupportClasses.Account_Lookup"/>
  <testcase name="AccountCheck" time="30.540" classname="SupportClasses.Account_Lookup"/>
  <testcase name="AccountCheck" time="58.380" classname="SupportClasses.Account_Lookup">
    <failure type="java.lang.AssertionError" message="Initialisation of record 0xFD left 1295 bytes remaining still to be read.">
      <![CDATA[java.lang.AssertionError: Initialisation of record 0xFD left 1295 bytes remaining still to be read.
at org.testng.Assert.fail(Assert.java:96)
at SupportClasses.Account_Lookup.AccountCheck(Account_Lookup.java:58)
at sun.reflect.GeneratedMethodAccessor2.invoke(Unknown Source)
at sun.reflect.DelegatingMethodAccessorImpl.invoke(Unknown Source)
at java.lang.reflect.Method.invoke(Unknown Source)
at org.testng.internal.MethodInvocationHelper.invokeMethod(MethodInvocationHelper.java:124)
at org.testng.internal.Invoker.invokeMethod(Invoker.java:580)
at org.testng.internal.Invoker.invokeTestMethod(Invoker.java:716)
at org.testng.internal.TestMethodWithDataProviderMethodWorker.call(TestMethodWithDataProviderMethodWorker.java:71)
at org.testng.internal.TestMethodWithDataProviderMethodWorker.call(TestMethodWithDataProviderMethodWorker.java:14)
at java.util.concurrent.FutureTask.run(Unknown Source)
at java.util.concurrent.Executors$RunnableAdapter.call(Unknown Source)
at java.util.concurrent.FutureTask.run(Unknown Source)
at java.util.concurrent.ThreadPoolExecutor.runWorker(Unknown Source)
at java.util.concurrent.ThreadPoolExecutor$Worker.run(Unknown Source)
at java.lang.Thread.run(Unknown Source)
]]>
    </failure>
  </testcase> <!-- AccountCheck -->
  <testcase name="AccountCheck" time="4.762" classname="SupportClasses.Account_Lookup"/>
  <testcase name="AccountCheck" time="40.298" classname="SupportClasses.Account_Lookup"/>
  <testcase name="AccountCheck" time="30.490" classname="SupportClasses.Account_Lookup"/>
  <testcase name="AccountCheck" time="24.731" classname="SupportClasses.Account_Lookup"/>
  <testcase name="AccountCheck" time="13.332" classname="SupportClasses.Account_Lookup"/>
  <testcase name="AccountCheck" time="28.302" classname="SupportClasses.Account_Lookup">
    <failure type="java.lang.AssertionError" message="Initialisation of record 0xFD left 1295 bytes remaining still to be read.">
      <![CDATA[java.lang.AssertionError: Initialisation of record 0xFD left 1295 bytes remaining still to be read.
at org.testng.Assert.fail(Assert.java:96)
at SupportClasses.Account_Lookup.AccountCheck(Account_Lookup.java:58)
at sun.reflect.GeneratedMethodAccessor2.invoke(Unknown Source)
at sun.reflect.DelegatingMethodAccessorImpl.invoke(Unknown Source)
at java.lang.reflect.Method.invoke(Unknown Source)
at org.testng.internal.MethodInvocationHelper.invokeMethod(MethodInvocationHelper.java:124)
at org.testng.internal.Invoker.invokeMethod(Invoker.java:580)
at org.testng.internal.Invoker.invokeTestMethod(Invoker.java:716)
at org.testng.internal.TestMethodWithDataProviderMethodWorker.call(TestMethodWithDataProviderMethodWorker.java:71)
at org.testng.internal.TestMethodWithDataProviderMethodWorker.call(TestMethodWithDataProviderMethodWorker.java:14)
at java.util.concurrent.FutureTask.run(Unknown Source)
at java.util.concurrent.Executors$RunnableAdapter.call(Unknown Source)
at java.util.concurrent.FutureTask.run(Unknown Source)
at java.util.concurrent.ThreadPoolExecutor.runWorker(Unknown Source)
at java.util.concurrent.ThreadPoolExecutor$Worker.run(Unknown Source)
at java.lang.Thread.run(Unknown Source)
]]>
    </failure>
  </testcase> <!-- AccountCheck -->
  <testcase name="AccountCheck" time="8.652" classname="SupportClasses.Account_Lookup"/>
  <testcase name="AccountCheck" time="19.870" classname="SupportClasses.Account_Lookup"/>
  <testcase name="AccountCheck" time="14.068" classname="SupportClasses.Account_Lookup"/>
  <testcase name="AccountCheck" time="31.450" classname="SupportClasses.Account_Lookup"/>
  <testcase name="AccountCheck" time="25.510" classname="SupportClasses.Account_Lookup">
    <failure type="java.lang.AssertionError" message="null">
      <![CDATA[java.lang.AssertionError: null
at org.testng.Assert.fail(Assert.java:96)
at SupportClasses.Account_Lookup.AccountCheck(Account_Lookup.java:58)
at sun.reflect.GeneratedMethodAccessor2.invoke(Unknown Source)
at sun.reflect.DelegatingMethodAccessorImpl.invoke(Unknown Source)
at java.lang.reflect.Method.invoke(Unknown Source)
at org.testng.internal.MethodInvocationHelper.invokeMethod(MethodInvocationHelper.java:124)
at org.testng.internal.Invoker.invokeMethod(Invoker.java:580)
at org.testng.internal.Invoker.invokeTestMethod(Invoker.java:716)
at org.testng.internal.TestMethodWithDataProviderMethodWorker.call(TestMethodWithDataProviderMethodWorker.java:71)
at org.testng.internal.TestMethodWithDataProviderMethodWorker.call(TestMethodWithDataProviderMethodWorker.java:14)
at java.util.concurrent.FutureTask.run(Unknown Source)
at java.util.concurrent.Executors$RunnableAdapter.call(Unknown Source)
at java.util.concurrent.FutureTask.run(Unknown Source)
at java.util.concurrent.ThreadPoolExecutor.runWorker(Unknown Source)
at java.util.concurrent.ThreadPoolExecutor$Worker.run(Unknown Source)
at java.lang.Thread.run(Unknown Source)
]]>
    </failure>
  </testcase> <!-- AccountCheck -->
  <testcase name="AccountCheck" time="10.675" classname="SupportClasses.Account_Lookup"/>
  <testcase name="AccountCheck" time="15.203" classname="SupportClasses.Account_Lookup"/>
  <testcase name="AccountCheck" time="36.674" classname="SupportClasses.Account_Lookup"/>
  <testcase name="AccountCheck" time="25.917" classname="SupportClasses.Account_Lookup"/>
  <testcase name="AccountCheck" time="26.431" classname="SupportClasses.Account_Lookup"/>
  <testcase name="AccountCheck" time="25.525" classname="SupportClasses.Account_Lookup"/>
  <testcase name="AccountCheck" time="40.272" classname="SupportClasses.Account_Lookup"/>
  <testcase name="AccountCheck" time="35.164" classname="SupportClasses.Account_Lookup"/>
  <testcase name="AccountCheck" time="4.625" classname="SupportClasses.Account_Lookup"/>
  <testcase name="AccountCheck" time="7.032" classname="SupportClasses.Account_Lookup"/>
  <testcase name="AccountCheck" time="34.141" classname="SupportClasses.Account_Lookup"/>
  <testcase name="AccountCheck" time="34.175" classname="SupportClasses.Account_Lookup"/>
  <testcase name="AccountCheck" time="7.711" classname="SupportClasses.Account_Lookup">
    <failure type="java.lang.AssertionError" message="Initialisation of record 0xFD left 1295 bytes remaining still to be read.">
      <![CDATA[java.lang.AssertionError: Initialisation of record 0xFD left 1295 bytes remaining still to be read.
at org.testng.Assert.fail(Assert.java:96)
at SupportClasses.Account_Lookup.AccountCheck(Account_Lookup.java:58)
at sun.reflect.GeneratedMethodAccessor2.invoke(Unknown Source)
at sun.reflect.DelegatingMethodAccessorImpl.invoke(Unknown Source)
at java.lang.reflect.Method.invoke(Unknown Source)
at org.testng.internal.MethodInvocationHelper.invokeMethod(MethodInvocationHelper.java:124)
at org.testng.internal.Invoker.invokeMethod(Invoker.java:580)
at org.testng.internal.Invoker.invokeTestMethod(Invoker.java:716)
at org.testng.internal.TestMethodWithDataProviderMethodWorker.call(TestMethodWithDataProviderMethodWorker.java:71)
at org.testng.internal.TestMethodWithDataProviderMethodWorker.call(TestMethodWithDataProviderMethodWorker.java:14)
at java.util.concurrent.FutureTask.run(Unknown Source)
at java.util.concurrent.Executors$RunnableAdapter.call(Unknown Source)
at java.util.concurrent.FutureTask.run(Unknown Source)
at java.util.concurrent.ThreadPoolExecutor.runWorker(Unknown Source)
at java.util.concurrent.ThreadPoolExecutor$Worker.run(Unknown Source)
at java.lang.Thread.run(Unknown Source)
]]>
    </failure>
  </testcase> <!-- AccountCheck -->
  <testcase name="AccountCheck" time="59.152" classname="SupportClasses.Account_Lookup">
    <failure type="java.lang.AssertionError" message="Initialisation of record 0xFD left 1295 bytes remaining still to be read.">
      <![CDATA[java.lang.AssertionError: Initialisation of record 0xFD left 1295 bytes remaining still to be read.
at org.testng.Assert.fail(Assert.java:96)
at SupportClasses.Account_Lookup.AccountCheck(Account_Lookup.java:58)
at sun.reflect.GeneratedMethodAccessor2.invoke(Unknown Source)
at sun.reflect.DelegatingMethodAccessorImpl.invoke(Unknown Source)
at java.lang.reflect.Method.invoke(Unknown Source)
at org.testng.internal.MethodInvocationHelper.invokeMethod(MethodInvocationHelper.java:124)
at org.testng.internal.Invoker.invokeMethod(Invoker.java:580)
at org.testng.internal.Invoker.invokeTestMethod(Invoker.java:716)
at org.testng.internal.TestMethodWithDataProviderMethodWorker.call(TestMethodWithDataProviderMethodWorker.java:71)
at org.testng.internal.TestMethodWithDataProviderMethodWorker.call(TestMethodWithDataProviderMethodWorker.java:14)
at java.util.concurrent.FutureTask.run(Unknown Source)
at java.util.concurrent.Executors$RunnableAdapter.call(Unknown Source)
at java.util.concurrent.FutureTask.run(Unknown Source)
at java.util.concurrent.ThreadPoolExecutor.runWorker(Unknown Source)
at java.util.concurrent.ThreadPoolExecutor$Worker.run(Unknown Source)
at java.lang.Thread.run(Unknown Source)
]]>
    </failure>
  </testcase> <!-- AccountCheck -->
  <testcase name="AccountCheck" time="20.172" classname="SupportClasses.Account_Lookup"/>
  <testcase name="AccountCheck" time="25.692" classname="SupportClasses.Account_Lookup"/>
  <testcase name="AccountCheck" time="7.005" classname="SupportClasses.Account_Lookup"/>
  <testcase name="AccountCheck" time="28.080" classname="SupportClasses.Account_Lookup"/>
  <testcase name="AccountCheck" time="14.434" classname="SupportClasses.Account_Lookup"/>
  <testcase name="AccountCheck" time="34.265" classname="SupportClasses.Account_Lookup"/>
  <testcase name="AccountCheck" time="29.221" classname="SupportClasses.Account_Lookup"/>
  <testcase name="AccountCheck" time="17.503" classname="SupportClasses.Account_Lookup">
    <failure type="java.lang.AssertionError" message="null">
      <![CDATA[java.lang.AssertionError: null
at org.testng.Assert.fail(Assert.java:96)
at SupportClasses.Account_Lookup.AccountCheck(Account_Lookup.java:58)
at sun.reflect.GeneratedMethodAccessor2.invoke(Unknown Source)
at sun.reflect.DelegatingMethodAccessorImpl.invoke(Unknown Source)
at java.lang.reflect.Method.invoke(Unknown Source)
at org.testng.internal.MethodInvocationHelper.invokeMethod(MethodInvocationHelper.java:124)
at org.testng.internal.Invoker.invokeMethod(Invoker.java:580)
at org.testng.internal.Invoker.invokeTestMethod(Invoker.java:716)
at org.testng.internal.TestMethodWithDataProviderMethodWorker.call(TestMethodWithDataProviderMethodWorker.java:71)
at org.testng.internal.TestMethodWithDataProviderMethodWorker.call(TestMethodWithDataProviderMethodWorker.java:14)
at java.util.concurrent.FutureTask.run(Unknown Source)
at java.util.concurrent.Executors$RunnableAdapter.call(Unknown Source)
at java.util.concurrent.FutureTask.run(Unknown Source)
at java.util.concurrent.ThreadPoolExecutor.runWorker(Unknown Source)
at java.util.concurrent.ThreadPoolExecutor$Worker.run(Unknown Source)
at java.lang.Thread.run(Unknown Source)
]]>
    </failure>
  </testcase> <!-- AccountCheck -->
  <testcase name="AccountCheck" time="35.723" classname="SupportClasses.Account_Lookup"/>
  <testcase name="AccountCheck" time="7.469" classname="SupportClasses.Account_Lookup">
    <failure type="java.lang.AssertionError" message="null">
      <![CDATA[java.lang.AssertionError: null
at org.testng.Assert.fail(Assert.java:96)
at SupportClasses.Account_Lookup.AccountCheck(Account_Lookup.java:58)
at sun.reflect.GeneratedMethodAccessor2.invoke(Unknown Source)
at sun.reflect.DelegatingMethodAccessorImpl.invoke(Unknown Source)
at java.lang.reflect.Method.invoke(Unknown Source)
at org.testng.internal.MethodInvocationHelper.invokeMethod(MethodInvocationHelper.java:124)
at org.testng.internal.Invoker.invokeMethod(Invoker.java:580)
at org.testng.internal.Invoker.invokeTestMethod(Invoker.java:716)
at org.testng.internal.TestMethodWithDataProviderMethodWorker.call(TestMethodWithDataProviderMethodWorker.java:71)
at org.testng.internal.TestMethodWithDataProviderMethodWorker.call(TestMethodWithDataProviderMethodWorker.java:14)
at java.util.concurrent.FutureTask.run(Unknown Source)
at java.util.concurrent.Executors$RunnableAdapter.call(Unknown Source)
at java.util.concurrent.FutureTask.run(Unknown Source)
at java.util.concurrent.ThreadPoolExecutor.runWorker(Unknown Source)
at java.util.concurrent.ThreadPoolExecutor$Worker.run(Unknown Source)
at java.lang.Thread.run(Unknown Source)
]]>
    </failure>
  </testcase> <!-- AccountCheck -->
  <testcase name="AccountCheck" time="16.530" classname="SupportClasses.Account_Lookup"/>
  <testcase name="AccountCheck" time="30.040" classname="SupportClasses.Account_Lookup"/>
  <testcase name="AccountCheck" time="31.725" classname="SupportClasses.Account_Lookup"/>
  <testcase name="AccountCheck" time="13.363" classname="SupportClasses.Account_Lookup"/>
  <testcase name="AccountCheck" time="36.476" classname="SupportClasses.Account_Lookup"/>
  <testcase name="AccountCheck" time="24.953" classname="SupportClasses.Account_Lookup"/>
  <testcase name="AccountCheck" time="18.888" classname="SupportClasses.Account_Lookup"/>
  <testcase name="AccountCheck" time="25.752" classname="SupportClasses.Account_Lookup"/>
  <testcase name="AccountCheck" time="8.218" classname="SupportClasses.Account_Lookup">
    <failure type="java.lang.AssertionError" message="Initialisation of record 0xFD left 1295 bytes remaining still to be read.">
      <![CDATA[java.lang.AssertionError: Initialisation of record 0xFD left 1295 bytes remaining still to be read.
at org.testng.Assert.fail(Assert.java:96)
at SupportClasses.Account_Lookup.AccountCheck(Account_Lookup.java:58)
at sun.reflect.GeneratedMethodAccessor2.invoke(Unknown Source)
at sun.reflect.DelegatingMethodAccessorImpl.invoke(Unknown Source)
at java.lang.reflect.Method.invoke(Unknown Source)
at org.testng.internal.MethodInvocationHelper.invokeMethod(MethodInvocationHelper.java:124)
at org.testng.internal.Invoker.invokeMethod(Invoker.java:580)
at org.testng.internal.Invoker.invokeTestMethod(Invoker.java:716)
at org.testng.internal.TestMethodWithDataProviderMethodWorker.call(TestMethodWithDataProviderMethodWorker.java:71)
at org.testng.internal.TestMethodWithDataProviderMethodWorker.call(TestMethodWithDataProviderMethodWorker.java:14)
at java.util.concurrent.FutureTask.run(Unknown Source)
at java.util.concurrent.Executors$RunnableAdapter.call(Unknown Source)
at java.util.concurrent.FutureTask.run(Unknown Source)
at java.util.concurrent.ThreadPoolExecutor.runWorker(Unknown Source)
at java.util.concurrent.ThreadPoolExecutor$Worker.run(Unknown Source)
at java.lang.Thread.run(Unknown Source)
]]>
    </failure>
  </testcase> <!-- AccountCheck -->
  <testcase name="AccountCheck" time="32.104" classname="SupportClasses.Account_Lookup"/>
  <testcase name="AccountCheck" time="5.826" classname="SupportClasses.Account_Lookup">
    <failure type="java.lang.AssertionError" message="null">
      <![CDATA[java.lang.AssertionError: null
at org.testng.Assert.fail(Assert.java:96)
at SupportClasses.Account_Lookup.AccountCheck(Account_Lookup.java:58)
at sun.reflect.GeneratedMethodAccessor2.invoke(Unknown Source)
at sun.reflect.DelegatingMethodAccessorImpl.invoke(Unknown Source)
at java.lang.reflect.Method.invoke(Unknown Source)
at org.testng.internal.MethodInvocationHelper.invokeMethod(MethodInvocationHelper.java:124)
at org.testng.internal.Invoker.invokeMethod(Invoker.java:580)
at org.testng.internal.Invoker.invokeTestMethod(Invoker.java:716)
at org.testng.internal.TestMethodWithDataProviderMethodWorker.call(TestMethodWithDataProviderMethodWorker.java:71)
at org.testng.internal.TestMethodWithDataProviderMethodWorker.call(TestMethodWithDataProviderMethodWorker.java:14)
at java.util.concurrent.FutureTask.run(Unknown Source)
at java.util.concurrent.Executors$RunnableAdapter.call(Unknown Source)
at java.util.concurrent.FutureTask.run(Unknown Source)
at java.util.concurrent.ThreadPoolExecutor.runWorker(Unknown Source)
at java.util.concurrent.ThreadPoolExecutor$Worker.run(Unknown Source)
at java.lang.Thread.run(Unknown Source)
]]>
    </failure>
  </testcase> <!-- AccountCheck -->
  <testcase name="AccountCheck" time="14.060" classname="SupportClasses.Account_Lookup"/>
  <testcase name="AccountCheck" time="14.701" classname="SupportClasses.Account_Lookup"/>
  <testcase name="AccountCheck" time="5.604" classname="SupportClasses.Account_Lookup"/>
  <testcase name="AccountCheck" time="16.225" classname="SupportClasses.Account_Lookup"/>
  <testcase name="AccountCheck" time="6.883" classname="SupportClasses.Account_Lookup"/>
  <testcase name="AccountCheck" time="9.923" classname="SupportClasses.Account_Lookup"/>
  <testcase name="AccountCheck" time="25.691" classname="SupportClasses.Account_Lookup"/>
  <testcase name="AccountCheck" time="29.647" classname="SupportClasses.Account_Lookup"/>
  <testcase name="AccountCheck" time="41.486" classname="SupportClasses.Account_Lookup">
    <failure type="java.lang.AssertionError" message="Unable to read entire header; 0 bytes read; expected 512 bytes">
      <![CDATA[java.lang.AssertionError: Unable to read entire header; 0 bytes read; expected 512 bytes
at org.testng.Assert.fail(Assert.java:96)
at SupportClasses.Account_Lookup.AccountCheck(Account_Lookup.java:58)
at sun.reflect.GeneratedMethodAccessor2.invoke(Unknown Source)
at sun.reflect.DelegatingMethodAccessorImpl.invoke(Unknown Source)
at java.lang.reflect.Method.invoke(Unknown Source)
at org.testng.internal.MethodInvocationHelper.invokeMethod(MethodInvocationHelper.java:124)
at org.testng.internal.Invoker.invokeMethod(Invoker.java:580)
at org.testng.internal.Invoker.invokeTestMethod(Invoker.java:716)
at org.testng.internal.TestMethodWithDataProviderMethodWorker.call(TestMethodWithDataProviderMethodWorker.java:71)
at org.testng.internal.TestMethodWithDataProviderMethodWorker.call(TestMethodWithDataProviderMethodWorker.java:14)
at java.util.concurrent.FutureTask.run(Unknown Source)
at java.util.concurrent.Executors$RunnableAdapter.call(Unknown Source)
at java.util.concurrent.FutureTask.run(Unknown Source)
at java.util.concurrent.ThreadPoolExecutor.runWorker(Unknown Source)
at java.util.concurrent.ThreadPoolExecutor$Worker.run(Unknown Source)
at java.lang.Thread.run(Unknown Source)
]]>
    </failure>
  </testcase> <!-- AccountCheck -->
  <testcase name="AccountCheck" time="32.955" classname="SupportClasses.Account_Lookup"/>
  <testcase name="AccountCheck" time="17.447" classname="SupportClasses.Account_Lookup">
    <failure type="java.lang.AssertionError" message="Initialisation of record 0xFD left 1295 bytes remaining still to be read.">
      <![CDATA[java.lang.AssertionError: Initialisation of record 0xFD left 1295 bytes remaining still to be read.
at org.testng.Assert.fail(Assert.java:96)
at SupportClasses.Account_Lookup.AccountCheck(Account_Lookup.java:58)
at sun.reflect.GeneratedMethodAccessor2.invoke(Unknown Source)
at sun.reflect.DelegatingMethodAccessorImpl.invoke(Unknown Source)
at java.lang.reflect.Method.invoke(Unknown Source)
at org.testng.internal.MethodInvocationHelper.invokeMethod(MethodInvocationHelper.java:124)
at org.testng.internal.Invoker.invokeMethod(Invoker.java:580)
at org.testng.internal.Invoker.invokeTestMethod(Invoker.java:716)
at org.testng.internal.TestMethodWithDataProviderMethodWorker.call(TestMethodWithDataProviderMethodWorker.java:71)
at org.testng.internal.TestMethodWithDataProviderMethodWorker.call(TestMethodWithDataProviderMethodWorker.java:14)
at java.util.concurrent.FutureTask.run(Unknown Source)
at java.util.concurrent.Executors$RunnableAdapter.call(Unknown Source)
at java.util.concurrent.FutureTask.run(Unknown Source)
at java.util.concurrent.ThreadPoolExecutor.runWorker(Unknown Source)
at java.util.concurrent.ThreadPoolExecutor$Worker.run(Unknown Source)
at java.lang.Thread.run(Unknown Source)
]]>
    </failure>
  </testcase> <!-- AccountCheck -->
  <testcase name="AccountCheck" time="7.240" classname="SupportClasses.Account_Lookup"/>
  <testcase name="AccountCheck" time="32.731" classname="SupportClasses.Account_Lookup"/>
  <testcase name="AccountCheck" time="24.994" classname="SupportClasses.Account_Lookup"/>
  <testcase name="AccountCheck" time="37.586" classname="SupportClasses.Account_Lookup"/>
  <testcase name="AccountCheck" time="9.944" classname="SupportClasses.Account_Lookup"/>
  <testcase name="AccountCheck" time="48.338" classname="SupportClasses.Account_Lookup">
    <failure type="java.lang.AssertionError" message="Initialisation of record 0xFD left 1295 bytes remaining still to be read.">
      <![CDATA[java.lang.AssertionError: Initialisation of record 0xFD left 1295 bytes remaining still to be read.
at org.testng.Assert.fail(Assert.java:96)
at SupportClasses.Account_Lookup.AccountCheck(Account_Lookup.java:58)
at sun.reflect.GeneratedMethodAccessor2.invoke(Unknown Source)
at sun.reflect.DelegatingMethodAccessorImpl.invoke(Unknown Source)
at java.lang.reflect.Method.invoke(Unknown Source)
at org.testng.internal.MethodInvocationHelper.invokeMethod(MethodInvocationHelper.java:124)
at org.testng.internal.Invoker.invokeMethod(Invoker.java:580)
at org.testng.internal.Invoker.invokeTestMethod(Invoker.java:716)
at org.testng.internal.TestMethodWithDataProviderMethodWorker.call(TestMethodWithDataProviderMethodWorker.java:71)
at org.testng.internal.TestMethodWithDataProviderMethodWorker.call(TestMethodWithDataProviderMethodWorker.java:14)
at java.util.concurrent.FutureTask.run(Unknown Source)
at java.util.concurrent.Executors$RunnableAdapter.call(Unknown Source)
at java.util.concurrent.FutureTask.run(Unknown Source)
at java.util.concurrent.ThreadPoolExecutor.runWorker(Unknown Source)
at java.util.concurrent.ThreadPoolExecutor$Worker.run(Unknown Source)
at java.lang.Thread.run(Unknown Source)
]]>
    </failure>
  </testcase> <!-- AccountCheck -->
  <testcase name="AccountCheck" time="34.686" classname="SupportClasses.Account_Lookup"/>
  <testcase name="AccountCheck" time="27.717" classname="SupportClasses.Account_Lookup">
    <failure type="java.lang.AssertionError" message="null">
      <![CDATA[java.lang.AssertionError: null
at org.testng.Assert.fail(Assert.java:96)
at SupportClasses.Account_Lookup.AccountCheck(Account_Lookup.java:58)
at sun.reflect.GeneratedMethodAccessor2.invoke(Unknown Source)
at sun.reflect.DelegatingMethodAccessorImpl.invoke(Unknown Source)
at java.lang.reflect.Method.invoke(Unknown Source)
at org.testng.internal.MethodInvocationHelper.invokeMethod(MethodInvocationHelper.java:124)
at org.testng.internal.Invoker.invokeMethod(Invoker.java:580)
at org.testng.internal.Invoker.invokeTestMethod(Invoker.java:716)
at org.testng.internal.TestMethodWithDataProviderMethodWorker.call(TestMethodWithDataProviderMethodWorker.java:71)
at org.testng.internal.TestMethodWithDataProviderMethodWorker.call(TestMethodWithDataProviderMethodWorker.java:14)
at java.util.concurrent.FutureTask.run(Unknown Source)
at java.util.concurrent.Executors$RunnableAdapter.call(Unknown Source)
at java.util.concurrent.FutureTask.run(Unknown Source)
at java.util.concurrent.ThreadPoolExecutor.runWorker(Unknown Source)
at java.util.concurrent.ThreadPoolExecutor$Worker.run(Unknown Source)
at java.lang.Thread.run(Unknown Source)
]]>
    </failure>
  </testcase> <!-- AccountCheck -->
  <testcase name="AccountCheck" time="15.305" classname="SupportClasses.Account_Lookup"/>
  <testcase name="AccountCheck" time="13.998" classname="SupportClasses.Account_Lookup"/>
  <testcase name="AccountCheck" time="13.027" classname="SupportClasses.Account_Lookup"/>
  <testcase name="AccountCheck" time="50.255" classname="SupportClasses.Account_Lookup">
    <failure type="java.lang.AssertionError" message="Initialisation of record 0xFD left 1295 bytes remaining still to be read.">
      <![CDATA[java.lang.AssertionError: Initialisation of record 0xFD left 1295 bytes remaining still to be read.
at org.testng.Assert.fail(Assert.java:96)
at SupportClasses.Account_Lookup.AccountCheck(Account_Lookup.java:58)
at sun.reflect.GeneratedMethodAccessor2.invoke(Unknown Source)
at sun.reflect.DelegatingMethodAccessorImpl.invoke(Unknown Source)
at java.lang.reflect.Method.invoke(Unknown Source)
at org.testng.internal.MethodInvocationHelper.invokeMethod(MethodInvocationHelper.java:124)
at org.testng.internal.Invoker.invokeMethod(Invoker.java:580)
at org.testng.internal.Invoker.invokeTestMethod(Invoker.java:716)
at org.testng.internal.TestMethodWithDataProviderMethodWorker.call(TestMethodWithDataProviderMethodWorker.java:71)
at org.testng.internal.TestMethodWithDataProviderMethodWorker.call(TestMethodWithDataProviderMethodWorker.java:14)
at java.util.concurrent.FutureTask.run(Unknown Source)
at java.util.concurrent.Executors$RunnableAdapter.call(Unknown Source)
at java.util.concurrent.FutureTask.run(Unknown Source)
at java.util.concurrent.ThreadPoolExecutor.runWorker(Unknown Source)
at java.util.concurrent.ThreadPoolExecutor$Worker.run(Unknown Source)
at java.lang.Thread.run(Unknown Source)
]]>
    </failure>
  </testcase> <!-- AccountCheck -->
  <testcase name="AccountCheck" time="28.721" classname="SupportClasses.Account_Lookup"/>
  <testcase name="AccountCheck" time="4.924" classname="SupportClasses.Account_Lookup"/>
  <testcase name="AccountCheck" time="28.290" classname="SupportClasses.Account_Lookup">
    <failure type="java.lang.AssertionError" message="Initialisation of record 0xFD left 1295 bytes remaining still to be read.">
      <![CDATA[java.lang.AssertionError: Initialisation of record 0xFD left 1295 bytes remaining still to be read.
at org.testng.Assert.fail(Assert.java:96)
at SupportClasses.Account_Lookup.AccountCheck(Account_Lookup.java:58)
at sun.reflect.GeneratedMethodAccessor2.invoke(Unknown Source)
at sun.reflect.DelegatingMethodAccessorImpl.invoke(Unknown Source)
at java.lang.reflect.Method.invoke(Unknown Source)
at org.testng.internal.MethodInvocationHelper.invokeMethod(MethodInvocationHelper.java:124)
at org.testng.internal.Invoker.invokeMethod(Invoker.java:580)
at org.testng.internal.Invoker.invokeTestMethod(Invoker.java:716)
at org.testng.internal.TestMethodWithDataProviderMethodWorker.call(TestMethodWithDataProviderMethodWorker.java:71)
at org.testng.internal.TestMethodWithDataProviderMethodWorker.call(TestMethodWithDataProviderMethodWorker.java:14)
at java.util.concurrent.FutureTask.run(Unknown Source)
at java.util.concurrent.Executors$RunnableAdapter.call(Unknown Source)
at java.util.concurrent.FutureTask.run(Unknown Source)
at java.util.concurrent.ThreadPoolExecutor.runWorker(Unknown Source)
at java.util.concurrent.ThreadPoolExecutor$Worker.run(Unknown Source)
at java.lang.Thread.run(Unknown Source)
]]>
    </failure>
  </testcase> <!-- AccountCheck -->
  <testcase name="AccountCheck" time="19.426" classname="SupportClasses.Account_Lookup"/>
  <testcase name="AccountCheck" time="28.294" classname="SupportClasses.Account_Lookup">
    <failure type="java.lang.AssertionError" message="null">
      <![CDATA[java.lang.AssertionError: null
at org.testng.Assert.fail(Assert.java:96)
at SupportClasses.Account_Lookup.AccountCheck(Account_Lookup.java:58)
at sun.reflect.GeneratedMethodAccessor2.invoke(Unknown Source)
at sun.reflect.DelegatingMethodAccessorImpl.invoke(Unknown Source)
at java.lang.reflect.Method.invoke(Unknown Source)
at org.testng.internal.MethodInvocationHelper.invokeMethod(MethodInvocationHelper.java:124)
at org.testng.internal.Invoker.invokeMethod(Invoker.java:580)
at org.testng.internal.Invoker.invokeTestMethod(Invoker.java:716)
at org.testng.internal.TestMethodWithDataProviderMethodWorker.call(TestMethodWithDataProviderMethodWorker.java:71)
at org.testng.internal.TestMethodWithDataProviderMethodWorker.call(TestMethodWithDataProviderMethodWorker.java:14)
at java.util.concurrent.FutureTask.run(Unknown Source)
at java.util.concurrent.Executors$RunnableAdapter.call(Unknown Source)
at java.util.concurrent.FutureTask.run(Unknown Source)
at java.util.concurrent.ThreadPoolExecutor.runWorker(Unknown Source)
at java.util.concurrent.ThreadPoolExecutor$Worker.run(Unknown Source)
at java.lang.Thread.run(Unknown Source)
]]>
    </failure>
  </testcase> <!-- AccountCheck -->
  <testcase name="AccountCheck" time="22.514" classname="SupportClasses.Account_Lookup"/>
  <testcase name="AccountCheck" time="30.883" classname="SupportClasses.Account_Lookup"/>
  <testcase name="AccountCheck" time="45.885" classname="SupportClasses.Account_Lookup"/>
  <testcase name="AccountCheck" time="15.076" classname="SupportClasses.Account_Lookup"/>
  <testcase name="AccountCheck" time="17.092" classname="SupportClasses.Account_Lookup"/>
  <testcase name="AccountCheck" time="6.667" classname="SupportClasses.Account_Lookup"/>
  <testcase name="AccountCheck" time="20.885" classname="SupportClasses.Account_Lookup"/>
  <testcase name="AccountCheck" time="13.883" classname="SupportClasses.Account_Lookup"/>
  <testcase name="AccountCheck" time="41.887" classname="SupportClasses.Account_Lookup">
    <failure type="java.lang.AssertionError" message="null">
      <![CDATA[java.lang.AssertionError: null
at org.testng.Assert.fail(Assert.java:96)
at SupportClasses.Account_Lookup.AccountCheck(Account_Lookup.java:58)
at sun.reflect.GeneratedMethodAccessor2.invoke(Unknown Source)
at sun.reflect.DelegatingMethodAccessorImpl.invoke(Unknown Source)
at java.lang.reflect.Method.invoke(Unknown Source)
at org.testng.internal.MethodInvocationHelper.invokeMethod(MethodInvocationHelper.java:124)
at org.testng.internal.Invoker.invokeMethod(Invoker.java:580)
at org.testng.internal.Invoker.invokeTestMethod(Invoker.java:716)
at org.testng.internal.TestMethodWithDataProviderMethodWorker.call(TestMethodWithDataProviderMethodWorker.java:71)
at org.testng.internal.TestMethodWithDataProviderMethodWorker.call(TestMethodWithDataProviderMethodWorker.java:14)
at java.util.concurrent.FutureTask.run(Unknown Source)
at java.util.concurrent.Executors$RunnableAdapter.call(Unknown Source)
at java.util.concurrent.FutureTask.run(Unknown Source)
at java.util.concurrent.ThreadPoolExecutor.runWorker(Unknown Source)
at java.util.concurrent.ThreadPoolExecutor$Worker.run(Unknown Source)
at java.lang.Thread.run(Unknown Source)
]]>
    </failure>
  </testcase> <!-- AccountCheck -->
  <testcase name="AccountCheck" time="34.092" classname="SupportClasses.Account_Lookup"/>
  <testcase name="AccountCheck" time="21.588" classname="SupportClasses.Account_Lookup"/>
  <testcase name="AccountCheck" time="37.004" classname="SupportClasses.Account_Lookup"/>
  <testcase name="AccountCheck" time="10.544" classname="SupportClasses.Account_Lookup"/>
  <testcase name="AccountCheck" time="24.795" classname="SupportClasses.Account_Lookup"/>
  <testcase name="AccountCheck" time="19.619" classname="SupportClasses.Account_Lookup"/>
  <testcase name="AccountCheck" time="19.414" classname="SupportClasses.Account_Lookup"/>
  <testcase name="AccountCheck" time="51.320" classname="SupportClasses.Account_Lookup"/>
  <testcase name="AccountCheck" time="29.964" classname="SupportClasses.Account_Lookup"/>
  <testcase name="AccountCheck" time="20.008" classname="SupportClasses.Account_Lookup">
    <failure type="java.lang.AssertionError" message="Initialisation of record 0xFD left 1295 bytes remaining still to be read.">
      <![CDATA[java.lang.AssertionError: Initialisation of record 0xFD left 1295 bytes remaining still to be read.
at org.testng.Assert.fail(Assert.java:96)
at SupportClasses.Account_Lookup.AccountCheck(Account_Lookup.java:58)
at sun.reflect.GeneratedMethodAccessor2.invoke(Unknown Source)
at sun.reflect.DelegatingMethodAccessorImpl.invoke(Unknown Source)
at java.lang.reflect.Method.invoke(Unknown Source)
at org.testng.internal.MethodInvocationHelper.invokeMethod(MethodInvocationHelper.java:124)
at org.testng.internal.Invoker.invokeMethod(Invoker.java:580)
at org.testng.internal.Invoker.invokeTestMethod(Invoker.java:716)
at org.testng.internal.TestMethodWithDataProviderMethodWorker.call(TestMethodWithDataProviderMethodWorker.java:71)
at org.testng.internal.TestMethodWithDataProviderMethodWorker.call(TestMethodWithDataProviderMethodWorker.java:14)
at java.util.concurrent.FutureTask.run(Unknown Source)
at java.util.concurrent.Executors$RunnableAdapter.call(Unknown Source)
at java.util.concurrent.FutureTask.run(Unknown Source)
at java.util.concurrent.ThreadPoolExecutor.runWorker(Unknown Source)
at java.util.concurrent.ThreadPoolExecutor$Worker.run(Unknown Source)
at java.lang.Thread.run(Unknown Source)
]]>
    </failure>
  </testcase> <!-- AccountCheck -->
  <testcase name="AccountCheck" time="23.258" classname="SupportClasses.Account_Lookup"/>
  <testcase name="AccountCheck" time="34.714" classname="SupportClasses.Account_Lookup"/>
  <testcase name="AccountCheck" time="41.572" classname="SupportClasses.Account_Lookup"/>
  <testcase name="AccountCheck" time="29.536" classname="SupportClasses.Account_Lookup"/>
  <testcase name="AccountCheck" time="14.121" classname="SupportClasses.Account_Lookup"/>
  <testcase name="AccountCheck" time="47.456" classname="SupportClasses.Account_Lookup"/>
  <testcase name="AccountCheck" time="30.473" classname="SupportClasses.Account_Lookup">
    <failure type="java.lang.AssertionError" message="null">
      <![CDATA[java.lang.AssertionError: null
at org.testng.Assert.fail(Assert.java:96)
at SupportClasses.Account_Lookup.AccountCheck(Account_Lookup.java:58)
at sun.reflect.GeneratedMethodAccessor2.invoke(Unknown Source)
at sun.reflect.DelegatingMethodAccessorImpl.invoke(Unknown Source)
at java.lang.reflect.Method.invoke(Unknown Source)
at org.testng.internal.MethodInvocationHelper.invokeMethod(MethodInvocationHelper.java:124)
at org.testng.internal.Invoker.invokeMethod(Invoker.java:580)
at org.testng.internal.Invoker.invokeTestMethod(Invoker.java:716)
at org.testng.internal.TestMethodWithDataProviderMethodWorker.call(TestMethodWithDataProviderMethodWorker.java:71)
at org.testng.internal.TestMethodWithDataProviderMethodWorker.call(TestMethodWithDataProviderMethodWorker.java:14)
at java.util.concurrent.FutureTask.run(Unknown Source)
at java.util.concurrent.Executors$RunnableAdapter.call(Unknown Source)
at java.util.concurrent.FutureTask.run(Unknown Source)
at java.util.concurrent.ThreadPoolExecutor.runWorker(Unknown Source)
at java.util.concurrent.ThreadPoolExecutor$Worker.run(Unknown Source)
at java.lang.Thread.run(Unknown Source)
]]>
    </failure>
  </testcase> <!-- AccountCheck -->
  <testcase name="AccountCheck" time="31.031" classname="SupportClasses.Account_Lookup"/>
  <testcase name="AccountCheck" time="4.174" classname="SupportClasses.Account_Lookup"/>
  <testcase name="AccountCheck" time="36.192" classname="SupportClasses.Account_Lookup"/>
  <testcase name="AccountCheck" time="10.672" classname="SupportClasses.Account_Lookup"/>
  <testcase name="AccountCheck" time="15.401" classname="SupportClasses.Account_Lookup"/>
  <testcase name="AccountCheck" time="14.876" classname="SupportClasses.Account_Lookup"/>
  <testcase name="AccountCheck" time="26.107" classname="SupportClasses.Account_Lookup"/>
  <testcase name="AccountCheck" time="10.495" classname="SupportClasses.Account_Lookup">
    <failure type="java.lang.AssertionError" message="Your file contains 305 sectors, but the initial DIFAT array at index 0 referenced block # 1495. This isn&#039;t allowed and  your file is corrupt">
      <![CDATA[java.lang.AssertionError: Your file contains 305 sectors, but the initial DIFAT array at index 0 referenced block # 1495. This isn't allowed and  your file is corrupt
at org.testng.Assert.fail(Assert.java:96)
at SupportClasses.Account_Lookup.AccountCheck(Account_Lookup.java:58)
at sun.reflect.GeneratedMethodAccessor2.invoke(Unknown Source)
at sun.reflect.DelegatingMethodAccessorImpl.invoke(Unknown Source)
at java.lang.reflect.Method.invoke(Unknown Source)
at org.testng.internal.MethodInvocationHelper.invokeMethod(MethodInvocationHelper.java:124)
at org.testng.internal.Invoker.invokeMethod(Invoker.java:580)
at org.testng.internal.Invoker.invokeTestMethod(Invoker.java:716)
at org.testng.internal.TestMethodWithDataProviderMethodWorker.call(TestMethodWithDataProviderMethodWorker.java:71)
at org.testng.internal.TestMethodWithDataProviderMethodWorker.call(TestMethodWithDataProviderMethodWorker.java:14)
at java.util.concurrent.FutureTask.run(Unknown Source)
at java.util.concurrent.Executors$RunnableAdapter.call(Unknown Source)
at java.util.concurrent.FutureTask.run(Unknown Source)
at java.util.concurrent.ThreadPoolExecutor.runWorker(Unknown Source)
at java.util.concurrent.ThreadPoolExecutor$Worker.run(Unknown Source)
at java.lang.Thread.run(Unknown Source)
]]>
    </failure>
  </testcase> <!-- AccountCheck -->
  <testcase name="AccountCheck" time="28.696" classname="SupportClasses.Account_Lookup"/>
  <testcase name="AccountCheck" time="9.489" classname="SupportClasses.Account_Lookup"/>
  <testcase name="AccountCheck" time="59.610" classname="SupportClasses.Account_Lookup">
    <failure type="java.lang.AssertionError" message="Initialisation of record 0xFD left 1295 bytes remaining still to be read.">
      <![CDATA[java.lang.AssertionError: Initialisation of record 0xFD left 1295 bytes remaining still to be read.
at org.testng.Assert.fail(Assert.java:96)
at SupportClasses.Account_Lookup.AccountCheck(Account_Lookup.java:58)
at sun.reflect.GeneratedMethodAccessor2.invoke(Unknown Source)
at sun.reflect.DelegatingMethodAccessorImpl.invoke(Unknown Source)
at java.lang.reflect.Method.invoke(Unknown Source)
at org.testng.internal.MethodInvocationHelper.invokeMethod(MethodInvocationHelper.java:124)
at org.testng.internal.Invoker.invokeMethod(Invoker.java:580)
at org.testng.internal.Invoker.invokeTestMethod(Invoker.java:716)
at org.testng.internal.TestMethodWithDataProviderMethodWorker.call(TestMethodWithDataProviderMethodWorker.java:71)
at org.testng.internal.TestMethodWithDataProviderMethodWorker.call(TestMethodWithDataProviderMethodWorker.java:14)
at java.util.concurrent.FutureTask.run(Unknown Source)
at java.util.concurrent.Executors$RunnableAdapter.call(Unknown Source)
at java.util.concurrent.FutureTask.run(Unknown Source)
at java.util.concurrent.ThreadPoolExecutor.runWorker(Unknown Source)
at java.util.concurrent.ThreadPoolExecutor$Worker.run(Unknown Source)
at java.lang.Thread.run(Unknown Source)
]]>
    </failure>
  </testcase> <!-- AccountCheck -->
  <testcase name="AccountCheck" time="16.508" classname="SupportClasses.Account_Lookup"/>
  <testcase name="AccountCheck" time="25.065" classname="SupportClasses.Account_Lookup"/>
  <testcase name="AccountCheck" time="35.821" classname="SupportClasses.Account_Lookup"/>
  <testcase name="AccountCheck" time="34.703" classname="SupportClasses.Account_Lookup"/>
  <testcase name="AccountCheck" time="11.328" classname="SupportClasses.Account_Lookup"/>
  <testcase name="AccountCheck" time="43.913" classname="SupportClasses.Account_Lookup">
    <failure type="java.lang.AssertionError" message="Initialisation of record 0xFD left 1295 bytes remaining still to be read.">
      <![CDATA[java.lang.AssertionError: Initialisation of record 0xFD left 1295 bytes remaining still to be read.
at org.testng.Assert.fail(Assert.java:96)
at SupportClasses.Account_Lookup.AccountCheck(Account_Lookup.java:58)
at sun.reflect.GeneratedMethodAccessor2.invoke(Unknown Source)
at sun.reflect.DelegatingMethodAccessorImpl.invoke(Unknown Source)
at java.lang.reflect.Method.invoke(Unknown Source)
at org.testng.internal.MethodInvocationHelper.invokeMethod(MethodInvocationHelper.java:124)
at org.testng.internal.Invoker.invokeMethod(Invoker.java:580)
at org.testng.internal.Invoker.invokeTestMethod(Invoker.java:716)
at org.testng.internal.TestMethodWithDataProviderMethodWorker.call(TestMethodWithDataProviderMethodWorker.java:71)
at org.testng.internal.TestMethodWithDataProviderMethodWorker.call(TestMethodWithDataProviderMethodWorker.java:14)
at java.util.concurrent.FutureTask.run(Unknown Source)
at java.util.concurrent.Executors$RunnableAdapter.call(Unknown Source)
at java.util.concurrent.FutureTask.run(Unknown Source)
at java.util.concurrent.ThreadPoolExecutor.runWorker(Unknown Source)
at java.util.concurrent.ThreadPoolExecutor$Worker.run(Unknown Source)
at java.lang.Thread.run(Unknown Source)
]]>
    </failure>
  </testcase> <!-- AccountCheck -->
  <testcase name="AccountCheck" time="35.171" classname="SupportClasses.Account_Lookup"/>
  <testcase name="AccountCheck" time="9.203" classname="SupportClasses.Account_Lookup">
    <failure type="java.lang.AssertionError" message="Initialisation of record 0xFD left 1295 bytes remaining still to be read.">
      <![CDATA[java.lang.AssertionError: Initialisation of record 0xFD left 1295 bytes remaining still to be read.
at org.testng.Assert.fail(Assert.java:96)
at SupportClasses.Account_Lookup.AccountCheck(Account_Lookup.java:58)
at sun.reflect.GeneratedMethodAccessor2.invoke(Unknown Source)
at sun.reflect.DelegatingMethodAccessorImpl.invoke(Unknown Source)
at java.lang.reflect.Method.invoke(Unknown Source)
at org.testng.internal.MethodInvocationHelper.invokeMethod(MethodInvocationHelper.java:124)
at org.testng.internal.Invoker.invokeMethod(Invoker.java:580)
at org.testng.internal.Invoker.invokeTestMethod(Invoker.java:716)
at org.testng.internal.TestMethodWithDataProviderMethodWorker.call(TestMethodWithDataProviderMethodWorker.java:71)
at org.testng.internal.TestMethodWithDataProviderMethodWorker.call(TestMethodWithDataProviderMethodWorker.java:14)
at java.util.concurrent.FutureTask.run(Unknown Source)
at java.util.concurrent.Executors$RunnableAdapter.call(Unknown Source)
at java.util.concurrent.FutureTask.run(Unknown Source)
at java.util.concurrent.ThreadPoolExecutor.runWorker(Unknown Source)
at java.util.concurrent.ThreadPoolExecutor$Worker.run(Unknown Source)
at java.lang.Thread.run(Unknown Source)
]]>
    </failure>
  </testcase> <!-- AccountCheck -->
  <testcase name="AccountCheck" time="17.250" classname="SupportClasses.Account_Lookup"/>
  <testcase name="AccountCheck" time="28.835" classname="SupportClasses.Account_Lookup"/>
  <testcase name="AccountCheck" time="40.111" classname="SupportClasses.Account_Lookup"/>
  <testcase name="AccountCheck" time="14.955" classname="SupportClasses.Account_Lookup"/>
  <testcase name="AccountCheck" time="28.706" classname="SupportClasses.Account_Lookup"/>
  <testcase name="AccountCheck" time="39.080" classname="SupportClasses.Account_Lookup">
    <failure type="java.lang.AssertionError" message="Initialisation of record 0xFD left 1295 bytes remaining still to be read.">
      <![CDATA[java.lang.AssertionError: Initialisation of record 0xFD left 1295 bytes remaining still to be read.
at org.testng.Assert.fail(Assert.java:96)
at SupportClasses.Account_Lookup.AccountCheck(Account_Lookup.java:58)
at sun.reflect.GeneratedMethodAccessor2.invoke(Unknown Source)
at sun.reflect.DelegatingMethodAccessorImpl.invoke(Unknown Source)
at java.lang.reflect.Method.invoke(Unknown Source)
at org.testng.internal.MethodInvocationHelper.invokeMethod(MethodInvocationHelper.java:124)
at org.testng.internal.Invoker.invokeMethod(Invoker.java:580)
at org.testng.internal.Invoker.invokeTestMethod(Invoker.java:716)
at org.testng.internal.TestMethodWithDataProviderMethodWorker.call(TestMethodWithDataProviderMethodWorker.java:71)
at org.testng.internal.TestMethodWithDataProviderMethodWorker.call(TestMethodWithDataProviderMethodWorker.java:14)
at java.util.concurrent.FutureTask.run(Unknown Source)
at java.util.concurrent.Executors$RunnableAdapter.call(Unknown Source)
at java.util.concurrent.FutureTask.run(Unknown Source)
at java.util.concurrent.ThreadPoolExecutor.runWorker(Unknown Source)
at java.util.concurrent.ThreadPoolExecutor$Worker.run(Unknown Source)
at java.lang.Thread.run(Unknown Source)
]]>
    </failure>
  </testcase> <!-- AccountCheck -->
  <testcase name="AccountCheck" time="20.200" classname="SupportClasses.Account_Lookup"/>
  <testcase name="AccountCheck" time="5.506" classname="SupportClasses.Account_Lookup">
    <failure type="java.lang.AssertionError" message="null">
      <![CDATA[java.lang.AssertionError: null
at org.testng.Assert.fail(Assert.java:96)
at SupportClasses.Account_Lookup.AccountCheck(Account_Lookup.java:58)
at sun.reflect.GeneratedMethodAccessor2.invoke(Unknown Source)
at sun.reflect.DelegatingMethodAccessorImpl.invoke(Unknown Source)
at java.lang.reflect.Method.invoke(Unknown Source)
at org.testng.internal.MethodInvocationHelper.invokeMethod(MethodInvocationHelper.java:124)
at org.testng.internal.Invoker.invokeMethod(Invoker.java:580)
at org.testng.internal.Invoker.invokeTestMethod(Invoker.java:716)
at org.testng.internal.TestMethodWithDataProviderMethodWorker.call(TestMethodWithDataProviderMethodWorker.java:71)
at org.testng.internal.TestMethodWithDataProviderMethodWorker.call(TestMethodWithDataProviderMethodWorker.java:14)
at java.util.concurrent.FutureTask.run(Unknown Source)
at java.util.concurrent.Executors$RunnableAdapter.call(Unknown Source)
at java.util.concurrent.FutureTask.run(Unknown Source)
at java.util.concurrent.ThreadPoolExecutor.runWorker(Unknown Source)
at java.util.concurrent.ThreadPoolExecutor$Worker.run(Unknown Source)
at java.lang.Thread.run(Unknown Source)
]]>
    </failure>
  </testcase> <!-- AccountCheck -->
  <testcase name="AccountCheck" time="38.770" classname="SupportClasses.Account_Lookup">
    <failure type="java.lang.AssertionError" message="null">
      <![CDATA[java.lang.AssertionError: null
at org.testng.Assert.fail(Assert.java:96)
at SupportClasses.Account_Lookup.AccountCheck(Account_Lookup.java:58)
at sun.reflect.GeneratedMethodAccessor2.invoke(Unknown Source)
at sun.reflect.DelegatingMethodAccessorImpl.invoke(Unknown Source)
at java.lang.reflect.Method.invoke(Unknown Source)
at org.testng.internal.MethodInvocationHelper.invokeMethod(MethodInvocationHelper.java:124)
at org.testng.internal.Invoker.invokeMethod(Invoker.java:580)
at org.testng.internal.Invoker.invokeTestMethod(Invoker.java:716)
at org.testng.internal.TestMethodWithDataProviderMethodWorker.call(TestMethodWithDataProviderMethodWorker.java:71)
at org.testng.internal.TestMethodWithDataProviderMethodWorker.call(TestMethodWithDataProviderMethodWorker.java:14)
at java.util.concurrent.FutureTask.run(Unknown Source)
at java.util.concurrent.Executors$RunnableAdapter.call(Unknown Source)
at java.util.concurrent.FutureTask.run(Unknown Source)
at java.util.concurrent.ThreadPoolExecutor.runWorker(Unknown Source)
at java.util.concurrent.ThreadPoolExecutor$Worker.run(Unknown Source)
at java.lang.Thread.run(Unknown Source)
]]>
    </failure>
  </testcase> <!-- AccountCheck -->
  <testcase name="AccountCheck" time="5.589" classname="SupportClasses.Account_Lookup"/>
  <testcase name="AccountCheck" time="8.472" classname="SupportClasses.Account_Lookup">
    <failure type="java.lang.AssertionError" message="Initialisation of record 0xFD left 1295 bytes remaining still to be read.">
      <![CDATA[java.lang.AssertionError: Initialisation of record 0xFD left 1295 bytes remaining still to be read.
at org.testng.Assert.fail(Assert.java:96)
at SupportClasses.Account_Lookup.AccountCheck(Account_Lookup.java:58)
at sun.reflect.GeneratedMethodAccessor2.invoke(Unknown Source)
at sun.reflect.DelegatingMethodAccessorImpl.invoke(Unknown Source)
at java.lang.reflect.Method.invoke(Unknown Source)
at org.testng.internal.MethodInvocationHelper.invokeMethod(MethodInvocationHelper.java:124)
at org.testng.internal.Invoker.invokeMethod(Invoker.java:580)
at org.testng.internal.Invoker.invokeTestMethod(Invoker.java:716)
at org.testng.internal.TestMethodWithDataProviderMethodWorker.call(TestMethodWithDataProviderMethodWorker.java:71)
at org.testng.internal.TestMethodWithDataProviderMethodWorker.call(TestMethodWithDataProviderMethodWorker.java:14)
at java.util.concurrent.FutureTask.run(Unknown Source)
at java.util.concurrent.Executors$RunnableAdapter.call(Unknown Source)
at java.util.concurrent.FutureTask.run(Unknown Source)
at java.util.concurrent.ThreadPoolExecutor.runWorker(Unknown Source)
at java.util.concurrent.ThreadPoolExecutor$Worker.run(Unknown Source)
at java.lang.Thread.run(Unknown Source)
]]>
    </failure>
  </testcase> <!-- AccountCheck -->
  <testcase name="AccountCheck" time="9.231" classname="SupportClasses.Account_Lookup"/>
  <testcase name="AccountCheck" time="24.831" classname="SupportClasses.Account_Lookup"/>
  <testcase name="AccountCheck" time="26.131" classname="SupportClasses.Account_Lookup"/>
  <testcase name="AccountCheck" time="48.675" classname="SupportClasses.Account_Lookup">
    <failure type="java.lang.AssertionError" message="Initialisation of record 0xFD left 1295 bytes remaining still to be read.">
      <![CDATA[java.lang.AssertionError: Initialisation of record 0xFD left 1295 bytes remaining still to be read.
at org.testng.Assert.fail(Assert.java:96)
at SupportClasses.Account_Lookup.AccountCheck(Account_Lookup.java:58)
at sun.reflect.GeneratedMethodAccessor2.invoke(Unknown Source)
at sun.reflect.DelegatingMethodAccessorImpl.invoke(Unknown Source)
at java.lang.reflect.Method.invoke(Unknown Source)
at org.testng.internal.MethodInvocationHelper.invokeMethod(MethodInvocationHelper.java:124)
at org.testng.internal.Invoker.invokeMethod(Invoker.java:580)
at org.testng.internal.Invoker.invokeTestMethod(Invoker.java:716)
at org.testng.internal.TestMethodWithDataProviderMethodWorker.call(TestMethodWithDataProviderMethodWorker.java:71)
at org.testng.internal.TestMethodWithDataProviderMethodWorker.call(TestMethodWithDataProviderMethodWorker.java:14)
at java.util.concurrent.FutureTask.run(Unknown Source)
at java.util.concurrent.Executors$RunnableAdapter.call(Unknown Source)
at java.util.concurrent.FutureTask.run(Unknown Source)
at java.util.concurrent.ThreadPoolExecutor.runWorker(Unknown Source)
at java.util.concurrent.ThreadPoolExecutor$Worker.run(Unknown Source)
at java.lang.Thread.run(Unknown Source)
]]>
    </failure>
  </testcase> <!-- AccountCheck -->
  <testcase name="AccountCheck" time="47.836" classname="SupportClasses.Account_Lookup">
    <failure type="java.lang.AssertionError" message="Initialisation of record 0xFD left 1295 bytes remaining still to be read.">
      <![CDATA[java.lang.AssertionError: Initialisation of record 0xFD left 1295 bytes remaining still to be read.
at org.testng.Assert.fail(Assert.java:96)
at SupportClasses.Account_Lookup.AccountCheck(Account_Lookup.java:58)
at sun.reflect.GeneratedMethodAccessor2.invoke(Unknown Source)
at sun.reflect.DelegatingMethodAccessorImpl.invoke(Unknown Source)
at java.lang.reflect.Method.invoke(Unknown Source)
at org.testng.internal.MethodInvocationHelper.invokeMethod(MethodInvocationHelper.java:124)
at org.testng.internal.Invoker.invokeMethod(Invoker.java:580)
at org.testng.internal.Invoker.invokeTestMethod(Invoker.java:716)
at org.testng.internal.TestMethodWithDataProviderMethodWorker.call(TestMethodWithDataProviderMethodWorker.java:71)
at org.testng.internal.TestMethodWithDataProviderMethodWorker.call(TestMethodWithDataProviderMethodWorker.java:14)
at java.util.concurrent.FutureTask.run(Unknown Source)
at java.util.concurrent.Executors$RunnableAdapter.call(Unknown Source)
at java.util.concurrent.FutureTask.run(Unknown Source)
at java.util.concurrent.ThreadPoolExecutor.runWorker(Unknown Source)
at java.util.concurrent.ThreadPoolExecutor$Worker.run(Unknown Source)
at java.lang.Thread.run(Unknown Source)
]]>
    </failure>
  </testcase> <!-- AccountCheck -->
  <testcase name="AccountCheck" time="32.481" classname="SupportClasses.Account_Lookup"/>
  <testcase name="AccountCheck" time="25.121" classname="SupportClasses.Account_Lookup"/>
  <testcase name="AccountCheck" time="19.373" classname="SupportClasses.Account_Lookup"/>
  <testcase name="AccountCheck" time="4.503" classname="SupportClasses.Account_Lookup"/>
  <testcase name="AccountCheck" time="10.875" classname="SupportClasses.Account_Lookup"/>
  <testcase name="AccountCheck" time="5.452" classname="SupportClasses.Account_Lookup"/>
  <testcase name="AccountCheck" time="24.778" classname="SupportClasses.Account_Lookup"/>
  <testcase name="AccountCheck" time="35.528" classname="SupportClasses.Account_Lookup">
    <failure type="java.lang.AssertionError" message="Your file contains 406 sectors, but the initial DIFAT array at index 0 referenced block # 3086. This isn&#039;t allowed and  your file is corrupt">
      <![CDATA[java.lang.AssertionError: Your file contains 406 sectors, but the initial DIFAT array at index 0 referenced block # 3086. This isn't allowed and  your file is corrupt
at org.testng.Assert.fail(Assert.java:96)
at SupportClasses.Account_Lookup.AccountCheck(Account_Lookup.java:58)
at sun.reflect.GeneratedMethodAccessor2.invoke(Unknown Source)
at sun.reflect.DelegatingMethodAccessorImpl.invoke(Unknown Source)
at java.lang.reflect.Method.invoke(Unknown Source)
at org.testng.internal.MethodInvocationHelper.invokeMethod(MethodInvocationHelper.java:124)
at org.testng.internal.Invoker.invokeMethod(Invoker.java:580)
at org.testng.internal.Invoker.invokeTestMethod(Invoker.java:716)
at org.testng.internal.TestMethodWithDataProviderMethodWorker.call(TestMethodWithDataProviderMethodWorker.java:71)
at org.testng.internal.TestMethodWithDataProviderMethodWorker.call(TestMethodWithDataProviderMethodWorker.java:14)
at java.util.concurrent.FutureTask.run(Unknown Source)
at java.util.concurrent.Executors$RunnableAdapter.call(Unknown Source)
at java.util.concurrent.FutureTask.run(Unknown Source)
at java.util.concurrent.ThreadPoolExecutor.runWorker(Unknown Source)
at java.util.concurrent.ThreadPoolExecutor$Worker.run(Unknown Source)
at java.lang.Thread.run(Unknown Source)
]]>
    </failure>
  </testcase> <!-- AccountCheck -->
  <testcase name="AccountCheck" time="5.892" classname="SupportClasses.Account_Lookup"/>
  <testcase name="AccountCheck" time="50.031" classname="SupportClasses.Account_Lookup"/>
  <testcase name="AccountCheck" time="35.984" classname="SupportClasses.Account_Lookup"/>
  <testcase name="AccountCheck" time="38.084" classname="SupportClasses.Account_Lookup"/>
  <testcase name="AccountCheck" time="37.069" classname="SupportClasses.Account_Lookup"/>
  <testcase name="AccountCheck" time="19.405" classname="SupportClasses.Account_Lookup">
    <failure type="java.lang.AssertionError" message="Initialisation of record 0xFD left 1295 bytes remaining still to be read.">
      <![CDATA[java.lang.AssertionError: Initialisation of record 0xFD left 1295 bytes remaining still to be read.
at org.testng.Assert.fail(Assert.java:96)
at SupportClasses.Account_Lookup.AccountCheck(Account_Lookup.java:58)
at sun.reflect.GeneratedMethodAccessor2.invoke(Unknown Source)
at sun.reflect.DelegatingMethodAccessorImpl.invoke(Unknown Source)
at java.lang.reflect.Method.invoke(Unknown Source)
at org.testng.internal.MethodInvocationHelper.invokeMethod(MethodInvocationHelper.java:124)
at org.testng.internal.Invoker.invokeMethod(Invoker.java:580)
at org.testng.internal.Invoker.invokeTestMethod(Invoker.java:716)
at org.testng.internal.TestMethodWithDataProviderMethodWorker.call(TestMethodWithDataProviderMethodWorker.java:71)
at org.testng.internal.TestMethodWithDataProviderMethodWorker.call(TestMethodWithDataProviderMethodWorker.java:14)
at java.util.concurrent.FutureTask.run(Unknown Source)
at java.util.concurrent.Executors$RunnableAdapter.call(Unknown Source)
at java.util.concurrent.FutureTask.run(Unknown Source)
at java.util.concurrent.ThreadPoolExecutor.runWorker(Unknown Source)
at java.util.concurrent.ThreadPoolExecutor$Worker.run(Unknown Source)
at java.lang.Thread.run(Unknown Source)
]]>
    </failure>
  </testcase> <!-- AccountCheck -->
  <testcase name="AccountCheck" time="9.241" classname="SupportClasses.Account_Lookup">
    <failure type="java.lang.AssertionError" message="Your file contains 731 sectors, but the initial DIFAT array at index 0 referenced block # 2852. This isn&#039;t allowed and  your file is corrupt">
      <![CDATA[java.lang.AssertionError: Your file contains 731 sectors, but the initial DIFAT array at index 0 referenced block # 2852. This isn't allowed and  your file is corrupt
at org.testng.Assert.fail(Assert.java:96)
at SupportClasses.Account_Lookup.AccountCheck(Account_Lookup.java:58)
at sun.reflect.GeneratedMethodAccessor2.invoke(Unknown Source)
at sun.reflect.DelegatingMethodAccessorImpl.invoke(Unknown Source)
at java.lang.reflect.Method.invoke(Unknown Source)
at org.testng.internal.MethodInvocationHelper.invokeMethod(MethodInvocationHelper.java:124)
at org.testng.internal.Invoker.invokeMethod(Invoker.java:580)
at org.testng.internal.Invoker.invokeTestMethod(Invoker.java:716)
at org.testng.internal.TestMethodWithDataProviderMethodWorker.call(TestMethodWithDataProviderMethodWorker.java:71)
at org.testng.internal.TestMethodWithDataProviderMethodWorker.call(TestMethodWithDataProviderMethodWorker.java:14)
at java.util.concurrent.FutureTask.run(Unknown Source)
at java.util.concurrent.Executors$RunnableAdapter.call(Unknown Source)
at java.util.concurrent.FutureTask.run(Unknown Source)
at java.util.concurrent.ThreadPoolExecutor.runWorker(Unknown Source)
at java.util.concurrent.ThreadPoolExecutor$Worker.run(Unknown Source)
at java.lang.Thread.run(Unknown Source)
]]>
    </failure>
  </testcase> <!-- AccountCheck -->
  <testcase name="AccountCheck" time="21.795" classname="SupportClasses.Account_Lookup"/>
  <testcase name="AccountCheck" time="36.749" classname="SupportClasses.Account_Lookup"/>
  <testcase name="AccountCheck" time="14.906" classname="SupportClasses.Account_Lookup"/>
  <testcase name="AccountCheck" time="23.935" classname="SupportClasses.Account_Lookup"/>
  <testcase name="AccountCheck" time="35.573" classname="SupportClasses.Account_Lookup"/>
  <testcase name="AccountCheck" time="39.668" classname="SupportClasses.Account_Lookup"/>
  <testcase name="AccountCheck" time="32.531" classname="SupportClasses.Account_Lookup"/>
  <testcase name="AccountCheck" time="11.829" classname="SupportClasses.Account_Lookup">
    <failure type="java.lang.AssertionError" message="null">
      <![CDATA[java.lang.AssertionError: null
at org.testng.Assert.fail(Assert.java:96)
at SupportClasses.Account_Lookup.AccountCheck(Account_Lookup.java:58)
at sun.reflect.GeneratedMethodAccessor2.invoke(Unknown Source)
at sun.reflect.DelegatingMethodAccessorImpl.invoke(Unknown Source)
at java.lang.reflect.Method.invoke(Unknown Source)
at org.testng.internal.MethodInvocationHelper.invokeMethod(MethodInvocationHelper.java:124)
at org.testng.internal.Invoker.invokeMethod(Invoker.java:580)
at org.testng.internal.Invoker.invokeTestMethod(Invoker.java:716)
at org.testng.internal.TestMethodWithDataProviderMethodWorker.call(TestMethodWithDataProviderMethodWorker.java:71)
at org.testng.internal.TestMethodWithDataProviderMethodWorker.call(TestMethodWithDataProviderMethodWorker.java:14)
at java.util.concurrent.FutureTask.run(Unknown Source)
at java.util.concurrent.Executors$RunnableAdapter.call(Unknown Source)
at java.util.concurrent.FutureTask.run(Unknown Source)
at java.util.concurrent.ThreadPoolExecutor.runWorker(Unknown Source)
at java.util.concurrent.ThreadPoolExecutor$Worker.run(Unknown Source)
at java.lang.Thread.run(Unknown Source)
]]>
    </failure>
  </testcase> <!-- AccountCheck -->
  <testcase name="AccountCheck" time="41.318" classname="SupportClasses.Account_Lookup"/>
  <testcase name="AccountCheck" time="10.099" classname="SupportClasses.Account_Lookup"/>
  <testcase name="AccountCheck" time="9.163" classname="SupportClasses.Account_Lookup"/>
  <testcase name="AccountCheck" time="16.321" classname="SupportClasses.Account_Lookup"/>
  <testcase name="AccountCheck" time="36.050" classname="SupportClasses.Account_Lookup"/>
  <testcase name="AccountCheck" time="36.018" classname="SupportClasses.Account_Lookup"/>
  <testcase name="AccountCheck" time="34.917" classname="SupportClasses.Account_Lookup"/>
  <testcase name="AccountCheck" time="30.136" classname="SupportClasses.Account_Lookup"/>
  <testcase name="AccountCheck" time="22.543" classname="SupportClasses.Account_Lookup"/>
  <testcase name="AccountCheck" time="28.734" classname="SupportClasses.Account_Lookup"/>
  <testcase name="AccountCheck" time="29.875" classname="SupportClasses.Account_Lookup"/>
  <testcase name="AccountCheck" time="15.266" classname="SupportClasses.Account_Lookup"/>
  <testcase name="AccountCheck" time="7.741" classname="SupportClasses.Account_Lookup"/>
  <testcase name="AccountCheck" time="27.495" classname="SupportClasses.Account_Lookup">
    <failure type="java.lang.AssertionError" message="Initialisation of record 0xFD left 1295 bytes remaining still to be read.">
      <![CDATA[java.lang.AssertionError: Initialisation of record 0xFD left 1295 bytes remaining still to be read.
at org.testng.Assert.fail(Assert.java:96)
at SupportClasses.Account_Lookup.AccountCheck(Account_Lookup.java:58)
at sun.reflect.GeneratedMethodAccessor2.invoke(Unknown Source)
at sun.reflect.DelegatingMethodAccessorImpl.invoke(Unknown Source)
at java.lang.reflect.Method.invoke(Unknown Source)
at org.testng.internal.MethodInvocationHelper.invokeMethod(MethodInvocationHelper.java:124)
at org.testng.internal.Invoker.invokeMethod(Invoker.java:580)
at org.testng.internal.Invoker.invokeTestMethod(Invoker.java:716)
at org.testng.internal.TestMethodWithDataProviderMethodWorker.call(TestMethodWithDataProviderMethodWorker.java:71)
at org.testng.internal.TestMethodWithDataProviderMethodWorker.call(TestMethodWithDataProviderMethodWorker.java:14)
at java.util.concurrent.FutureTask.run(Unknown Source)
at java.util.concurrent.Executors$RunnableAdapter.call(Unknown Source)
at java.util.concurrent.FutureTask.run(Unknown Source)
at java.util.concurrent.ThreadPoolExecutor.runWorker(Unknown Source)
at java.util.concurrent.ThreadPoolExecutor$Worker.run(Unknown Source)
at java.lang.Thread.run(Unknown Source)
]]>
    </failure>
  </testcase> <!-- AccountCheck -->
  <testcase name="AccountCheck" time="48.474" classname="SupportClasses.Account_Lookup"/>
  <testcase name="AccountCheck" time="38.830" classname="SupportClasses.Account_Lookup"/>
  <testcase name="AccountCheck" time="9.104" classname="SupportClasses.Account_Lookup">
    <failure type="java.lang.AssertionError" message="Initialisation of record 0xFD left 1295 bytes remaining still to be read.">
      <![CDATA[java.lang.AssertionError: Initialisation of record 0xFD left 1295 bytes remaining still to be read.
at org.testng.Assert.fail(Assert.java:96)
at SupportClasses.Account_Lookup.AccountCheck(Account_Lookup.java:58)
at sun.reflect.GeneratedMethodAccessor2.invoke(Unknown Source)
at sun.reflect.DelegatingMethodAccessorImpl.invoke(Unknown Source)
at java.lang.reflect.Method.invoke(Unknown Source)
at org.testng.internal.MethodInvocationHelper.invokeMethod(MethodInvocationHelper.java:124)
at org.testng.internal.Invoker.invokeMethod(Invoker.java:580)
at org.testng.internal.Invoker.invokeTestMethod(Invoker.java:716)
at org.testng.internal.TestMethodWithDataProviderMethodWorker.call(TestMethodWithDataProviderMethodWorker.java:71)
at org.testng.internal.TestMethodWithDataProviderMethodWorker.call(TestMethodWithDataProviderMethodWorker.java:14)
at java.util.concurrent.FutureTask.run(Unknown Source)
at java.util.concurrent.Executors$RunnableAdapter.call(Unknown Source)
at java.util.concurrent.FutureTask.run(Unknown Source)
at java.util.concurrent.ThreadPoolExecutor.runWorker(Unknown Source)
at java.util.concurrent.ThreadPoolExecutor$Worker.run(Unknown Source)
at java.lang.Thread.run(Unknown Source)
]]>
    </failure>
  </testcase> <!-- AccountCheck -->
  <testcase name="AccountCheck" time="11.202" classname="SupportClasses.Account_Lookup"/>
  <testcase name="AccountCheck" time="29.635" classname="SupportClasses.Account_Lookup"/>
  <testcase name="AccountCheck" time="12.576" classname="SupportClasses.Account_Lookup"/>
  <testcase name="AccountCheck" time="27.797" classname="SupportClasses.Account_Lookup">
    <failure type="java.lang.AssertionError" message="Initialisation of record 0xFD left 1295 bytes remaining still to be read.">
      <![CDATA[java.lang.AssertionError: Initialisation of record 0xFD left 1295 bytes remaining still to be read.
at org.testng.Assert.fail(Assert.java:96)
at SupportClasses.Account_Lookup.AccountCheck(Account_Lookup.java:58)
at sun.reflect.GeneratedMethodAccessor2.invoke(Unknown Source)
at sun.reflect.DelegatingMethodAccessorImpl.invoke(Unknown Source)
at java.lang.reflect.Method.invoke(Unknown Source)
at org.testng.internal.MethodInvocationHelper.invokeMethod(MethodInvocationHelper.java:124)
at org.testng.internal.Invoker.invokeMethod(Invoker.java:580)
at org.testng.internal.Invoker.invokeTestMethod(Invoker.java:716)
at org.testng.internal.TestMethodWithDataProviderMethodWorker.call(TestMethodWithDataProviderMethodWorker.java:71)
at org.testng.internal.TestMethodWithDataProviderMethodWorker.call(TestMethodWithDataProviderMethodWorker.java:14)
at java.util.concurrent.FutureTask.run(Unknown Source)
at java.util.concurrent.Executors$RunnableAdapter.call(Unknown Source)
at java.util.concurrent.FutureTask.run(Unknown Source)
at java.util.concurrent.ThreadPoolExecutor.runWorker(Unknown Source)
at java.util.concurrent.ThreadPoolExecutor$Worker.run(Unknown Source)
at java.lang.Thread.run(Unknown Source)
]]>
    </failure>
  </testcase> <!-- AccountCheck -->
  <testcase name="AccountCheck" time="6.294" classname="SupportClasses.Account_Lookup"/>
  <testcase name="AccountCheck" time="34.455" classname="SupportClasses.Account_Lookup"/>
  <testcase name="AccountCheck" time="4.195" classname="SupportClasses.Account_Lookup"/>
  <testcase name="AccountCheck" time="20.617" classname="SupportClasses.Account_Lookup"/>
  <testcase name="AccountCheck" time="13.089" classname="SupportClasses.Account_Lookup"/>
  <testcase name="AccountCheck" time="9.487" classname="SupportClasses.Account_Lookup"/>
  <testcase name="AccountCheck" time="14.495" classname="SupportClasses.Account_Lookup"/>
  <testcase name="AccountCheck" time="19.558" classname="SupportClasses.Account_Lookup"/>
  <testcase name="AccountCheck" time="27.216" classname="SupportClasses.Account_Lookup"/>
  <testcase name="AccountCheck" time="38.918" classname="SupportClasses.Account_Lookup">
    <failure type="java.lang.AssertionError" message="Initialisation of record 0xFD left 1295 bytes remaining still to be read.">
      <![CDATA[java.lang.AssertionError: Initialisation of record 0xFD left 1295 bytes remaining still to be read.
at org.testng.Assert.fail(Assert.java:96)
at SupportClasses.Account_Lookup.AccountCheck(Account_Lookup.java:58)
at sun.reflect.GeneratedMethodAccessor2.invoke(Unknown Source)
at sun.reflect.DelegatingMethodAccessorImpl.invoke(Unknown Source)
at java.lang.reflect.Method.invoke(Unknown Source)
at org.testng.internal.MethodInvocationHelper.invokeMethod(MethodInvocationHelper.java:124)
at org.testng.internal.Invoker.invokeMethod(Invoker.java:580)
at org.testng.internal.Invoker.invokeTestMethod(Invoker.java:716)
at org.testng.internal.TestMethodWithDataProviderMethodWorker.call(TestMethodWithDataProviderMethodWorker.java:71)
at org.testng.internal.TestMethodWithDataProviderMethodWorker.call(TestMethodWithDataProviderMethodWorker.java:14)
at java.util.concurrent.FutureTask.run(Unknown Source)
at java.util.concurrent.Executors$RunnableAdapter.call(Unknown Source)
at java.util.concurrent.FutureTask.run(Unknown Source)
at java.util.concurrent.ThreadPoolExecutor.runWorker(Unknown Source)
at java.util.concurrent.ThreadPoolExecutor$Worker.run(Unknown Source)
at java.lang.Thread.run(Unknown Source)
]]>
    </failure>
  </testcase> <!-- AccountCheck -->
  <testcase name="AccountCheck" time="35.666" classname="SupportClasses.Account_Lookup"/>
  <testcase name="AccountCheck" time="22.975" classname="SupportClasses.Account_Lookup"/>
  <testcase name="AccountCheck" time="10.126" classname="SupportClasses.Account_Lookup"/>
  <testcase name="AccountCheck" time="25.101" classname="SupportClasses.Account_Lookup">
    <failure type="java.lang.AssertionError" message="null">
      <![CDATA[java.lang.AssertionError: null
at org.testng.Assert.fail(Assert.java:96)
at SupportClasses.Account_Lookup.AccountCheck(Account_Lookup.java:58)
at sun.reflect.GeneratedMethodAccessor2.invoke(Unknown Source)
at sun.reflect.DelegatingMethodAccessorImpl.invoke(Unknown Source)
at java.lang.reflect.Method.invoke(Unknown Source)
at org.testng.internal.MethodInvocationHelper.invokeMethod(MethodInvocationHelper.java:124)
at org.testng.internal.Invoker.invokeMethod(Invoker.java:580)
at org.testng.internal.Invoker.invokeTestMethod(Invoker.java:716)
at org.testng.internal.TestMethodWithDataProviderMethodWorker.call(TestMethodWithDataProviderMethodWorker.java:71)
at org.testng.internal.TestMethodWithDataProviderMethodWorker.call(TestMethodWithDataProviderMethodWorker.java:14)
at java.util.concurrent.FutureTask.run(Unknown Source)
at java.util.concurrent.Executors$RunnableAdapter.call(Unknown Source)
at java.util.concurrent.FutureTask.run(Unknown Source)
at java.util.concurrent.ThreadPoolExecutor.runWorker(Unknown Source)
at java.util.concurrent.ThreadPoolExecutor$Worker.run(Unknown Source)
at java.lang.Thread.run(Unknown Source)
]]>
    </failure>
  </testcase> <!-- AccountCheck -->
  <testcase name="AccountCheck" time="8.945" classname="SupportClasses.Account_Lookup"/>
  <testcase name="AccountCheck" time="31.426" classname="SupportClasses.Account_Lookup">
    <failure type="java.lang.AssertionError" message="null">
      <![CDATA[java.lang.AssertionError: null
at org.testng.Assert.fail(Assert.java:96)
at SupportClasses.Account_Lookup.AccountCheck(Account_Lookup.java:58)
at sun.reflect.GeneratedMethodAccessor2.invoke(Unknown Source)
at sun.reflect.DelegatingMethodAccessorImpl.invoke(Unknown Source)
at java.lang.reflect.Method.invoke(Unknown Source)
at org.testng.internal.MethodInvocationHelper.invokeMethod(MethodInvocationHelper.java:124)
at org.testng.internal.Invoker.invokeMethod(Invoker.java:580)
at org.testng.internal.Invoker.invokeTestMethod(Invoker.java:716)
at org.testng.internal.TestMethodWithDataProviderMethodWorker.call(TestMethodWithDataProviderMethodWorker.java:71)
at org.testng.internal.TestMethodWithDataProviderMethodWorker.call(TestMethodWithDataProviderMethodWorker.java:14)
at java.util.concurrent.FutureTask.run(Unknown Source)
at java.util.concurrent.Executors$RunnableAdapter.call(Unknown Source)
at java.util.concurrent.FutureTask.run(Unknown Source)
at java.util.concurrent.ThreadPoolExecutor.runWorker(Unknown Source)
at java.util.concurrent.ThreadPoolExecutor$Worker.run(Unknown Source)
at java.lang.Thread.run(Unknown Source)
]]>
    </failure>
  </testcase> <!-- AccountCheck -->
  <testcase name="AccountCheck" time="17.207" classname="SupportClasses.Account_Lookup"/>
  <testcase name="AccountCheck" time="8.512" classname="SupportClasses.Account_Lookup">
    <failure type="java.lang.AssertionError" message="Initialisation of record 0xFD left 1295 bytes remaining still to be read.">
      <![CDATA[java.lang.AssertionError: Initialisation of record 0xFD left 1295 bytes remaining still to be read.
at org.testng.Assert.fail(Assert.java:96)
at SupportClasses.Account_Lookup.AccountCheck(Account_Lookup.java:58)
at sun.reflect.GeneratedMethodAccessor2.invoke(Unknown Source)
at sun.reflect.DelegatingMethodAccessorImpl.invoke(Unknown Source)
at java.lang.reflect.Method.invoke(Unknown Source)
at org.testng.internal.MethodInvocationHelper.invokeMethod(MethodInvocationHelper.java:124)
at org.testng.internal.Invoker.invokeMethod(Invoker.java:580)
at org.testng.internal.Invoker.invokeTestMethod(Invoker.java:716)
at org.testng.internal.TestMethodWithDataProviderMethodWorker.call(TestMethodWithDataProviderMethodWorker.java:71)
at org.testng.internal.TestMethodWithDataProviderMethodWorker.call(TestMethodWithDataProviderMethodWorker.java:14)
at java.util.concurrent.FutureTask.run(Unknown Source)
at java.util.concurrent.Executors$RunnableAdapter.call(Unknown Source)
at java.util.concurrent.FutureTask.run(Unknown Source)
at java.util.concurrent.ThreadPoolExecutor.runWorker(Unknown Source)
at java.util.concurrent.ThreadPoolExecutor$Worker.run(Unknown Source)
at java.lang.Thread.run(Unknown Source)
]]>
    </failure>
  </testcase> <!-- AccountCheck -->
  <testcase name="AccountCheck" time="33.968" classname="SupportClasses.Account_Lookup"/>
  <testcase name="AccountCheck" time="37.052" classname="SupportClasses.Account_Lookup"/>
  <testcase name="AccountCheck" time="5.903" classname="SupportClasses.Account_Lookup"/>
  <testcase name="AccountCheck" time="37.822" classname="SupportClasses.Account_Lookup">
    <failure type="java.lang.AssertionError" message="Initialisation of record 0xFD left 1295 bytes remaining still to be read.">
      <![CDATA[java.lang.AssertionError: Initialisation of record 0xFD left 1295 bytes remaining still to be read.
at org.testng.Assert.fail(Assert.java:96)
at SupportClasses.Account_Lookup.AccountCheck(Account_Lookup.java:58)
at sun.reflect.GeneratedMethodAccessor2.invoke(Unknown Source)
at sun.reflect.DelegatingMethodAccessorImpl.invoke(Unknown Source)
at java.lang.reflect.Method.invoke(Unknown Source)
at org.testng.internal.MethodInvocationHelper.invokeMethod(MethodInvocationHelper.java:124)
at org.testng.internal.Invoker.invokeMethod(Invoker.java:580)
at org.testng.internal.Invoker.invokeTestMethod(Invoker.java:716)
at org.testng.internal.TestMethodWithDataProviderMethodWorker.call(TestMethodWithDataProviderMethodWorker.java:71)
at org.testng.internal.TestMethodWithDataProviderMethodWorker.call(TestMethodWithDataProviderMethodWorker.java:14)
at java.util.concurrent.FutureTask.run(Unknown Source)
at java.util.concurrent.Executors$RunnableAdapter.call(Unknown Source)
at java.util.concurrent.FutureTask.run(Unknown Source)
at java.util.concurrent.ThreadPoolExecutor.runWorker(Unknown Source)
at java.util.concurrent.ThreadPoolExecutor$Worker.run(Unknown Source)
at java.lang.Thread.run(Unknown Source)
]]>
    </failure>
  </testcase> <!-- AccountCheck -->
  <testcase name="AccountCheck" time="4.119" classname="SupportClasses.Account_Lookup">
    <failure type="java.lang.AssertionError" message="null">
      <![CDATA[java.lang.AssertionError: null
at org.testng.Assert.fail(Assert.java:96)
at SupportClasses.Account_Lookup.AccountCheck(Account_Lookup.java:58)
at sun.reflect.GeneratedMethodAccessor2.invoke(Unknown Source)
at sun.reflect.DelegatingMethodAccessorImpl.invoke(Unknown Source)
at java.lang.reflect.Method.invoke(Unknown Source)
at org.testng.internal.MethodInvocationHelper.invokeMethod(MethodInvocationHelper.java:124)
at org.testng.internal.Invoker.invokeMethod(Invoker.java:580)
at org.testng.internal.Invoker.invokeTestMethod(Invoker.java:716)
at org.testng.internal.TestMethodWithDataProviderMethodWorker.call(TestMethodWithDataProviderMethodWorker.java:71)
at org.testng.internal.TestMethodWithDataProviderMethodWorker.call(TestMethodWithDataProviderMethodWorker.java:14)
at java.util.concurrent.FutureTask.run(Unknown Source)
at java.util.concurrent.Executors$RunnableAdapter.call(Unknown Source)
at java.util.concurrent.FutureTask.run(Unknown Source)
at java.util.concurrent.ThreadPoolExecutor.runWorker(Unknown Source)
at java.util.concurrent.ThreadPoolExecutor$Worker.run(Unknown Source)
at java.lang.Thread.run(Unknown Source)
]]>
    </failure>
  </testcase> <!-- AccountCheck -->
  <testcase name="AccountCheck" time="30.226" classname="SupportClasses.Account_Lookup"/>
  <testcase name="AccountCheck" time="15.173" classname="SupportClasses.Account_Lookup"/>
  <testcase name="AccountCheck" time="27.742" classname="SupportClasses.Account_Lookup">
    <failure type="java.lang.AssertionError" message="null">
      <![CDATA[java.lang.AssertionError: null
at org.testng.Assert.fail(Assert.java:96)
at SupportClasses.Account_Lookup.AccountCheck(Account_Lookup.java:58)
at sun.reflect.GeneratedMethodAccessor2.invoke(Unknown Source)
at sun.reflect.DelegatingMethodAccessorImpl.invoke(Unknown Source)
at java.lang.reflect.Method.invoke(Unknown Source)
at org.testng.internal.MethodInvocationHelper.invokeMethod(MethodInvocationHelper.java:124)
at org.testng.internal.Invoker.invokeMethod(Invoker.java:580)
at org.testng.internal.Invoker.invokeTestMethod(Invoker.java:716)
at org.testng.internal.TestMethodWithDataProviderMethodWorker.call(TestMethodWithDataProviderMethodWorker.java:71)
at org.testng.internal.TestMethodWithDataProviderMethodWorker.call(TestMethodWithDataProviderMethodWorker.java:14)
at java.util.concurrent.FutureTask.run(Unknown Source)
at java.util.concurrent.Executors$RunnableAdapter.call(Unknown Source)
at java.util.concurrent.FutureTask.run(Unknown Source)
at java.util.concurrent.ThreadPoolExecutor.runWorker(Unknown Source)
at java.util.concurrent.ThreadPoolExecutor$Worker.run(Unknown Source)
at java.lang.Thread.run(Unknown Source)
]]>
    </failure>
  </testcase> <!-- AccountCheck -->
  <testcase name="AccountCheck" time="10.017" classname="SupportClasses.Account_Lookup"/>
  <testcase name="AccountCheck" time="38.863" classname="SupportClasses.Account_Lookup"/>
  <testcase name="AccountCheck" time="6.131" classname="SupportClasses.Account_Lookup">
    <failure type="java.lang.AssertionError" message="null">
      <![CDATA[java.lang.AssertionError: null
at org.testng.Assert.fail(Assert.java:96)
at SupportClasses.Account_Lookup.AccountCheck(Account_Lookup.java:58)
at sun.reflect.GeneratedMethodAccessor2.invoke(Unknown Source)
at sun.reflect.DelegatingMethodAccessorImpl.invoke(Unknown Source)
at java.lang.reflect.Method.invoke(Unknown Source)
at org.testng.internal.MethodInvocationHelper.invokeMethod(MethodInvocationHelper.java:124)
at org.testng.internal.Invoker.invokeMethod(Invoker.java:580)
at org.testng.internal.Invoker.invokeTestMethod(Invoker.java:716)
at org.testng.internal.TestMethodWithDataProviderMethodWorker.call(TestMethodWithDataProviderMethodWorker.java:71)
at org.testng.internal.TestMethodWithDataProviderMethodWorker.call(TestMethodWithDataProviderMethodWorker.java:14)
at java.util.concurrent.FutureTask.run(Unknown Source)
at java.util.concurrent.Executors$RunnableAdapter.call(Unknown Source)
at java.util.concurrent.FutureTask.run(Unknown Source)
at java.util.concurrent.ThreadPoolExecutor.runWorker(Unknown Source)
at java.util.concurrent.ThreadPoolExecutor$Worker.run(Unknown Source)
at java.lang.Thread.run(Unknown Source)
]]>
    </failure>
  </testcase> <!-- AccountCheck -->
  <testcase name="AccountCheck" time="38.710" classname="SupportClasses.Account_Lookup"/>
  <testcase name="AccountCheck" time="29.360" classname="SupportClasses.Account_Lookup">
    <failure type="java.lang.AssertionError" message="Initialisation of record 0xFD left 1295 bytes remaining still to be read.">
      <![CDATA[java.lang.AssertionError: Initialisation of record 0xFD left 1295 bytes remaining still to be read.
at org.testng.Assert.fail(Assert.java:96)
at SupportClasses.Account_Lookup.AccountCheck(Account_Lookup.java:58)
at sun.reflect.GeneratedMethodAccessor2.invoke(Unknown Source)
at sun.reflect.DelegatingMethodAccessorImpl.invoke(Unknown Source)
at java.lang.reflect.Method.invoke(Unknown Source)
at org.testng.internal.MethodInvocationHelper.invokeMethod(MethodInvocationHelper.java:124)
at org.testng.internal.Invoker.invokeMethod(Invoker.java:580)
at org.testng.internal.Invoker.invokeTestMethod(Invoker.java:716)
at org.testng.internal.TestMethodWithDataProviderMethodWorker.call(TestMethodWithDataProviderMethodWorker.java:71)
at org.testng.internal.TestMethodWithDataProviderMethodWorker.call(TestMethodWithDataProviderMethodWorker.java:14)
at java.util.concurrent.FutureTask.run(Unknown Source)
at java.util.concurrent.Executors$RunnableAdapter.call(Unknown Source)
at java.util.concurrent.FutureTask.run(Unknown Source)
at java.util.concurrent.ThreadPoolExecutor.runWorker(Unknown Source)
at java.util.concurrent.ThreadPoolExecutor$Worker.run(Unknown Source)
at java.lang.Thread.run(Unknown Source)
]]>
    </failure>
  </testcase> <!-- AccountCheck -->
  <testcase name="AccountCheck" time="5.823" classname="SupportClasses.Account_Lookup"/>
  <testcase name="AccountCheck" time="6.688" classname="SupportClasses.Account_Lookup"/>
  <testcase name="AccountCheck" time="8.857" classname="SupportClasses.Account_Lookup"/>
  <testcase name="AccountCheck" time="15.064" classname="SupportClasses.Account_Lookup">
    <failure type="java.lang.AssertionError" message="null">
      <![CDATA[java.lang.AssertionError: null
at org.testng.Assert.fail(Assert.java:96)
at SupportClasses.Account_Lookup.AccountCheck(Account_Lookup.java:58)
at sun.reflect.GeneratedMethodAccessor2.invoke(Unknown Source)
at sun.reflect.DelegatingMethodAccessorImpl.invoke(Unknown Source)
at java.lang.reflect.Method.invoke(Unknown Source)
at org.testng.internal.MethodInvocationHelper.invokeMethod(MethodInvocationHelper.java:124)
at org.testng.internal.Invoker.invokeMethod(Invoker.java:580)
at org.testng.internal.Invoker.invokeTestMethod(Invoker.java:716)
at org.testng.internal.TestMethodWithDataProviderMethodWorker.call(TestMethodWithDataProviderMethodWorker.java:71)
at org.testng.internal.TestMethodWithDataProviderMethodWorker.call(TestMethodWithDataProviderMethodWorker.java:14)
at java.util.concurrent.FutureTask.run(Unknown Source)
at java.util.concurrent.Executors$RunnableAdapter.call(Unknown Source)
at java.util.concurrent.FutureTask.run(Unknown Source)
at java.util.concurrent.ThreadPoolExecutor.runWorker(Unknown Source)
at java.util.concurrent.ThreadPoolExecutor$Worker.run(Unknown Source)
at java.lang.Thread.run(Unknown Source)
]]>
    </failure>
  </testcase> <!-- AccountCheck -->
  <testcase name="AccountCheck" time="4.656" classname="SupportClasses.Account_Lookup"/>
  <testcase name="AccountCheck" time="17.110" classname="SupportClasses.Account_Lookup"/>
  <testcase name="AccountCheck" time="20.692" classname="SupportClasses.Account_Lookup"/>
  <testcase name="AccountCheck" time="15.318" classname="SupportClasses.Account_Lookup"/>
  <testcase name="AccountCheck" time="20.166" classname="SupportClasses.Account_Lookup"/>
  <testcase name="AccountCheck" time="24.629" classname="SupportClasses.Account_Lookup"/>
  <testcase name="AccountCheck" time="9.308" classname="SupportClasses.Account_Lookup"/>
  <testcase name="AccountCheck" time="11.009" classname="SupportClasses.Account_Lookup"/>
  <testcase name="AccountCheck" time="21.520" classname="SupportClasses.Account_Lookup"/>
  <testcase name="AccountCheck" time="14.955" classname="SupportClasses.Account_Lookup"/>
  <testcase name="AccountCheck" time="8.639" classname="SupportClasses.Account_Lookup"/>
  <testcase name="AccountCheck" time="34.587" classname="SupportClasses.Account_Lookup"/>
  <testcase name="AccountCheck" time="26.671" classname="SupportClasses.Account_Lookup">
    <failure type="java.lang.AssertionError" message="Initialisation of record 0xFD left 1295 bytes remaining still to be read.">
      <![CDATA[java.lang.AssertionError: Initialisation of record 0xFD left 1295 bytes remaining still to be read.
at org.testng.Assert.fail(Assert.java:96)
at SupportClasses.Account_Lookup.AccountCheck(Account_Lookup.java:58)
at sun.reflect.GeneratedMethodAccessor2.invoke(Unknown Source)
at sun.reflect.DelegatingMethodAccessorImpl.invoke(Unknown Source)
at java.lang.reflect.Method.invoke(Unknown Source)
at org.testng.internal.MethodInvocationHelper.invokeMethod(MethodInvocationHelper.java:124)
at org.testng.internal.Invoker.invokeMethod(Invoker.java:580)
at org.testng.internal.Invoker.invokeTestMethod(Invoker.java:716)
at org.testng.internal.TestMethodWithDataProviderMethodWorker.call(TestMethodWithDataProviderMethodWorker.java:71)
at org.testng.internal.TestMethodWithDataProviderMethodWorker.call(TestMethodWithDataProviderMethodWorker.java:14)
at java.util.concurrent.FutureTask.run(Unknown Source)
at java.util.concurrent.Executors$RunnableAdapter.call(Unknown Source)
at java.util.concurrent.FutureTask.run(Unknown Source)
at java.util.concurrent.ThreadPoolExecutor.runWorker(Unknown Source)
at java.util.concurrent.ThreadPoolExecutor$Worker.run(Unknown Source)
at java.lang.Thread.run(Unknown Source)
]]>
    </failure>
  </testcase> <!-- AccountCheck -->
  <testcase name="AccountCheck" time="21.334" classname="SupportClasses.Account_Lookup"/>
  <testcase name="AccountCheck" time="13.385" classname="SupportClasses.Account_Lookup"/>
  <testcase name="AccountCheck" time="23.059" classname="SupportClasses.Account_Lookup"/>
  <testcase name="AccountCheck" time="30.296" classname="SupportClasses.Account_Lookup"/>
  <testcase name="AccountCheck" time="59.505" classname="SupportClasses.Account_Lookup">
    <failure type="java.lang.AssertionError" message="Initialisation of record 0xFD left 1295 bytes remaining still to be read.">
      <![CDATA[java.lang.AssertionError: Initialisation of record 0xFD left 1295 bytes remaining still to be read.
at org.testng.Assert.fail(Assert.java:96)
at SupportClasses.Account_Lookup.AccountCheck(Account_Lookup.java:58)
at sun.reflect.GeneratedMethodAccessor2.invoke(Unknown Source)
at sun.reflect.DelegatingMethodAccessorImpl.invoke(Unknown Source)
at java.lang.reflect.Method.invoke(Unknown Source)
at org.testng.internal.MethodInvocationHelper.invokeMethod(MethodInvocationHelper.java:124)
at org.testng.internal.Invoker.invokeMethod(Invoker.java:580)
at org.testng.internal.Invoker.invokeTestMethod(Invoker.java:716)
at org.testng.internal.TestMethodWithDataProviderMethodWorker.call(TestMethodWithDataProviderMethodWorker.java:71)
at org.testng.internal.TestMethodWithDataProviderMethodWorker.call(TestMethodWithDataProviderMethodWorker.java:14)
at java.util.concurrent.FutureTask.run(Unknown Source)
at java.util.concurrent.Executors$RunnableAdapter.call(Unknown Source)
at java.util.concurrent.FutureTask.run(Unknown Source)
at java.util.concurrent.ThreadPoolExecutor.runWorker(Unknown Source)
at java.util.concurrent.ThreadPoolExecutor$Worker.run(Unknown Source)
at java.lang.Thread.run(Unknown Source)
]]>
    </failure>
  </testcase> <!-- AccountCheck -->
  <testcase name="AccountCheck" time="42.132" classname="SupportClasses.Account_Lookup"/>
  <testcase name="AccountCheck" time="38.212" classname="SupportClasses.Account_Lookup"/>
  <testcase name="AccountCheck" time="20.221" classname="SupportClasses.Account_Lookup"/>
  <testcase name="AccountCheck" time="5.310" classname="SupportClasses.Account_Lookup"/>
  <testcase name="AccountCheck" time="9.599" classname="SupportClasses.Account_Lookup"/>
  <testcase name="AccountCheck" time="41.699" classname="SupportClasses.Account_Lookup">
    <failure type="java.lang.AssertionError" message="Initialisation of record 0xFD left 1295 bytes remaining still to be read.">
      <![CDATA[java.lang.AssertionError: Initialisation of record 0xFD left 1295 bytes remaining still to be read.
at org.testng.Assert.fail(Assert.java:96)
at SupportClasses.Account_Lookup.AccountCheck(Account_Lookup.java:58)
at sun.reflect.GeneratedMethodAccessor2.invoke(Unknown Source)
at sun.reflect.DelegatingMethodAccessorImpl.invoke(Unknown Source)
at java.lang.reflect.Method.invoke(Unknown Source)
at org.testng.internal.MethodInvocationHelper.invokeMethod(MethodInvocationHelper.java:124)
at org.testng.internal.Invoker.invokeMethod(Invoker.java:580)
at org.testng.internal.Invoker.invokeTestMethod(Invoker.java:716)
at org.testng.internal.TestMethodWithDataProviderMethodWorker.call(TestMethodWithDataProviderMethodWorker.java:71)
at org.testng.internal.TestMethodWithDataProviderMethodWorker.call(TestMethodWithDataProviderMethodWorker.java:14)
at java.util.concurrent.FutureTask.run(Unknown Source)
at java.util.concurrent.Executors$RunnableAdapter.call(Unknown Source)
at java.util.concurrent.FutureTask.run(Unknown Source)
at java.util.concurrent.ThreadPoolExecutor.runWorker(Unknown Source)
at java.util.concurrent.ThreadPoolExecutor$Worker.run(Unknown Source)
at java.lang.Thread.run(Unknown Source)
]]>
    </failure>
  </testcase> <!-- AccountCheck -->
  <testcase name="AccountCheck" time="16.122" classname="SupportClasses.Account_Lookup">
    <failure type="java.lang.AssertionError" message="null">
      <![CDATA[java.lang.AssertionError: null
at org.testng.Assert.fail(Assert.java:96)
at SupportClasses.Account_Lookup.AccountCheck(Account_Lookup.java:58)
at sun.reflect.GeneratedMethodAccessor2.invoke(Unknown Source)
at sun.reflect.DelegatingMethodAccessorImpl.invoke(Unknown Source)
at java.lang.reflect.Method.invoke(Unknown Source)
at org.testng.internal.MethodInvocationHelper.invokeMethod(MethodInvocationHelper.java:124)
at org.testng.internal.Invoker.invokeMethod(Invoker.java:580)
at org.testng.internal.Invoker.invokeTestMethod(Invoker.java:716)
at org.testng.internal.TestMethodWithDataProviderMethodWorker.call(TestMethodWithDataProviderMethodWorker.java:71)
at org.testng.internal.TestMethodWithDataProviderMethodWorker.call(TestMethodWithDataProviderMethodWorker.java:14)
at java.util.concurrent.FutureTask.run(Unknown Source)
at java.util.concurrent.Executors$RunnableAdapter.call(Unknown Source)
at java.util.concurrent.FutureTask.run(Unknown Source)
at java.util.concurrent.ThreadPoolExecutor.runWorker(Unknown Source)
at java.util.concurrent.ThreadPoolExecutor$Worker.run(Unknown Source)
at java.lang.Thread.run(Unknown Source)
]]>
    </failure>
  </testcase> <!-- AccountCheck -->
  <testcase name="AccountCheck" time="5.399" classname="SupportClasses.Account_Lookup"/>
  <testcase name="AccountCheck" time="13.735" classname="SupportClasses.Account_Lookup"/>
  <testcase name="AccountCheck" time="22.126" classname="SupportClasses.Account_Lookup"/>
  <testcase name="AccountCheck" time="5.268" classname="SupportClasses.Account_Lookup"/>
  <testcase name="AccountCheck" time="29.540" classname="SupportClasses.Account_Lookup"/>
  <testcase name="AccountCheck" time="41.364" classname="SupportClasses.Account_Lookup"/>
  <testcase name="AccountCheck" time="25.181" classname="SupportClasses.Account_Lookup"/>
  <testcase name="AccountCheck" time="5.726" classname="SupportClasses.Account_Lookup">
    <failure type="java.lang.AssertionError" message="null">
      <![CDATA[java.lang.AssertionError: null
at org.testng.Assert.fail(Assert.java:96)
at SupportClasses.Account_Lookup.AccountCheck(Account_Lookup.java:58)
at sun.reflect.GeneratedMethodAccessor2.invoke(Unknown Source)
at sun.reflect.DelegatingMethodAccessorImpl.invoke(Unknown Source)
at java.lang.reflect.Method.invoke(Unknown Source)
at org.testng.internal.MethodInvocationHelper.invokeMethod(MethodInvocationHelper.java:124)
at org.testng.internal.Invoker.invokeMethod(Invoker.java:580)
at org.testng.internal.Invoker.invokeTestMethod(Invoker.java:716)
at org.testng.internal.TestMethodWithDataProviderMethodWorker.call(TestMethodWithDataProviderMethodWorker.java:71)
at org.testng.internal.TestMethodWithDataProviderMethodWorker.call(TestMethodWithDataProviderMethodWorker.java:14)
at java.util.concurrent.FutureTask.run(Unknown Source)
at java.util.concurrent.Executors$RunnableAdapter.call(Unknown Source)
at java.util.concurrent.FutureTask.run(Unknown Source)
at java.util.concurrent.ThreadPoolExecutor.runWorker(Unknown Source)
at java.util.concurrent.ThreadPoolExecutor$Worker.run(Unknown Source)
at java.lang.Thread.run(Unknown Source)
]]>
    </failure>
  </testcase> <!-- AccountCheck -->
  <testcase name="AccountCheck" time="28.422" classname="SupportClasses.Account_Lookup"/>
  <testcase name="AccountCheck" time="11.533" classname="SupportClasses.Account_Lookup"/>
  <testcase name="AccountCheck" time="5.296" classname="SupportClasses.Account_Lookup"/>
  <testcase name="AccountCheck" time="4.622" classname="SupportClasses.Account_Lookup"/>
  <testcase name="AccountCheck" time="36.098" classname="SupportClasses.Account_Lookup"/>
  <testcase name="AccountCheck" time="15.157" classname="SupportClasses.Account_Lookup"/>
  <testcase name="AccountCheck" time="58.533" classname="SupportClasses.Account_Lookup">
    <failure type="java.lang.AssertionError" message="Initialisation of record 0xFD left 1295 bytes remaining still to be read.">
      <![CDATA[java.lang.AssertionError: Initialisation of record 0xFD left 1295 bytes remaining still to be read.
at org.testng.Assert.fail(Assert.java:96)
at SupportClasses.Account_Lookup.AccountCheck(Account_Lookup.java:58)
at sun.reflect.GeneratedMethodAccessor2.invoke(Unknown Source)
at sun.reflect.DelegatingMethodAccessorImpl.invoke(Unknown Source)
at java.lang.reflect.Method.invoke(Unknown Source)
at org.testng.internal.MethodInvocationHelper.invokeMethod(MethodInvocationHelper.java:124)
at org.testng.internal.Invoker.invokeMethod(Invoker.java:580)
at org.testng.internal.Invoker.invokeTestMethod(Invoker.java:716)
at org.testng.internal.TestMethodWithDataProviderMethodWorker.call(TestMethodWithDataProviderMethodWorker.java:71)
at org.testng.internal.TestMethodWithDataProviderMethodWorker.call(TestMethodWithDataProviderMethodWorker.java:14)
at java.util.concurrent.FutureTask.run(Unknown Source)
at java.util.concurrent.Executors$RunnableAdapter.call(Unknown Source)
at java.util.concurrent.FutureTask.run(Unknown Source)
at java.util.concurrent.ThreadPoolExecutor.runWorker(Unknown Source)
at java.util.concurrent.ThreadPoolExecutor$Worker.run(Unknown Source)
at java.lang.Thread.run(Unknown Source)
]]>
    </failure>
  </testcase> <!-- AccountCheck -->
  <testcase name="AccountCheck" time="20.132" classname="SupportClasses.Account_Lookup"/>
  <testcase name="AccountCheck" time="4.669" classname="SupportClasses.Account_Lookup"/>
  <testcase name="AccountCheck" time="10.751" classname="SupportClasses.Account_Lookup"/>
  <testcase name="AccountCheck" time="37.369" classname="SupportClasses.Account_Lookup"/>
  <testcase name="AccountCheck" time="24.989" classname="SupportClasses.Account_Lookup"/>
  <testcase name="AccountCheck" time="49.276" classname="SupportClasses.Account_Lookup"/>
  <testcase name="AccountCheck" time="14.040" classname="SupportClasses.Account_Lookup"/>
  <testcase name="AccountCheck" time="17.917" classname="SupportClasses.Account_Lookup">
    <failure type="java.lang.AssertionError" message="Initialisation of record 0xFD left 1295 bytes remaining still to be read.">
      <![CDATA[java.lang.AssertionError: Initialisation of record 0xFD left 1295 bytes remaining still to be read.
at org.testng.Assert.fail(Assert.java:96)
at SupportClasses.Account_Lookup.AccountCheck(Account_Lookup.java:58)
at sun.reflect.GeneratedMethodAccessor2.invoke(Unknown Source)
at sun.reflect.DelegatingMethodAccessorImpl.invoke(Unknown Source)
at java.lang.reflect.Method.invoke(Unknown Source)
at org.testng.internal.MethodInvocationHelper.invokeMethod(MethodInvocationHelper.java:124)
at org.testng.internal.Invoker.invokeMethod(Invoker.java:580)
at org.testng.internal.Invoker.invokeTestMethod(Invoker.java:716)
at org.testng.internal.TestMethodWithDataProviderMethodWorker.call(TestMethodWithDataProviderMethodWorker.java:71)
at org.testng.internal.TestMethodWithDataProviderMethodWorker.call(TestMethodWithDataProviderMethodWorker.java:14)
at java.util.concurrent.FutureTask.run(Unknown Source)
at java.util.concurrent.Executors$RunnableAdapter.call(Unknown Source)
at java.util.concurrent.FutureTask.run(Unknown Source)
at java.util.concurrent.ThreadPoolExecutor.runWorker(Unknown Source)
at java.util.concurrent.ThreadPoolExecutor$Worker.run(Unknown Source)
at java.lang.Thread.run(Unknown Source)
]]>
    </failure>
  </testcase> <!-- AccountCheck -->
  <testcase name="AccountCheck" time="30.731" classname="SupportClasses.Account_Lookup"/>
  <testcase name="AccountCheck" time="29.864" classname="SupportClasses.Account_Lookup"/>
  <testcase name="AccountCheck" time="5.462" classname="SupportClasses.Account_Lookup"/>
  <testcase name="AccountCheck" time="37.538" classname="SupportClasses.Account_Lookup"/>
  <testcase name="AccountCheck" time="58.509" classname="SupportClasses.Account_Lookup">
    <failure type="java.lang.AssertionError" message="Initialisation of record 0xFD left 1295 bytes remaining still to be read.">
      <![CDATA[java.lang.AssertionError: Initialisation of record 0xFD left 1295 bytes remaining still to be read.
at org.testng.Assert.fail(Assert.java:96)
at SupportClasses.Account_Lookup.AccountCheck(Account_Lookup.java:58)
at sun.reflect.GeneratedMethodAccessor2.invoke(Unknown Source)
at sun.reflect.DelegatingMethodAccessorImpl.invoke(Unknown Source)
at java.lang.reflect.Method.invoke(Unknown Source)
at org.testng.internal.MethodInvocationHelper.invokeMethod(MethodInvocationHelper.java:124)
at org.testng.internal.Invoker.invokeMethod(Invoker.java:580)
at org.testng.internal.Invoker.invokeTestMethod(Invoker.java:716)
at org.testng.internal.TestMethodWithDataProviderMethodWorker.call(TestMethodWithDataProviderMethodWorker.java:71)
at org.testng.internal.TestMethodWithDataProviderMethodWorker.call(TestMethodWithDataProviderMethodWorker.java:14)
at java.util.concurrent.FutureTask.run(Unknown Source)
at java.util.concurrent.Executors$RunnableAdapter.call(Unknown Source)
at java.util.concurrent.FutureTask.run(Unknown Source)
at java.util.concurrent.ThreadPoolExecutor.runWorker(Unknown Source)
at java.util.concurrent.ThreadPoolExecutor$Worker.run(Unknown Source)
at java.lang.Thread.run(Unknown Source)
]]>
    </failure>
  </testcase> <!-- AccountCheck -->
  <testcase name="AccountCheck" time="59.481" classname="SupportClasses.Account_Lookup">
    <failure type="java.lang.AssertionError" message="Initialisation of record 0xFD left 1295 bytes remaining still to be read.">
      <![CDATA[java.lang.AssertionError: Initialisation of record 0xFD left 1295 bytes remaining still to be read.
at org.testng.Assert.fail(Assert.java:96)
at SupportClasses.Account_Lookup.AccountCheck(Account_Lookup.java:58)
at sun.reflect.GeneratedMethodAccessor2.invoke(Unknown Source)
at sun.reflect.DelegatingMethodAccessorImpl.invoke(Unknown Source)
at java.lang.reflect.Method.invoke(Unknown Source)
at org.testng.internal.MethodInvocationHelper.invokeMethod(MethodInvocationHelper.java:124)
at org.testng.internal.Invoker.invokeMethod(Invoker.java:580)
at org.testng.internal.Invoker.invokeTestMethod(Invoker.java:716)
at org.testng.internal.TestMethodWithDataProviderMethodWorker.call(TestMethodWithDataProviderMethodWorker.java:71)
at org.testng.internal.TestMethodWithDataProviderMethodWorker.call(TestMethodWithDataProviderMethodWorker.java:14)
at java.util.concurrent.FutureTask.run(Unknown Source)
at java.util.concurrent.Executors$RunnableAdapter.call(Unknown Source)
at java.util.concurrent.FutureTask.run(Unknown Source)
at java.util.concurrent.ThreadPoolExecutor.runWorker(Unknown Source)
at java.util.concurrent.ThreadPoolExecutor$Worker.run(Unknown Source)
at java.lang.Thread.run(Unknown Source)
]]>
    </failure>
  </testcase> <!-- AccountCheck -->
  <testcase name="AccountCheck" time="31.212" classname="SupportClasses.Account_Lookup">
    <failure type="java.lang.AssertionError" message="null">
      <![CDATA[java.lang.AssertionError: null
at org.testng.Assert.fail(Assert.java:96)
at SupportClasses.Account_Lookup.AccountCheck(Account_Lookup.java:58)
at sun.reflect.GeneratedMethodAccessor2.invoke(Unknown Source)
at sun.reflect.DelegatingMethodAccessorImpl.invoke(Unknown Source)
at java.lang.reflect.Method.invoke(Unknown Source)
at org.testng.internal.MethodInvocationHelper.invokeMethod(MethodInvocationHelper.java:124)
at org.testng.internal.Invoker.invokeMethod(Invoker.java:580)
at org.testng.internal.Invoker.invokeTestMethod(Invoker.java:716)
at org.testng.internal.TestMethodWithDataProviderMethodWorker.call(TestMethodWithDataProviderMethodWorker.java:71)
at org.testng.internal.TestMethodWithDataProviderMethodWorker.call(TestMethodWithDataProviderMethodWorker.java:14)
at java.util.concurrent.FutureTask.run(Unknown Source)
at java.util.concurrent.Executors$RunnableAdapter.call(Unknown Source)
at java.util.concurrent.FutureTask.run(Unknown Source)
at java.util.concurrent.ThreadPoolExecutor.runWorker(Unknown Source)
at java.util.concurrent.ThreadPoolExecutor$Worker.run(Unknown Source)
at java.lang.Thread.run(Unknown Source)
]]>
    </failure>
  </testcase> <!-- AccountCheck -->
  <testcase name="AccountCheck" time="16.386" classname="SupportClasses.Account_Lookup">
    <failure type="java.lang.AssertionError" message="null">
      <![CDATA[java.lang.AssertionError: null
at org.testng.Assert.fail(Assert.java:96)
at SupportClasses.Account_Lookup.AccountCheck(Account_Lookup.java:58)
at sun.reflect.GeneratedMethodAccessor2.invoke(Unknown Source)
at sun.reflect.DelegatingMethodAccessorImpl.invoke(Unknown Source)
at java.lang.reflect.Method.invoke(Unknown Source)
at org.testng.internal.MethodInvocationHelper.invokeMethod(MethodInvocationHelper.java:124)
at org.testng.internal.Invoker.invokeMethod(Invoker.java:580)
at org.testng.internal.Invoker.invokeTestMethod(Invoker.java:716)
at org.testng.internal.TestMethodWithDataProviderMethodWorker.call(TestMethodWithDataProviderMethodWorker.java:71)
at org.testng.internal.TestMethodWithDataProviderMethodWorker.call(TestMethodWithDataProviderMethodWorker.java:14)
at java.util.concurrent.FutureTask.run(Unknown Source)
at java.util.concurrent.Executors$RunnableAdapter.call(Unknown Source)
at java.util.concurrent.FutureTask.run(Unknown Source)
at java.util.concurrent.ThreadPoolExecutor.runWorker(Unknown Source)
at java.util.concurrent.ThreadPoolExecutor$Worker.run(Unknown Source)
at java.lang.Thread.run(Unknown Source)
]]>
    </failure>
  </testcase> <!-- AccountCheck -->
  <testcase name="AccountCheck" time="58.537" classname="SupportClasses.Account_Lookup">
    <failure type="java.lang.AssertionError" message="Initialisation of record 0xFD left 1295 bytes remaining still to be read.">
      <![CDATA[java.lang.AssertionError: Initialisation of record 0xFD left 1295 bytes remaining still to be read.
at org.testng.Assert.fail(Assert.java:96)
at SupportClasses.Account_Lookup.AccountCheck(Account_Lookup.java:58)
at sun.reflect.GeneratedMethodAccessor2.invoke(Unknown Source)
at sun.reflect.DelegatingMethodAccessorImpl.invoke(Unknown Source)
at java.lang.reflect.Method.invoke(Unknown Source)
at org.testng.internal.MethodInvocationHelper.invokeMethod(MethodInvocationHelper.java:124)
at org.testng.internal.Invoker.invokeMethod(Invoker.java:580)
at org.testng.internal.Invoker.invokeTestMethod(Invoker.java:716)
at org.testng.internal.TestMethodWithDataProviderMethodWorker.call(TestMethodWithDataProviderMethodWorker.java:71)
at org.testng.internal.TestMethodWithDataProviderMethodWorker.call(TestMethodWithDataProviderMethodWorker.java:14)
at java.util.concurrent.FutureTask.run(Unknown Source)
at java.util.concurrent.Executors$RunnableAdapter.call(Unknown Source)
at java.util.concurrent.FutureTask.run(Unknown Source)
at java.util.concurrent.ThreadPoolExecutor.runWorker(Unknown Source)
at java.util.concurrent.ThreadPoolExecutor$Worker.run(Unknown Source)
at java.lang.Thread.run(Unknown Source)
]]>
    </failure>
  </testcase> <!-- AccountCheck -->
  <testcase name="AccountCheck" time="15.263" classname="SupportClasses.Account_Lookup"/>
  <testcase name="AccountCheck" time="22.581" classname="SupportClasses.Account_Lookup"/>
  <testcase name="AccountCheck" time="34.885" classname="SupportClasses.Account_Lookup"/>
  <testcase name="AccountCheck" time="51.266" classname="SupportClasses.Account_Lookup">
    <failure type="java.lang.AssertionError" message="null">
      <![CDATA[java.lang.AssertionError: null
at org.testng.Assert.fail(Assert.java:96)
at SupportClasses.Account_Lookup.AccountCheck(Account_Lookup.java:58)
at sun.reflect.GeneratedMethodAccessor2.invoke(Unknown Source)
at sun.reflect.DelegatingMethodAccessorImpl.invoke(Unknown Source)
at java.lang.reflect.Method.invoke(Unknown Source)
at org.testng.internal.MethodInvocationHelper.invokeMethod(MethodInvocationHelper.java:124)
at org.testng.internal.Invoker.invokeMethod(Invoker.java:580)
at org.testng.internal.Invoker.invokeTestMethod(Invoker.java:716)
at org.testng.internal.TestMethodWithDataProviderMethodWorker.call(TestMethodWithDataProviderMethodWorker.java:71)
at org.testng.internal.TestMethodWithDataProviderMethodWorker.call(TestMethodWithDataProviderMethodWorker.java:14)
at java.util.concurrent.FutureTask.run(Unknown Source)
at java.util.concurrent.Executors$RunnableAdapter.call(Unknown Source)
at java.util.concurrent.FutureTask.run(Unknown Source)
at java.util.concurrent.ThreadPoolExecutor.runWorker(Unknown Source)
at java.util.concurrent.ThreadPoolExecutor$Worker.run(Unknown Source)
at java.lang.Thread.run(Unknown Source)
]]>
    </failure>
  </testcase> <!-- AccountCheck -->
  <testcase name="AccountCheck" time="44.625" classname="SupportClasses.Account_Lookup">
    <failure type="java.lang.AssertionError" message="null">
      <![CDATA[java.lang.AssertionError: null
at org.testng.Assert.fail(Assert.java:96)
at SupportClasses.Account_Lookup.AccountCheck(Account_Lookup.java:58)
at sun.reflect.GeneratedMethodAccessor2.invoke(Unknown Source)
at sun.reflect.DelegatingMethodAccessorImpl.invoke(Unknown Source)
at java.lang.reflect.Method.invoke(Unknown Source)
at org.testng.internal.MethodInvocationHelper.invokeMethod(MethodInvocationHelper.java:124)
at org.testng.internal.Invoker.invokeMethod(Invoker.java:580)
at org.testng.internal.Invoker.invokeTestMethod(Invoker.java:716)
at org.testng.internal.TestMethodWithDataProviderMethodWorker.call(TestMethodWithDataProviderMethodWorker.java:71)
at org.testng.internal.TestMethodWithDataProviderMethodWorker.call(TestMethodWithDataProviderMethodWorker.java:14)
at java.util.concurrent.FutureTask.run(Unknown Source)
at java.util.concurrent.Executors$RunnableAdapter.call(Unknown Source)
at java.util.concurrent.FutureTask.run(Unknown Source)
at java.util.concurrent.ThreadPoolExecutor.runWorker(Unknown Source)
at java.util.concurrent.ThreadPoolExecutor$Worker.run(Unknown Source)
at java.lang.Thread.run(Unknown Source)
]]>
    </failure>
  </testcase> <!-- AccountCheck -->
  <testcase name="AccountCheck" time="29.676" classname="SupportClasses.Account_Lookup">
    <failure type="java.lang.AssertionError" message="Initialisation of record 0xFD left 1295 bytes remaining still to be read.">
      <![CDATA[java.lang.AssertionError: Initialisation of record 0xFD left 1295 bytes remaining still to be read.
at org.testng.Assert.fail(Assert.java:96)
at SupportClasses.Account_Lookup.AccountCheck(Account_Lookup.java:58)
at sun.reflect.GeneratedMethodAccessor2.invoke(Unknown Source)
at sun.reflect.DelegatingMethodAccessorImpl.invoke(Unknown Source)
at java.lang.reflect.Method.invoke(Unknown Source)
at org.testng.internal.MethodInvocationHelper.invokeMethod(MethodInvocationHelper.java:124)
at org.testng.internal.Invoker.invokeMethod(Invoker.java:580)
at org.testng.internal.Invoker.invokeTestMethod(Invoker.java:716)
at org.testng.internal.TestMethodWithDataProviderMethodWorker.call(TestMethodWithDataProviderMethodWorker.java:71)
at org.testng.internal.TestMethodWithDataProviderMethodWorker.call(TestMethodWithDataProviderMethodWorker.java:14)
at java.util.concurrent.FutureTask.run(Unknown Source)
at java.util.concurrent.Executors$RunnableAdapter.call(Unknown Source)
at java.util.concurrent.FutureTask.run(Unknown Source)
at java.util.concurrent.ThreadPoolExecutor.runWorker(Unknown Source)
at java.util.concurrent.ThreadPoolExecutor$Worker.run(Unknown Source)
at java.lang.Thread.run(Unknown Source)
]]>
    </failure>
  </testcase> <!-- AccountCheck -->
  <testcase name="AccountCheck" time="21.765" classname="SupportClasses.Account_Lookup"/>
  <testcase name="AccountCheck" time="35.448" classname="SupportClasses.Account_Lookup"/>
  <testcase name="AccountCheck" time="15.647" classname="SupportClasses.Account_Lookup"/>
  <testcase name="AccountCheck" time="12.533" classname="SupportClasses.Account_Lookup"/>
  <testcase name="AccountCheck" time="25.449" classname="SupportClasses.Account_Lookup"/>
  <testcase name="AccountCheck" time="22.969" classname="SupportClasses.Account_Lookup"/>
  <testcase name="AccountCheck" time="22.366" classname="SupportClasses.Account_Lookup"/>
  <testcase name="AccountCheck" time="17.905" classname="SupportClasses.Account_Lookup"/>
  <testcase name="AccountCheck" time="28.877" classname="SupportClasses.Account_Lookup"/>
  <testcase name="AccountCheck" time="35.238" classname="SupportClasses.Account_Lookup">
    <failure type="java.lang.AssertionError" message="null">
      <![CDATA[java.lang.AssertionError: null
at org.testng.Assert.fail(Assert.java:96)
at SupportClasses.Account_Lookup.AccountCheck(Account_Lookup.java:58)
at sun.reflect.GeneratedMethodAccessor2.invoke(Unknown Source)
at sun.reflect.DelegatingMethodAccessorImpl.invoke(Unknown Source)
at java.lang.reflect.Method.invoke(Unknown Source)
at org.testng.internal.MethodInvocationHelper.invokeMethod(MethodInvocationHelper.java:124)
at org.testng.internal.Invoker.invokeMethod(Invoker.java:580)
at org.testng.internal.Invoker.invokeTestMethod(Invoker.java:716)
at org.testng.internal.TestMethodWithDataProviderMethodWorker.call(TestMethodWithDataProviderMethodWorker.java:71)
at org.testng.internal.TestMethodWithDataProviderMethodWorker.call(TestMethodWithDataProviderMethodWorker.java:14)
at java.util.concurrent.FutureTask.run(Unknown Source)
at java.util.concurrent.Executors$RunnableAdapter.call(Unknown Source)
at java.util.concurrent.FutureTask.run(Unknown Source)
at java.util.concurrent.ThreadPoolExecutor.runWorker(Unknown Source)
at java.util.concurrent.ThreadPoolExecutor$Worker.run(Unknown Source)
at java.lang.Thread.run(Unknown Source)
]]>
    </failure>
  </testcase> <!-- AccountCheck -->
  <testcase name="AccountCheck" time="9.203" classname="SupportClasses.Account_Lookup">
    <failure type="java.lang.AssertionError" message="Initialisation of record 0xFD left 1295 bytes remaining still to be read.">
      <![CDATA[java.lang.AssertionError: Initialisation of record 0xFD left 1295 bytes remaining still to be read.
at org.testng.Assert.fail(Assert.java:96)
at SupportClasses.Account_Lookup.AccountCheck(Account_Lookup.java:58)
at sun.reflect.GeneratedMethodAccessor2.invoke(Unknown Source)
at sun.reflect.DelegatingMethodAccessorImpl.invoke(Unknown Source)
at java.lang.reflect.Method.invoke(Unknown Source)
at org.testng.internal.MethodInvocationHelper.invokeMethod(MethodInvocationHelper.java:124)
at org.testng.internal.Invoker.invokeMethod(Invoker.java:580)
at org.testng.internal.Invoker.invokeTestMethod(Invoker.java:716)
at org.testng.internal.TestMethodWithDataProviderMethodWorker.call(TestMethodWithDataProviderMethodWorker.java:71)
at org.testng.internal.TestMethodWithDataProviderMethodWorker.call(TestMethodWithDataProviderMethodWorker.java:14)
at java.util.concurrent.FutureTask.run(Unknown Source)
at java.util.concurrent.Executors$RunnableAdapter.call(Unknown Source)
at java.util.concurrent.FutureTask.run(Unknown Source)
at java.util.concurrent.ThreadPoolExecutor.runWorker(Unknown Source)
at java.util.concurrent.ThreadPoolExecutor$Worker.run(Unknown Source)
at java.lang.Thread.run(Unknown Source)
]]>
    </failure>
  </testcase> <!-- AccountCheck -->
  <testcase name="AccountCheck" time="22.810" classname="SupportClasses.Account_Lookup"/>
  <testcase name="AccountCheck" time="37.636" classname="SupportClasses.Account_Lookup"/>
  <testcase name="AccountCheck" time="38.171" classname="SupportClasses.Account_Lookup"/>
  <testcase name="AccountCheck" time="37.487" classname="SupportClasses.Account_Lookup"/>
  <testcase name="AccountCheck" time="10.564" classname="SupportClasses.Account_Lookup">
    <failure type="java.lang.AssertionError" message="null">
      <![CDATA[java.lang.AssertionError: null
at org.testng.Assert.fail(Assert.java:96)
at SupportClasses.Account_Lookup.AccountCheck(Account_Lookup.java:58)
at sun.reflect.GeneratedMethodAccessor2.invoke(Unknown Source)
at sun.reflect.DelegatingMethodAccessorImpl.invoke(Unknown Source)
at java.lang.reflect.Method.invoke(Unknown Source)
at org.testng.internal.MethodInvocationHelper.invokeMethod(MethodInvocationHelper.java:124)
at org.testng.internal.Invoker.invokeMethod(Invoker.java:580)
at org.testng.internal.Invoker.invokeTestMethod(Invoker.java:716)
at org.testng.internal.TestMethodWithDataProviderMethodWorker.call(TestMethodWithDataProviderMethodWorker.java:71)
at org.testng.internal.TestMethodWithDataProviderMethodWorker.call(TestMethodWithDataProviderMethodWorker.java:14)
at java.util.concurrent.FutureTask.run(Unknown Source)
at java.util.concurrent.Executors$RunnableAdapter.call(Unknown Source)
at java.util.concurrent.FutureTask.run(Unknown Source)
at java.util.concurrent.ThreadPoolExecutor.runWorker(Unknown Source)
at java.util.concurrent.ThreadPoolExecutor$Worker.run(Unknown Source)
at java.lang.Thread.run(Unknown Source)
]]>
    </failure>
  </testcase> <!-- AccountCheck -->
  <testcase name="AccountCheck" time="37.639" classname="SupportClasses.Account_Lookup">
    <failure type="java.lang.AssertionError" message="Initialisation of record 0xFD left 1295 bytes remaining still to be read.">
      <![CDATA[java.lang.AssertionError: Initialisation of record 0xFD left 1295 bytes remaining still to be read.
at org.testng.Assert.fail(Assert.java:96)
at SupportClasses.Account_Lookup.AccountCheck(Account_Lookup.java:58)
at sun.reflect.GeneratedMethodAccessor2.invoke(Unknown Source)
at sun.reflect.DelegatingMethodAccessorImpl.invoke(Unknown Source)
at java.lang.reflect.Method.invoke(Unknown Source)
at org.testng.internal.MethodInvocationHelper.invokeMethod(MethodInvocationHelper.java:124)
at org.testng.internal.Invoker.invokeMethod(Invoker.java:580)
at org.testng.internal.Invoker.invokeTestMethod(Invoker.java:716)
at org.testng.internal.TestMethodWithDataProviderMethodWorker.call(TestMethodWithDataProviderMethodWorker.java:71)
at org.testng.internal.TestMethodWithDataProviderMethodWorker.call(TestMethodWithDataProviderMethodWorker.java:14)
at java.util.concurrent.FutureTask.run(Unknown Source)
at java.util.concurrent.Executors$RunnableAdapter.call(Unknown Source)
at java.util.concurrent.FutureTask.run(Unknown Source)
at java.util.concurrent.ThreadPoolExecutor.runWorker(Unknown Source)
at java.util.concurrent.ThreadPoolExecutor$Worker.run(Unknown Source)
at java.lang.Thread.run(Unknown Source)
]]>
    </failure>
  </testcase> <!-- AccountCheck -->
  <testcase name="AccountCheck" time="39.125" classname="SupportClasses.Account_Lookup"/>
  <testcase name="AccountCheck" time="12.508" classname="SupportClasses.Account_Lookup"/>
  <testcase name="AccountCheck" time="29.807" classname="SupportClasses.Account_Lookup"/>
  <testcase name="AccountCheck" time="30.331" classname="SupportClasses.Account_Lookup"/>
  <testcase name="AccountCheck" time="43.114" classname="SupportClasses.Account_Lookup"/>
  <testcase name="AccountCheck" time="34.544" classname="SupportClasses.Account_Lookup"/>
  <testcase name="AccountCheck" time="51.247" classname="SupportClasses.Account_Lookup">
    <failure type="java.lang.AssertionError" message="Initialisation of record 0xFD left 1295 bytes remaining still to be read.">
      <![CDATA[java.lang.AssertionError: Initialisation of record 0xFD left 1295 bytes remaining still to be read.
at org.testng.Assert.fail(Assert.java:96)
at SupportClasses.Account_Lookup.AccountCheck(Account_Lookup.java:58)
at sun.reflect.GeneratedMethodAccessor2.invoke(Unknown Source)
at sun.reflect.DelegatingMethodAccessorImpl.invoke(Unknown Source)
at java.lang.reflect.Method.invoke(Unknown Source)
at org.testng.internal.MethodInvocationHelper.invokeMethod(MethodInvocationHelper.java:124)
at org.testng.internal.Invoker.invokeMethod(Invoker.java:580)
at org.testng.internal.Invoker.invokeTestMethod(Invoker.java:716)
at org.testng.internal.TestMethodWithDataProviderMethodWorker.call(TestMethodWithDataProviderMethodWorker.java:71)
at org.testng.internal.TestMethodWithDataProviderMethodWorker.call(TestMethodWithDataProviderMethodWorker.java:14)
at java.util.concurrent.FutureTask.run(Unknown Source)
at java.util.concurrent.Executors$RunnableAdapter.call(Unknown Source)
at java.util.concurrent.FutureTask.run(Unknown Source)
at java.util.concurrent.ThreadPoolExecutor.runWorker(Unknown Source)
at java.util.concurrent.ThreadPoolExecutor$Worker.run(Unknown Source)
at java.lang.Thread.run(Unknown Source)
]]>
    </failure>
  </testcase> <!-- AccountCheck -->
  <testcase name="AccountCheck" time="7.383" classname="SupportClasses.Account_Lookup"/>
  <testcase name="AccountCheck" time="19.339" classname="SupportClasses.Account_Lookup"/>
  <testcase name="AccountCheck" time="21.308" classname="SupportClasses.Account_Lookup"/>
  <testcase name="AccountCheck" time="23.593" classname="SupportClasses.Account_Lookup"/>
  <testcase name="AccountCheck" time="48.421" classname="SupportClasses.Account_Lookup">
    <failure type="java.lang.AssertionError" message="Initialisation of record 0xFD left 1295 bytes remaining still to be read.">
      <![CDATA[java.lang.AssertionError: Initialisation of record 0xFD left 1295 bytes remaining still to be read.
at org.testng.Assert.fail(Assert.java:96)
at SupportClasses.Account_Lookup.AccountCheck(Account_Lookup.java:58)
at sun.reflect.GeneratedMethodAccessor2.invoke(Unknown Source)
at sun.reflect.DelegatingMethodAccessorImpl.invoke(Unknown Source)
at java.lang.reflect.Method.invoke(Unknown Source)
at org.testng.internal.MethodInvocationHelper.invokeMethod(MethodInvocationHelper.java:124)
at org.testng.internal.Invoker.invokeMethod(Invoker.java:580)
at org.testng.internal.Invoker.invokeTestMethod(Invoker.java:716)
at org.testng.internal.TestMethodWithDataProviderMethodWorker.call(TestMethodWithDataProviderMethodWorker.java:71)
at org.testng.internal.TestMethodWithDataProviderMethodWorker.call(TestMethodWithDataProviderMethodWorker.java:14)
at java.util.concurrent.FutureTask.run(Unknown Source)
at java.util.concurrent.Executors$RunnableAdapter.call(Unknown Source)
at java.util.concurrent.FutureTask.run(Unknown Source)
at java.util.concurrent.ThreadPoolExecutor.runWorker(Unknown Source)
at java.util.concurrent.ThreadPoolExecutor$Worker.run(Unknown Source)
at java.lang.Thread.run(Unknown Source)
]]>
    </failure>
  </testcase> <!-- AccountCheck -->
  <testcase name="AccountCheck" time="5.930" classname="SupportClasses.Account_Lookup"/>
  <testcase name="AccountCheck" time="25.151" classname="SupportClasses.Account_Lookup"/>
  <testcase name="AccountCheck" time="28.349" classname="SupportClasses.Account_Lookup">
    <failure type="java.lang.AssertionError" message="Initialisation of record 0xFD left 1295 bytes remaining still to be read.">
      <![CDATA[java.lang.AssertionError: Initialisation of record 0xFD left 1295 bytes remaining still to be read.
at org.testng.Assert.fail(Assert.java:96)
at SupportClasses.Account_Lookup.AccountCheck(Account_Lookup.java:58)
at sun.reflect.GeneratedMethodAccessor2.invoke(Unknown Source)
at sun.reflect.DelegatingMethodAccessorImpl.invoke(Unknown Source)
at java.lang.reflect.Method.invoke(Unknown Source)
at org.testng.internal.MethodInvocationHelper.invokeMethod(MethodInvocationHelper.java:124)
at org.testng.internal.Invoker.invokeMethod(Invoker.java:580)
at org.testng.internal.Invoker.invokeTestMethod(Invoker.java:716)
at org.testng.internal.TestMethodWithDataProviderMethodWorker.call(TestMethodWithDataProviderMethodWorker.java:71)
at org.testng.internal.TestMethodWithDataProviderMethodWorker.call(TestMethodWithDataProviderMethodWorker.java:14)
at java.util.concurrent.FutureTask.run(Unknown Source)
at java.util.concurrent.Executors$RunnableAdapter.call(Unknown Source)
at java.util.concurrent.FutureTask.run(Unknown Source)
at java.util.concurrent.ThreadPoolExecutor.runWorker(Unknown Source)
at java.util.concurrent.ThreadPoolExecutor$Worker.run(Unknown Source)
at java.lang.Thread.run(Unknown Source)
]]>
    </failure>
  </testcase> <!-- AccountCheck -->
  <testcase name="AccountCheck" time="34.219" classname="SupportClasses.Account_Lookup"/>
  <testcase name="AccountCheck" time="13.665" classname="SupportClasses.Account_Lookup">
    <failure type="java.lang.AssertionError" message="null">
      <![CDATA[java.lang.AssertionError: null
at org.testng.Assert.fail(Assert.java:96)
at SupportClasses.Account_Lookup.AccountCheck(Account_Lookup.java:58)
at sun.reflect.GeneratedMethodAccessor2.invoke(Unknown Source)
at sun.reflect.DelegatingMethodAccessorImpl.invoke(Unknown Source)
at java.lang.reflect.Method.invoke(Unknown Source)
at org.testng.internal.MethodInvocationHelper.invokeMethod(MethodInvocationHelper.java:124)
at org.testng.internal.Invoker.invokeMethod(Invoker.java:580)
at org.testng.internal.Invoker.invokeTestMethod(Invoker.java:716)
at org.testng.internal.TestMethodWithDataProviderMethodWorker.call(TestMethodWithDataProviderMethodWorker.java:71)
at org.testng.internal.TestMethodWithDataProviderMethodWorker.call(TestMethodWithDataProviderMethodWorker.java:14)
at java.util.concurrent.FutureTask.run(Unknown Source)
at java.util.concurrent.Executors$RunnableAdapter.call(Unknown Source)
at java.util.concurrent.FutureTask.run(Unknown Source)
at java.util.concurrent.ThreadPoolExecutor.runWorker(Unknown Source)
at java.util.concurrent.ThreadPoolExecutor$Worker.run(Unknown Source)
at java.lang.Thread.run(Unknown Source)
]]>
    </failure>
  </testcase> <!-- AccountCheck -->
  <testcase name="AccountCheck" time="49.144" classname="SupportClasses.Account_Lookup">
    <failure type="java.lang.AssertionError" message="Initialisation of record 0xFD left 1295 bytes remaining still to be read.">
      <![CDATA[java.lang.AssertionError: Initialisation of record 0xFD left 1295 bytes remaining still to be read.
at org.testng.Assert.fail(Assert.java:96)
at SupportClasses.Account_Lookup.AccountCheck(Account_Lookup.java:58)
at sun.reflect.GeneratedMethodAccessor2.invoke(Unknown Source)
at sun.reflect.DelegatingMethodAccessorImpl.invoke(Unknown Source)
at java.lang.reflect.Method.invoke(Unknown Source)
at org.testng.internal.MethodInvocationHelper.invokeMethod(MethodInvocationHelper.java:124)
at org.testng.internal.Invoker.invokeMethod(Invoker.java:580)
at org.testng.internal.Invoker.invokeTestMethod(Invoker.java:716)
at org.testng.internal.TestMethodWithDataProviderMethodWorker.call(TestMethodWithDataProviderMethodWorker.java:71)
at org.testng.internal.TestMethodWithDataProviderMethodWorker.call(TestMethodWithDataProviderMethodWorker.java:14)
at java.util.concurrent.FutureTask.run(Unknown Source)
at java.util.concurrent.Executors$RunnableAdapter.call(Unknown Source)
at java.util.concurrent.FutureTask.run(Unknown Source)
at java.util.concurrent.ThreadPoolExecutor.runWorker(Unknown Source)
at java.util.concurrent.ThreadPoolExecutor$Worker.run(Unknown Source)
at java.lang.Thread.run(Unknown Source)
]]>
    </failure>
  </testcase> <!-- AccountCheck -->
  <testcase name="AccountCheck" time="14.548" classname="SupportClasses.Account_Lookup"/>
  <testcase name="AccountCheck" time="14.534" classname="SupportClasses.Account_Lookup"/>
  <testcase name="AccountCheck" time="35.718" classname="SupportClasses.Account_Lookup"/>
  <testcase name="AccountCheck" time="14.508" classname="SupportClasses.Account_Lookup"/>
  <testcase name="AccountCheck" time="37.900" classname="SupportClasses.Account_Lookup"/>
  <testcase name="AccountCheck" time="49.740" classname="SupportClasses.Account_Lookup">
    <failure type="java.lang.AssertionError" message="Initialisation of record 0xFD left 1295 bytes remaining still to be read.">
      <![CDATA[java.lang.AssertionError: Initialisation of record 0xFD left 1295 bytes remaining still to be read.
at org.testng.Assert.fail(Assert.java:96)
at SupportClasses.Account_Lookup.AccountCheck(Account_Lookup.java:58)
at sun.reflect.GeneratedMethodAccessor2.invoke(Unknown Source)
at sun.reflect.DelegatingMethodAccessorImpl.invoke(Unknown Source)
at java.lang.reflect.Method.invoke(Unknown Source)
at org.testng.internal.MethodInvocationHelper.invokeMethod(MethodInvocationHelper.java:124)
at org.testng.internal.Invoker.invokeMethod(Invoker.java:580)
at org.testng.internal.Invoker.invokeTestMethod(Invoker.java:716)
at org.testng.internal.TestMethodWithDataProviderMethodWorker.call(TestMethodWithDataProviderMethodWorker.java:71)
at org.testng.internal.TestMethodWithDataProviderMethodWorker.call(TestMethodWithDataProviderMethodWorker.java:14)
at java.util.concurrent.FutureTask.run(Unknown Source)
at java.util.concurrent.Executors$RunnableAdapter.call(Unknown Source)
at java.util.concurrent.FutureTask.run(Unknown Source)
at java.util.concurrent.ThreadPoolExecutor.runWorker(Unknown Source)
at java.util.concurrent.ThreadPoolExecutor$Worker.run(Unknown Source)
at java.lang.Thread.run(Unknown Source)
]]>
    </failure>
  </testcase> <!-- AccountCheck -->
  <testcase name="AccountCheck" time="4.943" classname="SupportClasses.Account_Lookup"/>
  <testcase name="AccountCheck" time="27.733" classname="SupportClasses.Account_Lookup"/>
  <testcase name="AccountCheck" time="5.429" classname="SupportClasses.Account_Lookup"/>
  <testcase name="AccountCheck" time="27.785" classname="SupportClasses.Account_Lookup">
    <failure type="java.lang.AssertionError" message="null">
      <![CDATA[java.lang.AssertionError: null
at org.testng.Assert.fail(Assert.java:96)
at SupportClasses.Account_Lookup.AccountCheck(Account_Lookup.java:58)
at sun.reflect.GeneratedMethodAccessor2.invoke(Unknown Source)
at sun.reflect.DelegatingMethodAccessorImpl.invoke(Unknown Source)
at java.lang.reflect.Method.invoke(Unknown Source)
at org.testng.internal.MethodInvocationHelper.invokeMethod(MethodInvocationHelper.java:124)
at org.testng.internal.Invoker.invokeMethod(Invoker.java:580)
at org.testng.internal.Invoker.invokeTestMethod(Invoker.java:716)
at org.testng.internal.TestMethodWithDataProviderMethodWorker.call(TestMethodWithDataProviderMethodWorker.java:71)
at org.testng.internal.TestMethodWithDataProviderMethodWorker.call(TestMethodWithDataProviderMethodWorker.java:14)
at java.util.concurrent.FutureTask.run(Unknown Source)
at java.util.concurrent.Executors$RunnableAdapter.call(Unknown Source)
at java.util.concurrent.FutureTask.run(Unknown Source)
at java.util.concurrent.ThreadPoolExecutor.runWorker(Unknown Source)
at java.util.concurrent.ThreadPoolExecutor$Worker.run(Unknown Source)
at java.lang.Thread.run(Unknown Source)
]]>
    </failure>
  </testcase> <!-- AccountCheck -->
  <testcase name="AccountCheck" time="33.074" classname="SupportClasses.Account_Lookup"/>
  <testcase name="AccountCheck" time="24.503" classname="SupportClasses.Account_Lookup"/>
  <testcase name="AccountCheck" time="37.784" classname="SupportClasses.Account_Lookup"/>
  <testcase name="AccountCheck" time="13.846" classname="SupportClasses.Account_Lookup"/>
  <testcase name="AccountCheck" time="13.675" classname="SupportClasses.Account_Lookup"/>
  <testcase name="AccountCheck" time="21.146" classname="SupportClasses.Account_Lookup"/>
  <testcase name="AccountCheck" time="20.738" classname="SupportClasses.Account_Lookup"/>
  <testcase name="AccountCheck" time="19.631" classname="SupportClasses.Account_Lookup"/>
  <testcase name="AccountCheck" time="19.494" classname="SupportClasses.Account_Lookup">
    <failure type="java.lang.AssertionError" message="Initialisation of record 0xFD left 1295 bytes remaining still to be read.">
      <![CDATA[java.lang.AssertionError: Initialisation of record 0xFD left 1295 bytes remaining still to be read.
at org.testng.Assert.fail(Assert.java:96)
at SupportClasses.Account_Lookup.AccountCheck(Account_Lookup.java:58)
at sun.reflect.GeneratedMethodAccessor2.invoke(Unknown Source)
at sun.reflect.DelegatingMethodAccessorImpl.invoke(Unknown Source)
at java.lang.reflect.Method.invoke(Unknown Source)
at org.testng.internal.MethodInvocationHelper.invokeMethod(MethodInvocationHelper.java:124)
at org.testng.internal.Invoker.invokeMethod(Invoker.java:580)
at org.testng.internal.Invoker.invokeTestMethod(Invoker.java:716)
at org.testng.internal.TestMethodWithDataProviderMethodWorker.call(TestMethodWithDataProviderMethodWorker.java:71)
at org.testng.internal.TestMethodWithDataProviderMethodWorker.call(TestMethodWithDataProviderMethodWorker.java:14)
at java.util.concurrent.FutureTask.run(Unknown Source)
at java.util.concurrent.Executors$RunnableAdapter.call(Unknown Source)
at java.util.concurrent.FutureTask.run(Unknown Source)
at java.util.concurrent.ThreadPoolExecutor.runWorker(Unknown Source)
at java.util.concurrent.ThreadPoolExecutor$Worker.run(Unknown Source)
at java.lang.Thread.run(Unknown Source)
]]>
    </failure>
  </testcase> <!-- AccountCheck -->
  <testcase name="AccountCheck" time="9.613" classname="SupportClasses.Account_Lookup"/>
  <testcase name="AccountCheck" time="44.825" classname="SupportClasses.Account_Lookup"/>
  <testcase name="AccountCheck" time="26.354" classname="SupportClasses.Account_Lookup">
    <failure type="java.lang.AssertionError" message="null">
      <![CDATA[java.lang.AssertionError: null
at org.testng.Assert.fail(Assert.java:96)
at SupportClasses.Account_Lookup.AccountCheck(Account_Lookup.java:58)
at sun.reflect.GeneratedMethodAccessor2.invoke(Unknown Source)
at sun.reflect.DelegatingMethodAccessorImpl.invoke(Unknown Source)
at java.lang.reflect.Method.invoke(Unknown Source)
at org.testng.internal.MethodInvocationHelper.invokeMethod(MethodInvocationHelper.java:124)
at org.testng.internal.Invoker.invokeMethod(Invoker.java:580)
at org.testng.internal.Invoker.invokeTestMethod(Invoker.java:716)
at org.testng.internal.TestMethodWithDataProviderMethodWorker.call(TestMethodWithDataProviderMethodWorker.java:71)
at org.testng.internal.TestMethodWithDataProviderMethodWorker.call(TestMethodWithDataProviderMethodWorker.java:14)
at java.util.concurrent.FutureTask.run(Unknown Source)
at java.util.concurrent.Executors$RunnableAdapter.call(Unknown Source)
at java.util.concurrent.FutureTask.run(Unknown Source)
at java.util.concurrent.ThreadPoolExecutor.runWorker(Unknown Source)
at java.util.concurrent.ThreadPoolExecutor$Worker.run(Unknown Source)
at java.lang.Thread.run(Unknown Source)
]]>
    </failure>
  </testcase> <!-- AccountCheck -->
  <testcase name="AccountCheck" time="28.026" classname="SupportClasses.Account_Lookup">
    <failure type="java.lang.AssertionError" message="Initialisation of record 0xFD left 1295 bytes remaining still to be read.">
      <![CDATA[java.lang.AssertionError: Initialisation of record 0xFD left 1295 bytes remaining still to be read.
at org.testng.Assert.fail(Assert.java:96)
at SupportClasses.Account_Lookup.AccountCheck(Account_Lookup.java:58)
at sun.reflect.GeneratedMethodAccessor2.invoke(Unknown Source)
at sun.reflect.DelegatingMethodAccessorImpl.invoke(Unknown Source)
at java.lang.reflect.Method.invoke(Unknown Source)
at org.testng.internal.MethodInvocationHelper.invokeMethod(MethodInvocationHelper.java:124)
at org.testng.internal.Invoker.invokeMethod(Invoker.java:580)
at org.testng.internal.Invoker.invokeTestMethod(Invoker.java:716)
at org.testng.internal.TestMethodWithDataProviderMethodWorker.call(TestMethodWithDataProviderMethodWorker.java:71)
at org.testng.internal.TestMethodWithDataProviderMethodWorker.call(TestMethodWithDataProviderMethodWorker.java:14)
at java.util.concurrent.FutureTask.run(Unknown Source)
at java.util.concurrent.Executors$RunnableAdapter.call(Unknown Source)
at java.util.concurrent.FutureTask.run(Unknown Source)
at java.util.concurrent.ThreadPoolExecutor.runWorker(Unknown Source)
at java.util.concurrent.ThreadPoolExecutor$Worker.run(Unknown Source)
at java.lang.Thread.run(Unknown Source)
]]>
    </failure>
  </testcase> <!-- AccountCheck -->
  <testcase name="AccountCheck" time="10.137" classname="SupportClasses.Account_Lookup"/>
  <testcase name="AccountCheck" time="27.314" classname="SupportClasses.Account_Lookup"/>
  <testcase name="AccountCheck" time="9.280" classname="SupportClasses.Account_Lookup"/>
  <testcase name="AccountCheck" time="12.130" classname="SupportClasses.Account_Lookup">
    <failure type="java.lang.AssertionError" message="null">
      <![CDATA[java.lang.AssertionError: null
at org.testng.Assert.fail(Assert.java:96)
at SupportClasses.Account_Lookup.AccountCheck(Account_Lookup.java:58)
at sun.reflect.GeneratedMethodAccessor2.invoke(Unknown Source)
at sun.reflect.DelegatingMethodAccessorImpl.invoke(Unknown Source)
at java.lang.reflect.Method.invoke(Unknown Source)
at org.testng.internal.MethodInvocationHelper.invokeMethod(MethodInvocationHelper.java:124)
at org.testng.internal.Invoker.invokeMethod(Invoker.java:580)
at org.testng.internal.Invoker.invokeTestMethod(Invoker.java:716)
at org.testng.internal.TestMethodWithDataProviderMethodWorker.call(TestMethodWithDataProviderMethodWorker.java:71)
at org.testng.internal.TestMethodWithDataProviderMethodWorker.call(TestMethodWithDataProviderMethodWorker.java:14)
at java.util.concurrent.FutureTask.run(Unknown Source)
at java.util.concurrent.Executors$RunnableAdapter.call(Unknown Source)
at java.util.concurrent.FutureTask.run(Unknown Source)
at java.util.concurrent.ThreadPoolExecutor.runWorker(Unknown Source)
at java.util.concurrent.ThreadPoolExecutor$Worker.run(Unknown Source)
at java.lang.Thread.run(Unknown Source)
]]>
    </failure>
  </testcase> <!-- AccountCheck -->
  <testcase name="AccountCheck" time="28.625" classname="SupportClasses.Account_Lookup"/>
  <testcase name="AccountCheck" time="20.462" classname="SupportClasses.Account_Lookup"/>
  <testcase name="AccountCheck" time="38.341" classname="SupportClasses.Account_Lookup">
    <failure type="java.lang.AssertionError" message="Initialisation of record 0xFD left 1295 bytes remaining still to be read.">
      <![CDATA[java.lang.AssertionError: Initialisation of record 0xFD left 1295 bytes remaining still to be read.
at org.testng.Assert.fail(Assert.java:96)
at SupportClasses.Account_Lookup.AccountCheck(Account_Lookup.java:58)
at sun.reflect.GeneratedMethodAccessor2.invoke(Unknown Source)
at sun.reflect.DelegatingMethodAccessorImpl.invoke(Unknown Source)
at java.lang.reflect.Method.invoke(Unknown Source)
at org.testng.internal.MethodInvocationHelper.invokeMethod(MethodInvocationHelper.java:124)
at org.testng.internal.Invoker.invokeMethod(Invoker.java:580)
at org.testng.internal.Invoker.invokeTestMethod(Invoker.java:716)
at org.testng.internal.TestMethodWithDataProviderMethodWorker.call(TestMethodWithDataProviderMethodWorker.java:71)
at org.testng.internal.TestMethodWithDataProviderMethodWorker.call(TestMethodWithDataProviderMethodWorker.java:14)
at java.util.concurrent.FutureTask.run(Unknown Source)
at java.util.concurrent.Executors$RunnableAdapter.call(Unknown Source)
at java.util.concurrent.FutureTask.run(Unknown Source)
at java.util.concurrent.ThreadPoolExecutor.runWorker(Unknown Source)
at java.util.concurrent.ThreadPoolExecutor$Worker.run(Unknown Source)
at java.lang.Thread.run(Unknown Source)
]]>
    </failure>
  </testcase> <!-- AccountCheck -->
  <testcase name="AccountCheck" time="38.424" classname="SupportClasses.Account_Lookup">
    <failure type="java.lang.AssertionError" message="Initialisation of record 0xFD left 1295 bytes remaining still to be read.">
      <![CDATA[java.lang.AssertionError: Initialisation of record 0xFD left 1295 bytes remaining still to be read.
at org.testng.Assert.fail(Assert.java:96)
at SupportClasses.Account_Lookup.AccountCheck(Account_Lookup.java:58)
at sun.reflect.GeneratedMethodAccessor2.invoke(Unknown Source)
at sun.reflect.DelegatingMethodAccessorImpl.invoke(Unknown Source)
at java.lang.reflect.Method.invoke(Unknown Source)
at org.testng.internal.MethodInvocationHelper.invokeMethod(MethodInvocationHelper.java:124)
at org.testng.internal.Invoker.invokeMethod(Invoker.java:580)
at org.testng.internal.Invoker.invokeTestMethod(Invoker.java:716)
at org.testng.internal.TestMethodWithDataProviderMethodWorker.call(TestMethodWithDataProviderMethodWorker.java:71)
at org.testng.internal.TestMethodWithDataProviderMethodWorker.call(TestMethodWithDataProviderMethodWorker.java:14)
at java.util.concurrent.FutureTask.run(Unknown Source)
at java.util.concurrent.Executors$RunnableAdapter.call(Unknown Source)
at java.util.concurrent.FutureTask.run(Unknown Source)
at java.util.concurrent.ThreadPoolExecutor.runWorker(Unknown Source)
at java.util.concurrent.ThreadPoolExecutor$Worker.run(Unknown Source)
at java.lang.Thread.run(Unknown Source)
]]>
    </failure>
  </testcase> <!-- AccountCheck -->
  <testcase name="AccountCheck" time="45.387" classname="SupportClasses.Account_Lookup"/>
  <testcase name="AccountCheck" time="23.090" classname="SupportClasses.Account_Lookup"/>
  <testcase name="AccountCheck" time="30.589" classname="SupportClasses.Account_Lookup"/>
  <testcase name="AccountCheck" time="7.832" classname="SupportClasses.Account_Lookup"/>
  <testcase name="AccountCheck" time="17.149" classname="SupportClasses.Account_Lookup"/>
  <testcase name="AccountCheck" time="20.393" classname="SupportClasses.Account_Lookup"/>
  <testcase name="AccountCheck" time="20.746" classname="SupportClasses.Account_Lookup"/>
  <testcase name="AccountCheck" time="35.070" classname="SupportClasses.Account_Lookup"/>
  <testcase name="AccountCheck" time="39.917" classname="SupportClasses.Account_Lookup"/>
  <testcase name="AccountCheck" time="40.021" classname="SupportClasses.Account_Lookup">
    <failure type="java.lang.AssertionError" message="null">
      <![CDATA[java.lang.AssertionError: null
at org.testng.Assert.fail(Assert.java:96)
at SupportClasses.Account_Lookup.AccountCheck(Account_Lookup.java:58)
at sun.reflect.GeneratedMethodAccessor2.invoke(Unknown Source)
at sun.reflect.DelegatingMethodAccessorImpl.invoke(Unknown Source)
at java.lang.reflect.Method.invoke(Unknown Source)
at org.testng.internal.MethodInvocationHelper.invokeMethod(MethodInvocationHelper.java:124)
at org.testng.internal.Invoker.invokeMethod(Invoker.java:580)
at org.testng.internal.Invoker.invokeTestMethod(Invoker.java:716)
at org.testng.internal.TestMethodWithDataProviderMethodWorker.call(TestMethodWithDataProviderMethodWorker.java:71)
at org.testng.internal.TestMethodWithDataProviderMethodWorker.call(TestMethodWithDataProviderMethodWorker.java:14)
at java.util.concurrent.FutureTask.run(Unknown Source)
at java.util.concurrent.Executors$RunnableAdapter.call(Unknown Source)
at java.util.concurrent.FutureTask.run(Unknown Source)
at java.util.concurrent.ThreadPoolExecutor.runWorker(Unknown Source)
at java.util.concurrent.ThreadPoolExecutor$Worker.run(Unknown Source)
at java.lang.Thread.run(Unknown Source)
]]>
    </failure>
  </testcase> <!-- AccountCheck -->
  <testcase name="AccountCheck" time="12.775" classname="SupportClasses.Account_Lookup"/>
  <testcase name="AccountCheck" time="33.277" classname="SupportClasses.Account_Lookup"/>
  <testcase name="AccountCheck" time="35.823" classname="SupportClasses.Account_Lookup">
    <failure type="java.lang.AssertionError" message="null">
      <![CDATA[java.lang.AssertionError: null
at org.testng.Assert.fail(Assert.java:96)
at SupportClasses.Account_Lookup.AccountCheck(Account_Lookup.java:58)
at sun.reflect.GeneratedMethodAccessor2.invoke(Unknown Source)
at sun.reflect.DelegatingMethodAccessorImpl.invoke(Unknown Source)
at java.lang.reflect.Method.invoke(Unknown Source)
at org.testng.internal.MethodInvocationHelper.invokeMethod(MethodInvocationHelper.java:124)
at org.testng.internal.Invoker.invokeMethod(Invoker.java:580)
at org.testng.internal.Invoker.invokeTestMethod(Invoker.java:716)
at org.testng.internal.TestMethodWithDataProviderMethodWorker.call(TestMethodWithDataProviderMethodWorker.java:71)
at org.testng.internal.TestMethodWithDataProviderMethodWorker.call(TestMethodWithDataProviderMethodWorker.java:14)
at java.util.concurrent.FutureTask.run(Unknown Source)
at java.util.concurrent.Executors$RunnableAdapter.call(Unknown Source)
at java.util.concurrent.FutureTask.run(Unknown Source)
at java.util.concurrent.ThreadPoolExecutor.runWorker(Unknown Source)
at java.util.concurrent.ThreadPoolExecutor$Worker.run(Unknown Source)
at java.lang.Thread.run(Unknown Source)
]]>
    </failure>
  </testcase> <!-- AccountCheck -->
  <testcase name="AccountCheck" time="30.976" classname="SupportClasses.Account_Lookup"/>
  <testcase name="AccountCheck" time="23.118" classname="SupportClasses.Account_Lookup"/>
  <testcase name="AccountCheck" time="9.927" classname="SupportClasses.Account_Lookup"/>
  <testcase name="AccountCheck" time="14.246" classname="SupportClasses.Account_Lookup"/>
  <testcase name="AccountCheck" time="35.682" classname="SupportClasses.Account_Lookup"/>
  <testcase name="AccountCheck" time="8.210" classname="SupportClasses.Account_Lookup">
    <failure type="java.lang.AssertionError" message="Initialisation of record 0xFD left 1295 bytes remaining still to be read.">
      <![CDATA[java.lang.AssertionError: Initialisation of record 0xFD left 1295 bytes remaining still to be read.
at org.testng.Assert.fail(Assert.java:96)
at SupportClasses.Account_Lookup.AccountCheck(Account_Lookup.java:58)
at sun.reflect.GeneratedMethodAccessor2.invoke(Unknown Source)
at sun.reflect.DelegatingMethodAccessorImpl.invoke(Unknown Source)
at java.lang.reflect.Method.invoke(Unknown Source)
at org.testng.internal.MethodInvocationHelper.invokeMethod(MethodInvocationHelper.java:124)
at org.testng.internal.Invoker.invokeMethod(Invoker.java:580)
at org.testng.internal.Invoker.invokeTestMethod(Invoker.java:716)
at org.testng.internal.TestMethodWithDataProviderMethodWorker.call(TestMethodWithDataProviderMethodWorker.java:71)
at org.testng.internal.TestMethodWithDataProviderMethodWorker.call(TestMethodWithDataProviderMethodWorker.java:14)
at java.util.concurrent.FutureTask.run(Unknown Source)
at java.util.concurrent.Executors$RunnableAdapter.call(Unknown Source)
at java.util.concurrent.FutureTask.run(Unknown Source)
at java.util.concurrent.ThreadPoolExecutor.runWorker(Unknown Source)
at java.util.concurrent.ThreadPoolExecutor$Worker.run(Unknown Source)
at java.lang.Thread.run(Unknown Source)
]]>
    </failure>
  </testcase> <!-- AccountCheck -->
  <testcase name="AccountCheck" time="36.369" classname="SupportClasses.Account_Lookup"/>
  <testcase name="AccountCheck" time="33.268" classname="SupportClasses.Account_Lookup"/>
  <testcase name="AccountCheck" time="10.771" classname="SupportClasses.Account_Lookup"/>
  <testcase name="AccountCheck" time="8.132" classname="SupportClasses.Account_Lookup">
    <failure type="java.lang.AssertionError" message="Initialisation of record 0xFD left 1295 bytes remaining still to be read.">
      <![CDATA[java.lang.AssertionError: Initialisation of record 0xFD left 1295 bytes remaining still to be read.
at org.testng.Assert.fail(Assert.java:96)
at SupportClasses.Account_Lookup.AccountCheck(Account_Lookup.java:58)
at sun.reflect.GeneratedMethodAccessor2.invoke(Unknown Source)
at sun.reflect.DelegatingMethodAccessorImpl.invoke(Unknown Source)
at java.lang.reflect.Method.invoke(Unknown Source)
at org.testng.internal.MethodInvocationHelper.invokeMethod(MethodInvocationHelper.java:124)
at org.testng.internal.Invoker.invokeMethod(Invoker.java:580)
at org.testng.internal.Invoker.invokeTestMethod(Invoker.java:716)
at org.testng.internal.TestMethodWithDataProviderMethodWorker.call(TestMethodWithDataProviderMethodWorker.java:71)
at org.testng.internal.TestMethodWithDataProviderMethodWorker.call(TestMethodWithDataProviderMethodWorker.java:14)
at java.util.concurrent.FutureTask.run(Unknown Source)
at java.util.concurrent.Executors$RunnableAdapter.call(Unknown Source)
at java.util.concurrent.FutureTask.run(Unknown Source)
at java.util.concurrent.ThreadPoolExecutor.runWorker(Unknown Source)
at java.util.concurrent.ThreadPoolExecutor$Worker.run(Unknown Source)
at java.lang.Thread.run(Unknown Source)
]]>
    </failure>
  </testcase> <!-- AccountCheck -->
  <testcase name="AccountCheck" time="36.733" classname="SupportClasses.Account_Lookup"/>
  <testcase name="AccountCheck" time="13.565" classname="SupportClasses.Account_Lookup"/>
  <testcase name="AccountCheck" time="10.080" classname="SupportClasses.Account_Lookup"/>
  <testcase name="AccountCheck" time="4.852" classname="SupportClasses.Account_Lookup"/>
  <testcase name="AccountCheck" time="14.581" classname="SupportClasses.Account_Lookup">
    <failure type="java.lang.AssertionError" message="Unable to read entire header; 0 bytes read; expected 512 bytes">
      <![CDATA[java.lang.AssertionError: Unable to read entire header; 0 bytes read; expected 512 bytes
at org.testng.Assert.fail(Assert.java:96)
at SupportClasses.Account_Lookup.AccountCheck(Account_Lookup.java:58)
at sun.reflect.GeneratedMethodAccessor2.invoke(Unknown Source)
at sun.reflect.DelegatingMethodAccessorImpl.invoke(Unknown Source)
at java.lang.reflect.Method.invoke(Unknown Source)
at org.testng.internal.MethodInvocationHelper.invokeMethod(MethodInvocationHelper.java:124)
at org.testng.internal.Invoker.invokeMethod(Invoker.java:580)
at org.testng.internal.Invoker.invokeTestMethod(Invoker.java:716)
at org.testng.internal.TestMethodWithDataProviderMethodWorker.call(TestMethodWithDataProviderMethodWorker.java:71)
at org.testng.internal.TestMethodWithDataProviderMethodWorker.call(TestMethodWithDataProviderMethodWorker.java:14)
at java.util.concurrent.FutureTask.run(Unknown Source)
at java.util.concurrent.Executors$RunnableAdapter.call(Unknown Source)
at java.util.concurrent.FutureTask.run(Unknown Source)
at java.util.concurrent.ThreadPoolExecutor.runWorker(Unknown Source)
at java.util.concurrent.ThreadPoolExecutor$Worker.run(Unknown Source)
at java.lang.Thread.run(Unknown Source)
]]>
    </failure>
  </testcase> <!-- AccountCheck -->
  <testcase name="AccountCheck" time="18.391" classname="SupportClasses.Account_Lookup">
    <failure type="java.lang.AssertionError" message="Initialisation of record 0xFD left 1295 bytes remaining still to be read.">
      <![CDATA[java.lang.AssertionError: Initialisation of record 0xFD left 1295 bytes remaining still to be read.
at org.testng.Assert.fail(Assert.java:96)
at SupportClasses.Account_Lookup.AccountCheck(Account_Lookup.java:58)
at sun.reflect.GeneratedMethodAccessor2.invoke(Unknown Source)
at sun.reflect.DelegatingMethodAccessorImpl.invoke(Unknown Source)
at java.lang.reflect.Method.invoke(Unknown Source)
at org.testng.internal.MethodInvocationHelper.invokeMethod(MethodInvocationHelper.java:124)
at org.testng.internal.Invoker.invokeMethod(Invoker.java:580)
at org.testng.internal.Invoker.invokeTestMethod(Invoker.java:716)
at org.testng.internal.TestMethodWithDataProviderMethodWorker.call(TestMethodWithDataProviderMethodWorker.java:71)
at org.testng.internal.TestMethodWithDataProviderMethodWorker.call(TestMethodWithDataProviderMethodWorker.java:14)
at java.util.concurrent.FutureTask.run(Unknown Source)
at java.util.concurrent.Executors$RunnableAdapter.call(Unknown Source)
at java.util.concurrent.FutureTask.run(Unknown Source)
at java.util.concurrent.ThreadPoolExecutor.runWorker(Unknown Source)
at java.util.concurrent.ThreadPoolExecutor$Worker.run(Unknown Source)
at java.lang.Thread.run(Unknown Source)
]]>
    </failure>
  </testcase> <!-- AccountCheck -->
  <testcase name="AccountCheck" time="34.096" classname="SupportClasses.Account_Lookup"/>
  <testcase name="AccountCheck" time="35.658" classname="SupportClasses.Account_Lookup"/>
  <testcase name="AccountCheck" time="19.290" classname="SupportClasses.Account_Lookup">
    <failure type="java.lang.AssertionError" message="null">
      <![CDATA[java.lang.AssertionError: null
at org.testng.Assert.fail(Assert.java:96)
at SupportClasses.Account_Lookup.AccountCheck(Account_Lookup.java:58)
at sun.reflect.GeneratedMethodAccessor2.invoke(Unknown Source)
at sun.reflect.DelegatingMethodAccessorImpl.invoke(Unknown Source)
at java.lang.reflect.Method.invoke(Unknown Source)
at org.testng.internal.MethodInvocationHelper.invokeMethod(MethodInvocationHelper.java:124)
at org.testng.internal.Invoker.invokeMethod(Invoker.java:580)
at org.testng.internal.Invoker.invokeTestMethod(Invoker.java:716)
at org.testng.internal.TestMethodWithDataProviderMethodWorker.call(TestMethodWithDataProviderMethodWorker.java:71)
at org.testng.internal.TestMethodWithDataProviderMethodWorker.call(TestMethodWithDataProviderMethodWorker.java:14)
at java.util.concurrent.FutureTask.run(Unknown Source)
at java.util.concurrent.Executors$RunnableAdapter.call(Unknown Source)
at java.util.concurrent.FutureTask.run(Unknown Source)
at java.util.concurrent.ThreadPoolExecutor.runWorker(Unknown Source)
at java.util.concurrent.ThreadPoolExecutor$Worker.run(Unknown Source)
at java.lang.Thread.run(Unknown Source)
]]>
    </failure>
  </testcase> <!-- AccountCheck -->
  <testcase name="AccountCheck" time="7.441" classname="SupportClasses.Account_Lookup"/>
  <testcase name="AccountCheck" time="29.709" classname="SupportClasses.Account_Lookup"/>
  <testcase name="AccountCheck" time="37.562" classname="SupportClasses.Account_Lookup"/>
  <testcase name="AccountCheck" time="28.251" classname="SupportClasses.Account_Lookup"/>
  <testcase name="AccountCheck" time="15.080" classname="SupportClasses.Account_Lookup"/>
  <testcase name="AccountCheck" time="30.163" classname="SupportClasses.Account_Lookup"/>
  <testcase name="AccountCheck" time="23.673" classname="SupportClasses.Account_Lookup"/>
  <testcase name="AccountCheck" time="11.076" classname="SupportClasses.Account_Lookup"/>
  <testcase name="AccountCheck" time="38.863" classname="SupportClasses.Account_Lookup"/>
  <testcase name="AccountCheck" time="8.934" classname="SupportClasses.Account_Lookup"/>
  <testcase name="AccountCheck" time="22.628" classname="SupportClasses.Account_Lookup"/>
  <testcase name="AccountCheck" time="38.560" classname="SupportClasses.Account_Lookup">
    <failure type="java.lang.AssertionError" message="null">
      <![CDATA[java.lang.AssertionError: null
at org.testng.Assert.fail(Assert.java:96)
at SupportClasses.Account_Lookup.AccountCheck(Account_Lookup.java:58)
at sun.reflect.GeneratedMethodAccessor2.invoke(Unknown Source)
at sun.reflect.DelegatingMethodAccessorImpl.invoke(Unknown Source)
at java.lang.reflect.Method.invoke(Unknown Source)
at org.testng.internal.MethodInvocationHelper.invokeMethod(MethodInvocationHelper.java:124)
at org.testng.internal.Invoker.invokeMethod(Invoker.java:580)
at org.testng.internal.Invoker.invokeTestMethod(Invoker.java:716)
at org.testng.internal.TestMethodWithDataProviderMethodWorker.call(TestMethodWithDataProviderMethodWorker.java:71)
at org.testng.internal.TestMethodWithDataProviderMethodWorker.call(TestMethodWithDataProviderMethodWorker.java:14)
at java.util.concurrent.FutureTask.run(Unknown Source)
at java.util.concurrent.Executors$RunnableAdapter.call(Unknown Source)
at java.util.concurrent.FutureTask.run(Unknown Source)
at java.util.concurrent.ThreadPoolExecutor.runWorker(Unknown Source)
at java.util.concurrent.ThreadPoolExecutor$Worker.run(Unknown Source)
at java.lang.Thread.run(Unknown Source)
]]>
    </failure>
  </testcase> <!-- AccountCheck -->
  <testcase name="AccountCheck" time="29.617" classname="SupportClasses.Account_Lookup">
    <failure type="java.lang.AssertionError" message="Initialisation of record 0xFD left 1295 bytes remaining still to be read.">
      <![CDATA[java.lang.AssertionError: Initialisation of record 0xFD left 1295 bytes remaining still to be read.
at org.testng.Assert.fail(Assert.java:96)
at SupportClasses.Account_Lookup.AccountCheck(Account_Lookup.java:58)
at sun.reflect.GeneratedMethodAccessor2.invoke(Unknown Source)
at sun.reflect.DelegatingMethodAccessorImpl.invoke(Unknown Source)
at java.lang.reflect.Method.invoke(Unknown Source)
at org.testng.internal.MethodInvocationHelper.invokeMethod(MethodInvocationHelper.java:124)
at org.testng.internal.Invoker.invokeMethod(Invoker.java:580)
at org.testng.internal.Invoker.invokeTestMethod(Invoker.java:716)
at org.testng.internal.TestMethodWithDataProviderMethodWorker.call(TestMethodWithDataProviderMethodWorker.java:71)
at org.testng.internal.TestMethodWithDataProviderMethodWorker.call(TestMethodWithDataProviderMethodWorker.java:14)
at java.util.concurrent.FutureTask.run(Unknown Source)
at java.util.concurrent.Executors$RunnableAdapter.call(Unknown Source)
at java.util.concurrent.FutureTask.run(Unknown Source)
at java.util.concurrent.ThreadPoolExecutor.runWorker(Unknown Source)
at java.util.concurrent.ThreadPoolExecutor$Worker.run(Unknown Source)
at java.lang.Thread.run(Unknown Source)
]]>
    </failure>
  </testcase> <!-- AccountCheck -->
  <testcase name="AccountCheck" time="24.620" classname="SupportClasses.Account_Lookup">
    <failure type="java.lang.AssertionError" message="Initialisation of record 0xFD left 1295 bytes remaining still to be read.">
      <![CDATA[java.lang.AssertionError: Initialisation of record 0xFD left 1295 bytes remaining still to be read.
at org.testng.Assert.fail(Assert.java:96)
at SupportClasses.Account_Lookup.AccountCheck(Account_Lookup.java:58)
at sun.reflect.GeneratedMethodAccessor2.invoke(Unknown Source)
at sun.reflect.DelegatingMethodAccessorImpl.invoke(Unknown Source)
at java.lang.reflect.Method.invoke(Unknown Source)
at org.testng.internal.MethodInvocationHelper.invokeMethod(MethodInvocationHelper.java:124)
at org.testng.internal.Invoker.invokeMethod(Invoker.java:580)
at org.testng.internal.Invoker.invokeTestMethod(Invoker.java:716)
at org.testng.internal.TestMethodWithDataProviderMethodWorker.call(TestMethodWithDataProviderMethodWorker.java:71)
at org.testng.internal.TestMethodWithDataProviderMethodWorker.call(TestMethodWithDataProviderMethodWorker.java:14)
at java.util.concurrent.FutureTask.run(Unknown Source)
at java.util.concurrent.Executors$RunnableAdapter.call(Unknown Source)
at java.util.concurrent.FutureTask.run(Unknown Source)
at java.util.concurrent.ThreadPoolExecutor.runWorker(Unknown Source)
at java.util.concurrent.ThreadPoolExecutor$Worker.run(Unknown Source)
at java.lang.Thread.run(Unknown Source)
]]>
    </failure>
  </testcase> <!-- AccountCheck -->
  <testcase name="AccountCheck" time="4.519" classname="SupportClasses.Account_Lookup"/>
  <testcase name="AccountCheck" time="50.482" classname="SupportClasses.Account_Lookup"/>
  <testcase name="AccountCheck" time="43.909" classname="SupportClasses.Account_Lookup"/>
  <testcase name="AccountCheck" time="9.612" classname="SupportClasses.Account_Lookup"/>
  <testcase name="AccountCheck" time="19.675" classname="SupportClasses.Account_Lookup"/>
  <testcase name="AccountCheck" time="11.165" classname="SupportClasses.Account_Lookup"/>
  <testcase name="AccountCheck" time="29.789" classname="SupportClasses.Account_Lookup"/>
  <testcase name="AccountCheck" time="19.103" classname="SupportClasses.Account_Lookup"/>
  <testcase name="AccountCheck" time="25.929" classname="SupportClasses.Account_Lookup"/>
  <testcase name="AccountCheck" time="19.888" classname="SupportClasses.Account_Lookup"/>
  <testcase name="AccountCheck" time="9.484" classname="SupportClasses.Account_Lookup"/>
  <testcase name="AccountCheck" time="37.429" classname="SupportClasses.Account_Lookup">
    <failure type="java.lang.AssertionError" message="Initialisation of record 0xFD left 1295 bytes remaining still to be read.">
      <![CDATA[java.lang.AssertionError: Initialisation of record 0xFD left 1295 bytes remaining still to be read.
at org.testng.Assert.fail(Assert.java:96)
at SupportClasses.Account_Lookup.AccountCheck(Account_Lookup.java:58)
at sun.reflect.GeneratedMethodAccessor2.invoke(Unknown Source)
at sun.reflect.DelegatingMethodAccessorImpl.invoke(Unknown Source)
at java.lang.reflect.Method.invoke(Unknown Source)
at org.testng.internal.MethodInvocationHelper.invokeMethod(MethodInvocationHelper.java:124)
at org.testng.internal.Invoker.invokeMethod(Invoker.java:580)
at org.testng.internal.Invoker.invokeTestMethod(Invoker.java:716)
at org.testng.internal.TestMethodWithDataProviderMethodWorker.call(TestMethodWithDataProviderMethodWorker.java:71)
at org.testng.internal.TestMethodWithDataProviderMethodWorker.call(TestMethodWithDataProviderMethodWorker.java:14)
at java.util.concurrent.FutureTask.run(Unknown Source)
at java.util.concurrent.Executors$RunnableAdapter.call(Unknown Source)
at java.util.concurrent.FutureTask.run(Unknown Source)
at java.util.concurrent.ThreadPoolExecutor.runWorker(Unknown Source)
at java.util.concurrent.ThreadPoolExecutor$Worker.run(Unknown Source)
at java.lang.Thread.run(Unknown Source)
]]>
    </failure>
  </testcase> <!-- AccountCheck -->
  <testcase name="AccountCheck" time="17.791" classname="SupportClasses.Account_Lookup"/>
  <testcase name="AccountCheck" time="14.762" classname="SupportClasses.Account_Lookup"/>
  <testcase name="AccountCheck" time="20.651" classname="SupportClasses.Account_Lookup"/>
  <testcase name="AccountCheck" time="21.819" classname="SupportClasses.Account_Lookup">
    <failure type="java.lang.AssertionError" message="null">
      <![CDATA[java.lang.AssertionError: null
at org.testng.Assert.fail(Assert.java:96)
at SupportClasses.Account_Lookup.AccountCheck(Account_Lookup.java:58)
at sun.reflect.GeneratedMethodAccessor2.invoke(Unknown Source)
at sun.reflect.DelegatingMethodAccessorImpl.invoke(Unknown Source)
at java.lang.reflect.Method.invoke(Unknown Source)
at org.testng.internal.MethodInvocationHelper.invokeMethod(MethodInvocationHelper.java:124)
at org.testng.internal.Invoker.invokeMethod(Invoker.java:580)
at org.testng.internal.Invoker.invokeTestMethod(Invoker.java:716)
at org.testng.internal.TestMethodWithDataProviderMethodWorker.call(TestMethodWithDataProviderMethodWorker.java:71)
at org.testng.internal.TestMethodWithDataProviderMethodWorker.call(TestMethodWithDataProviderMethodWorker.java:14)
at java.util.concurrent.FutureTask.run(Unknown Source)
at java.util.concurrent.Executors$RunnableAdapter.call(Unknown Source)
at java.util.concurrent.FutureTask.run(Unknown Source)
at java.util.concurrent.ThreadPoolExecutor.runWorker(Unknown Source)
at java.util.concurrent.ThreadPoolExecutor$Worker.run(Unknown Source)
at java.lang.Thread.run(Unknown Source)
]]>
    </failure>
  </testcase> <!-- AccountCheck -->
  <testcase name="AccountCheck" time="8.483" classname="SupportClasses.Account_Lookup"/>
  <testcase name="AccountCheck" time="38.264" classname="SupportClasses.Account_Lookup"/>
  <testcase name="AccountCheck" time="35.825" classname="SupportClasses.Account_Lookup"/>
  <testcase name="AccountCheck" time="16.181" classname="SupportClasses.Account_Lookup"/>
  <testcase name="AccountCheck" time="33.610" classname="SupportClasses.Account_Lookup"/>
  <testcase name="AccountCheck" time="5.483" classname="SupportClasses.Account_Lookup"/>
  <testcase name="AccountCheck" time="26.024" classname="SupportClasses.Account_Lookup"/>
  <testcase name="AccountCheck" time="9.725" classname="SupportClasses.Account_Lookup"/>
  <testcase name="AccountCheck" time="29.864" classname="SupportClasses.Account_Lookup"/>
  <testcase name="AccountCheck" time="24.363" classname="SupportClasses.Account_Lookup"/>
  <testcase name="AccountCheck" time="27.233" classname="SupportClasses.Account_Lookup"/>
  <testcase name="AccountCheck" time="19.996" classname="SupportClasses.Account_Lookup"/>
  <testcase name="AccountCheck" time="20.213" classname="SupportClasses.Account_Lookup"/>
  <testcase name="AccountCheck" time="11.436" classname="SupportClasses.Account_Lookup"/>
  <testcase name="AccountCheck" time="23.237" classname="SupportClasses.Account_Lookup"/>
  <testcase name="AccountCheck" time="23.560" classname="SupportClasses.Account_Lookup"/>
  <testcase name="AccountCheck" time="28.539" classname="SupportClasses.Account_Lookup"/>
  <testcase name="AccountCheck" time="15.735" classname="SupportClasses.Account_Lookup"/>
  <testcase name="AccountCheck" time="50.032" classname="SupportClasses.Account_Lookup">
    <failure type="java.lang.AssertionError" message="Initialisation of record 0xFD left 1295 bytes remaining still to be read.">
      <![CDATA[java.lang.AssertionError: Initialisation of record 0xFD left 1295 bytes remaining still to be read.
at org.testng.Assert.fail(Assert.java:96)
at SupportClasses.Account_Lookup.AccountCheck(Account_Lookup.java:58)
at sun.reflect.GeneratedMethodAccessor2.invoke(Unknown Source)
at sun.reflect.DelegatingMethodAccessorImpl.invoke(Unknown Source)
at java.lang.reflect.Method.invoke(Unknown Source)
at org.testng.internal.MethodInvocationHelper.invokeMethod(MethodInvocationHelper.java:124)
at org.testng.internal.Invoker.invokeMethod(Invoker.java:580)
at org.testng.internal.Invoker.invokeTestMethod(Invoker.java:716)
at org.testng.internal.TestMethodWithDataProviderMethodWorker.call(TestMethodWithDataProviderMethodWorker.java:71)
at org.testng.internal.TestMethodWithDataProviderMethodWorker.call(TestMethodWithDataProviderMethodWorker.java:14)
at java.util.concurrent.FutureTask.run(Unknown Source)
at java.util.concurrent.Executors$RunnableAdapter.call(Unknown Source)
at java.util.concurrent.FutureTask.run(Unknown Source)
at java.util.concurrent.ThreadPoolExecutor.runWorker(Unknown Source)
at java.util.concurrent.ThreadPoolExecutor$Worker.run(Unknown Source)
at java.lang.Thread.run(Unknown Source)
]]>
    </failure>
  </testcase> <!-- AccountCheck -->
  <testcase name="AccountCheck" time="27.192" classname="SupportClasses.Account_Lookup"/>
  <testcase name="AccountCheck" time="31.038" classname="SupportClasses.Account_Lookup"/>
  <testcase name="AccountCheck" time="10.904" classname="SupportClasses.Account_Lookup"/>
  <testcase name="AccountCheck" time="34.845" classname="SupportClasses.Account_Lookup"/>
  <testcase name="AccountCheck" time="48.535" classname="SupportClasses.Account_Lookup">
    <failure type="java.lang.AssertionError" message="Initialisation of record 0xFD left 1295 bytes remaining still to be read.">
      <![CDATA[java.lang.AssertionError: Initialisation of record 0xFD left 1295 bytes remaining still to be read.
at org.testng.Assert.fail(Assert.java:96)
at SupportClasses.Account_Lookup.AccountCheck(Account_Lookup.java:58)
at sun.reflect.GeneratedMethodAccessor2.invoke(Unknown Source)
at sun.reflect.DelegatingMethodAccessorImpl.invoke(Unknown Source)
at java.lang.reflect.Method.invoke(Unknown Source)
at org.testng.internal.MethodInvocationHelper.invokeMethod(MethodInvocationHelper.java:124)
at org.testng.internal.Invoker.invokeMethod(Invoker.java:580)
at org.testng.internal.Invoker.invokeTestMethod(Invoker.java:716)
at org.testng.internal.TestMethodWithDataProviderMethodWorker.call(TestMethodWithDataProviderMethodWorker.java:71)
at org.testng.internal.TestMethodWithDataProviderMethodWorker.call(TestMethodWithDataProviderMethodWorker.java:14)
at java.util.concurrent.FutureTask.run(Unknown Source)
at java.util.concurrent.Executors$RunnableAdapter.call(Unknown Source)
at java.util.concurrent.FutureTask.run(Unknown Source)
at java.util.concurrent.ThreadPoolExecutor.runWorker(Unknown Source)
at java.util.concurrent.ThreadPoolExecutor$Worker.run(Unknown Source)
at java.lang.Thread.run(Unknown Source)
]]>
    </failure>
  </testcase> <!-- AccountCheck -->
  <testcase name="AccountCheck" time="20.485" classname="SupportClasses.Account_Lookup">
    <failure type="java.lang.AssertionError" message="Unable to read entire header; 0 bytes read; expected 512 bytes">
      <![CDATA[java.lang.AssertionError: Unable to read entire header; 0 bytes read; expected 512 bytes
at org.testng.Assert.fail(Assert.java:96)
at SupportClasses.Account_Lookup.AccountCheck(Account_Lookup.java:58)
at sun.reflect.GeneratedMethodAccessor2.invoke(Unknown Source)
at sun.reflect.DelegatingMethodAccessorImpl.invoke(Unknown Source)
at java.lang.reflect.Method.invoke(Unknown Source)
at org.testng.internal.MethodInvocationHelper.invokeMethod(MethodInvocationHelper.java:124)
at org.testng.internal.Invoker.invokeMethod(Invoker.java:580)
at org.testng.internal.Invoker.invokeTestMethod(Invoker.java:716)
at org.testng.internal.TestMethodWithDataProviderMethodWorker.call(TestMethodWithDataProviderMethodWorker.java:71)
at org.testng.internal.TestMethodWithDataProviderMethodWorker.call(TestMethodWithDataProviderMethodWorker.java:14)
at java.util.concurrent.FutureTask.run(Unknown Source)
at java.util.concurrent.Executors$RunnableAdapter.call(Unknown Source)
at java.util.concurrent.FutureTask.run(Unknown Source)
at java.util.concurrent.ThreadPoolExecutor.runWorker(Unknown Source)
at java.util.concurrent.ThreadPoolExecutor$Worker.run(Unknown Source)
at java.lang.Thread.run(Unknown Source)
]]>
    </failure>
  </testcase> <!-- AccountCheck -->
  <testcase name="AccountCheck" time="13.860" classname="SupportClasses.Account_Lookup"/>
  <testcase name="AccountCheck" time="19.344" classname="SupportClasses.Account_Lookup"/>
  <testcase name="AccountCheck" time="28.157" classname="SupportClasses.Account_Lookup">
    <failure type="java.lang.AssertionError" message="Initialisation of record 0xFD left 1295 bytes remaining still to be read.">
      <![CDATA[java.lang.AssertionError: Initialisation of record 0xFD left 1295 bytes remaining still to be read.
at org.testng.Assert.fail(Assert.java:96)
at SupportClasses.Account_Lookup.AccountCheck(Account_Lookup.java:58)
at sun.reflect.GeneratedMethodAccessor2.invoke(Unknown Source)
at sun.reflect.DelegatingMethodAccessorImpl.invoke(Unknown Source)
at java.lang.reflect.Method.invoke(Unknown Source)
at org.testng.internal.MethodInvocationHelper.invokeMethod(MethodInvocationHelper.java:124)
at org.testng.internal.Invoker.invokeMethod(Invoker.java:580)
at org.testng.internal.Invoker.invokeTestMethod(Invoker.java:716)
at org.testng.internal.TestMethodWithDataProviderMethodWorker.call(TestMethodWithDataProviderMethodWorker.java:71)
at org.testng.internal.TestMethodWithDataProviderMethodWorker.call(TestMethodWithDataProviderMethodWorker.java:14)
at java.util.concurrent.FutureTask.run(Unknown Source)
at java.util.concurrent.Executors$RunnableAdapter.call(Unknown Source)
at java.util.concurrent.FutureTask.run(Unknown Source)
at java.util.concurrent.ThreadPoolExecutor.runWorker(Unknown Source)
at java.util.concurrent.ThreadPoolExecutor$Worker.run(Unknown Source)
at java.lang.Thread.run(Unknown Source)
]]>
    </failure>
  </testcase> <!-- AccountCheck -->
  <testcase name="AccountCheck" time="41.110" classname="SupportClasses.Account_Lookup"/>
  <testcase name="AccountCheck" time="28.911" classname="SupportClasses.Account_Lookup"/>
  <testcase name="AccountCheck" time="30.196" classname="SupportClasses.Account_Lookup"/>
  <testcase name="AccountCheck" time="34.400" classname="SupportClasses.Account_Lookup"/>
  <testcase name="AccountCheck" time="28.401" classname="SupportClasses.Account_Lookup">
    <failure type="java.lang.AssertionError" message="Initialisation of record 0xFD left 1295 bytes remaining still to be read.">
      <![CDATA[java.lang.AssertionError: Initialisation of record 0xFD left 1295 bytes remaining still to be read.
at org.testng.Assert.fail(Assert.java:96)
at SupportClasses.Account_Lookup.AccountCheck(Account_Lookup.java:58)
at sun.reflect.GeneratedMethodAccessor2.invoke(Unknown Source)
at sun.reflect.DelegatingMethodAccessorImpl.invoke(Unknown Source)
at java.lang.reflect.Method.invoke(Unknown Source)
at org.testng.internal.MethodInvocationHelper.invokeMethod(MethodInvocationHelper.java:124)
at org.testng.internal.Invoker.invokeMethod(Invoker.java:580)
at org.testng.internal.Invoker.invokeTestMethod(Invoker.java:716)
at org.testng.internal.TestMethodWithDataProviderMethodWorker.call(TestMethodWithDataProviderMethodWorker.java:71)
at org.testng.internal.TestMethodWithDataProviderMethodWorker.call(TestMethodWithDataProviderMethodWorker.java:14)
at java.util.concurrent.FutureTask.run(Unknown Source)
at java.util.concurrent.Executors$RunnableAdapter.call(Unknown Source)
at java.util.concurrent.FutureTask.run(Unknown Source)
at java.util.concurrent.ThreadPoolExecutor.runWorker(Unknown Source)
at java.util.concurrent.ThreadPoolExecutor$Worker.run(Unknown Source)
at java.lang.Thread.run(Unknown Source)
]]>
    </failure>
  </testcase> <!-- AccountCheck -->
  <testcase name="AccountCheck" time="25.238" classname="SupportClasses.Account_Lookup"/>
  <testcase name="AccountCheck" time="4.908" classname="SupportClasses.Account_Lookup">
    <failure type="java.lang.AssertionError" message="Initialisation of record 0xFD left 1295 bytes remaining still to be read.">
      <![CDATA[java.lang.AssertionError: Initialisation of record 0xFD left 1295 bytes remaining still to be read.
at org.testng.Assert.fail(Assert.java:96)
at SupportClasses.Account_Lookup.AccountCheck(Account_Lookup.java:58)
at sun.reflect.GeneratedMethodAccessor2.invoke(Unknown Source)
at sun.reflect.DelegatingMethodAccessorImpl.invoke(Unknown Source)
at java.lang.reflect.Method.invoke(Unknown Source)
at org.testng.internal.MethodInvocationHelper.invokeMethod(MethodInvocationHelper.java:124)
at org.testng.internal.Invoker.invokeMethod(Invoker.java:580)
at org.testng.internal.Invoker.invokeTestMethod(Invoker.java:716)
at org.testng.internal.TestMethodWithDataProviderMethodWorker.call(TestMethodWithDataProviderMethodWorker.java:71)
at org.testng.internal.TestMethodWithDataProviderMethodWorker.call(TestMethodWithDataProviderMethodWorker.java:14)
at java.util.concurrent.FutureTask.run(Unknown Source)
at java.util.concurrent.Executors$RunnableAdapter.call(Unknown Source)
at java.util.concurrent.FutureTask.run(Unknown Source)
at java.util.concurrent.ThreadPoolExecutor.runWorker(Unknown Source)
at java.util.concurrent.ThreadPoolExecutor$Worker.run(Unknown Source)
at java.lang.Thread.run(Unknown Source)
]]>
    </failure>
  </testcase> <!-- AccountCheck -->
  <testcase name="AccountCheck" time="27.207" classname="SupportClasses.Account_Lookup"/>
  <testcase name="AccountCheck" time="20.989" classname="SupportClasses.Account_Lookup"/>
  <testcase name="AccountCheck" time="18.060" classname="SupportClasses.Account_Lookup">
    <failure type="java.lang.AssertionError" message="null">
      <![CDATA[java.lang.AssertionError: null
at org.testng.Assert.fail(Assert.java:96)
at SupportClasses.Account_Lookup.AccountCheck(Account_Lookup.java:58)
at sun.reflect.GeneratedMethodAccessor2.invoke(Unknown Source)
at sun.reflect.DelegatingMethodAccessorImpl.invoke(Unknown Source)
at java.lang.reflect.Method.invoke(Unknown Source)
at org.testng.internal.MethodInvocationHelper.invokeMethod(MethodInvocationHelper.java:124)
at org.testng.internal.Invoker.invokeMethod(Invoker.java:580)
at org.testng.internal.Invoker.invokeTestMethod(Invoker.java:716)
at org.testng.internal.TestMethodWithDataProviderMethodWorker.call(TestMethodWithDataProviderMethodWorker.java:71)
at org.testng.internal.TestMethodWithDataProviderMethodWorker.call(TestMethodWithDataProviderMethodWorker.java:14)
at java.util.concurrent.FutureTask.run(Unknown Source)
at java.util.concurrent.Executors$RunnableAdapter.call(Unknown Source)
at java.util.concurrent.FutureTask.run(Unknown Source)
at java.util.concurrent.ThreadPoolExecutor.runWorker(Unknown Source)
at java.util.concurrent.ThreadPoolExecutor$Worker.run(Unknown Source)
at java.lang.Thread.run(Unknown Source)
]]>
    </failure>
  </testcase> <!-- AccountCheck -->
  <testcase name="AccountCheck" time="9.443" classname="SupportClasses.Account_Lookup">
    <failure type="java.lang.AssertionError" message="Initialisation of record 0xFD left 1295 bytes remaining still to be read.">
      <![CDATA[java.lang.AssertionError: Initialisation of record 0xFD left 1295 bytes remaining still to be read.
at org.testng.Assert.fail(Assert.java:96)
at SupportClasses.Account_Lookup.AccountCheck(Account_Lookup.java:58)
at sun.reflect.GeneratedMethodAccessor2.invoke(Unknown Source)
at sun.reflect.DelegatingMethodAccessorImpl.invoke(Unknown Source)
at java.lang.reflect.Method.invoke(Unknown Source)
at org.testng.internal.MethodInvocationHelper.invokeMethod(MethodInvocationHelper.java:124)
at org.testng.internal.Invoker.invokeMethod(Invoker.java:580)
at org.testng.internal.Invoker.invokeTestMethod(Invoker.java:716)
at org.testng.internal.TestMethodWithDataProviderMethodWorker.call(TestMethodWithDataProviderMethodWorker.java:71)
at org.testng.internal.TestMethodWithDataProviderMethodWorker.call(TestMethodWithDataProviderMethodWorker.java:14)
at java.util.concurrent.FutureTask.run(Unknown Source)
at java.util.concurrent.Executors$RunnableAdapter.call(Unknown Source)
at java.util.concurrent.FutureTask.run(Unknown Source)
at java.util.concurrent.ThreadPoolExecutor.runWorker(Unknown Source)
at java.util.concurrent.ThreadPoolExecutor$Worker.run(Unknown Source)
at java.lang.Thread.run(Unknown Source)
]]>
    </failure>
  </testcase> <!-- AccountCheck -->
  <testcase name="AccountCheck" time="20.730" classname="SupportClasses.Account_Lookup"/>
  <testcase name="AccountCheck" time="17.800" classname="SupportClasses.Account_Lookup"/>
  <testcase name="AccountCheck" time="38.326" classname="SupportClasses.Account_Lookup">
    <failure type="java.lang.AssertionError" message="Initialisation of record 0xFD left 1295 bytes remaining still to be read.">
      <![CDATA[java.lang.AssertionError: Initialisation of record 0xFD left 1295 bytes remaining still to be read.
at org.testng.Assert.fail(Assert.java:96)
at SupportClasses.Account_Lookup.AccountCheck(Account_Lookup.java:58)
at sun.reflect.GeneratedMethodAccessor2.invoke(Unknown Source)
at sun.reflect.DelegatingMethodAccessorImpl.invoke(Unknown Source)
at java.lang.reflect.Method.invoke(Unknown Source)
at org.testng.internal.MethodInvocationHelper.invokeMethod(MethodInvocationHelper.java:124)
at org.testng.internal.Invoker.invokeMethod(Invoker.java:580)
at org.testng.internal.Invoker.invokeTestMethod(Invoker.java:716)
at org.testng.internal.TestMethodWithDataProviderMethodWorker.call(TestMethodWithDataProviderMethodWorker.java:71)
at org.testng.internal.TestMethodWithDataProviderMethodWorker.call(TestMethodWithDataProviderMethodWorker.java:14)
at java.util.concurrent.FutureTask.run(Unknown Source)
at java.util.concurrent.Executors$RunnableAdapter.call(Unknown Source)
at java.util.concurrent.FutureTask.run(Unknown Source)
at java.util.concurrent.ThreadPoolExecutor.runWorker(Unknown Source)
at java.util.concurrent.ThreadPoolExecutor$Worker.run(Unknown Source)
at java.lang.Thread.run(Unknown Source)
]]>
    </failure>
  </testcase> <!-- AccountCheck -->
  <testcase name="AccountCheck" time="27.015" classname="SupportClasses.Account_Lookup"/>
  <testcase name="AccountCheck" time="34.281" classname="SupportClasses.Account_Lookup"/>
  <testcase name="AccountCheck" time="19.196" classname="SupportClasses.Account_Lookup"/>
  <testcase name="AccountCheck" time="35.223" classname="SupportClasses.Account_Lookup"/>
  <testcase name="AccountCheck" time="37.548" classname="SupportClasses.Account_Lookup">
    <failure type="java.lang.AssertionError" message="null">
      <![CDATA[java.lang.AssertionError: null
at org.testng.Assert.fail(Assert.java:96)
at SupportClasses.Account_Lookup.AccountCheck(Account_Lookup.java:58)
at sun.reflect.GeneratedMethodAccessor2.invoke(Unknown Source)
at sun.reflect.DelegatingMethodAccessorImpl.invoke(Unknown Source)
at java.lang.reflect.Method.invoke(Unknown Source)
at org.testng.internal.MethodInvocationHelper.invokeMethod(MethodInvocationHelper.java:124)
at org.testng.internal.Invoker.invokeMethod(Invoker.java:580)
at org.testng.internal.Invoker.invokeTestMethod(Invoker.java:716)
at org.testng.internal.TestMethodWithDataProviderMethodWorker.call(TestMethodWithDataProviderMethodWorker.java:71)
at org.testng.internal.TestMethodWithDataProviderMethodWorker.call(TestMethodWithDataProviderMethodWorker.java:14)
at java.util.concurrent.FutureTask.run(Unknown Source)
at java.util.concurrent.Executors$RunnableAdapter.call(Unknown Source)
at java.util.concurrent.FutureTask.run(Unknown Source)
at java.util.concurrent.ThreadPoolExecutor.runWorker(Unknown Source)
at java.util.concurrent.ThreadPoolExecutor$Worker.run(Unknown Source)
at java.lang.Thread.run(Unknown Source)
]]>
    </failure>
  </testcase> <!-- AccountCheck -->
  <testcase name="AccountCheck" time="23.405" classname="SupportClasses.Account_Lookup"/>
  <testcase name="AccountCheck" time="15.725" classname="SupportClasses.Account_Lookup"/>
  <testcase name="AccountCheck" time="5.031" classname="SupportClasses.Account_Lookup"/>
  <testcase name="AccountCheck" time="22.643" classname="SupportClasses.Account_Lookup"/>
  <testcase name="AccountCheck" time="30.753" classname="SupportClasses.Account_Lookup"/>
  <testcase name="AccountCheck" time="58.208" classname="SupportClasses.Account_Lookup">
    <failure type="java.lang.AssertionError" message="Initialisation of record 0xFD left 1295 bytes remaining still to be read.">
      <![CDATA[java.lang.AssertionError: Initialisation of record 0xFD left 1295 bytes remaining still to be read.
at org.testng.Assert.fail(Assert.java:96)
at SupportClasses.Account_Lookup.AccountCheck(Account_Lookup.java:58)
at sun.reflect.GeneratedMethodAccessor2.invoke(Unknown Source)
at sun.reflect.DelegatingMethodAccessorImpl.invoke(Unknown Source)
at java.lang.reflect.Method.invoke(Unknown Source)
at org.testng.internal.MethodInvocationHelper.invokeMethod(MethodInvocationHelper.java:124)
at org.testng.internal.Invoker.invokeMethod(Invoker.java:580)
at org.testng.internal.Invoker.invokeTestMethod(Invoker.java:716)
at org.testng.internal.TestMethodWithDataProviderMethodWorker.call(TestMethodWithDataProviderMethodWorker.java:71)
at org.testng.internal.TestMethodWithDataProviderMethodWorker.call(TestMethodWithDataProviderMethodWorker.java:14)
at java.util.concurrent.FutureTask.run(Unknown Source)
at java.util.concurrent.Executors$RunnableAdapter.call(Unknown Source)
at java.util.concurrent.FutureTask.run(Unknown Source)
at java.util.concurrent.ThreadPoolExecutor.runWorker(Unknown Source)
at java.util.concurrent.ThreadPoolExecutor$Worker.run(Unknown Source)
at java.lang.Thread.run(Unknown Source)
]]>
    </failure>
  </testcase> <!-- AccountCheck -->
  <testcase name="AccountCheck" time="34.219" classname="SupportClasses.Account_Lookup"/>
  <testcase name="AccountCheck" time="39.763" classname="SupportClasses.Account_Lookup">
    <failure type="java.lang.AssertionError" message="Initialisation of record 0xFD left 1295 bytes remaining still to be read.">
      <![CDATA[java.lang.AssertionError: Initialisation of record 0xFD left 1295 bytes remaining still to be read.
at org.testng.Assert.fail(Assert.java:96)
at SupportClasses.Account_Lookup.AccountCheck(Account_Lookup.java:58)
at sun.reflect.GeneratedMethodAccessor2.invoke(Unknown Source)
at sun.reflect.DelegatingMethodAccessorImpl.invoke(Unknown Source)
at java.lang.reflect.Method.invoke(Unknown Source)
at org.testng.internal.MethodInvocationHelper.invokeMethod(MethodInvocationHelper.java:124)
at org.testng.internal.Invoker.invokeMethod(Invoker.java:580)
at org.testng.internal.Invoker.invokeTestMethod(Invoker.java:716)
at org.testng.internal.TestMethodWithDataProviderMethodWorker.call(TestMethodWithDataProviderMethodWorker.java:71)
at org.testng.internal.TestMethodWithDataProviderMethodWorker.call(TestMethodWithDataProviderMethodWorker.java:14)
at java.util.concurrent.FutureTask.run(Unknown Source)
at java.util.concurrent.Executors$RunnableAdapter.call(Unknown Source)
at java.util.concurrent.FutureTask.run(Unknown Source)
at java.util.concurrent.ThreadPoolExecutor.runWorker(Unknown Source)
at java.util.concurrent.ThreadPoolExecutor$Worker.run(Unknown Source)
at java.lang.Thread.run(Unknown Source)
]]>
    </failure>
  </testcase> <!-- AccountCheck -->
  <testcase name="AccountCheck" time="40.301" classname="SupportClasses.Account_Lookup"/>
  <testcase name="AccountCheck" time="37.449" classname="SupportClasses.Account_Lookup"/>
  <testcase name="AccountCheck" time="34.850" classname="SupportClasses.Account_Lookup"/>
  <testcase name="AccountCheck" time="16.559" classname="SupportClasses.Account_Lookup"/>
  <testcase name="AccountCheck" time="29.034" classname="SupportClasses.Account_Lookup"/>
  <testcase name="AccountCheck" time="11.527" classname="SupportClasses.Account_Lookup"/>
  <testcase name="AccountCheck" time="38.460" classname="SupportClasses.Account_Lookup"/>
  <testcase name="AccountCheck" time="13.668" classname="SupportClasses.Account_Lookup"/>
  <testcase name="AccountCheck" time="10.042" classname="SupportClasses.Account_Lookup"/>
  <testcase name="AccountCheck" time="33.883" classname="SupportClasses.Account_Lookup"/>
  <testcase name="AccountCheck" time="21.179" classname="SupportClasses.Account_Lookup"/>
  <testcase name="AccountCheck" time="12.628" classname="SupportClasses.Account_Lookup"/>
  <testcase name="AccountCheck" time="29.096" classname="SupportClasses.Account_Lookup"/>
  <testcase name="AccountCheck" time="32.942" classname="SupportClasses.Account_Lookup"/>
  <testcase name="AccountCheck" time="19.696" classname="SupportClasses.Account_Lookup"/>
  <testcase name="AccountCheck" time="15.420" classname="SupportClasses.Account_Lookup"/>
  <testcase name="AccountCheck" time="30.486" classname="SupportClasses.Account_Lookup"/>
  <testcase name="AccountCheck" time="20.469" classname="SupportClasses.Account_Lookup"/>
  <testcase name="AccountCheck" time="48.800" classname="SupportClasses.Account_Lookup"/>
  <testcase name="AccountCheck" time="41.070" classname="SupportClasses.Account_Lookup"/>
  <testcase name="AccountCheck" time="21.122" classname="SupportClasses.Account_Lookup"/>
  <testcase name="AccountCheck" time="19.765" classname="SupportClasses.Account_Lookup"/>
  <testcase name="AccountCheck" time="34.821" classname="SupportClasses.Account_Lookup"/>
  <testcase name="AccountCheck" time="40.491" classname="SupportClasses.Account_Lookup"/>
  <testcase name="AccountCheck" time="22.762" classname="SupportClasses.Account_Lookup">
    <failure type="java.lang.AssertionError" message="null">
      <![CDATA[java.lang.AssertionError: null
at org.testng.Assert.fail(Assert.java:96)
at SupportClasses.Account_Lookup.AccountCheck(Account_Lookup.java:58)
at sun.reflect.GeneratedMethodAccessor2.invoke(Unknown Source)
at sun.reflect.DelegatingMethodAccessorImpl.invoke(Unknown Source)
at java.lang.reflect.Method.invoke(Unknown Source)
at org.testng.internal.MethodInvocationHelper.invokeMethod(MethodInvocationHelper.java:124)
at org.testng.internal.Invoker.invokeMethod(Invoker.java:580)
at org.testng.internal.Invoker.invokeTestMethod(Invoker.java:716)
at org.testng.internal.TestMethodWithDataProviderMethodWorker.call(TestMethodWithDataProviderMethodWorker.java:71)
at org.testng.internal.TestMethodWithDataProviderMethodWorker.call(TestMethodWithDataProviderMethodWorker.java:14)
at java.util.concurrent.FutureTask.run(Unknown Source)
at java.util.concurrent.Executors$RunnableAdapter.call(Unknown Source)
at java.util.concurrent.FutureTask.run(Unknown Source)
at java.util.concurrent.ThreadPoolExecutor.runWorker(Unknown Source)
at java.util.concurrent.ThreadPoolExecutor$Worker.run(Unknown Source)
at java.lang.Thread.run(Unknown Source)
]]>
    </failure>
  </testcase> <!-- AccountCheck -->
  <testcase name="AccountCheck" time="38.585" classname="SupportClasses.Account_Lookup"/>
  <testcase name="AccountCheck" time="48.684" classname="SupportClasses.Account_Lookup">
    <failure type="java.lang.AssertionError" message="Initialisation of record 0xFD left 1295 bytes remaining still to be read.">
      <![CDATA[java.lang.AssertionError: Initialisation of record 0xFD left 1295 bytes remaining still to be read.
at org.testng.Assert.fail(Assert.java:96)
at SupportClasses.Account_Lookup.AccountCheck(Account_Lookup.java:58)
at sun.reflect.GeneratedMethodAccessor2.invoke(Unknown Source)
at sun.reflect.DelegatingMethodAccessorImpl.invoke(Unknown Source)
at java.lang.reflect.Method.invoke(Unknown Source)
at org.testng.internal.MethodInvocationHelper.invokeMethod(MethodInvocationHelper.java:124)
at org.testng.internal.Invoker.invokeMethod(Invoker.java:580)
at org.testng.internal.Invoker.invokeTestMethod(Invoker.java:716)
at org.testng.internal.TestMethodWithDataProviderMethodWorker.call(TestMethodWithDataProviderMethodWorker.java:71)
at org.testng.internal.TestMethodWithDataProviderMethodWorker.call(TestMethodWithDataProviderMethodWorker.java:14)
at java.util.concurrent.FutureTask.run(Unknown Source)
at java.util.concurrent.Executors$RunnableAdapter.call(Unknown Source)
at java.util.concurrent.FutureTask.run(Unknown Source)
at java.util.concurrent.ThreadPoolExecutor.runWorker(Unknown Source)
at java.util.concurrent.ThreadPoolExecutor$Worker.run(Unknown Source)
at java.lang.Thread.run(Unknown Source)
]]>
    </failure>
  </testcase> <!-- AccountCheck -->
  <testcase name="AccountCheck" time="47.598" classname="SupportClasses.Account_Lookup"/>
</testsuite> <!-- SupportClasses.Account_Lookup -->
