<?xml version="1.0" encoding="UTF-8"?>
<!-- Generated by org.testng.reporters.JUnitReportReporter -->
<testsuite skipped="0" hostname="WTC-5159473-l2" name="WFCL_Application.WFCL_SmokeTest" tests="8" failures="1" timestamp="23 May 2019 15:18:21 GMT" time="1726.471" errors="0">
  <testcase name="WFCL_CreditCardRegistration" time="309.508" classname="WFCL_Application.WFCL_SmokeTest"/>
  <testcase name="WFCL_CreateUserID" time="193.439" classname="WFCL_Application.WFCL_SmokeTest"/>
  <testcase name="WFCL_Reset_Password_Secret" time="372.628" classname="WFCL_Application.WFCL_SmokeTest"/>
  <testcase name="WFCL_INETReg" time="208.878" classname="WFCL_Application.WFCL_SmokeTest"/>
  <testcase name="WFCL_WDPA" time="250.150" classname="WFCL_Application.WFCL_SmokeTest"/>
  <testcase name="WFCL_Reset_Password_Email" time="147.196" classname="WFCL_Application.WFCL_SmokeTest"/>
  <testcase name="WFCL_Forgot_User_Email" time="119.958" classname="WFCL_Application.WFCL_SmokeTest"/>
  <testcase name="WFCL_AdminReg" time="124.714" classname="WFCL_Application.WFCL_SmokeTest">
    <failure type="java.lang.AssertionError" message="Element is not present on page.  By.cssSelector: #confirmation &gt; div &gt; div.fx-col.col-3 &gt; div &gt; h3">
      <![CDATA[java.lang.AssertionError: Element is not present on page.  By.cssSelector: #confirmation > div > div.fx-col.col-3 > div > h3
at org.testng.Assert.fail(Assert.java:96)
at WFCL_Application.WFCL_SmokeTest.WFCL_AdminReg(WFCL_SmokeTest.java:149)
at sun.reflect.NativeMethodAccessorImpl.invoke0(Native Method)
at sun.reflect.NativeMethodAccessorImpl.invoke(Unknown Source)
at sun.reflect.DelegatingMethodAccessorImpl.invoke(Unknown Source)
at java.lang.reflect.Method.invoke(Unknown Source)
at org.testng.internal.MethodInvocationHelper.invokeMethod(MethodInvocationHelper.java:124)
at org.testng.internal.Invoker.invokeMethod(Invoker.java:580)
at org.testng.internal.Invoker.invokeTestMethod(Invoker.java:716)
at org.testng.internal.TestMethodWithDataProviderMethodWorker.call(TestMethodWithDataProviderMethodWorker.java:71)
at org.testng.internal.TestMethodWithDataProviderMethodWorker.call(TestMethodWithDataProviderMethodWorker.java:14)
at java.util.concurrent.FutureTask.run(Unknown Source)
at java.util.concurrent.Executors$RunnableAdapter.call(Unknown Source)
at java.util.concurrent.FutureTask.run(Unknown Source)
at java.util.concurrent.ThreadPoolExecutor.runWorker(Unknown Source)
at java.util.concurrent.ThreadPoolExecutor$Worker.run(Unknown Source)
at java.lang.Thread.run(Unknown Source)
]]>
    </failure>
  </testcase> <!-- WFCL_AdminReg -->
</testsuite> <!-- WFCL_Application.WFCL_SmokeTest -->
