<?xml version="1.0" encoding="UTF-8"?>
<!-- Generated by org.testng.reporters.JUnitReportReporter -->
<testsuite skipped="0" hostname="WTC-5159473-l2" name="WaterfallApplications.WRTT" tests="12" failures="12" timestamp="23 Jan 2019 16:19:34 GMT" time="2089.627" errors="0">
  <testcase name="WRTT_eCRV_Page" time="219.357" classname="WaterfallApplications.WRTT">
    <failure type="java.lang.AssertionError" message="WGRT Link: false, WRTT_Link: false, FedEx_Service_Guide: false, Service_Info: false">
      <![CDATA[java.lang.AssertionError: WGRT Link: false, WRTT_Link: false, FedEx_Service_Guide: false, Service_Info: false
at org.testng.Assert.fail(Assert.java:96)
at WaterfallApplications.WRTT.WRTT_eCRV_Page(WRTT.java:106)
at sun.reflect.NativeMethodAccessorImpl.invoke0(Native Method)
at sun.reflect.NativeMethodAccessorImpl.invoke(Unknown Source)
at sun.reflect.DelegatingMethodAccessorImpl.invoke(Unknown Source)
at java.lang.reflect.Method.invoke(Unknown Source)
at org.testng.internal.MethodInvocationHelper.invokeMethod(MethodInvocationHelper.java:124)
at org.testng.internal.Invoker.invokeMethod(Invoker.java:580)
at org.testng.internal.Invoker.invokeTestMethod(Invoker.java:716)
at org.testng.internal.TestMethodWithDataProviderMethodWorker.call(TestMethodWithDataProviderMethodWorker.java:71)
at org.testng.internal.TestMethodWithDataProviderMethodWorker.call(TestMethodWithDataProviderMethodWorker.java:14)
at java.util.concurrent.FutureTask.run(Unknown Source)
at java.util.concurrent.Executors$RunnableAdapter.call(Unknown Source)
at java.util.concurrent.FutureTask.run(Unknown Source)
at java.util.concurrent.ThreadPoolExecutor.runWorker(Unknown Source)
at java.util.concurrent.ThreadPoolExecutor$Worker.run(Unknown Source)
at java.lang.Thread.run(Unknown Source)
]]>
    </failure>
  </testcase> <!-- WRTT_eCRV_Page -->
  <testcase name="WRTT_eCRV_Page" time="103.053" classname="WaterfallApplications.WRTT">
    <failure type="java.lang.AssertionError" message="WGRT Link: false, WRTT_Link: false, FedEx_Service_Guide: false, Service_Info: false">
      <![CDATA[java.lang.AssertionError: WGRT Link: false, WRTT_Link: false, FedEx_Service_Guide: false, Service_Info: false
at org.testng.Assert.fail(Assert.java:96)
at WaterfallApplications.WRTT.WRTT_eCRV_Page(WRTT.java:106)
at sun.reflect.NativeMethodAccessorImpl.invoke0(Native Method)
at sun.reflect.NativeMethodAccessorImpl.invoke(Unknown Source)
at sun.reflect.DelegatingMethodAccessorImpl.invoke(Unknown Source)
at java.lang.reflect.Method.invoke(Unknown Source)
at org.testng.internal.MethodInvocationHelper.invokeMethod(MethodInvocationHelper.java:124)
at org.testng.internal.Invoker.invokeMethod(Invoker.java:580)
at org.testng.internal.Invoker.invokeTestMethod(Invoker.java:716)
at org.testng.internal.TestMethodWithDataProviderMethodWorker.call(TestMethodWithDataProviderMethodWorker.java:71)
at org.testng.internal.TestMethodWithDataProviderMethodWorker.call(TestMethodWithDataProviderMethodWorker.java:14)
at java.util.concurrent.FutureTask.run(Unknown Source)
at java.util.concurrent.Executors$RunnableAdapter.call(Unknown Source)
at java.util.concurrent.FutureTask.run(Unknown Source)
at java.util.concurrent.ThreadPoolExecutor.runWorker(Unknown Source)
at java.util.concurrent.ThreadPoolExecutor$Worker.run(Unknown Source)
at java.lang.Thread.run(Unknown Source)
]]>
    </failure>
  </testcase> <!-- WRTT_eCRV_Page -->
  <testcase name="WRTT_eCRV_Page" time="153.640" classname="WaterfallApplications.WRTT">
    <failure type="java.lang.AssertionError" message="WGRT Link: false, WRTT_Link: false, FedEx_Service_Guide: false, Service_Info: false">
      <![CDATA[java.lang.AssertionError: WGRT Link: false, WRTT_Link: false, FedEx_Service_Guide: false, Service_Info: false
at org.testng.Assert.fail(Assert.java:96)
at WaterfallApplications.WRTT.WRTT_eCRV_Page(WRTT.java:106)
at sun.reflect.NativeMethodAccessorImpl.invoke0(Native Method)
at sun.reflect.NativeMethodAccessorImpl.invoke(Unknown Source)
at sun.reflect.DelegatingMethodAccessorImpl.invoke(Unknown Source)
at java.lang.reflect.Method.invoke(Unknown Source)
at org.testng.internal.MethodInvocationHelper.invokeMethod(MethodInvocationHelper.java:124)
at org.testng.internal.Invoker.invokeMethod(Invoker.java:580)
at org.testng.internal.Invoker.invokeTestMethod(Invoker.java:716)
at org.testng.internal.TestMethodWithDataProviderMethodWorker.call(TestMethodWithDataProviderMethodWorker.java:71)
at org.testng.internal.TestMethodWithDataProviderMethodWorker.call(TestMethodWithDataProviderMethodWorker.java:14)
at java.util.concurrent.FutureTask.run(Unknown Source)
at java.util.concurrent.Executors$RunnableAdapter.call(Unknown Source)
at java.util.concurrent.FutureTask.run(Unknown Source)
at java.util.concurrent.ThreadPoolExecutor.runWorker(Unknown Source)
at java.util.concurrent.ThreadPoolExecutor$Worker.run(Unknown Source)
at java.lang.Thread.run(Unknown Source)
]]>
    </failure>
  </testcase> <!-- WRTT_eCRV_Page -->
  <testcase name="WRTT_eCRV_Page" time="219.478" classname="WaterfallApplications.WRTT">
    <failure type="java.lang.AssertionError" message="WGRT Link: false, WRTT_Link: false, FedEx_Service_Guide: false, Service_Info: false">
      <![CDATA[java.lang.AssertionError: WGRT Link: false, WRTT_Link: false, FedEx_Service_Guide: false, Service_Info: false
at org.testng.Assert.fail(Assert.java:96)
at WaterfallApplications.WRTT.WRTT_eCRV_Page(WRTT.java:106)
at sun.reflect.NativeMethodAccessorImpl.invoke0(Native Method)
at sun.reflect.NativeMethodAccessorImpl.invoke(Unknown Source)
at sun.reflect.DelegatingMethodAccessorImpl.invoke(Unknown Source)
at java.lang.reflect.Method.invoke(Unknown Source)
at org.testng.internal.MethodInvocationHelper.invokeMethod(MethodInvocationHelper.java:124)
at org.testng.internal.Invoker.invokeMethod(Invoker.java:580)
at org.testng.internal.Invoker.invokeTestMethod(Invoker.java:716)
at org.testng.internal.TestMethodWithDataProviderMethodWorker.call(TestMethodWithDataProviderMethodWorker.java:71)
at org.testng.internal.TestMethodWithDataProviderMethodWorker.call(TestMethodWithDataProviderMethodWorker.java:14)
at java.util.concurrent.FutureTask.run(Unknown Source)
at java.util.concurrent.Executors$RunnableAdapter.call(Unknown Source)
at java.util.concurrent.FutureTask.run(Unknown Source)
at java.util.concurrent.ThreadPoolExecutor.runWorker(Unknown Source)
at java.util.concurrent.ThreadPoolExecutor$Worker.run(Unknown Source)
at java.lang.Thread.run(Unknown Source)
]]>
    </failure>
  </testcase> <!-- WRTT_eCRV_Page -->
  <testcase name="WRTT_eCRV_Page" time="101.930" classname="WaterfallApplications.WRTT">
    <failure type="java.lang.AssertionError" message="WGRT Link: false, WRTT_Link: false, FedEx_Service_Guide: false, Service_Info: false">
      <![CDATA[java.lang.AssertionError: WGRT Link: false, WRTT_Link: false, FedEx_Service_Guide: false, Service_Info: false
at org.testng.Assert.fail(Assert.java:96)
at WaterfallApplications.WRTT.WRTT_eCRV_Page(WRTT.java:106)
at sun.reflect.NativeMethodAccessorImpl.invoke0(Native Method)
at sun.reflect.NativeMethodAccessorImpl.invoke(Unknown Source)
at sun.reflect.DelegatingMethodAccessorImpl.invoke(Unknown Source)
at java.lang.reflect.Method.invoke(Unknown Source)
at org.testng.internal.MethodInvocationHelper.invokeMethod(MethodInvocationHelper.java:124)
at org.testng.internal.Invoker.invokeMethod(Invoker.java:580)
at org.testng.internal.Invoker.invokeTestMethod(Invoker.java:716)
at org.testng.internal.TestMethodWithDataProviderMethodWorker.call(TestMethodWithDataProviderMethodWorker.java:71)
at org.testng.internal.TestMethodWithDataProviderMethodWorker.call(TestMethodWithDataProviderMethodWorker.java:14)
at java.util.concurrent.FutureTask.run(Unknown Source)
at java.util.concurrent.Executors$RunnableAdapter.call(Unknown Source)
at java.util.concurrent.FutureTask.run(Unknown Source)
at java.util.concurrent.ThreadPoolExecutor.runWorker(Unknown Source)
at java.util.concurrent.ThreadPoolExecutor$Worker.run(Unknown Source)
at java.lang.Thread.run(Unknown Source)
]]>
    </failure>
  </testcase> <!-- WRTT_eCRV_Page -->
  <testcase name="WRTT_eCRV_Page" time="159.886" classname="WaterfallApplications.WRTT">
    <failure type="java.lang.AssertionError" message="WGRT Link: false, WRTT_Link: false, FedEx_Service_Guide: false, Service_Info: false">
      <![CDATA[java.lang.AssertionError: WGRT Link: false, WRTT_Link: false, FedEx_Service_Guide: false, Service_Info: false
at org.testng.Assert.fail(Assert.java:96)
at WaterfallApplications.WRTT.WRTT_eCRV_Page(WRTT.java:106)
at sun.reflect.NativeMethodAccessorImpl.invoke0(Native Method)
at sun.reflect.NativeMethodAccessorImpl.invoke(Unknown Source)
at sun.reflect.DelegatingMethodAccessorImpl.invoke(Unknown Source)
at java.lang.reflect.Method.invoke(Unknown Source)
at org.testng.internal.MethodInvocationHelper.invokeMethod(MethodInvocationHelper.java:124)
at org.testng.internal.Invoker.invokeMethod(Invoker.java:580)
at org.testng.internal.Invoker.invokeTestMethod(Invoker.java:716)
at org.testng.internal.TestMethodWithDataProviderMethodWorker.call(TestMethodWithDataProviderMethodWorker.java:71)
at org.testng.internal.TestMethodWithDataProviderMethodWorker.call(TestMethodWithDataProviderMethodWorker.java:14)
at java.util.concurrent.FutureTask.run(Unknown Source)
at java.util.concurrent.Executors$RunnableAdapter.call(Unknown Source)
at java.util.concurrent.FutureTask.run(Unknown Source)
at java.util.concurrent.ThreadPoolExecutor.runWorker(Unknown Source)
at java.util.concurrent.ThreadPoolExecutor$Worker.run(Unknown Source)
at java.lang.Thread.run(Unknown Source)
]]>
    </failure>
  </testcase> <!-- WRTT_eCRV_Page -->
  <testcase name="WRTT_eCRV_Page" time="183.946" classname="WaterfallApplications.WRTT">
    <failure type="java.lang.AssertionError" message="WGRT Link: false, WRTT_Link: false, FedEx_Service_Guide: false, Service_Info: false">
      <![CDATA[java.lang.AssertionError: WGRT Link: false, WRTT_Link: false, FedEx_Service_Guide: false, Service_Info: false
at org.testng.Assert.fail(Assert.java:96)
at WaterfallApplications.WRTT.WRTT_eCRV_Page(WRTT.java:106)
at sun.reflect.NativeMethodAccessorImpl.invoke0(Native Method)
at sun.reflect.NativeMethodAccessorImpl.invoke(Unknown Source)
at sun.reflect.DelegatingMethodAccessorImpl.invoke(Unknown Source)
at java.lang.reflect.Method.invoke(Unknown Source)
at org.testng.internal.MethodInvocationHelper.invokeMethod(MethodInvocationHelper.java:124)
at org.testng.internal.Invoker.invokeMethod(Invoker.java:580)
at org.testng.internal.Invoker.invokeTestMethod(Invoker.java:716)
at org.testng.internal.TestMethodWithDataProviderMethodWorker.call(TestMethodWithDataProviderMethodWorker.java:71)
at org.testng.internal.TestMethodWithDataProviderMethodWorker.call(TestMethodWithDataProviderMethodWorker.java:14)
at java.util.concurrent.FutureTask.run(Unknown Source)
at java.util.concurrent.Executors$RunnableAdapter.call(Unknown Source)
at java.util.concurrent.FutureTask.run(Unknown Source)
at java.util.concurrent.ThreadPoolExecutor.runWorker(Unknown Source)
at java.util.concurrent.ThreadPoolExecutor$Worker.run(Unknown Source)
at java.lang.Thread.run(Unknown Source)
]]>
    </failure>
  </testcase> <!-- WRTT_eCRV_Page -->
  <testcase name="WRTT_eCRV_Page" time="90.603" classname="WaterfallApplications.WRTT">
    <failure type="java.lang.AssertionError" message="WGRT Link: false, WRTT_Link: false, FedEx_Service_Guide: false, Service_Info: false">
      <![CDATA[java.lang.AssertionError: WGRT Link: false, WRTT_Link: false, FedEx_Service_Guide: false, Service_Info: false
at org.testng.Assert.fail(Assert.java:96)
at WaterfallApplications.WRTT.WRTT_eCRV_Page(WRTT.java:106)
at sun.reflect.NativeMethodAccessorImpl.invoke0(Native Method)
at sun.reflect.NativeMethodAccessorImpl.invoke(Unknown Source)
at sun.reflect.DelegatingMethodAccessorImpl.invoke(Unknown Source)
at java.lang.reflect.Method.invoke(Unknown Source)
at org.testng.internal.MethodInvocationHelper.invokeMethod(MethodInvocationHelper.java:124)
at org.testng.internal.Invoker.invokeMethod(Invoker.java:580)
at org.testng.internal.Invoker.invokeTestMethod(Invoker.java:716)
at org.testng.internal.TestMethodWithDataProviderMethodWorker.call(TestMethodWithDataProviderMethodWorker.java:71)
at org.testng.internal.TestMethodWithDataProviderMethodWorker.call(TestMethodWithDataProviderMethodWorker.java:14)
at java.util.concurrent.FutureTask.run(Unknown Source)
at java.util.concurrent.Executors$RunnableAdapter.call(Unknown Source)
at java.util.concurrent.FutureTask.run(Unknown Source)
at java.util.concurrent.ThreadPoolExecutor.runWorker(Unknown Source)
at java.util.concurrent.ThreadPoolExecutor$Worker.run(Unknown Source)
at java.lang.Thread.run(Unknown Source)
]]>
    </failure>
  </testcase> <!-- WRTT_eCRV_Page -->
  <testcase name="WRTT_eCRV_Page" time="160.449" classname="WaterfallApplications.WRTT">
    <failure type="java.lang.AssertionError" message="WGRT Link: false, WRTT_Link: false, FedEx_Service_Guide: false, Service_Info: false">
      <![CDATA[java.lang.AssertionError: WGRT Link: false, WRTT_Link: false, FedEx_Service_Guide: false, Service_Info: false
at org.testng.Assert.fail(Assert.java:96)
at WaterfallApplications.WRTT.WRTT_eCRV_Page(WRTT.java:106)
at sun.reflect.NativeMethodAccessorImpl.invoke0(Native Method)
at sun.reflect.NativeMethodAccessorImpl.invoke(Unknown Source)
at sun.reflect.DelegatingMethodAccessorImpl.invoke(Unknown Source)
at java.lang.reflect.Method.invoke(Unknown Source)
at org.testng.internal.MethodInvocationHelper.invokeMethod(MethodInvocationHelper.java:124)
at org.testng.internal.Invoker.invokeMethod(Invoker.java:580)
at org.testng.internal.Invoker.invokeTestMethod(Invoker.java:716)
at org.testng.internal.TestMethodWithDataProviderMethodWorker.call(TestMethodWithDataProviderMethodWorker.java:71)
at org.testng.internal.TestMethodWithDataProviderMethodWorker.call(TestMethodWithDataProviderMethodWorker.java:14)
at java.util.concurrent.FutureTask.run(Unknown Source)
at java.util.concurrent.Executors$RunnableAdapter.call(Unknown Source)
at java.util.concurrent.FutureTask.run(Unknown Source)
at java.util.concurrent.ThreadPoolExecutor.runWorker(Unknown Source)
at java.util.concurrent.ThreadPoolExecutor$Worker.run(Unknown Source)
at java.lang.Thread.run(Unknown Source)
]]>
    </failure>
  </testcase> <!-- WRTT_eCRV_Page -->
  <testcase name="WRTT_eCRV_Page" time="275.879" classname="WaterfallApplications.WRTT">
    <failure type="java.lang.AssertionError" message="WGRT Link: false, WRTT_Link: true, FedEx_Service_Guide: false, Service_Info: false">
      <![CDATA[java.lang.AssertionError: WGRT Link: false, WRTT_Link: true, FedEx_Service_Guide: false, Service_Info: false
at org.testng.Assert.fail(Assert.java:96)
at WaterfallApplications.WRTT.WRTT_eCRV_Page(WRTT.java:106)
at sun.reflect.NativeMethodAccessorImpl.invoke0(Native Method)
at sun.reflect.NativeMethodAccessorImpl.invoke(Unknown Source)
at sun.reflect.DelegatingMethodAccessorImpl.invoke(Unknown Source)
at java.lang.reflect.Method.invoke(Unknown Source)
at org.testng.internal.MethodInvocationHelper.invokeMethod(MethodInvocationHelper.java:124)
at org.testng.internal.Invoker.invokeMethod(Invoker.java:580)
at org.testng.internal.Invoker.invokeTestMethod(Invoker.java:716)
at org.testng.internal.TestMethodWithDataProviderMethodWorker.call(TestMethodWithDataProviderMethodWorker.java:71)
at org.testng.internal.TestMethodWithDataProviderMethodWorker.call(TestMethodWithDataProviderMethodWorker.java:14)
at java.util.concurrent.FutureTask.run(Unknown Source)
at java.util.concurrent.Executors$RunnableAdapter.call(Unknown Source)
at java.util.concurrent.FutureTask.run(Unknown Source)
at java.util.concurrent.ThreadPoolExecutor.runWorker(Unknown Source)
at java.util.concurrent.ThreadPoolExecutor$Worker.run(Unknown Source)
at java.lang.Thread.run(Unknown Source)
]]>
    </failure>
  </testcase> <!-- WRTT_eCRV_Page -->
  <testcase name="WRTT_eCRV_Page" time="209.325" classname="WaterfallApplications.WRTT">
    <failure type="java.lang.AssertionError" message="WGRT Link: false, WRTT_Link: true, FedEx_Service_Guide: false, Service_Info: false">
      <![CDATA[java.lang.AssertionError: WGRT Link: false, WRTT_Link: true, FedEx_Service_Guide: false, Service_Info: false
at org.testng.Assert.fail(Assert.java:96)
at WaterfallApplications.WRTT.WRTT_eCRV_Page(WRTT.java:106)
at sun.reflect.NativeMethodAccessorImpl.invoke0(Native Method)
at sun.reflect.NativeMethodAccessorImpl.invoke(Unknown Source)
at sun.reflect.DelegatingMethodAccessorImpl.invoke(Unknown Source)
at java.lang.reflect.Method.invoke(Unknown Source)
at org.testng.internal.MethodInvocationHelper.invokeMethod(MethodInvocationHelper.java:124)
at org.testng.internal.Invoker.invokeMethod(Invoker.java:580)
at org.testng.internal.Invoker.invokeTestMethod(Invoker.java:716)
at org.testng.internal.TestMethodWithDataProviderMethodWorker.call(TestMethodWithDataProviderMethodWorker.java:71)
at org.testng.internal.TestMethodWithDataProviderMethodWorker.call(TestMethodWithDataProviderMethodWorker.java:14)
at java.util.concurrent.FutureTask.run(Unknown Source)
at java.util.concurrent.Executors$RunnableAdapter.call(Unknown Source)
at java.util.concurrent.FutureTask.run(Unknown Source)
at java.util.concurrent.ThreadPoolExecutor.runWorker(Unknown Source)
at java.util.concurrent.ThreadPoolExecutor$Worker.run(Unknown Source)
at java.lang.Thread.run(Unknown Source)
]]>
    </failure>
  </testcase> <!-- WRTT_eCRV_Page -->
  <testcase name="WRTT_eCRV_Page" time="212.081" classname="WaterfallApplications.WRTT">
    <failure type="java.lang.AssertionError" message="WGRT Link: false, WRTT_Link: false, FedEx_Service_Guide: false, Service_Info: false">
      <![CDATA[java.lang.AssertionError: WGRT Link: false, WRTT_Link: false, FedEx_Service_Guide: false, Service_Info: false
at org.testng.Assert.fail(Assert.java:96)
at WaterfallApplications.WRTT.WRTT_eCRV_Page(WRTT.java:106)
at sun.reflect.NativeMethodAccessorImpl.invoke0(Native Method)
at sun.reflect.NativeMethodAccessorImpl.invoke(Unknown Source)
at sun.reflect.DelegatingMethodAccessorImpl.invoke(Unknown Source)
at java.lang.reflect.Method.invoke(Unknown Source)
at org.testng.internal.MethodInvocationHelper.invokeMethod(MethodInvocationHelper.java:124)
at org.testng.internal.Invoker.invokeMethod(Invoker.java:580)
at org.testng.internal.Invoker.invokeTestMethod(Invoker.java:716)
at org.testng.internal.TestMethodWithDataProviderMethodWorker.call(TestMethodWithDataProviderMethodWorker.java:71)
at org.testng.internal.TestMethodWithDataProviderMethodWorker.call(TestMethodWithDataProviderMethodWorker.java:14)
at java.util.concurrent.FutureTask.run(Unknown Source)
at java.util.concurrent.Executors$RunnableAdapter.call(Unknown Source)
at java.util.concurrent.FutureTask.run(Unknown Source)
at java.util.concurrent.ThreadPoolExecutor.runWorker(Unknown Source)
at java.util.concurrent.ThreadPoolExecutor$Worker.run(Unknown Source)
at java.lang.Thread.run(Unknown Source)
]]>
    </failure>
  </testcase> <!-- WRTT_eCRV_Page -->
</testsuite> <!-- WaterfallApplications.WRTT -->
