<?xml version="1.0" encoding="UTF-8"?>
<!-- Generated by org.testng.reporters.JUnitReportReporter -->
<testsuite skipped="2" hostname="WTC-5159473-l2" name="USRC_Application.USRC_TestData_Update" tests="43" failures="2" timestamp="10 May 2019 20:38:40 GMT" time="7777.713" errors="0">
  <testcase name="CheckLogin" time="242.320" classname="USRC_Application.USRC_TestData_Update"/>
  <testcase name="CheckLogin" time="191.982" classname="USRC_Application.USRC_TestData_Update"/>
  <testcase name="CheckLogin" time="254.883" classname="USRC_Application.USRC_TestData_Update"/>
  <testcase name="CheckLogin" time="242.409" classname="USRC_Application.USRC_TestData_Update"/>
  <testcase name="CheckLogin" time="245.635" classname="USRC_Application.USRC_TestData_Update"/>
  <testcase name="CheckLogin" time="241.103" classname="USRC_Application.USRC_TestData_Update"/>
  <testcase name="CheckLogin" time="120.778" classname="USRC_Application.USRC_TestData_Update"/>
  <testcase name="CheckLogin" time="57.163" classname="USRC_Application.USRC_TestData_Update"/>
  <testcase name="CheckLogin" time="245.592" classname="USRC_Application.USRC_TestData_Update"/>
  <testcase name="CheckLogin" time="295.241" classname="USRC_Application.USRC_TestData_Update"/>
  <testcase name="CheckLogin" time="245.155" classname="USRC_Application.USRC_TestData_Update"/>
  <testcase name="CheckLogin" time="81.715" classname="USRC_Application.USRC_TestData_Update"/>
  <testcase name="CheckLogin" time="227.694" classname="USRC_Application.USRC_TestData_Update"/>
  <testcase name="CheckLogin" time="267.747" classname="USRC_Application.USRC_TestData_Update"/>
  <testcase name="CheckLogin" time="1.021" classname="USRC_Application.USRC_TestData_Update">
    <failure type="java.lang.AssertionError" message="Not able to login">
      <![CDATA[java.lang.AssertionError: Not able to login
at org.junit.Assert.fail(Assert.java:88)
at USRC_Application.USRC_TestData_Update.CheckLogin(USRC_TestData_Update.java:158)
at sun.reflect.GeneratedMethodAccessor2.invoke(Unknown Source)
at sun.reflect.DelegatingMethodAccessorImpl.invoke(Unknown Source)
at java.lang.reflect.Method.invoke(Unknown Source)
at org.testng.internal.MethodInvocationHelper.invokeMethod(MethodInvocationHelper.java:124)
at org.testng.internal.Invoker.invokeMethod(Invoker.java:580)
at org.testng.internal.Invoker.invokeTestMethod(Invoker.java:716)
at org.testng.internal.TestMethodWithDataProviderMethodWorker.call(TestMethodWithDataProviderMethodWorker.java:71)
at org.testng.internal.TestMethodWithDataProviderMethodWorker.call(TestMethodWithDataProviderMethodWorker.java:14)
at java.util.concurrent.FutureTask.run(Unknown Source)
at java.util.concurrent.Executors$RunnableAdapter.call(Unknown Source)
at java.util.concurrent.FutureTask.run(Unknown Source)
at java.util.concurrent.ThreadPoolExecutor.runWorker(Unknown Source)
at java.util.concurrent.ThreadPoolExecutor$Worker.run(Unknown Source)
at java.lang.Thread.run(Unknown Source)
]]>
    </failure>
  </testcase> <!-- CheckLogin -->
  <testcase name="CheckLogin" time="292.870" classname="USRC_Application.USRC_TestData_Update"/>
  <testcase name="CheckLogin" time="272.815" classname="USRC_Application.USRC_TestData_Update"/>
  <testcase name="CheckLogin" time="88.193" classname="USRC_Application.USRC_TestData_Update"/>
  <testcase name="CheckLogin" time="69.344" classname="USRC_Application.USRC_TestData_Update"/>
  <testcase name="CheckLogin" time="169.760" classname="USRC_Application.USRC_TestData_Update"/>
  <testcase name="CheckLogin" time="242.611" classname="USRC_Application.USRC_TestData_Update"/>
  <testcase name="CheckLogin" time="133.545" classname="USRC_Application.USRC_TestData_Update"/>
  <testcase name="CheckLogin" time="199.457" classname="USRC_Application.USRC_TestData_Update"/>
  <testcase name="CheckLogin" time="205.274" classname="USRC_Application.USRC_TestData_Update"/>
  <testcase name="CheckLogin" time="267.746" classname="USRC_Application.USRC_TestData_Update"/>
  <testcase name="CheckLogin" time="158.128" classname="USRC_Application.USRC_TestData_Update"/>
  <testcase name="CheckLogin" time="205.855" classname="USRC_Application.USRC_TestData_Update"/>
  <testcase name="CheckLogin" time="181.574" classname="USRC_Application.USRC_TestData_Update"/>
  <testcase name="CheckLogin" time="31.437" classname="USRC_Application.USRC_TestData_Update"/>
  <testcase name="CheckLogin" time="242.096" classname="USRC_Application.USRC_TestData_Update"/>
  <testcase name="CheckLogin" time="229.733" classname="USRC_Application.USRC_TestData_Update"/>
  <testcase name="CheckLogin" time="277.296" classname="USRC_Application.USRC_TestData_Update"/>
  <testcase name="CheckLogin" time="267.672" classname="USRC_Application.USRC_TestData_Update"/>
  <testcase name="CheckLogin" time="44.630" classname="USRC_Application.USRC_TestData_Update"/>
  <testcase name="CheckLogin" time="172.958" classname="USRC_Application.USRC_TestData_Update"/>
  <testcase name="CheckLogin" time="268.698" classname="USRC_Application.USRC_TestData_Update"/>
  <testcase name="CheckLogin" time="321.520" classname="USRC_Application.USRC_TestData_Update"/>
  <testcase name="CheckLogin" time="1.391" classname="USRC_Application.USRC_TestData_Update">
    <failure type="java.lang.AssertionError" message="Not able to login">
      <![CDATA[java.lang.AssertionError: Not able to login
at org.junit.Assert.fail(Assert.java:88)
at USRC_Application.USRC_TestData_Update.CheckLogin(USRC_TestData_Update.java:158)
at sun.reflect.GeneratedMethodAccessor2.invoke(Unknown Source)
at sun.reflect.DelegatingMethodAccessorImpl.invoke(Unknown Source)
at java.lang.reflect.Method.invoke(Unknown Source)
at org.testng.internal.MethodInvocationHelper.invokeMethod(MethodInvocationHelper.java:124)
at org.testng.internal.Invoker.invokeMethod(Invoker.java:580)
at org.testng.internal.Invoker.invokeTestMethod(Invoker.java:716)
at org.testng.internal.TestMethodWithDataProviderMethodWorker.call(TestMethodWithDataProviderMethodWorker.java:71)
at org.testng.internal.TestMethodWithDataProviderMethodWorker.call(TestMethodWithDataProviderMethodWorker.java:14)
at java.util.concurrent.FutureTask.run(Unknown Source)
at java.util.concurrent.Executors$RunnableAdapter.call(Unknown Source)
at java.util.concurrent.FutureTask.run(Unknown Source)
at java.util.concurrent.ThreadPoolExecutor.runWorker(Unknown Source)
at java.util.concurrent.ThreadPoolExecutor$Worker.run(Unknown Source)
at java.lang.Thread.run(Unknown Source)
]]>
    </failure>
  </testcase> <!-- CheckLogin -->
  <testcase name="CheckLogin" time="157.489" classname="USRC_Application.USRC_TestData_Update"/>
  <testcase name="CheckLogin" time="295.390" classname="USRC_Application.USRC_TestData_Update"/>
  <testcase name="CheckLogin" time="19.793" classname="USRC_Application.USRC_TestData_Update"/>
  <testcase name="CheckMigration" classname="USRC_Application.USRC_TestData_Update">
    <skipped/>
  </testcase> <!-- CheckMigration -->
  <testcase name="UpdateUser" classname="USRC_Application.USRC_TestData_Update">
    <skipped/>
  </testcase> <!-- UpdateUser -->
</testsuite> <!-- USRC_Application.USRC_TestData_Update -->
