<?xml version="1.0" encoding="UTF-8"?>
<!-- Generated by org.testng.reporters.JUnitReportReporter -->
<testsuite skipped="0" hostname="WTC-5159473-l2" name="Soap_Execution.ADAT" tests="4" failures="0" timestamp="07 Mar 2019 15:25:22 GMT" time="13.896" errors="0">
  <testcase name="ADAT_PhoneVelocity" time="5.245" classname="Soap_Execution.ADAT"/>
  <testcase name="ADAT_PhoneVelocity" time="5.327" classname="Soap_Execution.ADAT"/>
  <testcase name="ADAT_PhoneVelocity" time="1.642" classname="Soap_Execution.ADAT"/>
  <testcase name="ADAT_PhoneVelocity" time="1.682" classname="Soap_Execution.ADAT"/>
</testsuite> <!-- Soap_Execution.ADAT -->
