<?xml version="1.0" encoding="UTF-8"?>
<!-- Generated by org.testng.reporters.JUnitReportReporter -->
<testsuite skipped="2" hostname="WTC-5159473-l2" name="Mission_Critical.WFCL_ALL_CCEnroll" tests="3" failures="0" timestamp="05 Mar 2019 22:36:47 GMT" time="389.005" errors="0">
  <testcase name="DiscountValidate" time="389.005" classname="Mission_Critical.WFCL_ALL_CCEnroll"/>
  <testcase name="DTFileCheck" classname="Mission_Critical.WFCL_ALL_CCEnroll">
    <skipped/>
  </testcase> <!-- DTFileCheck -->
  <testcase name="CreditCardRegistrationEnroll_All" classname="Mission_Critical.WFCL_ALL_CCEnroll">
    <skipped/>
  </testcase> <!-- CreditCardRegistrationEnroll_All -->
</testsuite> <!-- Mission_Critical.WFCL_ALL_CCEnroll -->
