<?xml version="1.0" encoding="UTF-8"?>
<!-- Generated by org.testng.reporters.JUnitReportReporter -->
<testsuite skipped="0" hostname="WTC-5159473-l2" name="Mission_Critical.WIDM_SmokeTest" tests="1" failures="0" timestamp="14 Dec 2018 17:54:19 GMT" time="157.783" errors="0">
  <testcase name="ResetPasswordWIDM_Email" time="157.783" classname="Mission_Critical.WIDM_SmokeTest"/>
</testsuite> <!-- Mission_Critical.WIDM_SmokeTest -->
