<?xml version="1.0" encoding="UTF-8"?>
<!-- Generated by org.testng.reporters.JUnitReportReporter -->
<testsuite skipped="0" hostname="WTC-5159473-l2" name="WFCL_Application.WFCL_SmokeTest" tests="1" failures="0" timestamp="11 Nov 2018 01:22:23 GMT" time="0.150" errors="1">
  <testcase name="AccountRegistration_INET" time="0.150" classname="WFCL_Application.WFCL_SmokeTest">
    <error type="org.testng.internal.reflect.MethodMatcherException" message="
Data provider mismatch
Method: AccountRegistration_INET([Parameter{index=0, type=java.lang.String, declaredAnnotations=[]}, Parameter{index=1, type=Data_Structures.Account_Data, declaredAnnotations=[]}])
Arguments: [(java.lang.String) 2,(java.lang.String) US,(Data_Structures.Account_Data) Data_Structures.Account_Data@76908cc0]">
      <![CDATA[org.testng.internal.reflect.MethodMatcherException: 
Data provider mismatch
Method: AccountRegistration_INET([Parameter{index=0, type=java.lang.String, declaredAnnotations=[]}, Parameter{index=1, type=Data_Structures.Account_Data, declaredAnnotations=[]}])
Arguments: [(java.lang.String) 2,(java.lang.String) US,(Data_Structures.Account_Data) Data_Structures.Account_Data@76908cc0]
at org.testng.internal.reflect.DataProviderMethodMatcher.getConformingArguments(DataProviderMethodMatcher.java:45)
at org.testng.internal.Parameters.injectParameters(Parameters.java:796)
at org.testng.internal.Invoker.invokeTestMethods(Invoker.java:954)
at org.testng.internal.TestMethodWorker.invokeTestMethods(TestMethodWorker.java:125)
at org.testng.internal.TestMethodWorker.run(TestMethodWorker.java:109)
at org.testng.TestRunner.privateRun(TestRunner.java:648)
at org.testng.TestRunner.run(TestRunner.java:505)
at org.testng.SuiteRunner.runTest(SuiteRunner.java:455)
at org.testng.SuiteRunner.runSequentially(SuiteRunner.java:450)
at org.testng.SuiteRunner.privateRun(SuiteRunner.java:415)
at org.testng.SuiteRunner.run(SuiteRunner.java:364)
at org.testng.SuiteRunnerWorker.runSuite(SuiteRunnerWorker.java:52)
at org.testng.SuiteRunnerWorker.run(SuiteRunnerWorker.java:84)
at org.testng.TestNG.runSuitesSequentially(TestNG.java:1208)
at org.testng.TestNG.runSuitesLocally(TestNG.java:1137)
at org.testng.TestNG.runSuites(TestNG.java:1049)
at org.testng.TestNG.run(TestNG.java:1017)
at org.testng.remote.AbstractRemoteTestNG.run(AbstractRemoteTestNG.java:114)
at org.testng.remote.RemoteTestNG.initAndRun(RemoteTestNG.java:251)
at org.testng.remote.RemoteTestNG.main(RemoteTestNG.java:77)
]]>
    </error>
  </testcase> <!-- AccountRegistration_INET -->
</testsuite> <!-- WFCL_Application.WFCL_SmokeTest -->
