<?xml version="1.0" encoding="UTF-8"?>
<!-- Generated by org.testng.reporters.JUnitReportReporter -->
<testsuite skipped="3" hostname="WTC-5159473-l2" name="WFCL_Application.WFCL_Manual_Helper" tests="4" failures="0" timestamp="17 May 2019 14:47:54 GMT" time="427.622" errors="0">
  <testcase name="AccountRegistration_INET_Test" time="427.622" classname="WFCL_Application.WFCL_Manual_Helper"/>
  <testcase name="AccountRegistration_Take_Account_Online" classname="WFCL_Application.WFCL_Manual_Helper">
    <skipped/>
  </testcase> <!-- AccountRegistration_Take_Account_Online -->
  <testcase name="Link_Account_To_Specific_User" classname="WFCL_Application.WFCL_Manual_Helper">
    <skipped/>
  </testcase> <!-- Link_Account_To_Specific_User -->
  <testcase name="WFCL_Rewards_Registration" classname="WFCL_Application.WFCL_Manual_Helper">
    <skipped/>
  </testcase> <!-- WFCL_Rewards_Registration -->
</testsuite> <!-- WFCL_Application.WFCL_Manual_Helper -->
