<?xml version="1.0" encoding="UTF-8"?>
<!-- Generated by org.testng.reporters.JUnitReportReporter -->
<testsuite skipped="0" hostname="WTC-5159473-l2" name="SupportClasses.Account_Lookup" tests="10" failures="0" timestamp="06 Dec 2018 22:46:46 GMT" time="58.275" errors="0">
  <testcase name="AccountCheck" time="5.503" classname="SupportClasses.Account_Lookup"/>
  <testcase name="AccountCheck" time="5.092" classname="SupportClasses.Account_Lookup"/>
  <testcase name="AccountCheck" time="4.748" classname="SupportClasses.Account_Lookup"/>
  <testcase name="AccountCheck" time="5.239" classname="SupportClasses.Account_Lookup"/>
  <testcase name="AccountCheck" time="14.426" classname="SupportClasses.Account_Lookup"/>
  <testcase name="AccountCheck" time="4.709" classname="SupportClasses.Account_Lookup"/>
  <testcase name="AccountCheck" time="4.428" classname="SupportClasses.Account_Lookup"/>
  <testcase name="AccountCheck" time="4.433" classname="SupportClasses.Account_Lookup"/>
  <testcase name="AccountCheck" time="4.966" classname="SupportClasses.Account_Lookup"/>
  <testcase name="AccountCheck" time="4.731" classname="SupportClasses.Account_Lookup"/>
</testsuite> <!-- SupportClasses.Account_Lookup -->
