<?xml version="1.0" encoding="UTF-8"?>
<!-- Generated by org.testng.reporters.JUnitReportReporter -->
<testsuite skipped="1" hostname="WTC-5159473-l2" name="Mission_Critical.WIDM_SOAPClient" tests="1" failures="0" timestamp="04 Jan 2019 22:01:38 GMT" time="0.000" errors="0">
  <testcase name="WIDM_SOAP_Attempt" time="0.000" classname="Mission_Critical.WIDM_SOAPClient">
    <skipped/>
  </testcase> <!-- WIDM_SOAP_Attempt -->
</testsuite> <!-- Mission_Critical.WIDM_SOAPClient -->
