<?xml version="1.0" encoding="UTF-8"?>
<!-- Generated by org.testng.reporters.JUnitReportReporter -->
<testsuite skipped="5" hostname="WTC-5159473-l2" name="CXS_Support.USRC_General" tests="28" failures="2" timestamp="11 Mar 2019 22:03:47 GMT" time="447.220" errors="0">
  <testcase name="CheckLogin" time="18.110" classname="CXS_Support.USRC_General"/>
  <testcase name="CheckLogin" time="0.376" classname="CXS_Support.USRC_General">
    <failure type="java.lang.AssertionError" message="Not able to login">
      <![CDATA[java.lang.AssertionError: Not able to login
at org.junit.Assert.fail(Assert.java:88)
at CXS_Support.USRC_General.CheckLogin(USRC_General.java:244)
at sun.reflect.GeneratedMethodAccessor2.invoke(Unknown Source)
at sun.reflect.DelegatingMethodAccessorImpl.invoke(Unknown Source)
at java.lang.reflect.Method.invoke(Unknown Source)
at org.testng.internal.MethodInvocationHelper.invokeMethod(MethodInvocationHelper.java:124)
at org.testng.internal.Invoker.invokeMethod(Invoker.java:580)
at org.testng.internal.Invoker.invokeTestMethod(Invoker.java:716)
at org.testng.internal.TestMethodWithDataProviderMethodWorker.call(TestMethodWithDataProviderMethodWorker.java:71)
at org.testng.internal.TestMethodWithDataProviderMethodWorker.call(TestMethodWithDataProviderMethodWorker.java:14)
at java.util.concurrent.FutureTask.run(Unknown Source)
at java.util.concurrent.Executors$RunnableAdapter.call(Unknown Source)
at java.util.concurrent.FutureTask.run(Unknown Source)
at java.util.concurrent.ThreadPoolExecutor.runWorker(Unknown Source)
at java.util.concurrent.ThreadPoolExecutor$Worker.run(Unknown Source)
at java.lang.Thread.run(Unknown Source)
]]>
    </failure>
  </testcase> <!-- CheckLogin -->
  <testcase name="CheckLogin" time="8.766" classname="CXS_Support.USRC_General"/>
  <testcase name="CheckLogin" time="20.511" classname="CXS_Support.USRC_General"/>
  <testcase name="CheckLogin" time="22.739" classname="CXS_Support.USRC_General"/>
  <testcase name="CheckLogin" time="14.032" classname="CXS_Support.USRC_General"/>
  <testcase name="CheckLogin" time="32.970" classname="CXS_Support.USRC_General"/>
  <testcase name="CheckLogin" time="6.848" classname="CXS_Support.USRC_General"/>
  <testcase name="CheckLogin" time="30.122" classname="CXS_Support.USRC_General"/>
  <testcase name="CheckLogin" time="26.335" classname="CXS_Support.USRC_General"/>
  <testcase name="CheckLogin" time="22.259" classname="CXS_Support.USRC_General"/>
  <testcase name="CheckLogin" time="0.365" classname="CXS_Support.USRC_General">
    <failure type="java.lang.AssertionError" message="Not able to login">
      <![CDATA[java.lang.AssertionError: Not able to login
at org.junit.Assert.fail(Assert.java:88)
at CXS_Support.USRC_General.CheckLogin(USRC_General.java:244)
at sun.reflect.GeneratedMethodAccessor2.invoke(Unknown Source)
at sun.reflect.DelegatingMethodAccessorImpl.invoke(Unknown Source)
at java.lang.reflect.Method.invoke(Unknown Source)
at org.testng.internal.MethodInvocationHelper.invokeMethod(MethodInvocationHelper.java:124)
at org.testng.internal.Invoker.invokeMethod(Invoker.java:580)
at org.testng.internal.Invoker.invokeTestMethod(Invoker.java:716)
at org.testng.internal.TestMethodWithDataProviderMethodWorker.call(TestMethodWithDataProviderMethodWorker.java:71)
at org.testng.internal.TestMethodWithDataProviderMethodWorker.call(TestMethodWithDataProviderMethodWorker.java:14)
at java.util.concurrent.FutureTask.run(Unknown Source)
at java.util.concurrent.Executors$RunnableAdapter.call(Unknown Source)
at java.util.concurrent.FutureTask.run(Unknown Source)
at java.util.concurrent.ThreadPoolExecutor.runWorker(Unknown Source)
at java.util.concurrent.ThreadPoolExecutor$Worker.run(Unknown Source)
at java.lang.Thread.run(Unknown Source)
]]>
    </failure>
  </testcase> <!-- CheckLogin -->
  <testcase name="CheckLogin" time="27.988" classname="CXS_Support.USRC_General"/>
  <testcase name="CheckLogin" time="18.645" classname="CXS_Support.USRC_General"/>
  <testcase name="CheckLogin" time="25.278" classname="CXS_Support.USRC_General"/>
  <testcase name="CheckLogin" time="18.839" classname="CXS_Support.USRC_General"/>
  <testcase name="CheckLogin" time="29.189" classname="CXS_Support.USRC_General"/>
  <testcase name="CheckLogin" time="13.517" classname="CXS_Support.USRC_General"/>
  <testcase name="CheckLogin" time="13.017" classname="CXS_Support.USRC_General"/>
  <testcase name="CheckLogin" time="23.662" classname="CXS_Support.USRC_General"/>
  <testcase name="CheckLogin" time="28.572" classname="CXS_Support.USRC_General"/>
  <testcase name="CheckLogin" time="27.841" classname="CXS_Support.USRC_General"/>
  <testcase name="CheckLogin" time="17.239" classname="CXS_Support.USRC_General"/>
  <testcase name="CheckIfUserInvalidLogin" classname="CXS_Support.USRC_General">
    <skipped/>
  </testcase> <!-- CheckIfUserInvalidLogin -->
  <testcase name="CreateUsers" classname="CXS_Support.USRC_General">
    <skipped/>
  </testcase> <!-- CreateUsers -->
  <testcase name="UpdateValue" classname="CXS_Support.USRC_General">
    <skipped/>
  </testcase> <!-- UpdateValue -->
  <testcase name="Check_FDM_Status" classname="CXS_Support.USRC_General">
    <skipped/>
  </testcase> <!-- Check_FDM_Status -->
  <testcase name="CreateUsers_AddressDetails" classname="CXS_Support.USRC_General">
    <skipped/>
  </testcase> <!-- CreateUsers_AddressDetails -->
</testsuite> <!-- CXS_Support.USRC_General -->
