<?xml version="1.0" encoding="UTF-8"?>
<!-- Generated by org.testng.reporters.JUnitReportReporter -->
<testsuite skipped="0" hostname="WTC-5159473-l2" name="Mission_Critical.WIDM" tests="3" failures="0" timestamp="12 Dec 2018 19:53:01 GMT" time="297.301" errors="0">
  <testcase name="WIDM_Registration" time="96.570" classname="Mission_Critical.WIDM"/>
  <testcase name="WIDM_Registration" time="104.570" classname="Mission_Critical.WIDM"/>
  <testcase name="WIDM_Registration" time="96.161" classname="Mission_Critical.WIDM"/>
</testsuite> <!-- Mission_Critical.WIDM -->
