<?xml version="1.0" encoding="UTF-8"?>
<!-- Generated by org.testng.reporters.JUnitReportReporter -->
<testsuite skipped="7" hostname="WTC-5159473-l2" name="Mission_Critical.MC_PI_2" tests="9" failures="0" timestamp="24 Jan 2019 20:11:36 GMT" time="269.032" errors="0">
  <testcase name="TH_Welcome_Email_Disabled" time="125.257" classname="Mission_Critical.MC_PI_2"/>
  <testcase name="TH_Welcome_Email_Disabled" time="143.775" classname="Mission_Critical.MC_PI_2"/>
  <testcase name="WIDM_Reset_Password_Secret_SamePassword_Error" classname="Mission_Critical.MC_PI_2">
    <skipped/>
  </testcase> <!-- WIDM_Reset_Password_Secret_SamePassword_Error -->
  <testcase name="WFCL_Registration_Email_Validation_Legacy" classname="Mission_Critical.MC_PI_2">
    <skipped/>
  </testcase> <!-- WFCL_Registration_Email_Validation_Legacy -->
  <testcase name="WFCL_Reset_Password_Email_Validation" classname="Mission_Critical.MC_PI_2">
    <skipped/>
  </testcase> <!-- WFCL_Reset_Password_Email_Validation -->
  <testcase name="WIDM_Email_BounceBack" classname="Mission_Critical.MC_PI_2">
    <skipped/>
  </testcase> <!-- WIDM_Email_BounceBack -->
  <testcase name="WFCL_Forgot_UserID_Email_Validation" classname="Mission_Critical.MC_PI_2">
    <skipped/>
  </testcase> <!-- WFCL_Forgot_UserID_Email_Validation -->
  <testcase name="WFCL_Reset_Password_Secret_SamePassword_Error" classname="Mission_Critical.MC_PI_2">
    <skipped/>
  </testcase> <!-- WFCL_Reset_Password_Secret_SamePassword_Error -->
  <testcase name="WIDM_Forgot_UserID_Email_Validation" classname="Mission_Critical.MC_PI_2">
    <skipped/>
  </testcase> <!-- WIDM_Forgot_UserID_Email_Validation -->
</testsuite> <!-- Mission_Critical.MC_PI_2 -->
