<?xml version="1.0" encoding="UTF-8"?>
<!-- Generated by org.testng.reporters.JUnitReportReporter -->
<testsuite skipped="0" hostname="WTC-5159473-l2" name="ADAT_Application.ADAT" tests="14" failures="0" timestamp="06 May 2019 14:03:06 GMT" time="96.768" errors="0">
  <testcase name="ADAT_CreateUser" time="1.725" classname="ADAT_Application.ADAT"/>
  <testcase name="ADAT_CreateUser" time="2.056" classname="ADAT_Application.ADAT"/>
  <testcase name="ADAT_CreatePin" time="2.053" classname="ADAT_Application.ADAT"/>
  <testcase name="ADAT_CreatePin" time="2.034" classname="ADAT_Application.ADAT"/>
  <testcase name="ADAT_AddressVelocity" time="19.486" classname="ADAT_Application.ADAT"/>
  <testcase name="ADAT_PostcardVelocity" time="9.108" classname="ADAT_Application.ADAT"/>
  <testcase name="ADAT_PhoneVelocity" time="8.722" classname="ADAT_Application.ADAT"/>
  <testcase name="ADAT_AddressVelocity" time="17.233" classname="ADAT_Application.ADAT"/>
  <testcase name="ADAT_PostcardVelocity" time="10.888" classname="ADAT_Application.ADAT"/>
  <testcase name="ADAT_PhoneVelocity" time="10.689" classname="ADAT_Application.ADAT"/>
  <testcase name="ADAT_VerifyPin" time="3.073" classname="ADAT_Application.ADAT"/>
  <testcase name="ADAT_VerifyPin_Invalid" time="3.430" classname="ADAT_Application.ADAT"/>
  <testcase name="ADAT_VerifyPin" time="3.207" classname="ADAT_Application.ADAT"/>
  <testcase name="ADAT_VerifyPin_Invalid" time="3.064" classname="ADAT_Application.ADAT"/>
</testsuite> <!-- ADAT_Application.ADAT -->
