<?xml version="1.0" encoding="UTF-8"?>
<!-- Generated by org.testng.reporters.JUnitReportReporter -->
<testsuite skipped="0" hostname="WTC-5159473-l2" name="ADAT_Application.ADAT_SmokeTest" tests="28" failures="0" timestamp="19 May 2019 05:30:15 GMT" time="73.112" errors="0">
  <testcase name="ADAT_CreateUser" time="0.868" classname="ADAT_Application.ADAT_SmokeTest"/>
  <testcase name="ADAT_CreateUser" time="0.587" classname="ADAT_Application.ADAT_SmokeTest"/>
  <testcase name="ADAT_CreateUser" time="0.835" classname="ADAT_Application.ADAT_SmokeTest"/>
  <testcase name="ADAT_CreateUser" time="0.621" classname="ADAT_Application.ADAT_SmokeTest"/>
  <testcase name="ADAT_CreatePin" time="0.428" classname="ADAT_Application.ADAT_SmokeTest"/>
  <testcase name="ADAT_CreatePin" time="1.061" classname="ADAT_Application.ADAT_SmokeTest"/>
  <testcase name="ADAT_CreatePin" time="1.026" classname="ADAT_Application.ADAT_SmokeTest"/>
  <testcase name="ADAT_CreatePin" time="0.420" classname="ADAT_Application.ADAT_SmokeTest"/>
  <testcase name="ADAT_AddressVelocity" time="2.814" classname="ADAT_Application.ADAT_SmokeTest"/>
  <testcase name="ADAT_PostcardVelocity" time="1.159" classname="ADAT_Application.ADAT_SmokeTest"/>
  <testcase name="ADAT_AddressVelocity" time="12.988" classname="ADAT_Application.ADAT_SmokeTest"/>
  <testcase name="ADAT_PostcardVelocity" time="1.163" classname="ADAT_Application.ADAT_SmokeTest"/>
  <testcase name="ADAT_PhoneVelocity" time="5.673" classname="ADAT_Application.ADAT_SmokeTest"/>
  <testcase name="ADAT_PostcardVelocity" time="5.219" classname="ADAT_Application.ADAT_SmokeTest"/>
  <testcase name="ADAT_PhoneVelocity" time="5.730" classname="ADAT_Application.ADAT_SmokeTest"/>
  <testcase name="ADAT_PostcardVelocity" time="5.290" classname="ADAT_Application.ADAT_SmokeTest"/>
  <testcase name="ADAT_AddressVelocity" time="2.932" classname="ADAT_Application.ADAT_SmokeTest"/>
  <testcase name="ADAT_AddressVelocity" time="12.972" classname="ADAT_Application.ADAT_SmokeTest"/>
  <testcase name="ADAT_PhoneVelocity" time="1.288" classname="ADAT_Application.ADAT_SmokeTest"/>
  <testcase name="ADAT_PhoneVelocity" time="1.213" classname="ADAT_Application.ADAT_SmokeTest"/>
  <testcase name="ADAT_VerifyPin" time="0.631" classname="ADAT_Application.ADAT_SmokeTest"/>
  <testcase name="ADAT_VerifyPin" time="1.664" classname="ADAT_Application.ADAT_SmokeTest"/>
  <testcase name="ADAT_VerifyPin" time="0.632" classname="ADAT_Application.ADAT_SmokeTest"/>
  <testcase name="ADAT_VerifyPin_Invalid" time="0.436" classname="ADAT_Application.ADAT_SmokeTest"/>
  <testcase name="ADAT_VerifyPin" time="1.663" classname="ADAT_Application.ADAT_SmokeTest"/>
  <testcase name="ADAT_VerifyPin_Invalid" time="0.630" classname="ADAT_Application.ADAT_SmokeTest"/>
  <testcase name="ADAT_VerifyPin_Invalid" time="1.514" classname="ADAT_Application.ADAT_SmokeTest"/>
  <testcase name="ADAT_VerifyPin_Invalid" time="1.655" classname="ADAT_Application.ADAT_SmokeTest"/>
</testsuite> <!-- ADAT_Application.ADAT_SmokeTest -->
