<?xml version="1.0" encoding="UTF-8"?>
<!-- Generated by org.testng.reporters.JUnitReportReporter -->
<testsuite skipped="0" hostname="WTC-5159473-l2" name="SoapExample.SoapAutomation" tests="1" failures="0" timestamp="15 Feb 2019 21:38:35 GMT" time="1.621" errors="1">
  <testcase name="ADAT_PhoneVelocity" time="1.621" classname="SoapExample.SoapAutomation">
    <error type="com.sun.xml.internal.messaging.saaj.SOAPExceptionImpl" message="com.sun.xml.internal.messaging.saaj.SOAPExceptionImpl: Bad response: (400Bad Request">
      <![CDATA[com.sun.xml.internal.messaging.saaj.SOAPExceptionImpl: com.sun.xml.internal.messaging.saaj.SOAPExceptionImpl: Bad response: (400Bad Request
at com.sun.xml.internal.messaging.saaj.client.p2p.HttpSOAPConnection.call(Unknown Source)
at SoapExample.GeneralSoapSupport.callSoapWebService(GeneralSoapSupport.java:57)
at SoapExample.SoapAutomation.ADAT_EvaluateRisk(SoapAutomation.java:274)
at SoapExample.SoapAutomation.VelocityCheck(SoapAutomation.java:112)
at SoapExample.SoapAutomation.ADAT_PhoneVelocity(SoapAutomation.java:91)
at sun.reflect.NativeMethodAccessorImpl.invoke0(Native Method)
at sun.reflect.NativeMethodAccessorImpl.invoke(Unknown Source)
at sun.reflect.DelegatingMethodAccessorImpl.invoke(Unknown Source)
at java.lang.reflect.Method.invoke(Unknown Source)
at org.testng.internal.MethodInvocationHelper.invokeMethod(MethodInvocationHelper.java:124)
at org.testng.internal.Invoker.invokeMethod(Invoker.java:580)
at org.testng.internal.Invoker.invokeTestMethod(Invoker.java:716)
at org.testng.internal.TestMethodWithDataProviderMethodWorker.call(TestMethodWithDataProviderMethodWorker.java:71)
at org.testng.internal.TestMethodWithDataProviderMethodWorker.call(TestMethodWithDataProviderMethodWorker.java:14)
at java.util.concurrent.FutureTask.run(Unknown Source)
at java.util.concurrent.Executors$RunnableAdapter.call(Unknown Source)
at java.util.concurrent.FutureTask.run(Unknown Source)
at java.util.concurrent.ThreadPoolExecutor.runWorker(Unknown Source)
at java.util.concurrent.ThreadPoolExecutor$Worker.run(Unknown Source)
at java.lang.Thread.run(Unknown Source)
Caused by: com.sun.xml.internal.messaging.saaj.SOAPExceptionImpl: Bad response: (400Bad Request
at com.sun.xml.internal.messaging.saaj.client.p2p.HttpSOAPConnection.post(Unknown Source)
... 20 more

CAUSE:

com.sun.xml.internal.messaging.saaj.SOAPExceptionImpl: Bad response: (400Bad Request
at com.sun.xml.internal.messaging.saaj.client.p2p.HttpSOAPConnection.post(Unknown Source)
at com.sun.xml.internal.messaging.saaj.client.p2p.HttpSOAPConnection.call(Unknown Source)
at SoapExample.GeneralSoapSupport.callSoapWebService(GeneralSoapSupport.java:57)
at SoapExample.SoapAutomation.ADAT_EvaluateRisk(SoapAutomation.java:274)
at SoapExample.SoapAutomation.VelocityCheck(SoapAutomation.java:112)
at SoapExample.SoapAutomation.ADAT_PhoneVelocity(SoapAutomation.java:91)
at sun.reflect.NativeMethodAccessorImpl.invoke0(Native Method)
at sun.reflect.NativeMethodAccessorImpl.invoke(Unknown Source)
at sun.reflect.DelegatingMethodAccessorImpl.invoke(Unknown Source)
at java.lang.reflect.Method.invoke(Unknown Source)
at org.testng.internal.MethodInvocationHelper.invokeMethod(MethodInvocationHelper.java:124)
at org.testng.internal.Invoker.invokeMethod(Invoker.java:580)
at org.testng.internal.Invoker.invokeTestMethod(Invoker.java:716)
at org.testng.internal.TestMethodWithDataProviderMethodWorker.call(TestMethodWithDataProviderMethodWorker.java:71)
at org.testng.internal.TestMethodWithDataProviderMethodWorker.call(TestMethodWithDataProviderMethodWorker.java:14)
at java.util.concurrent.FutureTask.run(Unknown Source)
at java.util.concurrent.Executors$RunnableAdapter.call(Unknown Source)
at java.util.concurrent.FutureTask.run(Unknown Source)
at java.util.concurrent.ThreadPoolExecutor.runWorker(Unknown Source)
at java.util.concurrent.ThreadPoolExecutor$Worker.run(Unknown Source)
at java.lang.Thread.run(Unknown Source)
]]>
    </error>
  </testcase> <!-- ADAT_PhoneVelocity -->
</testsuite> <!-- SoapExample.SoapAutomation -->
