<?xml version="1.0" encoding="UTF-8"?>
<!-- Generated by org.testng.reporters.JUnitReportReporter -->
<testsuite skipped="0" hostname="WTC-5159473-l2" name="CXS_Support.USRC_FDM" tests="1" failures="0" timestamp="23 Jan 2019 15:14:29 GMT" time="23.462" errors="0">
  <testcase name="EndtoEndEnrollment" time="23.462" classname="CXS_Support.USRC_FDM"/>
</testsuite> <!-- CXS_Support.USRC_FDM -->
