<?xml version="1.0" encoding="UTF-8"?>
<!-- Generated by org.testng.reporters.JUnitReportReporter -->
<testsuite skipped="0" hostname="WTC-5159473-l2" name="WFCL_Application.WFCL_New" tests="1" failures="0" timestamp="10 Dec 2018 18:03:47 GMT" time="31.649" errors="0">
  <testcase name="UserRegistration" time="31.649" classname="WFCL_Application.WFCL_New"/>
</testsuite> <!-- WFCL_Application.WFCL_New -->
