<?xml version="1.0" encoding="UTF-8"?>
<!-- Generated by org.testng.reporters.JUnitReportReporter -->
<testsuite skipped="4" hostname="WTC-5159473-l2" name="AgileApplications.WFCL" tests="5" failures="0" timestamp="09 Nov 2018 23:27:29 GMT" time="311.009" errors="0">
  <testcase name="CreditCardRegistrationEnroll" time="311.009" classname="AgileApplications.WFCL"/>
  <testcase name="AccountRegistration_GFBO" classname="AgileApplications.WFCL">
    <skipped/>
  </testcase> <!-- AccountRegistration_GFBO -->
  <testcase name="TNT_Vat_Validation" classname="AgileApplications.WFCL">
    <skipped/>
  </testcase> <!-- TNT_Vat_Validation -->
  <testcase name="WADM_Invitaiton" classname="AgileApplications.WFCL">
    <skipped/>
  </testcase> <!-- WADM_Invitaiton -->
  <testcase name="Address_Mismatch" classname="AgileApplications.WFCL">
    <skipped/>
  </testcase> <!-- Address_Mismatch -->
</testsuite> <!-- AgileApplications.WFCL -->
