<?xml version="1.0" encoding="UTF-8"?>
<!-- Generated by org.testng.reporters.JUnitReportReporter -->
<testsuite skipped="1" hostname="WTC-5159473-l2" name="WIDM_Application.WIDM_SOAPClient" tests="11" failures="0" timestamp="07 Jun 2019 20:37:29 GMT" time="97.362" errors="0">
  <testcase name="AAAUserCreate" time="12.718" classname="WIDM_Application.WIDM_SOAPClient"/>
  <testcase name="AAAUserCreate" time="12.601" classname="WIDM_Application.WIDM_SOAPClient"/>
  <testcase name="AAAUserCreate" time="11.313" classname="WIDM_Application.WIDM_SOAPClient"/>
  <testcase name="AAAUserCreate" time="7.509" classname="WIDM_Application.WIDM_SOAPClient"/>
  <testcase name="AAAUserCreate" time="11.128" classname="WIDM_Application.WIDM_SOAPClient"/>
  <testcase name="AAAUserCreate" time="7.909" classname="WIDM_Application.WIDM_SOAPClient"/>
  <testcase name="AAAUserCreate" time="8.234" classname="WIDM_Application.WIDM_SOAPClient"/>
  <testcase name="AAAUserCreate" time="8.624" classname="WIDM_Application.WIDM_SOAPClient"/>
  <testcase name="AAAUserCreate" time="8.891" classname="WIDM_Application.WIDM_SOAPClient"/>
  <testcase name="AAAUserCreate" time="8.435" classname="WIDM_Application.WIDM_SOAPClient"/>
  <testcase name="AAAUserCreate_APAC" classname="WIDM_Application.WIDM_SOAPClient">
    <skipped/>
  </testcase> <!-- AAAUserCreate_APAC -->
</testsuite> <!-- WIDM_Application.WIDM_SOAPClient -->
