<?xml version="1.0" encoding="UTF-8"?>
<!-- Generated by org.testng.reporters.JUnitReportReporter -->
<testsuite skipped="2" hostname="WTC-5159473-l2" name="WaterfallApplications.WRTT" tests="38" failures="0" timestamp="27 Jan 2019 07:33:11 GMT" time="2836.237" errors="0">
  <testcase name="WRTT_Rate_Sheet" time="123.501" classname="WaterfallApplications.WRTT"/>
  <testcase name="WRTT_Rate_Sheet" time="78.987" classname="WaterfallApplications.WRTT"/>
  <testcase name="WRTT_Rate_Sheet" time="57.205" classname="WaterfallApplications.WRTT"/>
  <testcase name="WRTT_Rate_Sheet" time="59.527" classname="WaterfallApplications.WRTT"/>
  <testcase name="WRTT_Rate_Sheet" time="75.956" classname="WaterfallApplications.WRTT"/>
  <testcase name="WRTT_Rate_Sheet" time="115.185" classname="WaterfallApplications.WRTT"/>
  <testcase name="WRTT_Rate_Sheet" time="132.099" classname="WaterfallApplications.WRTT"/>
  <testcase name="WRTT_Rate_Sheet" time="115.312" classname="WaterfallApplications.WRTT"/>
  <testcase name="WRTT_Rate_Sheet" time="80.475" classname="WaterfallApplications.WRTT"/>
  <testcase name="WRTT_Rate_Sheet" time="113.941" classname="WaterfallApplications.WRTT"/>
  <testcase name="WRTT_Rate_Sheet" time="62.751" classname="WaterfallApplications.WRTT"/>
  <testcase name="WRTT_Rate_Sheet" time="79.433" classname="WaterfallApplications.WRTT"/>
  <testcase name="WRTT_Rate_Sheet" time="124.863" classname="WaterfallApplications.WRTT"/>
  <testcase name="WRTT_Rate_Sheet" time="138.371" classname="WaterfallApplications.WRTT"/>
  <testcase name="WRTT_Rate_Sheet" time="104.062" classname="WaterfallApplications.WRTT"/>
  <testcase name="WRTT_Rate_Sheet" time="92.804" classname="WaterfallApplications.WRTT"/>
  <testcase name="WRTT_Rate_Sheet" time="33.523" classname="WaterfallApplications.WRTT"/>
  <testcase name="WRTT_Rate_Sheet" time="107.336" classname="WaterfallApplications.WRTT"/>
  <testcase name="WRTT_Rate_Sheet" time="25.119" classname="WaterfallApplications.WRTT"/>
  <testcase name="WRTT_Rate_Sheet" time="46.086" classname="WaterfallApplications.WRTT"/>
  <testcase name="WRTT_Rate_Sheet" time="48.193" classname="WaterfallApplications.WRTT"/>
  <testcase name="WRTT_Rate_Sheet" time="81.916" classname="WaterfallApplications.WRTT"/>
  <testcase name="WRTT_Rate_Sheet" time="86.530" classname="WaterfallApplications.WRTT"/>
  <testcase name="WRTT_Rate_Sheet" time="24.581" classname="WaterfallApplications.WRTT"/>
  <testcase name="WRTT_Rate_Sheet" time="65.638" classname="WaterfallApplications.WRTT"/>
  <testcase name="WRTT_Rate_Sheet" time="50.705" classname="WaterfallApplications.WRTT"/>
  <testcase name="WRTT_Rate_Sheet" time="84.860" classname="WaterfallApplications.WRTT"/>
  <testcase name="WRTT_Rate_Sheet" time="77.897" classname="WaterfallApplications.WRTT"/>
  <testcase name="WRTT_Rate_Sheet" time="56.399" classname="WaterfallApplications.WRTT"/>
  <testcase name="WRTT_Rate_Sheet" time="108.123" classname="WaterfallApplications.WRTT"/>
  <testcase name="WRTT_Rate_Sheet" time="52.405" classname="WaterfallApplications.WRTT"/>
  <testcase name="WRTT_Rate_Sheet" time="21.696" classname="WaterfallApplications.WRTT"/>
  <testcase name="WRTT_Rate_Sheet" time="64.816" classname="WaterfallApplications.WRTT"/>
  <testcase name="WRTT_Rate_Sheet" time="91.751" classname="WaterfallApplications.WRTT"/>
  <testcase name="WRTT_Rate_Sheet" time="45.126" classname="WaterfallApplications.WRTT"/>
  <testcase name="WRTT_Rate_Sheet" time="109.065" classname="WaterfallApplications.WRTT"/>
  <testcase name="WRTT_SpalshPage_eCRV" classname="WaterfallApplications.WRTT">
    <skipped/>
  </testcase> <!-- WRTT_SpalshPage_eCRV -->
  <testcase name="WRTT_eCRV_WRTTLink" classname="WaterfallApplications.WRTT">
    <skipped/>
  </testcase> <!-- WRTT_eCRV_WRTTLink -->
</testsuite> <!-- WaterfallApplications.WRTT -->
