<?xml version="1.0" encoding="UTF-8"?>
<!-- Generated by org.testng.reporters.JUnitReportReporter -->
<testsuite skipped="0" hostname="WTC-5159473-l2" name="ADAT_Application.ADAT" tests="14" failures="0" timestamp="07 May 2019 21:54:59 GMT" time="65.630" errors="0">
  <testcase name="ADAT_CreateUser" time="0.951" classname="ADAT_Application.ADAT"/>
  <testcase name="ADAT_CreateUser" time="0.948" classname="ADAT_Application.ADAT"/>
  <testcase name="ADAT_CreatePin" time="0.837" classname="ADAT_Application.ADAT"/>
  <testcase name="ADAT_CreatePin" time="0.853" classname="ADAT_Application.ADAT"/>
  <testcase name="ADAT_PostcardVelocity" time="6.336" classname="ADAT_Application.ADAT"/>
  <testcase name="ADAT_AddressVelocity" time="13.067" classname="ADAT_Application.ADAT"/>
  <testcase name="ADAT_PostcardVelocity" time="6.769" classname="ADAT_Application.ADAT"/>
  <testcase name="ADAT_PhoneVelocity" time="7.308" classname="ADAT_Application.ADAT"/>
  <testcase name="ADAT_AddressVelocity" time="13.333" classname="ADAT_Application.ADAT"/>
  <testcase name="ADAT_PhoneVelocity" time="6.737" classname="ADAT_Application.ADAT"/>
  <testcase name="ADAT_VerifyPin" time="2.440" classname="ADAT_Application.ADAT"/>
  <testcase name="ADAT_VerifyPin_Invalid" time="2.361" classname="ADAT_Application.ADAT"/>
  <testcase name="ADAT_VerifyPin_Invalid" time="1.801" classname="ADAT_Application.ADAT"/>
  <testcase name="ADAT_VerifyPin" time="1.889" classname="ADAT_Application.ADAT"/>
</testsuite> <!-- ADAT_Application.ADAT -->
