<?xml version="1.0" encoding="UTF-8"?>
<!-- Generated by org.testng.reporters.JUnitReportReporter -->
<testsuite skipped="0" hostname="WTC-5159473-l2" name="WIDM_Application.WIDM" tests="1" failures="0" timestamp="06 May 2019 21:15:46 GMT" time="4.620" errors="0">
  <testcase name="AAAUserCreate" time="4.620" classname="WIDM_Application.WIDM"/>
</testsuite> <!-- WIDM_Application.WIDM -->
