<?xml version="1.0" encoding="UTF-8"?>
<!-- Generated by org.testng.reporters.JUnitReportReporter -->
<testsuite skipped="0" hostname="WTC-5159473-l2" name="IPAS_Application.IPAS_Invitation" tests="3" failures="0" timestamp="23 May 2019 14:43:40 GMT" time="455.488" errors="0">
  <testcase name="IPAS_Invitation_Attempt" time="154.873" classname="IPAS_Application.IPAS_Invitation"/>
  <testcase name="IPAS_Invitation_Attempt" time="142.934" classname="IPAS_Application.IPAS_Invitation"/>
  <testcase name="IPAS_Invitation_Attempt" time="157.681" classname="IPAS_Application.IPAS_Invitation"/>
</testsuite> <!-- IPAS_Application.IPAS_Invitation -->
