<?xml version="1.0" encoding="UTF-8"?>
<!-- Generated by org.testng.reporters.JUnitReportReporter -->
<testsuite skipped="0" hostname="WTC-5159473-l2" name="WIDM_Application.WIDM_SOAPClient" tests="1" failures="1" timestamp="19 May 2019 04:55:33 GMT" time="1.672" errors="0">
  <testcase name="AAAUserCreate" time="1.672" classname="WIDM_Application.WIDM_SOAPClient">
    <failure type="java.lang.AssertionError" message="
Expected: a string containing &quot;&lt;transactionId&gt;&quot;
     but: was &quot;com.sun.xml.internal.messaging.saaj.SOAPExceptionImpl: Message send failed&quot;">
      <![CDATA[java.lang.AssertionError: 
Expected: a string containing "<transactionId>"
     but: was "com.sun.xml.internal.messaging.saaj.SOAPExceptionImpl: Message send failed"
at org.hamcrest.MatcherAssert.assertThat(MatcherAssert.java:20)
at org.junit.Assert.assertThat(Assert.java:956)
at org.junit.Assert.assertThat(Assert.java:923)
at WIDM_Application.WIDM_SOAPClient.AAAUserCreate(WIDM_SOAPClient.java:98)
at sun.reflect.NativeMethodAccessorImpl.invoke0(Native Method)
at sun.reflect.NativeMethodAccessorImpl.invoke(Unknown Source)
at sun.reflect.DelegatingMethodAccessorImpl.invoke(Unknown Source)
at java.lang.reflect.Method.invoke(Unknown Source)
at org.testng.internal.MethodInvocationHelper.invokeMethod(MethodInvocationHelper.java:124)
at org.testng.internal.Invoker.invokeMethod(Invoker.java:580)
at org.testng.internal.Invoker.invokeTestMethod(Invoker.java:716)
at org.testng.internal.TestMethodWithDataProviderMethodWorker.call(TestMethodWithDataProviderMethodWorker.java:71)
at org.testng.internal.TestMethodWithDataProviderMethodWorker.call(TestMethodWithDataProviderMethodWorker.java:14)
at java.util.concurrent.FutureTask.run(Unknown Source)
at java.util.concurrent.Executors$RunnableAdapter.call(Unknown Source)
at java.util.concurrent.FutureTask.run(Unknown Source)
at java.util.concurrent.ThreadPoolExecutor.runWorker(Unknown Source)
at java.util.concurrent.ThreadPoolExecutor$Worker.run(Unknown Source)
at java.lang.Thread.run(Unknown Source)
]]>
    </failure>
  </testcase> <!-- AAAUserCreate -->
</testsuite> <!-- WIDM_Application.WIDM_SOAPClient -->
