<?xml version="1.0" encoding="UTF-8"?>
<!-- Generated by org.testng.reporters.JUnitReportReporter -->
<testsuite skipped="0" hostname="WTC-5159473-l2" name="WIDM_Application.WIDM_SOAPClient" tests="1" failures="0" timestamp="14 May 2019 21:45:53 GMT" time="1.834" errors="0">
  <testcase name="AAAUserUpdate_Email_As_UserId" time="1.834" classname="WIDM_Application.WIDM_SOAPClient"/>
</testsuite> <!-- WIDM_Application.WIDM_SOAPClient -->
