<?xml version="1.0" encoding="UTF-8"?>
<!-- Generated by org.testng.reporters.JUnitReportReporter -->
<testsuite skipped="6" hostname="WTC-5159473-l2" name="Mission_Critical.MC_PI_4" tests="9" failures="3" timestamp="20 May 2019 20:39:52 GMT" time="421.700" errors="0">
  <testcase name="WFCL_Rewards_Registration_APAC_AND_LAC" time="117.821" classname="Mission_Critical.MC_PI_4">
    <failure type="java.lang.AssertionError" message="Not able to enter account number.">
      <![CDATA[java.lang.AssertionError: Not able to enter account number.
at org.testng.Assert.fail(Assert.java:96)
at Mission_Critical.MC_PI_4.WFCL_Rewards_Registration_APAC_AND_LAC(MC_PI_4.java:134)
at sun.reflect.NativeMethodAccessorImpl.invoke0(Native Method)
at sun.reflect.NativeMethodAccessorImpl.invoke(Unknown Source)
at sun.reflect.DelegatingMethodAccessorImpl.invoke(Unknown Source)
at java.lang.reflect.Method.invoke(Unknown Source)
at org.testng.internal.MethodInvocationHelper.invokeMethod(MethodInvocationHelper.java:124)
at org.testng.internal.Invoker.invokeMethod(Invoker.java:580)
at org.testng.internal.Invoker.invokeTestMethod(Invoker.java:716)
at org.testng.internal.TestMethodWithDataProviderMethodWorker.call(TestMethodWithDataProviderMethodWorker.java:71)
at org.testng.internal.TestMethodWithDataProviderMethodWorker.call(TestMethodWithDataProviderMethodWorker.java:14)
at java.util.concurrent.FutureTask.run(Unknown Source)
at java.util.concurrent.Executors$RunnableAdapter.call(Unknown Source)
at java.util.concurrent.FutureTask.run(Unknown Source)
at java.util.concurrent.ThreadPoolExecutor.runWorker(Unknown Source)
at java.util.concurrent.ThreadPoolExecutor$Worker.run(Unknown Source)
at java.lang.Thread.run(Unknown Source)
]]>
    </failure>
  </testcase> <!-- WFCL_Rewards_Registration_APAC_AND_LAC -->
  <testcase name="WFCL_Rewards_Registration_APAC_AND_LAC" time="134.258" classname="Mission_Critical.MC_PI_4">
    <failure type="java.lang.AssertionError" message="Element is not present on page.  By.cssSelector: body &gt; div.fxg-main-content &gt; div &gt; div &gt; div.fxg-wrapper &gt; div.link.section &gt; div &gt; a">
      <![CDATA[java.lang.AssertionError: Element is not present on page.  By.cssSelector: body > div.fxg-main-content > div > div > div.fxg-wrapper > div.link.section > div > a
at org.testng.Assert.fail(Assert.java:96)
at Mission_Critical.MC_PI_4.WFCL_Rewards_Registration_APAC_AND_LAC(MC_PI_4.java:134)
at sun.reflect.NativeMethodAccessorImpl.invoke0(Native Method)
at sun.reflect.NativeMethodAccessorImpl.invoke(Unknown Source)
at sun.reflect.DelegatingMethodAccessorImpl.invoke(Unknown Source)
at java.lang.reflect.Method.invoke(Unknown Source)
at org.testng.internal.MethodInvocationHelper.invokeMethod(MethodInvocationHelper.java:124)
at org.testng.internal.Invoker.invokeMethod(Invoker.java:580)
at org.testng.internal.Invoker.invokeTestMethod(Invoker.java:716)
at org.testng.internal.TestMethodWithDataProviderMethodWorker.call(TestMethodWithDataProviderMethodWorker.java:71)
at org.testng.internal.TestMethodWithDataProviderMethodWorker.call(TestMethodWithDataProviderMethodWorker.java:14)
at java.util.concurrent.FutureTask.run(Unknown Source)
at java.util.concurrent.Executors$RunnableAdapter.call(Unknown Source)
at java.util.concurrent.FutureTask.run(Unknown Source)
at java.util.concurrent.ThreadPoolExecutor.runWorker(Unknown Source)
at java.util.concurrent.ThreadPoolExecutor$Worker.run(Unknown Source)
at java.lang.Thread.run(Unknown Source)
]]>
    </failure>
  </testcase> <!-- WFCL_Rewards_Registration_APAC_AND_LAC -->
  <testcase name="WFCL_Rewards_Registration_APAC_AND_LAC" time="169.621" classname="Mission_Critical.MC_PI_4">
    <failure type="java.lang.AssertionError" message="Element is not present on page.  By.cssSelector: body &gt; div.fxg-main-content &gt; div &gt; div &gt; div.fxg-wrapper &gt; div.link.section &gt; div &gt; a">
      <![CDATA[java.lang.AssertionError: Element is not present on page.  By.cssSelector: body > div.fxg-main-content > div > div > div.fxg-wrapper > div.link.section > div > a
at org.testng.Assert.fail(Assert.java:96)
at Mission_Critical.MC_PI_4.WFCL_Rewards_Registration_APAC_AND_LAC(MC_PI_4.java:134)
at sun.reflect.NativeMethodAccessorImpl.invoke0(Native Method)
at sun.reflect.NativeMethodAccessorImpl.invoke(Unknown Source)
at sun.reflect.DelegatingMethodAccessorImpl.invoke(Unknown Source)
at java.lang.reflect.Method.invoke(Unknown Source)
at org.testng.internal.MethodInvocationHelper.invokeMethod(MethodInvocationHelper.java:124)
at org.testng.internal.Invoker.invokeMethod(Invoker.java:580)
at org.testng.internal.Invoker.invokeTestMethod(Invoker.java:716)
at org.testng.internal.TestMethodWithDataProviderMethodWorker.call(TestMethodWithDataProviderMethodWorker.java:71)
at org.testng.internal.TestMethodWithDataProviderMethodWorker.call(TestMethodWithDataProviderMethodWorker.java:14)
at java.util.concurrent.FutureTask.run(Unknown Source)
at java.util.concurrent.Executors$RunnableAdapter.call(Unknown Source)
at java.util.concurrent.FutureTask.run(Unknown Source)
at java.util.concurrent.ThreadPoolExecutor.runWorker(Unknown Source)
at java.util.concurrent.ThreadPoolExecutor$Worker.run(Unknown Source)
at java.lang.Thread.run(Unknown Source)
]]>
    </failure>
  </testcase> <!-- WFCL_Rewards_Registration_APAC_AND_LAC -->
  <testcase name="WFCL_Rewards_APAC_AND_LAC_Country_Field" classname="Mission_Critical.MC_PI_4">
    <skipped/>
  </testcase> <!-- WFCL_Rewards_APAC_AND_LAC_Country_Field -->
  <testcase name="WFCL_Rewards_Logout" classname="Mission_Critical.MC_PI_4">
    <skipped/>
  </testcase> <!-- WFCL_Rewards_Logout -->
  <testcase name="WFCL_Rewards_AEM_Link" classname="Mission_Critical.MC_PI_4">
    <skipped/>
  </testcase> <!-- WFCL_Rewards_AEM_Link -->
  <testcase name="WFCL_Rewards_Registration_APAC_AND_LAC_Mismatch" classname="Mission_Critical.MC_PI_4">
    <skipped/>
  </testcase> <!-- WFCL_Rewards_Registration_APAC_AND_LAC_Mismatch -->
  <testcase name="WFCL_Rewards_Registration_APAC_AND_LAC_Existing_User" classname="Mission_Critical.MC_PI_4">
    <skipped/>
  </testcase> <!-- WFCL_Rewards_Registration_APAC_AND_LAC_Existing_User -->
  <testcase name="WFCL_Rewards_Login_APAC_AND_LAC" classname="Mission_Critical.MC_PI_4">
    <skipped/>
  </testcase> <!-- WFCL_Rewards_Login_APAC_AND_LAC -->
</testsuite> <!-- Mission_Critical.MC_PI_4 -->
