<?xml version="1.0" encoding="UTF-8"?>
<!-- Generated by org.testng.reporters.JUnitReportReporter -->
<testsuite skipped="0" hostname="WTC-5159473-l2" name="WPRL_Application.WPRL_SmokeTest" tests="1" failures="0" timestamp="15 Mar 2019 21:20:07 GMT" time="25.695" errors="0">
  <testcase name="WPRL_AccountManagement_NonPasskey" time="25.695" classname="WPRL_Application.WPRL_SmokeTest"/>
</testsuite> <!-- WPRL_Application.WPRL_SmokeTest -->
