<?xml version="1.0" encoding="UTF-8"?>
<!-- Generated by org.testng.reporters.JUnitReportReporter -->
<testsuite skipped="0" hostname="WTC-5159473-l2" name="ADAT_Application.ADAT_SmokeTest" tests="4" failures="0" timestamp="15 Jun 2019 20:56:07 GMT" time="4.191" errors="0">
  <testcase name="ADAT_CreateUser" time="0.951" classname="ADAT_Application.ADAT_SmokeTest"/>
  <testcase name="ADAT_CreateUser" time="1.145" classname="ADAT_Application.ADAT_SmokeTest"/>
  <testcase name="ADAT_CreateUser" time="1.145" classname="ADAT_Application.ADAT_SmokeTest"/>
  <testcase name="ADAT_CreateUser" time="0.950" classname="ADAT_Application.ADAT_SmokeTest"/>
</testsuite> <!-- ADAT_Application.ADAT_SmokeTest -->
