<?xml version="1.0" encoding="UTF-8"?>
<!-- Generated by org.testng.reporters.JUnitReportReporter -->
<testsuite skipped="0" hostname="WTC-5159473-l2" name="WaterfallApplications.WRTT" tests="6" failures="0" timestamp="11 Nov 2018 07:09:18 GMT" time="498.605" errors="0">
  <testcase name="WRTT_eCRV_Page" time="82.145" classname="WaterfallApplications.WRTT"/>
  <testcase name="WRTT_Rate_Sheet" time="48.462" classname="WaterfallApplications.WRTT"/>
  <testcase name="WRTT_Rate_Sheet" time="73.653" classname="WaterfallApplications.WRTT"/>
  <testcase name="WRTT_SpalshPage_eCRV" time="100.067" classname="WaterfallApplications.WRTT"/>
  <testcase name="WRTT_Rate_Sheet" time="105.523" classname="WaterfallApplications.WRTT"/>
  <testcase name="WRTT_Rate_Sheet" time="88.755" classname="WaterfallApplications.WRTT"/>
</testsuite> <!-- WaterfallApplications.WRTT -->
