<?xml version="1.0" encoding="UTF-8"?>
<!-- Generated by org.testng.reporters.JUnitReportReporter -->
<testsuite skipped="1" hostname="WTC-5159473-l2" name="Mission_Critical.MC_PI_2" tests="2" failures="0" timestamp="11 Dec 2018 16:21:16 GMT" time="1715.630" errors="0">
  <testcase name="WIDM_Registration_Invalid_Email" time="1715.630" classname="Mission_Critical.MC_PI_2"/>
  <testcase name="WIDM_Email_BounceBack" classname="Mission_Critical.MC_PI_2">
    <skipped/>
  </testcase> <!-- WIDM_Email_BounceBack -->
</testsuite> <!-- Mission_Critical.MC_PI_2 -->
