<?xml version="1.0" encoding="UTF-8"?>
<!-- Generated by org.testng.reporters.JUnitReportReporter -->
<testsuite skipped="0" hostname="WTC-5159473-l2" name="Mission_Critical.WFCL_SmokeTest" tests="1" failures="1" timestamp="19 Dec 2018 20:43:01 GMT" time="63.250" errors="0">
  <testcase name="CreditCardRegistrationEnroll" time="63.250" classname="Mission_Critical.WFCL_SmokeTest">
    <failure type="java.lang.AssertionError" message="Element not present on page.By.cssSelector: #CCType">
      <![CDATA[java.lang.AssertionError: Element not present on page.By.cssSelector: #CCType
at org.testng.Assert.fail(Assert.java:96)
at Mission_Critical.WFCL_SmokeTest.CreditCardRegistrationEnroll(WFCL_SmokeTest.java:104)
at sun.reflect.NativeMethodAccessorImpl.invoke0(Native Method)
at sun.reflect.NativeMethodAccessorImpl.invoke(Unknown Source)
at sun.reflect.DelegatingMethodAccessorImpl.invoke(Unknown Source)
at java.lang.reflect.Method.invoke(Unknown Source)
at org.testng.internal.MethodInvocationHelper.invokeMethod(MethodInvocationHelper.java:124)
at org.testng.internal.Invoker.invokeMethod(Invoker.java:580)
at org.testng.internal.Invoker.invokeTestMethod(Invoker.java:716)
at org.testng.internal.TestMethodWithDataProviderMethodWorker.call(TestMethodWithDataProviderMethodWorker.java:71)
at org.testng.internal.TestMethodWithDataProviderMethodWorker.call(TestMethodWithDataProviderMethodWorker.java:14)
at java.util.concurrent.FutureTask.run(Unknown Source)
at java.util.concurrent.Executors$RunnableAdapter.call(Unknown Source)
at java.util.concurrent.FutureTask.run(Unknown Source)
at java.util.concurrent.ThreadPoolExecutor.runWorker(Unknown Source)
at java.util.concurrent.ThreadPoolExecutor$Worker.run(Unknown Source)
at java.lang.Thread.run(Unknown Source)
]]>
    </failure>
  </testcase> <!-- CreditCardRegistrationEnroll -->
</testsuite> <!-- Mission_Critical.WFCL_SmokeTest -->
