<?xml version="1.0" encoding="UTF-8"?>
<!-- Generated by org.testng.reporters.JUnitReportReporter -->
<testsuite skipped="0" hostname="WTC-5159473-l2" name="Mission_Critical.WFCL_New" tests="1" failures="0" timestamp="15 Feb 2019 20:31:56 GMT" time="219.543" errors="0">
  <testcase name="CreditCardRegistrationEnroll" time="219.543" classname="Mission_Critical.WFCL_New"/>
</testsuite> <!-- Mission_Critical.WFCL_New -->
