<?xml version="1.0" encoding="UTF-8"?>
<!-- Generated by org.testng.reporters.JUnitReportReporter -->
<testsuite skipped="0" hostname="WTC-5159473-l2" name="WFCL_Application.WFCL_Manual_Helper" tests="8" failures="2" timestamp="22 Mar 2019 21:10:11 GMT" time="2415.231" errors="0">
  <testcase name="AccountRegistration_FDDT" time="91.413" classname="WFCL_Application.WFCL_Manual_Helper"/>
  <testcase name="AccountRegistration_FDDT" time="301.688" classname="WFCL_Application.WFCL_Manual_Helper"/>
  <testcase name="AccountRegistration_FDDT" time="300.896" classname="WFCL_Application.WFCL_Manual_Helper"/>
  <testcase name="AccountRegistration_FDDT" time="345.170" classname="WFCL_Application.WFCL_Manual_Helper"/>
  <testcase name="AccountRegistration_FDDT" time="344.428" classname="WFCL_Application.WFCL_Manual_Helper"/>
  <testcase name="AccountRegistration_FDDT" time="302.566" classname="WFCL_Application.WFCL_Manual_Helper">
    <failure type="java.lang.AssertionError" message="Element is not present on page.  By.id: userId">
      <![CDATA[java.lang.AssertionError: Element is not present on page.  By.id: userId
at org.testng.Assert.fail(Assert.java:96)
at WFCL_Application.WFCL_Manual_Helper.AccountRegistration_FDDT(WFCL_Manual_Helper.java:112)
at sun.reflect.NativeMethodAccessorImpl.invoke0(Native Method)
at sun.reflect.NativeMethodAccessorImpl.invoke(Unknown Source)
at sun.reflect.DelegatingMethodAccessorImpl.invoke(Unknown Source)
at java.lang.reflect.Method.invoke(Unknown Source)
at org.testng.internal.MethodInvocationHelper.invokeMethod(MethodInvocationHelper.java:124)
at org.testng.internal.Invoker.invokeMethod(Invoker.java:580)
at org.testng.internal.Invoker.invokeTestMethod(Invoker.java:716)
at org.testng.internal.TestMethodWithDataProviderMethodWorker.call(TestMethodWithDataProviderMethodWorker.java:71)
at org.testng.internal.TestMethodWithDataProviderMethodWorker.call(TestMethodWithDataProviderMethodWorker.java:14)
at java.util.concurrent.FutureTask.run(Unknown Source)
at java.util.concurrent.Executors$RunnableAdapter.call(Unknown Source)
at java.util.concurrent.FutureTask.run(Unknown Source)
at java.util.concurrent.ThreadPoolExecutor.runWorker(Unknown Source)
at java.util.concurrent.ThreadPoolExecutor$Worker.run(Unknown Source)
at java.lang.Thread.run(Unknown Source)
]]>
    </failure>
  </testcase> <!-- AccountRegistration_FDDT -->
  <testcase name="AccountRegistration_FDDT" time="343.615" classname="WFCL_Application.WFCL_Manual_Helper"/>
  <testcase name="AccountRegistration_FDDT" time="385.455" classname="WFCL_Application.WFCL_Manual_Helper">
    <failure type="java.lang.AssertionError" message="Element is not present on page.  By.id: userId">
      <![CDATA[java.lang.AssertionError: Element is not present on page.  By.id: userId
at org.testng.Assert.fail(Assert.java:96)
at WFCL_Application.WFCL_Manual_Helper.AccountRegistration_FDDT(WFCL_Manual_Helper.java:112)
at sun.reflect.NativeMethodAccessorImpl.invoke0(Native Method)
at sun.reflect.NativeMethodAccessorImpl.invoke(Unknown Source)
at sun.reflect.DelegatingMethodAccessorImpl.invoke(Unknown Source)
at java.lang.reflect.Method.invoke(Unknown Source)
at org.testng.internal.MethodInvocationHelper.invokeMethod(MethodInvocationHelper.java:124)
at org.testng.internal.Invoker.invokeMethod(Invoker.java:580)
at org.testng.internal.Invoker.invokeTestMethod(Invoker.java:716)
at org.testng.internal.TestMethodWithDataProviderMethodWorker.call(TestMethodWithDataProviderMethodWorker.java:71)
at org.testng.internal.TestMethodWithDataProviderMethodWorker.call(TestMethodWithDataProviderMethodWorker.java:14)
at java.util.concurrent.FutureTask.run(Unknown Source)
at java.util.concurrent.Executors$RunnableAdapter.call(Unknown Source)
at java.util.concurrent.FutureTask.run(Unknown Source)
at java.util.concurrent.ThreadPoolExecutor.runWorker(Unknown Source)
at java.util.concurrent.ThreadPoolExecutor$Worker.run(Unknown Source)
at java.lang.Thread.run(Unknown Source)
]]>
    </failure>
  </testcase> <!-- AccountRegistration_FDDT -->
</testsuite> <!-- WFCL_Application.WFCL_Manual_Helper -->
