<?xml version="1.0" encoding="UTF-8"?>
<!-- Generated by org.testng.reporters.JUnitReportReporter -->
<testsuite skipped="0" hostname="WTC-5159473-l2" name="ADAT_Application.ADAT" tests="28" failures="0" timestamp="05 Jun 2019 16:17:56 GMT" time="82.555" errors="0">
  <testcase name="ADAT_CreateUser" time="0.678" classname="ADAT_Application.ADAT"/>
  <testcase name="ADAT_CreateUser" time="0.679" classname="ADAT_Application.ADAT"/>
  <testcase name="ADAT_CreateUser" time="0.995" classname="ADAT_Application.ADAT"/>
  <testcase name="ADAT_CreateUser" time="0.866" classname="ADAT_Application.ADAT"/>
  <testcase name="ADAT_CreatePin" time="0.784" classname="ADAT_Application.ADAT"/>
  <testcase name="ADAT_CreatePin" time="0.830" classname="ADAT_Application.ADAT"/>
  <testcase name="ADAT_CreatePin" time="0.233" classname="ADAT_Application.ADAT"/>
  <testcase name="ADAT_CreatePin" time="0.241" classname="ADAT_Application.ADAT"/>
  <testcase name="ADAT_PhoneVelocity" time="0.902" classname="ADAT_Application.ADAT"/>
  <testcase name="ADAT_AddressVelocity" time="12.937" classname="ADAT_Application.ADAT"/>
  <testcase name="ADAT_PostcardVelocity" time="7.585" classname="ADAT_Application.ADAT"/>
  <testcase name="ADAT_PhoneVelocity" time="7.597" classname="ADAT_Application.ADAT"/>
  <testcase name="ADAT_PhoneVelocity" time="0.867" classname="ADAT_Application.ADAT"/>
  <testcase name="ADAT_PhoneVelocity" time="7.857" classname="ADAT_Application.ADAT"/>
  <testcase name="ADAT_PostcardVelocity" time="7.958" classname="ADAT_Application.ADAT"/>
  <testcase name="ADAT_AddressVelocity" time="13.867" classname="ADAT_Application.ADAT"/>
  <testcase name="ADAT_AddressVelocity" time="1.788" classname="ADAT_Application.ADAT"/>
  <testcase name="ADAT_PostcardVelocity" time="0.814" classname="ADAT_Application.ADAT"/>
  <testcase name="ADAT_AddressVelocity" time="1.991" classname="ADAT_Application.ADAT"/>
  <testcase name="ADAT_PostcardVelocity" time="0.861" classname="ADAT_Application.ADAT"/>
  <testcase name="ADAT_VerifyPin_Invalid" time="0.487" classname="ADAT_Application.ADAT"/>
  <testcase name="ADAT_VerifyPin" time="0.472" classname="ADAT_Application.ADAT"/>
  <testcase name="ADAT_VerifyPin" time="0.475" classname="ADAT_Application.ADAT"/>
  <testcase name="ADAT_VerifyPin_Invalid" time="2.989" classname="ADAT_Application.ADAT"/>
  <testcase name="ADAT_VerifyPin_Invalid" time="0.493" classname="ADAT_Application.ADAT"/>
  <testcase name="ADAT_VerifyPin" time="2.711" classname="ADAT_Application.ADAT"/>
  <testcase name="ADAT_VerifyPin" time="2.319" classname="ADAT_Application.ADAT"/>
  <testcase name="ADAT_VerifyPin_Invalid" time="2.279" classname="ADAT_Application.ADAT"/>
</testsuite> <!-- ADAT_Application.ADAT -->
