<?xml version="1.0" encoding="UTF-8"?>
<!-- Generated by org.testng.reporters.JUnitReportReporter -->
<testsuite skipped="6" hostname="WTC-5159473-l2" name="Mission_Critical.MC_PI_2" tests="14" failures="0" timestamp="18 Dec 2018 19:10:54 GMT" time="1485.691" errors="0">
  <testcase name="WFCL_Registration_Invalid_Email_Legacy" time="185.520" classname="Mission_Critical.MC_PI_2"/>
  <testcase name="WFCL_Registration_Invalid_Email_Legacy" time="131.156" classname="Mission_Critical.MC_PI_2"/>
  <testcase name="WFCL_Registration_Invalid_Email_Legacy" time="146.262" classname="Mission_Critical.MC_PI_2"/>
  <testcase name="WFCL_Registration_Invalid_Email_Legacy" time="131.884" classname="Mission_Critical.MC_PI_2"/>
  <testcase name="WFCL_Registration_Invalid_Email_Legacy" time="246.392" classname="Mission_Critical.MC_PI_2"/>
  <testcase name="WFCL_Registration_Invalid_Email_Legacy" time="201.684" classname="Mission_Critical.MC_PI_2"/>
  <testcase name="WFCL_Registration_Invalid_Email_Legacy" time="189.920" classname="Mission_Critical.MC_PI_2"/>
  <testcase name="WFCL_Registration_Invalid_Email_Legacy" time="252.873" classname="Mission_Critical.MC_PI_2"/>
  <testcase name="WFCL_Registration_Valid_Email_Legacy" classname="Mission_Critical.MC_PI_2">
    <skipped/>
  </testcase> <!-- WFCL_Registration_Valid_Email_Legacy -->
  <testcase name="WFCL_Registration_Valid_Email" classname="Mission_Critical.MC_PI_2">
    <skipped/>
  </testcase> <!-- WFCL_Registration_Valid_Email -->
  <testcase name="WIDM_Email_BounceBack" classname="Mission_Critical.MC_PI_2">
    <skipped/>
  </testcase> <!-- WIDM_Email_BounceBack -->
  <testcase name="WIDM_Registration_Invalid_Email" classname="Mission_Critical.MC_PI_2">
    <skipped/>
  </testcase> <!-- WIDM_Registration_Invalid_Email -->
  <testcase name="WIDM_Registration_Valid_Email" classname="Mission_Critical.MC_PI_2">
    <skipped/>
  </testcase> <!-- WIDM_Registration_Valid_Email -->
  <testcase name="WFCL_Registration_Invalid_Email" classname="Mission_Critical.MC_PI_2">
    <skipped/>
  </testcase> <!-- WFCL_Registration_Invalid_Email -->
</testsuite> <!-- Mission_Critical.MC_PI_2 -->
