<?xml version="1.0" encoding="UTF-8"?>
<!-- Generated by org.testng.reporters.JUnitReportReporter -->
<testsuite skipped="0" hostname="WTC-5159473-l2" name="SupportClasses.Account_Lookup" tests="698" failures="0" timestamp="16 Nov 2018 03:40:30 GMT" time="1445.790" errors="0">
  <testcase name="AccountCheck" time="1.836" classname="SupportClasses.Account_Lookup"/>
  <testcase name="AccountCheck" time="1.888" classname="SupportClasses.Account_Lookup"/>
  <testcase name="AccountCheck" time="1.815" classname="SupportClasses.Account_Lookup"/>
  <testcase name="AccountCheck" time="1.817" classname="SupportClasses.Account_Lookup"/>
  <testcase name="AccountCheck" time="2.517" classname="SupportClasses.Account_Lookup"/>
  <testcase name="AccountCheck" time="1.902" classname="SupportClasses.Account_Lookup"/>
  <testcase name="AccountCheck" time="2.474" classname="SupportClasses.Account_Lookup"/>
  <testcase name="AccountCheck" time="2.216" classname="SupportClasses.Account_Lookup"/>
  <testcase name="AccountCheck" time="1.901" classname="SupportClasses.Account_Lookup"/>
  <testcase name="AccountCheck" time="1.880" classname="SupportClasses.Account_Lookup"/>
  <testcase name="AccountCheck" time="2.153" classname="SupportClasses.Account_Lookup"/>
  <testcase name="AccountCheck" time="2.001" classname="SupportClasses.Account_Lookup"/>
  <testcase name="AccountCheck" time="1.882" classname="SupportClasses.Account_Lookup"/>
  <testcase name="AccountCheck" time="1.767" classname="SupportClasses.Account_Lookup"/>
  <testcase name="AccountCheck" time="1.798" classname="SupportClasses.Account_Lookup"/>
  <testcase name="AccountCheck" time="2.998" classname="SupportClasses.Account_Lookup"/>
  <testcase name="AccountCheck" time="2.081" classname="SupportClasses.Account_Lookup"/>
  <testcase name="AccountCheck" time="1.750" classname="SupportClasses.Account_Lookup"/>
  <testcase name="AccountCheck" time="1.913" classname="SupportClasses.Account_Lookup"/>
  <testcase name="AccountCheck" time="1.769" classname="SupportClasses.Account_Lookup"/>
  <testcase name="AccountCheck" time="1.852" classname="SupportClasses.Account_Lookup"/>
  <testcase name="AccountCheck" time="2.131" classname="SupportClasses.Account_Lookup"/>
  <testcase name="AccountCheck" time="4.250" classname="SupportClasses.Account_Lookup"/>
  <testcase name="AccountCheck" time="1.790" classname="SupportClasses.Account_Lookup"/>
  <testcase name="AccountCheck" time="2.217" classname="SupportClasses.Account_Lookup"/>
  <testcase name="AccountCheck" time="1.748" classname="SupportClasses.Account_Lookup"/>
  <testcase name="AccountCheck" time="2.186" classname="SupportClasses.Account_Lookup"/>
  <testcase name="AccountCheck" time="1.878" classname="SupportClasses.Account_Lookup"/>
  <testcase name="AccountCheck" time="2.305" classname="SupportClasses.Account_Lookup"/>
  <testcase name="AccountCheck" time="1.907" classname="SupportClasses.Account_Lookup"/>
  <testcase name="AccountCheck" time="1.791" classname="SupportClasses.Account_Lookup"/>
  <testcase name="AccountCheck" time="1.803" classname="SupportClasses.Account_Lookup"/>
  <testcase name="AccountCheck" time="1.920" classname="SupportClasses.Account_Lookup"/>
  <testcase name="AccountCheck" time="1.889" classname="SupportClasses.Account_Lookup"/>
  <testcase name="AccountCheck" time="2.202" classname="SupportClasses.Account_Lookup"/>
  <testcase name="AccountCheck" time="2.121" classname="SupportClasses.Account_Lookup"/>
  <testcase name="AccountCheck" time="1.825" classname="SupportClasses.Account_Lookup"/>
  <testcase name="AccountCheck" time="1.723" classname="SupportClasses.Account_Lookup"/>
  <testcase name="AccountCheck" time="1.786" classname="SupportClasses.Account_Lookup"/>
  <testcase name="AccountCheck" time="2.296" classname="SupportClasses.Account_Lookup"/>
  <testcase name="AccountCheck" time="1.875" classname="SupportClasses.Account_Lookup"/>
  <testcase name="AccountCheck" time="1.895" classname="SupportClasses.Account_Lookup"/>
  <testcase name="AccountCheck" time="1.835" classname="SupportClasses.Account_Lookup"/>
  <testcase name="AccountCheck" time="1.763" classname="SupportClasses.Account_Lookup"/>
  <testcase name="AccountCheck" time="3.340" classname="SupportClasses.Account_Lookup"/>
  <testcase name="AccountCheck" time="2.650" classname="SupportClasses.Account_Lookup"/>
  <testcase name="AccountCheck" time="1.833" classname="SupportClasses.Account_Lookup"/>
  <testcase name="AccountCheck" time="1.680" classname="SupportClasses.Account_Lookup"/>
  <testcase name="AccountCheck" time="1.879" classname="SupportClasses.Account_Lookup"/>
  <testcase name="AccountCheck" time="1.888" classname="SupportClasses.Account_Lookup"/>
  <testcase name="AccountCheck" time="1.871" classname="SupportClasses.Account_Lookup"/>
  <testcase name="AccountCheck" time="1.777" classname="SupportClasses.Account_Lookup"/>
  <testcase name="AccountCheck" time="1.950" classname="SupportClasses.Account_Lookup"/>
  <testcase name="AccountCheck" time="1.817" classname="SupportClasses.Account_Lookup"/>
  <testcase name="AccountCheck" time="1.964" classname="SupportClasses.Account_Lookup"/>
  <testcase name="AccountCheck" time="1.863" classname="SupportClasses.Account_Lookup"/>
  <testcase name="AccountCheck" time="2.683" classname="SupportClasses.Account_Lookup"/>
  <testcase name="AccountCheck" time="1.734" classname="SupportClasses.Account_Lookup"/>
  <testcase name="AccountCheck" time="2.086" classname="SupportClasses.Account_Lookup"/>
  <testcase name="AccountCheck" time="2.031" classname="SupportClasses.Account_Lookup"/>
  <testcase name="AccountCheck" time="2.478" classname="SupportClasses.Account_Lookup"/>
  <testcase name="AccountCheck" time="1.794" classname="SupportClasses.Account_Lookup"/>
  <testcase name="AccountCheck" time="1.835" classname="SupportClasses.Account_Lookup"/>
  <testcase name="AccountCheck" time="3.258" classname="SupportClasses.Account_Lookup"/>
  <testcase name="AccountCheck" time="1.914" classname="SupportClasses.Account_Lookup"/>
  <testcase name="AccountCheck" time="2.007" classname="SupportClasses.Account_Lookup"/>
  <testcase name="AccountCheck" time="1.848" classname="SupportClasses.Account_Lookup"/>
  <testcase name="AccountCheck" time="2.442" classname="SupportClasses.Account_Lookup"/>
  <testcase name="AccountCheck" time="2.156" classname="SupportClasses.Account_Lookup"/>
  <testcase name="AccountCheck" time="1.798" classname="SupportClasses.Account_Lookup"/>
  <testcase name="AccountCheck" time="1.790" classname="SupportClasses.Account_Lookup"/>
  <testcase name="AccountCheck" time="1.754" classname="SupportClasses.Account_Lookup"/>
  <testcase name="AccountCheck" time="1.898" classname="SupportClasses.Account_Lookup"/>
  <testcase name="AccountCheck" time="2.036" classname="SupportClasses.Account_Lookup"/>
  <testcase name="AccountCheck" time="1.792" classname="SupportClasses.Account_Lookup"/>
  <testcase name="AccountCheck" time="2.448" classname="SupportClasses.Account_Lookup"/>
  <testcase name="AccountCheck" time="2.786" classname="SupportClasses.Account_Lookup"/>
  <testcase name="AccountCheck" time="1.902" classname="SupportClasses.Account_Lookup"/>
  <testcase name="AccountCheck" time="2.114" classname="SupportClasses.Account_Lookup"/>
  <testcase name="AccountCheck" time="1.860" classname="SupportClasses.Account_Lookup"/>
  <testcase name="AccountCheck" time="1.886" classname="SupportClasses.Account_Lookup"/>
  <testcase name="AccountCheck" time="1.867" classname="SupportClasses.Account_Lookup"/>
  <testcase name="AccountCheck" time="2.469" classname="SupportClasses.Account_Lookup"/>
  <testcase name="AccountCheck" time="2.150" classname="SupportClasses.Account_Lookup"/>
  <testcase name="AccountCheck" time="1.740" classname="SupportClasses.Account_Lookup"/>
  <testcase name="AccountCheck" time="1.744" classname="SupportClasses.Account_Lookup"/>
  <testcase name="AccountCheck" time="1.972" classname="SupportClasses.Account_Lookup"/>
  <testcase name="AccountCheck" time="1.819" classname="SupportClasses.Account_Lookup"/>
  <testcase name="AccountCheck" time="1.981" classname="SupportClasses.Account_Lookup"/>
  <testcase name="AccountCheck" time="1.724" classname="SupportClasses.Account_Lookup"/>
  <testcase name="AccountCheck" time="2.582" classname="SupportClasses.Account_Lookup"/>
  <testcase name="AccountCheck" time="1.956" classname="SupportClasses.Account_Lookup"/>
  <testcase name="AccountCheck" time="1.864" classname="SupportClasses.Account_Lookup"/>
  <testcase name="AccountCheck" time="2.284" classname="SupportClasses.Account_Lookup"/>
  <testcase name="AccountCheck" time="1.791" classname="SupportClasses.Account_Lookup"/>
  <testcase name="AccountCheck" time="1.692" classname="SupportClasses.Account_Lookup"/>
  <testcase name="AccountCheck" time="1.963" classname="SupportClasses.Account_Lookup"/>
  <testcase name="AccountCheck" time="1.786" classname="SupportClasses.Account_Lookup"/>
  <testcase name="AccountCheck" time="1.804" classname="SupportClasses.Account_Lookup"/>
  <testcase name="AccountCheck" time="1.892" classname="SupportClasses.Account_Lookup"/>
  <testcase name="AccountCheck" time="1.683" classname="SupportClasses.Account_Lookup"/>
  <testcase name="AccountCheck" time="2.021" classname="SupportClasses.Account_Lookup"/>
  <testcase name="AccountCheck" time="1.787" classname="SupportClasses.Account_Lookup"/>
  <testcase name="AccountCheck" time="1.911" classname="SupportClasses.Account_Lookup"/>
  <testcase name="AccountCheck" time="1.762" classname="SupportClasses.Account_Lookup"/>
  <testcase name="AccountCheck" time="2.977" classname="SupportClasses.Account_Lookup"/>
  <testcase name="AccountCheck" time="1.834" classname="SupportClasses.Account_Lookup"/>
  <testcase name="AccountCheck" time="1.836" classname="SupportClasses.Account_Lookup"/>
  <testcase name="AccountCheck" time="2.334" classname="SupportClasses.Account_Lookup"/>
  <testcase name="AccountCheck" time="1.733" classname="SupportClasses.Account_Lookup"/>
  <testcase name="AccountCheck" time="2.116" classname="SupportClasses.Account_Lookup"/>
  <testcase name="AccountCheck" time="1.790" classname="SupportClasses.Account_Lookup"/>
  <testcase name="AccountCheck" time="2.453" classname="SupportClasses.Account_Lookup"/>
  <testcase name="AccountCheck" time="2.082" classname="SupportClasses.Account_Lookup"/>
  <testcase name="AccountCheck" time="2.366" classname="SupportClasses.Account_Lookup"/>
  <testcase name="AccountCheck" time="1.759" classname="SupportClasses.Account_Lookup"/>
  <testcase name="AccountCheck" time="1.735" classname="SupportClasses.Account_Lookup"/>
  <testcase name="AccountCheck" time="1.765" classname="SupportClasses.Account_Lookup"/>
  <testcase name="AccountCheck" time="1.885" classname="SupportClasses.Account_Lookup"/>
  <testcase name="AccountCheck" time="1.712" classname="SupportClasses.Account_Lookup"/>
  <testcase name="AccountCheck" time="1.794" classname="SupportClasses.Account_Lookup"/>
  <testcase name="AccountCheck" time="1.930" classname="SupportClasses.Account_Lookup"/>
  <testcase name="AccountCheck" time="1.871" classname="SupportClasses.Account_Lookup"/>
  <testcase name="AccountCheck" time="1.758" classname="SupportClasses.Account_Lookup"/>
  <testcase name="AccountCheck" time="1.767" classname="SupportClasses.Account_Lookup"/>
  <testcase name="AccountCheck" time="1.884" classname="SupportClasses.Account_Lookup"/>
  <testcase name="AccountCheck" time="1.785" classname="SupportClasses.Account_Lookup"/>
  <testcase name="AccountCheck" time="1.805" classname="SupportClasses.Account_Lookup"/>
  <testcase name="AccountCheck" time="1.993" classname="SupportClasses.Account_Lookup"/>
  <testcase name="AccountCheck" time="2.019" classname="SupportClasses.Account_Lookup"/>
  <testcase name="AccountCheck" time="2.165" classname="SupportClasses.Account_Lookup"/>
  <testcase name="AccountCheck" time="1.783" classname="SupportClasses.Account_Lookup"/>
  <testcase name="AccountCheck" time="1.732" classname="SupportClasses.Account_Lookup"/>
  <testcase name="AccountCheck" time="2.127" classname="SupportClasses.Account_Lookup"/>
  <testcase name="AccountCheck" time="1.814" classname="SupportClasses.Account_Lookup"/>
  <testcase name="AccountCheck" time="1.794" classname="SupportClasses.Account_Lookup"/>
  <testcase name="AccountCheck" time="1.790" classname="SupportClasses.Account_Lookup"/>
  <testcase name="AccountCheck" time="1.875" classname="SupportClasses.Account_Lookup"/>
  <testcase name="AccountCheck" time="2.261" classname="SupportClasses.Account_Lookup"/>
  <testcase name="AccountCheck" time="1.958" classname="SupportClasses.Account_Lookup"/>
  <testcase name="AccountCheck" time="1.776" classname="SupportClasses.Account_Lookup"/>
  <testcase name="AccountCheck" time="1.881" classname="SupportClasses.Account_Lookup"/>
  <testcase name="AccountCheck" time="1.816" classname="SupportClasses.Account_Lookup"/>
  <testcase name="AccountCheck" time="1.849" classname="SupportClasses.Account_Lookup"/>
  <testcase name="AccountCheck" time="2.753" classname="SupportClasses.Account_Lookup"/>
  <testcase name="AccountCheck" time="2.196" classname="SupportClasses.Account_Lookup"/>
  <testcase name="AccountCheck" time="1.865" classname="SupportClasses.Account_Lookup"/>
  <testcase name="AccountCheck" time="2.283" classname="SupportClasses.Account_Lookup"/>
  <testcase name="AccountCheck" time="2.010" classname="SupportClasses.Account_Lookup"/>
  <testcase name="AccountCheck" time="1.769" classname="SupportClasses.Account_Lookup"/>
  <testcase name="AccountCheck" time="1.772" classname="SupportClasses.Account_Lookup"/>
  <testcase name="AccountCheck" time="2.179" classname="SupportClasses.Account_Lookup"/>
  <testcase name="AccountCheck" time="1.965" classname="SupportClasses.Account_Lookup"/>
  <testcase name="AccountCheck" time="1.904" classname="SupportClasses.Account_Lookup"/>
  <testcase name="AccountCheck" time="2.185" classname="SupportClasses.Account_Lookup"/>
  <testcase name="AccountCheck" time="4.652" classname="SupportClasses.Account_Lookup"/>
  <testcase name="AccountCheck" time="1.776" classname="SupportClasses.Account_Lookup"/>
  <testcase name="AccountCheck" time="1.799" classname="SupportClasses.Account_Lookup"/>
  <testcase name="AccountCheck" time="3.073" classname="SupportClasses.Account_Lookup"/>
  <testcase name="AccountCheck" time="2.329" classname="SupportClasses.Account_Lookup"/>
  <testcase name="AccountCheck" time="1.815" classname="SupportClasses.Account_Lookup"/>
  <testcase name="AccountCheck" time="1.792" classname="SupportClasses.Account_Lookup"/>
  <testcase name="AccountCheck" time="1.914" classname="SupportClasses.Account_Lookup"/>
  <testcase name="AccountCheck" time="2.004" classname="SupportClasses.Account_Lookup"/>
  <testcase name="AccountCheck" time="1.976" classname="SupportClasses.Account_Lookup"/>
  <testcase name="AccountCheck" time="1.813" classname="SupportClasses.Account_Lookup"/>
  <testcase name="AccountCheck" time="2.133" classname="SupportClasses.Account_Lookup"/>
  <testcase name="AccountCheck" time="2.255" classname="SupportClasses.Account_Lookup"/>
  <testcase name="AccountCheck" time="1.813" classname="SupportClasses.Account_Lookup"/>
  <testcase name="AccountCheck" time="1.799" classname="SupportClasses.Account_Lookup"/>
  <testcase name="AccountCheck" time="1.863" classname="SupportClasses.Account_Lookup"/>
  <testcase name="AccountCheck" time="1.782" classname="SupportClasses.Account_Lookup"/>
  <testcase name="AccountCheck" time="1.962" classname="SupportClasses.Account_Lookup"/>
  <testcase name="AccountCheck" time="1.921" classname="SupportClasses.Account_Lookup"/>
  <testcase name="AccountCheck" time="1.936" classname="SupportClasses.Account_Lookup"/>
  <testcase name="AccountCheck" time="2.161" classname="SupportClasses.Account_Lookup"/>
  <testcase name="AccountCheck" time="1.766" classname="SupportClasses.Account_Lookup"/>
  <testcase name="AccountCheck" time="1.751" classname="SupportClasses.Account_Lookup"/>
  <testcase name="AccountCheck" time="4.368" classname="SupportClasses.Account_Lookup"/>
  <testcase name="AccountCheck" time="2.074" classname="SupportClasses.Account_Lookup"/>
  <testcase name="AccountCheck" time="1.752" classname="SupportClasses.Account_Lookup"/>
  <testcase name="AccountCheck" time="1.842" classname="SupportClasses.Account_Lookup"/>
  <testcase name="AccountCheck" time="2.085" classname="SupportClasses.Account_Lookup"/>
  <testcase name="AccountCheck" time="1.836" classname="SupportClasses.Account_Lookup"/>
  <testcase name="AccountCheck" time="1.794" classname="SupportClasses.Account_Lookup"/>
  <testcase name="AccountCheck" time="1.966" classname="SupportClasses.Account_Lookup"/>
  <testcase name="AccountCheck" time="1.967" classname="SupportClasses.Account_Lookup"/>
  <testcase name="AccountCheck" time="1.783" classname="SupportClasses.Account_Lookup"/>
  <testcase name="AccountCheck" time="1.900" classname="SupportClasses.Account_Lookup"/>
  <testcase name="AccountCheck" time="1.883" classname="SupportClasses.Account_Lookup"/>
  <testcase name="AccountCheck" time="1.944" classname="SupportClasses.Account_Lookup"/>
  <testcase name="AccountCheck" time="2.736" classname="SupportClasses.Account_Lookup"/>
  <testcase name="AccountCheck" time="2.347" classname="SupportClasses.Account_Lookup"/>
  <testcase name="AccountCheck" time="1.889" classname="SupportClasses.Account_Lookup"/>
  <testcase name="AccountCheck" time="1.992" classname="SupportClasses.Account_Lookup"/>
  <testcase name="AccountCheck" time="1.782" classname="SupportClasses.Account_Lookup"/>
  <testcase name="AccountCheck" time="1.751" classname="SupportClasses.Account_Lookup"/>
  <testcase name="AccountCheck" time="1.895" classname="SupportClasses.Account_Lookup"/>
  <testcase name="AccountCheck" time="1.833" classname="SupportClasses.Account_Lookup"/>
  <testcase name="AccountCheck" time="2.132" classname="SupportClasses.Account_Lookup"/>
  <testcase name="AccountCheck" time="1.815" classname="SupportClasses.Account_Lookup"/>
  <testcase name="AccountCheck" time="2.136" classname="SupportClasses.Account_Lookup"/>
  <testcase name="AccountCheck" time="2.165" classname="SupportClasses.Account_Lookup"/>
  <testcase name="AccountCheck" time="1.980" classname="SupportClasses.Account_Lookup"/>
  <testcase name="AccountCheck" time="2.227" classname="SupportClasses.Account_Lookup"/>
  <testcase name="AccountCheck" time="1.817" classname="SupportClasses.Account_Lookup"/>
  <testcase name="AccountCheck" time="1.847" classname="SupportClasses.Account_Lookup"/>
  <testcase name="AccountCheck" time="2.236" classname="SupportClasses.Account_Lookup"/>
  <testcase name="AccountCheck" time="1.824" classname="SupportClasses.Account_Lookup"/>
  <testcase name="AccountCheck" time="2.532" classname="SupportClasses.Account_Lookup"/>
  <testcase name="AccountCheck" time="1.936" classname="SupportClasses.Account_Lookup"/>
  <testcase name="AccountCheck" time="2.248" classname="SupportClasses.Account_Lookup"/>
  <testcase name="AccountCheck" time="1.729" classname="SupportClasses.Account_Lookup"/>
  <testcase name="AccountCheck" time="1.951" classname="SupportClasses.Account_Lookup"/>
  <testcase name="AccountCheck" time="2.385" classname="SupportClasses.Account_Lookup"/>
  <testcase name="AccountCheck" time="2.664" classname="SupportClasses.Account_Lookup"/>
  <testcase name="AccountCheck" time="1.801" classname="SupportClasses.Account_Lookup"/>
  <testcase name="AccountCheck" time="1.896" classname="SupportClasses.Account_Lookup"/>
  <testcase name="AccountCheck" time="1.814" classname="SupportClasses.Account_Lookup"/>
  <testcase name="AccountCheck" time="1.817" classname="SupportClasses.Account_Lookup"/>
  <testcase name="AccountCheck" time="1.943" classname="SupportClasses.Account_Lookup"/>
  <testcase name="AccountCheck" time="1.843" classname="SupportClasses.Account_Lookup"/>
  <testcase name="AccountCheck" time="2.789" classname="SupportClasses.Account_Lookup"/>
  <testcase name="AccountCheck" time="1.769" classname="SupportClasses.Account_Lookup"/>
  <testcase name="AccountCheck" time="1.919" classname="SupportClasses.Account_Lookup"/>
  <testcase name="AccountCheck" time="2.272" classname="SupportClasses.Account_Lookup"/>
  <testcase name="AccountCheck" time="1.783" classname="SupportClasses.Account_Lookup"/>
  <testcase name="AccountCheck" time="2.470" classname="SupportClasses.Account_Lookup"/>
  <testcase name="AccountCheck" time="1.831" classname="SupportClasses.Account_Lookup"/>
  <testcase name="AccountCheck" time="2.363" classname="SupportClasses.Account_Lookup"/>
  <testcase name="AccountCheck" time="1.782" classname="SupportClasses.Account_Lookup"/>
  <testcase name="AccountCheck" time="1.804" classname="SupportClasses.Account_Lookup"/>
  <testcase name="AccountCheck" time="2.297" classname="SupportClasses.Account_Lookup"/>
  <testcase name="AccountCheck" time="1.698" classname="SupportClasses.Account_Lookup"/>
  <testcase name="AccountCheck" time="1.803" classname="SupportClasses.Account_Lookup"/>
  <testcase name="AccountCheck" time="1.749" classname="SupportClasses.Account_Lookup"/>
  <testcase name="AccountCheck" time="1.824" classname="SupportClasses.Account_Lookup"/>
  <testcase name="AccountCheck" time="2.018" classname="SupportClasses.Account_Lookup"/>
  <testcase name="AccountCheck" time="1.995" classname="SupportClasses.Account_Lookup"/>
  <testcase name="AccountCheck" time="2.438" classname="SupportClasses.Account_Lookup"/>
  <testcase name="AccountCheck" time="1.895" classname="SupportClasses.Account_Lookup"/>
  <testcase name="AccountCheck" time="2.067" classname="SupportClasses.Account_Lookup"/>
  <testcase name="AccountCheck" time="1.736" classname="SupportClasses.Account_Lookup"/>
  <testcase name="AccountCheck" time="1.885" classname="SupportClasses.Account_Lookup"/>
  <testcase name="AccountCheck" time="1.965" classname="SupportClasses.Account_Lookup"/>
  <testcase name="AccountCheck" time="2.175" classname="SupportClasses.Account_Lookup"/>
  <testcase name="AccountCheck" time="1.930" classname="SupportClasses.Account_Lookup"/>
  <testcase name="AccountCheck" time="1.706" classname="SupportClasses.Account_Lookup"/>
  <testcase name="AccountCheck" time="1.822" classname="SupportClasses.Account_Lookup"/>
  <testcase name="AccountCheck" time="2.482" classname="SupportClasses.Account_Lookup"/>
  <testcase name="AccountCheck" time="1.809" classname="SupportClasses.Account_Lookup"/>
  <testcase name="AccountCheck" time="1.898" classname="SupportClasses.Account_Lookup"/>
  <testcase name="AccountCheck" time="1.780" classname="SupportClasses.Account_Lookup"/>
  <testcase name="AccountCheck" time="1.987" classname="SupportClasses.Account_Lookup"/>
  <testcase name="AccountCheck" time="1.856" classname="SupportClasses.Account_Lookup"/>
  <testcase name="AccountCheck" time="2.636" classname="SupportClasses.Account_Lookup"/>
  <testcase name="AccountCheck" time="1.748" classname="SupportClasses.Account_Lookup"/>
  <testcase name="AccountCheck" time="1.742" classname="SupportClasses.Account_Lookup"/>
  <testcase name="AccountCheck" time="1.856" classname="SupportClasses.Account_Lookup"/>
  <testcase name="AccountCheck" time="2.117" classname="SupportClasses.Account_Lookup"/>
  <testcase name="AccountCheck" time="2.216" classname="SupportClasses.Account_Lookup"/>
  <testcase name="AccountCheck" time="1.773" classname="SupportClasses.Account_Lookup"/>
  <testcase name="AccountCheck" time="1.778" classname="SupportClasses.Account_Lookup"/>
  <testcase name="AccountCheck" time="1.707" classname="SupportClasses.Account_Lookup"/>
  <testcase name="AccountCheck" time="1.862" classname="SupportClasses.Account_Lookup"/>
  <testcase name="AccountCheck" time="3.016" classname="SupportClasses.Account_Lookup"/>
  <testcase name="AccountCheck" time="1.818" classname="SupportClasses.Account_Lookup"/>
  <testcase name="AccountCheck" time="1.816" classname="SupportClasses.Account_Lookup"/>
  <testcase name="AccountCheck" time="1.773" classname="SupportClasses.Account_Lookup"/>
  <testcase name="AccountCheck" time="1.977" classname="SupportClasses.Account_Lookup"/>
  <testcase name="AccountCheck" time="2.174" classname="SupportClasses.Account_Lookup"/>
  <testcase name="AccountCheck" time="2.061" classname="SupportClasses.Account_Lookup"/>
  <testcase name="AccountCheck" time="1.906" classname="SupportClasses.Account_Lookup"/>
  <testcase name="AccountCheck" time="2.290" classname="SupportClasses.Account_Lookup"/>
  <testcase name="AccountCheck" time="2.306" classname="SupportClasses.Account_Lookup"/>
  <testcase name="AccountCheck" time="1.909" classname="SupportClasses.Account_Lookup"/>
  <testcase name="AccountCheck" time="2.229" classname="SupportClasses.Account_Lookup"/>
  <testcase name="AccountCheck" time="2.041" classname="SupportClasses.Account_Lookup"/>
  <testcase name="AccountCheck" time="2.708" classname="SupportClasses.Account_Lookup"/>
  <testcase name="AccountCheck" time="2.119" classname="SupportClasses.Account_Lookup"/>
  <testcase name="AccountCheck" time="1.732" classname="SupportClasses.Account_Lookup"/>
  <testcase name="AccountCheck" time="1.771" classname="SupportClasses.Account_Lookup"/>
  <testcase name="AccountCheck" time="2.331" classname="SupportClasses.Account_Lookup"/>
  <testcase name="AccountCheck" time="2.212" classname="SupportClasses.Account_Lookup"/>
  <testcase name="AccountCheck" time="1.917" classname="SupportClasses.Account_Lookup"/>
  <testcase name="AccountCheck" time="1.736" classname="SupportClasses.Account_Lookup"/>
  <testcase name="AccountCheck" time="2.400" classname="SupportClasses.Account_Lookup"/>
  <testcase name="AccountCheck" time="1.783" classname="SupportClasses.Account_Lookup"/>
  <testcase name="AccountCheck" time="2.749" classname="SupportClasses.Account_Lookup"/>
  <testcase name="AccountCheck" time="2.873" classname="SupportClasses.Account_Lookup"/>
  <testcase name="AccountCheck" time="1.781" classname="SupportClasses.Account_Lookup"/>
  <testcase name="AccountCheck" time="1.785" classname="SupportClasses.Account_Lookup"/>
  <testcase name="AccountCheck" time="2.162" classname="SupportClasses.Account_Lookup"/>
  <testcase name="AccountCheck" time="1.784" classname="SupportClasses.Account_Lookup"/>
  <testcase name="AccountCheck" time="1.818" classname="SupportClasses.Account_Lookup"/>
  <testcase name="AccountCheck" time="1.807" classname="SupportClasses.Account_Lookup"/>
  <testcase name="AccountCheck" time="1.916" classname="SupportClasses.Account_Lookup"/>
  <testcase name="AccountCheck" time="1.759" classname="SupportClasses.Account_Lookup"/>
  <testcase name="AccountCheck" time="1.995" classname="SupportClasses.Account_Lookup"/>
  <testcase name="AccountCheck" time="2.337" classname="SupportClasses.Account_Lookup"/>
  <testcase name="AccountCheck" time="1.945" classname="SupportClasses.Account_Lookup"/>
  <testcase name="AccountCheck" time="1.798" classname="SupportClasses.Account_Lookup"/>
  <testcase name="AccountCheck" time="1.766" classname="SupportClasses.Account_Lookup"/>
  <testcase name="AccountCheck" time="1.848" classname="SupportClasses.Account_Lookup"/>
  <testcase name="AccountCheck" time="1.950" classname="SupportClasses.Account_Lookup"/>
  <testcase name="AccountCheck" time="2.771" classname="SupportClasses.Account_Lookup"/>
  <testcase name="AccountCheck" time="3.161" classname="SupportClasses.Account_Lookup"/>
  <testcase name="AccountCheck" time="2.046" classname="SupportClasses.Account_Lookup"/>
  <testcase name="AccountCheck" time="1.849" classname="SupportClasses.Account_Lookup"/>
  <testcase name="AccountCheck" time="1.770" classname="SupportClasses.Account_Lookup"/>
  <testcase name="AccountCheck" time="1.794" classname="SupportClasses.Account_Lookup"/>
  <testcase name="AccountCheck" time="1.804" classname="SupportClasses.Account_Lookup"/>
  <testcase name="AccountCheck" time="2.596" classname="SupportClasses.Account_Lookup"/>
  <testcase name="AccountCheck" time="2.457" classname="SupportClasses.Account_Lookup"/>
  <testcase name="AccountCheck" time="1.857" classname="SupportClasses.Account_Lookup"/>
  <testcase name="AccountCheck" time="3.173" classname="SupportClasses.Account_Lookup"/>
  <testcase name="AccountCheck" time="1.930" classname="SupportClasses.Account_Lookup"/>
  <testcase name="AccountCheck" time="1.827" classname="SupportClasses.Account_Lookup"/>
  <testcase name="AccountCheck" time="1.848" classname="SupportClasses.Account_Lookup"/>
  <testcase name="AccountCheck" time="2.083" classname="SupportClasses.Account_Lookup"/>
  <testcase name="AccountCheck" time="1.770" classname="SupportClasses.Account_Lookup"/>
  <testcase name="AccountCheck" time="1.736" classname="SupportClasses.Account_Lookup"/>
  <testcase name="AccountCheck" time="1.867" classname="SupportClasses.Account_Lookup"/>
  <testcase name="AccountCheck" time="1.828" classname="SupportClasses.Account_Lookup"/>
  <testcase name="AccountCheck" time="2.225" classname="SupportClasses.Account_Lookup"/>
  <testcase name="AccountCheck" time="2.446" classname="SupportClasses.Account_Lookup"/>
  <testcase name="AccountCheck" time="3.181" classname="SupportClasses.Account_Lookup"/>
  <testcase name="AccountCheck" time="3.035" classname="SupportClasses.Account_Lookup"/>
  <testcase name="AccountCheck" time="1.898" classname="SupportClasses.Account_Lookup"/>
  <testcase name="AccountCheck" time="2.659" classname="SupportClasses.Account_Lookup"/>
  <testcase name="AccountCheck" time="1.766" classname="SupportClasses.Account_Lookup"/>
  <testcase name="AccountCheck" time="2.322" classname="SupportClasses.Account_Lookup"/>
  <testcase name="AccountCheck" time="2.331" classname="SupportClasses.Account_Lookup"/>
  <testcase name="AccountCheck" time="2.244" classname="SupportClasses.Account_Lookup"/>
  <testcase name="AccountCheck" time="2.545" classname="SupportClasses.Account_Lookup"/>
  <testcase name="AccountCheck" time="2.867" classname="SupportClasses.Account_Lookup"/>
  <testcase name="AccountCheck" time="1.945" classname="SupportClasses.Account_Lookup"/>
  <testcase name="AccountCheck" time="2.234" classname="SupportClasses.Account_Lookup"/>
  <testcase name="AccountCheck" time="1.925" classname="SupportClasses.Account_Lookup"/>
  <testcase name="AccountCheck" time="1.745" classname="SupportClasses.Account_Lookup"/>
  <testcase name="AccountCheck" time="2.608" classname="SupportClasses.Account_Lookup"/>
  <testcase name="AccountCheck" time="1.751" classname="SupportClasses.Account_Lookup"/>
  <testcase name="AccountCheck" time="1.783" classname="SupportClasses.Account_Lookup"/>
  <testcase name="AccountCheck" time="1.821" classname="SupportClasses.Account_Lookup"/>
  <testcase name="AccountCheck" time="1.797" classname="SupportClasses.Account_Lookup"/>
  <testcase name="AccountCheck" time="1.733" classname="SupportClasses.Account_Lookup"/>
  <testcase name="AccountCheck" time="1.899" classname="SupportClasses.Account_Lookup"/>
  <testcase name="AccountCheck" time="2.047" classname="SupportClasses.Account_Lookup"/>
  <testcase name="AccountCheck" time="1.826" classname="SupportClasses.Account_Lookup"/>
  <testcase name="AccountCheck" time="1.742" classname="SupportClasses.Account_Lookup"/>
  <testcase name="AccountCheck" time="2.178" classname="SupportClasses.Account_Lookup"/>
  <testcase name="AccountCheck" time="1.799" classname="SupportClasses.Account_Lookup"/>
  <testcase name="AccountCheck" time="1.967" classname="SupportClasses.Account_Lookup"/>
  <testcase name="AccountCheck" time="1.888" classname="SupportClasses.Account_Lookup"/>
  <testcase name="AccountCheck" time="2.022" classname="SupportClasses.Account_Lookup"/>
  <testcase name="AccountCheck" time="1.813" classname="SupportClasses.Account_Lookup"/>
  <testcase name="AccountCheck" time="3.293" classname="SupportClasses.Account_Lookup"/>
  <testcase name="AccountCheck" time="1.747" classname="SupportClasses.Account_Lookup"/>
  <testcase name="AccountCheck" time="1.801" classname="SupportClasses.Account_Lookup"/>
  <testcase name="AccountCheck" time="2.524" classname="SupportClasses.Account_Lookup"/>
  <testcase name="AccountCheck" time="1.826" classname="SupportClasses.Account_Lookup"/>
  <testcase name="AccountCheck" time="1.749" classname="SupportClasses.Account_Lookup"/>
  <testcase name="AccountCheck" time="1.900" classname="SupportClasses.Account_Lookup"/>
  <testcase name="AccountCheck" time="2.918" classname="SupportClasses.Account_Lookup"/>
  <testcase name="AccountCheck" time="1.868" classname="SupportClasses.Account_Lookup"/>
  <testcase name="AccountCheck" time="1.860" classname="SupportClasses.Account_Lookup"/>
  <testcase name="AccountCheck" time="1.916" classname="SupportClasses.Account_Lookup"/>
  <testcase name="AccountCheck" time="3.295" classname="SupportClasses.Account_Lookup"/>
  <testcase name="AccountCheck" time="1.961" classname="SupportClasses.Account_Lookup"/>
  <testcase name="AccountCheck" time="1.781" classname="SupportClasses.Account_Lookup"/>
  <testcase name="AccountCheck" time="0.980" classname="SupportClasses.Account_Lookup"/>
  <testcase name="AccountCheck" time="1.981" classname="SupportClasses.Account_Lookup"/>
  <testcase name="AccountCheck" time="1.778" classname="SupportClasses.Account_Lookup"/>
  <testcase name="AccountCheck" time="1.872" classname="SupportClasses.Account_Lookup"/>
  <testcase name="AccountCheck" time="2.047" classname="SupportClasses.Account_Lookup"/>
  <testcase name="AccountCheck" time="1.967" classname="SupportClasses.Account_Lookup"/>
  <testcase name="AccountCheck" time="2.563" classname="SupportClasses.Account_Lookup"/>
  <testcase name="AccountCheck" time="1.790" classname="SupportClasses.Account_Lookup"/>
  <testcase name="AccountCheck" time="2.100" classname="SupportClasses.Account_Lookup"/>
  <testcase name="AccountCheck" time="1.811" classname="SupportClasses.Account_Lookup"/>
  <testcase name="AccountCheck" time="1.716" classname="SupportClasses.Account_Lookup"/>
  <testcase name="AccountCheck" time="1.965" classname="SupportClasses.Account_Lookup"/>
  <testcase name="AccountCheck" time="1.791" classname="SupportClasses.Account_Lookup"/>
  <testcase name="AccountCheck" time="1.818" classname="SupportClasses.Account_Lookup"/>
  <testcase name="AccountCheck" time="1.727" classname="SupportClasses.Account_Lookup"/>
  <testcase name="AccountCheck" time="1.987" classname="SupportClasses.Account_Lookup"/>
  <testcase name="AccountCheck" time="3.532" classname="SupportClasses.Account_Lookup"/>
  <testcase name="AccountCheck" time="2.137" classname="SupportClasses.Account_Lookup"/>
  <testcase name="AccountCheck" time="1.958" classname="SupportClasses.Account_Lookup"/>
  <testcase name="AccountCheck" time="1.868" classname="SupportClasses.Account_Lookup"/>
  <testcase name="AccountCheck" time="2.907" classname="SupportClasses.Account_Lookup"/>
  <testcase name="AccountCheck" time="1.785" classname="SupportClasses.Account_Lookup"/>
  <testcase name="AccountCheck" time="1.916" classname="SupportClasses.Account_Lookup"/>
  <testcase name="AccountCheck" time="1.974" classname="SupportClasses.Account_Lookup"/>
  <testcase name="AccountCheck" time="1.896" classname="SupportClasses.Account_Lookup"/>
  <testcase name="AccountCheck" time="1.894" classname="SupportClasses.Account_Lookup"/>
  <testcase name="AccountCheck" time="1.920" classname="SupportClasses.Account_Lookup"/>
  <testcase name="AccountCheck" time="1.782" classname="SupportClasses.Account_Lookup"/>
  <testcase name="AccountCheck" time="1.764" classname="SupportClasses.Account_Lookup"/>
  <testcase name="AccountCheck" time="2.280" classname="SupportClasses.Account_Lookup"/>
  <testcase name="AccountCheck" time="2.125" classname="SupportClasses.Account_Lookup"/>
  <testcase name="AccountCheck" time="2.240" classname="SupportClasses.Account_Lookup"/>
  <testcase name="AccountCheck" time="2.183" classname="SupportClasses.Account_Lookup"/>
  <testcase name="AccountCheck" time="1.910" classname="SupportClasses.Account_Lookup"/>
  <testcase name="AccountCheck" time="1.835" classname="SupportClasses.Account_Lookup"/>
  <testcase name="AccountCheck" time="1.852" classname="SupportClasses.Account_Lookup"/>
  <testcase name="AccountCheck" time="1.788" classname="SupportClasses.Account_Lookup"/>
  <testcase name="AccountCheck" time="1.752" classname="SupportClasses.Account_Lookup"/>
  <testcase name="AccountCheck" time="2.158" classname="SupportClasses.Account_Lookup"/>
  <testcase name="AccountCheck" time="1.991" classname="SupportClasses.Account_Lookup"/>
  <testcase name="AccountCheck" time="2.142" classname="SupportClasses.Account_Lookup"/>
  <testcase name="AccountCheck" time="2.249" classname="SupportClasses.Account_Lookup"/>
  <testcase name="AccountCheck" time="1.785" classname="SupportClasses.Account_Lookup"/>
  <testcase name="AccountCheck" time="1.807" classname="SupportClasses.Account_Lookup"/>
  <testcase name="AccountCheck" time="1.934" classname="SupportClasses.Account_Lookup"/>
  <testcase name="AccountCheck" time="1.860" classname="SupportClasses.Account_Lookup"/>
  <testcase name="AccountCheck" time="2.198" classname="SupportClasses.Account_Lookup"/>
  <testcase name="AccountCheck" time="2.188" classname="SupportClasses.Account_Lookup"/>
  <testcase name="AccountCheck" time="1.808" classname="SupportClasses.Account_Lookup"/>
  <testcase name="AccountCheck" time="1.964" classname="SupportClasses.Account_Lookup"/>
  <testcase name="AccountCheck" time="1.736" classname="SupportClasses.Account_Lookup"/>
  <testcase name="AccountCheck" time="3.329" classname="SupportClasses.Account_Lookup"/>
  <testcase name="AccountCheck" time="32.595" classname="SupportClasses.Account_Lookup"/>
  <testcase name="AccountCheck" time="1.753" classname="SupportClasses.Account_Lookup"/>
  <testcase name="AccountCheck" time="1.884" classname="SupportClasses.Account_Lookup"/>
  <testcase name="AccountCheck" time="1.784" classname="SupportClasses.Account_Lookup"/>
  <testcase name="AccountCheck" time="2.156" classname="SupportClasses.Account_Lookup"/>
  <testcase name="AccountCheck" time="2.284" classname="SupportClasses.Account_Lookup"/>
  <testcase name="AccountCheck" time="1.741" classname="SupportClasses.Account_Lookup"/>
  <testcase name="AccountCheck" time="2.034" classname="SupportClasses.Account_Lookup"/>
  <testcase name="AccountCheck" time="2.782" classname="SupportClasses.Account_Lookup"/>
  <testcase name="AccountCheck" time="2.261" classname="SupportClasses.Account_Lookup"/>
  <testcase name="AccountCheck" time="2.109" classname="SupportClasses.Account_Lookup"/>
  <testcase name="AccountCheck" time="1.830" classname="SupportClasses.Account_Lookup"/>
  <testcase name="AccountCheck" time="1.799" classname="SupportClasses.Account_Lookup"/>
  <testcase name="AccountCheck" time="1.816" classname="SupportClasses.Account_Lookup"/>
  <testcase name="AccountCheck" time="2.832" classname="SupportClasses.Account_Lookup"/>
  <testcase name="AccountCheck" time="1.814" classname="SupportClasses.Account_Lookup"/>
  <testcase name="AccountCheck" time="1.931" classname="SupportClasses.Account_Lookup"/>
  <testcase name="AccountCheck" time="3.361" classname="SupportClasses.Account_Lookup"/>
  <testcase name="AccountCheck" time="3.318" classname="SupportClasses.Account_Lookup"/>
  <testcase name="AccountCheck" time="1.915" classname="SupportClasses.Account_Lookup"/>
  <testcase name="AccountCheck" time="1.810" classname="SupportClasses.Account_Lookup"/>
  <testcase name="AccountCheck" time="1.827" classname="SupportClasses.Account_Lookup"/>
  <testcase name="AccountCheck" time="2.130" classname="SupportClasses.Account_Lookup"/>
  <testcase name="AccountCheck" time="1.901" classname="SupportClasses.Account_Lookup"/>
  <testcase name="AccountCheck" time="1.769" classname="SupportClasses.Account_Lookup"/>
  <testcase name="AccountCheck" time="1.877" classname="SupportClasses.Account_Lookup"/>
  <testcase name="AccountCheck" time="1.797" classname="SupportClasses.Account_Lookup"/>
  <testcase name="AccountCheck" time="1.933" classname="SupportClasses.Account_Lookup"/>
  <testcase name="AccountCheck" time="1.798" classname="SupportClasses.Account_Lookup"/>
  <testcase name="AccountCheck" time="2.543" classname="SupportClasses.Account_Lookup"/>
  <testcase name="AccountCheck" time="1.802" classname="SupportClasses.Account_Lookup"/>
  <testcase name="AccountCheck" time="1.788" classname="SupportClasses.Account_Lookup"/>
  <testcase name="AccountCheck" time="1.794" classname="SupportClasses.Account_Lookup"/>
  <testcase name="AccountCheck" time="1.846" classname="SupportClasses.Account_Lookup"/>
  <testcase name="AccountCheck" time="1.795" classname="SupportClasses.Account_Lookup"/>
  <testcase name="AccountCheck" time="1.859" classname="SupportClasses.Account_Lookup"/>
  <testcase name="AccountCheck" time="1.764" classname="SupportClasses.Account_Lookup"/>
  <testcase name="AccountCheck" time="1.774" classname="SupportClasses.Account_Lookup"/>
  <testcase name="AccountCheck" time="1.767" classname="SupportClasses.Account_Lookup"/>
  <testcase name="AccountCheck" time="1.835" classname="SupportClasses.Account_Lookup"/>
  <testcase name="AccountCheck" time="2.245" classname="SupportClasses.Account_Lookup"/>
  <testcase name="AccountCheck" time="1.751" classname="SupportClasses.Account_Lookup"/>
  <testcase name="AccountCheck" time="1.783" classname="SupportClasses.Account_Lookup"/>
  <testcase name="AccountCheck" time="1.839" classname="SupportClasses.Account_Lookup"/>
  <testcase name="AccountCheck" time="1.817" classname="SupportClasses.Account_Lookup"/>
  <testcase name="AccountCheck" time="1.785" classname="SupportClasses.Account_Lookup"/>
  <testcase name="AccountCheck" time="1.810" classname="SupportClasses.Account_Lookup"/>
  <testcase name="AccountCheck" time="2.088" classname="SupportClasses.Account_Lookup"/>
  <testcase name="AccountCheck" time="1.738" classname="SupportClasses.Account_Lookup"/>
  <testcase name="AccountCheck" time="1.832" classname="SupportClasses.Account_Lookup"/>
  <testcase name="AccountCheck" time="1.835" classname="SupportClasses.Account_Lookup"/>
  <testcase name="AccountCheck" time="1.881" classname="SupportClasses.Account_Lookup"/>
  <testcase name="AccountCheck" time="1.870" classname="SupportClasses.Account_Lookup"/>
  <testcase name="AccountCheck" time="2.205" classname="SupportClasses.Account_Lookup"/>
  <testcase name="AccountCheck" time="1.748" classname="SupportClasses.Account_Lookup"/>
  <testcase name="AccountCheck" time="1.678" classname="SupportClasses.Account_Lookup"/>
  <testcase name="AccountCheck" time="1.795" classname="SupportClasses.Account_Lookup"/>
  <testcase name="AccountCheck" time="1.962" classname="SupportClasses.Account_Lookup"/>
  <testcase name="AccountCheck" time="1.819" classname="SupportClasses.Account_Lookup"/>
  <testcase name="AccountCheck" time="1.745" classname="SupportClasses.Account_Lookup"/>
  <testcase name="AccountCheck" time="3.277" classname="SupportClasses.Account_Lookup"/>
  <testcase name="AccountCheck" time="1.792" classname="SupportClasses.Account_Lookup"/>
  <testcase name="AccountCheck" time="1.985" classname="SupportClasses.Account_Lookup"/>
  <testcase name="AccountCheck" time="1.918" classname="SupportClasses.Account_Lookup"/>
  <testcase name="AccountCheck" time="3.272" classname="SupportClasses.Account_Lookup"/>
  <testcase name="AccountCheck" time="3.494" classname="SupportClasses.Account_Lookup"/>
  <testcase name="AccountCheck" time="1.815" classname="SupportClasses.Account_Lookup"/>
  <testcase name="AccountCheck" time="1.866" classname="SupportClasses.Account_Lookup"/>
  <testcase name="AccountCheck" time="1.801" classname="SupportClasses.Account_Lookup"/>
  <testcase name="AccountCheck" time="1.810" classname="SupportClasses.Account_Lookup"/>
  <testcase name="AccountCheck" time="2.046" classname="SupportClasses.Account_Lookup"/>
  <testcase name="AccountCheck" time="1.769" classname="SupportClasses.Account_Lookup"/>
  <testcase name="AccountCheck" time="3.165" classname="SupportClasses.Account_Lookup"/>
  <testcase name="AccountCheck" time="2.279" classname="SupportClasses.Account_Lookup"/>
  <testcase name="AccountCheck" time="2.468" classname="SupportClasses.Account_Lookup"/>
  <testcase name="AccountCheck" time="1.796" classname="SupportClasses.Account_Lookup"/>
  <testcase name="AccountCheck" time="1.727" classname="SupportClasses.Account_Lookup"/>
  <testcase name="AccountCheck" time="1.787" classname="SupportClasses.Account_Lookup"/>
  <testcase name="AccountCheck" time="1.843" classname="SupportClasses.Account_Lookup"/>
  <testcase name="AccountCheck" time="1.822" classname="SupportClasses.Account_Lookup"/>
  <testcase name="AccountCheck" time="1.781" classname="SupportClasses.Account_Lookup"/>
  <testcase name="AccountCheck" time="1.751" classname="SupportClasses.Account_Lookup"/>
  <testcase name="AccountCheck" time="1.840" classname="SupportClasses.Account_Lookup"/>
  <testcase name="AccountCheck" time="2.329" classname="SupportClasses.Account_Lookup"/>
  <testcase name="AccountCheck" time="2.499" classname="SupportClasses.Account_Lookup"/>
  <testcase name="AccountCheck" time="1.734" classname="SupportClasses.Account_Lookup"/>
  <testcase name="AccountCheck" time="1.832" classname="SupportClasses.Account_Lookup"/>
  <testcase name="AccountCheck" time="2.349" classname="SupportClasses.Account_Lookup"/>
  <testcase name="AccountCheck" time="2.147" classname="SupportClasses.Account_Lookup"/>
  <testcase name="AccountCheck" time="1.939" classname="SupportClasses.Account_Lookup"/>
  <testcase name="AccountCheck" time="2.321" classname="SupportClasses.Account_Lookup"/>
  <testcase name="AccountCheck" time="1.883" classname="SupportClasses.Account_Lookup"/>
  <testcase name="AccountCheck" time="1.835" classname="SupportClasses.Account_Lookup"/>
  <testcase name="AccountCheck" time="1.850" classname="SupportClasses.Account_Lookup"/>
  <testcase name="AccountCheck" time="2.083" classname="SupportClasses.Account_Lookup"/>
  <testcase name="AccountCheck" time="1.809" classname="SupportClasses.Account_Lookup"/>
  <testcase name="AccountCheck" time="1.846" classname="SupportClasses.Account_Lookup"/>
  <testcase name="AccountCheck" time="2.381" classname="SupportClasses.Account_Lookup"/>
  <testcase name="AccountCheck" time="1.853" classname="SupportClasses.Account_Lookup"/>
  <testcase name="AccountCheck" time="1.909" classname="SupportClasses.Account_Lookup"/>
  <testcase name="AccountCheck" time="2.459" classname="SupportClasses.Account_Lookup"/>
  <testcase name="AccountCheck" time="2.437" classname="SupportClasses.Account_Lookup"/>
  <testcase name="AccountCheck" time="1.901" classname="SupportClasses.Account_Lookup"/>
  <testcase name="AccountCheck" time="1.987" classname="SupportClasses.Account_Lookup"/>
  <testcase name="AccountCheck" time="2.151" classname="SupportClasses.Account_Lookup"/>
  <testcase name="AccountCheck" time="1.731" classname="SupportClasses.Account_Lookup"/>
  <testcase name="AccountCheck" time="2.023" classname="SupportClasses.Account_Lookup"/>
  <testcase name="AccountCheck" time="1.841" classname="SupportClasses.Account_Lookup"/>
  <testcase name="AccountCheck" time="1.805" classname="SupportClasses.Account_Lookup"/>
  <testcase name="AccountCheck" time="2.319" classname="SupportClasses.Account_Lookup"/>
  <testcase name="AccountCheck" time="1.846" classname="SupportClasses.Account_Lookup"/>
  <testcase name="AccountCheck" time="2.163" classname="SupportClasses.Account_Lookup"/>
  <testcase name="AccountCheck" time="1.819" classname="SupportClasses.Account_Lookup"/>
  <testcase name="AccountCheck" time="2.058" classname="SupportClasses.Account_Lookup"/>
  <testcase name="AccountCheck" time="1.743" classname="SupportClasses.Account_Lookup"/>
  <testcase name="AccountCheck" time="1.946" classname="SupportClasses.Account_Lookup"/>
  <testcase name="AccountCheck" time="3.127" classname="SupportClasses.Account_Lookup"/>
  <testcase name="AccountCheck" time="2.007" classname="SupportClasses.Account_Lookup"/>
  <testcase name="AccountCheck" time="1.794" classname="SupportClasses.Account_Lookup"/>
  <testcase name="AccountCheck" time="2.321" classname="SupportClasses.Account_Lookup"/>
  <testcase name="AccountCheck" time="1.870" classname="SupportClasses.Account_Lookup"/>
  <testcase name="AccountCheck" time="2.494" classname="SupportClasses.Account_Lookup"/>
  <testcase name="AccountCheck" time="1.842" classname="SupportClasses.Account_Lookup"/>
  <testcase name="AccountCheck" time="1.801" classname="SupportClasses.Account_Lookup"/>
  <testcase name="AccountCheck" time="1.815" classname="SupportClasses.Account_Lookup"/>
  <testcase name="AccountCheck" time="2.293" classname="SupportClasses.Account_Lookup"/>
  <testcase name="AccountCheck" time="1.834" classname="SupportClasses.Account_Lookup"/>
  <testcase name="AccountCheck" time="2.299" classname="SupportClasses.Account_Lookup"/>
  <testcase name="AccountCheck" time="1.969" classname="SupportClasses.Account_Lookup"/>
  <testcase name="AccountCheck" time="2.632" classname="SupportClasses.Account_Lookup"/>
  <testcase name="AccountCheck" time="1.972" classname="SupportClasses.Account_Lookup"/>
  <testcase name="AccountCheck" time="1.847" classname="SupportClasses.Account_Lookup"/>
  <testcase name="AccountCheck" time="2.223" classname="SupportClasses.Account_Lookup"/>
  <testcase name="AccountCheck" time="2.341" classname="SupportClasses.Account_Lookup"/>
  <testcase name="AccountCheck" time="2.016" classname="SupportClasses.Account_Lookup"/>
  <testcase name="AccountCheck" time="2.216" classname="SupportClasses.Account_Lookup"/>
  <testcase name="AccountCheck" time="1.782" classname="SupportClasses.Account_Lookup"/>
  <testcase name="AccountCheck" time="1.784" classname="SupportClasses.Account_Lookup"/>
  <testcase name="AccountCheck" time="1.765" classname="SupportClasses.Account_Lookup"/>
  <testcase name="AccountCheck" time="1.991" classname="SupportClasses.Account_Lookup"/>
  <testcase name="AccountCheck" time="1.926" classname="SupportClasses.Account_Lookup"/>
  <testcase name="AccountCheck" time="1.919" classname="SupportClasses.Account_Lookup"/>
  <testcase name="AccountCheck" time="2.600" classname="SupportClasses.Account_Lookup"/>
  <testcase name="AccountCheck" time="2.201" classname="SupportClasses.Account_Lookup"/>
  <testcase name="AccountCheck" time="1.842" classname="SupportClasses.Account_Lookup"/>
  <testcase name="AccountCheck" time="2.075" classname="SupportClasses.Account_Lookup"/>
  <testcase name="AccountCheck" time="2.735" classname="SupportClasses.Account_Lookup"/>
  <testcase name="AccountCheck" time="1.894" classname="SupportClasses.Account_Lookup"/>
  <testcase name="AccountCheck" time="1.916" classname="SupportClasses.Account_Lookup"/>
  <testcase name="AccountCheck" time="2.120" classname="SupportClasses.Account_Lookup"/>
  <testcase name="AccountCheck" time="1.766" classname="SupportClasses.Account_Lookup"/>
  <testcase name="AccountCheck" time="2.257" classname="SupportClasses.Account_Lookup"/>
  <testcase name="AccountCheck" time="1.771" classname="SupportClasses.Account_Lookup"/>
  <testcase name="AccountCheck" time="1.994" classname="SupportClasses.Account_Lookup"/>
  <testcase name="AccountCheck" time="2.319" classname="SupportClasses.Account_Lookup"/>
  <testcase name="AccountCheck" time="1.799" classname="SupportClasses.Account_Lookup"/>
  <testcase name="AccountCheck" time="2.085" classname="SupportClasses.Account_Lookup"/>
  <testcase name="AccountCheck" time="1.745" classname="SupportClasses.Account_Lookup"/>
  <testcase name="AccountCheck" time="1.755" classname="SupportClasses.Account_Lookup"/>
  <testcase name="AccountCheck" time="2.117" classname="SupportClasses.Account_Lookup"/>
  <testcase name="AccountCheck" time="1.783" classname="SupportClasses.Account_Lookup"/>
  <testcase name="AccountCheck" time="1.813" classname="SupportClasses.Account_Lookup"/>
  <testcase name="AccountCheck" time="1.947" classname="SupportClasses.Account_Lookup"/>
  <testcase name="AccountCheck" time="1.808" classname="SupportClasses.Account_Lookup"/>
  <testcase name="AccountCheck" time="1.761" classname="SupportClasses.Account_Lookup"/>
  <testcase name="AccountCheck" time="2.316" classname="SupportClasses.Account_Lookup"/>
  <testcase name="AccountCheck" time="2.500" classname="SupportClasses.Account_Lookup"/>
  <testcase name="AccountCheck" time="1.932" classname="SupportClasses.Account_Lookup"/>
  <testcase name="AccountCheck" time="1.943" classname="SupportClasses.Account_Lookup"/>
  <testcase name="AccountCheck" time="1.894" classname="SupportClasses.Account_Lookup"/>
  <testcase name="AccountCheck" time="2.001" classname="SupportClasses.Account_Lookup"/>
  <testcase name="AccountCheck" time="2.950" classname="SupportClasses.Account_Lookup"/>
  <testcase name="AccountCheck" time="1.750" classname="SupportClasses.Account_Lookup"/>
  <testcase name="AccountCheck" time="1.831" classname="SupportClasses.Account_Lookup"/>
  <testcase name="AccountCheck" time="2.300" classname="SupportClasses.Account_Lookup"/>
  <testcase name="AccountCheck" time="1.802" classname="SupportClasses.Account_Lookup"/>
  <testcase name="AccountCheck" time="1.864" classname="SupportClasses.Account_Lookup"/>
  <testcase name="AccountCheck" time="2.289" classname="SupportClasses.Account_Lookup"/>
  <testcase name="AccountCheck" time="1.802" classname="SupportClasses.Account_Lookup"/>
  <testcase name="AccountCheck" time="2.611" classname="SupportClasses.Account_Lookup"/>
  <testcase name="AccountCheck" time="1.739" classname="SupportClasses.Account_Lookup"/>
  <testcase name="AccountCheck" time="1.802" classname="SupportClasses.Account_Lookup"/>
  <testcase name="AccountCheck" time="1.988" classname="SupportClasses.Account_Lookup"/>
  <testcase name="AccountCheck" time="2.164" classname="SupportClasses.Account_Lookup"/>
  <testcase name="AccountCheck" time="2.279" classname="SupportClasses.Account_Lookup"/>
  <testcase name="AccountCheck" time="1.788" classname="SupportClasses.Account_Lookup"/>
  <testcase name="AccountCheck" time="1.837" classname="SupportClasses.Account_Lookup"/>
  <testcase name="AccountCheck" time="1.777" classname="SupportClasses.Account_Lookup"/>
  <testcase name="AccountCheck" time="1.816" classname="SupportClasses.Account_Lookup"/>
  <testcase name="AccountCheck" time="1.954" classname="SupportClasses.Account_Lookup"/>
  <testcase name="AccountCheck" time="1.921" classname="SupportClasses.Account_Lookup"/>
  <testcase name="AccountCheck" time="1.848" classname="SupportClasses.Account_Lookup"/>
  <testcase name="AccountCheck" time="1.915" classname="SupportClasses.Account_Lookup"/>
  <testcase name="AccountCheck" time="1.825" classname="SupportClasses.Account_Lookup"/>
  <testcase name="AccountCheck" time="1.797" classname="SupportClasses.Account_Lookup"/>
  <testcase name="AccountCheck" time="2.199" classname="SupportClasses.Account_Lookup"/>
  <testcase name="AccountCheck" time="1.714" classname="SupportClasses.Account_Lookup"/>
  <testcase name="AccountCheck" time="1.835" classname="SupportClasses.Account_Lookup"/>
  <testcase name="AccountCheck" time="2.292" classname="SupportClasses.Account_Lookup"/>
  <testcase name="AccountCheck" time="1.818" classname="SupportClasses.Account_Lookup"/>
  <testcase name="AccountCheck" time="1.790" classname="SupportClasses.Account_Lookup"/>
  <testcase name="AccountCheck" time="2.078" classname="SupportClasses.Account_Lookup"/>
  <testcase name="AccountCheck" time="1.872" classname="SupportClasses.Account_Lookup"/>
  <testcase name="AccountCheck" time="1.769" classname="SupportClasses.Account_Lookup"/>
  <testcase name="AccountCheck" time="2.016" classname="SupportClasses.Account_Lookup"/>
  <testcase name="AccountCheck" time="1.756" classname="SupportClasses.Account_Lookup"/>
  <testcase name="AccountCheck" time="1.857" classname="SupportClasses.Account_Lookup"/>
  <testcase name="AccountCheck" time="1.803" classname="SupportClasses.Account_Lookup"/>
  <testcase name="AccountCheck" time="2.186" classname="SupportClasses.Account_Lookup"/>
  <testcase name="AccountCheck" time="2.178" classname="SupportClasses.Account_Lookup"/>
  <testcase name="AccountCheck" time="1.708" classname="SupportClasses.Account_Lookup"/>
  <testcase name="AccountCheck" time="1.853" classname="SupportClasses.Account_Lookup"/>
  <testcase name="AccountCheck" time="2.091" classname="SupportClasses.Account_Lookup"/>
  <testcase name="AccountCheck" time="1.781" classname="SupportClasses.Account_Lookup"/>
  <testcase name="AccountCheck" time="2.494" classname="SupportClasses.Account_Lookup"/>
  <testcase name="AccountCheck" time="1.851" classname="SupportClasses.Account_Lookup"/>
  <testcase name="AccountCheck" time="2.267" classname="SupportClasses.Account_Lookup"/>
  <testcase name="AccountCheck" time="1.731" classname="SupportClasses.Account_Lookup"/>
  <testcase name="AccountCheck" time="1.923" classname="SupportClasses.Account_Lookup"/>
  <testcase name="AccountCheck" time="1.834" classname="SupportClasses.Account_Lookup"/>
  <testcase name="AccountCheck" time="1.805" classname="SupportClasses.Account_Lookup"/>
  <testcase name="AccountCheck" time="1.899" classname="SupportClasses.Account_Lookup"/>
  <testcase name="AccountCheck" time="1.822" classname="SupportClasses.Account_Lookup"/>
  <testcase name="AccountCheck" time="1.841" classname="SupportClasses.Account_Lookup"/>
  <testcase name="AccountCheck" time="2.302" classname="SupportClasses.Account_Lookup"/>
  <testcase name="AccountCheck" time="2.035" classname="SupportClasses.Account_Lookup"/>
  <testcase name="AccountCheck" time="2.182" classname="SupportClasses.Account_Lookup"/>
  <testcase name="AccountCheck" time="2.267" classname="SupportClasses.Account_Lookup"/>
  <testcase name="AccountCheck" time="1.811" classname="SupportClasses.Account_Lookup"/>
  <testcase name="AccountCheck" time="1.815" classname="SupportClasses.Account_Lookup"/>
  <testcase name="AccountCheck" time="2.034" classname="SupportClasses.Account_Lookup"/>
  <testcase name="AccountCheck" time="1.813" classname="SupportClasses.Account_Lookup"/>
  <testcase name="AccountCheck" time="2.043" classname="SupportClasses.Account_Lookup"/>
  <testcase name="AccountCheck" time="2.142" classname="SupportClasses.Account_Lookup"/>
  <testcase name="AccountCheck" time="1.797" classname="SupportClasses.Account_Lookup"/>
  <testcase name="AccountCheck" time="2.041" classname="SupportClasses.Account_Lookup"/>
  <testcase name="AccountCheck" time="1.855" classname="SupportClasses.Account_Lookup"/>
  <testcase name="AccountCheck" time="2.319" classname="SupportClasses.Account_Lookup"/>
  <testcase name="AccountCheck" time="3.325" classname="SupportClasses.Account_Lookup"/>
  <testcase name="AccountCheck" time="1.738" classname="SupportClasses.Account_Lookup"/>
  <testcase name="AccountCheck" time="1.927" classname="SupportClasses.Account_Lookup"/>
  <testcase name="AccountCheck" time="1.966" classname="SupportClasses.Account_Lookup"/>
  <testcase name="AccountCheck" time="1.796" classname="SupportClasses.Account_Lookup"/>
  <testcase name="AccountCheck" time="1.789" classname="SupportClasses.Account_Lookup"/>
  <testcase name="AccountCheck" time="2.116" classname="SupportClasses.Account_Lookup"/>
  <testcase name="AccountCheck" time="1.790" classname="SupportClasses.Account_Lookup"/>
  <testcase name="AccountCheck" time="2.144" classname="SupportClasses.Account_Lookup"/>
  <testcase name="AccountCheck" time="1.783" classname="SupportClasses.Account_Lookup"/>
  <testcase name="AccountCheck" time="1.869" classname="SupportClasses.Account_Lookup"/>
  <testcase name="AccountCheck" time="1.858" classname="SupportClasses.Account_Lookup"/>
  <testcase name="AccountCheck" time="1.909" classname="SupportClasses.Account_Lookup"/>
  <testcase name="AccountCheck" time="2.196" classname="SupportClasses.Account_Lookup"/>
  <testcase name="AccountCheck" time="1.769" classname="SupportClasses.Account_Lookup"/>
  <testcase name="AccountCheck" time="1.918" classname="SupportClasses.Account_Lookup"/>
  <testcase name="AccountCheck" time="3.055" classname="SupportClasses.Account_Lookup"/>
  <testcase name="AccountCheck" time="1.839" classname="SupportClasses.Account_Lookup"/>
  <testcase name="AccountCheck" time="1.772" classname="SupportClasses.Account_Lookup"/>
  <testcase name="AccountCheck" time="2.614" classname="SupportClasses.Account_Lookup"/>
  <testcase name="AccountCheck" time="1.777" classname="SupportClasses.Account_Lookup"/>
  <testcase name="AccountCheck" time="1.836" classname="SupportClasses.Account_Lookup"/>
  <testcase name="AccountCheck" time="1.767" classname="SupportClasses.Account_Lookup"/>
  <testcase name="AccountCheck" time="2.484" classname="SupportClasses.Account_Lookup"/>
  <testcase name="AccountCheck" time="2.049" classname="SupportClasses.Account_Lookup"/>
  <testcase name="AccountCheck" time="1.984" classname="SupportClasses.Account_Lookup"/>
  <testcase name="AccountCheck" time="1.884" classname="SupportClasses.Account_Lookup"/>
  <testcase name="AccountCheck" time="2.273" classname="SupportClasses.Account_Lookup"/>
  <testcase name="AccountCheck" time="1.818" classname="SupportClasses.Account_Lookup"/>
  <testcase name="AccountCheck" time="2.002" classname="SupportClasses.Account_Lookup"/>
  <testcase name="AccountCheck" time="1.750" classname="SupportClasses.Account_Lookup"/>
  <testcase name="AccountCheck" time="1.824" classname="SupportClasses.Account_Lookup"/>
  <testcase name="AccountCheck" time="1.767" classname="SupportClasses.Account_Lookup"/>
  <testcase name="AccountCheck" time="2.185" classname="SupportClasses.Account_Lookup"/>
  <testcase name="AccountCheck" time="2.218" classname="SupportClasses.Account_Lookup"/>
  <testcase name="AccountCheck" time="1.761" classname="SupportClasses.Account_Lookup"/>
  <testcase name="AccountCheck" time="2.925" classname="SupportClasses.Account_Lookup"/>
  <testcase name="AccountCheck" time="1.733" classname="SupportClasses.Account_Lookup"/>
</testsuite> <!-- SupportClasses.Account_Lookup -->
