<?xml version="1.0" encoding="UTF-8"?>
<!-- Generated by org.testng.reporters.JUnitReportReporter -->
<testsuite skipped="0" hostname="WTC-5159473-l2" name="WDPA_Application.WDPA_SmokeTest" tests="1" failures="0" timestamp="28 Feb 2019 20:20:43 GMT" time="76.869" errors="0">
  <testcase name="Pickup_Ground" time="76.869" classname="WDPA_Application.WDPA_SmokeTest"/>
</testsuite> <!-- WDPA_Application.WDPA_SmokeTest -->
