<?xml version="1.0" encoding="UTF-8"?>
<!-- Generated by org.testng.reporters.JUnitReportReporter -->
<testsuite skipped="0" hostname="WTC-5159473-l2" name="MFAC_Application.MFAC" tests="18" failures="0" timestamp="19 May 2019 05:47:24 GMT" time="1348.687" errors="0">
  <testcase name="IssuePinExpiration" time="5.169" classname="MFAC_Application.MFAC"/>
  <testcase name="AdditionalEnrollmentExpiration" time="5.601" classname="MFAC_Application.MFAC"/>
  <testcase name="AdditionalEnrollmentExpiration" time="4.279" classname="MFAC_Application.MFAC"/>
  <testcase name="IssuePinExpiration" time="4.719" classname="MFAC_Application.MFAC"/>
  <testcase name="IssuePin" time="2.816" classname="MFAC_Application.MFAC"/>
  <testcase name="IssuePinVelocity" time="9.832" classname="MFAC_Application.MFAC"/>
  <testcase name="AddressVelocity" time="23.701" classname="MFAC_Application.MFAC"/>
  <testcase name="VerifyPinNoLongerValid" time="7.895" classname="MFAC_Application.MFAC"/>
  <testcase name="VerifyPinVelocity" time="16.431" classname="MFAC_Application.MFAC"/>
  <testcase name="AddressVelocity" time="20.290" classname="MFAC_Application.MFAC"/>
  <testcase name="VerifyPinNoLongerValid" time="8.463" classname="MFAC_Application.MFAC"/>
  <testcase name="IssuePinVelocity" time="10.207" classname="MFAC_Application.MFAC"/>
  <testcase name="VerifyPinValid" time="4.813" classname="MFAC_Application.MFAC"/>
  <testcase name="IssuePin" time="3.267" classname="MFAC_Application.MFAC"/>
  <testcase name="VerifyPinVelocity" time="13.538" classname="MFAC_Application.MFAC"/>
  <testcase name="VerifyPinValid" time="6.040" classname="MFAC_Application.MFAC"/>
  <testcase name="IssuePinExpirationValidate" time="600.596" classname="MFAC_Application.MFAC"/>
  <testcase name="AdditionalEnrollmentExpirationValidate" time="601.030" classname="MFAC_Application.MFAC"/>
</testsuite> <!-- MFAC_Application.MFAC -->
