<?xml version="1.0" encoding="UTF-8"?>
<!-- Generated by org.testng.reporters.JUnitReportReporter -->
<testsuite skipped="1" hostname="WTC-5159473-l2" name="WCRV_Application.WCRV" tests="2" failures="0" timestamp="08 Mar 2019 17:52:02 GMT" time="1057.442" errors="0">
  <testcase name="WCRV_Help_Link" time="1057.442" classname="WCRV_Application.WCRV"/>
  <testcase name="WCRV_CheckPermission" classname="WCRV_Application.WCRV">
    <skipped/>
  </testcase> <!-- WCRV_CheckPermission -->
</testsuite> <!-- WCRV_Application.WCRV -->
