<?xml version="1.0" encoding="UTF-8"?>
<!-- Generated by org.testng.reporters.JUnitReportReporter -->
<testsuite skipped="0" hostname="WTC-5159473-l2" name="ADAT_Application.ADAT" tests="14" failures="0" timestamp="15 May 2019 19:00:26 GMT" time="15.262" errors="0">
  <testcase name="ADAT_CreateUser" time="1.188" classname="ADAT_Application.ADAT"/>
  <testcase name="ADAT_CreateUser" time="1.187" classname="ADAT_Application.ADAT"/>
  <testcase name="ADAT_CreatePin" time="0.242" classname="ADAT_Application.ADAT"/>
  <testcase name="ADAT_CreatePin" time="0.372" classname="ADAT_Application.ADAT"/>
  <testcase name="ADAT_AddressVelocity" time="2.481" classname="ADAT_Application.ADAT"/>
  <testcase name="ADAT_PhoneVelocity" time="1.475" classname="ADAT_Application.ADAT"/>
  <testcase name="ADAT_PhoneVelocity" time="1.596" classname="ADAT_Application.ADAT"/>
  <testcase name="ADAT_PostcardVelocity" time="1.467" classname="ADAT_Application.ADAT"/>
  <testcase name="ADAT_AddressVelocity" time="2.333" classname="ADAT_Application.ADAT"/>
  <testcase name="ADAT_PostcardVelocity" time="1.566" classname="ADAT_Application.ADAT"/>
  <testcase name="ADAT_VerifyPin_Invalid" time="0.339" classname="ADAT_Application.ADAT"/>
  <testcase name="ADAT_VerifyPin_Invalid" time="0.455" classname="ADAT_Application.ADAT"/>
  <testcase name="ADAT_VerifyPin" time="0.286" classname="ADAT_Application.ADAT"/>
  <testcase name="ADAT_VerifyPin" time="0.275" classname="ADAT_Application.ADAT"/>
</testsuite> <!-- ADAT_Application.ADAT -->
