<?xml version="1.0" encoding="UTF-8"?>
<!-- Generated by org.testng.reporters.JUnitReportReporter -->
<testsuite skipped="0" hostname="WTC-5159473-l2" name="WaterfallApplications.WRTT" tests="146" failures="0" timestamp="02 Jan 2019 18:35:48 GMT" time="16472.340" errors="0">
  <testcase name="WRTT_Rate_Sheet" time="40.616" classname="WaterfallApplications.WRTT"/>
  <testcase name="WRTT_Rate_Sheet" time="55.735" classname="WaterfallApplications.WRTT"/>
  <testcase name="WRTT_Rate_Sheet" time="83.037" classname="WaterfallApplications.WRTT"/>
  <testcase name="WRTT_Rate_Sheet" time="98.341" classname="WaterfallApplications.WRTT"/>
  <testcase name="WRTT_Rate_Sheet" time="51.834" classname="WaterfallApplications.WRTT"/>
  <testcase name="WRTT_Rate_Sheet" time="179.816" classname="WaterfallApplications.WRTT"/>
  <testcase name="WRTT_Rate_Sheet" time="135.720" classname="WaterfallApplications.WRTT"/>
  <testcase name="WRTT_Rate_Sheet" time="72.078" classname="WaterfallApplications.WRTT"/>
  <testcase name="WRTT_Rate_Sheet" time="118.026" classname="WaterfallApplications.WRTT"/>
  <testcase name="WRTT_Rate_Sheet" time="124.067" classname="WaterfallApplications.WRTT"/>
  <testcase name="WRTT_Rate_Sheet" time="168.071" classname="WaterfallApplications.WRTT"/>
  <testcase name="WRTT_Rate_Sheet" time="29.596" classname="WaterfallApplications.WRTT"/>
  <testcase name="WRTT_Rate_Sheet" time="133.382" classname="WaterfallApplications.WRTT"/>
  <testcase name="WRTT_Rate_Sheet" time="93.585" classname="WaterfallApplications.WRTT"/>
  <testcase name="WRTT_Rate_Sheet" time="50.250" classname="WaterfallApplications.WRTT"/>
  <testcase name="WRTT_Rate_Sheet" time="146.029" classname="WaterfallApplications.WRTT"/>
  <testcase name="WRTT_Rate_Sheet" time="48.322" classname="WaterfallApplications.WRTT"/>
  <testcase name="WRTT_Rate_Sheet" time="208.848" classname="WaterfallApplications.WRTT"/>
  <testcase name="WRTT_Rate_Sheet" time="117.374" classname="WaterfallApplications.WRTT"/>
  <testcase name="WRTT_Rate_Sheet" time="174.090" classname="WaterfallApplications.WRTT"/>
  <testcase name="WRTT_Rate_Sheet" time="181.536" classname="WaterfallApplications.WRTT"/>
  <testcase name="WRTT_Rate_Sheet" time="37.135" classname="WaterfallApplications.WRTT"/>
  <testcase name="WRTT_Rate_Sheet" time="61.248" classname="WaterfallApplications.WRTT"/>
  <testcase name="WRTT_Rate_Sheet" time="141.190" classname="WaterfallApplications.WRTT"/>
  <testcase name="WRTT_Rate_Sheet" time="117.863" classname="WaterfallApplications.WRTT"/>
  <testcase name="WRTT_Rate_Sheet" time="83.553" classname="WaterfallApplications.WRTT"/>
  <testcase name="WRTT_Rate_Sheet" time="69.361" classname="WaterfallApplications.WRTT"/>
  <testcase name="WRTT_Rate_Sheet" time="72.702" classname="WaterfallApplications.WRTT"/>
  <testcase name="WRTT_Rate_Sheet" time="140.498" classname="WaterfallApplications.WRTT"/>
  <testcase name="WRTT_Rate_Sheet" time="70.283" classname="WaterfallApplications.WRTT"/>
  <testcase name="WRTT_Rate_Sheet" time="99.205" classname="WaterfallApplications.WRTT"/>
  <testcase name="WRTT_Rate_Sheet" time="186.542" classname="WaterfallApplications.WRTT"/>
  <testcase name="WRTT_Rate_Sheet" time="139.861" classname="WaterfallApplications.WRTT"/>
  <testcase name="WRTT_Rate_Sheet" time="154.860" classname="WaterfallApplications.WRTT"/>
  <testcase name="WRTT_Rate_Sheet" time="153.190" classname="WaterfallApplications.WRTT"/>
  <testcase name="WRTT_Rate_Sheet" time="122.678" classname="WaterfallApplications.WRTT"/>
  <testcase name="WRTT_Rate_Sheet" time="136.493" classname="WaterfallApplications.WRTT"/>
  <testcase name="WRTT_Rate_Sheet" time="162.492" classname="WaterfallApplications.WRTT"/>
  <testcase name="WRTT_Rate_Sheet" time="21.167" classname="WaterfallApplications.WRTT"/>
  <testcase name="WRTT_Rate_Sheet" time="182.418" classname="WaterfallApplications.WRTT"/>
  <testcase name="WRTT_Rate_Sheet" time="28.180" classname="WaterfallApplications.WRTT"/>
  <testcase name="WRTT_Rate_Sheet" time="97.264" classname="WaterfallApplications.WRTT"/>
  <testcase name="WRTT_Rate_Sheet" time="151.475" classname="WaterfallApplications.WRTT"/>
  <testcase name="WRTT_Rate_Sheet" time="136.678" classname="WaterfallApplications.WRTT"/>
  <testcase name="WRTT_Rate_Sheet" time="196.171" classname="WaterfallApplications.WRTT"/>
  <testcase name="WRTT_Rate_Sheet" time="162.558" classname="WaterfallApplications.WRTT"/>
  <testcase name="WRTT_Rate_Sheet" time="87.235" classname="WaterfallApplications.WRTT"/>
  <testcase name="WRTT_Rate_Sheet" time="125.268" classname="WaterfallApplications.WRTT"/>
  <testcase name="WRTT_Rate_Sheet" time="140.526" classname="WaterfallApplications.WRTT"/>
  <testcase name="WRTT_Rate_Sheet" time="122.473" classname="WaterfallApplications.WRTT"/>
  <testcase name="WRTT_Rate_Sheet" time="107.656" classname="WaterfallApplications.WRTT"/>
  <testcase name="WRTT_Rate_Sheet" time="46.263" classname="WaterfallApplications.WRTT"/>
  <testcase name="WRTT_SpalshPage_eCRV" time="60.005" classname="WaterfallApplications.WRTT"/>
  <testcase name="WRTT_Rate_Sheet" time="97.630" classname="WaterfallApplications.WRTT"/>
  <testcase name="WRTT_Rate_Sheet" time="124.717" classname="WaterfallApplications.WRTT"/>
  <testcase name="WRTT_Rate_Sheet" time="69.502" classname="WaterfallApplications.WRTT"/>
  <testcase name="WRTT_Rate_Sheet" time="118.490" classname="WaterfallApplications.WRTT"/>
  <testcase name="WRTT_Rate_Sheet" time="46.177" classname="WaterfallApplications.WRTT"/>
  <testcase name="WRTT_Rate_Sheet" time="31.165" classname="WaterfallApplications.WRTT"/>
  <testcase name="WRTT_Rate_Sheet" time="148.663" classname="WaterfallApplications.WRTT"/>
  <testcase name="WRTT_Rate_Sheet" time="191.572" classname="WaterfallApplications.WRTT"/>
  <testcase name="WRTT_Rate_Sheet" time="96.567" classname="WaterfallApplications.WRTT"/>
  <testcase name="WRTT_Rate_Sheet" time="97.746" classname="WaterfallApplications.WRTT"/>
  <testcase name="WRTT_Rate_Sheet" time="135.257" classname="WaterfallApplications.WRTT"/>
  <testcase name="WRTT_Rate_Sheet" time="137.735" classname="WaterfallApplications.WRTT"/>
  <testcase name="WRTT_Rate_Sheet" time="133.763" classname="WaterfallApplications.WRTT"/>
  <testcase name="WRTT_Rate_Sheet" time="67.840" classname="WaterfallApplications.WRTT"/>
  <testcase name="WRTT_Rate_Sheet" time="86.888" classname="WaterfallApplications.WRTT"/>
  <testcase name="WRTT_Rate_Sheet" time="123.115" classname="WaterfallApplications.WRTT"/>
  <testcase name="WRTT_Rate_Sheet" time="90.998" classname="WaterfallApplications.WRTT"/>
  <testcase name="WRTT_Rate_Sheet" time="121.250" classname="WaterfallApplications.WRTT"/>
  <testcase name="WRTT_Rate_Sheet" time="80.052" classname="WaterfallApplications.WRTT"/>
  <testcase name="WRTT_Rate_Sheet" time="225.406" classname="WaterfallApplications.WRTT"/>
  <testcase name="WRTT_Rate_Sheet" time="135.892" classname="WaterfallApplications.WRTT"/>
  <testcase name="WRTT_Rate_Sheet" time="56.040" classname="WaterfallApplications.WRTT"/>
  <testcase name="WRTT_Rate_Sheet" time="64.991" classname="WaterfallApplications.WRTT"/>
  <testcase name="WRTT_Rate_Sheet" time="178.529" classname="WaterfallApplications.WRTT"/>
  <testcase name="WRTT_Rate_Sheet" time="177.063" classname="WaterfallApplications.WRTT"/>
  <testcase name="WRTT_Rate_Sheet" time="157.764" classname="WaterfallApplications.WRTT"/>
  <testcase name="WRTT_Rate_Sheet" time="154.939" classname="WaterfallApplications.WRTT"/>
  <testcase name="WRTT_Rate_Sheet" time="39.404" classname="WaterfallApplications.WRTT"/>
  <testcase name="WRTT_Rate_Sheet" time="123.131" classname="WaterfallApplications.WRTT"/>
  <testcase name="WRTT_Rate_Sheet" time="39.569" classname="WaterfallApplications.WRTT"/>
  <testcase name="WRTT_Rate_Sheet" time="162.411" classname="WaterfallApplications.WRTT"/>
  <testcase name="WRTT_Rate_Sheet" time="105.948" classname="WaterfallApplications.WRTT"/>
  <testcase name="WRTT_Rate_Sheet" time="149.375" classname="WaterfallApplications.WRTT"/>
  <testcase name="WRTT_Rate_Sheet" time="101.009" classname="WaterfallApplications.WRTT"/>
  <testcase name="WRTT_Rate_Sheet" time="56.588" classname="WaterfallApplications.WRTT"/>
  <testcase name="WRTT_Rate_Sheet" time="54.541" classname="WaterfallApplications.WRTT"/>
  <testcase name="WRTT_Rate_Sheet" time="66.161" classname="WaterfallApplications.WRTT"/>
  <testcase name="WRTT_Rate_Sheet" time="198.481" classname="WaterfallApplications.WRTT"/>
  <testcase name="WRTT_Rate_Sheet" time="93.022" classname="WaterfallApplications.WRTT"/>
  <testcase name="WRTT_Rate_Sheet" time="171.300" classname="WaterfallApplications.WRTT"/>
  <testcase name="WRTT_Rate_Sheet" time="172.175" classname="WaterfallApplications.WRTT"/>
  <testcase name="WRTT_Rate_Sheet" time="83.492" classname="WaterfallApplications.WRTT"/>
  <testcase name="WRTT_Rate_Sheet" time="66.697" classname="WaterfallApplications.WRTT"/>
  <testcase name="WRTT_Rate_Sheet" time="194.746" classname="WaterfallApplications.WRTT"/>
  <testcase name="WRTT_Rate_Sheet" time="157.103" classname="WaterfallApplications.WRTT"/>
  <testcase name="WRTT_Rate_Sheet" time="26.979" classname="WaterfallApplications.WRTT"/>
  <testcase name="WRTT_Rate_Sheet" time="44.044" classname="WaterfallApplications.WRTT"/>
  <testcase name="WRTT_Rate_Sheet" time="179.659" classname="WaterfallApplications.WRTT"/>
  <testcase name="WRTT_Rate_Sheet" time="111.678" classname="WaterfallApplications.WRTT"/>
  <testcase name="WRTT_Rate_Sheet" time="90.226" classname="WaterfallApplications.WRTT"/>
  <testcase name="WRTT_Rate_Sheet" time="185.148" classname="WaterfallApplications.WRTT"/>
  <testcase name="WRTT_Rate_Sheet" time="97.391" classname="WaterfallApplications.WRTT"/>
  <testcase name="WRTT_Rate_Sheet" time="79.496" classname="WaterfallApplications.WRTT"/>
  <testcase name="WRTT_Rate_Sheet" time="74.426" classname="WaterfallApplications.WRTT"/>
  <testcase name="WRTT_Rate_Sheet" time="40.572" classname="WaterfallApplications.WRTT"/>
  <testcase name="WRTT_Rate_Sheet" time="75.922" classname="WaterfallApplications.WRTT"/>
  <testcase name="WRTT_Rate_Sheet" time="137.553" classname="WaterfallApplications.WRTT"/>
  <testcase name="WRTT_Rate_Sheet" time="200.784" classname="WaterfallApplications.WRTT"/>
  <testcase name="WRTT_Rate_Sheet" time="174.624" classname="WaterfallApplications.WRTT"/>
  <testcase name="WRTT_Rate_Sheet" time="154.171" classname="WaterfallApplications.WRTT"/>
  <testcase name="WRTT_Rate_Sheet" time="147.902" classname="WaterfallApplications.WRTT"/>
  <testcase name="WRTT_Rate_Sheet" time="160.179" classname="WaterfallApplications.WRTT"/>
  <testcase name="WRTT_Rate_Sheet" time="72.217" classname="WaterfallApplications.WRTT"/>
  <testcase name="WRTT_Rate_Sheet" time="197.376" classname="WaterfallApplications.WRTT"/>
  <testcase name="WRTT_Rate_Sheet" time="107.322" classname="WaterfallApplications.WRTT"/>
  <testcase name="WRTT_Rate_Sheet" time="111.861" classname="WaterfallApplications.WRTT"/>
  <testcase name="WRTT_Rate_Sheet" time="111.863" classname="WaterfallApplications.WRTT"/>
  <testcase name="WRTT_Rate_Sheet" time="93.253" classname="WaterfallApplications.WRTT"/>
  <testcase name="WRTT_Rate_Sheet" time="142.818" classname="WaterfallApplications.WRTT"/>
  <testcase name="WRTT_Rate_Sheet" time="123.724" classname="WaterfallApplications.WRTT"/>
  <testcase name="WRTT_Rate_Sheet" time="97.381" classname="WaterfallApplications.WRTT"/>
  <testcase name="WRTT_Rate_Sheet" time="155.283" classname="WaterfallApplications.WRTT"/>
  <testcase name="WRTT_Rate_Sheet" time="118.380" classname="WaterfallApplications.WRTT"/>
  <testcase name="WRTT_Rate_Sheet" time="48.065" classname="WaterfallApplications.WRTT"/>
  <testcase name="WRTT_Rate_Sheet" time="79.588" classname="WaterfallApplications.WRTT"/>
  <testcase name="WRTT_Rate_Sheet" time="173.688" classname="WaterfallApplications.WRTT"/>
  <testcase name="WRTT_Rate_Sheet" time="59.522" classname="WaterfallApplications.WRTT"/>
  <testcase name="WRTT_Rate_Sheet" time="147.424" classname="WaterfallApplications.WRTT"/>
  <testcase name="WRTT_Rate_Sheet" time="99.562" classname="WaterfallApplications.WRTT"/>
  <testcase name="WRTT_Rate_Sheet" time="57.530" classname="WaterfallApplications.WRTT"/>
  <testcase name="WRTT_Rate_Sheet" time="176.529" classname="WaterfallApplications.WRTT"/>
  <testcase name="WRTT_Rate_Sheet" time="67.459" classname="WaterfallApplications.WRTT"/>
  <testcase name="WRTT_Rate_Sheet" time="36.775" classname="WaterfallApplications.WRTT"/>
  <testcase name="WRTT_Rate_Sheet" time="28.043" classname="WaterfallApplications.WRTT"/>
  <testcase name="WRTT_Rate_Sheet" time="69.475" classname="WaterfallApplications.WRTT"/>
  <testcase name="WRTT_Rate_Sheet" time="115.949" classname="WaterfallApplications.WRTT"/>
  <testcase name="WRTT_eCRV_Page" time="243.583" classname="WaterfallApplications.WRTT"/>
  <testcase name="WRTT_Rate_Sheet" time="95.720" classname="WaterfallApplications.WRTT"/>
  <testcase name="WRTT_Rate_Sheet" time="81.833" classname="WaterfallApplications.WRTT"/>
  <testcase name="WRTT_Rate_Sheet" time="104.254" classname="WaterfallApplications.WRTT"/>
  <testcase name="WRTT_Rate_Sheet" time="151.990" classname="WaterfallApplications.WRTT"/>
  <testcase name="WRTT_Rate_Sheet" time="65.495" classname="WaterfallApplications.WRTT"/>
  <testcase name="WRTT_Rate_Sheet" time="147.876" classname="WaterfallApplications.WRTT"/>
</testsuite> <!-- WaterfallApplications.WRTT -->
