<?xml version="1.0" encoding="UTF-8"?>
<!-- Generated by org.testng.reporters.JUnitReportReporter -->
<testsuite skipped="0" hostname="WTC-5159473-l2" name="WaterfallApplications.WRTT" tests="72" failures="0" timestamp="06 Jan 2019 08:10:57 GMT" time="5842.596" errors="0">
  <testcase name="WRTT_Rate_Sheet" time="120.789" classname="WaterfallApplications.WRTT"/>
  <testcase name="WRTT_Rate_Sheet" time="99.193" classname="WaterfallApplications.WRTT"/>
  <testcase name="WRTT_Rate_Sheet" time="87.596" classname="WaterfallApplications.WRTT"/>
  <testcase name="WRTT_Rate_Sheet" time="83.122" classname="WaterfallApplications.WRTT"/>
  <testcase name="WRTT_Rate_Sheet" time="80.493" classname="WaterfallApplications.WRTT"/>
  <testcase name="WRTT_Rate_Sheet" time="109.342" classname="WaterfallApplications.WRTT"/>
  <testcase name="WRTT_Rate_Sheet" time="133.936" classname="WaterfallApplications.WRTT"/>
  <testcase name="WRTT_Rate_Sheet" time="58.886" classname="WaterfallApplications.WRTT"/>
  <testcase name="WRTT_Rate_Sheet" time="78.448" classname="WaterfallApplications.WRTT"/>
  <testcase name="WRTT_Rate_Sheet" time="57.180" classname="WaterfallApplications.WRTT"/>
  <testcase name="WRTT_Rate_Sheet" time="112.580" classname="WaterfallApplications.WRTT"/>
  <testcase name="WRTT_Rate_Sheet" time="53.102" classname="WaterfallApplications.WRTT"/>
  <testcase name="WRTT_Rate_Sheet" time="152.342" classname="WaterfallApplications.WRTT"/>
  <testcase name="WRTT_Rate_Sheet" time="151.964" classname="WaterfallApplications.WRTT"/>
  <testcase name="WRTT_Rate_Sheet" time="62.557" classname="WaterfallApplications.WRTT"/>
  <testcase name="WRTT_Rate_Sheet" time="90.740" classname="WaterfallApplications.WRTT"/>
  <testcase name="WRTT_Rate_Sheet" time="117.777" classname="WaterfallApplications.WRTT"/>
  <testcase name="WRTT_Rate_Sheet" time="110.670" classname="WaterfallApplications.WRTT"/>
  <testcase name="WRTT_Rate_Sheet" time="16.655" classname="WaterfallApplications.WRTT"/>
  <testcase name="WRTT_Rate_Sheet" time="47.024" classname="WaterfallApplications.WRTT"/>
  <testcase name="WRTT_Rate_Sheet" time="122.597" classname="WaterfallApplications.WRTT"/>
  <testcase name="WRTT_Rate_Sheet" time="83.558" classname="WaterfallApplications.WRTT"/>
  <testcase name="WRTT_Rate_Sheet" time="112.213" classname="WaterfallApplications.WRTT"/>
  <testcase name="WRTT_Rate_Sheet" time="110.732" classname="WaterfallApplications.WRTT"/>
  <testcase name="WRTT_Rate_Sheet" time="25.284" classname="WaterfallApplications.WRTT"/>
  <testcase name="WRTT_Rate_Sheet" time="46.934" classname="WaterfallApplications.WRTT"/>
  <testcase name="WRTT_Rate_Sheet" time="75.652" classname="WaterfallApplications.WRTT"/>
  <testcase name="WRTT_Rate_Sheet" time="69.101" classname="WaterfallApplications.WRTT"/>
  <testcase name="WRTT_Rate_Sheet" time="46.097" classname="WaterfallApplications.WRTT"/>
  <testcase name="WRTT_Rate_Sheet" time="144.512" classname="WaterfallApplications.WRTT"/>
  <testcase name="WRTT_Rate_Sheet" time="23.197" classname="WaterfallApplications.WRTT"/>
  <testcase name="WRTT_Rate_Sheet" time="95.991" classname="WaterfallApplications.WRTT"/>
  <testcase name="WRTT_Rate_Sheet" time="80.645" classname="WaterfallApplications.WRTT"/>
  <testcase name="WRTT_Rate_Sheet" time="145.992" classname="WaterfallApplications.WRTT"/>
  <testcase name="WRTT_Rate_Sheet" time="73.040" classname="WaterfallApplications.WRTT"/>
  <testcase name="WRTT_Rate_Sheet" time="33.257" classname="WaterfallApplications.WRTT"/>
  <testcase name="WRTT_Rate_Sheet" time="114.973" classname="WaterfallApplications.WRTT"/>
  <testcase name="WRTT_Rate_Sheet" time="63.560" classname="WaterfallApplications.WRTT"/>
  <testcase name="WRTT_Rate_Sheet" time="131.780" classname="WaterfallApplications.WRTT"/>
  <testcase name="WRTT_Rate_Sheet" time="138.199" classname="WaterfallApplications.WRTT"/>
  <testcase name="WRTT_Rate_Sheet" time="79.755" classname="WaterfallApplications.WRTT"/>
  <testcase name="WRTT_Rate_Sheet" time="118.092" classname="WaterfallApplications.WRTT"/>
  <testcase name="WRTT_Rate_Sheet" time="97.823" classname="WaterfallApplications.WRTT"/>
  <testcase name="WRTT_Rate_Sheet" time="59.478" classname="WaterfallApplications.WRTT"/>
  <testcase name="WRTT_Rate_Sheet" time="41.502" classname="WaterfallApplications.WRTT"/>
  <testcase name="WRTT_Rate_Sheet" time="44.164" classname="WaterfallApplications.WRTT"/>
  <testcase name="WRTT_Rate_Sheet" time="136.076" classname="WaterfallApplications.WRTT"/>
  <testcase name="WRTT_Rate_Sheet" time="59.707" classname="WaterfallApplications.WRTT"/>
  <testcase name="WRTT_Rate_Sheet" time="82.769" classname="WaterfallApplications.WRTT"/>
  <testcase name="WRTT_Rate_Sheet" time="60.029" classname="WaterfallApplications.WRTT"/>
  <testcase name="WRTT_Rate_Sheet" time="77.469" classname="WaterfallApplications.WRTT"/>
  <testcase name="WRTT_Rate_Sheet" time="54.216" classname="WaterfallApplications.WRTT"/>
  <testcase name="WRTT_Rate_Sheet" time="39.869" classname="WaterfallApplications.WRTT"/>
  <testcase name="WRTT_Rate_Sheet" time="111.482" classname="WaterfallApplications.WRTT"/>
  <testcase name="WRTT_Rate_Sheet" time="101.040" classname="WaterfallApplications.WRTT"/>
  <testcase name="WRTT_Rate_Sheet" time="134.927" classname="WaterfallApplications.WRTT"/>
  <testcase name="WRTT_Rate_Sheet" time="86.477" classname="WaterfallApplications.WRTT"/>
  <testcase name="WRTT_Rate_Sheet" time="97.259" classname="WaterfallApplications.WRTT"/>
  <testcase name="WRTT_Rate_Sheet" time="62.539" classname="WaterfallApplications.WRTT"/>
  <testcase name="WRTT_Rate_Sheet" time="40.411" classname="WaterfallApplications.WRTT"/>
  <testcase name="WRTT_Rate_Sheet" time="63.586" classname="WaterfallApplications.WRTT"/>
  <testcase name="WRTT_Rate_Sheet" time="72.857" classname="WaterfallApplications.WRTT"/>
  <testcase name="WRTT_Rate_Sheet" time="106.779" classname="WaterfallApplications.WRTT"/>
  <testcase name="WRTT_Rate_Sheet" time="33.285" classname="WaterfallApplications.WRTT"/>
  <testcase name="WRTT_Rate_Sheet" time="56.992" classname="WaterfallApplications.WRTT"/>
  <testcase name="WRTT_Rate_Sheet" time="24.673" classname="WaterfallApplications.WRTT"/>
  <testcase name="WRTT_Rate_Sheet" time="100.809" classname="WaterfallApplications.WRTT"/>
  <testcase name="WRTT_Rate_Sheet" time="89.289" classname="WaterfallApplications.WRTT"/>
  <testcase name="WRTT_Rate_Sheet" time="28.890" classname="WaterfallApplications.WRTT"/>
  <testcase name="WRTT_Rate_Sheet" time="23.994" classname="WaterfallApplications.WRTT"/>
  <testcase name="WRTT_Rate_Sheet" time="65.869" classname="WaterfallApplications.WRTT"/>
  <testcase name="WRTT_Rate_Sheet" time="28.779" classname="WaterfallApplications.WRTT"/>
</testsuite> <!-- WaterfallApplications.WRTT -->
