<?xml version="1.0" encoding="UTF-8"?>
<!-- Generated by org.testng.reporters.JUnitReportReporter -->
<testsuite skipped="2" hostname="WTC-5159473-l2" name="WPRL_Application.WPRL_SmokeTest2" tests="6" failures="0" timestamp="24 May 2019 20:26:34 GMT" time="166.629" errors="0">
  <testcase name="WPRL_AccountManagement_Admin_Nickname" time="76.891" classname="WPRL_Application.WPRL_SmokeTest2"/>
  <testcase name="WPRL_AccountManagement_NonAdmin_Nickname" time="18.552" classname="WPRL_Application.WPRL_SmokeTest2"/>
  <testcase name="WPRL_ContactInfo_Admin" time="37.984" classname="WPRL_Application.WPRL_SmokeTest2"/>
  <testcase name="WPRL_ContactInfo_NonAdmin" time="33.202" classname="WPRL_Application.WPRL_SmokeTest2"/>
  <testcase name="WPRL_FDM" classname="WPRL_Application.WPRL_SmokeTest2">
    <skipped/>
  </testcase> <!-- WPRL_FDM -->
  <testcase name="WPRL_AccountManagement_NonPasskey" classname="WPRL_Application.WPRL_SmokeTest2">
    <skipped/>
  </testcase> <!-- WPRL_AccountManagement_NonPasskey -->
</testsuite> <!-- WPRL_Application.WPRL_SmokeTest2 -->
