<?xml version="1.0" encoding="UTF-8"?>
<!-- Generated by org.testng.reporters.JUnitReportReporter -->
<testsuite skipped="0" hostname="WTC-5159473-l2" name="WIDM_Application.WIDM_SmokeTest" tests="1" failures="0" timestamp="24 Apr 2019 20:32:11 GMT" time="116.207" errors="0">
  <testcase name="WIDM_ResetPasswordSecret" time="116.207" classname="WIDM_Application.WIDM_SmokeTest"/>
</testsuite> <!-- WIDM_Application.WIDM_SmokeTest -->
