<?xml version="1.0" encoding="UTF-8"?>
<!-- Generated by org.testng.reporters.JUnitReportReporter -->
<testsuite skipped="0" hostname="WTC-5159473-l2" name="AgileApplications.WIDM" tests="1" failures="0" timestamp="14 Nov 2018 23:47:09 GMT" time="109.533" errors="0">
  <testcase name="ResetPasswordWIDM_Email" time="109.533" classname="AgileApplications.WIDM"/>
</testsuite> <!-- AgileApplications.WIDM -->
