<?xml version="1.0" encoding="UTF-8"?>
<!-- Generated by org.testng.reporters.JUnitReportReporter -->
<testsuite skipped="3" hostname="WTC-5159473-l2" name="WFCL_Application.WFCL" tests="4" failures="0" timestamp="13 Nov 2018 21:15:01 GMT" time="130.196" errors="0">
  <testcase name="CreditCardRegistrationEnroll" time="130.196" classname="WFCL_Application.WFCL"/>
  <testcase name="WADM_Invitaiton" classname="WFCL_Application.WFCL">
    <skipped/>
  </testcase> <!-- WADM_Invitaiton -->
  <testcase name="AccountRegistration_GFBO" classname="WFCL_Application.WFCL">
    <skipped/>
  </testcase> <!-- AccountRegistration_GFBO -->
  <testcase name="Address_Mismatch" classname="WFCL_Application.WFCL">
    <skipped/>
  </testcase> <!-- Address_Mismatch -->
</testsuite> <!-- WFCL_Application.WFCL -->
