<?xml version="1.0" encoding="UTF-8"?>
<!-- Generated by org.testng.reporters.JUnitReportReporter -->
<testsuite skipped="0" hostname="WTC-5159473-l2" name="SupportClasses.Account_Lookup" tests="12" failures="0" timestamp="20 Dec 2018 21:57:41 GMT" time="414.268" errors="0">
  <testcase name="AccountCheck" time="43.129" classname="SupportClasses.Account_Lookup"/>
  <testcase name="AccountCheck" time="30.906" classname="SupportClasses.Account_Lookup"/>
  <testcase name="AccountCheck" time="46.791" classname="SupportClasses.Account_Lookup"/>
  <testcase name="AccountCheck" time="39.670" classname="SupportClasses.Account_Lookup"/>
  <testcase name="AccountCheck" time="38.911" classname="SupportClasses.Account_Lookup"/>
  <testcase name="AccountCheck" time="39.289" classname="SupportClasses.Account_Lookup"/>
  <testcase name="AccountCheck" time="28.919" classname="SupportClasses.Account_Lookup"/>
  <testcase name="AccountCheck" time="14.288" classname="SupportClasses.Account_Lookup"/>
  <testcase name="AccountCheck" time="33.610" classname="SupportClasses.Account_Lookup"/>
  <testcase name="AccountCheck" time="46.427" classname="SupportClasses.Account_Lookup"/>
  <testcase name="AccountCheck" time="29.462" classname="SupportClasses.Account_Lookup"/>
  <testcase name="AccountCheck" time="22.866" classname="SupportClasses.Account_Lookup"/>
</testsuite> <!-- SupportClasses.Account_Lookup -->
