<?xml version="1.0" encoding="UTF-8"?>
<!-- Generated by org.testng.reporters.JUnitReportReporter -->
<testsuite skipped="1" hostname="WTC-5159473-l2" name="SupportClasses.Account_Lookup" tests="1503" failures="0" timestamp="18 May 2019 21:45:48 GMT" time="12310.360" errors="0">
  <testcase name="Update_Account_Details" time="7.417" classname="SupportClasses.Account_Lookup"/>
  <testcase name="Update_Account_Details" time="7.901" classname="SupportClasses.Account_Lookup"/>
  <testcase name="Update_Account_Details" time="4.255" classname="SupportClasses.Account_Lookup"/>
  <testcase name="Update_Account_Details" time="7.662" classname="SupportClasses.Account_Lookup"/>
  <testcase name="Update_Account_Details" time="11.604" classname="SupportClasses.Account_Lookup"/>
  <testcase name="Update_Account_Details" time="7.126" classname="SupportClasses.Account_Lookup"/>
  <testcase name="Update_Account_Details" time="8.086" classname="SupportClasses.Account_Lookup"/>
  <testcase name="Update_Account_Details" time="7.756" classname="SupportClasses.Account_Lookup"/>
  <testcase name="Update_Account_Details" time="8.555" classname="SupportClasses.Account_Lookup"/>
  <testcase name="Update_Account_Details" time="6.068" classname="SupportClasses.Account_Lookup"/>
  <testcase name="Update_Account_Details" time="7.613" classname="SupportClasses.Account_Lookup"/>
  <testcase name="Update_Account_Details" time="6.398" classname="SupportClasses.Account_Lookup"/>
  <testcase name="Update_Account_Details" time="7.041" classname="SupportClasses.Account_Lookup"/>
  <testcase name="Update_Account_Details" time="6.644" classname="SupportClasses.Account_Lookup"/>
  <testcase name="Update_Account_Details" time="6.062" classname="SupportClasses.Account_Lookup"/>
  <testcase name="Update_Account_Details" time="11.776" classname="SupportClasses.Account_Lookup"/>
  <testcase name="Update_Account_Details" time="7.917" classname="SupportClasses.Account_Lookup"/>
  <testcase name="Update_Account_Details" time="9.729" classname="SupportClasses.Account_Lookup"/>
  <testcase name="Update_Account_Details" time="7.961" classname="SupportClasses.Account_Lookup"/>
  <testcase name="Update_Account_Details" time="6.678" classname="SupportClasses.Account_Lookup"/>
  <testcase name="Update_Account_Details" time="6.567" classname="SupportClasses.Account_Lookup"/>
  <testcase name="Update_Account_Details" time="7.098" classname="SupportClasses.Account_Lookup"/>
  <testcase name="Update_Account_Details" time="5.892" classname="SupportClasses.Account_Lookup"/>
  <testcase name="Update_Account_Details" time="8.276" classname="SupportClasses.Account_Lookup"/>
  <testcase name="Update_Account_Details" time="8.197" classname="SupportClasses.Account_Lookup"/>
  <testcase name="Update_Account_Details" time="12.930" classname="SupportClasses.Account_Lookup"/>
  <testcase name="Update_Account_Details" time="8.370" classname="SupportClasses.Account_Lookup"/>
  <testcase name="Update_Account_Details" time="7.448" classname="SupportClasses.Account_Lookup"/>
  <testcase name="Update_Account_Details" time="7.928" classname="SupportClasses.Account_Lookup"/>
  <testcase name="Update_Account_Details" time="13.909" classname="SupportClasses.Account_Lookup"/>
  <testcase name="Update_Account_Details" time="8.585" classname="SupportClasses.Account_Lookup"/>
  <testcase name="Update_Account_Details" time="8.594" classname="SupportClasses.Account_Lookup"/>
  <testcase name="Update_Account_Details" time="9.493" classname="SupportClasses.Account_Lookup"/>
  <testcase name="Update_Account_Details" time="8.656" classname="SupportClasses.Account_Lookup"/>
  <testcase name="Update_Account_Details" time="10.318" classname="SupportClasses.Account_Lookup"/>
  <testcase name="Update_Account_Details" time="13.601" classname="SupportClasses.Account_Lookup"/>
  <testcase name="Update_Account_Details" time="10.770" classname="SupportClasses.Account_Lookup"/>
  <testcase name="Update_Account_Details" time="4.793" classname="SupportClasses.Account_Lookup"/>
  <testcase name="Update_Account_Details" time="7.046" classname="SupportClasses.Account_Lookup"/>
  <testcase name="Update_Account_Details" time="7.606" classname="SupportClasses.Account_Lookup"/>
  <testcase name="Update_Account_Details" time="9.905" classname="SupportClasses.Account_Lookup"/>
  <testcase name="Update_Account_Details" time="9.783" classname="SupportClasses.Account_Lookup"/>
  <testcase name="Update_Account_Details" time="6.993" classname="SupportClasses.Account_Lookup"/>
  <testcase name="Update_Account_Details" time="8.682" classname="SupportClasses.Account_Lookup"/>
  <testcase name="Update_Account_Details" time="6.698" classname="SupportClasses.Account_Lookup"/>
  <testcase name="Update_Account_Details" time="6.293" classname="SupportClasses.Account_Lookup"/>
  <testcase name="Update_Account_Details" time="10.896" classname="SupportClasses.Account_Lookup"/>
  <testcase name="Update_Account_Details" time="8.058" classname="SupportClasses.Account_Lookup"/>
  <testcase name="Update_Account_Details" time="7.396" classname="SupportClasses.Account_Lookup"/>
  <testcase name="Update_Account_Details" time="9.698" classname="SupportClasses.Account_Lookup"/>
  <testcase name="Update_Account_Details" time="6.712" classname="SupportClasses.Account_Lookup"/>
  <testcase name="Update_Account_Details" time="9.987" classname="SupportClasses.Account_Lookup"/>
  <testcase name="Update_Account_Details" time="9.326" classname="SupportClasses.Account_Lookup"/>
  <testcase name="Update_Account_Details" time="7.672" classname="SupportClasses.Account_Lookup"/>
  <testcase name="Update_Account_Details" time="8.093" classname="SupportClasses.Account_Lookup"/>
  <testcase name="Update_Account_Details" time="10.350" classname="SupportClasses.Account_Lookup"/>
  <testcase name="Update_Account_Details" time="9.252" classname="SupportClasses.Account_Lookup"/>
  <testcase name="Update_Account_Details" time="11.240" classname="SupportClasses.Account_Lookup"/>
  <testcase name="Update_Account_Details" time="7.411" classname="SupportClasses.Account_Lookup"/>
  <testcase name="Update_Account_Details" time="8.694" classname="SupportClasses.Account_Lookup"/>
  <testcase name="Update_Account_Details" time="10.468" classname="SupportClasses.Account_Lookup"/>
  <testcase name="Update_Account_Details" time="8.314" classname="SupportClasses.Account_Lookup"/>
  <testcase name="Update_Account_Details" time="10.231" classname="SupportClasses.Account_Lookup"/>
  <testcase name="Update_Account_Details" time="4.422" classname="SupportClasses.Account_Lookup"/>
  <testcase name="Update_Account_Details" time="8.139" classname="SupportClasses.Account_Lookup"/>
  <testcase name="Update_Account_Details" time="7.964" classname="SupportClasses.Account_Lookup"/>
  <testcase name="Update_Account_Details" time="8.239" classname="SupportClasses.Account_Lookup"/>
  <testcase name="Update_Account_Details" time="8.733" classname="SupportClasses.Account_Lookup"/>
  <testcase name="Update_Account_Details" time="7.609" classname="SupportClasses.Account_Lookup"/>
  <testcase name="Update_Account_Details" time="4.323" classname="SupportClasses.Account_Lookup"/>
  <testcase name="Update_Account_Details" time="6.310" classname="SupportClasses.Account_Lookup"/>
  <testcase name="Update_Account_Details" time="4.472" classname="SupportClasses.Account_Lookup"/>
  <testcase name="Update_Account_Details" time="4.493" classname="SupportClasses.Account_Lookup"/>
  <testcase name="Update_Account_Details" time="7.512" classname="SupportClasses.Account_Lookup"/>
  <testcase name="Update_Account_Details" time="9.545" classname="SupportClasses.Account_Lookup"/>
  <testcase name="Update_Account_Details" time="6.324" classname="SupportClasses.Account_Lookup"/>
  <testcase name="Update_Account_Details" time="7.844" classname="SupportClasses.Account_Lookup"/>
  <testcase name="Update_Account_Details" time="11.970" classname="SupportClasses.Account_Lookup"/>
  <testcase name="Update_Account_Details" time="6.747" classname="SupportClasses.Account_Lookup"/>
  <testcase name="Update_Account_Details" time="11.077" classname="SupportClasses.Account_Lookup"/>
  <testcase name="Update_Account_Details" time="8.112" classname="SupportClasses.Account_Lookup"/>
  <testcase name="Update_Account_Details" time="14.899" classname="SupportClasses.Account_Lookup"/>
  <testcase name="Update_Account_Details" time="7.847" classname="SupportClasses.Account_Lookup"/>
  <testcase name="Update_Account_Details" time="10.990" classname="SupportClasses.Account_Lookup"/>
  <testcase name="Update_Account_Details" time="7.213" classname="SupportClasses.Account_Lookup"/>
  <testcase name="Update_Account_Details" time="6.763" classname="SupportClasses.Account_Lookup"/>
  <testcase name="Update_Account_Details" time="9.269" classname="SupportClasses.Account_Lookup"/>
  <testcase name="Update_Account_Details" time="8.461" classname="SupportClasses.Account_Lookup"/>
  <testcase name="Update_Account_Details" time="7.669" classname="SupportClasses.Account_Lookup"/>
  <testcase name="Update_Account_Details" time="4.871" classname="SupportClasses.Account_Lookup"/>
  <testcase name="Update_Account_Details" time="6.899" classname="SupportClasses.Account_Lookup"/>
  <testcase name="Update_Account_Details" time="7.587" classname="SupportClasses.Account_Lookup"/>
  <testcase name="Update_Account_Details" time="6.310" classname="SupportClasses.Account_Lookup"/>
  <testcase name="Update_Account_Details" time="9.441" classname="SupportClasses.Account_Lookup"/>
  <testcase name="Update_Account_Details" time="9.333" classname="SupportClasses.Account_Lookup"/>
  <testcase name="Update_Account_Details" time="8.098" classname="SupportClasses.Account_Lookup"/>
  <testcase name="Update_Account_Details" time="8.094" classname="SupportClasses.Account_Lookup"/>
  <testcase name="Update_Account_Details" time="7.051" classname="SupportClasses.Account_Lookup"/>
  <testcase name="Update_Account_Details" time="8.598" classname="SupportClasses.Account_Lookup"/>
  <testcase name="Update_Account_Details" time="8.414" classname="SupportClasses.Account_Lookup"/>
  <testcase name="Update_Account_Details" time="6.652" classname="SupportClasses.Account_Lookup"/>
  <testcase name="Update_Account_Details" time="8.240" classname="SupportClasses.Account_Lookup"/>
  <testcase name="Update_Account_Details" time="7.144" classname="SupportClasses.Account_Lookup"/>
  <testcase name="Update_Account_Details" time="8.499" classname="SupportClasses.Account_Lookup"/>
  <testcase name="Update_Account_Details" time="7.816" classname="SupportClasses.Account_Lookup"/>
  <testcase name="Update_Account_Details" time="8.579" classname="SupportClasses.Account_Lookup"/>
  <testcase name="Update_Account_Details" time="9.267" classname="SupportClasses.Account_Lookup"/>
  <testcase name="Update_Account_Details" time="11.399" classname="SupportClasses.Account_Lookup"/>
  <testcase name="Update_Account_Details" time="6.286" classname="SupportClasses.Account_Lookup"/>
  <testcase name="Update_Account_Details" time="6.282" classname="SupportClasses.Account_Lookup"/>
  <testcase name="Update_Account_Details" time="7.932" classname="SupportClasses.Account_Lookup"/>
  <testcase name="Update_Account_Details" time="12.381" classname="SupportClasses.Account_Lookup"/>
  <testcase name="Update_Account_Details" time="7.909" classname="SupportClasses.Account_Lookup"/>
  <testcase name="Update_Account_Details" time="8.706" classname="SupportClasses.Account_Lookup"/>
  <testcase name="Update_Account_Details" time="6.928" classname="SupportClasses.Account_Lookup"/>
  <testcase name="Update_Account_Details" time="7.966" classname="SupportClasses.Account_Lookup"/>
  <testcase name="Update_Account_Details" time="17.002" classname="SupportClasses.Account_Lookup"/>
  <testcase name="Update_Account_Details" time="8.679" classname="SupportClasses.Account_Lookup"/>
  <testcase name="Update_Account_Details" time="8.137" classname="SupportClasses.Account_Lookup"/>
  <testcase name="Update_Account_Details" time="8.295" classname="SupportClasses.Account_Lookup"/>
  <testcase name="Update_Account_Details" time="11.245" classname="SupportClasses.Account_Lookup"/>
  <testcase name="Update_Account_Details" time="9.933" classname="SupportClasses.Account_Lookup"/>
  <testcase name="Update_Account_Details" time="10.520" classname="SupportClasses.Account_Lookup"/>
  <testcase name="Update_Account_Details" time="7.624" classname="SupportClasses.Account_Lookup"/>
  <testcase name="Update_Account_Details" time="7.481" classname="SupportClasses.Account_Lookup"/>
  <testcase name="Update_Account_Details" time="9.880" classname="SupportClasses.Account_Lookup"/>
  <testcase name="Update_Account_Details" time="7.785" classname="SupportClasses.Account_Lookup"/>
  <testcase name="Update_Account_Details" time="10.270" classname="SupportClasses.Account_Lookup"/>
  <testcase name="Update_Account_Details" time="12.808" classname="SupportClasses.Account_Lookup"/>
  <testcase name="Update_Account_Details" time="9.388" classname="SupportClasses.Account_Lookup"/>
  <testcase name="Update_Account_Details" time="12.106" classname="SupportClasses.Account_Lookup"/>
  <testcase name="Update_Account_Details" time="10.087" classname="SupportClasses.Account_Lookup"/>
  <testcase name="Update_Account_Details" time="10.180" classname="SupportClasses.Account_Lookup"/>
  <testcase name="Update_Account_Details" time="8.344" classname="SupportClasses.Account_Lookup"/>
  <testcase name="Update_Account_Details" time="9.183" classname="SupportClasses.Account_Lookup"/>
  <testcase name="Update_Account_Details" time="7.780" classname="SupportClasses.Account_Lookup"/>
  <testcase name="Update_Account_Details" time="4.671" classname="SupportClasses.Account_Lookup"/>
  <testcase name="Update_Account_Details" time="6.751" classname="SupportClasses.Account_Lookup"/>
  <testcase name="Update_Account_Details" time="6.452" classname="SupportClasses.Account_Lookup"/>
  <testcase name="Update_Account_Details" time="7.047" classname="SupportClasses.Account_Lookup"/>
  <testcase name="Update_Account_Details" time="6.824" classname="SupportClasses.Account_Lookup"/>
  <testcase name="Update_Account_Details" time="7.442" classname="SupportClasses.Account_Lookup"/>
  <testcase name="Update_Account_Details" time="8.404" classname="SupportClasses.Account_Lookup"/>
  <testcase name="Update_Account_Details" time="7.424" classname="SupportClasses.Account_Lookup"/>
  <testcase name="Update_Account_Details" time="9.354" classname="SupportClasses.Account_Lookup"/>
  <testcase name="Update_Account_Details" time="6.595" classname="SupportClasses.Account_Lookup"/>
  <testcase name="Update_Account_Details" time="8.702" classname="SupportClasses.Account_Lookup"/>
  <testcase name="Update_Account_Details" time="3.536" classname="SupportClasses.Account_Lookup"/>
  <testcase name="Update_Account_Details" time="7.567" classname="SupportClasses.Account_Lookup"/>
  <testcase name="Update_Account_Details" time="7.857" classname="SupportClasses.Account_Lookup"/>
  <testcase name="Update_Account_Details" time="7.912" classname="SupportClasses.Account_Lookup"/>
  <testcase name="Update_Account_Details" time="7.542" classname="SupportClasses.Account_Lookup"/>
  <testcase name="Update_Account_Details" time="10.387" classname="SupportClasses.Account_Lookup"/>
  <testcase name="Update_Account_Details" time="8.637" classname="SupportClasses.Account_Lookup"/>
  <testcase name="Update_Account_Details" time="7.048" classname="SupportClasses.Account_Lookup"/>
  <testcase name="Update_Account_Details" time="6.985" classname="SupportClasses.Account_Lookup"/>
  <testcase name="Update_Account_Details" time="7.624" classname="SupportClasses.Account_Lookup"/>
  <testcase name="Update_Account_Details" time="7.812" classname="SupportClasses.Account_Lookup"/>
  <testcase name="Update_Account_Details" time="7.367" classname="SupportClasses.Account_Lookup"/>
  <testcase name="Update_Account_Details" time="3.621" classname="SupportClasses.Account_Lookup"/>
  <testcase name="Update_Account_Details" time="7.923" classname="SupportClasses.Account_Lookup"/>
  <testcase name="Update_Account_Details" time="10.757" classname="SupportClasses.Account_Lookup"/>
  <testcase name="Update_Account_Details" time="11.953" classname="SupportClasses.Account_Lookup"/>
  <testcase name="Update_Account_Details" time="6.924" classname="SupportClasses.Account_Lookup"/>
  <testcase name="Update_Account_Details" time="6.679" classname="SupportClasses.Account_Lookup"/>
  <testcase name="Update_Account_Details" time="7.395" classname="SupportClasses.Account_Lookup"/>
  <testcase name="Update_Account_Details" time="14.341" classname="SupportClasses.Account_Lookup"/>
  <testcase name="Update_Account_Details" time="7.499" classname="SupportClasses.Account_Lookup"/>
  <testcase name="Update_Account_Details" time="7.599" classname="SupportClasses.Account_Lookup"/>
  <testcase name="Update_Account_Details" time="6.442" classname="SupportClasses.Account_Lookup"/>
  <testcase name="Update_Account_Details" time="10.433" classname="SupportClasses.Account_Lookup"/>
  <testcase name="Update_Account_Details" time="8.968" classname="SupportClasses.Account_Lookup"/>
  <testcase name="Update_Account_Details" time="7.777" classname="SupportClasses.Account_Lookup"/>
  <testcase name="Update_Account_Details" time="8.110" classname="SupportClasses.Account_Lookup"/>
  <testcase name="Update_Account_Details" time="6.422" classname="SupportClasses.Account_Lookup"/>
  <testcase name="Update_Account_Details" time="3.783" classname="SupportClasses.Account_Lookup"/>
  <testcase name="Update_Account_Details" time="7.025" classname="SupportClasses.Account_Lookup"/>
  <testcase name="Update_Account_Details" time="8.382" classname="SupportClasses.Account_Lookup"/>
  <testcase name="Update_Account_Details" time="7.758" classname="SupportClasses.Account_Lookup"/>
  <testcase name="Update_Account_Details" time="13.577" classname="SupportClasses.Account_Lookup"/>
  <testcase name="Update_Account_Details" time="7.789" classname="SupportClasses.Account_Lookup"/>
  <testcase name="Update_Account_Details" time="9.463" classname="SupportClasses.Account_Lookup"/>
  <testcase name="Update_Account_Details" time="5.879" classname="SupportClasses.Account_Lookup"/>
  <testcase name="Update_Account_Details" time="7.573" classname="SupportClasses.Account_Lookup"/>
  <testcase name="Update_Account_Details" time="7.778" classname="SupportClasses.Account_Lookup"/>
  <testcase name="Update_Account_Details" time="8.093" classname="SupportClasses.Account_Lookup"/>
  <testcase name="Update_Account_Details" time="11.786" classname="SupportClasses.Account_Lookup"/>
  <testcase name="Update_Account_Details" time="7.464" classname="SupportClasses.Account_Lookup"/>
  <testcase name="Update_Account_Details" time="10.867" classname="SupportClasses.Account_Lookup"/>
  <testcase name="Update_Account_Details" time="7.868" classname="SupportClasses.Account_Lookup"/>
  <testcase name="Update_Account_Details" time="8.645" classname="SupportClasses.Account_Lookup"/>
  <testcase name="Update_Account_Details" time="6.518" classname="SupportClasses.Account_Lookup"/>
  <testcase name="Update_Account_Details" time="7.023" classname="SupportClasses.Account_Lookup"/>
  <testcase name="Update_Account_Details" time="7.159" classname="SupportClasses.Account_Lookup"/>
  <testcase name="Update_Account_Details" time="9.852" classname="SupportClasses.Account_Lookup"/>
  <testcase name="Update_Account_Details" time="7.411" classname="SupportClasses.Account_Lookup"/>
  <testcase name="Update_Account_Details" time="7.567" classname="SupportClasses.Account_Lookup"/>
  <testcase name="Update_Account_Details" time="7.612" classname="SupportClasses.Account_Lookup"/>
  <testcase name="Update_Account_Details" time="9.513" classname="SupportClasses.Account_Lookup"/>
  <testcase name="Update_Account_Details" time="6.756" classname="SupportClasses.Account_Lookup"/>
  <testcase name="Update_Account_Details" time="10.085" classname="SupportClasses.Account_Lookup"/>
  <testcase name="Update_Account_Details" time="7.512" classname="SupportClasses.Account_Lookup"/>
  <testcase name="Update_Account_Details" time="8.676" classname="SupportClasses.Account_Lookup"/>
  <testcase name="Update_Account_Details" time="7.582" classname="SupportClasses.Account_Lookup"/>
  <testcase name="Update_Account_Details" time="9.203" classname="SupportClasses.Account_Lookup"/>
  <testcase name="Update_Account_Details" time="10.230" classname="SupportClasses.Account_Lookup"/>
  <testcase name="Update_Account_Details" time="6.349" classname="SupportClasses.Account_Lookup"/>
  <testcase name="Update_Account_Details" time="7.943" classname="SupportClasses.Account_Lookup"/>
  <testcase name="Update_Account_Details" time="7.266" classname="SupportClasses.Account_Lookup"/>
  <testcase name="Update_Account_Details" time="7.228" classname="SupportClasses.Account_Lookup"/>
  <testcase name="Update_Account_Details" time="4.801" classname="SupportClasses.Account_Lookup"/>
  <testcase name="Update_Account_Details" time="7.397" classname="SupportClasses.Account_Lookup"/>
  <testcase name="Update_Account_Details" time="7.819" classname="SupportClasses.Account_Lookup"/>
  <testcase name="Update_Account_Details" time="15.023" classname="SupportClasses.Account_Lookup"/>
  <testcase name="Update_Account_Details" time="7.932" classname="SupportClasses.Account_Lookup"/>
  <testcase name="Update_Account_Details" time="8.529" classname="SupportClasses.Account_Lookup"/>
  <testcase name="Update_Account_Details" time="7.780" classname="SupportClasses.Account_Lookup"/>
  <testcase name="Update_Account_Details" time="7.681" classname="SupportClasses.Account_Lookup"/>
  <testcase name="Update_Account_Details" time="6.134" classname="SupportClasses.Account_Lookup"/>
  <testcase name="Update_Account_Details" time="8.289" classname="SupportClasses.Account_Lookup"/>
  <testcase name="Update_Account_Details" time="4.392" classname="SupportClasses.Account_Lookup"/>
  <testcase name="Update_Account_Details" time="6.414" classname="SupportClasses.Account_Lookup"/>
  <testcase name="Update_Account_Details" time="11.356" classname="SupportClasses.Account_Lookup"/>
  <testcase name="Update_Account_Details" time="10.187" classname="SupportClasses.Account_Lookup"/>
  <testcase name="Update_Account_Details" time="7.243" classname="SupportClasses.Account_Lookup"/>
  <testcase name="Update_Account_Details" time="7.722" classname="SupportClasses.Account_Lookup"/>
  <testcase name="Update_Account_Details" time="6.514" classname="SupportClasses.Account_Lookup"/>
  <testcase name="Update_Account_Details" time="9.098" classname="SupportClasses.Account_Lookup"/>
  <testcase name="Update_Account_Details" time="7.480" classname="SupportClasses.Account_Lookup"/>
  <testcase name="Update_Account_Details" time="7.862" classname="SupportClasses.Account_Lookup"/>
  <testcase name="Update_Account_Details" time="7.253" classname="SupportClasses.Account_Lookup"/>
  <testcase name="Update_Account_Details" time="7.213" classname="SupportClasses.Account_Lookup"/>
  <testcase name="Update_Account_Details" time="9.778" classname="SupportClasses.Account_Lookup"/>
  <testcase name="Update_Account_Details" time="14.450" classname="SupportClasses.Account_Lookup"/>
  <testcase name="Update_Account_Details" time="8.825" classname="SupportClasses.Account_Lookup"/>
  <testcase name="Update_Account_Details" time="7.666" classname="SupportClasses.Account_Lookup"/>
  <testcase name="Update_Account_Details" time="7.260" classname="SupportClasses.Account_Lookup"/>
  <testcase name="Update_Account_Details" time="7.513" classname="SupportClasses.Account_Lookup"/>
  <testcase name="Update_Account_Details" time="7.315" classname="SupportClasses.Account_Lookup"/>
  <testcase name="Update_Account_Details" time="8.314" classname="SupportClasses.Account_Lookup"/>
  <testcase name="Update_Account_Details" time="7.145" classname="SupportClasses.Account_Lookup"/>
  <testcase name="Update_Account_Details" time="7.793" classname="SupportClasses.Account_Lookup"/>
  <testcase name="Update_Account_Details" time="7.775" classname="SupportClasses.Account_Lookup"/>
  <testcase name="Update_Account_Details" time="6.905" classname="SupportClasses.Account_Lookup"/>
  <testcase name="Update_Account_Details" time="9.880" classname="SupportClasses.Account_Lookup"/>
  <testcase name="Update_Account_Details" time="7.864" classname="SupportClasses.Account_Lookup"/>
  <testcase name="Update_Account_Details" time="7.347" classname="SupportClasses.Account_Lookup"/>
  <testcase name="Update_Account_Details" time="7.622" classname="SupportClasses.Account_Lookup"/>
  <testcase name="Update_Account_Details" time="7.594" classname="SupportClasses.Account_Lookup"/>
  <testcase name="Update_Account_Details" time="7.627" classname="SupportClasses.Account_Lookup"/>
  <testcase name="Update_Account_Details" time="7.033" classname="SupportClasses.Account_Lookup"/>
  <testcase name="Update_Account_Details" time="8.346" classname="SupportClasses.Account_Lookup"/>
  <testcase name="Update_Account_Details" time="8.668" classname="SupportClasses.Account_Lookup"/>
  <testcase name="Update_Account_Details" time="9.985" classname="SupportClasses.Account_Lookup"/>
  <testcase name="Update_Account_Details" time="10.313" classname="SupportClasses.Account_Lookup"/>
  <testcase name="Update_Account_Details" time="12.481" classname="SupportClasses.Account_Lookup"/>
  <testcase name="Update_Account_Details" time="6.599" classname="SupportClasses.Account_Lookup"/>
  <testcase name="Update_Account_Details" time="5.926" classname="SupportClasses.Account_Lookup"/>
  <testcase name="Update_Account_Details" time="7.764" classname="SupportClasses.Account_Lookup"/>
  <testcase name="Update_Account_Details" time="9.676" classname="SupportClasses.Account_Lookup"/>
  <testcase name="Update_Account_Details" time="6.966" classname="SupportClasses.Account_Lookup"/>
  <testcase name="Update_Account_Details" time="7.948" classname="SupportClasses.Account_Lookup"/>
  <testcase name="Update_Account_Details" time="10.287" classname="SupportClasses.Account_Lookup"/>
  <testcase name="Update_Account_Details" time="6.460" classname="SupportClasses.Account_Lookup"/>
  <testcase name="Update_Account_Details" time="15.013" classname="SupportClasses.Account_Lookup"/>
  <testcase name="Update_Account_Details" time="10.909" classname="SupportClasses.Account_Lookup"/>
  <testcase name="Update_Account_Details" time="7.576" classname="SupportClasses.Account_Lookup"/>
  <testcase name="Update_Account_Details" time="7.264" classname="SupportClasses.Account_Lookup"/>
  <testcase name="Update_Account_Details" time="8.259" classname="SupportClasses.Account_Lookup"/>
  <testcase name="Update_Account_Details" time="6.266" classname="SupportClasses.Account_Lookup"/>
  <testcase name="Update_Account_Details" time="11.131" classname="SupportClasses.Account_Lookup"/>
  <testcase name="Update_Account_Details" time="8.445" classname="SupportClasses.Account_Lookup"/>
  <testcase name="Update_Account_Details" time="6.849" classname="SupportClasses.Account_Lookup"/>
  <testcase name="Update_Account_Details" time="5.998" classname="SupportClasses.Account_Lookup"/>
  <testcase name="Update_Account_Details" time="6.284" classname="SupportClasses.Account_Lookup"/>
  <testcase name="Update_Account_Details" time="8.209" classname="SupportClasses.Account_Lookup"/>
  <testcase name="Update_Account_Details" time="7.328" classname="SupportClasses.Account_Lookup"/>
  <testcase name="Update_Account_Details" time="7.292" classname="SupportClasses.Account_Lookup"/>
  <testcase name="Update_Account_Details" time="9.226" classname="SupportClasses.Account_Lookup"/>
  <testcase name="Update_Account_Details" time="7.800" classname="SupportClasses.Account_Lookup"/>
  <testcase name="Update_Account_Details" time="7.497" classname="SupportClasses.Account_Lookup"/>
  <testcase name="Update_Account_Details" time="7.529" classname="SupportClasses.Account_Lookup"/>
  <testcase name="Update_Account_Details" time="11.050" classname="SupportClasses.Account_Lookup"/>
  <testcase name="Update_Account_Details" time="8.090" classname="SupportClasses.Account_Lookup"/>
  <testcase name="Update_Account_Details" time="13.221" classname="SupportClasses.Account_Lookup"/>
  <testcase name="Update_Account_Details" time="4.374" classname="SupportClasses.Account_Lookup"/>
  <testcase name="Update_Account_Details" time="4.547" classname="SupportClasses.Account_Lookup"/>
  <testcase name="Update_Account_Details" time="7.849" classname="SupportClasses.Account_Lookup"/>
  <testcase name="Update_Account_Details" time="7.427" classname="SupportClasses.Account_Lookup"/>
  <testcase name="Update_Account_Details" time="9.567" classname="SupportClasses.Account_Lookup"/>
  <testcase name="Update_Account_Details" time="7.175" classname="SupportClasses.Account_Lookup"/>
  <testcase name="Update_Account_Details" time="7.491" classname="SupportClasses.Account_Lookup"/>
  <testcase name="Update_Account_Details" time="10.099" classname="SupportClasses.Account_Lookup"/>
  <testcase name="Update_Account_Details" time="7.705" classname="SupportClasses.Account_Lookup"/>
  <testcase name="Update_Account_Details" time="7.113" classname="SupportClasses.Account_Lookup"/>
  <testcase name="Update_Account_Details" time="7.745" classname="SupportClasses.Account_Lookup"/>
  <testcase name="Update_Account_Details" time="8.742" classname="SupportClasses.Account_Lookup"/>
  <testcase name="Update_Account_Details" time="8.466" classname="SupportClasses.Account_Lookup"/>
  <testcase name="Update_Account_Details" time="10.630" classname="SupportClasses.Account_Lookup"/>
  <testcase name="Update_Account_Details" time="6.873" classname="SupportClasses.Account_Lookup"/>
  <testcase name="Update_Account_Details" time="7.710" classname="SupportClasses.Account_Lookup"/>
  <testcase name="Update_Account_Details" time="6.980" classname="SupportClasses.Account_Lookup"/>
  <testcase name="Update_Account_Details" time="14.650" classname="SupportClasses.Account_Lookup"/>
  <testcase name="Update_Account_Details" time="4.233" classname="SupportClasses.Account_Lookup"/>
  <testcase name="Update_Account_Details" time="6.878" classname="SupportClasses.Account_Lookup"/>
  <testcase name="Update_Account_Details" time="11.457" classname="SupportClasses.Account_Lookup"/>
  <testcase name="Update_Account_Details" time="7.832" classname="SupportClasses.Account_Lookup"/>
  <testcase name="Update_Account_Details" time="7.560" classname="SupportClasses.Account_Lookup"/>
  <testcase name="Update_Account_Details" time="7.981" classname="SupportClasses.Account_Lookup"/>
  <testcase name="Update_Account_Details" time="7.533" classname="SupportClasses.Account_Lookup"/>
  <testcase name="Update_Account_Details" time="7.567" classname="SupportClasses.Account_Lookup"/>
  <testcase name="Update_Account_Details" time="7.535" classname="SupportClasses.Account_Lookup"/>
  <testcase name="Update_Account_Details" time="8.115" classname="SupportClasses.Account_Lookup"/>
  <testcase name="Update_Account_Details" time="7.767" classname="SupportClasses.Account_Lookup"/>
  <testcase name="Update_Account_Details" time="7.038" classname="SupportClasses.Account_Lookup"/>
  <testcase name="Update_Account_Details" time="9.885" classname="SupportClasses.Account_Lookup"/>
  <testcase name="Update_Account_Details" time="9.933" classname="SupportClasses.Account_Lookup"/>
  <testcase name="Update_Account_Details" time="10.631" classname="SupportClasses.Account_Lookup"/>
  <testcase name="Update_Account_Details" time="8.149" classname="SupportClasses.Account_Lookup"/>
  <testcase name="Update_Account_Details" time="8.478" classname="SupportClasses.Account_Lookup"/>
  <testcase name="Update_Account_Details" time="7.272" classname="SupportClasses.Account_Lookup"/>
  <testcase name="Update_Account_Details" time="5.438" classname="SupportClasses.Account_Lookup"/>
  <testcase name="Update_Account_Details" time="7.359" classname="SupportClasses.Account_Lookup"/>
  <testcase name="Update_Account_Details" time="8.546" classname="SupportClasses.Account_Lookup"/>
  <testcase name="Update_Account_Details" time="6.512" classname="SupportClasses.Account_Lookup"/>
  <testcase name="Update_Account_Details" time="4.976" classname="SupportClasses.Account_Lookup"/>
  <testcase name="Update_Account_Details" time="7.575" classname="SupportClasses.Account_Lookup"/>
  <testcase name="Update_Account_Details" time="8.837" classname="SupportClasses.Account_Lookup"/>
  <testcase name="Update_Account_Details" time="7.964" classname="SupportClasses.Account_Lookup"/>
  <testcase name="Update_Account_Details" time="6.303" classname="SupportClasses.Account_Lookup"/>
  <testcase name="Update_Account_Details" time="10.172" classname="SupportClasses.Account_Lookup"/>
  <testcase name="Update_Account_Details" time="6.312" classname="SupportClasses.Account_Lookup"/>
  <testcase name="Update_Account_Details" time="7.591" classname="SupportClasses.Account_Lookup"/>
  <testcase name="Update_Account_Details" time="7.568" classname="SupportClasses.Account_Lookup"/>
  <testcase name="Update_Account_Details" time="7.510" classname="SupportClasses.Account_Lookup"/>
  <testcase name="Update_Account_Details" time="10.667" classname="SupportClasses.Account_Lookup"/>
  <testcase name="Update_Account_Details" time="9.795" classname="SupportClasses.Account_Lookup"/>
  <testcase name="Update_Account_Details" time="6.662" classname="SupportClasses.Account_Lookup"/>
  <testcase name="Update_Account_Details" time="10.042" classname="SupportClasses.Account_Lookup"/>
  <testcase name="Update_Account_Details" time="7.891" classname="SupportClasses.Account_Lookup"/>
  <testcase name="Update_Account_Details" time="10.605" classname="SupportClasses.Account_Lookup"/>
  <testcase name="Update_Account_Details" time="7.367" classname="SupportClasses.Account_Lookup"/>
  <testcase name="Update_Account_Details" time="8.097" classname="SupportClasses.Account_Lookup"/>
  <testcase name="Update_Account_Details" time="4.153" classname="SupportClasses.Account_Lookup"/>
  <testcase name="Update_Account_Details" time="11.261" classname="SupportClasses.Account_Lookup"/>
  <testcase name="Update_Account_Details" time="4.153" classname="SupportClasses.Account_Lookup"/>
  <testcase name="Update_Account_Details" time="7.550" classname="SupportClasses.Account_Lookup"/>
  <testcase name="Update_Account_Details" time="8.654" classname="SupportClasses.Account_Lookup"/>
  <testcase name="Update_Account_Details" time="7.346" classname="SupportClasses.Account_Lookup"/>
  <testcase name="Update_Account_Details" time="10.316" classname="SupportClasses.Account_Lookup"/>
  <testcase name="Update_Account_Details" time="6.589" classname="SupportClasses.Account_Lookup"/>
  <testcase name="Update_Account_Details" time="7.088" classname="SupportClasses.Account_Lookup"/>
  <testcase name="Update_Account_Details" time="11.255" classname="SupportClasses.Account_Lookup"/>
  <testcase name="Update_Account_Details" time="5.093" classname="SupportClasses.Account_Lookup"/>
  <testcase name="Update_Account_Details" time="7.684" classname="SupportClasses.Account_Lookup"/>
  <testcase name="Update_Account_Details" time="9.963" classname="SupportClasses.Account_Lookup"/>
  <testcase name="Update_Account_Details" time="6.440" classname="SupportClasses.Account_Lookup"/>
  <testcase name="Update_Account_Details" time="6.833" classname="SupportClasses.Account_Lookup"/>
  <testcase name="Update_Account_Details" time="7.596" classname="SupportClasses.Account_Lookup"/>
  <testcase name="Update_Account_Details" time="8.122" classname="SupportClasses.Account_Lookup"/>
  <testcase name="Update_Account_Details" time="6.540" classname="SupportClasses.Account_Lookup"/>
  <testcase name="Update_Account_Details" time="7.202" classname="SupportClasses.Account_Lookup"/>
  <testcase name="Update_Account_Details" time="7.564" classname="SupportClasses.Account_Lookup"/>
  <testcase name="Update_Account_Details" time="6.603" classname="SupportClasses.Account_Lookup"/>
  <testcase name="Update_Account_Details" time="7.436" classname="SupportClasses.Account_Lookup"/>
  <testcase name="Update_Account_Details" time="5.893" classname="SupportClasses.Account_Lookup"/>
  <testcase name="Update_Account_Details" time="7.497" classname="SupportClasses.Account_Lookup"/>
  <testcase name="Update_Account_Details" time="9.482" classname="SupportClasses.Account_Lookup"/>
  <testcase name="Update_Account_Details" time="8.307" classname="SupportClasses.Account_Lookup"/>
  <testcase name="Update_Account_Details" time="8.229" classname="SupportClasses.Account_Lookup"/>
  <testcase name="Update_Account_Details" time="8.240" classname="SupportClasses.Account_Lookup"/>
  <testcase name="Update_Account_Details" time="6.409" classname="SupportClasses.Account_Lookup"/>
  <testcase name="Update_Account_Details" time="7.666" classname="SupportClasses.Account_Lookup"/>
  <testcase name="Update_Account_Details" time="8.259" classname="SupportClasses.Account_Lookup"/>
  <testcase name="Update_Account_Details" time="7.462" classname="SupportClasses.Account_Lookup"/>
  <testcase name="Update_Account_Details" time="8.066" classname="SupportClasses.Account_Lookup"/>
  <testcase name="Update_Account_Details" time="7.944" classname="SupportClasses.Account_Lookup"/>
  <testcase name="Update_Account_Details" time="6.895" classname="SupportClasses.Account_Lookup"/>
  <testcase name="Update_Account_Details" time="8.740" classname="SupportClasses.Account_Lookup"/>
  <testcase name="Update_Account_Details" time="10.752" classname="SupportClasses.Account_Lookup"/>
  <testcase name="Update_Account_Details" time="7.473" classname="SupportClasses.Account_Lookup"/>
  <testcase name="Update_Account_Details" time="7.010" classname="SupportClasses.Account_Lookup"/>
  <testcase name="Update_Account_Details" time="8.015" classname="SupportClasses.Account_Lookup"/>
  <testcase name="Update_Account_Details" time="9.546" classname="SupportClasses.Account_Lookup"/>
  <testcase name="Update_Account_Details" time="8.194" classname="SupportClasses.Account_Lookup"/>
  <testcase name="Update_Account_Details" time="11.351" classname="SupportClasses.Account_Lookup"/>
  <testcase name="Update_Account_Details" time="7.815" classname="SupportClasses.Account_Lookup"/>
  <testcase name="Update_Account_Details" time="7.529" classname="SupportClasses.Account_Lookup"/>
  <testcase name="Update_Account_Details" time="8.425" classname="SupportClasses.Account_Lookup"/>
  <testcase name="Update_Account_Details" time="4.367" classname="SupportClasses.Account_Lookup"/>
  <testcase name="Update_Account_Details" time="7.428" classname="SupportClasses.Account_Lookup"/>
  <testcase name="Update_Account_Details" time="7.229" classname="SupportClasses.Account_Lookup"/>
  <testcase name="Update_Account_Details" time="7.341" classname="SupportClasses.Account_Lookup"/>
  <testcase name="Update_Account_Details" time="14.645" classname="SupportClasses.Account_Lookup"/>
  <testcase name="Update_Account_Details" time="9.644" classname="SupportClasses.Account_Lookup"/>
  <testcase name="Update_Account_Details" time="4.950" classname="SupportClasses.Account_Lookup"/>
  <testcase name="Update_Account_Details" time="6.826" classname="SupportClasses.Account_Lookup"/>
  <testcase name="Update_Account_Details" time="6.746" classname="SupportClasses.Account_Lookup"/>
  <testcase name="Update_Account_Details" time="7.072" classname="SupportClasses.Account_Lookup"/>
  <testcase name="Update_Account_Details" time="14.088" classname="SupportClasses.Account_Lookup"/>
  <testcase name="Update_Account_Details" time="11.678" classname="SupportClasses.Account_Lookup"/>
  <testcase name="Update_Account_Details" time="10.331" classname="SupportClasses.Account_Lookup"/>
  <testcase name="Update_Account_Details" time="7.073" classname="SupportClasses.Account_Lookup"/>
  <testcase name="Update_Account_Details" time="14.335" classname="SupportClasses.Account_Lookup"/>
  <testcase name="Update_Account_Details" time="8.056" classname="SupportClasses.Account_Lookup"/>
  <testcase name="Update_Account_Details" time="7.858" classname="SupportClasses.Account_Lookup"/>
  <testcase name="Update_Account_Details" time="7.210" classname="SupportClasses.Account_Lookup"/>
  <testcase name="Update_Account_Details" time="8.508" classname="SupportClasses.Account_Lookup"/>
  <testcase name="Update_Account_Details" time="8.095" classname="SupportClasses.Account_Lookup"/>
  <testcase name="Update_Account_Details" time="7.411" classname="SupportClasses.Account_Lookup"/>
  <testcase name="Update_Account_Details" time="8.298" classname="SupportClasses.Account_Lookup"/>
  <testcase name="Update_Account_Details" time="11.948" classname="SupportClasses.Account_Lookup"/>
  <testcase name="Update_Account_Details" time="7.844" classname="SupportClasses.Account_Lookup"/>
  <testcase name="Update_Account_Details" time="6.134" classname="SupportClasses.Account_Lookup"/>
  <testcase name="Update_Account_Details" time="4.002" classname="SupportClasses.Account_Lookup"/>
  <testcase name="Update_Account_Details" time="7.894" classname="SupportClasses.Account_Lookup"/>
  <testcase name="Update_Account_Details" time="10.057" classname="SupportClasses.Account_Lookup"/>
  <testcase name="Update_Account_Details" time="8.014" classname="SupportClasses.Account_Lookup"/>
  <testcase name="Update_Account_Details" time="7.149" classname="SupportClasses.Account_Lookup"/>
  <testcase name="Update_Account_Details" time="7.451" classname="SupportClasses.Account_Lookup"/>
  <testcase name="Update_Account_Details" time="8.408" classname="SupportClasses.Account_Lookup"/>
  <testcase name="Update_Account_Details" time="10.931" classname="SupportClasses.Account_Lookup"/>
  <testcase name="Update_Account_Details" time="12.162" classname="SupportClasses.Account_Lookup"/>
  <testcase name="Update_Account_Details" time="7.790" classname="SupportClasses.Account_Lookup"/>
  <testcase name="Update_Account_Details" time="5.170" classname="SupportClasses.Account_Lookup"/>
  <testcase name="Update_Account_Details" time="10.019" classname="SupportClasses.Account_Lookup"/>
  <testcase name="Update_Account_Details" time="10.023" classname="SupportClasses.Account_Lookup"/>
  <testcase name="Update_Account_Details" time="7.843" classname="SupportClasses.Account_Lookup"/>
  <testcase name="Update_Account_Details" time="8.737" classname="SupportClasses.Account_Lookup"/>
  <testcase name="Update_Account_Details" time="8.626" classname="SupportClasses.Account_Lookup"/>
  <testcase name="Update_Account_Details" time="9.673" classname="SupportClasses.Account_Lookup"/>
  <testcase name="Update_Account_Details" time="7.277" classname="SupportClasses.Account_Lookup"/>
  <testcase name="Update_Account_Details" time="7.556" classname="SupportClasses.Account_Lookup"/>
  <testcase name="Update_Account_Details" time="6.980" classname="SupportClasses.Account_Lookup"/>
  <testcase name="Update_Account_Details" time="10.928" classname="SupportClasses.Account_Lookup"/>
  <testcase name="Update_Account_Details" time="8.525" classname="SupportClasses.Account_Lookup"/>
  <testcase name="Update_Account_Details" time="3.906" classname="SupportClasses.Account_Lookup"/>
  <testcase name="Update_Account_Details" time="8.515" classname="SupportClasses.Account_Lookup"/>
  <testcase name="Update_Account_Details" time="11.927" classname="SupportClasses.Account_Lookup"/>
  <testcase name="Update_Account_Details" time="8.749" classname="SupportClasses.Account_Lookup"/>
  <testcase name="Update_Account_Details" time="7.107" classname="SupportClasses.Account_Lookup"/>
  <testcase name="Update_Account_Details" time="7.177" classname="SupportClasses.Account_Lookup"/>
  <testcase name="Update_Account_Details" time="7.623" classname="SupportClasses.Account_Lookup"/>
  <testcase name="Update_Account_Details" time="7.799" classname="SupportClasses.Account_Lookup"/>
  <testcase name="Update_Account_Details" time="8.354" classname="SupportClasses.Account_Lookup"/>
  <testcase name="Update_Account_Details" time="9.864" classname="SupportClasses.Account_Lookup"/>
  <testcase name="Update_Account_Details" time="7.058" classname="SupportClasses.Account_Lookup"/>
  <testcase name="Update_Account_Details" time="8.269" classname="SupportClasses.Account_Lookup"/>
  <testcase name="Update_Account_Details" time="8.400" classname="SupportClasses.Account_Lookup"/>
  <testcase name="Update_Account_Details" time="9.236" classname="SupportClasses.Account_Lookup"/>
  <testcase name="Update_Account_Details" time="8.159" classname="SupportClasses.Account_Lookup"/>
  <testcase name="Update_Account_Details" time="7.017" classname="SupportClasses.Account_Lookup"/>
  <testcase name="Update_Account_Details" time="10.472" classname="SupportClasses.Account_Lookup"/>
  <testcase name="Update_Account_Details" time="8.477" classname="SupportClasses.Account_Lookup"/>
  <testcase name="Update_Account_Details" time="7.784" classname="SupportClasses.Account_Lookup"/>
  <testcase name="Update_Account_Details" time="9.309" classname="SupportClasses.Account_Lookup"/>
  <testcase name="Update_Account_Details" time="7.642" classname="SupportClasses.Account_Lookup"/>
  <testcase name="Update_Account_Details" time="7.173" classname="SupportClasses.Account_Lookup"/>
  <testcase name="Update_Account_Details" time="7.622" classname="SupportClasses.Account_Lookup"/>
  <testcase name="Update_Account_Details" time="7.434" classname="SupportClasses.Account_Lookup"/>
  <testcase name="Update_Account_Details" time="4.339" classname="SupportClasses.Account_Lookup"/>
  <testcase name="Update_Account_Details" time="10.899" classname="SupportClasses.Account_Lookup"/>
  <testcase name="Update_Account_Details" time="7.804" classname="SupportClasses.Account_Lookup"/>
  <testcase name="Update_Account_Details" time="10.877" classname="SupportClasses.Account_Lookup"/>
  <testcase name="Update_Account_Details" time="11.418" classname="SupportClasses.Account_Lookup"/>
  <testcase name="Update_Account_Details" time="7.016" classname="SupportClasses.Account_Lookup"/>
  <testcase name="Update_Account_Details" time="8.032" classname="SupportClasses.Account_Lookup"/>
  <testcase name="Update_Account_Details" time="3.397" classname="SupportClasses.Account_Lookup"/>
  <testcase name="Update_Account_Details" time="7.576" classname="SupportClasses.Account_Lookup"/>
  <testcase name="Update_Account_Details" time="6.900" classname="SupportClasses.Account_Lookup"/>
  <testcase name="Update_Account_Details" time="11.937" classname="SupportClasses.Account_Lookup"/>
  <testcase name="Update_Account_Details" time="6.825" classname="SupportClasses.Account_Lookup"/>
  <testcase name="Update_Account_Details" time="7.321" classname="SupportClasses.Account_Lookup"/>
  <testcase name="Update_Account_Details" time="11.554" classname="SupportClasses.Account_Lookup"/>
  <testcase name="Update_Account_Details" time="11.109" classname="SupportClasses.Account_Lookup"/>
  <testcase name="Update_Account_Details" time="10.359" classname="SupportClasses.Account_Lookup"/>
  <testcase name="Update_Account_Details" time="10.223" classname="SupportClasses.Account_Lookup"/>
  <testcase name="Update_Account_Details" time="7.070" classname="SupportClasses.Account_Lookup"/>
  <testcase name="Update_Account_Details" time="10.866" classname="SupportClasses.Account_Lookup"/>
  <testcase name="Update_Account_Details" time="11.786" classname="SupportClasses.Account_Lookup"/>
  <testcase name="Update_Account_Details" time="7.312" classname="SupportClasses.Account_Lookup"/>
  <testcase name="Update_Account_Details" time="7.397" classname="SupportClasses.Account_Lookup"/>
  <testcase name="Update_Account_Details" time="8.005" classname="SupportClasses.Account_Lookup"/>
  <testcase name="Update_Account_Details" time="7.657" classname="SupportClasses.Account_Lookup"/>
  <testcase name="Update_Account_Details" time="8.057" classname="SupportClasses.Account_Lookup"/>
  <testcase name="Update_Account_Details" time="7.845" classname="SupportClasses.Account_Lookup"/>
  <testcase name="Update_Account_Details" time="8.148" classname="SupportClasses.Account_Lookup"/>
  <testcase name="Update_Account_Details" time="7.649" classname="SupportClasses.Account_Lookup"/>
  <testcase name="Update_Account_Details" time="7.092" classname="SupportClasses.Account_Lookup"/>
  <testcase name="Update_Account_Details" time="9.022" classname="SupportClasses.Account_Lookup"/>
  <testcase name="Update_Account_Details" time="4.777" classname="SupportClasses.Account_Lookup"/>
  <testcase name="Update_Account_Details" time="7.293" classname="SupportClasses.Account_Lookup"/>
  <testcase name="Update_Account_Details" time="8.476" classname="SupportClasses.Account_Lookup"/>
  <testcase name="Update_Account_Details" time="6.264" classname="SupportClasses.Account_Lookup"/>
  <testcase name="Update_Account_Details" time="10.346" classname="SupportClasses.Account_Lookup"/>
  <testcase name="Update_Account_Details" time="7.362" classname="SupportClasses.Account_Lookup"/>
  <testcase name="Update_Account_Details" time="7.891" classname="SupportClasses.Account_Lookup"/>
  <testcase name="Update_Account_Details" time="10.254" classname="SupportClasses.Account_Lookup"/>
  <testcase name="Update_Account_Details" time="4.499" classname="SupportClasses.Account_Lookup"/>
  <testcase name="Update_Account_Details" time="8.522" classname="SupportClasses.Account_Lookup"/>
  <testcase name="Update_Account_Details" time="7.747" classname="SupportClasses.Account_Lookup"/>
  <testcase name="Update_Account_Details" time="6.447" classname="SupportClasses.Account_Lookup"/>
  <testcase name="Update_Account_Details" time="12.993" classname="SupportClasses.Account_Lookup"/>
  <testcase name="Update_Account_Details" time="12.946" classname="SupportClasses.Account_Lookup"/>
  <testcase name="Update_Account_Details" time="7.194" classname="SupportClasses.Account_Lookup"/>
  <testcase name="Update_Account_Details" time="8.325" classname="SupportClasses.Account_Lookup"/>
  <testcase name="Update_Account_Details" time="8.310" classname="SupportClasses.Account_Lookup"/>
  <testcase name="Update_Account_Details" time="8.184" classname="SupportClasses.Account_Lookup"/>
  <testcase name="Update_Account_Details" time="14.208" classname="SupportClasses.Account_Lookup"/>
  <testcase name="Update_Account_Details" time="12.161" classname="SupportClasses.Account_Lookup"/>
  <testcase name="Update_Account_Details" time="7.110" classname="SupportClasses.Account_Lookup"/>
  <testcase name="Update_Account_Details" time="8.068" classname="SupportClasses.Account_Lookup"/>
  <testcase name="Update_Account_Details" time="7.181" classname="SupportClasses.Account_Lookup"/>
  <testcase name="Update_Account_Details" time="7.939" classname="SupportClasses.Account_Lookup"/>
  <testcase name="Update_Account_Details" time="7.556" classname="SupportClasses.Account_Lookup"/>
  <testcase name="Update_Account_Details" time="6.941" classname="SupportClasses.Account_Lookup"/>
  <testcase name="Update_Account_Details" time="7.514" classname="SupportClasses.Account_Lookup"/>
  <testcase name="Update_Account_Details" time="8.116" classname="SupportClasses.Account_Lookup"/>
  <testcase name="Update_Account_Details" time="7.943" classname="SupportClasses.Account_Lookup"/>
  <testcase name="Update_Account_Details" time="7.913" classname="SupportClasses.Account_Lookup"/>
  <testcase name="Update_Account_Details" time="7.791" classname="SupportClasses.Account_Lookup"/>
  <testcase name="Update_Account_Details" time="8.849" classname="SupportClasses.Account_Lookup"/>
  <testcase name="Update_Account_Details" time="7.229" classname="SupportClasses.Account_Lookup"/>
  <testcase name="Update_Account_Details" time="8.382" classname="SupportClasses.Account_Lookup"/>
  <testcase name="Update_Account_Details" time="10.396" classname="SupportClasses.Account_Lookup"/>
  <testcase name="Update_Account_Details" time="8.780" classname="SupportClasses.Account_Lookup"/>
  <testcase name="Update_Account_Details" time="7.971" classname="SupportClasses.Account_Lookup"/>
  <testcase name="Update_Account_Details" time="6.518" classname="SupportClasses.Account_Lookup"/>
  <testcase name="Update_Account_Details" time="6.611" classname="SupportClasses.Account_Lookup"/>
  <testcase name="Update_Account_Details" time="7.763" classname="SupportClasses.Account_Lookup"/>
  <testcase name="Update_Account_Details" time="6.971" classname="SupportClasses.Account_Lookup"/>
  <testcase name="Update_Account_Details" time="7.264" classname="SupportClasses.Account_Lookup"/>
  <testcase name="Update_Account_Details" time="8.186" classname="SupportClasses.Account_Lookup"/>
  <testcase name="Update_Account_Details" time="6.453" classname="SupportClasses.Account_Lookup"/>
  <testcase name="Update_Account_Details" time="8.126" classname="SupportClasses.Account_Lookup"/>
  <testcase name="Update_Account_Details" time="7.923" classname="SupportClasses.Account_Lookup"/>
  <testcase name="Update_Account_Details" time="6.281" classname="SupportClasses.Account_Lookup"/>
  <testcase name="Update_Account_Details" time="7.428" classname="SupportClasses.Account_Lookup"/>
  <testcase name="Update_Account_Details" time="6.570" classname="SupportClasses.Account_Lookup"/>
  <testcase name="Update_Account_Details" time="9.846" classname="SupportClasses.Account_Lookup"/>
  <testcase name="Update_Account_Details" time="10.095" classname="SupportClasses.Account_Lookup"/>
  <testcase name="Update_Account_Details" time="10.899" classname="SupportClasses.Account_Lookup"/>
  <testcase name="Update_Account_Details" time="7.384" classname="SupportClasses.Account_Lookup"/>
  <testcase name="Update_Account_Details" time="6.911" classname="SupportClasses.Account_Lookup"/>
  <testcase name="Update_Account_Details" time="8.255" classname="SupportClasses.Account_Lookup"/>
  <testcase name="Update_Account_Details" time="8.982" classname="SupportClasses.Account_Lookup"/>
  <testcase name="Update_Account_Details" time="7.831" classname="SupportClasses.Account_Lookup"/>
  <testcase name="Update_Account_Details" time="8.038" classname="SupportClasses.Account_Lookup"/>
  <testcase name="Update_Account_Details" time="8.399" classname="SupportClasses.Account_Lookup"/>
  <testcase name="Update_Account_Details" time="4.830" classname="SupportClasses.Account_Lookup"/>
  <testcase name="Update_Account_Details" time="6.890" classname="SupportClasses.Account_Lookup"/>
  <testcase name="Update_Account_Details" time="7.278" classname="SupportClasses.Account_Lookup"/>
  <testcase name="Update_Account_Details" time="14.603" classname="SupportClasses.Account_Lookup"/>
  <testcase name="Update_Account_Details" time="14.116" classname="SupportClasses.Account_Lookup"/>
  <testcase name="Update_Account_Details" time="8.166" classname="SupportClasses.Account_Lookup"/>
  <testcase name="Update_Account_Details" time="9.368" classname="SupportClasses.Account_Lookup"/>
  <testcase name="Update_Account_Details" time="6.874" classname="SupportClasses.Account_Lookup"/>
  <testcase name="Update_Account_Details" time="4.459" classname="SupportClasses.Account_Lookup"/>
  <testcase name="Update_Account_Details" time="12.969" classname="SupportClasses.Account_Lookup"/>
  <testcase name="Update_Account_Details" time="7.287" classname="SupportClasses.Account_Lookup"/>
  <testcase name="Update_Account_Details" time="7.673" classname="SupportClasses.Account_Lookup"/>
  <testcase name="Update_Account_Details" time="10.946" classname="SupportClasses.Account_Lookup"/>
  <testcase name="Update_Account_Details" time="7.225" classname="SupportClasses.Account_Lookup"/>
  <testcase name="Update_Account_Details" time="7.943" classname="SupportClasses.Account_Lookup"/>
  <testcase name="Update_Account_Details" time="6.271" classname="SupportClasses.Account_Lookup"/>
  <testcase name="Update_Account_Details" time="7.509" classname="SupportClasses.Account_Lookup"/>
  <testcase name="Update_Account_Details" time="8.543" classname="SupportClasses.Account_Lookup"/>
  <testcase name="Update_Account_Details" time="8.903" classname="SupportClasses.Account_Lookup"/>
  <testcase name="Update_Account_Details" time="6.913" classname="SupportClasses.Account_Lookup"/>
  <testcase name="Update_Account_Details" time="10.648" classname="SupportClasses.Account_Lookup"/>
  <testcase name="Update_Account_Details" time="8.956" classname="SupportClasses.Account_Lookup"/>
  <testcase name="Update_Account_Details" time="10.074" classname="SupportClasses.Account_Lookup"/>
  <testcase name="Update_Account_Details" time="8.351" classname="SupportClasses.Account_Lookup"/>
  <testcase name="Update_Account_Details" time="8.386" classname="SupportClasses.Account_Lookup"/>
  <testcase name="Update_Account_Details" time="8.135" classname="SupportClasses.Account_Lookup"/>
  <testcase name="Update_Account_Details" time="7.198" classname="SupportClasses.Account_Lookup"/>
  <testcase name="Update_Account_Details" time="6.478" classname="SupportClasses.Account_Lookup"/>
  <testcase name="Update_Account_Details" time="10.271" classname="SupportClasses.Account_Lookup"/>
  <testcase name="Update_Account_Details" time="7.056" classname="SupportClasses.Account_Lookup"/>
  <testcase name="Update_Account_Details" time="6.895" classname="SupportClasses.Account_Lookup"/>
  <testcase name="Update_Account_Details" time="7.893" classname="SupportClasses.Account_Lookup"/>
  <testcase name="Update_Account_Details" time="6.209" classname="SupportClasses.Account_Lookup"/>
  <testcase name="Update_Account_Details" time="8.318" classname="SupportClasses.Account_Lookup"/>
  <testcase name="Update_Account_Details" time="11.101" classname="SupportClasses.Account_Lookup"/>
  <testcase name="Update_Account_Details" time="8.430" classname="SupportClasses.Account_Lookup"/>
  <testcase name="Update_Account_Details" time="8.453" classname="SupportClasses.Account_Lookup"/>
  <testcase name="Update_Account_Details" time="6.726" classname="SupportClasses.Account_Lookup"/>
  <testcase name="Update_Account_Details" time="7.682" classname="SupportClasses.Account_Lookup"/>
  <testcase name="Update_Account_Details" time="6.358" classname="SupportClasses.Account_Lookup"/>
  <testcase name="Update_Account_Details" time="8.530" classname="SupportClasses.Account_Lookup"/>
  <testcase name="Update_Account_Details" time="13.645" classname="SupportClasses.Account_Lookup"/>
  <testcase name="Update_Account_Details" time="10.195" classname="SupportClasses.Account_Lookup"/>
  <testcase name="Update_Account_Details" time="5.991" classname="SupportClasses.Account_Lookup"/>
  <testcase name="Update_Account_Details" time="5.654" classname="SupportClasses.Account_Lookup"/>
  <testcase name="Update_Account_Details" time="7.915" classname="SupportClasses.Account_Lookup"/>
  <testcase name="Update_Account_Details" time="11.888" classname="SupportClasses.Account_Lookup"/>
  <testcase name="Update_Account_Details" time="7.465" classname="SupportClasses.Account_Lookup"/>
  <testcase name="Update_Account_Details" time="11.150" classname="SupportClasses.Account_Lookup"/>
  <testcase name="Update_Account_Details" time="7.625" classname="SupportClasses.Account_Lookup"/>
  <testcase name="Update_Account_Details" time="8.408" classname="SupportClasses.Account_Lookup"/>
  <testcase name="Update_Account_Details" time="7.991" classname="SupportClasses.Account_Lookup"/>
  <testcase name="Update_Account_Details" time="11.324" classname="SupportClasses.Account_Lookup"/>
  <testcase name="Update_Account_Details" time="10.128" classname="SupportClasses.Account_Lookup"/>
  <testcase name="Update_Account_Details" time="7.895" classname="SupportClasses.Account_Lookup"/>
  <testcase name="Update_Account_Details" time="6.166" classname="SupportClasses.Account_Lookup"/>
  <testcase name="Update_Account_Details" time="6.607" classname="SupportClasses.Account_Lookup"/>
  <testcase name="Update_Account_Details" time="7.943" classname="SupportClasses.Account_Lookup"/>
  <testcase name="Update_Account_Details" time="7.348" classname="SupportClasses.Account_Lookup"/>
  <testcase name="Update_Account_Details" time="8.316" classname="SupportClasses.Account_Lookup"/>
  <testcase name="Update_Account_Details" time="8.713" classname="SupportClasses.Account_Lookup"/>
  <testcase name="Update_Account_Details" time="8.150" classname="SupportClasses.Account_Lookup"/>
  <testcase name="Update_Account_Details" time="6.532" classname="SupportClasses.Account_Lookup"/>
  <testcase name="Update_Account_Details" time="8.762" classname="SupportClasses.Account_Lookup"/>
  <testcase name="Update_Account_Details" time="15.302" classname="SupportClasses.Account_Lookup"/>
  <testcase name="Update_Account_Details" time="7.476" classname="SupportClasses.Account_Lookup"/>
  <testcase name="Update_Account_Details" time="6.980" classname="SupportClasses.Account_Lookup"/>
  <testcase name="Update_Account_Details" time="4.808" classname="SupportClasses.Account_Lookup"/>
  <testcase name="Update_Account_Details" time="6.913" classname="SupportClasses.Account_Lookup"/>
  <testcase name="Update_Account_Details" time="6.493" classname="SupportClasses.Account_Lookup"/>
  <testcase name="Update_Account_Details" time="10.075" classname="SupportClasses.Account_Lookup"/>
  <testcase name="Update_Account_Details" time="7.396" classname="SupportClasses.Account_Lookup"/>
  <testcase name="Update_Account_Details" time="10.547" classname="SupportClasses.Account_Lookup"/>
  <testcase name="Update_Account_Details" time="7.821" classname="SupportClasses.Account_Lookup"/>
  <testcase name="Update_Account_Details" time="9.000" classname="SupportClasses.Account_Lookup"/>
  <testcase name="Update_Account_Details" time="8.032" classname="SupportClasses.Account_Lookup"/>
  <testcase name="Update_Account_Details" time="6.692" classname="SupportClasses.Account_Lookup"/>
  <testcase name="Update_Account_Details" time="7.026" classname="SupportClasses.Account_Lookup"/>
  <testcase name="Update_Account_Details" time="5.707" classname="SupportClasses.Account_Lookup"/>
  <testcase name="Update_Account_Details" time="8.043" classname="SupportClasses.Account_Lookup"/>
  <testcase name="Update_Account_Details" time="8.462" classname="SupportClasses.Account_Lookup"/>
  <testcase name="Update_Account_Details" time="7.453" classname="SupportClasses.Account_Lookup"/>
  <testcase name="Update_Account_Details" time="10.221" classname="SupportClasses.Account_Lookup"/>
  <testcase name="Update_Account_Details" time="8.880" classname="SupportClasses.Account_Lookup"/>
  <testcase name="Update_Account_Details" time="7.113" classname="SupportClasses.Account_Lookup"/>
  <testcase name="Update_Account_Details" time="8.583" classname="SupportClasses.Account_Lookup"/>
  <testcase name="Update_Account_Details" time="9.746" classname="SupportClasses.Account_Lookup"/>
  <testcase name="Update_Account_Details" time="7.005" classname="SupportClasses.Account_Lookup"/>
  <testcase name="Update_Account_Details" time="10.362" classname="SupportClasses.Account_Lookup"/>
  <testcase name="Update_Account_Details" time="6.997" classname="SupportClasses.Account_Lookup"/>
  <testcase name="Update_Account_Details" time="7.554" classname="SupportClasses.Account_Lookup"/>
  <testcase name="Update_Account_Details" time="6.967" classname="SupportClasses.Account_Lookup"/>
  <testcase name="Update_Account_Details" time="7.181" classname="SupportClasses.Account_Lookup"/>
  <testcase name="Update_Account_Details" time="8.654" classname="SupportClasses.Account_Lookup"/>
  <testcase name="Update_Account_Details" time="8.220" classname="SupportClasses.Account_Lookup"/>
  <testcase name="Update_Account_Details" time="10.770" classname="SupportClasses.Account_Lookup"/>
  <testcase name="Update_Account_Details" time="7.388" classname="SupportClasses.Account_Lookup"/>
  <testcase name="Update_Account_Details" time="7.008" classname="SupportClasses.Account_Lookup"/>
  <testcase name="Update_Account_Details" time="9.929" classname="SupportClasses.Account_Lookup"/>
  <testcase name="Update_Account_Details" time="7.411" classname="SupportClasses.Account_Lookup"/>
  <testcase name="Update_Account_Details" time="7.446" classname="SupportClasses.Account_Lookup"/>
  <testcase name="Update_Account_Details" time="10.130" classname="SupportClasses.Account_Lookup"/>
  <testcase name="Update_Account_Details" time="8.327" classname="SupportClasses.Account_Lookup"/>
  <testcase name="Update_Account_Details" time="8.264" classname="SupportClasses.Account_Lookup"/>
  <testcase name="Update_Account_Details" time="8.381" classname="SupportClasses.Account_Lookup"/>
  <testcase name="Update_Account_Details" time="6.264" classname="SupportClasses.Account_Lookup"/>
  <testcase name="Update_Account_Details" time="14.395" classname="SupportClasses.Account_Lookup"/>
  <testcase name="Update_Account_Details" time="7.979" classname="SupportClasses.Account_Lookup"/>
  <testcase name="Update_Account_Details" time="6.825" classname="SupportClasses.Account_Lookup"/>
  <testcase name="Update_Account_Details" time="6.661" classname="SupportClasses.Account_Lookup"/>
  <testcase name="Update_Account_Details" time="7.815" classname="SupportClasses.Account_Lookup"/>
  <testcase name="Update_Account_Details" time="7.229" classname="SupportClasses.Account_Lookup"/>
  <testcase name="Update_Account_Details" time="7.413" classname="SupportClasses.Account_Lookup"/>
  <testcase name="Update_Account_Details" time="8.317" classname="SupportClasses.Account_Lookup"/>
  <testcase name="Update_Account_Details" time="6.579" classname="SupportClasses.Account_Lookup"/>
  <testcase name="Update_Account_Details" time="6.833" classname="SupportClasses.Account_Lookup"/>
  <testcase name="Update_Account_Details" time="7.837" classname="SupportClasses.Account_Lookup"/>
  <testcase name="Update_Account_Details" time="7.864" classname="SupportClasses.Account_Lookup"/>
  <testcase name="Update_Account_Details" time="14.181" classname="SupportClasses.Account_Lookup"/>
  <testcase name="Update_Account_Details" time="7.299" classname="SupportClasses.Account_Lookup"/>
  <testcase name="Update_Account_Details" time="8.105" classname="SupportClasses.Account_Lookup"/>
  <testcase name="Update_Account_Details" time="5.991" classname="SupportClasses.Account_Lookup"/>
  <testcase name="Update_Account_Details" time="6.894" classname="SupportClasses.Account_Lookup"/>
  <testcase name="Update_Account_Details" time="7.937" classname="SupportClasses.Account_Lookup"/>
  <testcase name="Update_Account_Details" time="7.032" classname="SupportClasses.Account_Lookup"/>
  <testcase name="Update_Account_Details" time="7.776" classname="SupportClasses.Account_Lookup"/>
  <testcase name="Update_Account_Details" time="7.406" classname="SupportClasses.Account_Lookup"/>
  <testcase name="Update_Account_Details" time="5.209" classname="SupportClasses.Account_Lookup"/>
  <testcase name="Update_Account_Details" time="11.046" classname="SupportClasses.Account_Lookup"/>
  <testcase name="Update_Account_Details" time="9.181" classname="SupportClasses.Account_Lookup"/>
  <testcase name="Update_Account_Details" time="6.684" classname="SupportClasses.Account_Lookup"/>
  <testcase name="Update_Account_Details" time="10.323" classname="SupportClasses.Account_Lookup"/>
  <testcase name="Update_Account_Details" time="7.449" classname="SupportClasses.Account_Lookup"/>
  <testcase name="Update_Account_Details" time="6.743" classname="SupportClasses.Account_Lookup"/>
  <testcase name="Update_Account_Details" time="7.494" classname="SupportClasses.Account_Lookup"/>
  <testcase name="Update_Account_Details" time="13.163" classname="SupportClasses.Account_Lookup"/>
  <testcase name="Update_Account_Details" time="4.944" classname="SupportClasses.Account_Lookup"/>
  <testcase name="Update_Account_Details" time="7.598" classname="SupportClasses.Account_Lookup"/>
  <testcase name="Update_Account_Details" time="14.289" classname="SupportClasses.Account_Lookup"/>
  <testcase name="Update_Account_Details" time="11.338" classname="SupportClasses.Account_Lookup"/>
  <testcase name="Update_Account_Details" time="6.910" classname="SupportClasses.Account_Lookup"/>
  <testcase name="Update_Account_Details" time="7.669" classname="SupportClasses.Account_Lookup"/>
  <testcase name="Update_Account_Details" time="9.986" classname="SupportClasses.Account_Lookup"/>
  <testcase name="Update_Account_Details" time="8.481" classname="SupportClasses.Account_Lookup"/>
  <testcase name="Update_Account_Details" time="6.780" classname="SupportClasses.Account_Lookup"/>
  <testcase name="Update_Account_Details" time="7.243" classname="SupportClasses.Account_Lookup"/>
  <testcase name="Update_Account_Details" time="7.977" classname="SupportClasses.Account_Lookup"/>
  <testcase name="Update_Account_Details" time="5.736" classname="SupportClasses.Account_Lookup"/>
  <testcase name="Update_Account_Details" time="7.330" classname="SupportClasses.Account_Lookup"/>
  <testcase name="Update_Account_Details" time="6.577" classname="SupportClasses.Account_Lookup"/>
  <testcase name="Update_Account_Details" time="8.020" classname="SupportClasses.Account_Lookup"/>
  <testcase name="Update_Account_Details" time="7.122" classname="SupportClasses.Account_Lookup"/>
  <testcase name="Update_Account_Details" time="6.506" classname="SupportClasses.Account_Lookup"/>
  <testcase name="Update_Account_Details" time="6.836" classname="SupportClasses.Account_Lookup"/>
  <testcase name="Update_Account_Details" time="7.006" classname="SupportClasses.Account_Lookup"/>
  <testcase name="Update_Account_Details" time="7.836" classname="SupportClasses.Account_Lookup"/>
  <testcase name="Update_Account_Details" time="10.299" classname="SupportClasses.Account_Lookup"/>
  <testcase name="Update_Account_Details" time="9.705" classname="SupportClasses.Account_Lookup"/>
  <testcase name="Update_Account_Details" time="7.859" classname="SupportClasses.Account_Lookup"/>
  <testcase name="Update_Account_Details" time="7.903" classname="SupportClasses.Account_Lookup"/>
  <testcase name="Update_Account_Details" time="7.805" classname="SupportClasses.Account_Lookup"/>
  <testcase name="Update_Account_Details" time="8.695" classname="SupportClasses.Account_Lookup"/>
  <testcase name="Update_Account_Details" time="11.707" classname="SupportClasses.Account_Lookup"/>
  <testcase name="Update_Account_Details" time="7.734" classname="SupportClasses.Account_Lookup"/>
  <testcase name="Update_Account_Details" time="11.853" classname="SupportClasses.Account_Lookup"/>
  <testcase name="Update_Account_Details" time="7.864" classname="SupportClasses.Account_Lookup"/>
  <testcase name="Update_Account_Details" time="12.918" classname="SupportClasses.Account_Lookup"/>
  <testcase name="Update_Account_Details" time="6.484" classname="SupportClasses.Account_Lookup"/>
  <testcase name="Update_Account_Details" time="7.769" classname="SupportClasses.Account_Lookup"/>
  <testcase name="Update_Account_Details" time="7.514" classname="SupportClasses.Account_Lookup"/>
  <testcase name="Update_Account_Details" time="6.644" classname="SupportClasses.Account_Lookup"/>
  <testcase name="Update_Account_Details" time="11.656" classname="SupportClasses.Account_Lookup"/>
  <testcase name="Update_Account_Details" time="7.118" classname="SupportClasses.Account_Lookup"/>
  <testcase name="Update_Account_Details" time="7.928" classname="SupportClasses.Account_Lookup"/>
  <testcase name="Update_Account_Details" time="7.040" classname="SupportClasses.Account_Lookup"/>
  <testcase name="Update_Account_Details" time="4.940" classname="SupportClasses.Account_Lookup"/>
  <testcase name="Update_Account_Details" time="6.986" classname="SupportClasses.Account_Lookup"/>
  <testcase name="Update_Account_Details" time="8.247" classname="SupportClasses.Account_Lookup"/>
  <testcase name="Update_Account_Details" time="6.829" classname="SupportClasses.Account_Lookup"/>
  <testcase name="Update_Account_Details" time="7.270" classname="SupportClasses.Account_Lookup"/>
  <testcase name="Update_Account_Details" time="14.431" classname="SupportClasses.Account_Lookup"/>
  <testcase name="Update_Account_Details" time="4.756" classname="SupportClasses.Account_Lookup"/>
  <testcase name="Update_Account_Details" time="7.429" classname="SupportClasses.Account_Lookup"/>
  <testcase name="Update_Account_Details" time="12.200" classname="SupportClasses.Account_Lookup"/>
  <testcase name="Update_Account_Details" time="7.166" classname="SupportClasses.Account_Lookup"/>
  <testcase name="Update_Account_Details" time="6.353" classname="SupportClasses.Account_Lookup"/>
  <testcase name="Update_Account_Details" time="12.076" classname="SupportClasses.Account_Lookup"/>
  <testcase name="Update_Account_Details" time="8.346" classname="SupportClasses.Account_Lookup"/>
  <testcase name="Update_Account_Details" time="10.730" classname="SupportClasses.Account_Lookup"/>
  <testcase name="Update_Account_Details" time="6.978" classname="SupportClasses.Account_Lookup"/>
  <testcase name="Update_Account_Details" time="8.336" classname="SupportClasses.Account_Lookup"/>
  <testcase name="Update_Account_Details" time="8.322" classname="SupportClasses.Account_Lookup"/>
  <testcase name="Update_Account_Details" time="4.422" classname="SupportClasses.Account_Lookup"/>
  <testcase name="Update_Account_Details" time="6.728" classname="SupportClasses.Account_Lookup"/>
  <testcase name="Update_Account_Details" time="7.376" classname="SupportClasses.Account_Lookup"/>
  <testcase name="Update_Account_Details" time="8.200" classname="SupportClasses.Account_Lookup"/>
  <testcase name="Update_Account_Details" time="5.334" classname="SupportClasses.Account_Lookup"/>
  <testcase name="Update_Account_Details" time="6.961" classname="SupportClasses.Account_Lookup"/>
  <testcase name="Update_Account_Details" time="11.642" classname="SupportClasses.Account_Lookup"/>
  <testcase name="Update_Account_Details" time="7.218" classname="SupportClasses.Account_Lookup"/>
  <testcase name="Update_Account_Details" time="8.599" classname="SupportClasses.Account_Lookup"/>
  <testcase name="Update_Account_Details" time="12.543" classname="SupportClasses.Account_Lookup"/>
  <testcase name="Update_Account_Details" time="8.375" classname="SupportClasses.Account_Lookup"/>
  <testcase name="Update_Account_Details" time="10.096" classname="SupportClasses.Account_Lookup"/>
  <testcase name="Update_Account_Details" time="7.472" classname="SupportClasses.Account_Lookup"/>
  <testcase name="Update_Account_Details" time="7.520" classname="SupportClasses.Account_Lookup"/>
  <testcase name="Update_Account_Details" time="7.420" classname="SupportClasses.Account_Lookup"/>
  <testcase name="Update_Account_Details" time="10.543" classname="SupportClasses.Account_Lookup"/>
  <testcase name="Update_Account_Details" time="9.440" classname="SupportClasses.Account_Lookup"/>
  <testcase name="Update_Account_Details" time="4.754" classname="SupportClasses.Account_Lookup"/>
  <testcase name="Update_Account_Details" time="7.680" classname="SupportClasses.Account_Lookup"/>
  <testcase name="Update_Account_Details" time="6.177" classname="SupportClasses.Account_Lookup"/>
  <testcase name="Update_Account_Details" time="14.708" classname="SupportClasses.Account_Lookup"/>
  <testcase name="Update_Account_Details" time="11.495" classname="SupportClasses.Account_Lookup"/>
  <testcase name="Update_Account_Details" time="11.149" classname="SupportClasses.Account_Lookup"/>
  <testcase name="Update_Account_Details" time="8.029" classname="SupportClasses.Account_Lookup"/>
  <testcase name="Update_Account_Details" time="6.831" classname="SupportClasses.Account_Lookup"/>
  <testcase name="Update_Account_Details" time="9.100" classname="SupportClasses.Account_Lookup"/>
  <testcase name="Update_Account_Details" time="8.929" classname="SupportClasses.Account_Lookup"/>
  <testcase name="Update_Account_Details" time="8.092" classname="SupportClasses.Account_Lookup"/>
  <testcase name="Update_Account_Details" time="9.645" classname="SupportClasses.Account_Lookup"/>
  <testcase name="Update_Account_Details" time="6.626" classname="SupportClasses.Account_Lookup"/>
  <testcase name="Update_Account_Details" time="10.152" classname="SupportClasses.Account_Lookup"/>
  <testcase name="Update_Account_Details" time="9.948" classname="SupportClasses.Account_Lookup"/>
  <testcase name="Update_Account_Details" time="9.973" classname="SupportClasses.Account_Lookup"/>
  <testcase name="Update_Account_Details" time="12.788" classname="SupportClasses.Account_Lookup"/>
  <testcase name="Update_Account_Details" time="9.864" classname="SupportClasses.Account_Lookup"/>
  <testcase name="Update_Account_Details" time="3.960" classname="SupportClasses.Account_Lookup"/>
  <testcase name="Update_Account_Details" time="7.692" classname="SupportClasses.Account_Lookup"/>
  <testcase name="Update_Account_Details" time="7.737" classname="SupportClasses.Account_Lookup"/>
  <testcase name="Update_Account_Details" time="15.840" classname="SupportClasses.Account_Lookup"/>
  <testcase name="Update_Account_Details" time="8.328" classname="SupportClasses.Account_Lookup"/>
  <testcase name="Update_Account_Details" time="11.818" classname="SupportClasses.Account_Lookup"/>
  <testcase name="Update_Account_Details" time="8.488" classname="SupportClasses.Account_Lookup"/>
  <testcase name="Update_Account_Details" time="7.465" classname="SupportClasses.Account_Lookup"/>
  <testcase name="Update_Account_Details" time="7.650" classname="SupportClasses.Account_Lookup"/>
  <testcase name="Update_Account_Details" time="7.854" classname="SupportClasses.Account_Lookup"/>
  <testcase name="Update_Account_Details" time="4.727" classname="SupportClasses.Account_Lookup"/>
  <testcase name="Update_Account_Details" time="11.536" classname="SupportClasses.Account_Lookup"/>
  <testcase name="Update_Account_Details" time="7.604" classname="SupportClasses.Account_Lookup"/>
  <testcase name="Update_Account_Details" time="7.935" classname="SupportClasses.Account_Lookup"/>
  <testcase name="Update_Account_Details" time="7.400" classname="SupportClasses.Account_Lookup"/>
  <testcase name="Update_Account_Details" time="9.371" classname="SupportClasses.Account_Lookup"/>
  <testcase name="Update_Account_Details" time="7.059" classname="SupportClasses.Account_Lookup"/>
  <testcase name="Update_Account_Details" time="9.110" classname="SupportClasses.Account_Lookup"/>
  <testcase name="Update_Account_Details" time="8.480" classname="SupportClasses.Account_Lookup"/>
  <testcase name="Update_Account_Details" time="5.108" classname="SupportClasses.Account_Lookup"/>
  <testcase name="Update_Account_Details" time="6.826" classname="SupportClasses.Account_Lookup"/>
  <testcase name="Update_Account_Details" time="7.693" classname="SupportClasses.Account_Lookup"/>
  <testcase name="Update_Account_Details" time="8.441" classname="SupportClasses.Account_Lookup"/>
  <testcase name="Update_Account_Details" time="7.417" classname="SupportClasses.Account_Lookup"/>
  <testcase name="Update_Account_Details" time="7.363" classname="SupportClasses.Account_Lookup"/>
  <testcase name="Update_Account_Details" time="7.566" classname="SupportClasses.Account_Lookup"/>
  <testcase name="Update_Account_Details" time="9.249" classname="SupportClasses.Account_Lookup"/>
  <testcase name="Update_Account_Details" time="7.883" classname="SupportClasses.Account_Lookup"/>
  <testcase name="Update_Account_Details" time="6.750" classname="SupportClasses.Account_Lookup"/>
  <testcase name="Update_Account_Details" time="6.190" classname="SupportClasses.Account_Lookup"/>
  <testcase name="Update_Account_Details" time="14.837" classname="SupportClasses.Account_Lookup"/>
  <testcase name="Update_Account_Details" time="6.896" classname="SupportClasses.Account_Lookup"/>
  <testcase name="Update_Account_Details" time="9.263" classname="SupportClasses.Account_Lookup"/>
  <testcase name="Update_Account_Details" time="7.905" classname="SupportClasses.Account_Lookup"/>
  <testcase name="Update_Account_Details" time="7.337" classname="SupportClasses.Account_Lookup"/>
  <testcase name="Update_Account_Details" time="7.944" classname="SupportClasses.Account_Lookup"/>
  <testcase name="Update_Account_Details" time="7.306" classname="SupportClasses.Account_Lookup"/>
  <testcase name="Update_Account_Details" time="8.409" classname="SupportClasses.Account_Lookup"/>
  <testcase name="Update_Account_Details" time="7.264" classname="SupportClasses.Account_Lookup"/>
  <testcase name="Update_Account_Details" time="6.832" classname="SupportClasses.Account_Lookup"/>
  <testcase name="Update_Account_Details" time="6.667" classname="SupportClasses.Account_Lookup"/>
  <testcase name="Update_Account_Details" time="7.436" classname="SupportClasses.Account_Lookup"/>
  <testcase name="Update_Account_Details" time="8.076" classname="SupportClasses.Account_Lookup"/>
  <testcase name="Update_Account_Details" time="5.379" classname="SupportClasses.Account_Lookup"/>
  <testcase name="Update_Account_Details" time="8.073" classname="SupportClasses.Account_Lookup"/>
  <testcase name="Update_Account_Details" time="7.614" classname="SupportClasses.Account_Lookup"/>
  <testcase name="Update_Account_Details" time="7.054" classname="SupportClasses.Account_Lookup"/>
  <testcase name="Update_Account_Details" time="6.998" classname="SupportClasses.Account_Lookup"/>
  <testcase name="Update_Account_Details" time="7.055" classname="SupportClasses.Account_Lookup"/>
  <testcase name="Update_Account_Details" time="8.436" classname="SupportClasses.Account_Lookup"/>
  <testcase name="Update_Account_Details" time="6.242" classname="SupportClasses.Account_Lookup"/>
  <testcase name="Update_Account_Details" time="6.946" classname="SupportClasses.Account_Lookup"/>
  <testcase name="Update_Account_Details" time="8.796" classname="SupportClasses.Account_Lookup"/>
  <testcase name="Update_Account_Details" time="14.180" classname="SupportClasses.Account_Lookup"/>
  <testcase name="Update_Account_Details" time="7.732" classname="SupportClasses.Account_Lookup"/>
  <testcase name="Update_Account_Details" time="7.143" classname="SupportClasses.Account_Lookup"/>
  <testcase name="Update_Account_Details" time="7.296" classname="SupportClasses.Account_Lookup"/>
  <testcase name="Update_Account_Details" time="6.682" classname="SupportClasses.Account_Lookup"/>
  <testcase name="Update_Account_Details" time="7.920" classname="SupportClasses.Account_Lookup"/>
  <testcase name="Update_Account_Details" time="7.362" classname="SupportClasses.Account_Lookup"/>
  <testcase name="Update_Account_Details" time="7.371" classname="SupportClasses.Account_Lookup"/>
  <testcase name="Update_Account_Details" time="7.909" classname="SupportClasses.Account_Lookup"/>
  <testcase name="Update_Account_Details" time="6.200" classname="SupportClasses.Account_Lookup"/>
  <testcase name="Update_Account_Details" time="6.977" classname="SupportClasses.Account_Lookup"/>
  <testcase name="Update_Account_Details" time="6.939" classname="SupportClasses.Account_Lookup"/>
  <testcase name="Update_Account_Details" time="12.444" classname="SupportClasses.Account_Lookup"/>
  <testcase name="Update_Account_Details" time="10.007" classname="SupportClasses.Account_Lookup"/>
  <testcase name="Update_Account_Details" time="8.450" classname="SupportClasses.Account_Lookup"/>
  <testcase name="Update_Account_Details" time="8.061" classname="SupportClasses.Account_Lookup"/>
  <testcase name="Update_Account_Details" time="14.796" classname="SupportClasses.Account_Lookup"/>
  <testcase name="Update_Account_Details" time="12.736" classname="SupportClasses.Account_Lookup"/>
  <testcase name="Update_Account_Details" time="3.968" classname="SupportClasses.Account_Lookup"/>
  <testcase name="Update_Account_Details" time="6.727" classname="SupportClasses.Account_Lookup"/>
  <testcase name="Update_Account_Details" time="7.639" classname="SupportClasses.Account_Lookup"/>
  <testcase name="Update_Account_Details" time="11.056" classname="SupportClasses.Account_Lookup"/>
  <testcase name="Update_Account_Details" time="8.572" classname="SupportClasses.Account_Lookup"/>
  <testcase name="Update_Account_Details" time="6.926" classname="SupportClasses.Account_Lookup"/>
  <testcase name="Update_Account_Details" time="8.163" classname="SupportClasses.Account_Lookup"/>
  <testcase name="Update_Account_Details" time="15.185" classname="SupportClasses.Account_Lookup"/>
  <testcase name="Update_Account_Details" time="7.090" classname="SupportClasses.Account_Lookup"/>
  <testcase name="Update_Account_Details" time="4.124" classname="SupportClasses.Account_Lookup"/>
  <testcase name="Update_Account_Details" time="8.285" classname="SupportClasses.Account_Lookup"/>
  <testcase name="Update_Account_Details" time="6.564" classname="SupportClasses.Account_Lookup"/>
  <testcase name="Update_Account_Details" time="5.289" classname="SupportClasses.Account_Lookup"/>
  <testcase name="Update_Account_Details" time="7.854" classname="SupportClasses.Account_Lookup"/>
  <testcase name="Update_Account_Details" time="7.804" classname="SupportClasses.Account_Lookup"/>
  <testcase name="Update_Account_Details" time="8.184" classname="SupportClasses.Account_Lookup"/>
  <testcase name="Update_Account_Details" time="11.773" classname="SupportClasses.Account_Lookup"/>
  <testcase name="Update_Account_Details" time="10.343" classname="SupportClasses.Account_Lookup"/>
  <testcase name="Update_Account_Details" time="7.992" classname="SupportClasses.Account_Lookup"/>
  <testcase name="Update_Account_Details" time="7.567" classname="SupportClasses.Account_Lookup"/>
  <testcase name="Update_Account_Details" time="7.990" classname="SupportClasses.Account_Lookup"/>
  <testcase name="Update_Account_Details" time="8.289" classname="SupportClasses.Account_Lookup"/>
  <testcase name="Update_Account_Details" time="4.111" classname="SupportClasses.Account_Lookup"/>
  <testcase name="Update_Account_Details" time="8.533" classname="SupportClasses.Account_Lookup"/>
  <testcase name="Update_Account_Details" time="6.519" classname="SupportClasses.Account_Lookup"/>
  <testcase name="Update_Account_Details" time="7.226" classname="SupportClasses.Account_Lookup"/>
  <testcase name="Update_Account_Details" time="6.319" classname="SupportClasses.Account_Lookup"/>
  <testcase name="Update_Account_Details" time="10.816" classname="SupportClasses.Account_Lookup"/>
  <testcase name="Update_Account_Details" time="6.519" classname="SupportClasses.Account_Lookup"/>
  <testcase name="Update_Account_Details" time="9.402" classname="SupportClasses.Account_Lookup"/>
  <testcase name="Update_Account_Details" time="8.848" classname="SupportClasses.Account_Lookup"/>
  <testcase name="Update_Account_Details" time="9.832" classname="SupportClasses.Account_Lookup"/>
  <testcase name="Update_Account_Details" time="8.479" classname="SupportClasses.Account_Lookup"/>
  <testcase name="Update_Account_Details" time="12.144" classname="SupportClasses.Account_Lookup"/>
  <testcase name="Update_Account_Details" time="6.374" classname="SupportClasses.Account_Lookup"/>
  <testcase name="Update_Account_Details" time="6.881" classname="SupportClasses.Account_Lookup"/>
  <testcase name="Update_Account_Details" time="8.702" classname="SupportClasses.Account_Lookup"/>
  <testcase name="Update_Account_Details" time="7.089" classname="SupportClasses.Account_Lookup"/>
  <testcase name="Update_Account_Details" time="7.787" classname="SupportClasses.Account_Lookup"/>
  <testcase name="Update_Account_Details" time="13.082" classname="SupportClasses.Account_Lookup"/>
  <testcase name="Update_Account_Details" time="8.484" classname="SupportClasses.Account_Lookup"/>
  <testcase name="Update_Account_Details" time="8.473" classname="SupportClasses.Account_Lookup"/>
  <testcase name="Update_Account_Details" time="7.373" classname="SupportClasses.Account_Lookup"/>
  <testcase name="Update_Account_Details" time="7.950" classname="SupportClasses.Account_Lookup"/>
  <testcase name="Update_Account_Details" time="8.634" classname="SupportClasses.Account_Lookup"/>
  <testcase name="Update_Account_Details" time="7.153" classname="SupportClasses.Account_Lookup"/>
  <testcase name="Update_Account_Details" time="12.030" classname="SupportClasses.Account_Lookup"/>
  <testcase name="Update_Account_Details" time="8.495" classname="SupportClasses.Account_Lookup"/>
  <testcase name="Update_Account_Details" time="8.901" classname="SupportClasses.Account_Lookup"/>
  <testcase name="Update_Account_Details" time="7.699" classname="SupportClasses.Account_Lookup"/>
  <testcase name="Update_Account_Details" time="6.898" classname="SupportClasses.Account_Lookup"/>
  <testcase name="Update_Account_Details" time="6.911" classname="SupportClasses.Account_Lookup"/>
  <testcase name="Update_Account_Details" time="7.733" classname="SupportClasses.Account_Lookup"/>
  <testcase name="Update_Account_Details" time="7.561" classname="SupportClasses.Account_Lookup"/>
  <testcase name="Update_Account_Details" time="8.450" classname="SupportClasses.Account_Lookup"/>
  <testcase name="Update_Account_Details" time="10.824" classname="SupportClasses.Account_Lookup"/>
  <testcase name="Update_Account_Details" time="7.127" classname="SupportClasses.Account_Lookup"/>
  <testcase name="Update_Account_Details" time="7.003" classname="SupportClasses.Account_Lookup"/>
  <testcase name="Update_Account_Details" time="10.479" classname="SupportClasses.Account_Lookup"/>
  <testcase name="Update_Account_Details" time="7.931" classname="SupportClasses.Account_Lookup"/>
  <testcase name="Update_Account_Details" time="11.608" classname="SupportClasses.Account_Lookup"/>
  <testcase name="Update_Account_Details" time="15.783" classname="SupportClasses.Account_Lookup"/>
  <testcase name="Update_Account_Details" time="7.583" classname="SupportClasses.Account_Lookup"/>
  <testcase name="Update_Account_Details" time="6.836" classname="SupportClasses.Account_Lookup"/>
  <testcase name="Update_Account_Details" time="7.852" classname="SupportClasses.Account_Lookup"/>
  <testcase name="Update_Account_Details" time="10.564" classname="SupportClasses.Account_Lookup"/>
  <testcase name="Update_Account_Details" time="8.297" classname="SupportClasses.Account_Lookup"/>
  <testcase name="Update_Account_Details" time="10.554" classname="SupportClasses.Account_Lookup"/>
  <testcase name="Update_Account_Details" time="7.319" classname="SupportClasses.Account_Lookup"/>
  <testcase name="Update_Account_Details" time="14.618" classname="SupportClasses.Account_Lookup"/>
  <testcase name="Update_Account_Details" time="7.342" classname="SupportClasses.Account_Lookup"/>
  <testcase name="Update_Account_Details" time="6.928" classname="SupportClasses.Account_Lookup"/>
  <testcase name="Update_Account_Details" time="8.900" classname="SupportClasses.Account_Lookup"/>
  <testcase name="Update_Account_Details" time="7.066" classname="SupportClasses.Account_Lookup"/>
  <testcase name="Update_Account_Details" time="7.813" classname="SupportClasses.Account_Lookup"/>
  <testcase name="Update_Account_Details" time="8.069" classname="SupportClasses.Account_Lookup"/>
  <testcase name="Update_Account_Details" time="6.586" classname="SupportClasses.Account_Lookup"/>
  <testcase name="Update_Account_Details" time="7.798" classname="SupportClasses.Account_Lookup"/>
  <testcase name="Update_Account_Details" time="8.413" classname="SupportClasses.Account_Lookup"/>
  <testcase name="Update_Account_Details" time="8.309" classname="SupportClasses.Account_Lookup"/>
  <testcase name="Update_Account_Details" time="7.756" classname="SupportClasses.Account_Lookup"/>
  <testcase name="Update_Account_Details" time="8.498" classname="SupportClasses.Account_Lookup"/>
  <testcase name="Update_Account_Details" time="7.775" classname="SupportClasses.Account_Lookup"/>
  <testcase name="Update_Account_Details" time="8.096" classname="SupportClasses.Account_Lookup"/>
  <testcase name="Update_Account_Details" time="7.973" classname="SupportClasses.Account_Lookup"/>
  <testcase name="Update_Account_Details" time="6.710" classname="SupportClasses.Account_Lookup"/>
  <testcase name="Update_Account_Details" time="6.940" classname="SupportClasses.Account_Lookup"/>
  <testcase name="Update_Account_Details" time="7.632" classname="SupportClasses.Account_Lookup"/>
  <testcase name="Update_Account_Details" time="7.399" classname="SupportClasses.Account_Lookup"/>
  <testcase name="Update_Account_Details" time="6.746" classname="SupportClasses.Account_Lookup"/>
  <testcase name="Update_Account_Details" time="10.200" classname="SupportClasses.Account_Lookup"/>
  <testcase name="Update_Account_Details" time="8.237" classname="SupportClasses.Account_Lookup"/>
  <testcase name="Update_Account_Details" time="6.773" classname="SupportClasses.Account_Lookup"/>
  <testcase name="Update_Account_Details" time="7.079" classname="SupportClasses.Account_Lookup"/>
  <testcase name="Update_Account_Details" time="7.119" classname="SupportClasses.Account_Lookup"/>
  <testcase name="Update_Account_Details" time="7.228" classname="SupportClasses.Account_Lookup"/>
  <testcase name="Update_Account_Details" time="10.848" classname="SupportClasses.Account_Lookup"/>
  <testcase name="Update_Account_Details" time="11.440" classname="SupportClasses.Account_Lookup"/>
  <testcase name="Update_Account_Details" time="6.800" classname="SupportClasses.Account_Lookup"/>
  <testcase name="Update_Account_Details" time="6.784" classname="SupportClasses.Account_Lookup"/>
  <testcase name="Update_Account_Details" time="7.743" classname="SupportClasses.Account_Lookup"/>
  <testcase name="Update_Account_Details" time="8.230" classname="SupportClasses.Account_Lookup"/>
  <testcase name="Update_Account_Details" time="8.928" classname="SupportClasses.Account_Lookup"/>
  <testcase name="Update_Account_Details" time="12.011" classname="SupportClasses.Account_Lookup"/>
  <testcase name="Update_Account_Details" time="8.825" classname="SupportClasses.Account_Lookup"/>
  <testcase name="Update_Account_Details" time="7.842" classname="SupportClasses.Account_Lookup"/>
  <testcase name="Update_Account_Details" time="8.842" classname="SupportClasses.Account_Lookup"/>
  <testcase name="Update_Account_Details" time="7.936" classname="SupportClasses.Account_Lookup"/>
  <testcase name="Update_Account_Details" time="7.003" classname="SupportClasses.Account_Lookup"/>
  <testcase name="Update_Account_Details" time="8.109" classname="SupportClasses.Account_Lookup"/>
  <testcase name="Update_Account_Details" time="7.476" classname="SupportClasses.Account_Lookup"/>
  <testcase name="Update_Account_Details" time="6.466" classname="SupportClasses.Account_Lookup"/>
  <testcase name="Update_Account_Details" time="7.388" classname="SupportClasses.Account_Lookup"/>
  <testcase name="Update_Account_Details" time="7.965" classname="SupportClasses.Account_Lookup"/>
  <testcase name="Update_Account_Details" time="10.232" classname="SupportClasses.Account_Lookup"/>
  <testcase name="Update_Account_Details" time="6.197" classname="SupportClasses.Account_Lookup"/>
  <testcase name="Update_Account_Details" time="6.527" classname="SupportClasses.Account_Lookup"/>
  <testcase name="Update_Account_Details" time="9.903" classname="SupportClasses.Account_Lookup"/>
  <testcase name="Update_Account_Details" time="7.816" classname="SupportClasses.Account_Lookup"/>
  <testcase name="Update_Account_Details" time="7.057" classname="SupportClasses.Account_Lookup"/>
  <testcase name="Update_Account_Details" time="8.555" classname="SupportClasses.Account_Lookup"/>
  <testcase name="Update_Account_Details" time="8.164" classname="SupportClasses.Account_Lookup"/>
  <testcase name="Update_Account_Details" time="7.591" classname="SupportClasses.Account_Lookup"/>
  <testcase name="Update_Account_Details" time="11.496" classname="SupportClasses.Account_Lookup"/>
  <testcase name="Update_Account_Details" time="8.826" classname="SupportClasses.Account_Lookup"/>
  <testcase name="Update_Account_Details" time="6.968" classname="SupportClasses.Account_Lookup"/>
  <testcase name="Update_Account_Details" time="7.071" classname="SupportClasses.Account_Lookup"/>
  <testcase name="Update_Account_Details" time="6.444" classname="SupportClasses.Account_Lookup"/>
  <testcase name="Update_Account_Details" time="7.358" classname="SupportClasses.Account_Lookup"/>
  <testcase name="Update_Account_Details" time="7.790" classname="SupportClasses.Account_Lookup"/>
  <testcase name="Update_Account_Details" time="16.142" classname="SupportClasses.Account_Lookup"/>
  <testcase name="Update_Account_Details" time="7.003" classname="SupportClasses.Account_Lookup"/>
  <testcase name="Update_Account_Details" time="7.660" classname="SupportClasses.Account_Lookup"/>
  <testcase name="Update_Account_Details" time="7.874" classname="SupportClasses.Account_Lookup"/>
  <testcase name="Update_Account_Details" time="7.127" classname="SupportClasses.Account_Lookup"/>
  <testcase name="Update_Account_Details" time="8.282" classname="SupportClasses.Account_Lookup"/>
  <testcase name="Update_Account_Details" time="7.355" classname="SupportClasses.Account_Lookup"/>
  <testcase name="Update_Account_Details" time="8.359" classname="SupportClasses.Account_Lookup"/>
  <testcase name="Update_Account_Details" time="14.614" classname="SupportClasses.Account_Lookup"/>
  <testcase name="Update_Account_Details" time="10.473" classname="SupportClasses.Account_Lookup"/>
  <testcase name="Update_Account_Details" time="6.732" classname="SupportClasses.Account_Lookup"/>
  <testcase name="Update_Account_Details" time="8.317" classname="SupportClasses.Account_Lookup"/>
  <testcase name="Update_Account_Details" time="7.361" classname="SupportClasses.Account_Lookup"/>
  <testcase name="Update_Account_Details" time="7.033" classname="SupportClasses.Account_Lookup"/>
  <testcase name="Update_Account_Details" time="8.096" classname="SupportClasses.Account_Lookup"/>
  <testcase name="Update_Account_Details" time="7.351" classname="SupportClasses.Account_Lookup"/>
  <testcase name="Update_Account_Details" time="7.584" classname="SupportClasses.Account_Lookup"/>
  <testcase name="Update_Account_Details" time="3.991" classname="SupportClasses.Account_Lookup"/>
  <testcase name="Update_Account_Details" time="7.589" classname="SupportClasses.Account_Lookup"/>
  <testcase name="Update_Account_Details" time="6.840" classname="SupportClasses.Account_Lookup"/>
  <testcase name="Update_Account_Details" time="7.313" classname="SupportClasses.Account_Lookup"/>
  <testcase name="Update_Account_Details" time="9.622" classname="SupportClasses.Account_Lookup"/>
  <testcase name="Update_Account_Details" time="7.861" classname="SupportClasses.Account_Lookup"/>
  <testcase name="Update_Account_Details" time="7.379" classname="SupportClasses.Account_Lookup"/>
  <testcase name="Update_Account_Details" time="7.167" classname="SupportClasses.Account_Lookup"/>
  <testcase name="Update_Account_Details" time="6.338" classname="SupportClasses.Account_Lookup"/>
  <testcase name="Update_Account_Details" time="10.012" classname="SupportClasses.Account_Lookup"/>
  <testcase name="Update_Account_Details" time="6.504" classname="SupportClasses.Account_Lookup"/>
  <testcase name="Update_Account_Details" time="7.636" classname="SupportClasses.Account_Lookup"/>
  <testcase name="Update_Account_Details" time="11.032" classname="SupportClasses.Account_Lookup"/>
  <testcase name="Update_Account_Details" time="7.411" classname="SupportClasses.Account_Lookup"/>
  <testcase name="Update_Account_Details" time="7.043" classname="SupportClasses.Account_Lookup"/>
  <testcase name="Update_Account_Details" time="6.680" classname="SupportClasses.Account_Lookup"/>
  <testcase name="Update_Account_Details" time="6.342" classname="SupportClasses.Account_Lookup"/>
  <testcase name="Update_Account_Details" time="7.958" classname="SupportClasses.Account_Lookup"/>
  <testcase name="Update_Account_Details" time="8.022" classname="SupportClasses.Account_Lookup"/>
  <testcase name="Update_Account_Details" time="5.248" classname="SupportClasses.Account_Lookup"/>
  <testcase name="Update_Account_Details" time="15.016" classname="SupportClasses.Account_Lookup"/>
  <testcase name="Update_Account_Details" time="9.516" classname="SupportClasses.Account_Lookup"/>
  <testcase name="Update_Account_Details" time="7.021" classname="SupportClasses.Account_Lookup"/>
  <testcase name="Update_Account_Details" time="8.679" classname="SupportClasses.Account_Lookup"/>
  <testcase name="Update_Account_Details" time="12.360" classname="SupportClasses.Account_Lookup"/>
  <testcase name="Update_Account_Details" time="8.397" classname="SupportClasses.Account_Lookup"/>
  <testcase name="Update_Account_Details" time="7.230" classname="SupportClasses.Account_Lookup"/>
  <testcase name="Update_Account_Details" time="7.204" classname="SupportClasses.Account_Lookup"/>
  <testcase name="Update_Account_Details" time="14.177" classname="SupportClasses.Account_Lookup"/>
  <testcase name="Update_Account_Details" time="8.330" classname="SupportClasses.Account_Lookup"/>
  <testcase name="Update_Account_Details" time="11.237" classname="SupportClasses.Account_Lookup"/>
  <testcase name="Update_Account_Details" time="6.934" classname="SupportClasses.Account_Lookup"/>
  <testcase name="Update_Account_Details" time="7.330" classname="SupportClasses.Account_Lookup"/>
  <testcase name="Update_Account_Details" time="8.611" classname="SupportClasses.Account_Lookup"/>
  <testcase name="Update_Account_Details" time="8.139" classname="SupportClasses.Account_Lookup"/>
  <testcase name="Update_Account_Details" time="10.694" classname="SupportClasses.Account_Lookup"/>
  <testcase name="Update_Account_Details" time="7.893" classname="SupportClasses.Account_Lookup"/>
  <testcase name="Update_Account_Details" time="3.972" classname="SupportClasses.Account_Lookup"/>
  <testcase name="Update_Account_Details" time="6.830" classname="SupportClasses.Account_Lookup"/>
  <testcase name="Update_Account_Details" time="7.444" classname="SupportClasses.Account_Lookup"/>
  <testcase name="Update_Account_Details" time="3.838" classname="SupportClasses.Account_Lookup"/>
  <testcase name="Update_Account_Details" time="8.413" classname="SupportClasses.Account_Lookup"/>
  <testcase name="Update_Account_Details" time="7.864" classname="SupportClasses.Account_Lookup"/>
  <testcase name="Update_Account_Details" time="10.485" classname="SupportClasses.Account_Lookup"/>
  <testcase name="Update_Account_Details" time="7.831" classname="SupportClasses.Account_Lookup"/>
  <testcase name="Update_Account_Details" time="7.032" classname="SupportClasses.Account_Lookup"/>
  <testcase name="Update_Account_Details" time="7.514" classname="SupportClasses.Account_Lookup"/>
  <testcase name="Update_Account_Details" time="10.075" classname="SupportClasses.Account_Lookup"/>
  <testcase name="Update_Account_Details" time="10.174" classname="SupportClasses.Account_Lookup"/>
  <testcase name="Update_Account_Details" time="8.521" classname="SupportClasses.Account_Lookup"/>
  <testcase name="Update_Account_Details" time="7.711" classname="SupportClasses.Account_Lookup"/>
  <testcase name="Update_Account_Details" time="9.158" classname="SupportClasses.Account_Lookup"/>
  <testcase name="Update_Account_Details" time="7.714" classname="SupportClasses.Account_Lookup"/>
  <testcase name="Update_Account_Details" time="6.242" classname="SupportClasses.Account_Lookup"/>
  <testcase name="Update_Account_Details" time="7.889" classname="SupportClasses.Account_Lookup"/>
  <testcase name="Update_Account_Details" time="7.997" classname="SupportClasses.Account_Lookup"/>
  <testcase name="Update_Account_Details" time="7.074" classname="SupportClasses.Account_Lookup"/>
  <testcase name="Update_Account_Details" time="9.560" classname="SupportClasses.Account_Lookup"/>
  <testcase name="Update_Account_Details" time="15.176" classname="SupportClasses.Account_Lookup"/>
  <testcase name="Update_Account_Details" time="8.486" classname="SupportClasses.Account_Lookup"/>
  <testcase name="Update_Account_Details" time="7.081" classname="SupportClasses.Account_Lookup"/>
  <testcase name="Update_Account_Details" time="12.936" classname="SupportClasses.Account_Lookup"/>
  <testcase name="Update_Account_Details" time="6.263" classname="SupportClasses.Account_Lookup"/>
  <testcase name="Update_Account_Details" time="6.548" classname="SupportClasses.Account_Lookup"/>
  <testcase name="Update_Account_Details" time="7.070" classname="SupportClasses.Account_Lookup"/>
  <testcase name="Update_Account_Details" time="7.048" classname="SupportClasses.Account_Lookup"/>
  <testcase name="Update_Account_Details" time="10.364" classname="SupportClasses.Account_Lookup"/>
  <testcase name="Update_Account_Details" time="6.359" classname="SupportClasses.Account_Lookup"/>
  <testcase name="Update_Account_Details" time="7.219" classname="SupportClasses.Account_Lookup"/>
  <testcase name="Update_Account_Details" time="7.451" classname="SupportClasses.Account_Lookup"/>
  <testcase name="Update_Account_Details" time="7.259" classname="SupportClasses.Account_Lookup"/>
  <testcase name="Update_Account_Details" time="8.590" classname="SupportClasses.Account_Lookup"/>
  <testcase name="Update_Account_Details" time="6.740" classname="SupportClasses.Account_Lookup"/>
  <testcase name="Update_Account_Details" time="6.930" classname="SupportClasses.Account_Lookup"/>
  <testcase name="Update_Account_Details" time="11.509" classname="SupportClasses.Account_Lookup"/>
  <testcase name="Update_Account_Details" time="10.869" classname="SupportClasses.Account_Lookup"/>
  <testcase name="Update_Account_Details" time="7.429" classname="SupportClasses.Account_Lookup"/>
  <testcase name="Update_Account_Details" time="10.399" classname="SupportClasses.Account_Lookup"/>
  <testcase name="Update_Account_Details" time="7.144" classname="SupportClasses.Account_Lookup"/>
  <testcase name="Update_Account_Details" time="9.091" classname="SupportClasses.Account_Lookup"/>
  <testcase name="Update_Account_Details" time="7.677" classname="SupportClasses.Account_Lookup"/>
  <testcase name="Update_Account_Details" time="6.758" classname="SupportClasses.Account_Lookup"/>
  <testcase name="Update_Account_Details" time="8.536" classname="SupportClasses.Account_Lookup"/>
  <testcase name="Update_Account_Details" time="9.736" classname="SupportClasses.Account_Lookup"/>
  <testcase name="Update_Account_Details" time="8.542" classname="SupportClasses.Account_Lookup"/>
  <testcase name="Update_Account_Details" time="6.158" classname="SupportClasses.Account_Lookup"/>
  <testcase name="Update_Account_Details" time="7.308" classname="SupportClasses.Account_Lookup"/>
  <testcase name="Update_Account_Details" time="7.241" classname="SupportClasses.Account_Lookup"/>
  <testcase name="Update_Account_Details" time="7.568" classname="SupportClasses.Account_Lookup"/>
  <testcase name="Update_Account_Details" time="7.900" classname="SupportClasses.Account_Lookup"/>
  <testcase name="Update_Account_Details" time="7.760" classname="SupportClasses.Account_Lookup"/>
  <testcase name="Update_Account_Details" time="8.177" classname="SupportClasses.Account_Lookup"/>
  <testcase name="Update_Account_Details" time="8.093" classname="SupportClasses.Account_Lookup"/>
  <testcase name="Update_Account_Details" time="7.433" classname="SupportClasses.Account_Lookup"/>
  <testcase name="Update_Account_Details" time="6.305" classname="SupportClasses.Account_Lookup"/>
  <testcase name="Update_Account_Details" time="6.897" classname="SupportClasses.Account_Lookup"/>
  <testcase name="Update_Account_Details" time="4.194" classname="SupportClasses.Account_Lookup"/>
  <testcase name="Update_Account_Details" time="8.427" classname="SupportClasses.Account_Lookup"/>
  <testcase name="Update_Account_Details" time="7.124" classname="SupportClasses.Account_Lookup"/>
  <testcase name="Update_Account_Details" time="8.009" classname="SupportClasses.Account_Lookup"/>
  <testcase name="Update_Account_Details" time="11.146" classname="SupportClasses.Account_Lookup"/>
  <testcase name="Update_Account_Details" time="7.058" classname="SupportClasses.Account_Lookup"/>
  <testcase name="Update_Account_Details" time="6.492" classname="SupportClasses.Account_Lookup"/>
  <testcase name="Update_Account_Details" time="7.150" classname="SupportClasses.Account_Lookup"/>
  <testcase name="Update_Account_Details" time="8.637" classname="SupportClasses.Account_Lookup"/>
  <testcase name="Update_Account_Details" time="7.580" classname="SupportClasses.Account_Lookup"/>
  <testcase name="Update_Account_Details" time="7.336" classname="SupportClasses.Account_Lookup"/>
  <testcase name="Update_Account_Details" time="8.021" classname="SupportClasses.Account_Lookup"/>
  <testcase name="Update_Account_Details" time="7.994" classname="SupportClasses.Account_Lookup"/>
  <testcase name="Update_Account_Details" time="7.136" classname="SupportClasses.Account_Lookup"/>
  <testcase name="Update_Account_Details" time="6.935" classname="SupportClasses.Account_Lookup"/>
  <testcase name="Update_Account_Details" time="7.292" classname="SupportClasses.Account_Lookup"/>
  <testcase name="Update_Account_Details" time="6.599" classname="SupportClasses.Account_Lookup"/>
  <testcase name="Update_Account_Details" time="7.366" classname="SupportClasses.Account_Lookup"/>
  <testcase name="Update_Account_Details" time="6.933" classname="SupportClasses.Account_Lookup"/>
  <testcase name="Update_Account_Details" time="7.800" classname="SupportClasses.Account_Lookup"/>
  <testcase name="Update_Account_Details" time="7.813" classname="SupportClasses.Account_Lookup"/>
  <testcase name="Update_Account_Details" time="6.720" classname="SupportClasses.Account_Lookup"/>
  <testcase name="Update_Account_Details" time="9.983" classname="SupportClasses.Account_Lookup"/>
  <testcase name="Update_Account_Details" time="7.184" classname="SupportClasses.Account_Lookup"/>
  <testcase name="Update_Account_Details" time="7.976" classname="SupportClasses.Account_Lookup"/>
  <testcase name="Update_Account_Details" time="8.240" classname="SupportClasses.Account_Lookup"/>
  <testcase name="Update_Account_Details" time="7.379" classname="SupportClasses.Account_Lookup"/>
  <testcase name="Update_Account_Details" time="7.012" classname="SupportClasses.Account_Lookup"/>
  <testcase name="Update_Account_Details" time="6.815" classname="SupportClasses.Account_Lookup"/>
  <testcase name="Update_Account_Details" time="6.738" classname="SupportClasses.Account_Lookup"/>
  <testcase name="Update_Account_Details" time="8.283" classname="SupportClasses.Account_Lookup"/>
  <testcase name="Update_Account_Details" time="8.628" classname="SupportClasses.Account_Lookup"/>
  <testcase name="Update_Account_Details" time="7.189" classname="SupportClasses.Account_Lookup"/>
  <testcase name="Update_Account_Details" time="10.825" classname="SupportClasses.Account_Lookup"/>
  <testcase name="Update_Account_Details" time="7.111" classname="SupportClasses.Account_Lookup"/>
  <testcase name="Update_Account_Details" time="7.789" classname="SupportClasses.Account_Lookup"/>
  <testcase name="Update_Account_Details" time="7.603" classname="SupportClasses.Account_Lookup"/>
  <testcase name="Update_Account_Details" time="3.831" classname="SupportClasses.Account_Lookup"/>
  <testcase name="Update_Account_Details" time="14.229" classname="SupportClasses.Account_Lookup"/>
  <testcase name="Update_Account_Details" time="7.124" classname="SupportClasses.Account_Lookup"/>
  <testcase name="Update_Account_Details" time="6.457" classname="SupportClasses.Account_Lookup"/>
  <testcase name="Update_Account_Details" time="6.930" classname="SupportClasses.Account_Lookup"/>
  <testcase name="Update_Account_Details" time="7.567" classname="SupportClasses.Account_Lookup"/>
  <testcase name="Update_Account_Details" time="7.598" classname="SupportClasses.Account_Lookup"/>
  <testcase name="Update_Account_Details" time="7.823" classname="SupportClasses.Account_Lookup"/>
  <testcase name="Update_Account_Details" time="11.244" classname="SupportClasses.Account_Lookup"/>
  <testcase name="Update_Account_Details" time="11.280" classname="SupportClasses.Account_Lookup"/>
  <testcase name="Update_Account_Details" time="9.928" classname="SupportClasses.Account_Lookup"/>
  <testcase name="Update_Account_Details" time="7.540" classname="SupportClasses.Account_Lookup"/>
  <testcase name="Update_Account_Details" time="8.170" classname="SupportClasses.Account_Lookup"/>
  <testcase name="Update_Account_Details" time="7.350" classname="SupportClasses.Account_Lookup"/>
  <testcase name="Update_Account_Details" time="6.632" classname="SupportClasses.Account_Lookup"/>
  <testcase name="Update_Account_Details" time="10.044" classname="SupportClasses.Account_Lookup"/>
  <testcase name="Update_Account_Details" time="7.803" classname="SupportClasses.Account_Lookup"/>
  <testcase name="Update_Account_Details" time="7.667" classname="SupportClasses.Account_Lookup"/>
  <testcase name="Update_Account_Details" time="7.331" classname="SupportClasses.Account_Lookup"/>
  <testcase name="Update_Account_Details" time="8.217" classname="SupportClasses.Account_Lookup"/>
  <testcase name="Update_Account_Details" time="7.531" classname="SupportClasses.Account_Lookup"/>
  <testcase name="Update_Account_Details" time="7.647" classname="SupportClasses.Account_Lookup"/>
  <testcase name="Update_Account_Details" time="8.604" classname="SupportClasses.Account_Lookup"/>
  <testcase name="Update_Account_Details" time="6.057" classname="SupportClasses.Account_Lookup"/>
  <testcase name="Update_Account_Details" time="6.597" classname="SupportClasses.Account_Lookup"/>
  <testcase name="Update_Account_Details" time="10.389" classname="SupportClasses.Account_Lookup"/>
  <testcase name="Update_Account_Details" time="7.899" classname="SupportClasses.Account_Lookup"/>
  <testcase name="Update_Account_Details" time="6.914" classname="SupportClasses.Account_Lookup"/>
  <testcase name="Update_Account_Details" time="10.346" classname="SupportClasses.Account_Lookup"/>
  <testcase name="Update_Account_Details" time="10.653" classname="SupportClasses.Account_Lookup"/>
  <testcase name="Update_Account_Details" time="7.053" classname="SupportClasses.Account_Lookup"/>
  <testcase name="Update_Account_Details" time="8.083" classname="SupportClasses.Account_Lookup"/>
  <testcase name="Update_Account_Details" time="7.404" classname="SupportClasses.Account_Lookup"/>
  <testcase name="Update_Account_Details" time="6.569" classname="SupportClasses.Account_Lookup"/>
  <testcase name="Update_Account_Details" time="8.217" classname="SupportClasses.Account_Lookup"/>
  <testcase name="Update_Account_Details" time="9.011" classname="SupportClasses.Account_Lookup"/>
  <testcase name="Update_Account_Details" time="14.250" classname="SupportClasses.Account_Lookup"/>
  <testcase name="Update_Account_Details" time="7.483" classname="SupportClasses.Account_Lookup"/>
  <testcase name="Update_Account_Details" time="7.650" classname="SupportClasses.Account_Lookup"/>
  <testcase name="Update_Account_Details" time="6.597" classname="SupportClasses.Account_Lookup"/>
  <testcase name="Update_Account_Details" time="7.964" classname="SupportClasses.Account_Lookup"/>
  <testcase name="Update_Account_Details" time="7.405" classname="SupportClasses.Account_Lookup"/>
  <testcase name="Update_Account_Details" time="3.713" classname="SupportClasses.Account_Lookup"/>
  <testcase name="Update_Account_Details" time="6.331" classname="SupportClasses.Account_Lookup"/>
  <testcase name="Update_Account_Details" time="9.712" classname="SupportClasses.Account_Lookup"/>
  <testcase name="Update_Account_Details" time="6.765" classname="SupportClasses.Account_Lookup"/>
  <testcase name="Update_Account_Details" time="8.096" classname="SupportClasses.Account_Lookup"/>
  <testcase name="Update_Account_Details" time="7.332" classname="SupportClasses.Account_Lookup"/>
  <testcase name="Update_Account_Details" time="12.206" classname="SupportClasses.Account_Lookup"/>
  <testcase name="Update_Account_Details" time="10.113" classname="SupportClasses.Account_Lookup"/>
  <testcase name="Update_Account_Details" time="7.293" classname="SupportClasses.Account_Lookup"/>
  <testcase name="Update_Account_Details" time="7.112" classname="SupportClasses.Account_Lookup"/>
  <testcase name="Update_Account_Details" time="7.986" classname="SupportClasses.Account_Lookup"/>
  <testcase name="Update_Account_Details" time="7.897" classname="SupportClasses.Account_Lookup"/>
  <testcase name="Update_Account_Details" time="7.042" classname="SupportClasses.Account_Lookup"/>
  <testcase name="Update_Account_Details" time="7.556" classname="SupportClasses.Account_Lookup"/>
  <testcase name="Update_Account_Details" time="6.813" classname="SupportClasses.Account_Lookup"/>
  <testcase name="Update_Account_Details" time="7.300" classname="SupportClasses.Account_Lookup"/>
  <testcase name="Update_Account_Details" time="9.307" classname="SupportClasses.Account_Lookup"/>
  <testcase name="Update_Account_Details" time="8.331" classname="SupportClasses.Account_Lookup"/>
  <testcase name="Update_Account_Details" time="7.686" classname="SupportClasses.Account_Lookup"/>
  <testcase name="Update_Account_Details" time="5.035" classname="SupportClasses.Account_Lookup"/>
  <testcase name="Update_Account_Details" time="8.153" classname="SupportClasses.Account_Lookup"/>
  <testcase name="Update_Account_Details" time="6.638" classname="SupportClasses.Account_Lookup"/>
  <testcase name="Update_Account_Details" time="7.614" classname="SupportClasses.Account_Lookup"/>
  <testcase name="Update_Account_Details" time="6.487" classname="SupportClasses.Account_Lookup"/>
  <testcase name="Update_Account_Details" time="6.810" classname="SupportClasses.Account_Lookup"/>
  <testcase name="Update_Account_Details" time="9.136" classname="SupportClasses.Account_Lookup"/>
  <testcase name="Update_Account_Details" time="8.680" classname="SupportClasses.Account_Lookup"/>
  <testcase name="Update_Account_Details" time="4.397" classname="SupportClasses.Account_Lookup"/>
  <testcase name="Update_Account_Details" time="6.494" classname="SupportClasses.Account_Lookup"/>
  <testcase name="Update_Account_Details" time="8.614" classname="SupportClasses.Account_Lookup"/>
  <testcase name="Update_Account_Details" time="7.353" classname="SupportClasses.Account_Lookup"/>
  <testcase name="Update_Account_Details" time="6.853" classname="SupportClasses.Account_Lookup"/>
  <testcase name="Update_Account_Details" time="7.727" classname="SupportClasses.Account_Lookup"/>
  <testcase name="Update_Account_Details" time="8.194" classname="SupportClasses.Account_Lookup"/>
  <testcase name="Update_Account_Details" time="7.109" classname="SupportClasses.Account_Lookup"/>
  <testcase name="Update_Account_Details" time="8.180" classname="SupportClasses.Account_Lookup"/>
  <testcase name="Update_Account_Details" time="9.128" classname="SupportClasses.Account_Lookup"/>
  <testcase name="Update_Account_Details" time="7.405" classname="SupportClasses.Account_Lookup"/>
  <testcase name="Update_Account_Details" time="8.009" classname="SupportClasses.Account_Lookup"/>
  <testcase name="Update_Account_Details" time="7.251" classname="SupportClasses.Account_Lookup"/>
  <testcase name="Update_Account_Details" time="8.526" classname="SupportClasses.Account_Lookup"/>
  <testcase name="Update_Account_Details" time="6.639" classname="SupportClasses.Account_Lookup"/>
  <testcase name="Update_Account_Details" time="8.218" classname="SupportClasses.Account_Lookup"/>
  <testcase name="Update_Account_Details" time="8.813" classname="SupportClasses.Account_Lookup"/>
  <testcase name="Update_Account_Details" time="7.302" classname="SupportClasses.Account_Lookup"/>
  <testcase name="Update_Account_Details" time="4.211" classname="SupportClasses.Account_Lookup"/>
  <testcase name="Update_Account_Details" time="7.357" classname="SupportClasses.Account_Lookup"/>
  <testcase name="Update_Account_Details" time="14.938" classname="SupportClasses.Account_Lookup"/>
  <testcase name="Update_Account_Details" time="7.377" classname="SupportClasses.Account_Lookup"/>
  <testcase name="Update_Account_Details" time="14.230" classname="SupportClasses.Account_Lookup"/>
  <testcase name="Update_Account_Details" time="8.017" classname="SupportClasses.Account_Lookup"/>
  <testcase name="Update_Account_Details" time="7.547" classname="SupportClasses.Account_Lookup"/>
  <testcase name="Update_Account_Details" time="6.799" classname="SupportClasses.Account_Lookup"/>
  <testcase name="Update_Account_Details" time="7.666" classname="SupportClasses.Account_Lookup"/>
  <testcase name="Update_Account_Details" time="8.940" classname="SupportClasses.Account_Lookup"/>
  <testcase name="Update_Account_Details" time="6.737" classname="SupportClasses.Account_Lookup"/>
  <testcase name="Update_Account_Details" time="7.307" classname="SupportClasses.Account_Lookup"/>
  <testcase name="Update_Account_Details" time="7.228" classname="SupportClasses.Account_Lookup"/>
  <testcase name="Update_Account_Details" time="6.867" classname="SupportClasses.Account_Lookup"/>
  <testcase name="Update_Account_Details" time="10.854" classname="SupportClasses.Account_Lookup"/>
  <testcase name="Update_Account_Details" time="7.807" classname="SupportClasses.Account_Lookup"/>
  <testcase name="Update_Account_Details" time="7.898" classname="SupportClasses.Account_Lookup"/>
  <testcase name="Update_Account_Details" time="13.849" classname="SupportClasses.Account_Lookup"/>
  <testcase name="Update_Account_Details" time="7.687" classname="SupportClasses.Account_Lookup"/>
  <testcase name="Update_Account_Details" time="7.798" classname="SupportClasses.Account_Lookup"/>
  <testcase name="Update_Account_Details" time="13.938" classname="SupportClasses.Account_Lookup"/>
  <testcase name="Update_Account_Details" time="6.775" classname="SupportClasses.Account_Lookup"/>
  <testcase name="Update_Account_Details" time="6.726" classname="SupportClasses.Account_Lookup"/>
  <testcase name="Update_Account_Details" time="7.076" classname="SupportClasses.Account_Lookup"/>
  <testcase name="Update_Account_Details" time="6.959" classname="SupportClasses.Account_Lookup"/>
  <testcase name="Update_Account_Details" time="8.529" classname="SupportClasses.Account_Lookup"/>
  <testcase name="Update_Account_Details" time="6.943" classname="SupportClasses.Account_Lookup"/>
  <testcase name="Update_Account_Details" time="7.224" classname="SupportClasses.Account_Lookup"/>
  <testcase name="Update_Account_Details" time="7.159" classname="SupportClasses.Account_Lookup"/>
  <testcase name="Update_Account_Details" time="13.273" classname="SupportClasses.Account_Lookup"/>
  <testcase name="Update_Account_Details" time="6.556" classname="SupportClasses.Account_Lookup"/>
  <testcase name="Update_Account_Details" time="6.901" classname="SupportClasses.Account_Lookup"/>
  <testcase name="Update_Account_Details" time="6.583" classname="SupportClasses.Account_Lookup"/>
  <testcase name="Update_Account_Details" time="7.381" classname="SupportClasses.Account_Lookup"/>
  <testcase name="Update_Account_Details" time="10.619" classname="SupportClasses.Account_Lookup"/>
  <testcase name="Update_Account_Details" time="5.175" classname="SupportClasses.Account_Lookup"/>
  <testcase name="Update_Account_Details" time="7.527" classname="SupportClasses.Account_Lookup"/>
  <testcase name="Update_Account_Details" time="7.668" classname="SupportClasses.Account_Lookup"/>
  <testcase name="Update_Account_Details" time="6.694" classname="SupportClasses.Account_Lookup"/>
  <testcase name="Update_Account_Details" time="8.078" classname="SupportClasses.Account_Lookup"/>
  <testcase name="Update_Account_Details" time="8.334" classname="SupportClasses.Account_Lookup"/>
  <testcase name="Update_Account_Details" time="7.681" classname="SupportClasses.Account_Lookup"/>
  <testcase name="Update_Account_Details" time="7.361" classname="SupportClasses.Account_Lookup"/>
  <testcase name="Update_Account_Details" time="7.215" classname="SupportClasses.Account_Lookup"/>
  <testcase name="Update_Account_Details" time="7.294" classname="SupportClasses.Account_Lookup"/>
  <testcase name="Update_Account_Details" time="7.147" classname="SupportClasses.Account_Lookup"/>
  <testcase name="Update_Account_Details" time="8.081" classname="SupportClasses.Account_Lookup"/>
  <testcase name="Update_Account_Details" time="8.176" classname="SupportClasses.Account_Lookup"/>
  <testcase name="Update_Account_Details" time="10.348" classname="SupportClasses.Account_Lookup"/>
  <testcase name="Update_Account_Details" time="6.710" classname="SupportClasses.Account_Lookup"/>
  <testcase name="Update_Account_Details" time="10.386" classname="SupportClasses.Account_Lookup"/>
  <testcase name="Update_Account_Details" time="6.740" classname="SupportClasses.Account_Lookup"/>
  <testcase name="Update_Account_Details" time="6.979" classname="SupportClasses.Account_Lookup"/>
  <testcase name="Update_Account_Details" time="7.501" classname="SupportClasses.Account_Lookup"/>
  <testcase name="Update_Account_Details" time="7.540" classname="SupportClasses.Account_Lookup"/>
  <testcase name="Update_Account_Details" time="7.407" classname="SupportClasses.Account_Lookup"/>
  <testcase name="Update_Account_Details" time="7.817" classname="SupportClasses.Account_Lookup"/>
  <testcase name="Update_Account_Details" time="6.793" classname="SupportClasses.Account_Lookup"/>
  <testcase name="Update_Account_Details" time="4.672" classname="SupportClasses.Account_Lookup"/>
  <testcase name="Update_Account_Details" time="7.782" classname="SupportClasses.Account_Lookup"/>
  <testcase name="Update_Account_Details" time="7.790" classname="SupportClasses.Account_Lookup"/>
  <testcase name="Update_Account_Details" time="6.213" classname="SupportClasses.Account_Lookup"/>
  <testcase name="Update_Account_Details" time="7.744" classname="SupportClasses.Account_Lookup"/>
  <testcase name="Update_Account_Details" time="4.488" classname="SupportClasses.Account_Lookup"/>
  <testcase name="Update_Account_Details" time="11.434" classname="SupportClasses.Account_Lookup"/>
  <testcase name="Update_Account_Details" time="9.852" classname="SupportClasses.Account_Lookup"/>
  <testcase name="Update_Account_Details" time="7.144" classname="SupportClasses.Account_Lookup"/>
  <testcase name="Update_Account_Details" time="8.535" classname="SupportClasses.Account_Lookup"/>
  <testcase name="Update_Account_Details" time="7.387" classname="SupportClasses.Account_Lookup"/>
  <testcase name="Update_Account_Details" time="9.970" classname="SupportClasses.Account_Lookup"/>
  <testcase name="Update_Account_Details" time="10.501" classname="SupportClasses.Account_Lookup"/>
  <testcase name="Update_Account_Details" time="7.763" classname="SupportClasses.Account_Lookup"/>
  <testcase name="Update_Account_Details" time="5.811" classname="SupportClasses.Account_Lookup"/>
  <testcase name="Update_Account_Details" time="8.505" classname="SupportClasses.Account_Lookup"/>
  <testcase name="Update_Account_Details" time="8.618" classname="SupportClasses.Account_Lookup"/>
  <testcase name="Update_Account_Details" time="7.174" classname="SupportClasses.Account_Lookup"/>
  <testcase name="Update_Account_Details" time="8.537" classname="SupportClasses.Account_Lookup"/>
  <testcase name="Update_Account_Details" time="7.422" classname="SupportClasses.Account_Lookup"/>
  <testcase name="Update_Account_Details" time="6.549" classname="SupportClasses.Account_Lookup"/>
  <testcase name="Update_Account_Details" time="6.777" classname="SupportClasses.Account_Lookup"/>
  <testcase name="Update_Account_Details" time="7.129" classname="SupportClasses.Account_Lookup"/>
  <testcase name="Update_Account_Details" time="7.239" classname="SupportClasses.Account_Lookup"/>
  <testcase name="Update_Account_Details" time="7.573" classname="SupportClasses.Account_Lookup"/>
  <testcase name="Update_Account_Details" time="6.557" classname="SupportClasses.Account_Lookup"/>
  <testcase name="Update_Account_Details" time="6.067" classname="SupportClasses.Account_Lookup"/>
  <testcase name="Update_Account_Details" time="8.680" classname="SupportClasses.Account_Lookup"/>
  <testcase name="Update_Account_Details" time="6.857" classname="SupportClasses.Account_Lookup"/>
  <testcase name="Update_Account_Details" time="8.249" classname="SupportClasses.Account_Lookup"/>
  <testcase name="Update_Account_Details" time="8.037" classname="SupportClasses.Account_Lookup"/>
  <testcase name="Update_Account_Details" time="6.804" classname="SupportClasses.Account_Lookup"/>
  <testcase name="Update_Account_Details" time="11.640" classname="SupportClasses.Account_Lookup"/>
  <testcase name="Update_Account_Details" time="10.113" classname="SupportClasses.Account_Lookup"/>
  <testcase name="Update_Account_Details" time="7.873" classname="SupportClasses.Account_Lookup"/>
  <testcase name="Update_Account_Details" time="6.841" classname="SupportClasses.Account_Lookup"/>
  <testcase name="Update_Account_Details" time="7.272" classname="SupportClasses.Account_Lookup"/>
  <testcase name="Update_Account_Details" time="11.900" classname="SupportClasses.Account_Lookup"/>
  <testcase name="Update_Account_Details" time="7.927" classname="SupportClasses.Account_Lookup"/>
  <testcase name="Update_Account_Details" time="7.216" classname="SupportClasses.Account_Lookup"/>
  <testcase name="Update_Account_Details" time="7.498" classname="SupportClasses.Account_Lookup"/>
  <testcase name="Update_Account_Details" time="7.804" classname="SupportClasses.Account_Lookup"/>
  <testcase name="Update_Account_Details" time="7.665" classname="SupportClasses.Account_Lookup"/>
  <testcase name="Update_Account_Details" time="6.801" classname="SupportClasses.Account_Lookup"/>
  <testcase name="Update_Account_Details" time="8.131" classname="SupportClasses.Account_Lookup"/>
  <testcase name="Update_Account_Details" time="7.551" classname="SupportClasses.Account_Lookup"/>
  <testcase name="Update_Account_Details" time="7.994" classname="SupportClasses.Account_Lookup"/>
  <testcase name="Update_Account_Details" time="8.015" classname="SupportClasses.Account_Lookup"/>
  <testcase name="Update_Account_Details" time="6.851" classname="SupportClasses.Account_Lookup"/>
  <testcase name="Update_Account_Details" time="6.742" classname="SupportClasses.Account_Lookup"/>
  <testcase name="Update_Account_Details" time="7.910" classname="SupportClasses.Account_Lookup"/>
  <testcase name="Update_Account_Details" time="7.922" classname="SupportClasses.Account_Lookup"/>
  <testcase name="Update_Account_Details" time="8.929" classname="SupportClasses.Account_Lookup"/>
  <testcase name="Update_Account_Details" time="12.106" classname="SupportClasses.Account_Lookup"/>
  <testcase name="Update_Account_Details" time="4.072" classname="SupportClasses.Account_Lookup"/>
  <testcase name="Update_Account_Details" time="7.053" classname="SupportClasses.Account_Lookup"/>
  <testcase name="Update_Account_Details" time="8.345" classname="SupportClasses.Account_Lookup"/>
  <testcase name="Update_Account_Details" time="10.031" classname="SupportClasses.Account_Lookup"/>
  <testcase name="Update_Account_Details" time="7.802" classname="SupportClasses.Account_Lookup"/>
  <testcase name="Update_Account_Details" time="12.703" classname="SupportClasses.Account_Lookup"/>
  <testcase name="Update_Account_Details" time="9.576" classname="SupportClasses.Account_Lookup"/>
  <testcase name="Update_Account_Details" time="7.428" classname="SupportClasses.Account_Lookup"/>
  <testcase name="Update_Account_Details" time="8.526" classname="SupportClasses.Account_Lookup"/>
  <testcase name="Update_Account_Details" time="7.760" classname="SupportClasses.Account_Lookup"/>
  <testcase name="Update_Account_Details" time="11.941" classname="SupportClasses.Account_Lookup"/>
  <testcase name="Update_Account_Details" time="9.816" classname="SupportClasses.Account_Lookup"/>
  <testcase name="Update_Account_Details" time="10.058" classname="SupportClasses.Account_Lookup"/>
  <testcase name="Update_Account_Details" time="7.397" classname="SupportClasses.Account_Lookup"/>
  <testcase name="Update_Account_Details" time="7.492" classname="SupportClasses.Account_Lookup"/>
  <testcase name="Update_Account_Details" time="6.825" classname="SupportClasses.Account_Lookup"/>
  <testcase name="Update_Account_Details" time="8.664" classname="SupportClasses.Account_Lookup"/>
  <testcase name="Update_Account_Details" time="4.035" classname="SupportClasses.Account_Lookup"/>
  <testcase name="Update_Account_Details" time="12.673" classname="SupportClasses.Account_Lookup"/>
  <testcase name="Update_Account_Details" time="8.113" classname="SupportClasses.Account_Lookup"/>
  <testcase name="Update_Account_Details" time="4.045" classname="SupportClasses.Account_Lookup"/>
  <testcase name="Update_Account_Details" time="7.707" classname="SupportClasses.Account_Lookup"/>
  <testcase name="Update_Account_Details" time="6.658" classname="SupportClasses.Account_Lookup"/>
  <testcase name="Update_Account_Details" time="7.800" classname="SupportClasses.Account_Lookup"/>
  <testcase name="Update_Account_Details" time="9.110" classname="SupportClasses.Account_Lookup"/>
  <testcase name="Update_Account_Details" time="6.835" classname="SupportClasses.Account_Lookup"/>
  <testcase name="Update_Account_Details" time="6.993" classname="SupportClasses.Account_Lookup"/>
  <testcase name="Update_Account_Details" time="8.103" classname="SupportClasses.Account_Lookup"/>
  <testcase name="Update_Account_Details" time="10.567" classname="SupportClasses.Account_Lookup"/>
  <testcase name="Update_Account_Details" time="6.957" classname="SupportClasses.Account_Lookup"/>
  <testcase name="Update_Account_Details" time="7.696" classname="SupportClasses.Account_Lookup"/>
  <testcase name="Update_Account_Details" time="6.910" classname="SupportClasses.Account_Lookup"/>
  <testcase name="Update_Account_Details" time="9.373" classname="SupportClasses.Account_Lookup"/>
  <testcase name="Update_Account_Details" time="10.931" classname="SupportClasses.Account_Lookup"/>
  <testcase name="Update_Account_Details" time="7.328" classname="SupportClasses.Account_Lookup"/>
  <testcase name="Update_Account_Details" time="11.249" classname="SupportClasses.Account_Lookup"/>
  <testcase name="Update_Account_Details" time="7.680" classname="SupportClasses.Account_Lookup"/>
  <testcase name="Update_Account_Details" time="7.208" classname="SupportClasses.Account_Lookup"/>
  <testcase name="Update_Account_Details" time="8.148" classname="SupportClasses.Account_Lookup"/>
  <testcase name="Update_Account_Details" time="7.365" classname="SupportClasses.Account_Lookup"/>
  <testcase name="Update_Account_Details" time="8.698" classname="SupportClasses.Account_Lookup"/>
  <testcase name="Update_Account_Details" time="7.183" classname="SupportClasses.Account_Lookup"/>
  <testcase name="Update_Account_Details" time="8.483" classname="SupportClasses.Account_Lookup"/>
  <testcase name="Update_Account_Details" time="6.624" classname="SupportClasses.Account_Lookup"/>
  <testcase name="Update_Account_Details" time="7.730" classname="SupportClasses.Account_Lookup"/>
  <testcase name="Update_Account_Details" time="6.593" classname="SupportClasses.Account_Lookup"/>
  <testcase name="Update_Account_Details" time="7.950" classname="SupportClasses.Account_Lookup"/>
  <testcase name="Update_Account_Details" time="7.368" classname="SupportClasses.Account_Lookup"/>
  <testcase name="Update_Account_Details" time="14.695" classname="SupportClasses.Account_Lookup"/>
  <testcase name="Update_Account_Details" time="10.640" classname="SupportClasses.Account_Lookup"/>
  <testcase name="Update_Account_Details" time="9.676" classname="SupportClasses.Account_Lookup"/>
  <testcase name="Update_Account_Details" time="8.209" classname="SupportClasses.Account_Lookup"/>
  <testcase name="Update_Account_Details" time="14.232" classname="SupportClasses.Account_Lookup"/>
  <testcase name="Update_Account_Details" time="16.514" classname="SupportClasses.Account_Lookup"/>
  <testcase name="Update_Account_Details" time="6.860" classname="SupportClasses.Account_Lookup"/>
  <testcase name="Update_Account_Details" time="7.052" classname="SupportClasses.Account_Lookup"/>
  <testcase name="Update_Account_Details" time="11.967" classname="SupportClasses.Account_Lookup"/>
  <testcase name="Update_Account_Details" time="7.351" classname="SupportClasses.Account_Lookup"/>
  <testcase name="Update_Account_Details" time="7.686" classname="SupportClasses.Account_Lookup"/>
  <testcase name="Update_Account_Details" time="6.627" classname="SupportClasses.Account_Lookup"/>
  <testcase name="Update_Account_Details" time="7.627" classname="SupportClasses.Account_Lookup"/>
  <testcase name="Update_Account_Details" time="7.525" classname="SupportClasses.Account_Lookup"/>
  <testcase name="Update_Account_Details" time="7.274" classname="SupportClasses.Account_Lookup"/>
  <testcase name="Update_Account_Details" time="6.734" classname="SupportClasses.Account_Lookup"/>
  <testcase name="Update_Account_Details" time="10.634" classname="SupportClasses.Account_Lookup"/>
  <testcase name="Update_Account_Details" time="7.388" classname="SupportClasses.Account_Lookup"/>
  <testcase name="Update_Account_Details" time="8.466" classname="SupportClasses.Account_Lookup"/>
  <testcase name="Update_Account_Details" time="7.713" classname="SupportClasses.Account_Lookup"/>
  <testcase name="Update_Account_Details" time="7.965" classname="SupportClasses.Account_Lookup"/>
  <testcase name="Update_Account_Details" time="7.396" classname="SupportClasses.Account_Lookup"/>
  <testcase name="Update_Account_Details" time="8.579" classname="SupportClasses.Account_Lookup"/>
  <testcase name="Update_Account_Details" time="6.738" classname="SupportClasses.Account_Lookup"/>
  <testcase name="Update_Account_Details" time="7.719" classname="SupportClasses.Account_Lookup"/>
  <testcase name="Update_Account_Details" time="7.807" classname="SupportClasses.Account_Lookup"/>
  <testcase name="Update_Account_Details" time="5.010" classname="SupportClasses.Account_Lookup"/>
  <testcase name="Update_Account_Details" time="7.715" classname="SupportClasses.Account_Lookup"/>
  <testcase name="Update_Account_Details" time="11.040" classname="SupportClasses.Account_Lookup"/>
  <testcase name="Update_Account_Details" time="10.896" classname="SupportClasses.Account_Lookup"/>
  <testcase name="Update_Account_Details" time="7.067" classname="SupportClasses.Account_Lookup"/>
  <testcase name="Update_Account_Details" time="7.146" classname="SupportClasses.Account_Lookup"/>
  <testcase name="Update_Account_Details" time="3.743" classname="SupportClasses.Account_Lookup"/>
  <testcase name="Update_Account_Details" time="8.020" classname="SupportClasses.Account_Lookup"/>
  <testcase name="Update_Account_Details" time="6.904" classname="SupportClasses.Account_Lookup"/>
  <testcase name="Update_Account_Details" time="11.522" classname="SupportClasses.Account_Lookup"/>
  <testcase name="Update_Account_Details" time="11.399" classname="SupportClasses.Account_Lookup"/>
  <testcase name="Update_Account_Details" time="5.578" classname="SupportClasses.Account_Lookup"/>
  <testcase name="Update_Account_Details" time="6.699" classname="SupportClasses.Account_Lookup"/>
  <testcase name="Update_Account_Details" time="8.764" classname="SupportClasses.Account_Lookup"/>
  <testcase name="Update_Account_Details" time="7.312" classname="SupportClasses.Account_Lookup"/>
  <testcase name="Update_Account_Details" time="10.526" classname="SupportClasses.Account_Lookup"/>
  <testcase name="Update_Account_Details" time="7.260" classname="SupportClasses.Account_Lookup"/>
  <testcase name="Update_Account_Details" time="6.862" classname="SupportClasses.Account_Lookup"/>
  <testcase name="Update_Account_Details" time="8.012" classname="SupportClasses.Account_Lookup"/>
  <testcase name="Update_Account_Details" time="10.085" classname="SupportClasses.Account_Lookup"/>
  <testcase name="Update_Account_Details" time="13.405" classname="SupportClasses.Account_Lookup"/>
  <testcase name="Update_Account_Details" time="7.766" classname="SupportClasses.Account_Lookup"/>
  <testcase name="Update_Account_Details" time="7.561" classname="SupportClasses.Account_Lookup"/>
  <testcase name="Update_Account_Details" time="6.251" classname="SupportClasses.Account_Lookup"/>
  <testcase name="Update_Account_Details" time="7.099" classname="SupportClasses.Account_Lookup"/>
  <testcase name="Update_Account_Details" time="7.528" classname="SupportClasses.Account_Lookup"/>
  <testcase name="Update_Account_Details" time="7.903" classname="SupportClasses.Account_Lookup"/>
  <testcase name="Update_Account_Details" time="10.889" classname="SupportClasses.Account_Lookup"/>
  <testcase name="Update_Account_Details" time="11.058" classname="SupportClasses.Account_Lookup"/>
  <testcase name="Update_Account_Details" time="6.655" classname="SupportClasses.Account_Lookup"/>
  <testcase name="Update_Account_Details" time="11.462" classname="SupportClasses.Account_Lookup"/>
  <testcase name="Update_Account_Details" time="9.052" classname="SupportClasses.Account_Lookup"/>
  <testcase name="Update_Account_Details" time="6.887" classname="SupportClasses.Account_Lookup"/>
  <testcase name="Update_Account_Details" time="7.934" classname="SupportClasses.Account_Lookup"/>
  <testcase name="Update_Account_Details" time="7.728" classname="SupportClasses.Account_Lookup"/>
  <testcase name="Update_Account_Details" time="9.052" classname="SupportClasses.Account_Lookup"/>
  <testcase name="Update_Account_Details" time="8.175" classname="SupportClasses.Account_Lookup"/>
  <testcase name="Update_Account_Details" time="3.031" classname="SupportClasses.Account_Lookup"/>
  <testcase name="Update_Account_Details" time="7.681" classname="SupportClasses.Account_Lookup"/>
  <testcase name="Update_Account_Details" time="8.632" classname="SupportClasses.Account_Lookup"/>
  <testcase name="Update_Account_Details" time="10.451" classname="SupportClasses.Account_Lookup"/>
  <testcase name="Update_Account_Details" time="4.835" classname="SupportClasses.Account_Lookup"/>
  <testcase name="Update_Account_Details" time="7.328" classname="SupportClasses.Account_Lookup"/>
  <testcase name="Update_Account_Details" time="7.233" classname="SupportClasses.Account_Lookup"/>
  <testcase name="Update_Account_Details" time="7.225" classname="SupportClasses.Account_Lookup"/>
  <testcase name="Update_Account_Details" time="7.388" classname="SupportClasses.Account_Lookup"/>
  <testcase name="Update_Account_Details" time="6.856" classname="SupportClasses.Account_Lookup"/>
  <testcase name="Update_Account_Details" time="6.773" classname="SupportClasses.Account_Lookup"/>
  <testcase name="Update_Account_Details" time="13.330" classname="SupportClasses.Account_Lookup"/>
  <testcase name="Update_Account_Details" time="8.806" classname="SupportClasses.Account_Lookup"/>
  <testcase name="Update_Account_Details" time="9.344" classname="SupportClasses.Account_Lookup"/>
  <testcase name="Update_Account_Details" time="7.080" classname="SupportClasses.Account_Lookup"/>
  <testcase name="Update_Account_Details" time="5.316" classname="SupportClasses.Account_Lookup"/>
  <testcase name="Update_Account_Details" time="8.832" classname="SupportClasses.Account_Lookup"/>
  <testcase name="Update_Account_Details" time="7.597" classname="SupportClasses.Account_Lookup"/>
  <testcase name="Update_Account_Details" time="8.267" classname="SupportClasses.Account_Lookup"/>
  <testcase name="Update_Account_Details" time="8.802" classname="SupportClasses.Account_Lookup"/>
  <testcase name="Update_Account_Details" time="8.397" classname="SupportClasses.Account_Lookup"/>
  <testcase name="Update_Account_Details" time="7.075" classname="SupportClasses.Account_Lookup"/>
  <testcase name="Update_Account_Details" time="8.326" classname="SupportClasses.Account_Lookup"/>
  <testcase name="Update_Account_Details" time="8.410" classname="SupportClasses.Account_Lookup"/>
  <testcase name="Update_Account_Details" time="8.062" classname="SupportClasses.Account_Lookup"/>
  <testcase name="Update_Account_Details" time="11.000" classname="SupportClasses.Account_Lookup"/>
  <testcase name="Update_Account_Details" time="14.388" classname="SupportClasses.Account_Lookup"/>
  <testcase name="Update_Account_Details" time="7.782" classname="SupportClasses.Account_Lookup"/>
  <testcase name="Update_Account_Details" time="7.692" classname="SupportClasses.Account_Lookup"/>
  <testcase name="Update_Account_Details" time="8.024" classname="SupportClasses.Account_Lookup"/>
  <testcase name="Update_Account_Details" time="7.922" classname="SupportClasses.Account_Lookup"/>
  <testcase name="Update_Account_Details" time="7.197" classname="SupportClasses.Account_Lookup"/>
  <testcase name="Update_Account_Details" time="8.200" classname="SupportClasses.Account_Lookup"/>
  <testcase name="Update_Account_Details" time="7.350" classname="SupportClasses.Account_Lookup"/>
  <testcase name="Update_Account_Details" time="15.344" classname="SupportClasses.Account_Lookup"/>
  <testcase name="Update_Account_Details" time="10.863" classname="SupportClasses.Account_Lookup"/>
  <testcase name="Update_Account_Details" time="8.544" classname="SupportClasses.Account_Lookup"/>
  <testcase name="Update_Account_Details" time="5.008" classname="SupportClasses.Account_Lookup"/>
  <testcase name="Update_Account_Details" time="11.593" classname="SupportClasses.Account_Lookup"/>
  <testcase name="Update_Account_Details" time="6.781" classname="SupportClasses.Account_Lookup"/>
  <testcase name="Update_Account_Details" time="8.699" classname="SupportClasses.Account_Lookup"/>
  <testcase name="Update_Account_Details" time="7.073" classname="SupportClasses.Account_Lookup"/>
  <testcase name="Update_Account_Details" time="4.184" classname="SupportClasses.Account_Lookup"/>
  <testcase name="Update_Account_Details" time="7.161" classname="SupportClasses.Account_Lookup"/>
  <testcase name="Update_Account_Details" time="7.828" classname="SupportClasses.Account_Lookup"/>
  <testcase name="Update_Account_Details" time="8.471" classname="SupportClasses.Account_Lookup"/>
  <testcase name="Update_Account_Details" time="5.248" classname="SupportClasses.Account_Lookup"/>
  <testcase name="Update_Account_Details" time="8.076" classname="SupportClasses.Account_Lookup"/>
  <testcase name="Update_Account_Details" time="7.953" classname="SupportClasses.Account_Lookup"/>
  <testcase name="Update_Account_Details" time="6.326" classname="SupportClasses.Account_Lookup"/>
  <testcase name="Update_Account_Details" time="8.171" classname="SupportClasses.Account_Lookup"/>
  <testcase name="Update_Account_Details" time="8.895" classname="SupportClasses.Account_Lookup"/>
  <testcase name="Update_Account_Details" time="8.043" classname="SupportClasses.Account_Lookup"/>
  <testcase name="Update_Account_Details" time="8.921" classname="SupportClasses.Account_Lookup"/>
  <testcase name="Update_Account_Details" time="8.257" classname="SupportClasses.Account_Lookup"/>
  <testcase name="Update_Account_Details" time="6.969" classname="SupportClasses.Account_Lookup"/>
  <testcase name="Update_Account_Details" time="6.640" classname="SupportClasses.Account_Lookup"/>
  <testcase name="Update_Account_Details" time="8.496" classname="SupportClasses.Account_Lookup"/>
  <testcase name="Update_Account_Details" time="7.079" classname="SupportClasses.Account_Lookup"/>
  <testcase name="Update_Account_Details" time="7.179" classname="SupportClasses.Account_Lookup"/>
  <testcase name="Update_Account_Details" time="8.384" classname="SupportClasses.Account_Lookup"/>
  <testcase name="Update_Account_Details" time="8.131" classname="SupportClasses.Account_Lookup"/>
  <testcase name="Update_Account_Details" time="7.603" classname="SupportClasses.Account_Lookup"/>
  <testcase name="Update_Account_Details" time="7.462" classname="SupportClasses.Account_Lookup"/>
  <testcase name="Update_Account_Details" time="6.023" classname="SupportClasses.Account_Lookup"/>
  <testcase name="AccountCheck" classname="SupportClasses.Account_Lookup">
    <skipped/>
  </testcase> <!-- AccountCheck -->
</testsuite> <!-- SupportClasses.Account_Lookup -->
