<?xml version="1.0" encoding="UTF-8"?>
<!-- Generated by org.testng.reporters.JUnitReportReporter -->
<testsuite skipped="2" hostname="WTC-5159473-l2" name="CXS_Support.USRC_General" tests="168" failures="0" timestamp="25 Jan 2019 22:52:45 GMT" time="3019.214" errors="0">
  <testcase name="CheckLogin" time="15.193" classname="CXS_Support.USRC_General"/>
  <testcase name="CheckLogin" time="10.688" classname="CXS_Support.USRC_General"/>
  <testcase name="CheckLogin" time="25.993" classname="CXS_Support.USRC_General"/>
  <testcase name="CheckLogin" time="13.920" classname="CXS_Support.USRC_General"/>
  <testcase name="CheckLogin" time="22.688" classname="CXS_Support.USRC_General"/>
  <testcase name="CheckLogin" time="19.816" classname="CXS_Support.USRC_General"/>
  <testcase name="CheckLogin" time="13.024" classname="CXS_Support.USRC_General"/>
  <testcase name="CheckLogin" time="28.562" classname="CXS_Support.USRC_General"/>
  <testcase name="CheckLogin" time="17.196" classname="CXS_Support.USRC_General"/>
  <testcase name="CheckLogin" time="24.994" classname="CXS_Support.USRC_General"/>
  <testcase name="CheckLogin" time="17.817" classname="CXS_Support.USRC_General"/>
  <testcase name="CheckLogin" time="20.982" classname="CXS_Support.USRC_General"/>
  <testcase name="CheckLogin" time="17.112" classname="CXS_Support.USRC_General"/>
  <testcase name="CheckLogin" time="20.403" classname="CXS_Support.USRC_General"/>
  <testcase name="CheckLogin" time="17.148" classname="CXS_Support.USRC_General"/>
  <testcase name="CheckLogin" time="19.927" classname="CXS_Support.USRC_General"/>
  <testcase name="CheckLogin" time="18.557" classname="CXS_Support.USRC_General"/>
  <testcase name="CheckLogin" time="12.874" classname="CXS_Support.USRC_General"/>
  <testcase name="CheckLogin" time="16.057" classname="CXS_Support.USRC_General"/>
  <testcase name="CheckLogin" time="28.405" classname="CXS_Support.USRC_General"/>
  <testcase name="CheckLogin" time="16.840" classname="CXS_Support.USRC_General"/>
  <testcase name="CheckLogin" time="17.437" classname="CXS_Support.USRC_General"/>
  <testcase name="CheckLogin" time="24.148" classname="CXS_Support.USRC_General"/>
  <testcase name="CheckLogin" time="18.437" classname="CXS_Support.USRC_General"/>
  <testcase name="CheckLogin" time="16.959" classname="CXS_Support.USRC_General"/>
  <testcase name="CheckLogin" time="16.845" classname="CXS_Support.USRC_General"/>
  <testcase name="CheckLogin" time="7.843" classname="CXS_Support.USRC_General"/>
  <testcase name="CheckLogin" time="19.467" classname="CXS_Support.USRC_General"/>
  <testcase name="CheckLogin" time="21.506" classname="CXS_Support.USRC_General"/>
  <testcase name="CheckLogin" time="24.903" classname="CXS_Support.USRC_General"/>
  <testcase name="CheckLogin" time="11.381" classname="CXS_Support.USRC_General"/>
  <testcase name="CheckLogin" time="10.659" classname="CXS_Support.USRC_General"/>
  <testcase name="CheckLogin" time="17.657" classname="CXS_Support.USRC_General"/>
  <testcase name="CheckLogin" time="16.122" classname="CXS_Support.USRC_General"/>
  <testcase name="CheckLogin" time="24.843" classname="CXS_Support.USRC_General"/>
  <testcase name="CheckLogin" time="24.963" classname="CXS_Support.USRC_General"/>
  <testcase name="CheckLogin" time="28.165" classname="CXS_Support.USRC_General"/>
  <testcase name="CheckLogin" time="16.887" classname="CXS_Support.USRC_General"/>
  <testcase name="CheckLogin" time="14.490" classname="CXS_Support.USRC_General"/>
  <testcase name="CheckLogin" time="19.888" classname="CXS_Support.USRC_General"/>
  <testcase name="CheckLogin" time="24.933" classname="CXS_Support.USRC_General"/>
  <testcase name="CheckLogin" time="23.576" classname="CXS_Support.USRC_General"/>
  <testcase name="CheckLogin" time="15.012" classname="CXS_Support.USRC_General"/>
  <testcase name="CheckLogin" time="10.475" classname="CXS_Support.USRC_General"/>
  <testcase name="CheckLogin" time="15.507" classname="CXS_Support.USRC_General"/>
  <testcase name="CheckLogin" time="15.871" classname="CXS_Support.USRC_General"/>
  <testcase name="CheckLogin" time="7.676" classname="CXS_Support.USRC_General"/>
  <testcase name="CheckLogin" time="21.734" classname="CXS_Support.USRC_General"/>
  <testcase name="CheckLogin" time="18.426" classname="CXS_Support.USRC_General"/>
  <testcase name="CheckLogin" time="16.636" classname="CXS_Support.USRC_General"/>
  <testcase name="CheckLogin" time="19.384" classname="CXS_Support.USRC_General"/>
  <testcase name="CheckLogin" time="20.567" classname="CXS_Support.USRC_General"/>
  <testcase name="CheckLogin" time="18.201" classname="CXS_Support.USRC_General"/>
  <testcase name="CheckLogin" time="19.627" classname="CXS_Support.USRC_General"/>
  <testcase name="CheckLogin" time="19.856" classname="CXS_Support.USRC_General"/>
  <testcase name="CheckLogin" time="24.392" classname="CXS_Support.USRC_General"/>
  <testcase name="CheckLogin" time="11.949" classname="CXS_Support.USRC_General"/>
  <testcase name="CheckLogin" time="19.835" classname="CXS_Support.USRC_General"/>
  <testcase name="CheckLogin" time="13.607" classname="CXS_Support.USRC_General"/>
  <testcase name="CheckLogin" time="18.423" classname="CXS_Support.USRC_General"/>
  <testcase name="CheckLogin" time="17.435" classname="CXS_Support.USRC_General"/>
  <testcase name="CheckLogin" time="19.602" classname="CXS_Support.USRC_General"/>
  <testcase name="CheckLogin" time="9.137" classname="CXS_Support.USRC_General"/>
  <testcase name="CheckLogin" time="19.968" classname="CXS_Support.USRC_General"/>
  <testcase name="CheckLogin" time="16.812" classname="CXS_Support.USRC_General"/>
  <testcase name="CheckLogin" time="20.099" classname="CXS_Support.USRC_General"/>
  <testcase name="CheckLogin" time="11.290" classname="CXS_Support.USRC_General"/>
  <testcase name="CheckLogin" time="15.374" classname="CXS_Support.USRC_General"/>
  <testcase name="CheckLogin" time="9.462" classname="CXS_Support.USRC_General"/>
  <testcase name="CheckLogin" time="19.103" classname="CXS_Support.USRC_General"/>
  <testcase name="CheckLogin" time="18.665" classname="CXS_Support.USRC_General"/>
  <testcase name="CheckLogin" time="18.412" classname="CXS_Support.USRC_General"/>
  <testcase name="CheckLogin" time="24.216" classname="CXS_Support.USRC_General"/>
  <testcase name="CheckLogin" time="25.715" classname="CXS_Support.USRC_General"/>
  <testcase name="CheckLogin" time="23.081" classname="CXS_Support.USRC_General"/>
  <testcase name="CheckLogin" time="14.888" classname="CXS_Support.USRC_General"/>
  <testcase name="CheckLogin" time="11.339" classname="CXS_Support.USRC_General"/>
  <testcase name="CheckLogin" time="16.465" classname="CXS_Support.USRC_General"/>
  <testcase name="CheckLogin" time="17.845" classname="CXS_Support.USRC_General"/>
  <testcase name="CheckLogin" time="14.374" classname="CXS_Support.USRC_General"/>
  <testcase name="CheckLogin" time="10.543" classname="CXS_Support.USRC_General"/>
  <testcase name="CheckLogin" time="20.655" classname="CXS_Support.USRC_General"/>
  <testcase name="CheckLogin" time="15.250" classname="CXS_Support.USRC_General"/>
  <testcase name="CheckLogin" time="18.473" classname="CXS_Support.USRC_General"/>
  <testcase name="CheckLogin" time="20.992" classname="CXS_Support.USRC_General"/>
  <testcase name="CheckLogin" time="25.404" classname="CXS_Support.USRC_General"/>
  <testcase name="CheckLogin" time="24.039" classname="CXS_Support.USRC_General"/>
  <testcase name="CheckLogin" time="8.281" classname="CXS_Support.USRC_General"/>
  <testcase name="CheckLogin" time="27.675" classname="CXS_Support.USRC_General"/>
  <testcase name="CheckLogin" time="21.761" classname="CXS_Support.USRC_General"/>
  <testcase name="CheckLogin" time="16.034" classname="CXS_Support.USRC_General"/>
  <testcase name="CheckLogin" time="18.511" classname="CXS_Support.USRC_General"/>
  <testcase name="CheckLogin" time="26.437" classname="CXS_Support.USRC_General"/>
  <testcase name="CheckLogin" time="19.713" classname="CXS_Support.USRC_General"/>
  <testcase name="CheckLogin" time="25.368" classname="CXS_Support.USRC_General"/>
  <testcase name="CheckLogin" time="9.039" classname="CXS_Support.USRC_General"/>
  <testcase name="CheckLogin" time="14.489" classname="CXS_Support.USRC_General"/>
  <testcase name="CheckLogin" time="17.262" classname="CXS_Support.USRC_General"/>
  <testcase name="CheckLogin" time="19.553" classname="CXS_Support.USRC_General"/>
  <testcase name="CheckLogin" time="12.688" classname="CXS_Support.USRC_General"/>
  <testcase name="CheckLogin" time="11.897" classname="CXS_Support.USRC_General"/>
  <testcase name="CheckLogin" time="20.888" classname="CXS_Support.USRC_General"/>
  <testcase name="CheckLogin" time="17.226" classname="CXS_Support.USRC_General"/>
  <testcase name="CheckLogin" time="17.720" classname="CXS_Support.USRC_General"/>
  <testcase name="CheckLogin" time="22.586" classname="CXS_Support.USRC_General"/>
  <testcase name="CheckLogin" time="26.864" classname="CXS_Support.USRC_General"/>
  <testcase name="CheckLogin" time="12.022" classname="CXS_Support.USRC_General"/>
  <testcase name="CheckLogin" time="24.374" classname="CXS_Support.USRC_General"/>
  <testcase name="CheckLogin" time="24.007" classname="CXS_Support.USRC_General"/>
  <testcase name="CheckLogin" time="13.358" classname="CXS_Support.USRC_General"/>
  <testcase name="CheckLogin" time="16.988" classname="CXS_Support.USRC_General"/>
  <testcase name="CheckLogin" time="11.168" classname="CXS_Support.USRC_General"/>
  <testcase name="CheckLogin" time="17.787" classname="CXS_Support.USRC_General"/>
  <testcase name="CheckLogin" time="17.145" classname="CXS_Support.USRC_General"/>
  <testcase name="CheckLogin" time="19.363" classname="CXS_Support.USRC_General"/>
  <testcase name="CheckLogin" time="23.305" classname="CXS_Support.USRC_General"/>
  <testcase name="CheckLogin" time="17.780" classname="CXS_Support.USRC_General"/>
  <testcase name="CheckLogin" time="24.486" classname="CXS_Support.USRC_General"/>
  <testcase name="CheckLogin" time="16.193" classname="CXS_Support.USRC_General"/>
  <testcase name="CheckLogin" time="20.252" classname="CXS_Support.USRC_General"/>
  <testcase name="CheckLogin" time="12.976" classname="CXS_Support.USRC_General"/>
  <testcase name="CheckLogin" time="15.630" classname="CXS_Support.USRC_General"/>
  <testcase name="CheckLogin" time="17.677" classname="CXS_Support.USRC_General"/>
  <testcase name="CheckLogin" time="20.913" classname="CXS_Support.USRC_General"/>
  <testcase name="CheckLogin" time="25.354" classname="CXS_Support.USRC_General"/>
  <testcase name="CheckLogin" time="17.350" classname="CXS_Support.USRC_General"/>
  <testcase name="CheckLogin" time="21.095" classname="CXS_Support.USRC_General"/>
  <testcase name="CheckLogin" time="24.770" classname="CXS_Support.USRC_General"/>
  <testcase name="CheckLogin" time="19.451" classname="CXS_Support.USRC_General"/>
  <testcase name="CheckLogin" time="18.391" classname="CXS_Support.USRC_General"/>
  <testcase name="CheckLogin" time="14.275" classname="CXS_Support.USRC_General"/>
  <testcase name="CheckLogin" time="16.917" classname="CXS_Support.USRC_General"/>
  <testcase name="CheckLogin" time="6.344" classname="CXS_Support.USRC_General"/>
  <testcase name="CheckLogin" time="19.271" classname="CXS_Support.USRC_General"/>
  <testcase name="CheckLogin" time="15.964" classname="CXS_Support.USRC_General"/>
  <testcase name="CheckLogin" time="23.440" classname="CXS_Support.USRC_General"/>
  <testcase name="CheckLogin" time="16.854" classname="CXS_Support.USRC_General"/>
  <testcase name="CheckLogin" time="7.401" classname="CXS_Support.USRC_General"/>
  <testcase name="CheckLogin" time="6.250" classname="CXS_Support.USRC_General"/>
  <testcase name="CheckLogin" time="10.350" classname="CXS_Support.USRC_General"/>
  <testcase name="CheckLogin" time="16.785" classname="CXS_Support.USRC_General"/>
  <testcase name="CheckLogin" time="16.134" classname="CXS_Support.USRC_General"/>
  <testcase name="CheckLogin" time="15.489" classname="CXS_Support.USRC_General"/>
  <testcase name="CheckLogin" time="20.191" classname="CXS_Support.USRC_General"/>
  <testcase name="CheckLogin" time="29.509" classname="CXS_Support.USRC_General"/>
  <testcase name="CheckLogin" time="22.425" classname="CXS_Support.USRC_General"/>
  <testcase name="CheckLogin" time="23.762" classname="CXS_Support.USRC_General"/>
  <testcase name="CheckLogin" time="21.793" classname="CXS_Support.USRC_General"/>
  <testcase name="CheckLogin" time="24.244" classname="CXS_Support.USRC_General"/>
  <testcase name="CheckLogin" time="24.365" classname="CXS_Support.USRC_General"/>
  <testcase name="CheckLogin" time="20.349" classname="CXS_Support.USRC_General"/>
  <testcase name="CheckLogin" time="14.668" classname="CXS_Support.USRC_General"/>
  <testcase name="CheckLogin" time="20.553" classname="CXS_Support.USRC_General"/>
  <testcase name="CheckLogin" time="10.101" classname="CXS_Support.USRC_General"/>
  <testcase name="CheckLogin" time="13.726" classname="CXS_Support.USRC_General"/>
  <testcase name="CheckLogin" time="16.964" classname="CXS_Support.USRC_General"/>
  <testcase name="CheckLogin" time="18.960" classname="CXS_Support.USRC_General"/>
  <testcase name="CheckLogin" time="15.959" classname="CXS_Support.USRC_General"/>
  <testcase name="CheckLogin" time="11.732" classname="CXS_Support.USRC_General"/>
  <testcase name="CheckLogin" time="14.982" classname="CXS_Support.USRC_General"/>
  <testcase name="CheckLogin" time="15.363" classname="CXS_Support.USRC_General"/>
  <testcase name="CheckLogin" time="19.619" classname="CXS_Support.USRC_General"/>
  <testcase name="CheckLogin" time="20.098" classname="CXS_Support.USRC_General"/>
  <testcase name="CheckLogin" time="23.466" classname="CXS_Support.USRC_General"/>
  <testcase name="CheckLogin" time="19.714" classname="CXS_Support.USRC_General"/>
  <testcase name="CheckLogin" time="20.249" classname="CXS_Support.USRC_General"/>
  <testcase name="CheckIfUserInvalidLogin" classname="CXS_Support.USRC_General">
    <skipped/>
  </testcase> <!-- CheckIfUserInvalidLogin -->
  <testcase name="CreateUsers" classname="CXS_Support.USRC_General">
    <skipped/>
  </testcase> <!-- CreateUsers -->
</testsuite> <!-- CXS_Support.USRC_General -->
