<?xml version="1.0" encoding="UTF-8"?>
<!-- Generated by org.testng.reporters.JUnitReportReporter -->
<testsuite skipped="0" hostname="WTC-5159473-l2" name="SupportClasses.Account_Lookup" tests="10" failures="0" timestamp="02 Apr 2019 20:21:06 GMT" time="36.182" errors="0">
  <testcase name="AccountCheck" time="2.717" classname="SupportClasses.Account_Lookup"/>
  <testcase name="AccountCheck" time="2.517" classname="SupportClasses.Account_Lookup"/>
  <testcase name="AccountCheck" time="3.394" classname="SupportClasses.Account_Lookup"/>
  <testcase name="AccountCheck" time="2.314" classname="SupportClasses.Account_Lookup"/>
  <testcase name="AccountCheck" time="2.599" classname="SupportClasses.Account_Lookup"/>
  <testcase name="AccountCheck" time="3.021" classname="SupportClasses.Account_Lookup"/>
  <testcase name="AccountCheck" time="3.135" classname="SupportClasses.Account_Lookup"/>
  <testcase name="AccountCheck" time="2.495" classname="SupportClasses.Account_Lookup"/>
  <testcase name="AccountCheck" time="2.552" classname="SupportClasses.Account_Lookup"/>
  <testcase name="AccountCheck" time="11.438" classname="SupportClasses.Account_Lookup"/>
</testsuite> <!-- SupportClasses.Account_Lookup -->
