<?xml version="1.0" encoding="UTF-8"?>
<!-- Generated by org.testng.reporters.JUnitReportReporter -->
<testsuite skipped="3" hostname="WTC-5159473-l2" name="TestNG.WFCL" tests="4" failures="0" timestamp="26 Oct 2018 03:27:54 GMT" time="205.631" errors="0">
  <testcase name="WFCL_AccountRegistration_Admin" time="205.631" classname="TestNG.WFCL"/>
  <testcase name="WFCL_WADM_Invitaiton" classname="TestNG.WFCL">
    <skipped/>
  </testcase> <!-- WFCL_WADM_Invitaiton -->
  <testcase name="WFCL_TNT_Vat_Validation" classname="TestNG.WFCL">
    <skipped/>
  </testcase> <!-- WFCL_TNT_Vat_Validation -->
  <testcase name="WFCL_AccountRegistration_GFBO" classname="TestNG.WFCL">
    <skipped/>
  </testcase> <!-- WFCL_AccountRegistration_GFBO -->
</testsuite> <!-- TestNG.WFCL -->
