<?xml version="1.0" encoding="UTF-8"?>
<!-- Generated by org.testng.reporters.JUnitReportReporter -->
<testsuite skipped="9" hostname="WTC-5159473-l2" name="Mission_Critical.MC_PI_2" tests="11" failures="2" timestamp="04 Feb 2019 16:53:39 GMT" time="248.862" errors="0">
  <testcase name="WFCL_Email_BounceBack_Email_Error" time="95.365" classname="Mission_Critical.MC_PI_2">
    <failure type="java.lang.AssertionError" message="accept@tencharacttencharacttencharacttencharacttencharacttencharacttencharacttencharacttencharacttencharacttencharacttencharacttencharacttencharacttencharacttencharacttencharacttencharact1234567.com   a@b.c   tencharacttencharacttencharacttencharacttencharacttencharact1234@tencharacttencharacttencharacttencharacttencharacttencharacttencharacttencharacttencharacttencharacttencharacttencharacttencharacttencharacttencharacttencharacttencharacttencharact1234567.com   ">
      <![CDATA[java.lang.AssertionError: accept@tencharacttencharacttencharacttencharacttencharacttencharacttencharacttencharacttencharacttencharacttencharacttencharacttencharacttencharacttencharacttencharacttencharacttencharact1234567.com   a@b.c   tencharacttencharacttencharacttencharacttencharacttencharact1234@tencharacttencharacttencharacttencharacttencharacttencharacttencharacttencharacttencharacttencharacttencharacttencharacttencharacttencharacttencharacttencharacttencharacttencharact1234567.com   
at org.testng.Assert.fail(Assert.java:96)
at Mission_Critical.MC_PI_2.WFCL_Email_BounceBack_Email_Error(MC_PI_2.java:455)
at sun.reflect.NativeMethodAccessorImpl.invoke0(Native Method)
at sun.reflect.NativeMethodAccessorImpl.invoke(Unknown Source)
at sun.reflect.DelegatingMethodAccessorImpl.invoke(Unknown Source)
at java.lang.reflect.Method.invoke(Unknown Source)
at org.testng.internal.MethodInvocationHelper.invokeMethod(MethodInvocationHelper.java:124)
at org.testng.internal.Invoker.invokeMethod(Invoker.java:580)
at org.testng.internal.Invoker.invokeTestMethod(Invoker.java:716)
at org.testng.internal.TestMethodWithDataProviderMethodWorker.call(TestMethodWithDataProviderMethodWorker.java:71)
at org.testng.internal.TestMethodWithDataProviderMethodWorker.call(TestMethodWithDataProviderMethodWorker.java:14)
at java.util.concurrent.FutureTask.run(Unknown Source)
at java.util.concurrent.Executors$RunnableAdapter.call(Unknown Source)
at java.util.concurrent.FutureTask.run(Unknown Source)
at java.util.concurrent.ThreadPoolExecutor.runWorker(Unknown Source)
at java.util.concurrent.ThreadPoolExecutor$Worker.run(Unknown Source)
at java.lang.Thread.run(Unknown Source)
]]>
    </failure>
  </testcase> <!-- WFCL_Email_BounceBack_Email_Error -->
  <testcase name="WFCL_Email_BounceBack_Email_Error" time="153.497" classname="Mission_Critical.MC_PI_2">
    <failure type="java.lang.AssertionError" message="ac=c@fed.com   a/cc@fed.com   a?cc@fed.com   a^cc@fed.com   ac&#039;c@fed.com   ac&amp;c@fed.com   ac{c@fed.com   ac}c@fed.com   ac(c@fed.com   ac)c@fed.com   a~cc@fed.com   a+cc@fed.com   ">
      <![CDATA[java.lang.AssertionError: ac=c@fed.com   a/cc@fed.com   a?cc@fed.com   a^cc@fed.com   ac'c@fed.com   ac&c@fed.com   ac{c@fed.com   ac}c@fed.com   ac(c@fed.com   ac)c@fed.com   a~cc@fed.com   a+cc@fed.com   
at org.testng.Assert.fail(Assert.java:96)
at Mission_Critical.MC_PI_2.WFCL_Email_BounceBack_Email_Error(MC_PI_2.java:455)
at sun.reflect.NativeMethodAccessorImpl.invoke0(Native Method)
at sun.reflect.NativeMethodAccessorImpl.invoke(Unknown Source)
at sun.reflect.DelegatingMethodAccessorImpl.invoke(Unknown Source)
at java.lang.reflect.Method.invoke(Unknown Source)
at org.testng.internal.MethodInvocationHelper.invokeMethod(MethodInvocationHelper.java:124)
at org.testng.internal.Invoker.invokeMethod(Invoker.java:580)
at org.testng.internal.Invoker.invokeTestMethod(Invoker.java:716)
at org.testng.internal.TestMethodWithDataProviderMethodWorker.call(TestMethodWithDataProviderMethodWorker.java:71)
at org.testng.internal.TestMethodWithDataProviderMethodWorker.call(TestMethodWithDataProviderMethodWorker.java:14)
at java.util.concurrent.FutureTask.run(Unknown Source)
at java.util.concurrent.Executors$RunnableAdapter.call(Unknown Source)
at java.util.concurrent.FutureTask.run(Unknown Source)
at java.util.concurrent.ThreadPoolExecutor.runWorker(Unknown Source)
at java.util.concurrent.ThreadPoolExecutor$Worker.run(Unknown Source)
at java.lang.Thread.run(Unknown Source)
]]>
    </failure>
  </testcase> <!-- WFCL_Email_BounceBack_Email_Error -->
  <testcase name="WIDM_Reset_Password_Secret_SamePassword_Error" classname="Mission_Critical.MC_PI_2">
    <skipped/>
  </testcase> <!-- WIDM_Reset_Password_Secret_SamePassword_Error -->
  <testcase name="WFCL_Registration_Email_Validation_Legacy" classname="Mission_Critical.MC_PI_2">
    <skipped/>
  </testcase> <!-- WFCL_Registration_Email_Validation_Legacy -->
  <testcase name="WFCL_Reset_Password_Email_Validation" classname="Mission_Critical.MC_PI_2">
    <skipped/>
  </testcase> <!-- WFCL_Reset_Password_Email_Validation -->
  <testcase name="WIDM_Email_BounceBack" classname="Mission_Critical.MC_PI_2">
    <skipped/>
  </testcase> <!-- WIDM_Email_BounceBack -->
  <testcase name="WFCL_Forgot_UserID_Email_Validation" classname="Mission_Critical.MC_PI_2">
    <skipped/>
  </testcase> <!-- WFCL_Forgot_UserID_Email_Validation -->
  <testcase name="WFCL_Reset_Password_Secret_SamePassword_Error" classname="Mission_Critical.MC_PI_2">
    <skipped/>
  </testcase> <!-- WFCL_Reset_Password_Secret_SamePassword_Error -->
  <testcase name="WFCL_Registration_Email_Validation" classname="Mission_Critical.MC_PI_2">
    <skipped/>
  </testcase> <!-- WFCL_Registration_Email_Validation -->
  <testcase name="BR_TaxID" classname="Mission_Critical.MC_PI_2">
    <skipped/>
  </testcase> <!-- BR_TaxID -->
  <testcase name="WIDM_Forgot_UserID_Email_Validation" classname="Mission_Critical.MC_PI_2">
    <skipped/>
  </testcase> <!-- WIDM_Forgot_UserID_Email_Validation -->
</testsuite> <!-- Mission_Critical.MC_PI_2 -->
