<?xml version="1.0" encoding="UTF-8"?>
<!-- Generated by org.testng.reporters.JUnitReportReporter -->
<testsuite skipped="2" hostname="WTC-5159473-l2" name="WFCL_Application.WFCL_ALL_CCEnroll" tests="3" failures="0" timestamp="18 Mar 2019 15:28:01 GMT" time="165.277" errors="0">
  <testcase name="DiscountValidate" time="165.277" classname="WFCL_Application.WFCL_ALL_CCEnroll"/>
  <testcase name="CreditCardRegistrationEnroll_All" classname="WFCL_Application.WFCL_ALL_CCEnroll">
    <skipped/>
  </testcase> <!-- CreditCardRegistrationEnroll_All -->
  <testcase name="DTFileCheck" classname="WFCL_Application.WFCL_ALL_CCEnroll">
    <skipped/>
  </testcase> <!-- DTFileCheck -->
</testsuite> <!-- WFCL_Application.WFCL_ALL_CCEnroll -->
