<?xml version="1.0" encoding="UTF-8"?>
<!-- Generated by org.testng.reporters.JUnitReportReporter -->
<testsuite skipped="0" hostname="WTC-5159473-l2" name="WaterfallApplications.WDPA" tests="1" failures="0" timestamp="11 Nov 2018 05:13:51 GMT" time="132.997" errors="0">
  <testcase name="Pickup_Express" time="132.997" classname="WaterfallApplications.WDPA"/>
</testsuite> <!-- WaterfallApplications.WDPA -->
