<?xml version="1.0" encoding="UTF-8"?>
<!-- Generated by org.testng.reporters.JUnitReportReporter -->
<testsuite skipped="5" hostname="WTC-5159473-l2" name="TestNG.MFAC" tests="29" failures="0" timestamp="25 Oct 2018 22:50:01 GMT" time="661.755" errors="0">
  <testcase name="IssuePinVelocity" time="36.563" classname="TestNG.MFAC"/>
  <testcase name="IssuePin" time="9.905" classname="TestNG.MFAC"/>
  <testcase name="AddressVelocity" time="46.562" classname="TestNG.MFAC"/>
  <testcase name="AddressVelocity" time="35.586" classname="TestNG.MFAC"/>
  <testcase name="VerifyPinValid" time="21.227" classname="TestNG.MFAC"/>
  <testcase name="IssuePinVelocity" time="20.209" classname="TestNG.MFAC"/>
  <testcase name="VerifyPinVelocity" time="23.983" classname="TestNG.MFAC"/>
  <testcase name="VerifyPinValid" time="16.712" classname="TestNG.MFAC"/>
  <testcase name="VerifyPinValid" time="28.711" classname="TestNG.MFAC"/>
  <testcase name="VerifyPinNoLongerValid" time="35.743" classname="TestNG.MFAC"/>
  <testcase name="IssuePinVelocity" time="30.348" classname="TestNG.MFAC"/>
  <testcase name="IssuePin" time="20.467" classname="TestNG.MFAC"/>
  <testcase name="VerifyPinNoLongerValid" time="31.424" classname="TestNG.MFAC"/>
  <testcase name="AddressVelocity" time="39.293" classname="TestNG.MFAC"/>
  <testcase name="AddressVelocity" time="46.257" classname="TestNG.MFAC"/>
  <testcase name="VerifyPinValid" time="29.222" classname="TestNG.MFAC"/>
  <testcase name="VerifyPinVelocity" time="40.075" classname="TestNG.MFAC"/>
  <testcase name="VerifyPinNoLongerValid" time="27.936" classname="TestNG.MFAC"/>
  <testcase name="VerifyPinVelocity" time="7.677" classname="TestNG.MFAC"/>
  <testcase name="VerifyPinVelocity" time="38.696" classname="TestNG.MFAC"/>
  <testcase name="IssuePin" time="28.649" classname="TestNG.MFAC"/>
  <testcase name="VerifyPinNoLongerValid" time="4.727" classname="TestNG.MFAC"/>
  <testcase name="IssuePin" time="4.983" classname="TestNG.MFAC"/>
  <testcase name="IssuePinVelocity" time="36.800" classname="TestNG.MFAC"/>
  <testcase name="IssuePinExpiration" classname="TestNG.MFAC">
    <skipped/>
  </testcase> <!-- IssuePinExpiration -->
  <testcase name="AdditionalEnrollmentExpiration" classname="TestNG.MFAC">
    <skipped/>
  </testcase> <!-- AdditionalEnrollmentExpiration -->
  <testcase name="DetermineLockoutTime" classname="TestNG.MFAC">
    <skipped/>
  </testcase> <!-- DetermineLockoutTime -->
  <testcase name="AdditionalEnrollmentExpirationValidate" classname="TestNG.MFAC">
    <skipped/>
  </testcase> <!-- AdditionalEnrollmentExpirationValidate -->
  <testcase name="IssuePinExpirationValidate" classname="TestNG.MFAC">
    <skipped/>
  </testcase> <!-- IssuePinExpirationValidate -->
</testsuite> <!-- TestNG.MFAC -->
