<?xml version="1.0" encoding="UTF-8"?>
<!-- Generated by org.testng.reporters.JUnitReportReporter -->
<testsuite skipped="0" hostname="WTC-5159473-l2" name="WIDM_Application.WIDM_PI_2" tests="7" failures="2" timestamp="10 Dec 2018 20:30:21 GMT" time="698.073" errors="0">
  <testcase name="WIDM_Registration_Valid_Email" time="171.193" classname="WIDM_Application.WIDM_PI_2">
    <failure type="java.lang.AssertionError" message="Timed out after 30 seconds waiting for text to be &quot;L2WIDMUS121018T142725vo&quot;. Current text: &quot;null&quot;
Build info: version: &#039;2.53.0&#039;, revision: &#039;35ae25b1534ae328c771e0856c93e187490ca824&#039;, time: &#039;2016-03-15 10:43:46&#039;
System info: host: &#039;WTC-5159473-l2&#039;, ip: &#039;172.27.142.145&#039;, os.name: &#039;Windows 10&#039;, os.arch: &#039;amd64&#039;, os.version: &#039;10.0&#039;, java.version: &#039;1.8.0_191&#039;
Driver info: org.openqa.selenium.chrome.ChromeDriver
Capabilities [{mobileEmulationEnabled=false, hasTouchScreen=false, platform=XP, acceptSslCerts=false, goog:chromeOptions={debuggerAddress=localhost:62268}, acceptInsecureCerts=false, webStorageEnabled=true, browserName=chrome, takesScreenshot=true, javascriptEnabled=true, setWindowRect=true, unexpectedAlertBehaviour=, applicationCacheEnabled=false, rotatable=false, networkConnectionEnabled=false, chrome={chromedriverVersion=2.43.600210 (68dcf5eebde37173d4027fa8635e332711d2874a), userDataDir=C:\Users\5159473\AppData\Local\Temp\scoped_dir26036_3548}, takesHeapSnapshot=true, pageLoadStrategy=normal, databaseEnabled=false, handlesAlerts=true, version=70.0.3538.110, browserConnectionEnabled=false, nativeEvents=true, locationContextEnabled=true, cssSelectorsEnabled=true}]
Session ID: 032de330a20408b087d76f484d7144be">
      <![CDATA[java.lang.AssertionError: Timed out after 30 seconds waiting for text to be "L2WIDMUS121018T142725vo". Current text: "null"
Build info: version: '2.53.0', revision: '35ae25b1534ae328c771e0856c93e187490ca824', time: '2016-03-15 10:43:46'
System info: host: 'WTC-5159473-l2', ip: '172.27.142.145', os.name: 'Windows 10', os.arch: 'amd64', os.version: '10.0', java.version: '1.8.0_191'
Driver info: org.openqa.selenium.chrome.ChromeDriver
Capabilities [{mobileEmulationEnabled=false, hasTouchScreen=false, platform=XP, acceptSslCerts=false, goog:chromeOptions={debuggerAddress=localhost:62268}, acceptInsecureCerts=false, webStorageEnabled=true, browserName=chrome, takesScreenshot=true, javascriptEnabled=true, setWindowRect=true, unexpectedAlertBehaviour=, applicationCacheEnabled=false, rotatable=false, networkConnectionEnabled=false, chrome={chromedriverVersion=2.43.600210 (68dcf5eebde37173d4027fa8635e332711d2874a), userDataDir=C:\Users\5159473\AppData\Local\Temp\scoped_dir26036_3548}, takesHeapSnapshot=true, pageLoadStrategy=normal, databaseEnabled=false, handlesAlerts=true, version=70.0.3538.110, browserConnectionEnabled=false, nativeEvents=true, locationContextEnabled=true, cssSelectorsEnabled=true}]
Session ID: 032de330a20408b087d76f484d7144be
at org.testng.Assert.fail(Assert.java:96)
at WIDM_Application.WIDM_PI_2.WIDM_Registration_Valid_Email(WIDM_PI_2.java:88)
at sun.reflect.NativeMethodAccessorImpl.invoke0(Native Method)
at sun.reflect.NativeMethodAccessorImpl.invoke(Unknown Source)
at sun.reflect.DelegatingMethodAccessorImpl.invoke(Unknown Source)
at java.lang.reflect.Method.invoke(Unknown Source)
at org.testng.internal.MethodInvocationHelper.invokeMethod(MethodInvocationHelper.java:124)
at org.testng.internal.Invoker.invokeMethod(Invoker.java:580)
at org.testng.internal.Invoker.invokeTestMethod(Invoker.java:716)
at org.testng.internal.TestMethodWithDataProviderMethodWorker.call(TestMethodWithDataProviderMethodWorker.java:71)
at org.testng.internal.TestMethodWithDataProviderMethodWorker.call(TestMethodWithDataProviderMethodWorker.java:14)
at java.util.concurrent.FutureTask.run(Unknown Source)
at java.util.concurrent.Executors$RunnableAdapter.call(Unknown Source)
at java.util.concurrent.FutureTask.run(Unknown Source)
at java.util.concurrent.ThreadPoolExecutor.runWorker(Unknown Source)
at java.util.concurrent.ThreadPoolExecutor$Worker.run(Unknown Source)
at java.lang.Thread.run(Unknown Source)
]]>
    </failure>
  </testcase> <!-- WIDM_Registration_Valid_Email -->
  <testcase name="WIDM_Registration_Valid_Email" time="111.263" classname="WIDM_Application.WIDM_PI_2"/>
  <testcase name="WIDM_Registration_Valid_Email" time="127.085" classname="WIDM_Application.WIDM_PI_2"/>
  <testcase name="WIDM_Registration_Valid_Email" time="83.856" classname="WIDM_Application.WIDM_PI_2">
    <failure type="java.lang.AssertionError" message="Timed out after 30 seconds waiting for text to be &quot;L2WIDMUS121018T142725xo&quot;. Current text: &quot;null&quot;
Build info: version: &#039;2.53.0&#039;, revision: &#039;35ae25b1534ae328c771e0856c93e187490ca824&#039;, time: &#039;2016-03-15 10:43:46&#039;
System info: host: &#039;WTC-5159473-l2&#039;, ip: &#039;172.27.142.145&#039;, os.name: &#039;Windows 10&#039;, os.arch: &#039;amd64&#039;, os.version: &#039;10.0&#039;, java.version: &#039;1.8.0_191&#039;
Driver info: org.openqa.selenium.chrome.ChromeDriver
Capabilities [{mobileEmulationEnabled=false, hasTouchScreen=false, platform=XP, acceptSslCerts=false, goog:chromeOptions={debuggerAddress=localhost:62344}, acceptInsecureCerts=false, webStorageEnabled=true, browserName=chrome, takesScreenshot=true, javascriptEnabled=true, setWindowRect=true, unexpectedAlertBehaviour=, applicationCacheEnabled=false, rotatable=false, networkConnectionEnabled=false, chrome={chromedriverVersion=2.43.600210 (68dcf5eebde37173d4027fa8635e332711d2874a), userDataDir=C:\Users\5159473\AppData\Local\Temp\scoped_dir26192_5875}, takesHeapSnapshot=true, pageLoadStrategy=normal, databaseEnabled=false, handlesAlerts=true, version=70.0.3538.110, browserConnectionEnabled=false, nativeEvents=true, locationContextEnabled=true, cssSelectorsEnabled=true}]
Session ID: 4eed7eb79b44d35924d352f1ed965c7c">
      <![CDATA[java.lang.AssertionError: Timed out after 30 seconds waiting for text to be "L2WIDMUS121018T142725xo". Current text: "null"
Build info: version: '2.53.0', revision: '35ae25b1534ae328c771e0856c93e187490ca824', time: '2016-03-15 10:43:46'
System info: host: 'WTC-5159473-l2', ip: '172.27.142.145', os.name: 'Windows 10', os.arch: 'amd64', os.version: '10.0', java.version: '1.8.0_191'
Driver info: org.openqa.selenium.chrome.ChromeDriver
Capabilities [{mobileEmulationEnabled=false, hasTouchScreen=false, platform=XP, acceptSslCerts=false, goog:chromeOptions={debuggerAddress=localhost:62344}, acceptInsecureCerts=false, webStorageEnabled=true, browserName=chrome, takesScreenshot=true, javascriptEnabled=true, setWindowRect=true, unexpectedAlertBehaviour=, applicationCacheEnabled=false, rotatable=false, networkConnectionEnabled=false, chrome={chromedriverVersion=2.43.600210 (68dcf5eebde37173d4027fa8635e332711d2874a), userDataDir=C:\Users\5159473\AppData\Local\Temp\scoped_dir26192_5875}, takesHeapSnapshot=true, pageLoadStrategy=normal, databaseEnabled=false, handlesAlerts=true, version=70.0.3538.110, browserConnectionEnabled=false, nativeEvents=true, locationContextEnabled=true, cssSelectorsEnabled=true}]
Session ID: 4eed7eb79b44d35924d352f1ed965c7c
at org.testng.Assert.fail(Assert.java:96)
at WIDM_Application.WIDM_PI_2.WIDM_Registration_Valid_Email(WIDM_PI_2.java:88)
at sun.reflect.NativeMethodAccessorImpl.invoke0(Native Method)
at sun.reflect.NativeMethodAccessorImpl.invoke(Unknown Source)
at sun.reflect.DelegatingMethodAccessorImpl.invoke(Unknown Source)
at java.lang.reflect.Method.invoke(Unknown Source)
at org.testng.internal.MethodInvocationHelper.invokeMethod(MethodInvocationHelper.java:124)
at org.testng.internal.Invoker.invokeMethod(Invoker.java:580)
at org.testng.internal.Invoker.invokeTestMethod(Invoker.java:716)
at org.testng.internal.TestMethodWithDataProviderMethodWorker.call(TestMethodWithDataProviderMethodWorker.java:71)
at org.testng.internal.TestMethodWithDataProviderMethodWorker.call(TestMethodWithDataProviderMethodWorker.java:14)
at java.util.concurrent.FutureTask.run(Unknown Source)
at java.util.concurrent.Executors$RunnableAdapter.call(Unknown Source)
at java.util.concurrent.FutureTask.run(Unknown Source)
at java.util.concurrent.ThreadPoolExecutor.runWorker(Unknown Source)
at java.util.concurrent.ThreadPoolExecutor$Worker.run(Unknown Source)
at java.lang.Thread.run(Unknown Source)
]]>
    </failure>
  </testcase> <!-- WIDM_Registration_Valid_Email -->
  <testcase name="WIDM_Registration_Invalid_Email" time="81.329" classname="WIDM_Application.WIDM_PI_2"/>
  <testcase name="WIDM_Registration_Valid_Email" time="62.633" classname="WIDM_Application.WIDM_PI_2"/>
  <testcase name="WIDM_Registration_Valid_Email" time="60.714" classname="WIDM_Application.WIDM_PI_2"/>
</testsuite> <!-- WIDM_Application.WIDM_PI_2 -->
