<?xml version="1.0" encoding="UTF-8"?>
<!-- Generated by org.testng.reporters.JUnitReportReporter -->
<testsuite skipped="0" hostname="WTC-5159473-l2" name="SupportClasses.Account_Lookup" tests="6" failures="0" timestamp="04 Jan 2019 22:46:11 GMT" time="148.850" errors="0">
  <testcase name="AccountCheck" time="28.377" classname="SupportClasses.Account_Lookup"/>
  <testcase name="AccountCheck" time="20.947" classname="SupportClasses.Account_Lookup"/>
  <testcase name="AccountCheck" time="29.343" classname="SupportClasses.Account_Lookup"/>
  <testcase name="AccountCheck" time="33.064" classname="SupportClasses.Account_Lookup"/>
  <testcase name="AccountCheck" time="14.444" classname="SupportClasses.Account_Lookup"/>
  <testcase name="AccountCheck" time="22.675" classname="SupportClasses.Account_Lookup"/>
</testsuite> <!-- SupportClasses.Account_Lookup -->
