<?xml version="1.0" encoding="UTF-8"?>
<!-- Generated by org.testng.reporters.JUnitReportReporter -->
<testsuite skipped="0" hostname="WTC-5159473-l2" name="SupportClasses.Create_Accounts" tests="1" failures="0" timestamp="19 Mar 2019 20:31:10 GMT" time="80.389" errors="0">
  <testcase name="Account_Creation" time="80.389" classname="SupportClasses.Create_Accounts"/>
</testsuite> <!-- SupportClasses.Create_Accounts -->
