<?xml version="1.0" encoding="UTF-8"?>
<!-- Generated by org.testng.reporters.JUnitReportReporter -->
<testsuite skipped="0" hostname="WTC-5159473-l2" name="ADAT_Application.ADAT" tests="14" failures="0" timestamp="22 Mar 2019 19:35:03 GMT" time="11.615" errors="0">
  <testcase name="ADAT_CreateUser" time="0.772" classname="ADAT_Application.ADAT"/>
  <testcase name="ADAT_CreateUser" time="0.779" classname="ADAT_Application.ADAT"/>
  <testcase name="ADAT_CreatePin" time="0.306" classname="ADAT_Application.ADAT"/>
  <testcase name="ADAT_CreatePin" time="0.303" classname="ADAT_Application.ADAT"/>
  <testcase name="ADAT_PostcardVelocity" time="1.028" classname="ADAT_Application.ADAT"/>
  <testcase name="ADAT_AddressVelocity" time="1.870" classname="ADAT_Application.ADAT"/>
  <testcase name="ADAT_PostcardVelocity" time="1.088" classname="ADAT_Application.ADAT"/>
  <testcase name="ADAT_PhoneVelocity" time="1.037" classname="ADAT_Application.ADAT"/>
  <testcase name="ADAT_AddressVelocity" time="1.799" classname="ADAT_Application.ADAT"/>
  <testcase name="ADAT_PhoneVelocity" time="1.081" classname="ADAT_Application.ADAT"/>
  <testcase name="ADAT_VerifyPin" time="0.224" classname="ADAT_Application.ADAT"/>
  <testcase name="ADAT_VerifyPin_Invalid" time="0.532" classname="ADAT_Application.ADAT"/>
  <testcase name="ADAT_VerifyPin" time="0.282" classname="ADAT_Application.ADAT"/>
  <testcase name="ADAT_VerifyPin_Invalid" time="0.514" classname="ADAT_Application.ADAT"/>
</testsuite> <!-- ADAT_Application.ADAT -->
