<?xml version="1.0" encoding="UTF-8"?>
<!-- Generated by org.testng.reporters.JUnitReportReporter -->
<testsuite skipped="2" hostname="WTC-5159473-l2" name="USRC_Application.USRC_General" tests="6" failures="0" timestamp="14 Mar 2019 18:07:39 GMT" time="10.296" errors="0">
  <testcase name="CheckLogin" time="1.831" classname="USRC_Application.USRC_General"/>
  <testcase name="CheckLogin" time="2.968" classname="USRC_Application.USRC_General"/>
  <testcase name="CheckLogin" time="3.565" classname="USRC_Application.USRC_General"/>
  <testcase name="CheckLogin" time="1.932" classname="USRC_Application.USRC_General"/>
  <testcase name="CreateUsers_AddressDetails" classname="USRC_Application.USRC_General">
    <skipped/>
  </testcase> <!-- CreateUsers_AddressDetails -->
  <testcase name="CreateUsers" classname="USRC_Application.USRC_General">
    <skipped/>
  </testcase> <!-- CreateUsers -->
</testsuite> <!-- USRC_Application.USRC_General -->
