<?xml version="1.0" encoding="UTF-8"?>
<!-- Generated by org.testng.reporters.JUnitReportReporter -->
<testsuite skipped="0" hostname="WTC-5159473-l2" name="WFCL_Application.WFCL_New" tests="1" failures="0" timestamp="07 Dec 2018 19:59:16 GMT" time="134.248" errors="0">
  <testcase name="CreditCardRegistrationEnroll" time="134.248" classname="WFCL_Application.WFCL_New"/>
</testsuite> <!-- WFCL_Application.WFCL_New -->
