<?xml version="1.0" encoding="UTF-8"?>
<!-- Generated by org.testng.reporters.JUnitReportReporter -->
<testsuite skipped="0" hostname="WTC-5159473-l2" name="WRTT_Application.WRTT_SmokeTest" tests="6" failures="0" timestamp="31 May 2019 00:13:40 GMT" time="543.794" errors="0">
  <testcase name="WRTT_Rate_Sheet" time="82.641" classname="WRTT_Application.WRTT_SmokeTest"/>
  <testcase name="WRTT_eCRV_WRTTLink" time="67.969" classname="WRTT_Application.WRTT_SmokeTest"/>
  <testcase name="WRTT_Rate_Sheet" time="107.074" classname="WRTT_Application.WRTT_SmokeTest"/>
  <testcase name="WRTT_Rate_Sheet" time="84.877" classname="WRTT_Application.WRTT_SmokeTest"/>
  <testcase name="WRTT_Rate_Sheet" time="103.801" classname="WRTT_Application.WRTT_SmokeTest"/>
  <testcase name="WRTT_SpalshPage_eCRV" time="97.432" classname="WRTT_Application.WRTT_SmokeTest"/>
</testsuite> <!-- WRTT_Application.WRTT_SmokeTest -->
