<?xml version="1.0" encoding="UTF-8"?>
<!-- Generated by org.testng.reporters.JUnitReportReporter -->
<testsuite skipped="1" hostname="WTC-5159473-l2" name="SupportClasses.Environment" tests="1" failures="0" timestamp="22 May 2019 17:01:48 GMT" time="0.015" errors="0">
  <testcase name="SetEvironmentLevel" time="0.015" classname="SupportClasses.Environment">
    <skipped/>
  </testcase> <!-- SetEvironmentLevel -->
</testsuite> <!-- SupportClasses.Environment -->
