<?xml version="1.0" encoding="UTF-8"?>
<!-- Generated by org.testng.reporters.JUnitReportReporter -->
<testsuite skipped="2" hostname="WTC-5159473-l2" name="USRC_Application.USRC_TestData_Update" tests="68" failures="0" timestamp="07 May 2019 19:49:06 GMT" time="904.710" errors="0">
  <testcase name="CheckLogin" time="19.399" classname="USRC_Application.USRC_TestData_Update"/>
  <testcase name="CheckLogin" time="19.311" classname="USRC_Application.USRC_TestData_Update"/>
  <testcase name="CheckLogin" time="17.519" classname="USRC_Application.USRC_TestData_Update"/>
  <testcase name="CheckLogin" time="7.157" classname="USRC_Application.USRC_TestData_Update"/>
  <testcase name="CheckLogin" time="14.294" classname="USRC_Application.USRC_TestData_Update"/>
  <testcase name="CheckLogin" time="19.974" classname="USRC_Application.USRC_TestData_Update"/>
  <testcase name="CheckLogin" time="16.617" classname="USRC_Application.USRC_TestData_Update"/>
  <testcase name="CheckLogin" time="14.188" classname="USRC_Application.USRC_TestData_Update"/>
  <testcase name="CheckLogin" time="8.230" classname="USRC_Application.USRC_TestData_Update"/>
  <testcase name="CheckLogin" time="8.939" classname="USRC_Application.USRC_TestData_Update"/>
  <testcase name="CheckLogin" time="13.299" classname="USRC_Application.USRC_TestData_Update"/>
  <testcase name="CheckLogin" time="15.641" classname="USRC_Application.USRC_TestData_Update"/>
  <testcase name="CheckLogin" time="13.609" classname="USRC_Application.USRC_TestData_Update"/>
  <testcase name="CheckLogin" time="21.955" classname="USRC_Application.USRC_TestData_Update"/>
  <testcase name="CheckLogin" time="13.744" classname="USRC_Application.USRC_TestData_Update"/>
  <testcase name="CheckLogin" time="12.957" classname="USRC_Application.USRC_TestData_Update"/>
  <testcase name="CheckLogin" time="10.518" classname="USRC_Application.USRC_TestData_Update"/>
  <testcase name="CheckLogin" time="11.566" classname="USRC_Application.USRC_TestData_Update"/>
  <testcase name="CheckLogin" time="10.390" classname="USRC_Application.USRC_TestData_Update"/>
  <testcase name="CheckLogin" time="5.779" classname="USRC_Application.USRC_TestData_Update"/>
  <testcase name="CheckLogin" time="14.705" classname="USRC_Application.USRC_TestData_Update"/>
  <testcase name="CheckLogin" time="19.619" classname="USRC_Application.USRC_TestData_Update"/>
  <testcase name="CheckLogin" time="4.846" classname="USRC_Application.USRC_TestData_Update"/>
  <testcase name="CheckLogin" time="15.684" classname="USRC_Application.USRC_TestData_Update"/>
  <testcase name="CheckLogin" time="10.389" classname="USRC_Application.USRC_TestData_Update"/>
  <testcase name="CheckLogin" time="16.911" classname="USRC_Application.USRC_TestData_Update"/>
  <testcase name="CheckLogin" time="8.312" classname="USRC_Application.USRC_TestData_Update"/>
  <testcase name="CheckLogin" time="19.358" classname="USRC_Application.USRC_TestData_Update"/>
  <testcase name="CheckLogin" time="12.061" classname="USRC_Application.USRC_TestData_Update"/>
  <testcase name="CheckLogin" time="14.175" classname="USRC_Application.USRC_TestData_Update"/>
  <testcase name="CheckLogin" time="16.756" classname="USRC_Application.USRC_TestData_Update"/>
  <testcase name="CheckLogin" time="12.861" classname="USRC_Application.USRC_TestData_Update"/>
  <testcase name="CheckLogin" time="16.984" classname="USRC_Application.USRC_TestData_Update"/>
  <testcase name="CheckLogin" time="14.285" classname="USRC_Application.USRC_TestData_Update"/>
  <testcase name="CheckLogin" time="7.684" classname="USRC_Application.USRC_TestData_Update"/>
  <testcase name="CheckLogin" time="16.448" classname="USRC_Application.USRC_TestData_Update"/>
  <testcase name="CheckLogin" time="14.122" classname="USRC_Application.USRC_TestData_Update"/>
  <testcase name="CheckLogin" time="13.159" classname="USRC_Application.USRC_TestData_Update"/>
  <testcase name="CheckLogin" time="18.227" classname="USRC_Application.USRC_TestData_Update"/>
  <testcase name="CheckLogin" time="10.997" classname="USRC_Application.USRC_TestData_Update"/>
  <testcase name="CheckLogin" time="16.879" classname="USRC_Application.USRC_TestData_Update"/>
  <testcase name="CheckLogin" time="16.919" classname="USRC_Application.USRC_TestData_Update"/>
  <testcase name="CheckLogin" time="6.560" classname="USRC_Application.USRC_TestData_Update"/>
  <testcase name="CheckLogin" time="15.966" classname="USRC_Application.USRC_TestData_Update"/>
  <testcase name="CheckLogin" time="16.552" classname="USRC_Application.USRC_TestData_Update"/>
  <testcase name="CheckLogin" time="5.069" classname="USRC_Application.USRC_TestData_Update"/>
  <testcase name="CheckLogin" time="19.692" classname="USRC_Application.USRC_TestData_Update"/>
  <testcase name="CheckLogin" time="13.828" classname="USRC_Application.USRC_TestData_Update"/>
  <testcase name="CheckLogin" time="14.394" classname="USRC_Application.USRC_TestData_Update"/>
  <testcase name="CheckLogin" time="14.068" classname="USRC_Application.USRC_TestData_Update"/>
  <testcase name="CheckLogin" time="9.012" classname="USRC_Application.USRC_TestData_Update"/>
  <testcase name="CheckLogin" time="11.163" classname="USRC_Application.USRC_TestData_Update"/>
  <testcase name="CheckLogin" time="10.034" classname="USRC_Application.USRC_TestData_Update"/>
  <testcase name="CheckLogin" time="13.743" classname="USRC_Application.USRC_TestData_Update"/>
  <testcase name="CheckLogin" time="19.163" classname="USRC_Application.USRC_TestData_Update"/>
  <testcase name="CheckLogin" time="11.020" classname="USRC_Application.USRC_TestData_Update"/>
  <testcase name="CheckLogin" time="15.291" classname="USRC_Application.USRC_TestData_Update"/>
  <testcase name="CheckLogin" time="16.076" classname="USRC_Application.USRC_TestData_Update"/>
  <testcase name="CheckLogin" time="14.374" classname="USRC_Application.USRC_TestData_Update"/>
  <testcase name="CheckLogin" time="10.220" classname="USRC_Application.USRC_TestData_Update"/>
  <testcase name="CheckLogin" time="21.240" classname="USRC_Application.USRC_TestData_Update"/>
  <testcase name="CheckLogin" time="10.612" classname="USRC_Application.USRC_TestData_Update"/>
  <testcase name="CheckLogin" time="16.572" classname="USRC_Application.USRC_TestData_Update"/>
  <testcase name="CheckLogin" time="16.542" classname="USRC_Application.USRC_TestData_Update"/>
  <testcase name="CheckLogin" time="9.442" classname="USRC_Application.USRC_TestData_Update"/>
  <testcase name="CheckLogin" time="7.610" classname="USRC_Application.USRC_TestData_Update"/>
  <testcase name="CheckMigration" classname="USRC_Application.USRC_TestData_Update">
    <skipped/>
  </testcase> <!-- CheckMigration -->
  <testcase name="UpdateUser" classname="USRC_Application.USRC_TestData_Update">
    <skipped/>
  </testcase> <!-- UpdateUser -->
</testsuite> <!-- USRC_Application.USRC_TestData_Update -->
