<?xml version="1.0" encoding="UTF-8"?>
<!-- Generated by org.testng.reporters.JUnitReportReporter -->
<testsuite skipped="0" hostname="WTC-5159473-l2" name="USRC_Application.USRC_FDM" tests="2" failures="2" timestamp="15 Mar 2019 19:56:24 GMT" time="54.725" errors="0">
  <testcase name="EndtoEndEnrollment" time="26.579" classname="USRC_Application.USRC_FDM">
    <failure type="java.lang.AssertionError" message="
Expected: a string containing &quot;enrollmentOptionsList&quot;
     but: was &quot;{
    &quot;errorCode&quot;: &quot;INTERNAL_SERVER_ERROR&quot;,
    &quot;errorMessage&quot;: &quot;Internal Server Error&quot;,
    &quot;userMessage&quot;: &quot;FedEx Ship manager is not available. For immediate assistance, please contact your local FedEx Customer Service.&quot;,
    &quot;moreInfo&quot;: &quot;Problem routing to http://usrcdrt-cos-vip.test.cloud.fedex.com:9090/userCal/v3/deliverymanager/enrollment. Error msg: Unable to obtain HTTP response from http://usrcdrt-cos-vip.test.cloud.fedex.com:9090/userCal/v3/deliverymanager/enrollment: Read timed out. Timed out at 15000ms&quot;
}&quot;">
      <![CDATA[java.lang.AssertionError: 
Expected: a string containing "enrollmentOptionsList"
     but: was "{
    "errorCode": "INTERNAL_SERVER_ERROR",
    "errorMessage": "Internal Server Error",
    "userMessage": "FedEx Ship manager is not available. For immediate assistance, please contact your local FedEx Customer Service.",
    "moreInfo": "Problem routing to http://usrcdrt-cos-vip.test.cloud.fedex.com:9090/userCal/v3/deliverymanager/enrollment. Error msg: Unable to obtain HTTP response from http://usrcdrt-cos-vip.test.cloud.fedex.com:9090/userCal/v3/deliverymanager/enrollment: Read timed out. Timed out at 15000ms"
}"
at org.hamcrest.MatcherAssert.assertThat(MatcherAssert.java:20)
at org.junit.Assert.assertThat(Assert.java:956)
at org.junit.Assert.assertThat(Assert.java:923)
at USRC_Application.USRC_FDM.EndtoEndEnrollment(USRC_FDM.java:85)
at sun.reflect.NativeMethodAccessorImpl.invoke0(Native Method)
at sun.reflect.NativeMethodAccessorImpl.invoke(Unknown Source)
at sun.reflect.DelegatingMethodAccessorImpl.invoke(Unknown Source)
at java.lang.reflect.Method.invoke(Unknown Source)
at org.testng.internal.MethodInvocationHelper.invokeMethod(MethodInvocationHelper.java:124)
at org.testng.internal.Invoker.invokeMethod(Invoker.java:580)
at org.testng.internal.Invoker.invokeTestMethod(Invoker.java:716)
at org.testng.internal.TestMethodWithDataProviderMethodWorker.call(TestMethodWithDataProviderMethodWorker.java:71)
at org.testng.internal.TestMethodWithDataProviderMethodWorker.call(TestMethodWithDataProviderMethodWorker.java:14)
at java.util.concurrent.FutureTask.run(Unknown Source)
at java.util.concurrent.Executors$RunnableAdapter.call(Unknown Source)
at java.util.concurrent.FutureTask.run(Unknown Source)
at java.util.concurrent.ThreadPoolExecutor.runWorker(Unknown Source)
at java.util.concurrent.ThreadPoolExecutor$Worker.run(Unknown Source)
at java.lang.Thread.run(Unknown Source)
]]>
    </failure>
  </testcase> <!-- EndtoEndEnrollment -->
  <testcase name="EndtoEndEnrollment" time="28.146" classname="USRC_Application.USRC_FDM">
    <failure type="java.lang.AssertionError" message="
Expected: a string containing &quot;enrollmentOptionsList&quot;
     but: was &quot;{&quot;transactionId&quot;:&quot;def5e0cf-7ed3-4b44-aa7b-f623e019b968&quot;,&quot;errors&quot;:[{&quot;code&quot;:&quot;SYSTEM.UNEXPECTED.ERROR&quot;,&quot;message&quot;:&quot;The system has experienced an unexpected problem and is unable to complete your request.  Please try again later.  We regret any inconvenience.&quot;}]}&quot;">
      <![CDATA[java.lang.AssertionError: 
Expected: a string containing "enrollmentOptionsList"
     but: was "{"transactionId":"def5e0cf-7ed3-4b44-aa7b-f623e019b968","errors":[{"code":"SYSTEM.UNEXPECTED.ERROR","message":"The system has experienced an unexpected problem and is unable to complete your request.  Please try again later.  We regret any inconvenience."}]}"
at org.hamcrest.MatcherAssert.assertThat(MatcherAssert.java:20)
at org.junit.Assert.assertThat(Assert.java:956)
at org.junit.Assert.assertThat(Assert.java:923)
at USRC_Application.USRC_FDM.EndtoEndEnrollment(USRC_FDM.java:85)
at sun.reflect.NativeMethodAccessorImpl.invoke0(Native Method)
at sun.reflect.NativeMethodAccessorImpl.invoke(Unknown Source)
at sun.reflect.DelegatingMethodAccessorImpl.invoke(Unknown Source)
at java.lang.reflect.Method.invoke(Unknown Source)
at org.testng.internal.MethodInvocationHelper.invokeMethod(MethodInvocationHelper.java:124)
at org.testng.internal.Invoker.invokeMethod(Invoker.java:580)
at org.testng.internal.Invoker.invokeTestMethod(Invoker.java:716)
at org.testng.internal.TestMethodWithDataProviderMethodWorker.call(TestMethodWithDataProviderMethodWorker.java:71)
at org.testng.internal.TestMethodWithDataProviderMethodWorker.call(TestMethodWithDataProviderMethodWorker.java:14)
at java.util.concurrent.FutureTask.run(Unknown Source)
at java.util.concurrent.Executors$RunnableAdapter.call(Unknown Source)
at java.util.concurrent.FutureTask.run(Unknown Source)
at java.util.concurrent.ThreadPoolExecutor.runWorker(Unknown Source)
at java.util.concurrent.ThreadPoolExecutor$Worker.run(Unknown Source)
at java.lang.Thread.run(Unknown Source)
]]>
    </failure>
  </testcase> <!-- EndtoEndEnrollment -->
</testsuite> <!-- USRC_Application.USRC_FDM -->
