<?xml version="1.0" encoding="UTF-8"?>
<!-- Generated by org.testng.reporters.JUnitReportReporter -->
<testsuite skipped="0" hostname="WTC-5159473-l2" name="WRTT_Application.WRTT_SmokeTest" tests="6" failures="0" timestamp="23 May 2019 21:47:43 GMT" time="519.764" errors="0">
  <testcase name="WRTT_SpalshPage_eCRV" time="112.232" classname="WRTT_Application.WRTT_SmokeTest"/>
  <testcase name="WRTT_Rate_Sheet" time="79.456" classname="WRTT_Application.WRTT_SmokeTest"/>
  <testcase name="WRTT_Rate_Sheet" time="66.529" classname="WRTT_Application.WRTT_SmokeTest"/>
  <testcase name="WRTT_eCRV_WRTTLink" time="56.641" classname="WRTT_Application.WRTT_SmokeTest"/>
  <testcase name="WRTT_Rate_Sheet" time="97.977" classname="WRTT_Application.WRTT_SmokeTest"/>
  <testcase name="WRTT_Rate_Sheet" time="106.929" classname="WRTT_Application.WRTT_SmokeTest"/>
</testsuite> <!-- WRTT_Application.WRTT_SmokeTest -->
