<?xml version="1.0" encoding="UTF-8"?>
<!-- Generated by org.testng.reporters.JUnitReportReporter -->
<testsuite skipped="5" hostname="WTC-5159473-l2" name="CXS_Support.USRC_General" tests="2124" failures="3" timestamp="06 Mar 2019 19:20:27 GMT" time="45629.559" errors="0">
  <testcase name="CheckLogin" time="9.522" classname="CXS_Support.USRC_General"/>
  <testcase name="CheckLogin" time="20.631" classname="CXS_Support.USRC_General"/>
  <testcase name="CheckLogin" time="10.837" classname="CXS_Support.USRC_General"/>
  <testcase name="CheckLogin" time="16.517" classname="CXS_Support.USRC_General"/>
  <testcase name="CheckLogin" time="22.798" classname="CXS_Support.USRC_General"/>
  <testcase name="CheckLogin" time="11.283" classname="CXS_Support.USRC_General"/>
  <testcase name="CheckLogin" time="14.404" classname="CXS_Support.USRC_General"/>
  <testcase name="CheckLogin" time="13.054" classname="CXS_Support.USRC_General"/>
  <testcase name="CheckLogin" time="38.603" classname="CXS_Support.USRC_General"/>
  <testcase name="CheckLogin" time="5.316" classname="CXS_Support.USRC_General"/>
  <testcase name="CheckLogin" time="14.531" classname="CXS_Support.USRC_General"/>
  <testcase name="CheckLogin" time="17.054" classname="CXS_Support.USRC_General"/>
  <testcase name="CheckLogin" time="32.010" classname="CXS_Support.USRC_General"/>
  <testcase name="CheckLogin" time="25.913" classname="CXS_Support.USRC_General"/>
  <testcase name="CheckLogin" time="34.835" classname="CXS_Support.USRC_General"/>
  <testcase name="CheckLogin" time="6.925" classname="CXS_Support.USRC_General"/>
  <testcase name="CheckLogin" time="10.083" classname="CXS_Support.USRC_General"/>
  <testcase name="CheckLogin" time="5.437" classname="CXS_Support.USRC_General"/>
  <testcase name="CheckLogin" time="34.770" classname="CXS_Support.USRC_General"/>
  <testcase name="CheckLogin" time="9.861" classname="CXS_Support.USRC_General"/>
  <testcase name="CheckLogin" time="5.347" classname="CXS_Support.USRC_General"/>
  <testcase name="CheckLogin" time="19.164" classname="CXS_Support.USRC_General"/>
  <testcase name="CheckLogin" time="53.092" classname="CXS_Support.USRC_General"/>
  <testcase name="CheckLogin" time="19.883" classname="CXS_Support.USRC_General"/>
  <testcase name="CheckLogin" time="12.837" classname="CXS_Support.USRC_General"/>
  <testcase name="CheckLogin" time="72.252" classname="CXS_Support.USRC_General"/>
  <testcase name="CheckLogin" time="19.280" classname="CXS_Support.USRC_General"/>
  <testcase name="CheckLogin" time="7.135" classname="CXS_Support.USRC_General"/>
  <testcase name="CheckLogin" time="36.860" classname="CXS_Support.USRC_General"/>
  <testcase name="CheckLogin" time="23.670" classname="CXS_Support.USRC_General"/>
  <testcase name="CheckLogin" time="74.061" classname="CXS_Support.USRC_General"/>
  <testcase name="CheckLogin" time="76.540" classname="CXS_Support.USRC_General"/>
  <testcase name="CheckLogin" time="18.429" classname="CXS_Support.USRC_General"/>
  <testcase name="CheckLogin" time="18.423" classname="CXS_Support.USRC_General"/>
  <testcase name="CheckLogin" time="5.982" classname="CXS_Support.USRC_General"/>
  <testcase name="CheckLogin" time="15.077" classname="CXS_Support.USRC_General"/>
  <testcase name="CheckLogin" time="60.057" classname="CXS_Support.USRC_General"/>
  <testcase name="CheckLogin" time="50.668" classname="CXS_Support.USRC_General"/>
  <testcase name="CheckLogin" time="89.076" classname="CXS_Support.USRC_General"/>
  <testcase name="CheckLogin" time="4.595" classname="CXS_Support.USRC_General"/>
  <testcase name="CheckLogin" time="18.508" classname="CXS_Support.USRC_General"/>
  <testcase name="CheckLogin" time="36.969" classname="CXS_Support.USRC_General"/>
  <testcase name="CheckLogin" time="19.504" classname="CXS_Support.USRC_General"/>
  <testcase name="CheckLogin" time="8.273" classname="CXS_Support.USRC_General"/>
  <testcase name="CheckLogin" time="15.984" classname="CXS_Support.USRC_General"/>
  <testcase name="CheckLogin" time="5.395" classname="CXS_Support.USRC_General"/>
  <testcase name="CheckLogin" time="49.484" classname="CXS_Support.USRC_General"/>
  <testcase name="CheckLogin" time="11.530" classname="CXS_Support.USRC_General"/>
  <testcase name="CheckLogin" time="68.080" classname="CXS_Support.USRC_General"/>
  <testcase name="CheckLogin" time="11.208" classname="CXS_Support.USRC_General"/>
  <testcase name="CheckLogin" time="31.291" classname="CXS_Support.USRC_General"/>
  <testcase name="CheckLogin" time="21.826" classname="CXS_Support.USRC_General"/>
  <testcase name="CheckLogin" time="19.928" classname="CXS_Support.USRC_General"/>
  <testcase name="CheckLogin" time="13.331" classname="CXS_Support.USRC_General"/>
  <testcase name="CheckLogin" time="31.810" classname="CXS_Support.USRC_General"/>
  <testcase name="CheckLogin" time="20.776" classname="CXS_Support.USRC_General"/>
  <testcase name="CheckLogin" time="19.782" classname="CXS_Support.USRC_General"/>
  <testcase name="CheckLogin" time="5.396" classname="CXS_Support.USRC_General"/>
  <testcase name="CheckLogin" time="4.707" classname="CXS_Support.USRC_General"/>
  <testcase name="CheckLogin" time="30.899" classname="CXS_Support.USRC_General"/>
  <testcase name="CheckLogin" time="5.171" classname="CXS_Support.USRC_General"/>
  <testcase name="CheckLogin" time="25.247" classname="CXS_Support.USRC_General"/>
  <testcase name="CheckLogin" time="23.563" classname="CXS_Support.USRC_General"/>
  <testcase name="CheckLogin" time="24.340" classname="CXS_Support.USRC_General"/>
  <testcase name="CheckLogin" time="9.916" classname="CXS_Support.USRC_General"/>
  <testcase name="CheckLogin" time="7.606" classname="CXS_Support.USRC_General"/>
  <testcase name="CheckLogin" time="32.261" classname="CXS_Support.USRC_General"/>
  <testcase name="CheckLogin" time="30.573" classname="CXS_Support.USRC_General"/>
  <testcase name="CheckLogin" time="28.005" classname="CXS_Support.USRC_General"/>
  <testcase name="CheckLogin" time="11.080" classname="CXS_Support.USRC_General"/>
  <testcase name="CheckLogin" time="21.584" classname="CXS_Support.USRC_General"/>
  <testcase name="CheckLogin" time="40.339" classname="CXS_Support.USRC_General"/>
  <testcase name="CheckLogin" time="13.875" classname="CXS_Support.USRC_General"/>
  <testcase name="CheckLogin" time="11.916" classname="CXS_Support.USRC_General"/>
  <testcase name="CheckLogin" time="8.570" classname="CXS_Support.USRC_General"/>
  <testcase name="CheckLogin" time="59.126" classname="CXS_Support.USRC_General"/>
  <testcase name="CheckLogin" time="26.125" classname="CXS_Support.USRC_General"/>
  <testcase name="CheckLogin" time="5.950" classname="CXS_Support.USRC_General"/>
  <testcase name="CheckLogin" time="22.114" classname="CXS_Support.USRC_General"/>
  <testcase name="CheckLogin" time="11.004" classname="CXS_Support.USRC_General"/>
  <testcase name="CheckLogin" time="21.107" classname="CXS_Support.USRC_General"/>
  <testcase name="CheckLogin" time="14.220" classname="CXS_Support.USRC_General"/>
  <testcase name="CheckLogin" time="12.866" classname="CXS_Support.USRC_General"/>
  <testcase name="CheckLogin" time="12.475" classname="CXS_Support.USRC_General"/>
  <testcase name="CheckLogin" time="5.222" classname="CXS_Support.USRC_General"/>
  <testcase name="CheckLogin" time="6.486" classname="CXS_Support.USRC_General"/>
  <testcase name="CheckLogin" time="32.159" classname="CXS_Support.USRC_General"/>
  <testcase name="CheckLogin" time="92.416" classname="CXS_Support.USRC_General"/>
  <testcase name="CheckLogin" time="3.834" classname="CXS_Support.USRC_General"/>
  <testcase name="CheckLogin" time="52.337" classname="CXS_Support.USRC_General"/>
  <testcase name="CheckLogin" time="65.716" classname="CXS_Support.USRC_General"/>
  <testcase name="CheckLogin" time="14.298" classname="CXS_Support.USRC_General"/>
  <testcase name="CheckLogin" time="6.977" classname="CXS_Support.USRC_General"/>
  <testcase name="CheckLogin" time="14.418" classname="CXS_Support.USRC_General"/>
  <testcase name="CheckLogin" time="16.738" classname="CXS_Support.USRC_General"/>
  <testcase name="CheckLogin" time="12.790" classname="CXS_Support.USRC_General"/>
  <testcase name="CheckLogin" time="21.368" classname="CXS_Support.USRC_General"/>
  <testcase name="CheckLogin" time="4.605" classname="CXS_Support.USRC_General"/>
  <testcase name="CheckLogin" time="9.237" classname="CXS_Support.USRC_General"/>
  <testcase name="CheckLogin" time="10.550" classname="CXS_Support.USRC_General"/>
  <testcase name="CheckLogin" time="25.092" classname="CXS_Support.USRC_General"/>
  <testcase name="CheckLogin" time="10.414" classname="CXS_Support.USRC_General"/>
  <testcase name="CheckLogin" time="18.492" classname="CXS_Support.USRC_General"/>
  <testcase name="CheckLogin" time="14.314" classname="CXS_Support.USRC_General"/>
  <testcase name="CheckLogin" time="34.747" classname="CXS_Support.USRC_General"/>
  <testcase name="CheckLogin" time="14.914" classname="CXS_Support.USRC_General"/>
  <testcase name="CheckLogin" time="16.155" classname="CXS_Support.USRC_General"/>
  <testcase name="CheckLogin" time="5.348" classname="CXS_Support.USRC_General"/>
  <testcase name="CheckLogin" time="18.057" classname="CXS_Support.USRC_General"/>
  <testcase name="CheckLogin" time="8.859" classname="CXS_Support.USRC_General"/>
  <testcase name="CheckLogin" time="35.448" classname="CXS_Support.USRC_General"/>
  <testcase name="CheckLogin" time="7.137" classname="CXS_Support.USRC_General"/>
  <testcase name="CheckLogin" time="20.172" classname="CXS_Support.USRC_General"/>
  <testcase name="CheckLogin" time="13.984" classname="CXS_Support.USRC_General"/>
  <testcase name="CheckLogin" time="27.352" classname="CXS_Support.USRC_General"/>
  <testcase name="CheckLogin" time="27.375" classname="CXS_Support.USRC_General"/>
  <testcase name="CheckLogin" time="2.950" classname="CXS_Support.USRC_General"/>
  <testcase name="CheckLogin" time="18.140" classname="CXS_Support.USRC_General"/>
  <testcase name="CheckLogin" time="15.728" classname="CXS_Support.USRC_General"/>
  <testcase name="CheckLogin" time="13.275" classname="CXS_Support.USRC_General"/>
  <testcase name="CheckLogin" time="13.629" classname="CXS_Support.USRC_General"/>
  <testcase name="CheckLogin" time="14.817" classname="CXS_Support.USRC_General"/>
  <testcase name="CheckLogin" time="85.262" classname="CXS_Support.USRC_General"/>
  <testcase name="CheckLogin" time="28.202" classname="CXS_Support.USRC_General"/>
  <testcase name="CheckLogin" time="73.450" classname="CXS_Support.USRC_General"/>
  <testcase name="CheckLogin" time="38.993" classname="CXS_Support.USRC_General"/>
  <testcase name="CheckLogin" time="58.718" classname="CXS_Support.USRC_General"/>
  <testcase name="CheckLogin" time="26.747" classname="CXS_Support.USRC_General"/>
  <testcase name="CheckLogin" time="17.516" classname="CXS_Support.USRC_General"/>
  <testcase name="CheckLogin" time="5.254" classname="CXS_Support.USRC_General"/>
  <testcase name="CheckLogin" time="33.681" classname="CXS_Support.USRC_General"/>
  <testcase name="CheckLogin" time="4.088" classname="CXS_Support.USRC_General"/>
  <testcase name="CheckLogin" time="9.874" classname="CXS_Support.USRC_General"/>
  <testcase name="CheckLogin" time="16.123" classname="CXS_Support.USRC_General"/>
  <testcase name="CheckLogin" time="12.376" classname="CXS_Support.USRC_General"/>
  <testcase name="CheckLogin" time="8.808" classname="CXS_Support.USRC_General"/>
  <testcase name="CheckLogin" time="4.913" classname="CXS_Support.USRC_General"/>
  <testcase name="CheckLogin" time="85.103" classname="CXS_Support.USRC_General"/>
  <testcase name="CheckLogin" time="20.841" classname="CXS_Support.USRC_General"/>
  <testcase name="CheckLogin" time="23.081" classname="CXS_Support.USRC_General"/>
  <testcase name="CheckLogin" time="4.481" classname="CXS_Support.USRC_General"/>
  <testcase name="CheckLogin" time="14.186" classname="CXS_Support.USRC_General"/>
  <testcase name="CheckLogin" time="17.990" classname="CXS_Support.USRC_General"/>
  <testcase name="CheckLogin" time="81.902" classname="CXS_Support.USRC_General"/>
  <testcase name="CheckLogin" time="6.149" classname="CXS_Support.USRC_General"/>
  <testcase name="CheckLogin" time="12.603" classname="CXS_Support.USRC_General"/>
  <testcase name="CheckLogin" time="49.578" classname="CXS_Support.USRC_General"/>
  <testcase name="CheckLogin" time="7.420" classname="CXS_Support.USRC_General"/>
  <testcase name="CheckLogin" time="32.539" classname="CXS_Support.USRC_General"/>
  <testcase name="CheckLogin" time="24.743" classname="CXS_Support.USRC_General"/>
  <testcase name="CheckLogin" time="9.168" classname="CXS_Support.USRC_General"/>
  <testcase name="CheckLogin" time="45.032" classname="CXS_Support.USRC_General"/>
  <testcase name="CheckLogin" time="8.427" classname="CXS_Support.USRC_General"/>
  <testcase name="CheckLogin" time="6.131" classname="CXS_Support.USRC_General"/>
  <testcase name="CheckLogin" time="11.215" classname="CXS_Support.USRC_General"/>
  <testcase name="CheckLogin" time="13.778" classname="CXS_Support.USRC_General"/>
  <testcase name="CheckLogin" time="10.100" classname="CXS_Support.USRC_General"/>
  <testcase name="CheckLogin" time="6.801" classname="CXS_Support.USRC_General"/>
  <testcase name="CheckLogin" time="15.752" classname="CXS_Support.USRC_General"/>
  <testcase name="CheckLogin" time="11.911" classname="CXS_Support.USRC_General"/>
  <testcase name="CheckLogin" time="12.851" classname="CXS_Support.USRC_General"/>
  <testcase name="CheckLogin" time="18.279" classname="CXS_Support.USRC_General"/>
  <testcase name="CheckLogin" time="6.139" classname="CXS_Support.USRC_General"/>
  <testcase name="CheckLogin" time="11.595" classname="CXS_Support.USRC_General"/>
  <testcase name="CheckLogin" time="27.559" classname="CXS_Support.USRC_General"/>
  <testcase name="CheckLogin" time="5.296" classname="CXS_Support.USRC_General"/>
  <testcase name="CheckLogin" time="24.938" classname="CXS_Support.USRC_General"/>
  <testcase name="CheckLogin" time="16.698" classname="CXS_Support.USRC_General"/>
  <testcase name="CheckLogin" time="18.232" classname="CXS_Support.USRC_General"/>
  <testcase name="CheckLogin" time="8.317" classname="CXS_Support.USRC_General"/>
  <testcase name="CheckLogin" time="39.666" classname="CXS_Support.USRC_General"/>
  <testcase name="CheckLogin" time="5.366" classname="CXS_Support.USRC_General"/>
  <testcase name="CheckLogin" time="7.511" classname="CXS_Support.USRC_General"/>
  <testcase name="CheckLogin" time="5.395" classname="CXS_Support.USRC_General"/>
  <testcase name="CheckLogin" time="14.194" classname="CXS_Support.USRC_General"/>
  <testcase name="CheckLogin" time="15.420" classname="CXS_Support.USRC_General"/>
  <testcase name="CheckLogin" time="29.910" classname="CXS_Support.USRC_General"/>
  <testcase name="CheckLogin" time="15.857" classname="CXS_Support.USRC_General"/>
  <testcase name="CheckLogin" time="15.444" classname="CXS_Support.USRC_General"/>
  <testcase name="CheckLogin" time="18.537" classname="CXS_Support.USRC_General"/>
  <testcase name="CheckLogin" time="5.586" classname="CXS_Support.USRC_General"/>
  <testcase name="CheckLogin" time="10.619" classname="CXS_Support.USRC_General"/>
  <testcase name="CheckLogin" time="21.451" classname="CXS_Support.USRC_General"/>
  <testcase name="CheckLogin" time="77.630" classname="CXS_Support.USRC_General"/>
  <testcase name="CheckLogin" time="15.697" classname="CXS_Support.USRC_General"/>
  <testcase name="CheckLogin" time="87.331" classname="CXS_Support.USRC_General"/>
  <testcase name="CheckLogin" time="13.498" classname="CXS_Support.USRC_General"/>
  <testcase name="CheckLogin" time="11.538" classname="CXS_Support.USRC_General"/>
  <testcase name="CheckLogin" time="9.042" classname="CXS_Support.USRC_General"/>
  <testcase name="CheckLogin" time="5.654" classname="CXS_Support.USRC_General"/>
  <testcase name="CheckLogin" time="10.611" classname="CXS_Support.USRC_General"/>
  <testcase name="CheckLogin" time="8.510" classname="CXS_Support.USRC_General"/>
  <testcase name="CheckLogin" time="5.515" classname="CXS_Support.USRC_General"/>
  <testcase name="CheckLogin" time="15.784" classname="CXS_Support.USRC_General"/>
  <testcase name="CheckLogin" time="16.703" classname="CXS_Support.USRC_General"/>
  <testcase name="CheckLogin" time="10.268" classname="CXS_Support.USRC_General"/>
  <testcase name="CheckLogin" time="8.761" classname="CXS_Support.USRC_General"/>
  <testcase name="CheckLogin" time="85.995" classname="CXS_Support.USRC_General"/>
  <testcase name="CheckLogin" time="54.618" classname="CXS_Support.USRC_General"/>
  <testcase name="CheckLogin" time="14.678" classname="CXS_Support.USRC_General"/>
  <testcase name="CheckLogin" time="10.348" classname="CXS_Support.USRC_General"/>
  <testcase name="CheckLogin" time="5.466" classname="CXS_Support.USRC_General"/>
  <testcase name="CheckLogin" time="26.535" classname="CXS_Support.USRC_General"/>
  <testcase name="CheckLogin" time="77.333" classname="CXS_Support.USRC_General"/>
  <testcase name="CheckLogin" time="44.678" classname="CXS_Support.USRC_General"/>
  <testcase name="CheckLogin" time="6.929" classname="CXS_Support.USRC_General"/>
  <testcase name="CheckLogin" time="16.038" classname="CXS_Support.USRC_General"/>
  <testcase name="CheckLogin" time="10.258" classname="CXS_Support.USRC_General"/>
  <testcase name="CheckLogin" time="8.700" classname="CXS_Support.USRC_General"/>
  <testcase name="CheckLogin" time="14.987" classname="CXS_Support.USRC_General"/>
  <testcase name="CheckLogin" time="21.644" classname="CXS_Support.USRC_General"/>
  <testcase name="CheckLogin" time="10.344" classname="CXS_Support.USRC_General"/>
  <testcase name="CheckLogin" time="14.023" classname="CXS_Support.USRC_General"/>
  <testcase name="CheckLogin" time="39.610" classname="CXS_Support.USRC_General"/>
  <testcase name="CheckLogin" time="14.902" classname="CXS_Support.USRC_General"/>
  <testcase name="CheckLogin" time="16.410" classname="CXS_Support.USRC_General"/>
  <testcase name="CheckLogin" time="25.651" classname="CXS_Support.USRC_General"/>
  <testcase name="CheckLogin" time="113.684" classname="CXS_Support.USRC_General"/>
  <testcase name="CheckLogin" time="11.205" classname="CXS_Support.USRC_General"/>
  <testcase name="CheckLogin" time="20.263" classname="CXS_Support.USRC_General"/>
  <testcase name="CheckLogin" time="5.461" classname="CXS_Support.USRC_General"/>
  <testcase name="CheckLogin" time="17.120" classname="CXS_Support.USRC_General"/>
  <testcase name="CheckLogin" time="5.668" classname="CXS_Support.USRC_General"/>
  <testcase name="CheckLogin" time="56.170" classname="CXS_Support.USRC_General"/>
  <testcase name="CheckLogin" time="3.861" classname="CXS_Support.USRC_General"/>
  <testcase name="CheckLogin" time="3.828" classname="CXS_Support.USRC_General"/>
  <testcase name="CheckLogin" time="6.046" classname="CXS_Support.USRC_General"/>
  <testcase name="CheckLogin" time="8.573" classname="CXS_Support.USRC_General"/>
  <testcase name="CheckLogin" time="25.149" classname="CXS_Support.USRC_General"/>
  <testcase name="CheckLogin" time="3.213" classname="CXS_Support.USRC_General"/>
  <testcase name="CheckLogin" time="90.251" classname="CXS_Support.USRC_General"/>
  <testcase name="CheckLogin" time="21.835" classname="CXS_Support.USRC_General"/>
  <testcase name="CheckLogin" time="59.437" classname="CXS_Support.USRC_General"/>
  <testcase name="CheckLogin" time="11.103" classname="CXS_Support.USRC_General"/>
  <testcase name="CheckLogin" time="15.817" classname="CXS_Support.USRC_General"/>
  <testcase name="CheckLogin" time="14.639" classname="CXS_Support.USRC_General"/>
  <testcase name="CheckLogin" time="21.533" classname="CXS_Support.USRC_General"/>
  <testcase name="CheckLogin" time="60.870" classname="CXS_Support.USRC_General"/>
  <testcase name="CheckLogin" time="25.814" classname="CXS_Support.USRC_General"/>
  <testcase name="CheckLogin" time="8.353" classname="CXS_Support.USRC_General"/>
  <testcase name="CheckLogin" time="17.750" classname="CXS_Support.USRC_General"/>
  <testcase name="CheckLogin" time="20.091" classname="CXS_Support.USRC_General"/>
  <testcase name="CheckLogin" time="7.320" classname="CXS_Support.USRC_General"/>
  <testcase name="CheckLogin" time="6.422" classname="CXS_Support.USRC_General"/>
  <testcase name="CheckLogin" time="12.707" classname="CXS_Support.USRC_General"/>
  <testcase name="CheckLogin" time="70.739" classname="CXS_Support.USRC_General"/>
  <testcase name="CheckLogin" time="42.460" classname="CXS_Support.USRC_General"/>
  <testcase name="CheckLogin" time="65.008" classname="CXS_Support.USRC_General"/>
  <testcase name="CheckLogin" time="4.985" classname="CXS_Support.USRC_General"/>
  <testcase name="CheckLogin" time="48.232" classname="CXS_Support.USRC_General"/>
  <testcase name="CheckLogin" time="15.992" classname="CXS_Support.USRC_General"/>
  <testcase name="CheckLogin" time="41.170" classname="CXS_Support.USRC_General"/>
  <testcase name="CheckLogin" time="14.819" classname="CXS_Support.USRC_General"/>
  <testcase name="CheckLogin" time="39.376" classname="CXS_Support.USRC_General"/>
  <testcase name="CheckLogin" time="17.191" classname="CXS_Support.USRC_General"/>
  <testcase name="CheckLogin" time="12.412" classname="CXS_Support.USRC_General"/>
  <testcase name="CheckLogin" time="21.573" classname="CXS_Support.USRC_General"/>
  <testcase name="CheckLogin" time="19.161" classname="CXS_Support.USRC_General"/>
  <testcase name="CheckLogin" time="99.748" classname="CXS_Support.USRC_General"/>
  <testcase name="CheckLogin" time="20.255" classname="CXS_Support.USRC_General"/>
  <testcase name="CheckLogin" time="44.148" classname="CXS_Support.USRC_General"/>
  <testcase name="CheckLogin" time="15.510" classname="CXS_Support.USRC_General"/>
  <testcase name="CheckLogin" time="10.033" classname="CXS_Support.USRC_General"/>
  <testcase name="CheckLogin" time="5.385" classname="CXS_Support.USRC_General"/>
  <testcase name="CheckLogin" time="16.001" classname="CXS_Support.USRC_General"/>
  <testcase name="CheckLogin" time="24.074" classname="CXS_Support.USRC_General"/>
  <testcase name="CheckLogin" time="80.308" classname="CXS_Support.USRC_General"/>
  <testcase name="CheckLogin" time="15.538" classname="CXS_Support.USRC_General"/>
  <testcase name="CheckLogin" time="75.973" classname="CXS_Support.USRC_General"/>
  <testcase name="CheckLogin" time="8.110" classname="CXS_Support.USRC_General"/>
  <testcase name="CheckLogin" time="9.806" classname="CXS_Support.USRC_General"/>
  <testcase name="CheckLogin" time="9.556" classname="CXS_Support.USRC_General"/>
  <testcase name="CheckLogin" time="2.569" classname="CXS_Support.USRC_General"/>
  <testcase name="CheckLogin" time="33.644" classname="CXS_Support.USRC_General"/>
  <testcase name="CheckLogin" time="21.931" classname="CXS_Support.USRC_General"/>
  <testcase name="CheckLogin" time="49.073" classname="CXS_Support.USRC_General"/>
  <testcase name="CheckLogin" time="5.388" classname="CXS_Support.USRC_General"/>
  <testcase name="CheckLogin" time="12.291" classname="CXS_Support.USRC_General"/>
  <testcase name="CheckLogin" time="13.615" classname="CXS_Support.USRC_General"/>
  <testcase name="CheckLogin" time="14.374" classname="CXS_Support.USRC_General"/>
  <testcase name="CheckLogin" time="9.322" classname="CXS_Support.USRC_General"/>
  <testcase name="CheckLogin" time="17.329" classname="CXS_Support.USRC_General"/>
  <testcase name="CheckLogin" time="9.152" classname="CXS_Support.USRC_General"/>
  <testcase name="CheckLogin" time="30.475" classname="CXS_Support.USRC_General"/>
  <testcase name="CheckLogin" time="12.835" classname="CXS_Support.USRC_General"/>
  <testcase name="CheckLogin" time="50.503" classname="CXS_Support.USRC_General"/>
  <testcase name="CheckLogin" time="23.782" classname="CXS_Support.USRC_General"/>
  <testcase name="CheckLogin" time="14.020" classname="CXS_Support.USRC_General"/>
  <testcase name="CheckLogin" time="13.553" classname="CXS_Support.USRC_General"/>
  <testcase name="CheckLogin" time="35.482" classname="CXS_Support.USRC_General"/>
  <testcase name="CheckLogin" time="51.088" classname="CXS_Support.USRC_General"/>
  <testcase name="CheckLogin" time="61.754" classname="CXS_Support.USRC_General"/>
  <testcase name="CheckLogin" time="14.830" classname="CXS_Support.USRC_General"/>
  <testcase name="CheckLogin" time="5.712" classname="CXS_Support.USRC_General"/>
  <testcase name="CheckLogin" time="95.258" classname="CXS_Support.USRC_General"/>
  <testcase name="CheckLogin" time="2.945" classname="CXS_Support.USRC_General"/>
  <testcase name="CheckLogin" time="13.715" classname="CXS_Support.USRC_General"/>
  <testcase name="CheckLogin" time="54.111" classname="CXS_Support.USRC_General"/>
  <testcase name="CheckLogin" time="6.918" classname="CXS_Support.USRC_General"/>
  <testcase name="CheckLogin" time="48.601" classname="CXS_Support.USRC_General"/>
  <testcase name="CheckLogin" time="15.827" classname="CXS_Support.USRC_General"/>
  <testcase name="CheckLogin" time="45.253" classname="CXS_Support.USRC_General"/>
  <testcase name="CheckLogin" time="8.362" classname="CXS_Support.USRC_General"/>
  <testcase name="CheckLogin" time="57.898" classname="CXS_Support.USRC_General"/>
  <testcase name="CheckLogin" time="29.762" classname="CXS_Support.USRC_General"/>
  <testcase name="CheckLogin" time="14.512" classname="CXS_Support.USRC_General"/>
  <testcase name="CheckLogin" time="24.339" classname="CXS_Support.USRC_General"/>
  <testcase name="CheckLogin" time="5.230" classname="CXS_Support.USRC_General"/>
  <testcase name="CheckLogin" time="18.083" classname="CXS_Support.USRC_General"/>
  <testcase name="CheckLogin" time="19.204" classname="CXS_Support.USRC_General"/>
  <testcase name="CheckLogin" time="12.294" classname="CXS_Support.USRC_General"/>
  <testcase name="CheckLogin" time="80.888" classname="CXS_Support.USRC_General"/>
  <testcase name="CheckLogin" time="5.873" classname="CXS_Support.USRC_General"/>
  <testcase name="CheckLogin" time="21.161" classname="CXS_Support.USRC_General"/>
  <testcase name="CheckLogin" time="13.492" classname="CXS_Support.USRC_General"/>
  <testcase name="CheckLogin" time="37.401" classname="CXS_Support.USRC_General"/>
  <testcase name="CheckLogin" time="12.220" classname="CXS_Support.USRC_General"/>
  <testcase name="CheckLogin" time="17.228" classname="CXS_Support.USRC_General"/>
  <testcase name="CheckLogin" time="12.189" classname="CXS_Support.USRC_General"/>
  <testcase name="CheckLogin" time="9.254" classname="CXS_Support.USRC_General"/>
  <testcase name="CheckLogin" time="48.629" classname="CXS_Support.USRC_General"/>
  <testcase name="CheckLogin" time="30.721" classname="CXS_Support.USRC_General"/>
  <testcase name="CheckLogin" time="26.511" classname="CXS_Support.USRC_General"/>
  <testcase name="CheckLogin" time="32.816" classname="CXS_Support.USRC_General"/>
  <testcase name="CheckLogin" time="23.886" classname="CXS_Support.USRC_General"/>
  <testcase name="CheckLogin" time="4.933" classname="CXS_Support.USRC_General"/>
  <testcase name="CheckLogin" time="14.928" classname="CXS_Support.USRC_General"/>
  <testcase name="CheckLogin" time="73.006" classname="CXS_Support.USRC_General"/>
  <testcase name="CheckLogin" time="15.400" classname="CXS_Support.USRC_General"/>
  <testcase name="CheckLogin" time="10.406" classname="CXS_Support.USRC_General"/>
  <testcase name="CheckLogin" time="12.085" classname="CXS_Support.USRC_General"/>
  <testcase name="CheckLogin" time="22.920" classname="CXS_Support.USRC_General"/>
  <testcase name="CheckLogin" time="7.158" classname="CXS_Support.USRC_General"/>
  <testcase name="CheckLogin" time="9.454" classname="CXS_Support.USRC_General"/>
  <testcase name="CheckLogin" time="9.461" classname="CXS_Support.USRC_General"/>
  <testcase name="CheckLogin" time="9.677" classname="CXS_Support.USRC_General"/>
  <testcase name="CheckLogin" time="24.673" classname="CXS_Support.USRC_General"/>
  <testcase name="CheckLogin" time="8.841" classname="CXS_Support.USRC_General"/>
  <testcase name="CheckLogin" time="23.492" classname="CXS_Support.USRC_General"/>
  <testcase name="CheckLogin" time="8.124" classname="CXS_Support.USRC_General"/>
  <testcase name="CheckLogin" time="7.631" classname="CXS_Support.USRC_General"/>
  <testcase name="CheckLogin" time="9.506" classname="CXS_Support.USRC_General"/>
  <testcase name="CheckLogin" time="10.307" classname="CXS_Support.USRC_General"/>
  <testcase name="CheckLogin" time="20.524" classname="CXS_Support.USRC_General"/>
  <testcase name="CheckLogin" time="11.092" classname="CXS_Support.USRC_General"/>
  <testcase name="CheckLogin" time="9.219" classname="CXS_Support.USRC_General"/>
  <testcase name="CheckLogin" time="8.092" classname="CXS_Support.USRC_General"/>
  <testcase name="CheckLogin" time="12.091" classname="CXS_Support.USRC_General"/>
  <testcase name="CheckLogin" time="19.000" classname="CXS_Support.USRC_General"/>
  <testcase name="CheckLogin" time="28.462" classname="CXS_Support.USRC_General"/>
  <testcase name="CheckLogin" time="12.897" classname="CXS_Support.USRC_General"/>
  <testcase name="CheckLogin" time="24.097" classname="CXS_Support.USRC_General"/>
  <testcase name="CheckLogin" time="10.829" classname="CXS_Support.USRC_General"/>
  <testcase name="CheckLogin" time="5.650" classname="CXS_Support.USRC_General"/>
  <testcase name="CheckLogin" time="13.668" classname="CXS_Support.USRC_General"/>
  <testcase name="CheckLogin" time="63.403" classname="CXS_Support.USRC_General"/>
  <testcase name="CheckLogin" time="16.358" classname="CXS_Support.USRC_General"/>
  <testcase name="CheckLogin" time="94.334" classname="CXS_Support.USRC_General"/>
  <testcase name="CheckLogin" time="16.652" classname="CXS_Support.USRC_General"/>
  <testcase name="CheckLogin" time="26.484" classname="CXS_Support.USRC_General"/>
  <testcase name="CheckLogin" time="7.187" classname="CXS_Support.USRC_General"/>
  <testcase name="CheckLogin" time="20.460" classname="CXS_Support.USRC_General"/>
  <testcase name="CheckLogin" time="59.819" classname="CXS_Support.USRC_General"/>
  <testcase name="CheckLogin" time="13.421" classname="CXS_Support.USRC_General"/>
  <testcase name="CheckLogin" time="12.377" classname="CXS_Support.USRC_General"/>
  <testcase name="CheckLogin" time="13.094" classname="CXS_Support.USRC_General"/>
  <testcase name="CheckLogin" time="4.215" classname="CXS_Support.USRC_General"/>
  <testcase name="CheckLogin" time="31.112" classname="CXS_Support.USRC_General"/>
  <testcase name="CheckLogin" time="7.630" classname="CXS_Support.USRC_General"/>
  <testcase name="CheckLogin" time="26.072" classname="CXS_Support.USRC_General"/>
  <testcase name="CheckLogin" time="11.813" classname="CXS_Support.USRC_General"/>
  <testcase name="CheckLogin" time="38.623" classname="CXS_Support.USRC_General"/>
  <testcase name="CheckLogin" time="14.160" classname="CXS_Support.USRC_General"/>
  <testcase name="CheckLogin" time="14.705" classname="CXS_Support.USRC_General"/>
  <testcase name="CheckLogin" time="3.204" classname="CXS_Support.USRC_General"/>
  <testcase name="CheckLogin" time="7.820" classname="CXS_Support.USRC_General"/>
  <testcase name="CheckLogin" time="9.857" classname="CXS_Support.USRC_General"/>
  <testcase name="CheckLogin" time="14.095" classname="CXS_Support.USRC_General"/>
  <testcase name="CheckLogin" time="18.098" classname="CXS_Support.USRC_General"/>
  <testcase name="CheckLogin" time="35.956" classname="CXS_Support.USRC_General"/>
  <testcase name="CheckLogin" time="8.237" classname="CXS_Support.USRC_General"/>
  <testcase name="CheckLogin" time="54.699" classname="CXS_Support.USRC_General"/>
  <testcase name="CheckLogin" time="102.316" classname="CXS_Support.USRC_General"/>
  <testcase name="CheckLogin" time="12.997" classname="CXS_Support.USRC_General"/>
  <testcase name="CheckLogin" time="20.922" classname="CXS_Support.USRC_General"/>
  <testcase name="CheckLogin" time="4.130" classname="CXS_Support.USRC_General"/>
  <testcase name="CheckLogin" time="33.594" classname="CXS_Support.USRC_General"/>
  <testcase name="CheckLogin" time="11.928" classname="CXS_Support.USRC_General"/>
  <testcase name="CheckLogin" time="17.227" classname="CXS_Support.USRC_General"/>
  <testcase name="CheckLogin" time="4.564" classname="CXS_Support.USRC_General"/>
  <testcase name="CheckLogin" time="14.454" classname="CXS_Support.USRC_General"/>
  <testcase name="CheckLogin" time="28.201" classname="CXS_Support.USRC_General"/>
  <testcase name="CheckLogin" time="19.631" classname="CXS_Support.USRC_General"/>
  <testcase name="CheckLogin" time="54.002" classname="CXS_Support.USRC_General"/>
  <testcase name="CheckLogin" time="16.331" classname="CXS_Support.USRC_General"/>
  <testcase name="CheckLogin" time="22.122" classname="CXS_Support.USRC_General"/>
  <testcase name="CheckLogin" time="13.492" classname="CXS_Support.USRC_General"/>
  <testcase name="CheckLogin" time="27.028" classname="CXS_Support.USRC_General"/>
  <testcase name="CheckLogin" time="3.907" classname="CXS_Support.USRC_General"/>
  <testcase name="CheckLogin" time="7.584" classname="CXS_Support.USRC_General"/>
  <testcase name="CheckLogin" time="14.270" classname="CXS_Support.USRC_General"/>
  <testcase name="CheckLogin" time="37.127" classname="CXS_Support.USRC_General"/>
  <testcase name="CheckLogin" time="19.779" classname="CXS_Support.USRC_General"/>
  <testcase name="CheckLogin" time="6.214" classname="CXS_Support.USRC_General"/>
  <testcase name="CheckLogin" time="14.060" classname="CXS_Support.USRC_General"/>
  <testcase name="CheckLogin" time="18.053" classname="CXS_Support.USRC_General"/>
  <testcase name="CheckLogin" time="39.335" classname="CXS_Support.USRC_General"/>
  <testcase name="CheckLogin" time="8.973" classname="CXS_Support.USRC_General"/>
  <testcase name="CheckLogin" time="6.963" classname="CXS_Support.USRC_General"/>
  <testcase name="CheckLogin" time="11.351" classname="CXS_Support.USRC_General"/>
  <testcase name="CheckLogin" time="22.078" classname="CXS_Support.USRC_General"/>
  <testcase name="CheckLogin" time="25.540" classname="CXS_Support.USRC_General"/>
  <testcase name="CheckLogin" time="6.033" classname="CXS_Support.USRC_General"/>
  <testcase name="CheckLogin" time="20.700" classname="CXS_Support.USRC_General"/>
  <testcase name="CheckLogin" time="6.188" classname="CXS_Support.USRC_General"/>
  <testcase name="CheckLogin" time="11.403" classname="CXS_Support.USRC_General"/>
  <testcase name="CheckLogin" time="22.429" classname="CXS_Support.USRC_General"/>
  <testcase name="CheckLogin" time="28.722" classname="CXS_Support.USRC_General"/>
  <testcase name="CheckLogin" time="9.525" classname="CXS_Support.USRC_General"/>
  <testcase name="CheckLogin" time="13.094" classname="CXS_Support.USRC_General"/>
  <testcase name="CheckLogin" time="31.648" classname="CXS_Support.USRC_General"/>
  <testcase name="CheckLogin" time="14.094" classname="CXS_Support.USRC_General"/>
  <testcase name="CheckLogin" time="13.477" classname="CXS_Support.USRC_General"/>
  <testcase name="CheckLogin" time="14.528" classname="CXS_Support.USRC_General"/>
  <testcase name="CheckLogin" time="25.210" classname="CXS_Support.USRC_General"/>
  <testcase name="CheckLogin" time="6.379" classname="CXS_Support.USRC_General"/>
  <testcase name="CheckLogin" time="11.029" classname="CXS_Support.USRC_General"/>
  <testcase name="CheckLogin" time="49.297" classname="CXS_Support.USRC_General"/>
  <testcase name="CheckLogin" time="59.279" classname="CXS_Support.USRC_General"/>
  <testcase name="CheckLogin" time="63.957" classname="CXS_Support.USRC_General"/>
  <testcase name="CheckLogin" time="21.645" classname="CXS_Support.USRC_General"/>
  <testcase name="CheckLogin" time="16.688" classname="CXS_Support.USRC_General"/>
  <testcase name="CheckLogin" time="5.004" classname="CXS_Support.USRC_General"/>
  <testcase name="CheckLogin" time="44.446" classname="CXS_Support.USRC_General"/>
  <testcase name="CheckLogin" time="11.561" classname="CXS_Support.USRC_General"/>
  <testcase name="CheckLogin" time="14.319" classname="CXS_Support.USRC_General"/>
  <testcase name="CheckLogin" time="12.409" classname="CXS_Support.USRC_General"/>
  <testcase name="CheckLogin" time="26.193" classname="CXS_Support.USRC_General"/>
  <testcase name="CheckLogin" time="76.980" classname="CXS_Support.USRC_General"/>
  <testcase name="CheckLogin" time="63.194" classname="CXS_Support.USRC_General"/>
  <testcase name="CheckLogin" time="14.450" classname="CXS_Support.USRC_General"/>
  <testcase name="CheckLogin" time="7.891" classname="CXS_Support.USRC_General"/>
  <testcase name="CheckLogin" time="25.036" classname="CXS_Support.USRC_General"/>
  <testcase name="CheckLogin" time="12.416" classname="CXS_Support.USRC_General"/>
  <testcase name="CheckLogin" time="10.292" classname="CXS_Support.USRC_General"/>
  <testcase name="CheckLogin" time="12.777" classname="CXS_Support.USRC_General"/>
  <testcase name="CheckLogin" time="8.104" classname="CXS_Support.USRC_General"/>
  <testcase name="CheckLogin" time="14.230" classname="CXS_Support.USRC_General"/>
  <testcase name="CheckLogin" time="31.804" classname="CXS_Support.USRC_General"/>
  <testcase name="CheckLogin" time="33.986" classname="CXS_Support.USRC_General"/>
  <testcase name="CheckLogin" time="11.582" classname="CXS_Support.USRC_General"/>
  <testcase name="CheckLogin" time="9.897" classname="CXS_Support.USRC_General"/>
  <testcase name="CheckLogin" time="13.193" classname="CXS_Support.USRC_General"/>
  <testcase name="CheckLogin" time="20.421" classname="CXS_Support.USRC_General"/>
  <testcase name="CheckLogin" time="76.189" classname="CXS_Support.USRC_General"/>
  <testcase name="CheckLogin" time="7.092" classname="CXS_Support.USRC_General"/>
  <testcase name="CheckLogin" time="13.086" classname="CXS_Support.USRC_General"/>
  <testcase name="CheckLogin" time="12.238" classname="CXS_Support.USRC_General"/>
  <testcase name="CheckLogin" time="44.726" classname="CXS_Support.USRC_General"/>
  <testcase name="CheckLogin" time="5.395" classname="CXS_Support.USRC_General"/>
  <testcase name="CheckLogin" time="43.902" classname="CXS_Support.USRC_General"/>
  <testcase name="CheckLogin" time="17.493" classname="CXS_Support.USRC_General"/>
  <testcase name="CheckLogin" time="5.043" classname="CXS_Support.USRC_General"/>
  <testcase name="CheckLogin" time="7.331" classname="CXS_Support.USRC_General"/>
  <testcase name="CheckLogin" time="108.611" classname="CXS_Support.USRC_General"/>
  <testcase name="CheckLogin" time="6.088" classname="CXS_Support.USRC_General"/>
  <testcase name="CheckLogin" time="4.286" classname="CXS_Support.USRC_General"/>
  <testcase name="CheckLogin" time="26.175" classname="CXS_Support.USRC_General"/>
  <testcase name="CheckLogin" time="29.295" classname="CXS_Support.USRC_General"/>
  <testcase name="CheckLogin" time="1.437" classname="CXS_Support.USRC_General"/>
  <testcase name="CheckLogin" time="22.877" classname="CXS_Support.USRC_General"/>
  <testcase name="CheckLogin" time="13.017" classname="CXS_Support.USRC_General"/>
  <testcase name="CheckLogin" time="8.684" classname="CXS_Support.USRC_General"/>
  <testcase name="CheckLogin" time="16.661" classname="CXS_Support.USRC_General"/>
  <testcase name="CheckLogin" time="41.126" classname="CXS_Support.USRC_General"/>
  <testcase name="CheckLogin" time="23.998" classname="CXS_Support.USRC_General"/>
  <testcase name="CheckLogin" time="5.796" classname="CXS_Support.USRC_General"/>
  <testcase name="CheckLogin" time="16.461" classname="CXS_Support.USRC_General"/>
  <testcase name="CheckLogin" time="12.542" classname="CXS_Support.USRC_General"/>
  <testcase name="CheckLogin" time="58.277" classname="CXS_Support.USRC_General"/>
  <testcase name="CheckLogin" time="13.103" classname="CXS_Support.USRC_General"/>
  <testcase name="CheckLogin" time="19.043" classname="CXS_Support.USRC_General"/>
  <testcase name="CheckLogin" time="5.277" classname="CXS_Support.USRC_General"/>
  <testcase name="CheckLogin" time="10.703" classname="CXS_Support.USRC_General"/>
  <testcase name="CheckLogin" time="17.018" classname="CXS_Support.USRC_General"/>
  <testcase name="CheckLogin" time="8.920" classname="CXS_Support.USRC_General"/>
  <testcase name="CheckLogin" time="10.276" classname="CXS_Support.USRC_General"/>
  <testcase name="CheckLogin" time="3.930" classname="CXS_Support.USRC_General"/>
  <testcase name="CheckLogin" time="14.217" classname="CXS_Support.USRC_General"/>
  <testcase name="CheckLogin" time="39.580" classname="CXS_Support.USRC_General"/>
  <testcase name="CheckLogin" time="11.721" classname="CXS_Support.USRC_General"/>
  <testcase name="CheckLogin" time="15.436" classname="CXS_Support.USRC_General"/>
  <testcase name="CheckLogin" time="12.896" classname="CXS_Support.USRC_General"/>
  <testcase name="CheckLogin" time="22.870" classname="CXS_Support.USRC_General"/>
  <testcase name="CheckLogin" time="98.894" classname="CXS_Support.USRC_General"/>
  <testcase name="CheckLogin" time="10.028" classname="CXS_Support.USRC_General"/>
  <testcase name="CheckLogin" time="6.088" classname="CXS_Support.USRC_General"/>
  <testcase name="CheckLogin" time="8.465" classname="CXS_Support.USRC_General"/>
  <testcase name="CheckLogin" time="7.820" classname="CXS_Support.USRC_General"/>
  <testcase name="CheckLogin" time="14.765" classname="CXS_Support.USRC_General"/>
  <testcase name="CheckLogin" time="16.214" classname="CXS_Support.USRC_General"/>
  <testcase name="CheckLogin" time="42.356" classname="CXS_Support.USRC_General"/>
  <testcase name="CheckLogin" time="10.050" classname="CXS_Support.USRC_General"/>
  <testcase name="CheckLogin" time="14.203" classname="CXS_Support.USRC_General"/>
  <testcase name="CheckLogin" time="10.577" classname="CXS_Support.USRC_General"/>
  <testcase name="CheckLogin" time="7.378" classname="CXS_Support.USRC_General"/>
  <testcase name="CheckLogin" time="9.605" classname="CXS_Support.USRC_General"/>
  <testcase name="CheckLogin" time="18.415" classname="CXS_Support.USRC_General"/>
  <testcase name="CheckLogin" time="50.685" classname="CXS_Support.USRC_General"/>
  <testcase name="CheckLogin" time="9.719" classname="CXS_Support.USRC_General"/>
  <testcase name="CheckLogin" time="15.074" classname="CXS_Support.USRC_General"/>
  <testcase name="CheckLogin" time="53.886" classname="CXS_Support.USRC_General"/>
  <testcase name="CheckLogin" time="10.301" classname="CXS_Support.USRC_General"/>
  <testcase name="CheckLogin" time="37.055" classname="CXS_Support.USRC_General"/>
  <testcase name="CheckLogin" time="58.693" classname="CXS_Support.USRC_General"/>
  <testcase name="CheckLogin" time="16.969" classname="CXS_Support.USRC_General"/>
  <testcase name="CheckLogin" time="8.986" classname="CXS_Support.USRC_General"/>
  <testcase name="CheckLogin" time="23.771" classname="CXS_Support.USRC_General"/>
  <testcase name="CheckLogin" time="17.288" classname="CXS_Support.USRC_General"/>
  <testcase name="CheckLogin" time="5.678" classname="CXS_Support.USRC_General"/>
  <testcase name="CheckLogin" time="32.701" classname="CXS_Support.USRC_General"/>
  <testcase name="CheckLogin" time="43.411" classname="CXS_Support.USRC_General"/>
  <testcase name="CheckLogin" time="18.627" classname="CXS_Support.USRC_General"/>
  <testcase name="CheckLogin" time="20.710" classname="CXS_Support.USRC_General"/>
  <testcase name="CheckLogin" time="15.957" classname="CXS_Support.USRC_General"/>
  <testcase name="CheckLogin" time="14.073" classname="CXS_Support.USRC_General"/>
  <testcase name="CheckLogin" time="13.059" classname="CXS_Support.USRC_General"/>
  <testcase name="CheckLogin" time="18.953" classname="CXS_Support.USRC_General"/>
  <testcase name="CheckLogin" time="13.803" classname="CXS_Support.USRC_General"/>
  <testcase name="CheckLogin" time="91.550" classname="CXS_Support.USRC_General"/>
  <testcase name="CheckLogin" time="39.236" classname="CXS_Support.USRC_General"/>
  <testcase name="CheckLogin" time="6.388" classname="CXS_Support.USRC_General"/>
  <testcase name="CheckLogin" time="14.103" classname="CXS_Support.USRC_General"/>
  <testcase name="CheckLogin" time="8.131" classname="CXS_Support.USRC_General"/>
  <testcase name="CheckLogin" time="8.282" classname="CXS_Support.USRC_General"/>
  <testcase name="CheckLogin" time="22.170" classname="CXS_Support.USRC_General"/>
  <testcase name="CheckLogin" time="29.739" classname="CXS_Support.USRC_General"/>
  <testcase name="CheckLogin" time="22.108" classname="CXS_Support.USRC_General"/>
  <testcase name="CheckLogin" time="8.290" classname="CXS_Support.USRC_General"/>
  <testcase name="CheckLogin" time="39.606" classname="CXS_Support.USRC_General"/>
  <testcase name="CheckLogin" time="6.550" classname="CXS_Support.USRC_General"/>
  <testcase name="CheckLogin" time="9.069" classname="CXS_Support.USRC_General"/>
  <testcase name="CheckLogin" time="17.635" classname="CXS_Support.USRC_General"/>
  <testcase name="CheckLogin" time="26.935" classname="CXS_Support.USRC_General"/>
  <testcase name="CheckLogin" time="8.557" classname="CXS_Support.USRC_General"/>
  <testcase name="CheckLogin" time="12.997" classname="CXS_Support.USRC_General"/>
  <testcase name="CheckLogin" time="7.456" classname="CXS_Support.USRC_General"/>
  <testcase name="CheckLogin" time="6.834" classname="CXS_Support.USRC_General"/>
  <testcase name="CheckLogin" time="47.079" classname="CXS_Support.USRC_General"/>
  <testcase name="CheckLogin" time="15.409" classname="CXS_Support.USRC_General"/>
  <testcase name="CheckLogin" time="18.107" classname="CXS_Support.USRC_General"/>
  <testcase name="CheckLogin" time="44.562" classname="CXS_Support.USRC_General"/>
  <testcase name="CheckLogin" time="15.534" classname="CXS_Support.USRC_General"/>
  <testcase name="CheckLogin" time="13.388" classname="CXS_Support.USRC_General"/>
  <testcase name="CheckLogin" time="65.264" classname="CXS_Support.USRC_General"/>
  <testcase name="CheckLogin" time="23.115" classname="CXS_Support.USRC_General"/>
  <testcase name="CheckLogin" time="20.403" classname="CXS_Support.USRC_General"/>
  <testcase name="CheckLogin" time="14.550" classname="CXS_Support.USRC_General"/>
  <testcase name="CheckLogin" time="20.820" classname="CXS_Support.USRC_General"/>
  <testcase name="CheckLogin" time="25.236" classname="CXS_Support.USRC_General"/>
  <testcase name="CheckLogin" time="27.496" classname="CXS_Support.USRC_General"/>
  <testcase name="CheckLogin" time="19.294" classname="CXS_Support.USRC_General"/>
  <testcase name="CheckLogin" time="22.121" classname="CXS_Support.USRC_General"/>
  <testcase name="CheckLogin" time="4.992" classname="CXS_Support.USRC_General"/>
  <testcase name="CheckLogin" time="9.298" classname="CXS_Support.USRC_General"/>
  <testcase name="CheckLogin" time="6.591" classname="CXS_Support.USRC_General"/>
  <testcase name="CheckLogin" time="5.818" classname="CXS_Support.USRC_General"/>
  <testcase name="CheckLogin" time="42.071" classname="CXS_Support.USRC_General"/>
  <testcase name="CheckLogin" time="8.023" classname="CXS_Support.USRC_General"/>
  <testcase name="CheckLogin" time="5.472" classname="CXS_Support.USRC_General"/>
  <testcase name="CheckLogin" time="14.001" classname="CXS_Support.USRC_General"/>
  <testcase name="CheckLogin" time="17.232" classname="CXS_Support.USRC_General"/>
  <testcase name="CheckLogin" time="14.527" classname="CXS_Support.USRC_General"/>
  <testcase name="CheckLogin" time="28.837" classname="CXS_Support.USRC_General"/>
  <testcase name="CheckLogin" time="18.084" classname="CXS_Support.USRC_General"/>
  <testcase name="CheckLogin" time="3.044" classname="CXS_Support.USRC_General"/>
  <testcase name="CheckLogin" time="11.646" classname="CXS_Support.USRC_General"/>
  <testcase name="CheckLogin" time="10.457" classname="CXS_Support.USRC_General"/>
  <testcase name="CheckLogin" time="12.076" classname="CXS_Support.USRC_General"/>
  <testcase name="CheckLogin" time="46.026" classname="CXS_Support.USRC_General"/>
  <testcase name="CheckLogin" time="16.577" classname="CXS_Support.USRC_General"/>
  <testcase name="CheckLogin" time="11.480" classname="CXS_Support.USRC_General"/>
  <testcase name="CheckLogin" time="6.244" classname="CXS_Support.USRC_General"/>
  <testcase name="CheckLogin" time="8.943" classname="CXS_Support.USRC_General"/>
  <testcase name="CheckLogin" time="12.970" classname="CXS_Support.USRC_General"/>
  <testcase name="CheckLogin" time="19.323" classname="CXS_Support.USRC_General"/>
  <testcase name="CheckLogin" time="8.291" classname="CXS_Support.USRC_General"/>
  <testcase name="CheckLogin" time="23.446" classname="CXS_Support.USRC_General"/>
  <testcase name="CheckLogin" time="22.114" classname="CXS_Support.USRC_General"/>
  <testcase name="CheckLogin" time="12.621" classname="CXS_Support.USRC_General"/>
  <testcase name="CheckLogin" time="25.181" classname="CXS_Support.USRC_General"/>
  <testcase name="CheckLogin" time="9.326" classname="CXS_Support.USRC_General"/>
  <testcase name="CheckLogin" time="8.609" classname="CXS_Support.USRC_General"/>
  <testcase name="CheckLogin" time="21.592" classname="CXS_Support.USRC_General"/>
  <testcase name="CheckLogin" time="8.042" classname="CXS_Support.USRC_General"/>
  <testcase name="CheckLogin" time="5.851" classname="CXS_Support.USRC_General"/>
  <testcase name="CheckLogin" time="11.894" classname="CXS_Support.USRC_General"/>
  <testcase name="CheckLogin" time="14.531" classname="CXS_Support.USRC_General"/>
  <testcase name="CheckLogin" time="44.675" classname="CXS_Support.USRC_General"/>
  <testcase name="CheckLogin" time="13.788" classname="CXS_Support.USRC_General"/>
  <testcase name="CheckLogin" time="11.814" classname="CXS_Support.USRC_General"/>
  <testcase name="CheckLogin" time="10.034" classname="CXS_Support.USRC_General"/>
  <testcase name="CheckLogin" time="6.109" classname="CXS_Support.USRC_General"/>
  <testcase name="CheckLogin" time="6.492" classname="CXS_Support.USRC_General"/>
  <testcase name="CheckLogin" time="11.896" classname="CXS_Support.USRC_General"/>
  <testcase name="CheckLogin" time="17.398" classname="CXS_Support.USRC_General"/>
  <testcase name="CheckLogin" time="44.480" classname="CXS_Support.USRC_General"/>
  <testcase name="CheckLogin" time="27.446" classname="CXS_Support.USRC_General"/>
  <testcase name="CheckLogin" time="51.059" classname="CXS_Support.USRC_General"/>
  <testcase name="CheckLogin" time="43.021" classname="CXS_Support.USRC_General"/>
  <testcase name="CheckLogin" time="20.598" classname="CXS_Support.USRC_General"/>
  <testcase name="CheckLogin" time="32.323" classname="CXS_Support.USRC_General"/>
  <testcase name="CheckLogin" time="38.611" classname="CXS_Support.USRC_General"/>
  <testcase name="CheckLogin" time="8.432" classname="CXS_Support.USRC_General"/>
  <testcase name="CheckLogin" time="13.801" classname="CXS_Support.USRC_General"/>
  <testcase name="CheckLogin" time="10.660" classname="CXS_Support.USRC_General"/>
  <testcase name="CheckLogin" time="9.330" classname="CXS_Support.USRC_General"/>
  <testcase name="CheckLogin" time="11.633" classname="CXS_Support.USRC_General"/>
  <testcase name="CheckLogin" time="3.599" classname="CXS_Support.USRC_General"/>
  <testcase name="CheckLogin" time="22.668" classname="CXS_Support.USRC_General"/>
  <testcase name="CheckLogin" time="16.190" classname="CXS_Support.USRC_General"/>
  <testcase name="CheckLogin" time="40.881" classname="CXS_Support.USRC_General"/>
  <testcase name="CheckLogin" time="67.681" classname="CXS_Support.USRC_General"/>
  <testcase name="CheckLogin" time="49.385" classname="CXS_Support.USRC_General"/>
  <testcase name="CheckLogin" time="21.215" classname="CXS_Support.USRC_General"/>
  <testcase name="CheckLogin" time="4.838" classname="CXS_Support.USRC_General"/>
  <testcase name="CheckLogin" time="10.158" classname="CXS_Support.USRC_General"/>
  <testcase name="CheckLogin" time="31.040" classname="CXS_Support.USRC_General"/>
  <testcase name="CheckLogin" time="9.701" classname="CXS_Support.USRC_General"/>
  <testcase name="CheckLogin" time="10.754" classname="CXS_Support.USRC_General"/>
  <testcase name="CheckLogin" time="6.253" classname="CXS_Support.USRC_General"/>
  <testcase name="CheckLogin" time="4.821" classname="CXS_Support.USRC_General"/>
  <testcase name="CheckLogin" time="49.142" classname="CXS_Support.USRC_General"/>
  <testcase name="CheckLogin" time="35.367" classname="CXS_Support.USRC_General"/>
  <testcase name="CheckLogin" time="15.538" classname="CXS_Support.USRC_General"/>
  <testcase name="CheckLogin" time="61.306" classname="CXS_Support.USRC_General"/>
  <testcase name="CheckLogin" time="9.516" classname="CXS_Support.USRC_General"/>
  <testcase name="CheckLogin" time="17.503" classname="CXS_Support.USRC_General"/>
  <testcase name="CheckLogin" time="51.743" classname="CXS_Support.USRC_General"/>
  <testcase name="CheckLogin" time="21.518" classname="CXS_Support.USRC_General"/>
  <testcase name="CheckLogin" time="80.584" classname="CXS_Support.USRC_General"/>
  <testcase name="CheckLogin" time="5.865" classname="CXS_Support.USRC_General"/>
  <testcase name="CheckLogin" time="27.390" classname="CXS_Support.USRC_General"/>
  <testcase name="CheckLogin" time="77.444" classname="CXS_Support.USRC_General"/>
  <testcase name="CheckLogin" time="33.329" classname="CXS_Support.USRC_General"/>
  <testcase name="CheckLogin" time="17.784" classname="CXS_Support.USRC_General"/>
  <testcase name="CheckLogin" time="16.499" classname="CXS_Support.USRC_General"/>
  <testcase name="CheckLogin" time="8.854" classname="CXS_Support.USRC_General"/>
  <testcase name="CheckLogin" time="42.352" classname="CXS_Support.USRC_General"/>
  <testcase name="CheckLogin" time="7.014" classname="CXS_Support.USRC_General"/>
  <testcase name="CheckLogin" time="9.588" classname="CXS_Support.USRC_General"/>
  <testcase name="CheckLogin" time="20.710" classname="CXS_Support.USRC_General"/>
  <testcase name="CheckLogin" time="12.173" classname="CXS_Support.USRC_General"/>
  <testcase name="CheckLogin" time="10.370" classname="CXS_Support.USRC_General"/>
  <testcase name="CheckLogin" time="15.334" classname="CXS_Support.USRC_General"/>
  <testcase name="CheckLogin" time="14.658" classname="CXS_Support.USRC_General"/>
  <testcase name="CheckLogin" time="18.493" classname="CXS_Support.USRC_General"/>
  <testcase name="CheckLogin" time="4.538" classname="CXS_Support.USRC_General"/>
  <testcase name="CheckLogin" time="8.740" classname="CXS_Support.USRC_General"/>
  <testcase name="CheckLogin" time="42.214" classname="CXS_Support.USRC_General"/>
  <testcase name="CheckLogin" time="17.623" classname="CXS_Support.USRC_General"/>
  <testcase name="CheckLogin" time="16.318" classname="CXS_Support.USRC_General"/>
  <testcase name="CheckLogin" time="7.896" classname="CXS_Support.USRC_General"/>
  <testcase name="CheckLogin" time="9.779" classname="CXS_Support.USRC_General"/>
  <testcase name="CheckLogin" time="24.514" classname="CXS_Support.USRC_General"/>
  <testcase name="CheckLogin" time="84.714" classname="CXS_Support.USRC_General"/>
  <testcase name="CheckLogin" time="30.391" classname="CXS_Support.USRC_General"/>
  <testcase name="CheckLogin" time="59.079" classname="CXS_Support.USRC_General"/>
  <testcase name="CheckLogin" time="63.717" classname="CXS_Support.USRC_General"/>
  <testcase name="CheckLogin" time="13.518" classname="CXS_Support.USRC_General"/>
  <testcase name="CheckLogin" time="15.396" classname="CXS_Support.USRC_General"/>
  <testcase name="CheckLogin" time="24.421" classname="CXS_Support.USRC_General"/>
  <testcase name="CheckLogin" time="21.158" classname="CXS_Support.USRC_General"/>
  <testcase name="CheckLogin" time="56.151" classname="CXS_Support.USRC_General"/>
  <testcase name="CheckLogin" time="15.247" classname="CXS_Support.USRC_General"/>
  <testcase name="CheckLogin" time="15.226" classname="CXS_Support.USRC_General"/>
  <testcase name="CheckLogin" time="11.116" classname="CXS_Support.USRC_General"/>
  <testcase name="CheckLogin" time="30.320" classname="CXS_Support.USRC_General"/>
  <testcase name="CheckLogin" time="11.490" classname="CXS_Support.USRC_General"/>
  <testcase name="CheckLogin" time="16.670" classname="CXS_Support.USRC_General"/>
  <testcase name="CheckLogin" time="6.920" classname="CXS_Support.USRC_General"/>
  <testcase name="CheckLogin" time="8.952" classname="CXS_Support.USRC_General"/>
  <testcase name="CheckLogin" time="17.382" classname="CXS_Support.USRC_General"/>
  <testcase name="CheckLogin" time="13.750" classname="CXS_Support.USRC_General"/>
  <testcase name="CheckLogin" time="55.374" classname="CXS_Support.USRC_General"/>
  <testcase name="CheckLogin" time="19.451" classname="CXS_Support.USRC_General"/>
  <testcase name="CheckLogin" time="12.439" classname="CXS_Support.USRC_General"/>
  <testcase name="CheckLogin" time="16.986" classname="CXS_Support.USRC_General"/>
  <testcase name="CheckLogin" time="3.039" classname="CXS_Support.USRC_General"/>
  <testcase name="CheckLogin" time="5.512" classname="CXS_Support.USRC_General"/>
  <testcase name="CheckLogin" time="13.370" classname="CXS_Support.USRC_General"/>
  <testcase name="CheckLogin" time="31.616" classname="CXS_Support.USRC_General"/>
  <testcase name="CheckLogin" time="10.329" classname="CXS_Support.USRC_General"/>
  <testcase name="CheckLogin" time="29.009" classname="CXS_Support.USRC_General"/>
  <testcase name="CheckLogin" time="39.651" classname="CXS_Support.USRC_General"/>
  <testcase name="CheckLogin" time="8.398" classname="CXS_Support.USRC_General"/>
  <testcase name="CheckLogin" time="70.451" classname="CXS_Support.USRC_General"/>
  <testcase name="CheckLogin" time="14.406" classname="CXS_Support.USRC_General"/>
  <testcase name="CheckLogin" time="48.159" classname="CXS_Support.USRC_General"/>
  <testcase name="CheckLogin" time="30.861" classname="CXS_Support.USRC_General"/>
  <testcase name="CheckLogin" time="17.576" classname="CXS_Support.USRC_General"/>
  <testcase name="CheckLogin" time="19.305" classname="CXS_Support.USRC_General"/>
  <testcase name="CheckLogin" time="69.506" classname="CXS_Support.USRC_General"/>
  <testcase name="CheckLogin" time="17.531" classname="CXS_Support.USRC_General"/>
  <testcase name="CheckLogin" time="26.123" classname="CXS_Support.USRC_General"/>
  <testcase name="CheckLogin" time="9.071" classname="CXS_Support.USRC_General"/>
  <testcase name="CheckLogin" time="9.722" classname="CXS_Support.USRC_General"/>
  <testcase name="CheckLogin" time="21.422" classname="CXS_Support.USRC_General"/>
  <testcase name="CheckLogin" time="10.141" classname="CXS_Support.USRC_General"/>
  <testcase name="CheckLogin" time="20.201" classname="CXS_Support.USRC_General"/>
  <testcase name="CheckLogin" time="51.767" classname="CXS_Support.USRC_General"/>
  <testcase name="CheckLogin" time="9.847" classname="CXS_Support.USRC_General"/>
  <testcase name="CheckLogin" time="16.378" classname="CXS_Support.USRC_General"/>
  <testcase name="CheckLogin" time="14.725" classname="CXS_Support.USRC_General"/>
  <testcase name="CheckLogin" time="7.398" classname="CXS_Support.USRC_General"/>
  <testcase name="CheckLogin" time="39.882" classname="CXS_Support.USRC_General"/>
  <testcase name="CheckLogin" time="49.645" classname="CXS_Support.USRC_General"/>
  <testcase name="CheckLogin" time="19.373" classname="CXS_Support.USRC_General"/>
  <testcase name="CheckLogin" time="30.368" classname="CXS_Support.USRC_General"/>
  <testcase name="CheckLogin" time="19.600" classname="CXS_Support.USRC_General"/>
  <testcase name="CheckLogin" time="63.432" classname="CXS_Support.USRC_General"/>
  <testcase name="CheckLogin" time="18.540" classname="CXS_Support.USRC_General"/>
  <testcase name="CheckLogin" time="15.545" classname="CXS_Support.USRC_General"/>
  <testcase name="CheckLogin" time="11.324" classname="CXS_Support.USRC_General"/>
  <testcase name="CheckLogin" time="37.738" classname="CXS_Support.USRC_General"/>
  <testcase name="CheckLogin" time="22.148" classname="CXS_Support.USRC_General"/>
  <testcase name="CheckLogin" time="18.051" classname="CXS_Support.USRC_General"/>
  <testcase name="CheckLogin" time="13.612" classname="CXS_Support.USRC_General"/>
  <testcase name="CheckLogin" time="8.679" classname="CXS_Support.USRC_General"/>
  <testcase name="CheckLogin" time="15.796" classname="CXS_Support.USRC_General"/>
  <testcase name="CheckLogin" time="7.283" classname="CXS_Support.USRC_General"/>
  <testcase name="CheckLogin" time="22.404" classname="CXS_Support.USRC_General"/>
  <testcase name="CheckLogin" time="13.215" classname="CXS_Support.USRC_General"/>
  <testcase name="CheckLogin" time="15.008" classname="CXS_Support.USRC_General"/>
  <testcase name="CheckLogin" time="21.365" classname="CXS_Support.USRC_General"/>
  <testcase name="CheckLogin" time="61.014" classname="CXS_Support.USRC_General"/>
  <testcase name="CheckLogin" time="44.985" classname="CXS_Support.USRC_General"/>
  <testcase name="CheckLogin" time="15.174" classname="CXS_Support.USRC_General"/>
  <testcase name="CheckLogin" time="23.258" classname="CXS_Support.USRC_General"/>
  <testcase name="CheckLogin" time="8.118" classname="CXS_Support.USRC_General"/>
  <testcase name="CheckLogin" time="35.351" classname="CXS_Support.USRC_General"/>
  <testcase name="CheckLogin" time="15.982" classname="CXS_Support.USRC_General"/>
  <testcase name="CheckLogin" time="22.218" classname="CXS_Support.USRC_General"/>
  <testcase name="CheckLogin" time="28.866" classname="CXS_Support.USRC_General"/>
  <testcase name="CheckLogin" time="7.533" classname="CXS_Support.USRC_General"/>
  <testcase name="CheckLogin" time="14.990" classname="CXS_Support.USRC_General"/>
  <testcase name="CheckLogin" time="6.337" classname="CXS_Support.USRC_General"/>
  <testcase name="CheckLogin" time="10.289" classname="CXS_Support.USRC_General"/>
  <testcase name="CheckLogin" time="10.175" classname="CXS_Support.USRC_General"/>
  <testcase name="CheckLogin" time="19.646" classname="CXS_Support.USRC_General"/>
  <testcase name="CheckLogin" time="12.477" classname="CXS_Support.USRC_General"/>
  <testcase name="CheckLogin" time="55.046" classname="CXS_Support.USRC_General"/>
  <testcase name="CheckLogin" time="13.289" classname="CXS_Support.USRC_General"/>
  <testcase name="CheckLogin" time="3.546" classname="CXS_Support.USRC_General"/>
  <testcase name="CheckLogin" time="9.114" classname="CXS_Support.USRC_General"/>
  <testcase name="CheckLogin" time="16.532" classname="CXS_Support.USRC_General"/>
  <testcase name="CheckLogin" time="9.175" classname="CXS_Support.USRC_General"/>
  <testcase name="CheckLogin" time="41.325" classname="CXS_Support.USRC_General"/>
  <testcase name="CheckLogin" time="12.285" classname="CXS_Support.USRC_General"/>
  <testcase name="CheckLogin" time="8.575" classname="CXS_Support.USRC_General"/>
  <testcase name="CheckLogin" time="28.567" classname="CXS_Support.USRC_General"/>
  <testcase name="CheckLogin" time="4.743" classname="CXS_Support.USRC_General"/>
  <testcase name="CheckLogin" time="9.754" classname="CXS_Support.USRC_General"/>
  <testcase name="CheckLogin" time="40.822" classname="CXS_Support.USRC_General"/>
  <testcase name="CheckLogin" time="29.409" classname="CXS_Support.USRC_General"/>
  <testcase name="CheckLogin" time="26.129" classname="CXS_Support.USRC_General"/>
  <testcase name="CheckLogin" time="7.125" classname="CXS_Support.USRC_General"/>
  <testcase name="CheckLogin" time="21.656" classname="CXS_Support.USRC_General"/>
  <testcase name="CheckLogin" time="22.324" classname="CXS_Support.USRC_General"/>
  <testcase name="CheckLogin" time="4.262" classname="CXS_Support.USRC_General"/>
  <testcase name="CheckLogin" time="4.513" classname="CXS_Support.USRC_General"/>
  <testcase name="CheckLogin" time="34.430" classname="CXS_Support.USRC_General"/>
  <testcase name="CheckLogin" time="45.900" classname="CXS_Support.USRC_General"/>
  <testcase name="CheckLogin" time="8.921" classname="CXS_Support.USRC_General"/>
  <testcase name="CheckLogin" time="29.210" classname="CXS_Support.USRC_General"/>
  <testcase name="CheckLogin" time="9.280" classname="CXS_Support.USRC_General"/>
  <testcase name="CheckLogin" time="28.947" classname="CXS_Support.USRC_General"/>
  <testcase name="CheckLogin" time="79.839" classname="CXS_Support.USRC_General"/>
  <testcase name="CheckLogin" time="21.715" classname="CXS_Support.USRC_General"/>
  <testcase name="CheckLogin" time="19.580" classname="CXS_Support.USRC_General"/>
  <testcase name="CheckLogin" time="5.283" classname="CXS_Support.USRC_General"/>
  <testcase name="CheckLogin" time="7.968" classname="CXS_Support.USRC_General"/>
  <testcase name="CheckLogin" time="10.777" classname="CXS_Support.USRC_General"/>
  <testcase name="CheckLogin" time="39.207" classname="CXS_Support.USRC_General"/>
  <testcase name="CheckLogin" time="19.124" classname="CXS_Support.USRC_General"/>
  <testcase name="CheckLogin" time="35.472" classname="CXS_Support.USRC_General"/>
  <testcase name="CheckLogin" time="8.877" classname="CXS_Support.USRC_General"/>
  <testcase name="CheckLogin" time="58.592" classname="CXS_Support.USRC_General"/>
  <testcase name="CheckLogin" time="10.342" classname="CXS_Support.USRC_General"/>
  <testcase name="CheckLogin" time="11.481" classname="CXS_Support.USRC_General"/>
  <testcase name="CheckLogin" time="7.877" classname="CXS_Support.USRC_General"/>
  <testcase name="CheckLogin" time="6.736" classname="CXS_Support.USRC_General"/>
  <testcase name="CheckLogin" time="7.065" classname="CXS_Support.USRC_General"/>
  <testcase name="CheckLogin" time="17.620" classname="CXS_Support.USRC_General"/>
  <testcase name="CheckLogin" time="22.372" classname="CXS_Support.USRC_General"/>
  <testcase name="CheckLogin" time="17.065" classname="CXS_Support.USRC_General"/>
  <testcase name="CheckLogin" time="20.730" classname="CXS_Support.USRC_General"/>
  <testcase name="CheckLogin" time="12.662" classname="CXS_Support.USRC_General"/>
  <testcase name="CheckLogin" time="13.277" classname="CXS_Support.USRC_General"/>
  <testcase name="CheckLogin" time="3.314" classname="CXS_Support.USRC_General"/>
  <testcase name="CheckLogin" time="25.549" classname="CXS_Support.USRC_General"/>
  <testcase name="CheckLogin" time="29.064" classname="CXS_Support.USRC_General"/>
  <testcase name="CheckLogin" time="7.642" classname="CXS_Support.USRC_General"/>
  <testcase name="CheckLogin" time="7.274" classname="CXS_Support.USRC_General"/>
  <testcase name="CheckLogin" time="7.296" classname="CXS_Support.USRC_General"/>
  <testcase name="CheckLogin" time="33.500" classname="CXS_Support.USRC_General"/>
  <testcase name="CheckLogin" time="46.686" classname="CXS_Support.USRC_General"/>
  <testcase name="CheckLogin" time="9.789" classname="CXS_Support.USRC_General"/>
  <testcase name="CheckLogin" time="26.559" classname="CXS_Support.USRC_General"/>
  <testcase name="CheckLogin" time="8.501" classname="CXS_Support.USRC_General"/>
  <testcase name="CheckLogin" time="17.069" classname="CXS_Support.USRC_General"/>
  <testcase name="CheckLogin" time="8.517" classname="CXS_Support.USRC_General"/>
  <testcase name="CheckLogin" time="27.186" classname="CXS_Support.USRC_General"/>
  <testcase name="CheckLogin" time="6.332" classname="CXS_Support.USRC_General"/>
  <testcase name="CheckLogin" time="23.583" classname="CXS_Support.USRC_General"/>
  <testcase name="CheckLogin" time="11.363" classname="CXS_Support.USRC_General"/>
  <testcase name="CheckLogin" time="18.129" classname="CXS_Support.USRC_General"/>
  <testcase name="CheckLogin" time="46.489" classname="CXS_Support.USRC_General"/>
  <testcase name="CheckLogin" time="29.041" classname="CXS_Support.USRC_General"/>
  <testcase name="CheckLogin" time="18.853" classname="CXS_Support.USRC_General"/>
  <testcase name="CheckLogin" time="10.346" classname="CXS_Support.USRC_General"/>
  <testcase name="CheckLogin" time="29.897" classname="CXS_Support.USRC_General"/>
  <testcase name="CheckLogin" time="11.065" classname="CXS_Support.USRC_General"/>
  <testcase name="CheckLogin" time="25.282" classname="CXS_Support.USRC_General"/>
  <testcase name="CheckLogin" time="46.257" classname="CXS_Support.USRC_General"/>
  <testcase name="CheckLogin" time="20.388" classname="CXS_Support.USRC_General"/>
  <testcase name="CheckLogin" time="10.563" classname="CXS_Support.USRC_General"/>
  <testcase name="CheckLogin" time="30.217" classname="CXS_Support.USRC_General"/>
  <testcase name="CheckLogin" time="21.909" classname="CXS_Support.USRC_General"/>
  <testcase name="CheckLogin" time="16.188" classname="CXS_Support.USRC_General"/>
  <testcase name="CheckLogin" time="71.336" classname="CXS_Support.USRC_General"/>
  <testcase name="CheckLogin" time="16.522" classname="CXS_Support.USRC_General"/>
  <testcase name="CheckLogin" time="23.293" classname="CXS_Support.USRC_General"/>
  <testcase name="CheckLogin" time="50.979" classname="CXS_Support.USRC_General"/>
  <testcase name="CheckLogin" time="10.415" classname="CXS_Support.USRC_General"/>
  <testcase name="CheckLogin" time="68.726" classname="CXS_Support.USRC_General"/>
  <testcase name="CheckLogin" time="46.488" classname="CXS_Support.USRC_General"/>
  <testcase name="CheckLogin" time="73.776" classname="CXS_Support.USRC_General"/>
  <testcase name="CheckLogin" time="100.653" classname="CXS_Support.USRC_General"/>
  <testcase name="CheckLogin" time="5.635" classname="CXS_Support.USRC_General"/>
  <testcase name="CheckLogin" time="9.601" classname="CXS_Support.USRC_General"/>
  <testcase name="CheckLogin" time="15.854" classname="CXS_Support.USRC_General"/>
  <testcase name="CheckLogin" time="10.561" classname="CXS_Support.USRC_General"/>
  <testcase name="CheckLogin" time="8.104" classname="CXS_Support.USRC_General"/>
  <testcase name="CheckLogin" time="14.701" classname="CXS_Support.USRC_General"/>
  <testcase name="CheckLogin" time="2.869" classname="CXS_Support.USRC_General"/>
  <testcase name="CheckLogin" time="7.457" classname="CXS_Support.USRC_General"/>
  <testcase name="CheckLogin" time="9.335" classname="CXS_Support.USRC_General"/>
  <testcase name="CheckLogin" time="4.138" classname="CXS_Support.USRC_General"/>
  <testcase name="CheckLogin" time="6.660" classname="CXS_Support.USRC_General"/>
  <testcase name="CheckLogin" time="21.984" classname="CXS_Support.USRC_General"/>
  <testcase name="CheckLogin" time="18.103" classname="CXS_Support.USRC_General"/>
  <testcase name="CheckLogin" time="36.332" classname="CXS_Support.USRC_General"/>
  <testcase name="CheckLogin" time="10.935" classname="CXS_Support.USRC_General"/>
  <testcase name="CheckLogin" time="10.925" classname="CXS_Support.USRC_General"/>
  <testcase name="CheckLogin" time="87.653" classname="CXS_Support.USRC_General"/>
  <testcase name="CheckLogin" time="21.227" classname="CXS_Support.USRC_General"/>
  <testcase name="CheckLogin" time="45.589" classname="CXS_Support.USRC_General"/>
  <testcase name="CheckLogin" time="36.252" classname="CXS_Support.USRC_General"/>
  <testcase name="CheckLogin" time="10.803" classname="CXS_Support.USRC_General"/>
  <testcase name="CheckLogin" time="20.604" classname="CXS_Support.USRC_General"/>
  <testcase name="CheckLogin" time="5.719" classname="CXS_Support.USRC_General"/>
  <testcase name="CheckLogin" time="6.890" classname="CXS_Support.USRC_General"/>
  <testcase name="CheckLogin" time="50.445" classname="CXS_Support.USRC_General"/>
  <testcase name="CheckLogin" time="9.459" classname="CXS_Support.USRC_General"/>
  <testcase name="CheckLogin" time="24.662" classname="CXS_Support.USRC_General"/>
  <testcase name="CheckLogin" time="15.277" classname="CXS_Support.USRC_General"/>
  <testcase name="CheckLogin" time="5.090" classname="CXS_Support.USRC_General"/>
  <testcase name="CheckLogin" time="13.908" classname="CXS_Support.USRC_General"/>
  <testcase name="CheckLogin" time="11.258" classname="CXS_Support.USRC_General"/>
  <testcase name="CheckLogin" time="12.463" classname="CXS_Support.USRC_General"/>
  <testcase name="CheckLogin" time="14.622" classname="CXS_Support.USRC_General"/>
  <testcase name="CheckLogin" time="38.018" classname="CXS_Support.USRC_General"/>
  <testcase name="CheckLogin" time="28.043" classname="CXS_Support.USRC_General"/>
  <testcase name="CheckLogin" time="10.749" classname="CXS_Support.USRC_General"/>
  <testcase name="CheckLogin" time="15.190" classname="CXS_Support.USRC_General"/>
  <testcase name="CheckLogin" time="31.035" classname="CXS_Support.USRC_General"/>
  <testcase name="CheckLogin" time="101.240" classname="CXS_Support.USRC_General"/>
  <testcase name="CheckLogin" time="7.354" classname="CXS_Support.USRC_General"/>
  <testcase name="CheckLogin" time="8.159" classname="CXS_Support.USRC_General"/>
  <testcase name="CheckLogin" time="1.467" classname="CXS_Support.USRC_General"/>
  <testcase name="CheckLogin" time="17.238" classname="CXS_Support.USRC_General"/>
  <testcase name="CheckLogin" time="12.972" classname="CXS_Support.USRC_General"/>
  <testcase name="CheckLogin" time="5.035" classname="CXS_Support.USRC_General"/>
  <testcase name="CheckLogin" time="25.638" classname="CXS_Support.USRC_General"/>
  <testcase name="CheckLogin" time="14.657" classname="CXS_Support.USRC_General"/>
  <testcase name="CheckLogin" time="32.899" classname="CXS_Support.USRC_General"/>
  <testcase name="CheckLogin" time="4.383" classname="CXS_Support.USRC_General"/>
  <testcase name="CheckLogin" time="40.771" classname="CXS_Support.USRC_General"/>
  <testcase name="CheckLogin" time="8.824" classname="CXS_Support.USRC_General"/>
  <testcase name="CheckLogin" time="16.270" classname="CXS_Support.USRC_General"/>
  <testcase name="CheckLogin" time="37.510" classname="CXS_Support.USRC_General"/>
  <testcase name="CheckLogin" time="2.312" classname="CXS_Support.USRC_General"/>
  <testcase name="CheckLogin" time="12.599" classname="CXS_Support.USRC_General"/>
  <testcase name="CheckLogin" time="31.181" classname="CXS_Support.USRC_General"/>
  <testcase name="CheckLogin" time="12.333" classname="CXS_Support.USRC_General"/>
  <testcase name="CheckLogin" time="18.419" classname="CXS_Support.USRC_General"/>
  <testcase name="CheckLogin" time="24.128" classname="CXS_Support.USRC_General"/>
  <testcase name="CheckLogin" time="12.816" classname="CXS_Support.USRC_General"/>
  <testcase name="CheckLogin" time="3.218" classname="CXS_Support.USRC_General"/>
  <testcase name="CheckLogin" time="8.628" classname="CXS_Support.USRC_General"/>
  <testcase name="CheckLogin" time="9.722" classname="CXS_Support.USRC_General"/>
  <testcase name="CheckLogin" time="8.663" classname="CXS_Support.USRC_General"/>
  <testcase name="CheckLogin" time="4.645" classname="CXS_Support.USRC_General"/>
  <testcase name="CheckLogin" time="13.356" classname="CXS_Support.USRC_General"/>
  <testcase name="CheckLogin" time="18.305" classname="CXS_Support.USRC_General"/>
  <testcase name="CheckLogin" time="23.582" classname="CXS_Support.USRC_General"/>
  <testcase name="CheckLogin" time="20.402" classname="CXS_Support.USRC_General"/>
  <testcase name="CheckLogin" time="4.265" classname="CXS_Support.USRC_General"/>
  <testcase name="CheckLogin" time="32.165" classname="CXS_Support.USRC_General"/>
  <testcase name="CheckLogin" time="27.836" classname="CXS_Support.USRC_General"/>
  <testcase name="CheckLogin" time="31.822" classname="CXS_Support.USRC_General"/>
  <testcase name="CheckLogin" time="13.686" classname="CXS_Support.USRC_General"/>
  <testcase name="CheckLogin" time="12.497" classname="CXS_Support.USRC_General"/>
  <testcase name="CheckLogin" time="21.922" classname="CXS_Support.USRC_General"/>
  <testcase name="CheckLogin" time="20.382" classname="CXS_Support.USRC_General"/>
  <testcase name="CheckLogin" time="16.271" classname="CXS_Support.USRC_General"/>
  <testcase name="CheckLogin" time="15.466" classname="CXS_Support.USRC_General"/>
  <testcase name="CheckLogin" time="21.392" classname="CXS_Support.USRC_General"/>
  <testcase name="CheckLogin" time="25.696" classname="CXS_Support.USRC_General"/>
  <testcase name="CheckLogin" time="7.554" classname="CXS_Support.USRC_General"/>
  <testcase name="CheckLogin" time="40.687" classname="CXS_Support.USRC_General"/>
  <testcase name="CheckLogin" time="4.179" classname="CXS_Support.USRC_General"/>
  <testcase name="CheckLogin" time="3.994" classname="CXS_Support.USRC_General"/>
  <testcase name="CheckLogin" time="13.302" classname="CXS_Support.USRC_General"/>
  <testcase name="CheckLogin" time="12.361" classname="CXS_Support.USRC_General"/>
  <testcase name="CheckLogin" time="7.024" classname="CXS_Support.USRC_General"/>
  <testcase name="CheckLogin" time="18.253" classname="CXS_Support.USRC_General"/>
  <testcase name="CheckLogin" time="31.671" classname="CXS_Support.USRC_General"/>
  <testcase name="CheckLogin" time="12.517" classname="CXS_Support.USRC_General"/>
  <testcase name="CheckLogin" time="6.940" classname="CXS_Support.USRC_General"/>
  <testcase name="CheckLogin" time="31.607" classname="CXS_Support.USRC_General"/>
  <testcase name="CheckLogin" time="20.578" classname="CXS_Support.USRC_General"/>
  <testcase name="CheckLogin" time="12.542" classname="CXS_Support.USRC_General"/>
  <testcase name="CheckLogin" time="28.844" classname="CXS_Support.USRC_General"/>
  <testcase name="CheckLogin" time="36.844" classname="CXS_Support.USRC_General"/>
  <testcase name="CheckLogin" time="15.555" classname="CXS_Support.USRC_General"/>
  <testcase name="CheckLogin" time="5.748" classname="CXS_Support.USRC_General"/>
  <testcase name="CheckLogin" time="11.817" classname="CXS_Support.USRC_General"/>
  <testcase name="CheckLogin" time="7.333" classname="CXS_Support.USRC_General"/>
  <testcase name="CheckLogin" time="9.766" classname="CXS_Support.USRC_General"/>
  <testcase name="CheckLogin" time="7.349" classname="CXS_Support.USRC_General"/>
  <testcase name="CheckLogin" time="4.154" classname="CXS_Support.USRC_General"/>
  <testcase name="CheckLogin" time="10.363" classname="CXS_Support.USRC_General"/>
  <testcase name="CheckLogin" time="15.554" classname="CXS_Support.USRC_General"/>
  <testcase name="CheckLogin" time="25.384" classname="CXS_Support.USRC_General"/>
  <testcase name="CheckLogin" time="34.205" classname="CXS_Support.USRC_General"/>
  <testcase name="CheckLogin" time="13.447" classname="CXS_Support.USRC_General"/>
  <testcase name="CheckLogin" time="4.644" classname="CXS_Support.USRC_General"/>
  <testcase name="CheckLogin" time="20.533" classname="CXS_Support.USRC_General"/>
  <testcase name="CheckLogin" time="4.997" classname="CXS_Support.USRC_General"/>
  <testcase name="CheckLogin" time="4.520" classname="CXS_Support.USRC_General"/>
  <testcase name="CheckLogin" time="15.585" classname="CXS_Support.USRC_General"/>
  <testcase name="CheckLogin" time="12.145" classname="CXS_Support.USRC_General"/>
  <testcase name="CheckLogin" time="12.316" classname="CXS_Support.USRC_General"/>
  <testcase name="CheckLogin" time="16.725" classname="CXS_Support.USRC_General"/>
  <testcase name="CheckLogin" time="7.147" classname="CXS_Support.USRC_General"/>
  <testcase name="CheckLogin" time="9.787" classname="CXS_Support.USRC_General"/>
  <testcase name="CheckLogin" time="35.410" classname="CXS_Support.USRC_General"/>
  <testcase name="CheckLogin" time="76.258" classname="CXS_Support.USRC_General"/>
  <testcase name="CheckLogin" time="9.567" classname="CXS_Support.USRC_General"/>
  <testcase name="CheckLogin" time="57.878" classname="CXS_Support.USRC_General"/>
  <testcase name="CheckLogin" time="93.540" classname="CXS_Support.USRC_General"/>
  <testcase name="CheckLogin" time="4.231" classname="CXS_Support.USRC_General"/>
  <testcase name="CheckLogin" time="10.093" classname="CXS_Support.USRC_General"/>
  <testcase name="CheckLogin" time="22.955" classname="CXS_Support.USRC_General"/>
  <testcase name="CheckLogin" time="25.735" classname="CXS_Support.USRC_General"/>
  <testcase name="CheckLogin" time="37.215" classname="CXS_Support.USRC_General"/>
  <testcase name="CheckLogin" time="28.495" classname="CXS_Support.USRC_General"/>
  <testcase name="CheckLogin" time="19.775" classname="CXS_Support.USRC_General"/>
  <testcase name="CheckLogin" time="30.994" classname="CXS_Support.USRC_General"/>
  <testcase name="CheckLogin" time="18.802" classname="CXS_Support.USRC_General"/>
  <testcase name="CheckLogin" time="3.655" classname="CXS_Support.USRC_General"/>
  <testcase name="CheckLogin" time="48.146" classname="CXS_Support.USRC_General"/>
  <testcase name="CheckLogin" time="14.747" classname="CXS_Support.USRC_General"/>
  <testcase name="CheckLogin" time="14.310" classname="CXS_Support.USRC_General"/>
  <testcase name="CheckLogin" time="12.762" classname="CXS_Support.USRC_General"/>
  <testcase name="CheckLogin" time="6.833" classname="CXS_Support.USRC_General"/>
  <testcase name="CheckLogin" time="12.158" classname="CXS_Support.USRC_General"/>
  <testcase name="CheckLogin" time="2.560" classname="CXS_Support.USRC_General"/>
  <testcase name="CheckLogin" time="12.777" classname="CXS_Support.USRC_General"/>
  <testcase name="CheckLogin" time="80.198" classname="CXS_Support.USRC_General"/>
  <testcase name="CheckLogin" time="3.712" classname="CXS_Support.USRC_General"/>
  <testcase name="CheckLogin" time="59.487" classname="CXS_Support.USRC_General"/>
  <testcase name="CheckLogin" time="12.718" classname="CXS_Support.USRC_General"/>
  <testcase name="CheckLogin" time="15.984" classname="CXS_Support.USRC_General"/>
  <testcase name="CheckLogin" time="16.415" classname="CXS_Support.USRC_General"/>
  <testcase name="CheckLogin" time="10.239" classname="CXS_Support.USRC_General"/>
  <testcase name="CheckLogin" time="37.081" classname="CXS_Support.USRC_General"/>
  <testcase name="CheckLogin" time="16.998" classname="CXS_Support.USRC_General"/>
  <testcase name="CheckLogin" time="38.658" classname="CXS_Support.USRC_General"/>
  <testcase name="CheckLogin" time="3.896" classname="CXS_Support.USRC_General"/>
  <testcase name="CheckLogin" time="10.520" classname="CXS_Support.USRC_General"/>
  <testcase name="CheckLogin" time="30.900" classname="CXS_Support.USRC_General"/>
  <testcase name="CheckLogin" time="14.732" classname="CXS_Support.USRC_General"/>
  <testcase name="CheckLogin" time="29.870" classname="CXS_Support.USRC_General"/>
  <testcase name="CheckLogin" time="27.635" classname="CXS_Support.USRC_General"/>
  <testcase name="CheckLogin" time="26.585" classname="CXS_Support.USRC_General"/>
  <testcase name="CheckLogin" time="24.862" classname="CXS_Support.USRC_General"/>
  <testcase name="CheckLogin" time="12.083" classname="CXS_Support.USRC_General"/>
  <testcase name="CheckLogin" time="5.130" classname="CXS_Support.USRC_General"/>
  <testcase name="CheckLogin" time="23.008" classname="CXS_Support.USRC_General"/>
  <testcase name="CheckLogin" time="13.985" classname="CXS_Support.USRC_General"/>
  <testcase name="CheckLogin" time="45.825" classname="CXS_Support.USRC_General"/>
  <testcase name="CheckLogin" time="18.788" classname="CXS_Support.USRC_General"/>
  <testcase name="CheckLogin" time="24.543" classname="CXS_Support.USRC_General"/>
  <testcase name="CheckLogin" time="23.292" classname="CXS_Support.USRC_General"/>
  <testcase name="CheckLogin" time="27.703" classname="CXS_Support.USRC_General"/>
  <testcase name="CheckLogin" time="13.302" classname="CXS_Support.USRC_General"/>
  <testcase name="CheckLogin" time="9.161" classname="CXS_Support.USRC_General"/>
  <testcase name="CheckLogin" time="11.254" classname="CXS_Support.USRC_General"/>
  <testcase name="CheckLogin" time="39.397" classname="CXS_Support.USRC_General"/>
  <testcase name="CheckLogin" time="0.255" classname="CXS_Support.USRC_General">
    <failure type="java.lang.AssertionError" message="Not able to login">
      <![CDATA[java.lang.AssertionError: Not able to login
at org.junit.Assert.fail(Assert.java:88)
at CXS_Support.USRC_General.CheckLogin(USRC_General.java:244)
at sun.reflect.GeneratedMethodAccessor2.invoke(Unknown Source)
at sun.reflect.DelegatingMethodAccessorImpl.invoke(Unknown Source)
at java.lang.reflect.Method.invoke(Unknown Source)
at org.testng.internal.MethodInvocationHelper.invokeMethod(MethodInvocationHelper.java:124)
at org.testng.internal.Invoker.invokeMethod(Invoker.java:580)
at org.testng.internal.Invoker.invokeTestMethod(Invoker.java:716)
at org.testng.internal.TestMethodWithDataProviderMethodWorker.call(TestMethodWithDataProviderMethodWorker.java:71)
at org.testng.internal.TestMethodWithDataProviderMethodWorker.call(TestMethodWithDataProviderMethodWorker.java:14)
at java.util.concurrent.FutureTask.run(Unknown Source)
at java.util.concurrent.Executors$RunnableAdapter.call(Unknown Source)
at java.util.concurrent.FutureTask.run(Unknown Source)
at java.util.concurrent.ThreadPoolExecutor.runWorker(Unknown Source)
at java.util.concurrent.ThreadPoolExecutor$Worker.run(Unknown Source)
at java.lang.Thread.run(Unknown Source)
]]>
    </failure>
  </testcase> <!-- CheckLogin -->
  <testcase name="CheckLogin" time="29.257" classname="CXS_Support.USRC_General"/>
  <testcase name="CheckLogin" time="14.317" classname="CXS_Support.USRC_General"/>
  <testcase name="CheckLogin" time="14.582" classname="CXS_Support.USRC_General"/>
  <testcase name="CheckLogin" time="13.086" classname="CXS_Support.USRC_General"/>
  <testcase name="CheckLogin" time="45.955" classname="CXS_Support.USRC_General"/>
  <testcase name="CheckLogin" time="3.077" classname="CXS_Support.USRC_General"/>
  <testcase name="CheckLogin" time="13.805" classname="CXS_Support.USRC_General"/>
  <testcase name="CheckLogin" time="15.135" classname="CXS_Support.USRC_General"/>
  <testcase name="CheckLogin" time="17.619" classname="CXS_Support.USRC_General"/>
  <testcase name="CheckLogin" time="2.304" classname="CXS_Support.USRC_General"/>
  <testcase name="CheckLogin" time="11.107" classname="CXS_Support.USRC_General"/>
  <testcase name="CheckLogin" time="9.024" classname="CXS_Support.USRC_General"/>
  <testcase name="CheckLogin" time="3.749" classname="CXS_Support.USRC_General"/>
  <testcase name="CheckLogin" time="28.939" classname="CXS_Support.USRC_General"/>
  <testcase name="CheckLogin" time="24.771" classname="CXS_Support.USRC_General"/>
  <testcase name="CheckLogin" time="12.538" classname="CXS_Support.USRC_General"/>
  <testcase name="CheckLogin" time="48.624" classname="CXS_Support.USRC_General"/>
  <testcase name="CheckLogin" time="14.050" classname="CXS_Support.USRC_General"/>
  <testcase name="CheckLogin" time="19.729" classname="CXS_Support.USRC_General"/>
  <testcase name="CheckLogin" time="6.100" classname="CXS_Support.USRC_General"/>
  <testcase name="CheckLogin" time="21.532" classname="CXS_Support.USRC_General"/>
  <testcase name="CheckLogin" time="13.885" classname="CXS_Support.USRC_General"/>
  <testcase name="CheckLogin" time="2.195" classname="CXS_Support.USRC_General"/>
  <testcase name="CheckLogin" time="17.255" classname="CXS_Support.USRC_General"/>
  <testcase name="CheckLogin" time="18.507" classname="CXS_Support.USRC_General"/>
  <testcase name="CheckLogin" time="11.753" classname="CXS_Support.USRC_General"/>
  <testcase name="CheckLogin" time="24.216" classname="CXS_Support.USRC_General"/>
  <testcase name="CheckLogin" time="3.500" classname="CXS_Support.USRC_General"/>
  <testcase name="CheckLogin" time="12.844" classname="CXS_Support.USRC_General"/>
  <testcase name="CheckLogin" time="8.583" classname="CXS_Support.USRC_General"/>
  <testcase name="CheckLogin" time="17.987" classname="CXS_Support.USRC_General"/>
  <testcase name="CheckLogin" time="36.897" classname="CXS_Support.USRC_General"/>
  <testcase name="CheckLogin" time="7.854" classname="CXS_Support.USRC_General"/>
  <testcase name="CheckLogin" time="16.380" classname="CXS_Support.USRC_General"/>
  <testcase name="CheckLogin" time="30.357" classname="CXS_Support.USRC_General"/>
  <testcase name="CheckLogin" time="11.493" classname="CXS_Support.USRC_General"/>
  <testcase name="CheckLogin" time="21.852" classname="CXS_Support.USRC_General"/>
  <testcase name="CheckLogin" time="84.603" classname="CXS_Support.USRC_General"/>
  <testcase name="CheckLogin" time="4.382" classname="CXS_Support.USRC_General"/>
  <testcase name="CheckLogin" time="87.119" classname="CXS_Support.USRC_General"/>
  <testcase name="CheckLogin" time="10.032" classname="CXS_Support.USRC_General"/>
  <testcase name="CheckLogin" time="35.630" classname="CXS_Support.USRC_General"/>
  <testcase name="CheckLogin" time="9.536" classname="CXS_Support.USRC_General"/>
  <testcase name="CheckLogin" time="16.131" classname="CXS_Support.USRC_General"/>
  <testcase name="CheckLogin" time="14.716" classname="CXS_Support.USRC_General"/>
  <testcase name="CheckLogin" time="22.895" classname="CXS_Support.USRC_General"/>
  <testcase name="CheckLogin" time="15.695" classname="CXS_Support.USRC_General"/>
  <testcase name="CheckLogin" time="3.828" classname="CXS_Support.USRC_General"/>
  <testcase name="CheckLogin" time="20.999" classname="CXS_Support.USRC_General"/>
  <testcase name="CheckLogin" time="19.473" classname="CXS_Support.USRC_General"/>
  <testcase name="CheckLogin" time="16.479" classname="CXS_Support.USRC_General"/>
  <testcase name="CheckLogin" time="5.096" classname="CXS_Support.USRC_General"/>
  <testcase name="CheckLogin" time="11.917" classname="CXS_Support.USRC_General"/>
  <testcase name="CheckLogin" time="82.590" classname="CXS_Support.USRC_General"/>
  <testcase name="CheckLogin" time="11.156" classname="CXS_Support.USRC_General"/>
  <testcase name="CheckLogin" time="33.985" classname="CXS_Support.USRC_General"/>
  <testcase name="CheckLogin" time="22.900" classname="CXS_Support.USRC_General"/>
  <testcase name="CheckLogin" time="20.522" classname="CXS_Support.USRC_General"/>
  <testcase name="CheckLogin" time="15.501" classname="CXS_Support.USRC_General"/>
  <testcase name="CheckLogin" time="10.531" classname="CXS_Support.USRC_General"/>
  <testcase name="CheckLogin" time="21.529" classname="CXS_Support.USRC_General"/>
  <testcase name="CheckLogin" time="9.949" classname="CXS_Support.USRC_General"/>
  <testcase name="CheckLogin" time="35.389" classname="CXS_Support.USRC_General"/>
  <testcase name="CheckLogin" time="13.736" classname="CXS_Support.USRC_General"/>
  <testcase name="CheckLogin" time="8.095" classname="CXS_Support.USRC_General"/>
  <testcase name="CheckLogin" time="10.407" classname="CXS_Support.USRC_General"/>
  <testcase name="CheckLogin" time="27.065" classname="CXS_Support.USRC_General"/>
  <testcase name="CheckLogin" time="95.181" classname="CXS_Support.USRC_General"/>
  <testcase name="CheckLogin" time="13.954" classname="CXS_Support.USRC_General"/>
  <testcase name="CheckLogin" time="10.081" classname="CXS_Support.USRC_General"/>
  <testcase name="CheckLogin" time="65.893" classname="CXS_Support.USRC_General"/>
  <testcase name="CheckLogin" time="11.147" classname="CXS_Support.USRC_General"/>
  <testcase name="CheckLogin" time="72.153" classname="CXS_Support.USRC_General"/>
  <testcase name="CheckLogin" time="8.124" classname="CXS_Support.USRC_General"/>
  <testcase name="CheckLogin" time="10.075" classname="CXS_Support.USRC_General"/>
  <testcase name="CheckLogin" time="19.343" classname="CXS_Support.USRC_General"/>
  <testcase name="CheckLogin" time="8.688" classname="CXS_Support.USRC_General"/>
  <testcase name="CheckLogin" time="10.639" classname="CXS_Support.USRC_General"/>
  <testcase name="CheckLogin" time="24.882" classname="CXS_Support.USRC_General"/>
  <testcase name="CheckLogin" time="21.125" classname="CXS_Support.USRC_General"/>
  <testcase name="CheckLogin" time="31.807" classname="CXS_Support.USRC_General"/>
  <testcase name="CheckLogin" time="10.387" classname="CXS_Support.USRC_General"/>
  <testcase name="CheckLogin" time="9.092" classname="CXS_Support.USRC_General"/>
  <testcase name="CheckLogin" time="13.871" classname="CXS_Support.USRC_General"/>
  <testcase name="CheckLogin" time="15.821" classname="CXS_Support.USRC_General"/>
  <testcase name="CheckLogin" time="65.118" classname="CXS_Support.USRC_General"/>
  <testcase name="CheckLogin" time="14.132" classname="CXS_Support.USRC_General"/>
  <testcase name="CheckLogin" time="5.956" classname="CXS_Support.USRC_General"/>
  <testcase name="CheckLogin" time="9.562" classname="CXS_Support.USRC_General"/>
  <testcase name="CheckLogin" time="3.633" classname="CXS_Support.USRC_General"/>
  <testcase name="CheckLogin" time="8.287" classname="CXS_Support.USRC_General"/>
  <testcase name="CheckLogin" time="15.356" classname="CXS_Support.USRC_General"/>
  <testcase name="CheckLogin" time="4.281" classname="CXS_Support.USRC_General"/>
  <testcase name="CheckLogin" time="16.168" classname="CXS_Support.USRC_General"/>
  <testcase name="CheckLogin" time="4.992" classname="CXS_Support.USRC_General"/>
  <testcase name="CheckLogin" time="12.975" classname="CXS_Support.USRC_General"/>
  <testcase name="CheckLogin" time="22.976" classname="CXS_Support.USRC_General"/>
  <testcase name="CheckLogin" time="31.087" classname="CXS_Support.USRC_General"/>
  <testcase name="CheckLogin" time="26.853" classname="CXS_Support.USRC_General"/>
  <testcase name="CheckLogin" time="18.110" classname="CXS_Support.USRC_General"/>
  <testcase name="CheckLogin" time="5.905" classname="CXS_Support.USRC_General"/>
  <testcase name="CheckLogin" time="7.311" classname="CXS_Support.USRC_General"/>
  <testcase name="CheckLogin" time="28.269" classname="CXS_Support.USRC_General"/>
  <testcase name="CheckLogin" time="7.136" classname="CXS_Support.USRC_General"/>
  <testcase name="CheckLogin" time="86.213" classname="CXS_Support.USRC_General"/>
  <testcase name="CheckLogin" time="37.328" classname="CXS_Support.USRC_General"/>
  <testcase name="CheckLogin" time="13.188" classname="CXS_Support.USRC_General"/>
  <testcase name="CheckLogin" time="5.109" classname="CXS_Support.USRC_General"/>
  <testcase name="CheckLogin" time="3.508" classname="CXS_Support.USRC_General"/>
  <testcase name="CheckLogin" time="7.354" classname="CXS_Support.USRC_General"/>
  <testcase name="CheckLogin" time="6.476" classname="CXS_Support.USRC_General"/>
  <testcase name="CheckLogin" time="24.146" classname="CXS_Support.USRC_General"/>
  <testcase name="CheckLogin" time="9.429" classname="CXS_Support.USRC_General"/>
  <testcase name="CheckLogin" time="3.433" classname="CXS_Support.USRC_General"/>
  <testcase name="CheckLogin" time="7.376" classname="CXS_Support.USRC_General"/>
  <testcase name="CheckLogin" time="46.846" classname="CXS_Support.USRC_General"/>
  <testcase name="CheckLogin" time="27.250" classname="CXS_Support.USRC_General"/>
  <testcase name="CheckLogin" time="11.600" classname="CXS_Support.USRC_General"/>
  <testcase name="CheckLogin" time="13.969" classname="CXS_Support.USRC_General"/>
  <testcase name="CheckLogin" time="34.363" classname="CXS_Support.USRC_General"/>
  <testcase name="CheckLogin" time="28.263" classname="CXS_Support.USRC_General"/>
  <testcase name="CheckLogin" time="25.912" classname="CXS_Support.USRC_General"/>
  <testcase name="CheckLogin" time="6.392" classname="CXS_Support.USRC_General"/>
  <testcase name="CheckLogin" time="9.376" classname="CXS_Support.USRC_General"/>
  <testcase name="CheckLogin" time="4.847" classname="CXS_Support.USRC_General"/>
  <testcase name="CheckLogin" time="29.382" classname="CXS_Support.USRC_General"/>
  <testcase name="CheckLogin" time="30.103" classname="CXS_Support.USRC_General"/>
  <testcase name="CheckLogin" time="8.694" classname="CXS_Support.USRC_General"/>
  <testcase name="CheckLogin" time="4.595" classname="CXS_Support.USRC_General"/>
  <testcase name="CheckLogin" time="80.885" classname="CXS_Support.USRC_General"/>
  <testcase name="CheckLogin" time="16.121" classname="CXS_Support.USRC_General"/>
  <testcase name="CheckLogin" time="15.224" classname="CXS_Support.USRC_General"/>
  <testcase name="CheckLogin" time="30.199" classname="CXS_Support.USRC_General"/>
  <testcase name="CheckLogin" time="11.619" classname="CXS_Support.USRC_General"/>
  <testcase name="CheckLogin" time="8.961" classname="CXS_Support.USRC_General"/>
  <testcase name="CheckLogin" time="11.135" classname="CXS_Support.USRC_General"/>
  <testcase name="CheckLogin" time="14.124" classname="CXS_Support.USRC_General"/>
  <testcase name="CheckLogin" time="12.756" classname="CXS_Support.USRC_General"/>
  <testcase name="CheckLogin" time="8.386" classname="CXS_Support.USRC_General"/>
  <testcase name="CheckLogin" time="32.881" classname="CXS_Support.USRC_General"/>
  <testcase name="CheckLogin" time="2.612" classname="CXS_Support.USRC_General"/>
  <testcase name="CheckLogin" time="6.766" classname="CXS_Support.USRC_General"/>
  <testcase name="CheckLogin" time="90.446" classname="CXS_Support.USRC_General"/>
  <testcase name="CheckLogin" time="5.822" classname="CXS_Support.USRC_General"/>
  <testcase name="CheckLogin" time="13.600" classname="CXS_Support.USRC_General"/>
  <testcase name="CheckLogin" time="7.005" classname="CXS_Support.USRC_General"/>
  <testcase name="CheckLogin" time="10.887" classname="CXS_Support.USRC_General"/>
  <testcase name="CheckLogin" time="13.499" classname="CXS_Support.USRC_General"/>
  <testcase name="CheckLogin" time="15.241" classname="CXS_Support.USRC_General"/>
  <testcase name="CheckLogin" time="16.692" classname="CXS_Support.USRC_General"/>
  <testcase name="CheckLogin" time="45.284" classname="CXS_Support.USRC_General"/>
  <testcase name="CheckLogin" time="2.961" classname="CXS_Support.USRC_General"/>
  <testcase name="CheckLogin" time="5.605" classname="CXS_Support.USRC_General"/>
  <testcase name="CheckLogin" time="11.970" classname="CXS_Support.USRC_General"/>
  <testcase name="CheckLogin" time="18.203" classname="CXS_Support.USRC_General"/>
  <testcase name="CheckLogin" time="28.931" classname="CXS_Support.USRC_General"/>
  <testcase name="CheckLogin" time="8.188" classname="CXS_Support.USRC_General"/>
  <testcase name="CheckLogin" time="18.611" classname="CXS_Support.USRC_General"/>
  <testcase name="CheckLogin" time="31.302" classname="CXS_Support.USRC_General"/>
  <testcase name="CheckLogin" time="11.855" classname="CXS_Support.USRC_General"/>
  <testcase name="CheckLogin" time="8.349" classname="CXS_Support.USRC_General"/>
  <testcase name="CheckLogin" time="9.202" classname="CXS_Support.USRC_General"/>
  <testcase name="CheckLogin" time="51.587" classname="CXS_Support.USRC_General"/>
  <testcase name="CheckLogin" time="5.567" classname="CXS_Support.USRC_General"/>
  <testcase name="CheckLogin" time="15.021" classname="CXS_Support.USRC_General"/>
  <testcase name="CheckLogin" time="21.677" classname="CXS_Support.USRC_General"/>
  <testcase name="CheckLogin" time="2.768" classname="CXS_Support.USRC_General"/>
  <testcase name="CheckLogin" time="11.878" classname="CXS_Support.USRC_General"/>
  <testcase name="CheckLogin" time="7.672" classname="CXS_Support.USRC_General"/>
  <testcase name="CheckLogin" time="4.699" classname="CXS_Support.USRC_General"/>
  <testcase name="CheckLogin" time="6.654" classname="CXS_Support.USRC_General"/>
  <testcase name="CheckLogin" time="81.148" classname="CXS_Support.USRC_General"/>
  <testcase name="CheckLogin" time="21.633" classname="CXS_Support.USRC_General"/>
  <testcase name="CheckLogin" time="3.955" classname="CXS_Support.USRC_General"/>
  <testcase name="CheckLogin" time="6.251" classname="CXS_Support.USRC_General"/>
  <testcase name="CheckLogin" time="13.628" classname="CXS_Support.USRC_General"/>
  <testcase name="CheckLogin" time="22.045" classname="CXS_Support.USRC_General"/>
  <testcase name="CheckLogin" time="3.483" classname="CXS_Support.USRC_General"/>
  <testcase name="CheckLogin" time="13.678" classname="CXS_Support.USRC_General"/>
  <testcase name="CheckLogin" time="0.160" classname="CXS_Support.USRC_General">
    <failure type="java.lang.AssertionError" message="Not able to login">
      <![CDATA[java.lang.AssertionError: Not able to login
at org.junit.Assert.fail(Assert.java:88)
at CXS_Support.USRC_General.CheckLogin(USRC_General.java:244)
at sun.reflect.GeneratedMethodAccessor2.invoke(Unknown Source)
at sun.reflect.DelegatingMethodAccessorImpl.invoke(Unknown Source)
at java.lang.reflect.Method.invoke(Unknown Source)
at org.testng.internal.MethodInvocationHelper.invokeMethod(MethodInvocationHelper.java:124)
at org.testng.internal.Invoker.invokeMethod(Invoker.java:580)
at org.testng.internal.Invoker.invokeTestMethod(Invoker.java:716)
at org.testng.internal.TestMethodWithDataProviderMethodWorker.call(TestMethodWithDataProviderMethodWorker.java:71)
at org.testng.internal.TestMethodWithDataProviderMethodWorker.call(TestMethodWithDataProviderMethodWorker.java:14)
at java.util.concurrent.FutureTask.run(Unknown Source)
at java.util.concurrent.Executors$RunnableAdapter.call(Unknown Source)
at java.util.concurrent.FutureTask.run(Unknown Source)
at java.util.concurrent.ThreadPoolExecutor.runWorker(Unknown Source)
at java.util.concurrent.ThreadPoolExecutor$Worker.run(Unknown Source)
at java.lang.Thread.run(Unknown Source)
]]>
    </failure>
  </testcase> <!-- CheckLogin -->
  <testcase name="CheckLogin" time="13.683" classname="CXS_Support.USRC_General"/>
  <testcase name="CheckLogin" time="6.658" classname="CXS_Support.USRC_General"/>
  <testcase name="CheckLogin" time="31.367" classname="CXS_Support.USRC_General"/>
  <testcase name="CheckLogin" time="15.870" classname="CXS_Support.USRC_General"/>
  <testcase name="CheckLogin" time="19.086" classname="CXS_Support.USRC_General"/>
  <testcase name="CheckLogin" time="4.228" classname="CXS_Support.USRC_General"/>
  <testcase name="CheckLogin" time="57.619" classname="CXS_Support.USRC_General"/>
  <testcase name="CheckLogin" time="16.359" classname="CXS_Support.USRC_General"/>
  <testcase name="CheckLogin" time="20.702" classname="CXS_Support.USRC_General"/>
  <testcase name="CheckLogin" time="20.427" classname="CXS_Support.USRC_General"/>
  <testcase name="CheckLogin" time="12.841" classname="CXS_Support.USRC_General"/>
  <testcase name="CheckLogin" time="8.208" classname="CXS_Support.USRC_General"/>
  <testcase name="CheckLogin" time="14.913" classname="CXS_Support.USRC_General"/>
  <testcase name="CheckLogin" time="9.366" classname="CXS_Support.USRC_General"/>
  <testcase name="CheckLogin" time="22.109" classname="CXS_Support.USRC_General"/>
  <testcase name="CheckLogin" time="4.429" classname="CXS_Support.USRC_General"/>
  <testcase name="CheckLogin" time="10.129" classname="CXS_Support.USRC_General"/>
  <testcase name="CheckLogin" time="19.705" classname="CXS_Support.USRC_General"/>
  <testcase name="CheckLogin" time="17.704" classname="CXS_Support.USRC_General"/>
  <testcase name="CheckLogin" time="10.878" classname="CXS_Support.USRC_General"/>
  <testcase name="CheckLogin" time="30.451" classname="CXS_Support.USRC_General"/>
  <testcase name="CheckLogin" time="7.034" classname="CXS_Support.USRC_General"/>
  <testcase name="CheckLogin" time="23.117" classname="CXS_Support.USRC_General"/>
  <testcase name="CheckLogin" time="21.725" classname="CXS_Support.USRC_General"/>
  <testcase name="CheckLogin" time="19.376" classname="CXS_Support.USRC_General"/>
  <testcase name="CheckLogin" time="43.459" classname="CXS_Support.USRC_General"/>
  <testcase name="CheckLogin" time="107.078" classname="CXS_Support.USRC_General"/>
  <testcase name="CheckLogin" time="6.673" classname="CXS_Support.USRC_General"/>
  <testcase name="CheckLogin" time="26.139" classname="CXS_Support.USRC_General"/>
  <testcase name="CheckLogin" time="5.807" classname="CXS_Support.USRC_General"/>
  <testcase name="CheckLogin" time="24.295" classname="CXS_Support.USRC_General"/>
  <testcase name="CheckLogin" time="30.298" classname="CXS_Support.USRC_General"/>
  <testcase name="CheckLogin" time="4.330" classname="CXS_Support.USRC_General"/>
  <testcase name="CheckLogin" time="11.689" classname="CXS_Support.USRC_General"/>
  <testcase name="CheckLogin" time="10.489" classname="CXS_Support.USRC_General"/>
  <testcase name="CheckLogin" time="52.773" classname="CXS_Support.USRC_General"/>
  <testcase name="CheckLogin" time="12.157" classname="CXS_Support.USRC_General"/>
  <testcase name="CheckLogin" time="24.223" classname="CXS_Support.USRC_General"/>
  <testcase name="CheckLogin" time="59.969" classname="CXS_Support.USRC_General"/>
  <testcase name="CheckLogin" time="36.721" classname="CXS_Support.USRC_General"/>
  <testcase name="CheckLogin" time="17.162" classname="CXS_Support.USRC_General"/>
  <testcase name="CheckLogin" time="29.902" classname="CXS_Support.USRC_General"/>
  <testcase name="CheckLogin" time="14.001" classname="CXS_Support.USRC_General"/>
  <testcase name="CheckLogin" time="13.158" classname="CXS_Support.USRC_General"/>
  <testcase name="CheckLogin" time="20.346" classname="CXS_Support.USRC_General"/>
  <testcase name="CheckLogin" time="33.047" classname="CXS_Support.USRC_General"/>
  <testcase name="CheckLogin" time="29.189" classname="CXS_Support.USRC_General"/>
  <testcase name="CheckLogin" time="15.966" classname="CXS_Support.USRC_General"/>
  <testcase name="CheckLogin" time="13.483" classname="CXS_Support.USRC_General"/>
  <testcase name="CheckLogin" time="10.684" classname="CXS_Support.USRC_General"/>
  <testcase name="CheckLogin" time="18.883" classname="CXS_Support.USRC_General"/>
  <testcase name="CheckLogin" time="26.040" classname="CXS_Support.USRC_General"/>
  <testcase name="CheckLogin" time="30.571" classname="CXS_Support.USRC_General"/>
  <testcase name="CheckLogin" time="80.876" classname="CXS_Support.USRC_General"/>
  <testcase name="CheckLogin" time="5.790" classname="CXS_Support.USRC_General"/>
  <testcase name="CheckLogin" time="15.346" classname="CXS_Support.USRC_General"/>
  <testcase name="CheckLogin" time="29.465" classname="CXS_Support.USRC_General"/>
  <testcase name="CheckLogin" time="19.315" classname="CXS_Support.USRC_General"/>
  <testcase name="CheckLogin" time="16.867" classname="CXS_Support.USRC_General"/>
  <testcase name="CheckLogin" time="11.518" classname="CXS_Support.USRC_General"/>
  <testcase name="CheckLogin" time="9.385" classname="CXS_Support.USRC_General"/>
  <testcase name="CheckLogin" time="7.720" classname="CXS_Support.USRC_General"/>
  <testcase name="CheckLogin" time="34.153" classname="CXS_Support.USRC_General"/>
  <testcase name="CheckLogin" time="13.098" classname="CXS_Support.USRC_General"/>
  <testcase name="CheckLogin" time="96.896" classname="CXS_Support.USRC_General"/>
  <testcase name="CheckLogin" time="9.784" classname="CXS_Support.USRC_General"/>
  <testcase name="CheckLogin" time="18.467" classname="CXS_Support.USRC_General"/>
  <testcase name="CheckLogin" time="13.274" classname="CXS_Support.USRC_General"/>
  <testcase name="CheckLogin" time="23.345" classname="CXS_Support.USRC_General"/>
  <testcase name="CheckLogin" time="22.916" classname="CXS_Support.USRC_General"/>
  <testcase name="CheckLogin" time="14.468" classname="CXS_Support.USRC_General"/>
  <testcase name="CheckLogin" time="28.140" classname="CXS_Support.USRC_General"/>
  <testcase name="CheckLogin" time="65.028" classname="CXS_Support.USRC_General"/>
  <testcase name="CheckLogin" time="7.358" classname="CXS_Support.USRC_General"/>
  <testcase name="CheckLogin" time="8.252" classname="CXS_Support.USRC_General"/>
  <testcase name="CheckLogin" time="10.686" classname="CXS_Support.USRC_General"/>
  <testcase name="CheckLogin" time="36.405" classname="CXS_Support.USRC_General"/>
  <testcase name="CheckLogin" time="17.819" classname="CXS_Support.USRC_General"/>
  <testcase name="CheckLogin" time="2.044" classname="CXS_Support.USRC_General"/>
  <testcase name="CheckLogin" time="16.004" classname="CXS_Support.USRC_General"/>
  <testcase name="CheckLogin" time="22.054" classname="CXS_Support.USRC_General"/>
  <testcase name="CheckLogin" time="19.663" classname="CXS_Support.USRC_General"/>
  <testcase name="CheckLogin" time="4.630" classname="CXS_Support.USRC_General"/>
  <testcase name="CheckLogin" time="19.909" classname="CXS_Support.USRC_General"/>
  <testcase name="CheckLogin" time="6.884" classname="CXS_Support.USRC_General"/>
  <testcase name="CheckLogin" time="61.825" classname="CXS_Support.USRC_General"/>
  <testcase name="CheckLogin" time="16.130" classname="CXS_Support.USRC_General"/>
  <testcase name="CheckLogin" time="34.833" classname="CXS_Support.USRC_General"/>
  <testcase name="CheckLogin" time="7.624" classname="CXS_Support.USRC_General"/>
  <testcase name="CheckLogin" time="41.268" classname="CXS_Support.USRC_General"/>
  <testcase name="CheckLogin" time="9.896" classname="CXS_Support.USRC_General"/>
  <testcase name="CheckLogin" time="9.990" classname="CXS_Support.USRC_General"/>
  <testcase name="CheckLogin" time="3.307" classname="CXS_Support.USRC_General"/>
  <testcase name="CheckLogin" time="56.046" classname="CXS_Support.USRC_General"/>
  <testcase name="CheckLogin" time="40.107" classname="CXS_Support.USRC_General"/>
  <testcase name="CheckLogin" time="25.321" classname="CXS_Support.USRC_General"/>
  <testcase name="CheckLogin" time="51.881" classname="CXS_Support.USRC_General"/>
  <testcase name="CheckLogin" time="16.228" classname="CXS_Support.USRC_General"/>
  <testcase name="CheckLogin" time="14.621" classname="CXS_Support.USRC_General"/>
  <testcase name="CheckLogin" time="24.222" classname="CXS_Support.USRC_General"/>
  <testcase name="CheckLogin" time="57.075" classname="CXS_Support.USRC_General"/>
  <testcase name="CheckLogin" time="7.503" classname="CXS_Support.USRC_General"/>
  <testcase name="CheckLogin" time="7.828" classname="CXS_Support.USRC_General"/>
  <testcase name="CheckLogin" time="18.071" classname="CXS_Support.USRC_General"/>
  <testcase name="CheckLogin" time="27.139" classname="CXS_Support.USRC_General"/>
  <testcase name="CheckLogin" time="13.562" classname="CXS_Support.USRC_General"/>
  <testcase name="CheckLogin" time="18.458" classname="CXS_Support.USRC_General"/>
  <testcase name="CheckLogin" time="13.299" classname="CXS_Support.USRC_General"/>
  <testcase name="CheckLogin" time="3.247" classname="CXS_Support.USRC_General"/>
  <testcase name="CheckLogin" time="46.571" classname="CXS_Support.USRC_General"/>
  <testcase name="CheckLogin" time="25.971" classname="CXS_Support.USRC_General"/>
  <testcase name="CheckLogin" time="30.655" classname="CXS_Support.USRC_General"/>
  <testcase name="CheckLogin" time="17.530" classname="CXS_Support.USRC_General"/>
  <testcase name="CheckLogin" time="9.421" classname="CXS_Support.USRC_General"/>
  <testcase name="CheckLogin" time="49.719" classname="CXS_Support.USRC_General"/>
  <testcase name="CheckLogin" time="16.514" classname="CXS_Support.USRC_General"/>
  <testcase name="CheckLogin" time="23.119" classname="CXS_Support.USRC_General"/>
  <testcase name="CheckLogin" time="91.504" classname="CXS_Support.USRC_General"/>
  <testcase name="CheckLogin" time="9.866" classname="CXS_Support.USRC_General"/>
  <testcase name="CheckLogin" time="26.204" classname="CXS_Support.USRC_General"/>
  <testcase name="CheckLogin" time="19.211" classname="CXS_Support.USRC_General"/>
  <testcase name="CheckLogin" time="24.464" classname="CXS_Support.USRC_General"/>
  <testcase name="CheckLogin" time="9.936" classname="CXS_Support.USRC_General"/>
  <testcase name="CheckLogin" time="29.240" classname="CXS_Support.USRC_General"/>
  <testcase name="CheckLogin" time="8.009" classname="CXS_Support.USRC_General"/>
  <testcase name="CheckLogin" time="19.049" classname="CXS_Support.USRC_General"/>
  <testcase name="CheckLogin" time="57.274" classname="CXS_Support.USRC_General"/>
  <testcase name="CheckLogin" time="14.812" classname="CXS_Support.USRC_General"/>
  <testcase name="CheckLogin" time="16.190" classname="CXS_Support.USRC_General"/>
  <testcase name="CheckLogin" time="5.146" classname="CXS_Support.USRC_General"/>
  <testcase name="CheckLogin" time="16.289" classname="CXS_Support.USRC_General"/>
  <testcase name="CheckLogin" time="10.503" classname="CXS_Support.USRC_General"/>
  <testcase name="CheckLogin" time="10.883" classname="CXS_Support.USRC_General"/>
  <testcase name="CheckLogin" time="10.560" classname="CXS_Support.USRC_General"/>
  <testcase name="CheckLogin" time="19.233" classname="CXS_Support.USRC_General"/>
  <testcase name="CheckLogin" time="38.790" classname="CXS_Support.USRC_General"/>
  <testcase name="CheckLogin" time="8.317" classname="CXS_Support.USRC_General"/>
  <testcase name="CheckLogin" time="19.945" classname="CXS_Support.USRC_General"/>
  <testcase name="CheckLogin" time="98.569" classname="CXS_Support.USRC_General"/>
  <testcase name="CheckLogin" time="42.753" classname="CXS_Support.USRC_General"/>
  <testcase name="CheckLogin" time="44.313" classname="CXS_Support.USRC_General"/>
  <testcase name="CheckLogin" time="6.112" classname="CXS_Support.USRC_General"/>
  <testcase name="CheckLogin" time="30.195" classname="CXS_Support.USRC_General"/>
  <testcase name="CheckLogin" time="42.312" classname="CXS_Support.USRC_General"/>
  <testcase name="CheckLogin" time="55.793" classname="CXS_Support.USRC_General"/>
  <testcase name="CheckLogin" time="21.788" classname="CXS_Support.USRC_General"/>
  <testcase name="CheckLogin" time="18.692" classname="CXS_Support.USRC_General"/>
  <testcase name="CheckLogin" time="42.289" classname="CXS_Support.USRC_General"/>
  <testcase name="CheckLogin" time="19.181" classname="CXS_Support.USRC_General"/>
  <testcase name="CheckLogin" time="41.232" classname="CXS_Support.USRC_General"/>
  <testcase name="CheckLogin" time="13.853" classname="CXS_Support.USRC_General"/>
  <testcase name="CheckLogin" time="15.425" classname="CXS_Support.USRC_General"/>
  <testcase name="CheckLogin" time="13.930" classname="CXS_Support.USRC_General"/>
  <testcase name="CheckLogin" time="12.245" classname="CXS_Support.USRC_General"/>
  <testcase name="CheckLogin" time="38.139" classname="CXS_Support.USRC_General"/>
  <testcase name="CheckLogin" time="13.057" classname="CXS_Support.USRC_General"/>
  <testcase name="CheckLogin" time="5.812" classname="CXS_Support.USRC_General"/>
  <testcase name="CheckLogin" time="11.034" classname="CXS_Support.USRC_General"/>
  <testcase name="CheckLogin" time="16.741" classname="CXS_Support.USRC_General"/>
  <testcase name="CheckLogin" time="16.907" classname="CXS_Support.USRC_General"/>
  <testcase name="CheckLogin" time="16.929" classname="CXS_Support.USRC_General"/>
  <testcase name="CheckLogin" time="10.680" classname="CXS_Support.USRC_General"/>
  <testcase name="CheckLogin" time="20.910" classname="CXS_Support.USRC_General"/>
  <testcase name="CheckLogin" time="6.944" classname="CXS_Support.USRC_General"/>
  <testcase name="CheckLogin" time="18.612" classname="CXS_Support.USRC_General"/>
  <testcase name="CheckLogin" time="5.937" classname="CXS_Support.USRC_General"/>
  <testcase name="CheckLogin" time="13.829" classname="CXS_Support.USRC_General"/>
  <testcase name="CheckLogin" time="11.271" classname="CXS_Support.USRC_General"/>
  <testcase name="CheckLogin" time="47.334" classname="CXS_Support.USRC_General"/>
  <testcase name="CheckLogin" time="14.962" classname="CXS_Support.USRC_General"/>
  <testcase name="CheckLogin" time="55.669" classname="CXS_Support.USRC_General"/>
  <testcase name="CheckLogin" time="30.115" classname="CXS_Support.USRC_General"/>
  <testcase name="CheckLogin" time="14.599" classname="CXS_Support.USRC_General"/>
  <testcase name="CheckLogin" time="9.069" classname="CXS_Support.USRC_General"/>
  <testcase name="CheckLogin" time="11.195" classname="CXS_Support.USRC_General"/>
  <testcase name="CheckLogin" time="50.381" classname="CXS_Support.USRC_General"/>
  <testcase name="CheckLogin" time="21.039" classname="CXS_Support.USRC_General"/>
  <testcase name="CheckLogin" time="38.060" classname="CXS_Support.USRC_General"/>
  <testcase name="CheckLogin" time="11.656" classname="CXS_Support.USRC_General"/>
  <testcase name="CheckLogin" time="7.999" classname="CXS_Support.USRC_General"/>
  <testcase name="CheckLogin" time="65.709" classname="CXS_Support.USRC_General"/>
  <testcase name="CheckLogin" time="14.247" classname="CXS_Support.USRC_General"/>
  <testcase name="CheckLogin" time="25.399" classname="CXS_Support.USRC_General"/>
  <testcase name="CheckLogin" time="12.046" classname="CXS_Support.USRC_General"/>
  <testcase name="CheckLogin" time="7.068" classname="CXS_Support.USRC_General"/>
  <testcase name="CheckLogin" time="22.022" classname="CXS_Support.USRC_General"/>
  <testcase name="CheckLogin" time="13.196" classname="CXS_Support.USRC_General"/>
  <testcase name="CheckLogin" time="14.968" classname="CXS_Support.USRC_General"/>
  <testcase name="CheckLogin" time="7.241" classname="CXS_Support.USRC_General"/>
  <testcase name="CheckLogin" time="71.861" classname="CXS_Support.USRC_General"/>
  <testcase name="CheckLogin" time="7.419" classname="CXS_Support.USRC_General"/>
  <testcase name="CheckLogin" time="14.180" classname="CXS_Support.USRC_General"/>
  <testcase name="CheckLogin" time="26.998" classname="CXS_Support.USRC_General"/>
  <testcase name="CheckLogin" time="9.966" classname="CXS_Support.USRC_General"/>
  <testcase name="CheckLogin" time="22.385" classname="CXS_Support.USRC_General"/>
  <testcase name="CheckLogin" time="30.865" classname="CXS_Support.USRC_General"/>
  <testcase name="CheckLogin" time="10.172" classname="CXS_Support.USRC_General"/>
  <testcase name="CheckLogin" time="9.693" classname="CXS_Support.USRC_General"/>
  <testcase name="CheckLogin" time="13.167" classname="CXS_Support.USRC_General"/>
  <testcase name="CheckLogin" time="10.648" classname="CXS_Support.USRC_General"/>
  <testcase name="CheckLogin" time="14.423" classname="CXS_Support.USRC_General"/>
  <testcase name="CheckLogin" time="16.768" classname="CXS_Support.USRC_General"/>
  <testcase name="CheckLogin" time="6.517" classname="CXS_Support.USRC_General"/>
  <testcase name="CheckLogin" time="14.702" classname="CXS_Support.USRC_General"/>
  <testcase name="CheckLogin" time="10.201" classname="CXS_Support.USRC_General"/>
  <testcase name="CheckLogin" time="18.874" classname="CXS_Support.USRC_General"/>
  <testcase name="CheckLogin" time="7.063" classname="CXS_Support.USRC_General"/>
  <testcase name="CheckLogin" time="12.445" classname="CXS_Support.USRC_General"/>
  <testcase name="CheckLogin" time="19.668" classname="CXS_Support.USRC_General"/>
  <testcase name="CheckLogin" time="37.135" classname="CXS_Support.USRC_General"/>
  <testcase name="CheckLogin" time="12.235" classname="CXS_Support.USRC_General"/>
  <testcase name="CheckLogin" time="15.642" classname="CXS_Support.USRC_General"/>
  <testcase name="CheckLogin" time="20.508" classname="CXS_Support.USRC_General"/>
  <testcase name="CheckLogin" time="34.540" classname="CXS_Support.USRC_General"/>
  <testcase name="CheckLogin" time="14.801" classname="CXS_Support.USRC_General"/>
  <testcase name="CheckLogin" time="25.226" classname="CXS_Support.USRC_General"/>
  <testcase name="CheckLogin" time="21.592" classname="CXS_Support.USRC_General"/>
  <testcase name="CheckLogin" time="8.518" classname="CXS_Support.USRC_General"/>
  <testcase name="CheckLogin" time="7.957" classname="CXS_Support.USRC_General"/>
  <testcase name="CheckLogin" time="42.231" classname="CXS_Support.USRC_General"/>
  <testcase name="CheckLogin" time="88.287" classname="CXS_Support.USRC_General"/>
  <testcase name="CheckLogin" time="21.797" classname="CXS_Support.USRC_General"/>
  <testcase name="CheckLogin" time="19.601" classname="CXS_Support.USRC_General"/>
  <testcase name="CheckLogin" time="13.183" classname="CXS_Support.USRC_General"/>
  <testcase name="CheckLogin" time="8.747" classname="CXS_Support.USRC_General"/>
  <testcase name="CheckLogin" time="22.028" classname="CXS_Support.USRC_General"/>
  <testcase name="CheckLogin" time="5.668" classname="CXS_Support.USRC_General"/>
  <testcase name="CheckLogin" time="20.760" classname="CXS_Support.USRC_General"/>
  <testcase name="CheckLogin" time="4.738" classname="CXS_Support.USRC_General"/>
  <testcase name="CheckLogin" time="15.083" classname="CXS_Support.USRC_General"/>
  <testcase name="CheckLogin" time="9.745" classname="CXS_Support.USRC_General"/>
  <testcase name="CheckLogin" time="28.800" classname="CXS_Support.USRC_General"/>
  <testcase name="CheckLogin" time="7.181" classname="CXS_Support.USRC_General"/>
  <testcase name="CheckLogin" time="4.022" classname="CXS_Support.USRC_General"/>
  <testcase name="CheckLogin" time="59.166" classname="CXS_Support.USRC_General"/>
  <testcase name="CheckLogin" time="45.034" classname="CXS_Support.USRC_General"/>
  <testcase name="CheckLogin" time="5.769" classname="CXS_Support.USRC_General"/>
  <testcase name="CheckLogin" time="5.960" classname="CXS_Support.USRC_General"/>
  <testcase name="CheckLogin" time="13.094" classname="CXS_Support.USRC_General"/>
  <testcase name="CheckLogin" time="10.843" classname="CXS_Support.USRC_General"/>
  <testcase name="CheckLogin" time="16.004" classname="CXS_Support.USRC_General"/>
  <testcase name="CheckLogin" time="7.794" classname="CXS_Support.USRC_General"/>
  <testcase name="CheckLogin" time="51.413" classname="CXS_Support.USRC_General"/>
  <testcase name="CheckLogin" time="17.080" classname="CXS_Support.USRC_General"/>
  <testcase name="CheckLogin" time="17.194" classname="CXS_Support.USRC_General"/>
  <testcase name="CheckLogin" time="51.750" classname="CXS_Support.USRC_General"/>
  <testcase name="CheckLogin" time="21.320" classname="CXS_Support.USRC_General"/>
  <testcase name="CheckLogin" time="22.372" classname="CXS_Support.USRC_General"/>
  <testcase name="CheckLogin" time="16.114" classname="CXS_Support.USRC_General"/>
  <testcase name="CheckLogin" time="14.829" classname="CXS_Support.USRC_General"/>
  <testcase name="CheckLogin" time="10.696" classname="CXS_Support.USRC_General"/>
  <testcase name="CheckLogin" time="11.983" classname="CXS_Support.USRC_General"/>
  <testcase name="CheckLogin" time="15.114" classname="CXS_Support.USRC_General"/>
  <testcase name="CheckLogin" time="16.989" classname="CXS_Support.USRC_General"/>
  <testcase name="CheckLogin" time="32.823" classname="CXS_Support.USRC_General"/>
  <testcase name="CheckLogin" time="17.988" classname="CXS_Support.USRC_General"/>
  <testcase name="CheckLogin" time="9.386" classname="CXS_Support.USRC_General"/>
  <testcase name="CheckLogin" time="11.493" classname="CXS_Support.USRC_General"/>
  <testcase name="CheckLogin" time="13.793" classname="CXS_Support.USRC_General"/>
  <testcase name="CheckLogin" time="12.946" classname="CXS_Support.USRC_General"/>
  <testcase name="CheckLogin" time="21.466" classname="CXS_Support.USRC_General"/>
  <testcase name="CheckLogin" time="9.473" classname="CXS_Support.USRC_General"/>
  <testcase name="CheckLogin" time="4.102" classname="CXS_Support.USRC_General"/>
  <testcase name="CheckLogin" time="38.521" classname="CXS_Support.USRC_General"/>
  <testcase name="CheckLogin" time="5.191" classname="CXS_Support.USRC_General"/>
  <testcase name="CheckLogin" time="19.787" classname="CXS_Support.USRC_General"/>
  <testcase name="CheckLogin" time="8.155" classname="CXS_Support.USRC_General"/>
  <testcase name="CheckLogin" time="10.261" classname="CXS_Support.USRC_General"/>
  <testcase name="CheckLogin" time="59.967" classname="CXS_Support.USRC_General"/>
  <testcase name="CheckLogin" time="18.347" classname="CXS_Support.USRC_General"/>
  <testcase name="CheckLogin" time="9.493" classname="CXS_Support.USRC_General"/>
  <testcase name="CheckLogin" time="10.674" classname="CXS_Support.USRC_General"/>
  <testcase name="CheckLogin" time="15.396" classname="CXS_Support.USRC_General"/>
  <testcase name="CheckLogin" time="30.735" classname="CXS_Support.USRC_General"/>
  <testcase name="CheckLogin" time="34.580" classname="CXS_Support.USRC_General"/>
  <testcase name="CheckLogin" time="10.523" classname="CXS_Support.USRC_General"/>
  <testcase name="CheckLogin" time="13.769" classname="CXS_Support.USRC_General"/>
  <testcase name="CheckLogin" time="8.746" classname="CXS_Support.USRC_General"/>
  <testcase name="CheckLogin" time="4.144" classname="CXS_Support.USRC_General"/>
  <testcase name="CheckLogin" time="10.640" classname="CXS_Support.USRC_General"/>
  <testcase name="CheckLogin" time="11.574" classname="CXS_Support.USRC_General"/>
  <testcase name="CheckLogin" time="20.004" classname="CXS_Support.USRC_General"/>
  <testcase name="CheckLogin" time="11.846" classname="CXS_Support.USRC_General"/>
  <testcase name="CheckLogin" time="7.037" classname="CXS_Support.USRC_General"/>
  <testcase name="CheckLogin" time="41.326" classname="CXS_Support.USRC_General"/>
  <testcase name="CheckLogin" time="35.234" classname="CXS_Support.USRC_General"/>
  <testcase name="CheckLogin" time="24.393" classname="CXS_Support.USRC_General"/>
  <testcase name="CheckLogin" time="30.369" classname="CXS_Support.USRC_General"/>
  <testcase name="CheckLogin" time="51.581" classname="CXS_Support.USRC_General"/>
  <testcase name="CheckLogin" time="29.056" classname="CXS_Support.USRC_General"/>
  <testcase name="CheckLogin" time="14.072" classname="CXS_Support.USRC_General"/>
  <testcase name="CheckLogin" time="15.362" classname="CXS_Support.USRC_General"/>
  <testcase name="CheckLogin" time="8.964" classname="CXS_Support.USRC_General"/>
  <testcase name="CheckLogin" time="14.201" classname="CXS_Support.USRC_General"/>
  <testcase name="CheckLogin" time="11.772" classname="CXS_Support.USRC_General"/>
  <testcase name="CheckLogin" time="18.357" classname="CXS_Support.USRC_General"/>
  <testcase name="CheckLogin" time="28.960" classname="CXS_Support.USRC_General"/>
  <testcase name="CheckLogin" time="16.435" classname="CXS_Support.USRC_General"/>
  <testcase name="CheckLogin" time="15.130" classname="CXS_Support.USRC_General"/>
  <testcase name="CheckLogin" time="21.904" classname="CXS_Support.USRC_General"/>
  <testcase name="CheckLogin" time="6.207" classname="CXS_Support.USRC_General"/>
  <testcase name="CheckLogin" time="14.782" classname="CXS_Support.USRC_General"/>
  <testcase name="CheckLogin" time="13.436" classname="CXS_Support.USRC_General"/>
  <testcase name="CheckLogin" time="11.983" classname="CXS_Support.USRC_General"/>
  <testcase name="CheckLogin" time="3.867" classname="CXS_Support.USRC_General"/>
  <testcase name="CheckLogin" time="11.286" classname="CXS_Support.USRC_General"/>
  <testcase name="CheckLogin" time="33.665" classname="CXS_Support.USRC_General"/>
  <testcase name="CheckLogin" time="7.039" classname="CXS_Support.USRC_General"/>
  <testcase name="CheckLogin" time="19.252" classname="CXS_Support.USRC_General"/>
  <testcase name="CheckLogin" time="16.939" classname="CXS_Support.USRC_General"/>
  <testcase name="CheckLogin" time="33.413" classname="CXS_Support.USRC_General"/>
  <testcase name="CheckLogin" time="72.169" classname="CXS_Support.USRC_General"/>
  <testcase name="CheckLogin" time="10.758" classname="CXS_Support.USRC_General"/>
  <testcase name="CheckLogin" time="13.663" classname="CXS_Support.USRC_General"/>
  <testcase name="CheckLogin" time="15.108" classname="CXS_Support.USRC_General"/>
  <testcase name="CheckLogin" time="10.864" classname="CXS_Support.USRC_General"/>
  <testcase name="CheckLogin" time="22.998" classname="CXS_Support.USRC_General"/>
  <testcase name="CheckLogin" time="19.643" classname="CXS_Support.USRC_General"/>
  <testcase name="CheckLogin" time="19.113" classname="CXS_Support.USRC_General"/>
  <testcase name="CheckLogin" time="20.581" classname="CXS_Support.USRC_General"/>
  <testcase name="CheckLogin" time="6.624" classname="CXS_Support.USRC_General"/>
  <testcase name="CheckLogin" time="10.980" classname="CXS_Support.USRC_General"/>
  <testcase name="CheckLogin" time="34.454" classname="CXS_Support.USRC_General"/>
  <testcase name="CheckLogin" time="8.006" classname="CXS_Support.USRC_General"/>
  <testcase name="CheckLogin" time="16.940" classname="CXS_Support.USRC_General"/>
  <testcase name="CheckLogin" time="28.836" classname="CXS_Support.USRC_General"/>
  <testcase name="CheckLogin" time="11.089" classname="CXS_Support.USRC_General"/>
  <testcase name="CheckLogin" time="15.050" classname="CXS_Support.USRC_General"/>
  <testcase name="CheckLogin" time="104.698" classname="CXS_Support.USRC_General"/>
  <testcase name="CheckLogin" time="21.048" classname="CXS_Support.USRC_General"/>
  <testcase name="CheckLogin" time="36.388" classname="CXS_Support.USRC_General"/>
  <testcase name="CheckLogin" time="10.659" classname="CXS_Support.USRC_General"/>
  <testcase name="CheckLogin" time="36.181" classname="CXS_Support.USRC_General"/>
  <testcase name="CheckLogin" time="26.127" classname="CXS_Support.USRC_General"/>
  <testcase name="CheckLogin" time="5.032" classname="CXS_Support.USRC_General"/>
  <testcase name="CheckLogin" time="21.176" classname="CXS_Support.USRC_General"/>
  <testcase name="CheckLogin" time="9.293" classname="CXS_Support.USRC_General"/>
  <testcase name="CheckLogin" time="19.987" classname="CXS_Support.USRC_General"/>
  <testcase name="CheckLogin" time="7.641" classname="CXS_Support.USRC_General"/>
  <testcase name="CheckLogin" time="7.574" classname="CXS_Support.USRC_General"/>
  <testcase name="CheckLogin" time="7.698" classname="CXS_Support.USRC_General"/>
  <testcase name="CheckLogin" time="10.953" classname="CXS_Support.USRC_General"/>
  <testcase name="CheckLogin" time="33.571" classname="CXS_Support.USRC_General"/>
  <testcase name="CheckLogin" time="47.855" classname="CXS_Support.USRC_General"/>
  <testcase name="CheckLogin" time="37.589" classname="CXS_Support.USRC_General"/>
  <testcase name="CheckLogin" time="28.596" classname="CXS_Support.USRC_General"/>
  <testcase name="CheckLogin" time="30.290" classname="CXS_Support.USRC_General"/>
  <testcase name="CheckLogin" time="29.922" classname="CXS_Support.USRC_General"/>
  <testcase name="CheckLogin" time="25.481" classname="CXS_Support.USRC_General"/>
  <testcase name="CheckLogin" time="37.898" classname="CXS_Support.USRC_General"/>
  <testcase name="CheckLogin" time="4.681" classname="CXS_Support.USRC_General"/>
  <testcase name="CheckLogin" time="18.553" classname="CXS_Support.USRC_General"/>
  <testcase name="CheckLogin" time="8.759" classname="CXS_Support.USRC_General"/>
  <testcase name="CheckLogin" time="0.254" classname="CXS_Support.USRC_General">
    <failure type="java.lang.AssertionError" message="Not able to login">
      <![CDATA[java.lang.AssertionError: Not able to login
at org.junit.Assert.fail(Assert.java:88)
at CXS_Support.USRC_General.CheckLogin(USRC_General.java:244)
at sun.reflect.GeneratedMethodAccessor2.invoke(Unknown Source)
at sun.reflect.DelegatingMethodAccessorImpl.invoke(Unknown Source)
at java.lang.reflect.Method.invoke(Unknown Source)
at org.testng.internal.MethodInvocationHelper.invokeMethod(MethodInvocationHelper.java:124)
at org.testng.internal.Invoker.invokeMethod(Invoker.java:580)
at org.testng.internal.Invoker.invokeTestMethod(Invoker.java:716)
at org.testng.internal.TestMethodWithDataProviderMethodWorker.call(TestMethodWithDataProviderMethodWorker.java:71)
at org.testng.internal.TestMethodWithDataProviderMethodWorker.call(TestMethodWithDataProviderMethodWorker.java:14)
at java.util.concurrent.FutureTask.run(Unknown Source)
at java.util.concurrent.Executors$RunnableAdapter.call(Unknown Source)
at java.util.concurrent.FutureTask.run(Unknown Source)
at java.util.concurrent.ThreadPoolExecutor.runWorker(Unknown Source)
at java.util.concurrent.ThreadPoolExecutor$Worker.run(Unknown Source)
at java.lang.Thread.run(Unknown Source)
]]>
    </failure>
  </testcase> <!-- CheckLogin -->
  <testcase name="CheckLogin" time="17.543" classname="CXS_Support.USRC_General"/>
  <testcase name="CheckLogin" time="5.186" classname="CXS_Support.USRC_General"/>
  <testcase name="CheckLogin" time="7.667" classname="CXS_Support.USRC_General"/>
  <testcase name="CheckLogin" time="8.521" classname="CXS_Support.USRC_General"/>
  <testcase name="CheckLogin" time="8.733" classname="CXS_Support.USRC_General"/>
  <testcase name="CheckLogin" time="11.905" classname="CXS_Support.USRC_General"/>
  <testcase name="CheckLogin" time="5.896" classname="CXS_Support.USRC_General"/>
  <testcase name="CheckLogin" time="33.130" classname="CXS_Support.USRC_General"/>
  <testcase name="CheckLogin" time="12.278" classname="CXS_Support.USRC_General"/>
  <testcase name="CheckLogin" time="3.979" classname="CXS_Support.USRC_General"/>
  <testcase name="CheckLogin" time="33.855" classname="CXS_Support.USRC_General"/>
  <testcase name="CheckLogin" time="34.828" classname="CXS_Support.USRC_General"/>
  <testcase name="CheckLogin" time="4.905" classname="CXS_Support.USRC_General"/>
  <testcase name="CheckLogin" time="10.074" classname="CXS_Support.USRC_General"/>
  <testcase name="CheckLogin" time="15.657" classname="CXS_Support.USRC_General"/>
  <testcase name="CheckLogin" time="33.547" classname="CXS_Support.USRC_General"/>
  <testcase name="CheckLogin" time="10.183" classname="CXS_Support.USRC_General"/>
  <testcase name="CheckLogin" time="5.956" classname="CXS_Support.USRC_General"/>
  <testcase name="CheckLogin" time="72.448" classname="CXS_Support.USRC_General"/>
  <testcase name="CheckLogin" time="25.760" classname="CXS_Support.USRC_General"/>
  <testcase name="CheckLogin" time="14.267" classname="CXS_Support.USRC_General"/>
  <testcase name="CheckLogin" time="13.862" classname="CXS_Support.USRC_General"/>
  <testcase name="CheckLogin" time="9.039" classname="CXS_Support.USRC_General"/>
  <testcase name="CheckLogin" time="19.000" classname="CXS_Support.USRC_General"/>
  <testcase name="CheckLogin" time="8.601" classname="CXS_Support.USRC_General"/>
  <testcase name="CheckLogin" time="8.763" classname="CXS_Support.USRC_General"/>
  <testcase name="CheckLogin" time="19.443" classname="CXS_Support.USRC_General"/>
  <testcase name="CheckLogin" time="33.141" classname="CXS_Support.USRC_General"/>
  <testcase name="CheckLogin" time="18.855" classname="CXS_Support.USRC_General"/>
  <testcase name="CheckLogin" time="5.900" classname="CXS_Support.USRC_General"/>
  <testcase name="CheckLogin" time="26.595" classname="CXS_Support.USRC_General"/>
  <testcase name="CheckLogin" time="14.500" classname="CXS_Support.USRC_General"/>
  <testcase name="CheckLogin" time="14.187" classname="CXS_Support.USRC_General"/>
  <testcase name="CheckLogin" time="13.688" classname="CXS_Support.USRC_General"/>
  <testcase name="CheckLogin" time="20.079" classname="CXS_Support.USRC_General"/>
  <testcase name="CheckLogin" time="28.024" classname="CXS_Support.USRC_General"/>
  <testcase name="CheckLogin" time="6.396" classname="CXS_Support.USRC_General"/>
  <testcase name="CheckLogin" time="95.115" classname="CXS_Support.USRC_General"/>
  <testcase name="CheckLogin" time="15.795" classname="CXS_Support.USRC_General"/>
  <testcase name="CheckLogin" time="11.116" classname="CXS_Support.USRC_General"/>
  <testcase name="CheckLogin" time="23.273" classname="CXS_Support.USRC_General"/>
  <testcase name="CheckLogin" time="18.016" classname="CXS_Support.USRC_General"/>
  <testcase name="CheckLogin" time="18.641" classname="CXS_Support.USRC_General"/>
  <testcase name="CheckLogin" time="17.958" classname="CXS_Support.USRC_General"/>
  <testcase name="CheckLogin" time="16.205" classname="CXS_Support.USRC_General"/>
  <testcase name="CheckLogin" time="50.711" classname="CXS_Support.USRC_General"/>
  <testcase name="CheckLogin" time="27.243" classname="CXS_Support.USRC_General"/>
  <testcase name="CheckLogin" time="16.795" classname="CXS_Support.USRC_General"/>
  <testcase name="CheckLogin" time="4.280" classname="CXS_Support.USRC_General"/>
  <testcase name="CheckLogin" time="13.691" classname="CXS_Support.USRC_General"/>
  <testcase name="CheckLogin" time="31.295" classname="CXS_Support.USRC_General"/>
  <testcase name="CheckLogin" time="4.105" classname="CXS_Support.USRC_General"/>
  <testcase name="CheckLogin" time="7.135" classname="CXS_Support.USRC_General"/>
  <testcase name="CheckLogin" time="10.078" classname="CXS_Support.USRC_General"/>
  <testcase name="CheckLogin" time="24.458" classname="CXS_Support.USRC_General"/>
  <testcase name="CheckLogin" time="34.265" classname="CXS_Support.USRC_General"/>
  <testcase name="CheckLogin" time="26.214" classname="CXS_Support.USRC_General"/>
  <testcase name="CheckLogin" time="24.498" classname="CXS_Support.USRC_General"/>
  <testcase name="CheckLogin" time="19.611" classname="CXS_Support.USRC_General"/>
  <testcase name="CheckLogin" time="31.670" classname="CXS_Support.USRC_General"/>
  <testcase name="CheckLogin" time="24.732" classname="CXS_Support.USRC_General"/>
  <testcase name="CheckLogin" time="9.236" classname="CXS_Support.USRC_General"/>
  <testcase name="CheckLogin" time="12.053" classname="CXS_Support.USRC_General"/>
  <testcase name="CheckLogin" time="19.741" classname="CXS_Support.USRC_General"/>
  <testcase name="CheckLogin" time="19.351" classname="CXS_Support.USRC_General"/>
  <testcase name="CheckLogin" time="5.008" classname="CXS_Support.USRC_General"/>
  <testcase name="CheckLogin" time="8.695" classname="CXS_Support.USRC_General"/>
  <testcase name="CheckLogin" time="10.027" classname="CXS_Support.USRC_General"/>
  <testcase name="CheckLogin" time="56.068" classname="CXS_Support.USRC_General"/>
  <testcase name="CheckLogin" time="5.414" classname="CXS_Support.USRC_General"/>
  <testcase name="CheckLogin" time="4.660" classname="CXS_Support.USRC_General"/>
  <testcase name="CheckLogin" time="48.659" classname="CXS_Support.USRC_General"/>
  <testcase name="CheckLogin" time="13.885" classname="CXS_Support.USRC_General"/>
  <testcase name="CheckLogin" time="10.066" classname="CXS_Support.USRC_General"/>
  <testcase name="CheckLogin" time="2.769" classname="CXS_Support.USRC_General"/>
  <testcase name="CheckLogin" time="27.653" classname="CXS_Support.USRC_General"/>
  <testcase name="CheckLogin" time="9.953" classname="CXS_Support.USRC_General"/>
  <testcase name="CheckLogin" time="13.828" classname="CXS_Support.USRC_General"/>
  <testcase name="CheckLogin" time="8.026" classname="CXS_Support.USRC_General"/>
  <testcase name="CheckLogin" time="19.415" classname="CXS_Support.USRC_General"/>
  <testcase name="CheckLogin" time="8.566" classname="CXS_Support.USRC_General"/>
  <testcase name="CheckLogin" time="26.737" classname="CXS_Support.USRC_General"/>
  <testcase name="CheckLogin" time="37.310" classname="CXS_Support.USRC_General"/>
  <testcase name="CheckLogin" time="22.777" classname="CXS_Support.USRC_General"/>
  <testcase name="CheckLogin" time="20.714" classname="CXS_Support.USRC_General"/>
  <testcase name="CheckLogin" time="15.283" classname="CXS_Support.USRC_General"/>
  <testcase name="CheckLogin" time="44.084" classname="CXS_Support.USRC_General"/>
  <testcase name="CheckLogin" time="27.414" classname="CXS_Support.USRC_General"/>
  <testcase name="CheckLogin" time="36.783" classname="CXS_Support.USRC_General"/>
  <testcase name="CheckLogin" time="27.666" classname="CXS_Support.USRC_General"/>
  <testcase name="CheckLogin" time="28.058" classname="CXS_Support.USRC_General"/>
  <testcase name="CheckLogin" time="4.665" classname="CXS_Support.USRC_General"/>
  <testcase name="CheckLogin" time="7.220" classname="CXS_Support.USRC_General"/>
  <testcase name="CheckLogin" time="8.376" classname="CXS_Support.USRC_General"/>
  <testcase name="CheckLogin" time="16.455" classname="CXS_Support.USRC_General"/>
  <testcase name="CheckLogin" time="14.042" classname="CXS_Support.USRC_General"/>
  <testcase name="CheckLogin" time="18.952" classname="CXS_Support.USRC_General"/>
  <testcase name="CheckLogin" time="12.830" classname="CXS_Support.USRC_General"/>
  <testcase name="CheckLogin" time="16.088" classname="CXS_Support.USRC_General"/>
  <testcase name="CheckLogin" time="42.079" classname="CXS_Support.USRC_General"/>
  <testcase name="CheckLogin" time="9.828" classname="CXS_Support.USRC_General"/>
  <testcase name="CheckLogin" time="15.857" classname="CXS_Support.USRC_General"/>
  <testcase name="CheckLogin" time="10.375" classname="CXS_Support.USRC_General"/>
  <testcase name="CheckLogin" time="26.734" classname="CXS_Support.USRC_General"/>
  <testcase name="CheckLogin" time="4.604" classname="CXS_Support.USRC_General"/>
  <testcase name="CheckLogin" time="11.410" classname="CXS_Support.USRC_General"/>
  <testcase name="CheckLogin" time="8.429" classname="CXS_Support.USRC_General"/>
  <testcase name="CheckLogin" time="10.975" classname="CXS_Support.USRC_General"/>
  <testcase name="CheckLogin" time="53.470" classname="CXS_Support.USRC_General"/>
  <testcase name="CheckLogin" time="12.301" classname="CXS_Support.USRC_General"/>
  <testcase name="CheckLogin" time="33.290" classname="CXS_Support.USRC_General"/>
  <testcase name="CheckLogin" time="9.375" classname="CXS_Support.USRC_General"/>
  <testcase name="CheckLogin" time="30.150" classname="CXS_Support.USRC_General"/>
  <testcase name="CheckLogin" time="12.487" classname="CXS_Support.USRC_General"/>
  <testcase name="CheckLogin" time="11.923" classname="CXS_Support.USRC_General"/>
  <testcase name="CheckLogin" time="9.275" classname="CXS_Support.USRC_General"/>
  <testcase name="CheckLogin" time="8.285" classname="CXS_Support.USRC_General"/>
  <testcase name="CheckLogin" time="13.576" classname="CXS_Support.USRC_General"/>
  <testcase name="CheckLogin" time="26.961" classname="CXS_Support.USRC_General"/>
  <testcase name="CheckLogin" time="22.701" classname="CXS_Support.USRC_General"/>
  <testcase name="CheckLogin" time="12.867" classname="CXS_Support.USRC_General"/>
  <testcase name="CheckLogin" time="14.621" classname="CXS_Support.USRC_General"/>
  <testcase name="CheckLogin" time="14.471" classname="CXS_Support.USRC_General"/>
  <testcase name="CheckLogin" time="86.161" classname="CXS_Support.USRC_General"/>
  <testcase name="CheckLogin" time="14.015" classname="CXS_Support.USRC_General"/>
  <testcase name="CheckLogin" time="7.024" classname="CXS_Support.USRC_General"/>
  <testcase name="CheckLogin" time="4.308" classname="CXS_Support.USRC_General"/>
  <testcase name="CheckLogin" time="22.995" classname="CXS_Support.USRC_General"/>
  <testcase name="CheckLogin" time="20.191" classname="CXS_Support.USRC_General"/>
  <testcase name="CheckLogin" time="6.713" classname="CXS_Support.USRC_General"/>
  <testcase name="CheckLogin" time="9.136" classname="CXS_Support.USRC_General"/>
  <testcase name="CheckLogin" time="17.313" classname="CXS_Support.USRC_General"/>
  <testcase name="CheckLogin" time="12.524" classname="CXS_Support.USRC_General"/>
  <testcase name="CheckLogin" time="13.873" classname="CXS_Support.USRC_General"/>
  <testcase name="CheckLogin" time="27.045" classname="CXS_Support.USRC_General"/>
  <testcase name="CheckLogin" time="12.174" classname="CXS_Support.USRC_General"/>
  <testcase name="CheckLogin" time="19.105" classname="CXS_Support.USRC_General"/>
  <testcase name="CheckLogin" time="6.707" classname="CXS_Support.USRC_General"/>
  <testcase name="CheckLogin" time="15.657" classname="CXS_Support.USRC_General"/>
  <testcase name="CheckLogin" time="13.505" classname="CXS_Support.USRC_General"/>
  <testcase name="CheckLogin" time="2.818" classname="CXS_Support.USRC_General"/>
  <testcase name="CheckLogin" time="33.373" classname="CXS_Support.USRC_General"/>
  <testcase name="CheckLogin" time="5.653" classname="CXS_Support.USRC_General"/>
  <testcase name="CheckLogin" time="13.749" classname="CXS_Support.USRC_General"/>
  <testcase name="CheckLogin" time="30.734" classname="CXS_Support.USRC_General"/>
  <testcase name="CheckLogin" time="18.181" classname="CXS_Support.USRC_General"/>
  <testcase name="CheckLogin" time="9.837" classname="CXS_Support.USRC_General"/>
  <testcase name="CheckLogin" time="33.529" classname="CXS_Support.USRC_General"/>
  <testcase name="CheckLogin" time="6.618" classname="CXS_Support.USRC_General"/>
  <testcase name="CheckLogin" time="20.272" classname="CXS_Support.USRC_General"/>
  <testcase name="CheckLogin" time="7.877" classname="CXS_Support.USRC_General"/>
  <testcase name="CheckLogin" time="4.289" classname="CXS_Support.USRC_General"/>
  <testcase name="CheckLogin" time="13.532" classname="CXS_Support.USRC_General"/>
  <testcase name="CheckLogin" time="69.788" classname="CXS_Support.USRC_General"/>
  <testcase name="CheckLogin" time="18.663" classname="CXS_Support.USRC_General"/>
  <testcase name="CheckLogin" time="27.435" classname="CXS_Support.USRC_General"/>
  <testcase name="CheckLogin" time="34.532" classname="CXS_Support.USRC_General"/>
  <testcase name="CheckLogin" time="21.694" classname="CXS_Support.USRC_General"/>
  <testcase name="CheckLogin" time="14.879" classname="CXS_Support.USRC_General"/>
  <testcase name="CheckLogin" time="7.486" classname="CXS_Support.USRC_General"/>
  <testcase name="CheckLogin" time="9.058" classname="CXS_Support.USRC_General"/>
  <testcase name="CheckLogin" time="11.859" classname="CXS_Support.USRC_General"/>
  <testcase name="CheckLogin" time="17.847" classname="CXS_Support.USRC_General"/>
  <testcase name="CheckLogin" time="8.817" classname="CXS_Support.USRC_General"/>
  <testcase name="CheckLogin" time="3.787" classname="CXS_Support.USRC_General"/>
  <testcase name="CheckLogin" time="60.132" classname="CXS_Support.USRC_General"/>
  <testcase name="CheckLogin" time="3.011" classname="CXS_Support.USRC_General"/>
  <testcase name="CheckLogin" time="16.751" classname="CXS_Support.USRC_General"/>
  <testcase name="CheckLogin" time="23.847" classname="CXS_Support.USRC_General"/>
  <testcase name="CheckLogin" time="9.477" classname="CXS_Support.USRC_General"/>
  <testcase name="CheckLogin" time="19.201" classname="CXS_Support.USRC_General"/>
  <testcase name="CheckLogin" time="9.289" classname="CXS_Support.USRC_General"/>
  <testcase name="CheckLogin" time="30.128" classname="CXS_Support.USRC_General"/>
  <testcase name="CheckLogin" time="14.099" classname="CXS_Support.USRC_General"/>
  <testcase name="CheckLogin" time="11.380" classname="CXS_Support.USRC_General"/>
  <testcase name="CheckLogin" time="16.386" classname="CXS_Support.USRC_General"/>
  <testcase name="CheckLogin" time="13.242" classname="CXS_Support.USRC_General"/>
  <testcase name="CheckLogin" time="41.288" classname="CXS_Support.USRC_General"/>
  <testcase name="CheckLogin" time="20.445" classname="CXS_Support.USRC_General"/>
  <testcase name="CheckLogin" time="9.190" classname="CXS_Support.USRC_General"/>
  <testcase name="CheckLogin" time="15.452" classname="CXS_Support.USRC_General"/>
  <testcase name="CheckLogin" time="11.113" classname="CXS_Support.USRC_General"/>
  <testcase name="CheckLogin" time="13.717" classname="CXS_Support.USRC_General"/>
  <testcase name="CheckLogin" time="7.448" classname="CXS_Support.USRC_General"/>
  <testcase name="CheckLogin" time="31.381" classname="CXS_Support.USRC_General"/>
  <testcase name="CheckLogin" time="4.398" classname="CXS_Support.USRC_General"/>
  <testcase name="CheckLogin" time="13.981" classname="CXS_Support.USRC_General"/>
  <testcase name="CheckLogin" time="93.142" classname="CXS_Support.USRC_General"/>
  <testcase name="CheckLogin" time="7.810" classname="CXS_Support.USRC_General"/>
  <testcase name="CheckLogin" time="13.307" classname="CXS_Support.USRC_General"/>
  <testcase name="CheckLogin" time="41.197" classname="CXS_Support.USRC_General"/>
  <testcase name="CheckLogin" time="8.518" classname="CXS_Support.USRC_General"/>
  <testcase name="CheckLogin" time="84.007" classname="CXS_Support.USRC_General"/>
  <testcase name="CheckLogin" time="20.619" classname="CXS_Support.USRC_General"/>
  <testcase name="CheckLogin" time="19.220" classname="CXS_Support.USRC_General"/>
  <testcase name="CheckLogin" time="2.820" classname="CXS_Support.USRC_General"/>
  <testcase name="CheckLogin" time="23.971" classname="CXS_Support.USRC_General"/>
  <testcase name="CheckLogin" time="17.636" classname="CXS_Support.USRC_General"/>
  <testcase name="CheckLogin" time="18.267" classname="CXS_Support.USRC_General"/>
  <testcase name="CheckLogin" time="20.435" classname="CXS_Support.USRC_General"/>
  <testcase name="CheckLogin" time="17.979" classname="CXS_Support.USRC_General"/>
  <testcase name="CheckLogin" time="21.274" classname="CXS_Support.USRC_General"/>
  <testcase name="CheckLogin" time="8.047" classname="CXS_Support.USRC_General"/>
  <testcase name="CheckLogin" time="11.191" classname="CXS_Support.USRC_General"/>
  <testcase name="CheckLogin" time="17.745" classname="CXS_Support.USRC_General"/>
  <testcase name="CheckLogin" time="7.058" classname="CXS_Support.USRC_General"/>
  <testcase name="CheckLogin" time="35.426" classname="CXS_Support.USRC_General"/>
  <testcase name="CheckLogin" time="3.319" classname="CXS_Support.USRC_General"/>
  <testcase name="CheckLogin" time="10.067" classname="CXS_Support.USRC_General"/>
  <testcase name="CheckLogin" time="32.226" classname="CXS_Support.USRC_General"/>
  <testcase name="CheckLogin" time="13.047" classname="CXS_Support.USRC_General"/>
  <testcase name="CheckLogin" time="6.223" classname="CXS_Support.USRC_General"/>
  <testcase name="CheckLogin" time="11.020" classname="CXS_Support.USRC_General"/>
  <testcase name="CheckLogin" time="11.171" classname="CXS_Support.USRC_General"/>
  <testcase name="CheckLogin" time="7.623" classname="CXS_Support.USRC_General"/>
  <testcase name="CheckLogin" time="9.243" classname="CXS_Support.USRC_General"/>
  <testcase name="CheckLogin" time="30.010" classname="CXS_Support.USRC_General"/>
  <testcase name="CheckLogin" time="13.896" classname="CXS_Support.USRC_General"/>
  <testcase name="CheckLogin" time="27.251" classname="CXS_Support.USRC_General"/>
  <testcase name="CheckLogin" time="19.048" classname="CXS_Support.USRC_General"/>
  <testcase name="CheckLogin" time="10.905" classname="CXS_Support.USRC_General"/>
  <testcase name="CheckLogin" time="34.561" classname="CXS_Support.USRC_General"/>
  <testcase name="CheckLogin" time="8.133" classname="CXS_Support.USRC_General"/>
  <testcase name="CheckLogin" time="6.369" classname="CXS_Support.USRC_General"/>
  <testcase name="CheckLogin" time="13.343" classname="CXS_Support.USRC_General"/>
  <testcase name="CheckLogin" time="14.117" classname="CXS_Support.USRC_General"/>
  <testcase name="CheckLogin" time="12.496" classname="CXS_Support.USRC_General"/>
  <testcase name="CheckLogin" time="21.428" classname="CXS_Support.USRC_General"/>
  <testcase name="CheckLogin" time="13.942" classname="CXS_Support.USRC_General"/>
  <testcase name="CheckLogin" time="6.683" classname="CXS_Support.USRC_General"/>
  <testcase name="CheckLogin" time="46.201" classname="CXS_Support.USRC_General"/>
  <testcase name="CheckLogin" time="16.203" classname="CXS_Support.USRC_General"/>
  <testcase name="CheckLogin" time="3.775" classname="CXS_Support.USRC_General"/>
  <testcase name="CheckLogin" time="95.514" classname="CXS_Support.USRC_General"/>
  <testcase name="CheckLogin" time="8.210" classname="CXS_Support.USRC_General"/>
  <testcase name="CheckLogin" time="93.330" classname="CXS_Support.USRC_General"/>
  <testcase name="CheckLogin" time="75.599" classname="CXS_Support.USRC_General"/>
  <testcase name="CheckLogin" time="9.700" classname="CXS_Support.USRC_General"/>
  <testcase name="CheckLogin" time="17.759" classname="CXS_Support.USRC_General"/>
  <testcase name="CheckLogin" time="13.980" classname="CXS_Support.USRC_General"/>
  <testcase name="CheckLogin" time="8.772" classname="CXS_Support.USRC_General"/>
  <testcase name="CheckLogin" time="43.932" classname="CXS_Support.USRC_General"/>
  <testcase name="CheckLogin" time="6.965" classname="CXS_Support.USRC_General"/>
  <testcase name="CheckLogin" time="69.989" classname="CXS_Support.USRC_General"/>
  <testcase name="CheckLogin" time="12.288" classname="CXS_Support.USRC_General"/>
  <testcase name="CheckLogin" time="4.338" classname="CXS_Support.USRC_General"/>
  <testcase name="CheckLogin" time="13.435" classname="CXS_Support.USRC_General"/>
  <testcase name="CheckLogin" time="16.185" classname="CXS_Support.USRC_General"/>
  <testcase name="CheckLogin" time="3.617" classname="CXS_Support.USRC_General"/>
  <testcase name="CheckLogin" time="2.383" classname="CXS_Support.USRC_General"/>
  <testcase name="CheckLogin" time="111.967" classname="CXS_Support.USRC_General"/>
  <testcase name="CheckLogin" time="21.997" classname="CXS_Support.USRC_General"/>
  <testcase name="CheckLogin" time="51.674" classname="CXS_Support.USRC_General"/>
  <testcase name="CheckLogin" time="12.926" classname="CXS_Support.USRC_General"/>
  <testcase name="CheckLogin" time="30.544" classname="CXS_Support.USRC_General"/>
  <testcase name="CheckLogin" time="35.310" classname="CXS_Support.USRC_General"/>
  <testcase name="CheckLogin" time="22.599" classname="CXS_Support.USRC_General"/>
  <testcase name="CheckLogin" time="12.552" classname="CXS_Support.USRC_General"/>
  <testcase name="CheckLogin" time="4.087" classname="CXS_Support.USRC_General"/>
  <testcase name="CheckLogin" time="13.469" classname="CXS_Support.USRC_General"/>
  <testcase name="CheckLogin" time="48.478" classname="CXS_Support.USRC_General"/>
  <testcase name="CheckLogin" time="20.115" classname="CXS_Support.USRC_General"/>
  <testcase name="CheckLogin" time="28.077" classname="CXS_Support.USRC_General"/>
  <testcase name="CheckLogin" time="17.162" classname="CXS_Support.USRC_General"/>
  <testcase name="CheckLogin" time="8.900" classname="CXS_Support.USRC_General"/>
  <testcase name="CheckLogin" time="8.301" classname="CXS_Support.USRC_General"/>
  <testcase name="CheckLogin" time="15.278" classname="CXS_Support.USRC_General"/>
  <testcase name="CheckLogin" time="95.516" classname="CXS_Support.USRC_General"/>
  <testcase name="CheckLogin" time="9.181" classname="CXS_Support.USRC_General"/>
  <testcase name="CheckLogin" time="51.021" classname="CXS_Support.USRC_General"/>
  <testcase name="CheckLogin" time="15.495" classname="CXS_Support.USRC_General"/>
  <testcase name="CheckLogin" time="13.916" classname="CXS_Support.USRC_General"/>
  <testcase name="CheckLogin" time="43.468" classname="CXS_Support.USRC_General"/>
  <testcase name="CheckLogin" time="12.640" classname="CXS_Support.USRC_General"/>
  <testcase name="CheckLogin" time="11.470" classname="CXS_Support.USRC_General"/>
  <testcase name="CheckLogin" time="18.618" classname="CXS_Support.USRC_General"/>
  <testcase name="CheckLogin" time="7.826" classname="CXS_Support.USRC_General"/>
  <testcase name="CheckLogin" time="6.517" classname="CXS_Support.USRC_General"/>
  <testcase name="CheckLogin" time="25.404" classname="CXS_Support.USRC_General"/>
  <testcase name="CheckLogin" time="13.171" classname="CXS_Support.USRC_General"/>
  <testcase name="CheckLogin" time="30.293" classname="CXS_Support.USRC_General"/>
  <testcase name="CheckLogin" time="16.690" classname="CXS_Support.USRC_General"/>
  <testcase name="CheckLogin" time="13.373" classname="CXS_Support.USRC_General"/>
  <testcase name="CheckLogin" time="26.858" classname="CXS_Support.USRC_General"/>
  <testcase name="CheckLogin" time="26.158" classname="CXS_Support.USRC_General"/>
  <testcase name="CheckLogin" time="33.905" classname="CXS_Support.USRC_General"/>
  <testcase name="CheckLogin" time="26.145" classname="CXS_Support.USRC_General"/>
  <testcase name="CheckLogin" time="16.469" classname="CXS_Support.USRC_General"/>
  <testcase name="CheckLogin" time="6.421" classname="CXS_Support.USRC_General"/>
  <testcase name="CheckLogin" time="55.562" classname="CXS_Support.USRC_General"/>
  <testcase name="CheckLogin" time="23.054" classname="CXS_Support.USRC_General"/>
  <testcase name="CheckLogin" time="83.009" classname="CXS_Support.USRC_General"/>
  <testcase name="CheckLogin" time="23.263" classname="CXS_Support.USRC_General"/>
  <testcase name="CheckLogin" time="23.222" classname="CXS_Support.USRC_General"/>
  <testcase name="CheckLogin" time="40.080" classname="CXS_Support.USRC_General"/>
  <testcase name="CheckLogin" time="30.103" classname="CXS_Support.USRC_General"/>
  <testcase name="CheckLogin" time="9.333" classname="CXS_Support.USRC_General"/>
  <testcase name="CheckLogin" time="14.698" classname="CXS_Support.USRC_General"/>
  <testcase name="CheckLogin" time="12.640" classname="CXS_Support.USRC_General"/>
  <testcase name="CheckLogin" time="8.757" classname="CXS_Support.USRC_General"/>
  <testcase name="CheckLogin" time="11.038" classname="CXS_Support.USRC_General"/>
  <testcase name="CheckLogin" time="37.017" classname="CXS_Support.USRC_General"/>
  <testcase name="CheckLogin" time="10.318" classname="CXS_Support.USRC_General"/>
  <testcase name="CheckLogin" time="6.169" classname="CXS_Support.USRC_General"/>
  <testcase name="CheckLogin" time="8.169" classname="CXS_Support.USRC_General"/>
  <testcase name="CheckLogin" time="108.749" classname="CXS_Support.USRC_General"/>
  <testcase name="CheckLogin" time="53.219" classname="CXS_Support.USRC_General"/>
  <testcase name="CheckLogin" time="11.478" classname="CXS_Support.USRC_General"/>
  <testcase name="CheckLogin" time="14.512" classname="CXS_Support.USRC_General"/>
  <testcase name="CheckLogin" time="20.340" classname="CXS_Support.USRC_General"/>
  <testcase name="CheckLogin" time="3.917" classname="CXS_Support.USRC_General"/>
  <testcase name="CheckLogin" time="48.794" classname="CXS_Support.USRC_General"/>
  <testcase name="CheckLogin" time="27.938" classname="CXS_Support.USRC_General"/>
  <testcase name="CheckLogin" time="6.826" classname="CXS_Support.USRC_General"/>
  <testcase name="CheckLogin" time="53.673" classname="CXS_Support.USRC_General"/>
  <testcase name="CheckLogin" time="9.444" classname="CXS_Support.USRC_General"/>
  <testcase name="CheckLogin" time="13.952" classname="CXS_Support.USRC_General"/>
  <testcase name="CheckLogin" time="9.171" classname="CXS_Support.USRC_General"/>
  <testcase name="CheckLogin" time="41.620" classname="CXS_Support.USRC_General"/>
  <testcase name="CheckLogin" time="19.231" classname="CXS_Support.USRC_General"/>
  <testcase name="CheckLogin" time="17.036" classname="CXS_Support.USRC_General"/>
  <testcase name="CheckLogin" time="68.186" classname="CXS_Support.USRC_General"/>
  <testcase name="CheckLogin" time="52.541" classname="CXS_Support.USRC_General"/>
  <testcase name="CheckLogin" time="10.066" classname="CXS_Support.USRC_General"/>
  <testcase name="CheckLogin" time="24.307" classname="CXS_Support.USRC_General"/>
  <testcase name="CheckLogin" time="49.174" classname="CXS_Support.USRC_General"/>
  <testcase name="CheckLogin" time="25.152" classname="CXS_Support.USRC_General"/>
  <testcase name="CheckLogin" time="13.412" classname="CXS_Support.USRC_General"/>
  <testcase name="CheckLogin" time="3.077" classname="CXS_Support.USRC_General"/>
  <testcase name="CheckLogin" time="19.252" classname="CXS_Support.USRC_General"/>
  <testcase name="CheckLogin" time="14.286" classname="CXS_Support.USRC_General"/>
  <testcase name="CheckLogin" time="43.312" classname="CXS_Support.USRC_General"/>
  <testcase name="CheckLogin" time="12.064" classname="CXS_Support.USRC_General"/>
  <testcase name="CheckLogin" time="14.465" classname="CXS_Support.USRC_General"/>
  <testcase name="CheckLogin" time="4.110" classname="CXS_Support.USRC_General"/>
  <testcase name="CheckLogin" time="18.941" classname="CXS_Support.USRC_General"/>
  <testcase name="CheckLogin" time="16.334" classname="CXS_Support.USRC_General"/>
  <testcase name="CheckLogin" time="14.403" classname="CXS_Support.USRC_General"/>
  <testcase name="CheckLogin" time="11.994" classname="CXS_Support.USRC_General"/>
  <testcase name="CheckLogin" time="9.836" classname="CXS_Support.USRC_General"/>
  <testcase name="CheckLogin" time="21.850" classname="CXS_Support.USRC_General"/>
  <testcase name="CheckLogin" time="30.253" classname="CXS_Support.USRC_General"/>
  <testcase name="CheckLogin" time="16.262" classname="CXS_Support.USRC_General"/>
  <testcase name="CheckLogin" time="7.833" classname="CXS_Support.USRC_General"/>
  <testcase name="CheckLogin" time="58.186" classname="CXS_Support.USRC_General"/>
  <testcase name="CheckLogin" time="40.045" classname="CXS_Support.USRC_General"/>
  <testcase name="CheckLogin" time="12.859" classname="CXS_Support.USRC_General"/>
  <testcase name="CheckLogin" time="12.634" classname="CXS_Support.USRC_General"/>
  <testcase name="CheckLogin" time="10.631" classname="CXS_Support.USRC_General"/>
  <testcase name="CheckLogin" time="21.507" classname="CXS_Support.USRC_General"/>
  <testcase name="CheckLogin" time="13.799" classname="CXS_Support.USRC_General"/>
  <testcase name="CheckLogin" time="13.073" classname="CXS_Support.USRC_General"/>
  <testcase name="CheckLogin" time="38.431" classname="CXS_Support.USRC_General"/>
  <testcase name="CheckLogin" time="14.421" classname="CXS_Support.USRC_General"/>
  <testcase name="CheckLogin" time="14.403" classname="CXS_Support.USRC_General"/>
  <testcase name="CheckLogin" time="12.140" classname="CXS_Support.USRC_General"/>
  <testcase name="CheckLogin" time="10.895" classname="CXS_Support.USRC_General"/>
  <testcase name="CheckLogin" time="73.958" classname="CXS_Support.USRC_General"/>
  <testcase name="CheckLogin" time="13.850" classname="CXS_Support.USRC_General"/>
  <testcase name="CheckLogin" time="17.011" classname="CXS_Support.USRC_General"/>
  <testcase name="CheckLogin" time="25.988" classname="CXS_Support.USRC_General"/>
  <testcase name="CheckLogin" time="71.096" classname="CXS_Support.USRC_General"/>
  <testcase name="CheckLogin" time="27.614" classname="CXS_Support.USRC_General"/>
  <testcase name="CheckLogin" time="18.397" classname="CXS_Support.USRC_General"/>
  <testcase name="CheckLogin" time="17.579" classname="CXS_Support.USRC_General"/>
  <testcase name="CheckLogin" time="10.995" classname="CXS_Support.USRC_General"/>
  <testcase name="CheckLogin" time="22.470" classname="CXS_Support.USRC_General"/>
  <testcase name="CheckLogin" time="23.127" classname="CXS_Support.USRC_General"/>
  <testcase name="CheckLogin" time="3.241" classname="CXS_Support.USRC_General"/>
  <testcase name="CheckLogin" time="4.394" classname="CXS_Support.USRC_General"/>
  <testcase name="CheckLogin" time="21.064" classname="CXS_Support.USRC_General"/>
  <testcase name="CheckLogin" time="87.808" classname="CXS_Support.USRC_General"/>
  <testcase name="CheckLogin" time="5.071" classname="CXS_Support.USRC_General"/>
  <testcase name="CheckLogin" time="56.044" classname="CXS_Support.USRC_General"/>
  <testcase name="CheckLogin" time="11.060" classname="CXS_Support.USRC_General"/>
  <testcase name="CheckLogin" time="23.879" classname="CXS_Support.USRC_General"/>
  <testcase name="CheckLogin" time="23.308" classname="CXS_Support.USRC_General"/>
  <testcase name="CheckLogin" time="40.459" classname="CXS_Support.USRC_General"/>
  <testcase name="CheckLogin" time="20.194" classname="CXS_Support.USRC_General"/>
  <testcase name="CheckLogin" time="14.456" classname="CXS_Support.USRC_General"/>
  <testcase name="CheckLogin" time="21.950" classname="CXS_Support.USRC_General"/>
  <testcase name="CheckLogin" time="75.531" classname="CXS_Support.USRC_General"/>
  <testcase name="CheckLogin" time="17.863" classname="CXS_Support.USRC_General"/>
  <testcase name="CheckLogin" time="8.837" classname="CXS_Support.USRC_General"/>
  <testcase name="CheckLogin" time="5.389" classname="CXS_Support.USRC_General"/>
  <testcase name="CheckLogin" time="7.318" classname="CXS_Support.USRC_General"/>
  <testcase name="CheckLogin" time="44.270" classname="CXS_Support.USRC_General"/>
  <testcase name="CheckLogin" time="27.053" classname="CXS_Support.USRC_General"/>
  <testcase name="CheckLogin" time="13.510" classname="CXS_Support.USRC_General"/>
  <testcase name="CheckLogin" time="32.334" classname="CXS_Support.USRC_General"/>
  <testcase name="CheckLogin" time="18.268" classname="CXS_Support.USRC_General"/>
  <testcase name="CheckLogin" time="8.399" classname="CXS_Support.USRC_General"/>
  <testcase name="CheckLogin" time="24.688" classname="CXS_Support.USRC_General"/>
  <testcase name="CheckLogin" time="54.492" classname="CXS_Support.USRC_General"/>
  <testcase name="CheckLogin" time="5.814" classname="CXS_Support.USRC_General"/>
  <testcase name="CheckLogin" time="9.611" classname="CXS_Support.USRC_General"/>
  <testcase name="CheckLogin" time="8.163" classname="CXS_Support.USRC_General"/>
  <testcase name="CheckLogin" time="48.872" classname="CXS_Support.USRC_General"/>
  <testcase name="CheckLogin" time="6.316" classname="CXS_Support.USRC_General"/>
  <testcase name="CheckLogin" time="8.221" classname="CXS_Support.USRC_General"/>
  <testcase name="CheckLogin" time="121.474" classname="CXS_Support.USRC_General"/>
  <testcase name="CheckLogin" time="18.869" classname="CXS_Support.USRC_General"/>
  <testcase name="CheckLogin" time="11.211" classname="CXS_Support.USRC_General"/>
  <testcase name="CheckLogin" time="23.197" classname="CXS_Support.USRC_General"/>
  <testcase name="CheckLogin" time="25.165" classname="CXS_Support.USRC_General"/>
  <testcase name="CheckLogin" time="18.945" classname="CXS_Support.USRC_General"/>
  <testcase name="CheckLogin" time="37.324" classname="CXS_Support.USRC_General"/>
  <testcase name="CheckLogin" time="8.269" classname="CXS_Support.USRC_General"/>
  <testcase name="CheckLogin" time="7.188" classname="CXS_Support.USRC_General"/>
  <testcase name="CheckLogin" time="6.426" classname="CXS_Support.USRC_General"/>
  <testcase name="CheckLogin" time="9.009" classname="CXS_Support.USRC_General"/>
  <testcase name="CheckLogin" time="8.484" classname="CXS_Support.USRC_General"/>
  <testcase name="CheckLogin" time="18.885" classname="CXS_Support.USRC_General"/>
  <testcase name="CheckLogin" time="18.253" classname="CXS_Support.USRC_General"/>
  <testcase name="CheckLogin" time="6.386" classname="CXS_Support.USRC_General"/>
  <testcase name="CheckLogin" time="12.026" classname="CXS_Support.USRC_General"/>
  <testcase name="CheckLogin" time="15.769" classname="CXS_Support.USRC_General"/>
  <testcase name="CheckLogin" time="23.343" classname="CXS_Support.USRC_General"/>
  <testcase name="CheckLogin" time="38.513" classname="CXS_Support.USRC_General"/>
  <testcase name="CheckLogin" time="6.952" classname="CXS_Support.USRC_General"/>
  <testcase name="CheckLogin" time="12.717" classname="CXS_Support.USRC_General"/>
  <testcase name="CheckLogin" time="11.887" classname="CXS_Support.USRC_General"/>
  <testcase name="CheckLogin" time="21.968" classname="CXS_Support.USRC_General"/>
  <testcase name="CheckLogin" time="7.352" classname="CXS_Support.USRC_General"/>
  <testcase name="CheckLogin" time="34.519" classname="CXS_Support.USRC_General"/>
  <testcase name="CheckLogin" time="9.388" classname="CXS_Support.USRC_General"/>
  <testcase name="CheckLogin" time="49.117" classname="CXS_Support.USRC_General"/>
  <testcase name="CheckLogin" time="74.247" classname="CXS_Support.USRC_General"/>
  <testcase name="CheckLogin" time="59.818" classname="CXS_Support.USRC_General"/>
  <testcase name="CheckLogin" time="4.221" classname="CXS_Support.USRC_General"/>
  <testcase name="CheckLogin" time="10.027" classname="CXS_Support.USRC_General"/>
  <testcase name="CheckLogin" time="32.829" classname="CXS_Support.USRC_General"/>
  <testcase name="CheckLogin" time="24.985" classname="CXS_Support.USRC_General"/>
  <testcase name="CheckLogin" time="12.420" classname="CXS_Support.USRC_General"/>
  <testcase name="CheckLogin" time="21.977" classname="CXS_Support.USRC_General"/>
  <testcase name="CheckLogin" time="25.824" classname="CXS_Support.USRC_General"/>
  <testcase name="CheckLogin" time="38.730" classname="CXS_Support.USRC_General"/>
  <testcase name="CheckLogin" time="7.978" classname="CXS_Support.USRC_General"/>
  <testcase name="CheckLogin" time="19.739" classname="CXS_Support.USRC_General"/>
  <testcase name="CheckLogin" time="22.767" classname="CXS_Support.USRC_General"/>
  <testcase name="CheckLogin" time="28.365" classname="CXS_Support.USRC_General"/>
  <testcase name="CheckLogin" time="6.560" classname="CXS_Support.USRC_General"/>
  <testcase name="CheckLogin" time="23.188" classname="CXS_Support.USRC_General"/>
  <testcase name="CheckLogin" time="30.028" classname="CXS_Support.USRC_General"/>
  <testcase name="CheckLogin" time="23.755" classname="CXS_Support.USRC_General"/>
  <testcase name="CheckLogin" time="49.955" classname="CXS_Support.USRC_General"/>
  <testcase name="CheckLogin" time="4.287" classname="CXS_Support.USRC_General"/>
  <testcase name="CheckLogin" time="11.469" classname="CXS_Support.USRC_General"/>
  <testcase name="CheckLogin" time="5.764" classname="CXS_Support.USRC_General"/>
  <testcase name="CheckLogin" time="13.110" classname="CXS_Support.USRC_General"/>
  <testcase name="CheckLogin" time="19.126" classname="CXS_Support.USRC_General"/>
  <testcase name="CheckLogin" time="27.763" classname="CXS_Support.USRC_General"/>
  <testcase name="CheckLogin" time="3.837" classname="CXS_Support.USRC_General"/>
  <testcase name="CheckLogin" time="20.388" classname="CXS_Support.USRC_General"/>
  <testcase name="CheckLogin" time="8.698" classname="CXS_Support.USRC_General"/>
  <testcase name="CheckLogin" time="11.709" classname="CXS_Support.USRC_General"/>
  <testcase name="CheckLogin" time="21.846" classname="CXS_Support.USRC_General"/>
  <testcase name="CheckLogin" time="9.287" classname="CXS_Support.USRC_General"/>
  <testcase name="CheckLogin" time="100.414" classname="CXS_Support.USRC_General"/>
  <testcase name="CheckLogin" time="5.580" classname="CXS_Support.USRC_General"/>
  <testcase name="CheckLogin" time="15.010" classname="CXS_Support.USRC_General"/>
  <testcase name="CheckLogin" time="26.543" classname="CXS_Support.USRC_General"/>
  <testcase name="CheckLogin" time="14.051" classname="CXS_Support.USRC_General"/>
  <testcase name="CheckLogin" time="6.242" classname="CXS_Support.USRC_General"/>
  <testcase name="CheckLogin" time="9.414" classname="CXS_Support.USRC_General"/>
  <testcase name="CheckLogin" time="9.650" classname="CXS_Support.USRC_General"/>
  <testcase name="CheckLogin" time="28.650" classname="CXS_Support.USRC_General"/>
  <testcase name="CheckLogin" time="32.351" classname="CXS_Support.USRC_General"/>
  <testcase name="CheckLogin" time="5.014" classname="CXS_Support.USRC_General"/>
  <testcase name="CheckLogin" time="17.870" classname="CXS_Support.USRC_General"/>
  <testcase name="CheckLogin" time="23.511" classname="CXS_Support.USRC_General"/>
  <testcase name="CheckLogin" time="15.063" classname="CXS_Support.USRC_General"/>
  <testcase name="CheckLogin" time="19.128" classname="CXS_Support.USRC_General"/>
  <testcase name="CheckLogin" time="29.768" classname="CXS_Support.USRC_General"/>
  <testcase name="CheckLogin" time="57.873" classname="CXS_Support.USRC_General"/>
  <testcase name="CheckLogin" time="18.649" classname="CXS_Support.USRC_General"/>
  <testcase name="CheckLogin" time="16.632" classname="CXS_Support.USRC_General"/>
  <testcase name="CheckLogin" time="15.800" classname="CXS_Support.USRC_General"/>
  <testcase name="CheckLogin" time="24.273" classname="CXS_Support.USRC_General"/>
  <testcase name="CheckLogin" time="38.882" classname="CXS_Support.USRC_General"/>
  <testcase name="CheckLogin" time="5.464" classname="CXS_Support.USRC_General"/>
  <testcase name="CheckLogin" time="12.777" classname="CXS_Support.USRC_General"/>
  <testcase name="CheckLogin" time="45.602" classname="CXS_Support.USRC_General"/>
  <testcase name="CheckLogin" time="16.422" classname="CXS_Support.USRC_General"/>
  <testcase name="CheckLogin" time="6.596" classname="CXS_Support.USRC_General"/>
  <testcase name="CheckLogin" time="4.798" classname="CXS_Support.USRC_General"/>
  <testcase name="CheckLogin" time="3.871" classname="CXS_Support.USRC_General"/>
  <testcase name="CheckLogin" time="42.854" classname="CXS_Support.USRC_General"/>
  <testcase name="CheckLogin" time="19.916" classname="CXS_Support.USRC_General"/>
  <testcase name="CheckLogin" time="45.165" classname="CXS_Support.USRC_General"/>
  <testcase name="CheckLogin" time="12.114" classname="CXS_Support.USRC_General"/>
  <testcase name="CheckLogin" time="61.068" classname="CXS_Support.USRC_General"/>
  <testcase name="CheckLogin" time="6.335" classname="CXS_Support.USRC_General"/>
  <testcase name="CheckLogin" time="28.859" classname="CXS_Support.USRC_General"/>
  <testcase name="CheckLogin" time="9.955" classname="CXS_Support.USRC_General"/>
  <testcase name="CheckLogin" time="16.658" classname="CXS_Support.USRC_General"/>
  <testcase name="CheckLogin" time="15.324" classname="CXS_Support.USRC_General"/>
  <testcase name="CheckLogin" time="19.341" classname="CXS_Support.USRC_General"/>
  <testcase name="CheckLogin" time="9.806" classname="CXS_Support.USRC_General"/>
  <testcase name="CheckLogin" time="19.307" classname="CXS_Support.USRC_General"/>
  <testcase name="CheckLogin" time="12.765" classname="CXS_Support.USRC_General"/>
  <testcase name="CheckLogin" time="10.161" classname="CXS_Support.USRC_General"/>
  <testcase name="CheckLogin" time="11.544" classname="CXS_Support.USRC_General"/>
  <testcase name="CheckLogin" time="10.706" classname="CXS_Support.USRC_General"/>
  <testcase name="CheckLogin" time="22.947" classname="CXS_Support.USRC_General"/>
  <testcase name="CheckLogin" time="9.854" classname="CXS_Support.USRC_General"/>
  <testcase name="CheckLogin" time="6.900" classname="CXS_Support.USRC_General"/>
  <testcase name="CheckLogin" time="19.241" classname="CXS_Support.USRC_General"/>
  <testcase name="CheckLogin" time="7.767" classname="CXS_Support.USRC_General"/>
  <testcase name="CheckLogin" time="17.835" classname="CXS_Support.USRC_General"/>
  <testcase name="CheckLogin" time="30.085" classname="CXS_Support.USRC_General"/>
  <testcase name="CheckLogin" time="48.153" classname="CXS_Support.USRC_General"/>
  <testcase name="CheckLogin" time="53.902" classname="CXS_Support.USRC_General"/>
  <testcase name="CheckLogin" time="38.239" classname="CXS_Support.USRC_General"/>
  <testcase name="CheckLogin" time="4.619" classname="CXS_Support.USRC_General"/>
  <testcase name="CheckLogin" time="68.846" classname="CXS_Support.USRC_General"/>
  <testcase name="CheckLogin" time="16.248" classname="CXS_Support.USRC_General"/>
  <testcase name="CheckLogin" time="12.276" classname="CXS_Support.USRC_General"/>
  <testcase name="CheckLogin" time="11.159" classname="CXS_Support.USRC_General"/>
  <testcase name="CheckLogin" time="24.265" classname="CXS_Support.USRC_General"/>
  <testcase name="CheckLogin" time="8.822" classname="CXS_Support.USRC_General"/>
  <testcase name="CheckLogin" time="24.569" classname="CXS_Support.USRC_General"/>
  <testcase name="CheckLogin" time="26.015" classname="CXS_Support.USRC_General"/>
  <testcase name="CheckLogin" time="19.688" classname="CXS_Support.USRC_General"/>
  <testcase name="CheckLogin" time="11.828" classname="CXS_Support.USRC_General"/>
  <testcase name="CheckLogin" time="14.102" classname="CXS_Support.USRC_General"/>
  <testcase name="CheckLogin" time="12.144" classname="CXS_Support.USRC_General"/>
  <testcase name="CheckLogin" time="10.003" classname="CXS_Support.USRC_General"/>
  <testcase name="CheckLogin" time="21.523" classname="CXS_Support.USRC_General"/>
  <testcase name="CheckLogin" time="12.936" classname="CXS_Support.USRC_General"/>
  <testcase name="CheckLogin" time="17.276" classname="CXS_Support.USRC_General"/>
  <testcase name="CheckLogin" time="7.007" classname="CXS_Support.USRC_General"/>
  <testcase name="CheckLogin" time="33.462" classname="CXS_Support.USRC_General"/>
  <testcase name="CheckLogin" time="3.528" classname="CXS_Support.USRC_General"/>
  <testcase name="CheckLogin" time="7.862" classname="CXS_Support.USRC_General"/>
  <testcase name="CheckLogin" time="8.531" classname="CXS_Support.USRC_General"/>
  <testcase name="CheckLogin" time="5.811" classname="CXS_Support.USRC_General"/>
  <testcase name="CheckLogin" time="13.000" classname="CXS_Support.USRC_General"/>
  <testcase name="CheckLogin" time="94.440" classname="CXS_Support.USRC_General"/>
  <testcase name="CheckLogin" time="8.234" classname="CXS_Support.USRC_General"/>
  <testcase name="CheckLogin" time="12.171" classname="CXS_Support.USRC_General"/>
  <testcase name="CheckLogin" time="8.540" classname="CXS_Support.USRC_General"/>
  <testcase name="CheckLogin" time="18.153" classname="CXS_Support.USRC_General"/>
  <testcase name="CheckLogin" time="9.204" classname="CXS_Support.USRC_General"/>
  <testcase name="CheckLogin" time="7.200" classname="CXS_Support.USRC_General"/>
  <testcase name="CheckLogin" time="29.243" classname="CXS_Support.USRC_General"/>
  <testcase name="CheckLogin" time="3.484" classname="CXS_Support.USRC_General"/>
  <testcase name="CheckLogin" time="30.750" classname="CXS_Support.USRC_General"/>
  <testcase name="CheckLogin" time="9.497" classname="CXS_Support.USRC_General"/>
  <testcase name="CheckLogin" time="35.217" classname="CXS_Support.USRC_General"/>
  <testcase name="CheckLogin" time="18.466" classname="CXS_Support.USRC_General"/>
  <testcase name="CheckLogin" time="18.257" classname="CXS_Support.USRC_General"/>
  <testcase name="CheckLogin" time="28.861" classname="CXS_Support.USRC_General"/>
  <testcase name="CheckLogin" time="13.047" classname="CXS_Support.USRC_General"/>
  <testcase name="CheckLogin" time="10.679" classname="CXS_Support.USRC_General"/>
  <testcase name="CheckLogin" time="27.294" classname="CXS_Support.USRC_General"/>
  <testcase name="CheckLogin" time="2.647" classname="CXS_Support.USRC_General"/>
  <testcase name="CheckLogin" time="16.376" classname="CXS_Support.USRC_General"/>
  <testcase name="CheckLogin" time="17.850" classname="CXS_Support.USRC_General"/>
  <testcase name="CheckLogin" time="7.480" classname="CXS_Support.USRC_General"/>
  <testcase name="CheckLogin" time="11.080" classname="CXS_Support.USRC_General"/>
  <testcase name="CheckLogin" time="8.746" classname="CXS_Support.USRC_General"/>
  <testcase name="CheckLogin" time="13.248" classname="CXS_Support.USRC_General"/>
  <testcase name="CheckLogin" time="22.904" classname="CXS_Support.USRC_General"/>
  <testcase name="CheckLogin" time="29.382" classname="CXS_Support.USRC_General"/>
  <testcase name="CheckLogin" time="54.598" classname="CXS_Support.USRC_General"/>
  <testcase name="CheckLogin" time="6.977" classname="CXS_Support.USRC_General"/>
  <testcase name="CheckLogin" time="51.256" classname="CXS_Support.USRC_General"/>
  <testcase name="CheckLogin" time="22.567" classname="CXS_Support.USRC_General"/>
  <testcase name="CheckLogin" time="23.318" classname="CXS_Support.USRC_General"/>
  <testcase name="CheckLogin" time="33.787" classname="CXS_Support.USRC_General"/>
  <testcase name="CheckLogin" time="31.165" classname="CXS_Support.USRC_General"/>
  <testcase name="CheckIfUserInvalidLogin" classname="CXS_Support.USRC_General">
    <skipped/>
  </testcase> <!-- CheckIfUserInvalidLogin -->
  <testcase name="CreateUsers" classname="CXS_Support.USRC_General">
    <skipped/>
  </testcase> <!-- CreateUsers -->
  <testcase name="UpdateValue" classname="CXS_Support.USRC_General">
    <skipped/>
  </testcase> <!-- UpdateValue -->
  <testcase name="Check_FDM_Status" classname="CXS_Support.USRC_General">
    <skipped/>
  </testcase> <!-- Check_FDM_Status -->
  <testcase name="CreateUsers_AddressDetails" classname="CXS_Support.USRC_General">
    <skipped/>
  </testcase> <!-- CreateUsers_AddressDetails -->
</testsuite> <!-- CXS_Support.USRC_General -->
