<?xml version="1.0" encoding="UTF-8"?>
<!-- Generated by org.testng.reporters.JUnitReportReporter -->
<testsuite skipped="2" hostname="WTC-5159473-l2" name="USRC_Application.USRC_TestData_Update" tests="6" failures="0" timestamp="07 May 2019 21:20:35 GMT" time="33.753" errors="0">
  <testcase name="CheckLogin" time="8.781" classname="USRC_Application.USRC_TestData_Update"/>
  <testcase name="CheckLogin" time="7.358" classname="USRC_Application.USRC_TestData_Update"/>
  <testcase name="CheckLogin" time="8.282" classname="USRC_Application.USRC_TestData_Update"/>
  <testcase name="CheckLogin" time="9.332" classname="USRC_Application.USRC_TestData_Update"/>
  <testcase name="CheckMigration" classname="USRC_Application.USRC_TestData_Update">
    <skipped/>
  </testcase> <!-- CheckMigration -->
  <testcase name="UpdateUser" classname="USRC_Application.USRC_TestData_Update">
    <skipped/>
  </testcase> <!-- UpdateUser -->
</testsuite> <!-- USRC_Application.USRC_TestData_Update -->
