<?xml version="1.0" encoding="UTF-8"?>
<!-- Generated by org.testng.reporters.JUnitReportReporter -->
<testsuite skipped="0" hostname="WTC-5159473-l2" name="WIDM_Application.WIDM_SmokeTest" tests="9" failures="0" timestamp="31 May 2019 00:13:40 GMT" time="925.166" errors="0">
  <testcase name="WIDM_Login" time="114.412" classname="WIDM_Application.WIDM_SmokeTest"/>
  <testcase name="WIDM_ResetPasswordSecret" time="136.982" classname="WIDM_Application.WIDM_SmokeTest"/>
  <testcase name="WIDM_RegistrationEFWS" time="94.480" classname="WIDM_Application.WIDM_SmokeTest"/>
  <testcase name="WIDM_Registration_ErrorMessages" time="136.316" classname="WIDM_Application.WIDM_SmokeTest"/>
  <testcase name="WIDM_ForgotUserID" time="74.614" classname="WIDM_Application.WIDM_SmokeTest"/>
  <testcase name="WIDM_Login" time="154.104" classname="WIDM_Application.WIDM_SmokeTest"/>
  <testcase name="AAAUserCreate_Email_As_UserId" time="6.691" classname="WIDM_Application.WIDM_SmokeTest"/>
  <testcase name="WIDM_Registration" time="116.629" classname="WIDM_Application.WIDM_SmokeTest"/>
  <testcase name="WIDM_ResetPassword_Email" time="90.938" classname="WIDM_Application.WIDM_SmokeTest"/>
</testsuite> <!-- WIDM_Application.WIDM_SmokeTest -->
