<?xml version="1.0" encoding="UTF-8"?>
<!-- Generated by org.testng.reporters.JUnitReportReporter -->
<testsuite skipped="4" hostname="WTC-5159473-l2" name="USRC_Application.USRC_General" tests="6" failures="0" timestamp="23 May 2019 17:28:25 GMT" time="34.064" errors="1">
  <testcase name="CreateUsers_User_Data" time="22.005" classname="USRC_Application.USRC_General">
    <error type="java.lang.NullPointerException">
      <![CDATA[java.lang.NullPointerException
at USRC_Application.USRC_General.CreateUsers_User_Data(USRC_General.java:178)
at sun.reflect.NativeMethodAccessorImpl.invoke0(Native Method)
at sun.reflect.NativeMethodAccessorImpl.invoke(Unknown Source)
at sun.reflect.DelegatingMethodAccessorImpl.invoke(Unknown Source)
at java.lang.reflect.Method.invoke(Unknown Source)
at org.testng.internal.MethodInvocationHelper.invokeMethod(MethodInvocationHelper.java:124)
at org.testng.internal.Invoker.invokeMethod(Invoker.java:580)
at org.testng.internal.Invoker.invokeTestMethod(Invoker.java:716)
at org.testng.internal.TestMethodWithDataProviderMethodWorker.call(TestMethodWithDataProviderMethodWorker.java:71)
at org.testng.internal.TestMethodWithDataProviderMethodWorker.call(TestMethodWithDataProviderMethodWorker.java:14)
at java.util.concurrent.FutureTask.run(Unknown Source)
at java.util.concurrent.Executors$RunnableAdapter.call(Unknown Source)
at java.util.concurrent.FutureTask.run(Unknown Source)
at java.util.concurrent.ThreadPoolExecutor.runWorker(Unknown Source)
at java.util.concurrent.ThreadPoolExecutor$Worker.run(Unknown Source)
at java.lang.Thread.run(Unknown Source)
]]>
    </error>
  </testcase> <!-- CreateUsers_User_Data -->
  <testcase name="CreateUsers_User_Data" time="12.059" classname="USRC_Application.USRC_General"/>
  <testcase name="CheckLogin" classname="USRC_Application.USRC_General">
    <skipped/>
  </testcase> <!-- CheckLogin -->
  <testcase name="CreateUsers_AddressDetails" classname="USRC_Application.USRC_General">
    <skipped/>
  </testcase> <!-- CreateUsers_AddressDetails -->
  <testcase name="CreateUsers" classname="USRC_Application.USRC_General">
    <skipped/>
  </testcase> <!-- CreateUsers -->
  <testcase name="UpdateUserContactInformation" classname="USRC_Application.USRC_General">
    <skipped/>
  </testcase> <!-- UpdateUserContactInformation -->
</testsuite> <!-- USRC_Application.USRC_General -->
