<?xml version="1.0" encoding="UTF-8"?>
<!-- Generated by org.testng.reporters.JUnitReportReporter -->
<testsuite skipped="0" hostname="WTC-5159473-l2" name="Mission_Critical.WFCL_SmokeTest" tests="1" failures="0" timestamp="14 Feb 2019 15:11:21 GMT" time="63.236" errors="0">
  <testcase name="UserRegistration" time="63.236" classname="Mission_Critical.WFCL_SmokeTest"/>
</testsuite> <!-- Mission_Critical.WFCL_SmokeTest -->
