<?xml version="1.0" encoding="UTF-8"?>
<!-- Generated by org.testng.reporters.JUnitReportReporter -->
<testsuite skipped="5" hostname="WTC-5159473-l2" name="Mission_Critical.MC_PI_4" tests="26" failures="0" timestamp="14 May 2019 21:39:12 GMT" time="1368.772" errors="0">
  <testcase name="WFCL_Rewards_AEM_Link" time="50.891" classname="Mission_Critical.MC_PI_4"/>
  <testcase name="WFCL_Rewards_AEM_Link" time="39.045" classname="Mission_Critical.MC_PI_4"/>
  <testcase name="WFCL_Rewards_AEM_Link" time="88.042" classname="Mission_Critical.MC_PI_4"/>
  <testcase name="WFCL_Rewards_AEM_Link" time="113.762" classname="Mission_Critical.MC_PI_4"/>
  <testcase name="WFCL_Rewards_AEM_Link" time="33.608" classname="Mission_Critical.MC_PI_4"/>
  <testcase name="WFCL_Rewards_AEM_Link" time="79.478" classname="Mission_Critical.MC_PI_4"/>
  <testcase name="WFCL_Rewards_AEM_Link" time="99.877" classname="Mission_Critical.MC_PI_4"/>
  <testcase name="WFCL_Rewards_AEM_Link" time="71.730" classname="Mission_Critical.MC_PI_4"/>
  <testcase name="WFCL_Rewards_AEM_Link" time="34.147" classname="Mission_Critical.MC_PI_4"/>
  <testcase name="WFCL_Rewards_AEM_Link" time="107.828" classname="Mission_Critical.MC_PI_4"/>
  <testcase name="WFCL_Rewards_AEM_Link" time="70.943" classname="Mission_Critical.MC_PI_4"/>
  <testcase name="WFCL_Rewards_AEM_Link" time="83.236" classname="Mission_Critical.MC_PI_4"/>
  <testcase name="WFCL_Rewards_AEM_Link" time="59.299" classname="Mission_Critical.MC_PI_4"/>
  <testcase name="WFCL_Rewards_AEM_Link" time="95.337" classname="Mission_Critical.MC_PI_4"/>
  <testcase name="WFCL_Rewards_AEM_Link" time="93.894" classname="Mission_Critical.MC_PI_4"/>
  <testcase name="WFCL_Rewards_AEM_Link" time="45.346" classname="Mission_Critical.MC_PI_4"/>
  <testcase name="WFCL_Rewards_AEM_Link" time="89.124" classname="Mission_Critical.MC_PI_4"/>
  <testcase name="WFCL_Rewards_AEM_Link" time="15.362" classname="Mission_Critical.MC_PI_4"/>
  <testcase name="WFCL_Rewards_AEM_Link" time="44.520" classname="Mission_Critical.MC_PI_4"/>
  <testcase name="WFCL_Rewards_AEM_Link" time="22.883" classname="Mission_Critical.MC_PI_4"/>
  <testcase name="WFCL_Rewards_AEM_Link" time="30.420" classname="Mission_Critical.MC_PI_4"/>
  <testcase name="WFCL_Rewards_APAC_AND_LAC_Country_Field" classname="Mission_Critical.MC_PI_4">
    <skipped/>
  </testcase> <!-- WFCL_Rewards_APAC_AND_LAC_Country_Field -->
  <testcase name="WFCL_Rewards_Logout" classname="Mission_Critical.MC_PI_4">
    <skipped/>
  </testcase> <!-- WFCL_Rewards_Logout -->
  <testcase name="WFCL_Rewards_Registration_APAC_AND_LAC_Mismatch" classname="Mission_Critical.MC_PI_4">
    <skipped/>
  </testcase> <!-- WFCL_Rewards_Registration_APAC_AND_LAC_Mismatch -->
  <testcase name="WFCL_Rewards_Registration_APAC_AND_LAC" classname="Mission_Critical.MC_PI_4">
    <skipped/>
  </testcase> <!-- WFCL_Rewards_Registration_APAC_AND_LAC -->
  <testcase name="WFCL_Rewards_Login_APAC_AND_LAC" classname="Mission_Critical.MC_PI_4">
    <skipped/>
  </testcase> <!-- WFCL_Rewards_Login_APAC_AND_LAC -->
</testsuite> <!-- Mission_Critical.MC_PI_4 -->
