<?xml version="1.0" encoding="UTF-8"?>
<!-- Generated by org.testng.reporters.JUnitReportReporter -->
<testsuite skipped="0" hostname="WTC-5159473-l2" name="WIDM_Application.WIDM_SmokeTest" tests="6" failures="1" timestamp="11 Apr 2019 21:04:44 GMT" time="725.407" errors="0">
  <testcase name="WIDM_ForgotUserID" time="30.200" classname="WIDM_Application.WIDM_SmokeTest"/>
  <testcase name="WIDM_Registration" time="83.488" classname="WIDM_Application.WIDM_SmokeTest"/>
  <testcase name="WIDM_RegistrationEFWS" time="171.332" classname="WIDM_Application.WIDM_SmokeTest"/>
  <testcase name="WIDM_ResetPasswordSecret" time="221.764" classname="WIDM_Application.WIDM_SmokeTest"/>
  <testcase name="WIDM_ResetPassword_Email" time="84.451" classname="WIDM_Application.WIDM_SmokeTest">
    <failure type="java.lang.AssertionError" message="expected [true] but found [false]">
      <![CDATA[java.lang.AssertionError: expected [true] but found [false]
at org.testng.Assert.fail(Assert.java:96)
at org.testng.Assert.failNotEquals(Assert.java:776)
at org.testng.Assert.assertTrue(Assert.java:44)
at org.testng.Assert.assertTrue(Assert.java:54)
at WIDM_Application.WIDM_SmokeTest.WIDM_ResetPassword_Email(WIDM_SmokeTest.java:126)
at sun.reflect.NativeMethodAccessorImpl.invoke0(Native Method)
at sun.reflect.NativeMethodAccessorImpl.invoke(Unknown Source)
at sun.reflect.DelegatingMethodAccessorImpl.invoke(Unknown Source)
at java.lang.reflect.Method.invoke(Unknown Source)
at org.testng.internal.MethodInvocationHelper.invokeMethod(MethodInvocationHelper.java:124)
at org.testng.internal.Invoker.invokeMethod(Invoker.java:580)
at org.testng.internal.Invoker.invokeTestMethod(Invoker.java:716)
at org.testng.internal.TestMethodWithDataProviderMethodWorker.call(TestMethodWithDataProviderMethodWorker.java:71)
at org.testng.internal.TestMethodWithDataProviderMethodWorker.call(TestMethodWithDataProviderMethodWorker.java:14)
at java.util.concurrent.FutureTask.run(Unknown Source)
at java.util.concurrent.Executors$RunnableAdapter.call(Unknown Source)
at java.util.concurrent.FutureTask.run(Unknown Source)
at java.util.concurrent.ThreadPoolExecutor.runWorker(Unknown Source)
at java.util.concurrent.ThreadPoolExecutor$Worker.run(Unknown Source)
at java.lang.Thread.run(Unknown Source)
]]>
    </failure>
  </testcase> <!-- WIDM_ResetPassword_Email -->
  <testcase name="WIDM_Registration_ErrorMessages" time="134.172" classname="WIDM_Application.WIDM_SmokeTest"/>
</testsuite> <!-- WIDM_Application.WIDM_SmokeTest -->
