<?xml version="1.0" encoding="UTF-8"?>
<!-- Generated by org.testng.reporters.JUnitReportReporter -->
<testsuite skipped="0" hostname="WTC-5159473-l2" name="Mission_Critical.WIDM_SmokeTest" tests="6" failures="0" timestamp="22 Feb 2019 22:53:21 GMT" time="962.071" errors="0">
  <testcase name="WIDM_Registration" time="204.075" classname="Mission_Critical.WIDM_SmokeTest"/>
  <testcase name="WIDM_RegistrationEFWS" time="141.250" classname="Mission_Critical.WIDM_SmokeTest"/>
  <testcase name="ResetPasswordWIDM_Email" time="173.164" classname="Mission_Critical.WIDM_SmokeTest"/>
  <testcase name="WIDM_ForgotUserID" time="65.519" classname="Mission_Critical.WIDM_SmokeTest"/>
  <testcase name="WIDM_Registration_ErrorMessages" time="162.464" classname="Mission_Critical.WIDM_SmokeTest"/>
  <testcase name="WIDM_ResetPasswordSecret" time="215.599" classname="Mission_Critical.WIDM_SmokeTest"/>
</testsuite> <!-- Mission_Critical.WIDM_SmokeTest -->
