<?xml version="1.0" encoding="UTF-8"?>
<!-- Generated by org.testng.reporters.JUnitReportReporter -->
<testsuite skipped="1" hostname="WTC-5159473-l2" name="SupportClasses.Account_Lookup" tests="1514" failures="0" timestamp="14 May 2019 19:14:12 GMT" time="13469.373" errors="0">
  <testcase name="Update_Account_Details" time="6.539" classname="SupportClasses.Account_Lookup"/>
  <testcase name="Update_Account_Details" time="7.084" classname="SupportClasses.Account_Lookup"/>
  <testcase name="Update_Account_Details" time="8.206" classname="SupportClasses.Account_Lookup"/>
  <testcase name="Update_Account_Details" time="6.794" classname="SupportClasses.Account_Lookup"/>
  <testcase name="Update_Account_Details" time="7.551" classname="SupportClasses.Account_Lookup"/>
  <testcase name="Update_Account_Details" time="9.327" classname="SupportClasses.Account_Lookup"/>
  <testcase name="Update_Account_Details" time="5.878" classname="SupportClasses.Account_Lookup"/>
  <testcase name="Update_Account_Details" time="6.073" classname="SupportClasses.Account_Lookup"/>
  <testcase name="Update_Account_Details" time="6.022" classname="SupportClasses.Account_Lookup"/>
  <testcase name="Update_Account_Details" time="6.866" classname="SupportClasses.Account_Lookup"/>
  <testcase name="Update_Account_Details" time="14.021" classname="SupportClasses.Account_Lookup"/>
  <testcase name="Update_Account_Details" time="18.512" classname="SupportClasses.Account_Lookup"/>
  <testcase name="Update_Account_Details" time="13.507" classname="SupportClasses.Account_Lookup"/>
  <testcase name="Update_Account_Details" time="14.745" classname="SupportClasses.Account_Lookup"/>
  <testcase name="Update_Account_Details" time="9.861" classname="SupportClasses.Account_Lookup"/>
  <testcase name="Update_Account_Details" time="7.416" classname="SupportClasses.Account_Lookup"/>
  <testcase name="Update_Account_Details" time="12.129" classname="SupportClasses.Account_Lookup"/>
  <testcase name="Update_Account_Details" time="13.271" classname="SupportClasses.Account_Lookup"/>
  <testcase name="Update_Account_Details" time="6.383" classname="SupportClasses.Account_Lookup"/>
  <testcase name="Update_Account_Details" time="12.642" classname="SupportClasses.Account_Lookup"/>
  <testcase name="Update_Account_Details" time="9.397" classname="SupportClasses.Account_Lookup"/>
  <testcase name="Update_Account_Details" time="5.843" classname="SupportClasses.Account_Lookup"/>
  <testcase name="Update_Account_Details" time="7.388" classname="SupportClasses.Account_Lookup"/>
  <testcase name="Update_Account_Details" time="9.118" classname="SupportClasses.Account_Lookup"/>
  <testcase name="Update_Account_Details" time="5.492" classname="SupportClasses.Account_Lookup"/>
  <testcase name="Update_Account_Details" time="7.335" classname="SupportClasses.Account_Lookup"/>
  <testcase name="Update_Account_Details" time="15.066" classname="SupportClasses.Account_Lookup"/>
  <testcase name="Update_Account_Details" time="6.803" classname="SupportClasses.Account_Lookup"/>
  <testcase name="Update_Account_Details" time="6.614" classname="SupportClasses.Account_Lookup"/>
  <testcase name="Update_Account_Details" time="6.771" classname="SupportClasses.Account_Lookup"/>
  <testcase name="Update_Account_Details" time="5.669" classname="SupportClasses.Account_Lookup"/>
  <testcase name="Update_Account_Details" time="8.520" classname="SupportClasses.Account_Lookup"/>
  <testcase name="Update_Account_Details" time="12.033" classname="SupportClasses.Account_Lookup"/>
  <testcase name="Update_Account_Details" time="8.601" classname="SupportClasses.Account_Lookup"/>
  <testcase name="Update_Account_Details" time="7.085" classname="SupportClasses.Account_Lookup"/>
  <testcase name="Update_Account_Details" time="8.691" classname="SupportClasses.Account_Lookup"/>
  <testcase name="Update_Account_Details" time="16.201" classname="SupportClasses.Account_Lookup"/>
  <testcase name="Update_Account_Details" time="5.967" classname="SupportClasses.Account_Lookup"/>
  <testcase name="Update_Account_Details" time="6.792" classname="SupportClasses.Account_Lookup"/>
  <testcase name="Update_Account_Details" time="9.291" classname="SupportClasses.Account_Lookup"/>
  <testcase name="Update_Account_Details" time="7.768" classname="SupportClasses.Account_Lookup"/>
  <testcase name="Update_Account_Details" time="7.616" classname="SupportClasses.Account_Lookup"/>
  <testcase name="Update_Account_Details" time="9.032" classname="SupportClasses.Account_Lookup"/>
  <testcase name="Update_Account_Details" time="8.219" classname="SupportClasses.Account_Lookup"/>
  <testcase name="Update_Account_Details" time="16.311" classname="SupportClasses.Account_Lookup"/>
  <testcase name="Update_Account_Details" time="8.216" classname="SupportClasses.Account_Lookup"/>
  <testcase name="Update_Account_Details" time="5.730" classname="SupportClasses.Account_Lookup"/>
  <testcase name="Update_Account_Details" time="7.012" classname="SupportClasses.Account_Lookup"/>
  <testcase name="Update_Account_Details" time="6.407" classname="SupportClasses.Account_Lookup"/>
  <testcase name="Update_Account_Details" time="6.760" classname="SupportClasses.Account_Lookup"/>
  <testcase name="Update_Account_Details" time="7.098" classname="SupportClasses.Account_Lookup"/>
  <testcase name="Update_Account_Details" time="7.150" classname="SupportClasses.Account_Lookup"/>
  <testcase name="Update_Account_Details" time="10.068" classname="SupportClasses.Account_Lookup"/>
  <testcase name="Update_Account_Details" time="7.376" classname="SupportClasses.Account_Lookup"/>
  <testcase name="Update_Account_Details" time="6.342" classname="SupportClasses.Account_Lookup"/>
  <testcase name="Update_Account_Details" time="5.503" classname="SupportClasses.Account_Lookup"/>
  <testcase name="Update_Account_Details" time="6.445" classname="SupportClasses.Account_Lookup"/>
  <testcase name="Update_Account_Details" time="12.546" classname="SupportClasses.Account_Lookup"/>
  <testcase name="Update_Account_Details" time="9.078" classname="SupportClasses.Account_Lookup"/>
  <testcase name="Update_Account_Details" time="8.041" classname="SupportClasses.Account_Lookup"/>
  <testcase name="Update_Account_Details" time="14.483" classname="SupportClasses.Account_Lookup"/>
  <testcase name="Update_Account_Details" time="6.551" classname="SupportClasses.Account_Lookup"/>
  <testcase name="Update_Account_Details" time="13.538" classname="SupportClasses.Account_Lookup"/>
  <testcase name="Update_Account_Details" time="6.291" classname="SupportClasses.Account_Lookup"/>
  <testcase name="Update_Account_Details" time="18.137" classname="SupportClasses.Account_Lookup"/>
  <testcase name="Update_Account_Details" time="13.551" classname="SupportClasses.Account_Lookup"/>
  <testcase name="Update_Account_Details" time="7.619" classname="SupportClasses.Account_Lookup"/>
  <testcase name="Update_Account_Details" time="11.708" classname="SupportClasses.Account_Lookup"/>
  <testcase name="Update_Account_Details" time="9.619" classname="SupportClasses.Account_Lookup"/>
  <testcase name="Update_Account_Details" time="12.677" classname="SupportClasses.Account_Lookup"/>
  <testcase name="Update_Account_Details" time="6.840" classname="SupportClasses.Account_Lookup"/>
  <testcase name="Update_Account_Details" time="6.552" classname="SupportClasses.Account_Lookup"/>
  <testcase name="Update_Account_Details" time="14.654" classname="SupportClasses.Account_Lookup"/>
  <testcase name="Update_Account_Details" time="6.692" classname="SupportClasses.Account_Lookup"/>
  <testcase name="Update_Account_Details" time="5.928" classname="SupportClasses.Account_Lookup"/>
  <testcase name="Update_Account_Details" time="11.950" classname="SupportClasses.Account_Lookup"/>
  <testcase name="Update_Account_Details" time="5.968" classname="SupportClasses.Account_Lookup"/>
  <testcase name="Update_Account_Details" time="6.888" classname="SupportClasses.Account_Lookup"/>
  <testcase name="Update_Account_Details" time="8.997" classname="SupportClasses.Account_Lookup"/>
  <testcase name="Update_Account_Details" time="7.059" classname="SupportClasses.Account_Lookup"/>
  <testcase name="Update_Account_Details" time="7.223" classname="SupportClasses.Account_Lookup"/>
  <testcase name="Update_Account_Details" time="6.109" classname="SupportClasses.Account_Lookup"/>
  <testcase name="Update_Account_Details" time="7.137" classname="SupportClasses.Account_Lookup"/>
  <testcase name="Update_Account_Details" time="8.360" classname="SupportClasses.Account_Lookup"/>
  <testcase name="Update_Account_Details" time="15.061" classname="SupportClasses.Account_Lookup"/>
  <testcase name="Update_Account_Details" time="13.041" classname="SupportClasses.Account_Lookup"/>
  <testcase name="Update_Account_Details" time="12.494" classname="SupportClasses.Account_Lookup"/>
  <testcase name="Update_Account_Details" time="7.528" classname="SupportClasses.Account_Lookup"/>
  <testcase name="Update_Account_Details" time="6.240" classname="SupportClasses.Account_Lookup"/>
  <testcase name="Update_Account_Details" time="7.487" classname="SupportClasses.Account_Lookup"/>
  <testcase name="Update_Account_Details" time="7.298" classname="SupportClasses.Account_Lookup"/>
  <testcase name="Update_Account_Details" time="4.578" classname="SupportClasses.Account_Lookup"/>
  <testcase name="Update_Account_Details" time="16.174" classname="SupportClasses.Account_Lookup"/>
  <testcase name="Update_Account_Details" time="6.322" classname="SupportClasses.Account_Lookup"/>
  <testcase name="Update_Account_Details" time="8.040" classname="SupportClasses.Account_Lookup"/>
  <testcase name="Update_Account_Details" time="8.718" classname="SupportClasses.Account_Lookup"/>
  <testcase name="Update_Account_Details" time="5.718" classname="SupportClasses.Account_Lookup"/>
  <testcase name="Update_Account_Details" time="6.955" classname="SupportClasses.Account_Lookup"/>
  <testcase name="Update_Account_Details" time="8.074" classname="SupportClasses.Account_Lookup"/>
  <testcase name="Update_Account_Details" time="5.012" classname="SupportClasses.Account_Lookup"/>
  <testcase name="Update_Account_Details" time="6.070" classname="SupportClasses.Account_Lookup"/>
  <testcase name="Update_Account_Details" time="8.468" classname="SupportClasses.Account_Lookup"/>
  <testcase name="Update_Account_Details" time="6.358" classname="SupportClasses.Account_Lookup"/>
  <testcase name="Update_Account_Details" time="18.579" classname="SupportClasses.Account_Lookup"/>
  <testcase name="Update_Account_Details" time="6.681" classname="SupportClasses.Account_Lookup"/>
  <testcase name="Update_Account_Details" time="6.009" classname="SupportClasses.Account_Lookup"/>
  <testcase name="Update_Account_Details" time="6.822" classname="SupportClasses.Account_Lookup"/>
  <testcase name="Update_Account_Details" time="6.763" classname="SupportClasses.Account_Lookup"/>
  <testcase name="Update_Account_Details" time="9.570" classname="SupportClasses.Account_Lookup"/>
  <testcase name="Update_Account_Details" time="13.316" classname="SupportClasses.Account_Lookup"/>
  <testcase name="Update_Account_Details" time="6.816" classname="SupportClasses.Account_Lookup"/>
  <testcase name="Update_Account_Details" time="7.749" classname="SupportClasses.Account_Lookup"/>
  <testcase name="Update_Account_Details" time="10.943" classname="SupportClasses.Account_Lookup"/>
  <testcase name="Update_Account_Details" time="6.612" classname="SupportClasses.Account_Lookup"/>
  <testcase name="Update_Account_Details" time="7.309" classname="SupportClasses.Account_Lookup"/>
  <testcase name="Update_Account_Details" time="5.765" classname="SupportClasses.Account_Lookup"/>
  <testcase name="Update_Account_Details" time="7.101" classname="SupportClasses.Account_Lookup"/>
  <testcase name="Update_Account_Details" time="7.874" classname="SupportClasses.Account_Lookup"/>
  <testcase name="Update_Account_Details" time="6.358" classname="SupportClasses.Account_Lookup"/>
  <testcase name="Update_Account_Details" time="6.472" classname="SupportClasses.Account_Lookup"/>
  <testcase name="Update_Account_Details" time="8.316" classname="SupportClasses.Account_Lookup"/>
  <testcase name="Update_Account_Details" time="5.978" classname="SupportClasses.Account_Lookup"/>
  <testcase name="Update_Account_Details" time="7.119" classname="SupportClasses.Account_Lookup"/>
  <testcase name="Update_Account_Details" time="11.399" classname="SupportClasses.Account_Lookup"/>
  <testcase name="Update_Account_Details" time="5.892" classname="SupportClasses.Account_Lookup"/>
  <testcase name="Update_Account_Details" time="7.967" classname="SupportClasses.Account_Lookup"/>
  <testcase name="Update_Account_Details" time="6.972" classname="SupportClasses.Account_Lookup"/>
  <testcase name="Update_Account_Details" time="12.735" classname="SupportClasses.Account_Lookup"/>
  <testcase name="Update_Account_Details" time="7.218" classname="SupportClasses.Account_Lookup"/>
  <testcase name="Update_Account_Details" time="12.879" classname="SupportClasses.Account_Lookup"/>
  <testcase name="Update_Account_Details" time="7.642" classname="SupportClasses.Account_Lookup"/>
  <testcase name="Update_Account_Details" time="13.608" classname="SupportClasses.Account_Lookup"/>
  <testcase name="Update_Account_Details" time="6.856" classname="SupportClasses.Account_Lookup"/>
  <testcase name="Update_Account_Details" time="7.387" classname="SupportClasses.Account_Lookup"/>
  <testcase name="Update_Account_Details" time="8.095" classname="SupportClasses.Account_Lookup"/>
  <testcase name="Update_Account_Details" time="13.299" classname="SupportClasses.Account_Lookup"/>
  <testcase name="Update_Account_Details" time="11.534" classname="SupportClasses.Account_Lookup"/>
  <testcase name="Update_Account_Details" time="6.867" classname="SupportClasses.Account_Lookup"/>
  <testcase name="Update_Account_Details" time="15.421" classname="SupportClasses.Account_Lookup"/>
  <testcase name="Update_Account_Details" time="7.784" classname="SupportClasses.Account_Lookup"/>
  <testcase name="Update_Account_Details" time="8.968" classname="SupportClasses.Account_Lookup"/>
  <testcase name="Update_Account_Details" time="5.632" classname="SupportClasses.Account_Lookup"/>
  <testcase name="Update_Account_Details" time="5.678" classname="SupportClasses.Account_Lookup"/>
  <testcase name="Update_Account_Details" time="12.205" classname="SupportClasses.Account_Lookup"/>
  <testcase name="Update_Account_Details" time="7.951" classname="SupportClasses.Account_Lookup"/>
  <testcase name="Update_Account_Details" time="14.798" classname="SupportClasses.Account_Lookup"/>
  <testcase name="Update_Account_Details" time="9.259" classname="SupportClasses.Account_Lookup"/>
  <testcase name="Update_Account_Details" time="6.627" classname="SupportClasses.Account_Lookup"/>
  <testcase name="Update_Account_Details" time="8.216" classname="SupportClasses.Account_Lookup"/>
  <testcase name="Update_Account_Details" time="13.610" classname="SupportClasses.Account_Lookup"/>
  <testcase name="Update_Account_Details" time="24.422" classname="SupportClasses.Account_Lookup"/>
  <testcase name="Update_Account_Details" time="18.855" classname="SupportClasses.Account_Lookup"/>
  <testcase name="Update_Account_Details" time="8.224" classname="SupportClasses.Account_Lookup"/>
  <testcase name="Update_Account_Details" time="13.140" classname="SupportClasses.Account_Lookup"/>
  <testcase name="Update_Account_Details" time="6.454" classname="SupportClasses.Account_Lookup"/>
  <testcase name="Update_Account_Details" time="5.783" classname="SupportClasses.Account_Lookup"/>
  <testcase name="Update_Account_Details" time="6.238" classname="SupportClasses.Account_Lookup"/>
  <testcase name="Update_Account_Details" time="5.577" classname="SupportClasses.Account_Lookup"/>
  <testcase name="Update_Account_Details" time="14.087" classname="SupportClasses.Account_Lookup"/>
  <testcase name="Update_Account_Details" time="7.776" classname="SupportClasses.Account_Lookup"/>
  <testcase name="Update_Account_Details" time="14.969" classname="SupportClasses.Account_Lookup"/>
  <testcase name="Update_Account_Details" time="12.151" classname="SupportClasses.Account_Lookup"/>
  <testcase name="Update_Account_Details" time="17.401" classname="SupportClasses.Account_Lookup"/>
  <testcase name="Update_Account_Details" time="6.680" classname="SupportClasses.Account_Lookup"/>
  <testcase name="Update_Account_Details" time="5.954" classname="SupportClasses.Account_Lookup"/>
  <testcase name="Update_Account_Details" time="7.368" classname="SupportClasses.Account_Lookup"/>
  <testcase name="Update_Account_Details" time="15.754" classname="SupportClasses.Account_Lookup"/>
  <testcase name="Update_Account_Details" time="8.067" classname="SupportClasses.Account_Lookup"/>
  <testcase name="Update_Account_Details" time="6.811" classname="SupportClasses.Account_Lookup"/>
  <testcase name="Update_Account_Details" time="8.094" classname="SupportClasses.Account_Lookup"/>
  <testcase name="Update_Account_Details" time="10.845" classname="SupportClasses.Account_Lookup"/>
  <testcase name="Update_Account_Details" time="6.618" classname="SupportClasses.Account_Lookup"/>
  <testcase name="Update_Account_Details" time="5.780" classname="SupportClasses.Account_Lookup"/>
  <testcase name="Update_Account_Details" time="14.290" classname="SupportClasses.Account_Lookup"/>
  <testcase name="Update_Account_Details" time="7.032" classname="SupportClasses.Account_Lookup"/>
  <testcase name="Update_Account_Details" time="8.279" classname="SupportClasses.Account_Lookup"/>
  <testcase name="Update_Account_Details" time="7.667" classname="SupportClasses.Account_Lookup"/>
  <testcase name="Update_Account_Details" time="12.385" classname="SupportClasses.Account_Lookup"/>
  <testcase name="Update_Account_Details" time="6.884" classname="SupportClasses.Account_Lookup"/>
  <testcase name="Update_Account_Details" time="8.011" classname="SupportClasses.Account_Lookup"/>
  <testcase name="Update_Account_Details" time="6.953" classname="SupportClasses.Account_Lookup"/>
  <testcase name="Update_Account_Details" time="6.845" classname="SupportClasses.Account_Lookup"/>
  <testcase name="Update_Account_Details" time="19.319" classname="SupportClasses.Account_Lookup"/>
  <testcase name="Update_Account_Details" time="13.428" classname="SupportClasses.Account_Lookup"/>
  <testcase name="Update_Account_Details" time="6.079" classname="SupportClasses.Account_Lookup"/>
  <testcase name="Update_Account_Details" time="6.563" classname="SupportClasses.Account_Lookup"/>
  <testcase name="Update_Account_Details" time="7.023" classname="SupportClasses.Account_Lookup"/>
  <testcase name="Update_Account_Details" time="6.837" classname="SupportClasses.Account_Lookup"/>
  <testcase name="Update_Account_Details" time="10.061" classname="SupportClasses.Account_Lookup"/>
  <testcase name="Update_Account_Details" time="6.695" classname="SupportClasses.Account_Lookup"/>
  <testcase name="Update_Account_Details" time="7.966" classname="SupportClasses.Account_Lookup"/>
  <testcase name="Update_Account_Details" time="7.269" classname="SupportClasses.Account_Lookup"/>
  <testcase name="Update_Account_Details" time="6.530" classname="SupportClasses.Account_Lookup"/>
  <testcase name="Update_Account_Details" time="6.292" classname="SupportClasses.Account_Lookup"/>
  <testcase name="Update_Account_Details" time="6.911" classname="SupportClasses.Account_Lookup"/>
  <testcase name="Update_Account_Details" time="7.768" classname="SupportClasses.Account_Lookup"/>
  <testcase name="Update_Account_Details" time="13.296" classname="SupportClasses.Account_Lookup"/>
  <testcase name="Update_Account_Details" time="15.025" classname="SupportClasses.Account_Lookup"/>
  <testcase name="Update_Account_Details" time="6.532" classname="SupportClasses.Account_Lookup"/>
  <testcase name="Update_Account_Details" time="9.338" classname="SupportClasses.Account_Lookup"/>
  <testcase name="Update_Account_Details" time="7.995" classname="SupportClasses.Account_Lookup"/>
  <testcase name="Update_Account_Details" time="6.322" classname="SupportClasses.Account_Lookup"/>
  <testcase name="Update_Account_Details" time="5.599" classname="SupportClasses.Account_Lookup"/>
  <testcase name="Update_Account_Details" time="7.215" classname="SupportClasses.Account_Lookup"/>
  <testcase name="Update_Account_Details" time="8.119" classname="SupportClasses.Account_Lookup"/>
  <testcase name="Update_Account_Details" time="6.097" classname="SupportClasses.Account_Lookup"/>
  <testcase name="Update_Account_Details" time="7.240" classname="SupportClasses.Account_Lookup"/>
  <testcase name="Update_Account_Details" time="6.587" classname="SupportClasses.Account_Lookup"/>
  <testcase name="Update_Account_Details" time="6.494" classname="SupportClasses.Account_Lookup"/>
  <testcase name="Update_Account_Details" time="5.786" classname="SupportClasses.Account_Lookup"/>
  <testcase name="Update_Account_Details" time="13.231" classname="SupportClasses.Account_Lookup"/>
  <testcase name="Update_Account_Details" time="5.574" classname="SupportClasses.Account_Lookup"/>
  <testcase name="Update_Account_Details" time="5.941" classname="SupportClasses.Account_Lookup"/>
  <testcase name="Update_Account_Details" time="6.259" classname="SupportClasses.Account_Lookup"/>
  <testcase name="Update_Account_Details" time="13.424" classname="SupportClasses.Account_Lookup"/>
  <testcase name="Update_Account_Details" time="5.672" classname="SupportClasses.Account_Lookup"/>
  <testcase name="Update_Account_Details" time="6.861" classname="SupportClasses.Account_Lookup"/>
  <testcase name="Update_Account_Details" time="5.996" classname="SupportClasses.Account_Lookup"/>
  <testcase name="Update_Account_Details" time="7.176" classname="SupportClasses.Account_Lookup"/>
  <testcase name="Update_Account_Details" time="6.228" classname="SupportClasses.Account_Lookup"/>
  <testcase name="Update_Account_Details" time="14.846" classname="SupportClasses.Account_Lookup"/>
  <testcase name="Update_Account_Details" time="7.389" classname="SupportClasses.Account_Lookup"/>
  <testcase name="Update_Account_Details" time="6.397" classname="SupportClasses.Account_Lookup"/>
  <testcase name="Update_Account_Details" time="5.358" classname="SupportClasses.Account_Lookup"/>
  <testcase name="Update_Account_Details" time="5.377" classname="SupportClasses.Account_Lookup"/>
  <testcase name="Update_Account_Details" time="11.643" classname="SupportClasses.Account_Lookup"/>
  <testcase name="Update_Account_Details" time="13.419" classname="SupportClasses.Account_Lookup"/>
  <testcase name="Update_Account_Details" time="6.253" classname="SupportClasses.Account_Lookup"/>
  <testcase name="Update_Account_Details" time="6.840" classname="SupportClasses.Account_Lookup"/>
  <testcase name="Update_Account_Details" time="14.970" classname="SupportClasses.Account_Lookup"/>
  <testcase name="Update_Account_Details" time="13.647" classname="SupportClasses.Account_Lookup"/>
  <testcase name="Update_Account_Details" time="6.836" classname="SupportClasses.Account_Lookup"/>
  <testcase name="Update_Account_Details" time="5.792" classname="SupportClasses.Account_Lookup"/>
  <testcase name="Update_Account_Details" time="9.956" classname="SupportClasses.Account_Lookup"/>
  <testcase name="Update_Account_Details" time="5.229" classname="SupportClasses.Account_Lookup"/>
  <testcase name="Update_Account_Details" time="6.389" classname="SupportClasses.Account_Lookup"/>
  <testcase name="Update_Account_Details" time="16.863" classname="SupportClasses.Account_Lookup"/>
  <testcase name="Update_Account_Details" time="7.840" classname="SupportClasses.Account_Lookup"/>
  <testcase name="Update_Account_Details" time="7.985" classname="SupportClasses.Account_Lookup"/>
  <testcase name="Update_Account_Details" time="7.084" classname="SupportClasses.Account_Lookup"/>
  <testcase name="Update_Account_Details" time="6.162" classname="SupportClasses.Account_Lookup"/>
  <testcase name="Update_Account_Details" time="10.051" classname="SupportClasses.Account_Lookup"/>
  <testcase name="Update_Account_Details" time="15.949" classname="SupportClasses.Account_Lookup"/>
  <testcase name="Update_Account_Details" time="6.289" classname="SupportClasses.Account_Lookup"/>
  <testcase name="Update_Account_Details" time="13.336" classname="SupportClasses.Account_Lookup"/>
  <testcase name="Update_Account_Details" time="12.722" classname="SupportClasses.Account_Lookup"/>
  <testcase name="Update_Account_Details" time="6.968" classname="SupportClasses.Account_Lookup"/>
  <testcase name="Update_Account_Details" time="6.285" classname="SupportClasses.Account_Lookup"/>
  <testcase name="Update_Account_Details" time="7.429" classname="SupportClasses.Account_Lookup"/>
  <testcase name="Update_Account_Details" time="6.254" classname="SupportClasses.Account_Lookup"/>
  <testcase name="Update_Account_Details" time="8.425" classname="SupportClasses.Account_Lookup"/>
  <testcase name="Update_Account_Details" time="11.906" classname="SupportClasses.Account_Lookup"/>
  <testcase name="Update_Account_Details" time="6.827" classname="SupportClasses.Account_Lookup"/>
  <testcase name="Update_Account_Details" time="6.488" classname="SupportClasses.Account_Lookup"/>
  <testcase name="Update_Account_Details" time="14.045" classname="SupportClasses.Account_Lookup"/>
  <testcase name="Update_Account_Details" time="6.812" classname="SupportClasses.Account_Lookup"/>
  <testcase name="Update_Account_Details" time="18.281" classname="SupportClasses.Account_Lookup"/>
  <testcase name="Update_Account_Details" time="6.616" classname="SupportClasses.Account_Lookup"/>
  <testcase name="Update_Account_Details" time="5.372" classname="SupportClasses.Account_Lookup"/>
  <testcase name="Update_Account_Details" time="10.376" classname="SupportClasses.Account_Lookup"/>
  <testcase name="Update_Account_Details" time="9.990" classname="SupportClasses.Account_Lookup"/>
  <testcase name="Update_Account_Details" time="5.107" classname="SupportClasses.Account_Lookup"/>
  <testcase name="Update_Account_Details" time="7.884" classname="SupportClasses.Account_Lookup"/>
  <testcase name="Update_Account_Details" time="8.702" classname="SupportClasses.Account_Lookup"/>
  <testcase name="Update_Account_Details" time="7.090" classname="SupportClasses.Account_Lookup"/>
  <testcase name="Update_Account_Details" time="15.186" classname="SupportClasses.Account_Lookup"/>
  <testcase name="Update_Account_Details" time="6.532" classname="SupportClasses.Account_Lookup"/>
  <testcase name="Update_Account_Details" time="11.298" classname="SupportClasses.Account_Lookup"/>
  <testcase name="Update_Account_Details" time="18.747" classname="SupportClasses.Account_Lookup"/>
  <testcase name="Update_Account_Details" time="9.503" classname="SupportClasses.Account_Lookup"/>
  <testcase name="Update_Account_Details" time="14.149" classname="SupportClasses.Account_Lookup"/>
  <testcase name="Update_Account_Details" time="19.211" classname="SupportClasses.Account_Lookup"/>
  <testcase name="Update_Account_Details" time="7.350" classname="SupportClasses.Account_Lookup"/>
  <testcase name="Update_Account_Details" time="8.289" classname="SupportClasses.Account_Lookup"/>
  <testcase name="Update_Account_Details" time="8.255" classname="SupportClasses.Account_Lookup"/>
  <testcase name="Update_Account_Details" time="5.867" classname="SupportClasses.Account_Lookup"/>
  <testcase name="Update_Account_Details" time="5.900" classname="SupportClasses.Account_Lookup"/>
  <testcase name="Update_Account_Details" time="6.438" classname="SupportClasses.Account_Lookup"/>
  <testcase name="Update_Account_Details" time="14.020" classname="SupportClasses.Account_Lookup"/>
  <testcase name="Update_Account_Details" time="6.115" classname="SupportClasses.Account_Lookup"/>
  <testcase name="Update_Account_Details" time="11.179" classname="SupportClasses.Account_Lookup"/>
  <testcase name="Update_Account_Details" time="10.166" classname="SupportClasses.Account_Lookup"/>
  <testcase name="Update_Account_Details" time="11.181" classname="SupportClasses.Account_Lookup"/>
  <testcase name="Update_Account_Details" time="13.925" classname="SupportClasses.Account_Lookup"/>
  <testcase name="Update_Account_Details" time="12.863" classname="SupportClasses.Account_Lookup"/>
  <testcase name="Update_Account_Details" time="7.111" classname="SupportClasses.Account_Lookup"/>
  <testcase name="Update_Account_Details" time="13.418" classname="SupportClasses.Account_Lookup"/>
  <testcase name="Update_Account_Details" time="6.824" classname="SupportClasses.Account_Lookup"/>
  <testcase name="Update_Account_Details" time="6.157" classname="SupportClasses.Account_Lookup"/>
  <testcase name="Update_Account_Details" time="8.454" classname="SupportClasses.Account_Lookup"/>
  <testcase name="Update_Account_Details" time="9.140" classname="SupportClasses.Account_Lookup"/>
  <testcase name="Update_Account_Details" time="10.258" classname="SupportClasses.Account_Lookup"/>
  <testcase name="Update_Account_Details" time="6.087" classname="SupportClasses.Account_Lookup"/>
  <testcase name="Update_Account_Details" time="6.106" classname="SupportClasses.Account_Lookup"/>
  <testcase name="Update_Account_Details" time="5.911" classname="SupportClasses.Account_Lookup"/>
  <testcase name="Update_Account_Details" time="6.409" classname="SupportClasses.Account_Lookup"/>
  <testcase name="Update_Account_Details" time="5.595" classname="SupportClasses.Account_Lookup"/>
  <testcase name="Update_Account_Details" time="6.590" classname="SupportClasses.Account_Lookup"/>
  <testcase name="Update_Account_Details" time="5.690" classname="SupportClasses.Account_Lookup"/>
  <testcase name="Update_Account_Details" time="6.694" classname="SupportClasses.Account_Lookup"/>
  <testcase name="Update_Account_Details" time="6.202" classname="SupportClasses.Account_Lookup"/>
  <testcase name="Update_Account_Details" time="15.262" classname="SupportClasses.Account_Lookup"/>
  <testcase name="Update_Account_Details" time="12.440" classname="SupportClasses.Account_Lookup"/>
  <testcase name="Update_Account_Details" time="7.010" classname="SupportClasses.Account_Lookup"/>
  <testcase name="Update_Account_Details" time="6.333" classname="SupportClasses.Account_Lookup"/>
  <testcase name="Update_Account_Details" time="5.876" classname="SupportClasses.Account_Lookup"/>
  <testcase name="Update_Account_Details" time="8.181" classname="SupportClasses.Account_Lookup"/>
  <testcase name="Update_Account_Details" time="4.377" classname="SupportClasses.Account_Lookup"/>
  <testcase name="Update_Account_Details" time="5.675" classname="SupportClasses.Account_Lookup"/>
  <testcase name="Update_Account_Details" time="9.883" classname="SupportClasses.Account_Lookup"/>
  <testcase name="Update_Account_Details" time="7.601" classname="SupportClasses.Account_Lookup"/>
  <testcase name="Update_Account_Details" time="6.749" classname="SupportClasses.Account_Lookup"/>
  <testcase name="Update_Account_Details" time="6.729" classname="SupportClasses.Account_Lookup"/>
  <testcase name="Update_Account_Details" time="7.182" classname="SupportClasses.Account_Lookup"/>
  <testcase name="Update_Account_Details" time="17.362" classname="SupportClasses.Account_Lookup"/>
  <testcase name="Update_Account_Details" time="5.957" classname="SupportClasses.Account_Lookup"/>
  <testcase name="Update_Account_Details" time="13.271" classname="SupportClasses.Account_Lookup"/>
  <testcase name="Update_Account_Details" time="12.282" classname="SupportClasses.Account_Lookup"/>
  <testcase name="Update_Account_Details" time="7.335" classname="SupportClasses.Account_Lookup"/>
  <testcase name="Update_Account_Details" time="13.002" classname="SupportClasses.Account_Lookup"/>
  <testcase name="Update_Account_Details" time="10.302" classname="SupportClasses.Account_Lookup"/>
  <testcase name="Update_Account_Details" time="8.955" classname="SupportClasses.Account_Lookup"/>
  <testcase name="Update_Account_Details" time="5.813" classname="SupportClasses.Account_Lookup"/>
  <testcase name="Update_Account_Details" time="7.581" classname="SupportClasses.Account_Lookup"/>
  <testcase name="Update_Account_Details" time="6.040" classname="SupportClasses.Account_Lookup"/>
  <testcase name="Update_Account_Details" time="5.900" classname="SupportClasses.Account_Lookup"/>
  <testcase name="Update_Account_Details" time="5.582" classname="SupportClasses.Account_Lookup"/>
  <testcase name="Update_Account_Details" time="16.901" classname="SupportClasses.Account_Lookup"/>
  <testcase name="Update_Account_Details" time="8.040" classname="SupportClasses.Account_Lookup"/>
  <testcase name="Update_Account_Details" time="16.120" classname="SupportClasses.Account_Lookup"/>
  <testcase name="Update_Account_Details" time="13.361" classname="SupportClasses.Account_Lookup"/>
  <testcase name="Update_Account_Details" time="7.748" classname="SupportClasses.Account_Lookup"/>
  <testcase name="Update_Account_Details" time="6.448" classname="SupportClasses.Account_Lookup"/>
  <testcase name="Update_Account_Details" time="6.277" classname="SupportClasses.Account_Lookup"/>
  <testcase name="Update_Account_Details" time="9.861" classname="SupportClasses.Account_Lookup"/>
  <testcase name="Update_Account_Details" time="16.056" classname="SupportClasses.Account_Lookup"/>
  <testcase name="Update_Account_Details" time="6.928" classname="SupportClasses.Account_Lookup"/>
  <testcase name="Update_Account_Details" time="11.710" classname="SupportClasses.Account_Lookup"/>
  <testcase name="Update_Account_Details" time="6.954" classname="SupportClasses.Account_Lookup"/>
  <testcase name="Update_Account_Details" time="9.195" classname="SupportClasses.Account_Lookup"/>
  <testcase name="Update_Account_Details" time="8.329" classname="SupportClasses.Account_Lookup"/>
  <testcase name="Update_Account_Details" time="6.286" classname="SupportClasses.Account_Lookup"/>
  <testcase name="Update_Account_Details" time="7.109" classname="SupportClasses.Account_Lookup"/>
  <testcase name="Update_Account_Details" time="7.774" classname="SupportClasses.Account_Lookup"/>
  <testcase name="Update_Account_Details" time="9.464" classname="SupportClasses.Account_Lookup"/>
  <testcase name="Update_Account_Details" time="5.596" classname="SupportClasses.Account_Lookup"/>
  <testcase name="Update_Account_Details" time="9.698" classname="SupportClasses.Account_Lookup"/>
  <testcase name="Update_Account_Details" time="5.556" classname="SupportClasses.Account_Lookup"/>
  <testcase name="Update_Account_Details" time="7.101" classname="SupportClasses.Account_Lookup"/>
  <testcase name="Update_Account_Details" time="8.834" classname="SupportClasses.Account_Lookup"/>
  <testcase name="Update_Account_Details" time="7.257" classname="SupportClasses.Account_Lookup"/>
  <testcase name="Update_Account_Details" time="5.209" classname="SupportClasses.Account_Lookup"/>
  <testcase name="Update_Account_Details" time="7.410" classname="SupportClasses.Account_Lookup"/>
  <testcase name="Update_Account_Details" time="8.001" classname="SupportClasses.Account_Lookup"/>
  <testcase name="Update_Account_Details" time="17.497" classname="SupportClasses.Account_Lookup"/>
  <testcase name="Update_Account_Details" time="12.220" classname="SupportClasses.Account_Lookup"/>
  <testcase name="Update_Account_Details" time="5.396" classname="SupportClasses.Account_Lookup"/>
  <testcase name="Update_Account_Details" time="6.329" classname="SupportClasses.Account_Lookup"/>
  <testcase name="Update_Account_Details" time="12.179" classname="SupportClasses.Account_Lookup"/>
  <testcase name="Update_Account_Details" time="6.734" classname="SupportClasses.Account_Lookup"/>
  <testcase name="Update_Account_Details" time="6.644" classname="SupportClasses.Account_Lookup"/>
  <testcase name="Update_Account_Details" time="12.426" classname="SupportClasses.Account_Lookup"/>
  <testcase name="Update_Account_Details" time="9.758" classname="SupportClasses.Account_Lookup"/>
  <testcase name="Update_Account_Details" time="7.559" classname="SupportClasses.Account_Lookup"/>
  <testcase name="Update_Account_Details" time="6.950" classname="SupportClasses.Account_Lookup"/>
  <testcase name="Update_Account_Details" time="6.163" classname="SupportClasses.Account_Lookup"/>
  <testcase name="Update_Account_Details" time="7.661" classname="SupportClasses.Account_Lookup"/>
  <testcase name="Update_Account_Details" time="8.288" classname="SupportClasses.Account_Lookup"/>
  <testcase name="Update_Account_Details" time="6.763" classname="SupportClasses.Account_Lookup"/>
  <testcase name="Update_Account_Details" time="10.030" classname="SupportClasses.Account_Lookup"/>
  <testcase name="Update_Account_Details" time="7.254" classname="SupportClasses.Account_Lookup"/>
  <testcase name="Update_Account_Details" time="19.411" classname="SupportClasses.Account_Lookup"/>
  <testcase name="Update_Account_Details" time="7.738" classname="SupportClasses.Account_Lookup"/>
  <testcase name="Update_Account_Details" time="9.034" classname="SupportClasses.Account_Lookup"/>
  <testcase name="Update_Account_Details" time="13.114" classname="SupportClasses.Account_Lookup"/>
  <testcase name="Update_Account_Details" time="12.474" classname="SupportClasses.Account_Lookup"/>
  <testcase name="Update_Account_Details" time="13.561" classname="SupportClasses.Account_Lookup"/>
  <testcase name="Update_Account_Details" time="8.597" classname="SupportClasses.Account_Lookup"/>
  <testcase name="Update_Account_Details" time="6.745" classname="SupportClasses.Account_Lookup"/>
  <testcase name="Update_Account_Details" time="7.691" classname="SupportClasses.Account_Lookup"/>
  <testcase name="Update_Account_Details" time="7.030" classname="SupportClasses.Account_Lookup"/>
  <testcase name="Update_Account_Details" time="13.141" classname="SupportClasses.Account_Lookup"/>
  <testcase name="Update_Account_Details" time="6.283" classname="SupportClasses.Account_Lookup"/>
  <testcase name="Update_Account_Details" time="6.541" classname="SupportClasses.Account_Lookup"/>
  <testcase name="Update_Account_Details" time="14.505" classname="SupportClasses.Account_Lookup"/>
  <testcase name="Update_Account_Details" time="6.614" classname="SupportClasses.Account_Lookup"/>
  <testcase name="Update_Account_Details" time="6.072" classname="SupportClasses.Account_Lookup"/>
  <testcase name="Update_Account_Details" time="9.920" classname="SupportClasses.Account_Lookup"/>
  <testcase name="Update_Account_Details" time="15.108" classname="SupportClasses.Account_Lookup"/>
  <testcase name="Update_Account_Details" time="6.356" classname="SupportClasses.Account_Lookup"/>
  <testcase name="Update_Account_Details" time="7.145" classname="SupportClasses.Account_Lookup"/>
  <testcase name="Update_Account_Details" time="12.453" classname="SupportClasses.Account_Lookup"/>
  <testcase name="Update_Account_Details" time="6.033" classname="SupportClasses.Account_Lookup"/>
  <testcase name="Update_Account_Details" time="7.477" classname="SupportClasses.Account_Lookup"/>
  <testcase name="Update_Account_Details" time="13.480" classname="SupportClasses.Account_Lookup"/>
  <testcase name="Update_Account_Details" time="7.202" classname="SupportClasses.Account_Lookup"/>
  <testcase name="Update_Account_Details" time="6.598" classname="SupportClasses.Account_Lookup"/>
  <testcase name="Update_Account_Details" time="7.887" classname="SupportClasses.Account_Lookup"/>
  <testcase name="Update_Account_Details" time="14.179" classname="SupportClasses.Account_Lookup"/>
  <testcase name="Update_Account_Details" time="12.777" classname="SupportClasses.Account_Lookup"/>
  <testcase name="Update_Account_Details" time="5.742" classname="SupportClasses.Account_Lookup"/>
  <testcase name="Update_Account_Details" time="6.838" classname="SupportClasses.Account_Lookup"/>
  <testcase name="Update_Account_Details" time="16.362" classname="SupportClasses.Account_Lookup"/>
  <testcase name="Update_Account_Details" time="12.839" classname="SupportClasses.Account_Lookup"/>
  <testcase name="Update_Account_Details" time="14.219" classname="SupportClasses.Account_Lookup"/>
  <testcase name="Update_Account_Details" time="12.312" classname="SupportClasses.Account_Lookup"/>
  <testcase name="Update_Account_Details" time="12.351" classname="SupportClasses.Account_Lookup"/>
  <testcase name="Update_Account_Details" time="7.322" classname="SupportClasses.Account_Lookup"/>
  <testcase name="Update_Account_Details" time="6.285" classname="SupportClasses.Account_Lookup"/>
  <testcase name="Update_Account_Details" time="14.245" classname="SupportClasses.Account_Lookup"/>
  <testcase name="Update_Account_Details" time="13.977" classname="SupportClasses.Account_Lookup"/>
  <testcase name="Update_Account_Details" time="7.795" classname="SupportClasses.Account_Lookup"/>
  <testcase name="Update_Account_Details" time="5.016" classname="SupportClasses.Account_Lookup"/>
  <testcase name="Update_Account_Details" time="13.924" classname="SupportClasses.Account_Lookup"/>
  <testcase name="Update_Account_Details" time="5.743" classname="SupportClasses.Account_Lookup"/>
  <testcase name="Update_Account_Details" time="6.123" classname="SupportClasses.Account_Lookup"/>
  <testcase name="Update_Account_Details" time="6.358" classname="SupportClasses.Account_Lookup"/>
  <testcase name="Update_Account_Details" time="19.082" classname="SupportClasses.Account_Lookup"/>
  <testcase name="Update_Account_Details" time="6.610" classname="SupportClasses.Account_Lookup"/>
  <testcase name="Update_Account_Details" time="8.545" classname="SupportClasses.Account_Lookup"/>
  <testcase name="Update_Account_Details" time="8.717" classname="SupportClasses.Account_Lookup"/>
  <testcase name="Update_Account_Details" time="7.886" classname="SupportClasses.Account_Lookup"/>
  <testcase name="Update_Account_Details" time="7.378" classname="SupportClasses.Account_Lookup"/>
  <testcase name="Update_Account_Details" time="15.772" classname="SupportClasses.Account_Lookup"/>
  <testcase name="Update_Account_Details" time="6.395" classname="SupportClasses.Account_Lookup"/>
  <testcase name="Update_Account_Details" time="6.174" classname="SupportClasses.Account_Lookup"/>
  <testcase name="Update_Account_Details" time="6.534" classname="SupportClasses.Account_Lookup"/>
  <testcase name="Update_Account_Details" time="5.568" classname="SupportClasses.Account_Lookup"/>
  <testcase name="Update_Account_Details" time="7.653" classname="SupportClasses.Account_Lookup"/>
  <testcase name="Update_Account_Details" time="5.702" classname="SupportClasses.Account_Lookup"/>
  <testcase name="Update_Account_Details" time="8.287" classname="SupportClasses.Account_Lookup"/>
  <testcase name="Update_Account_Details" time="5.922" classname="SupportClasses.Account_Lookup"/>
  <testcase name="Update_Account_Details" time="14.218" classname="SupportClasses.Account_Lookup"/>
  <testcase name="Update_Account_Details" time="6.569" classname="SupportClasses.Account_Lookup"/>
  <testcase name="Update_Account_Details" time="9.853" classname="SupportClasses.Account_Lookup"/>
  <testcase name="Update_Account_Details" time="7.580" classname="SupportClasses.Account_Lookup"/>
  <testcase name="Update_Account_Details" time="13.911" classname="SupportClasses.Account_Lookup"/>
  <testcase name="Update_Account_Details" time="5.871" classname="SupportClasses.Account_Lookup"/>
  <testcase name="Update_Account_Details" time="17.387" classname="SupportClasses.Account_Lookup"/>
  <testcase name="Update_Account_Details" time="9.171" classname="SupportClasses.Account_Lookup"/>
  <testcase name="Update_Account_Details" time="6.121" classname="SupportClasses.Account_Lookup"/>
  <testcase name="Update_Account_Details" time="13.773" classname="SupportClasses.Account_Lookup"/>
  <testcase name="Update_Account_Details" time="7.605" classname="SupportClasses.Account_Lookup"/>
  <testcase name="Update_Account_Details" time="15.763" classname="SupportClasses.Account_Lookup"/>
  <testcase name="Update_Account_Details" time="6.875" classname="SupportClasses.Account_Lookup"/>
  <testcase name="Update_Account_Details" time="5.665" classname="SupportClasses.Account_Lookup"/>
  <testcase name="Update_Account_Details" time="5.070" classname="SupportClasses.Account_Lookup"/>
  <testcase name="Update_Account_Details" time="6.726" classname="SupportClasses.Account_Lookup"/>
  <testcase name="Update_Account_Details" time="13.492" classname="SupportClasses.Account_Lookup"/>
  <testcase name="Update_Account_Details" time="5.763" classname="SupportClasses.Account_Lookup"/>
  <testcase name="Update_Account_Details" time="6.388" classname="SupportClasses.Account_Lookup"/>
  <testcase name="Update_Account_Details" time="11.685" classname="SupportClasses.Account_Lookup"/>
  <testcase name="Update_Account_Details" time="9.078" classname="SupportClasses.Account_Lookup"/>
  <testcase name="Update_Account_Details" time="7.089" classname="SupportClasses.Account_Lookup"/>
  <testcase name="Update_Account_Details" time="7.694" classname="SupportClasses.Account_Lookup"/>
  <testcase name="Update_Account_Details" time="13.124" classname="SupportClasses.Account_Lookup"/>
  <testcase name="Update_Account_Details" time="8.115" classname="SupportClasses.Account_Lookup"/>
  <testcase name="Update_Account_Details" time="6.429" classname="SupportClasses.Account_Lookup"/>
  <testcase name="Update_Account_Details" time="6.485" classname="SupportClasses.Account_Lookup"/>
  <testcase name="Update_Account_Details" time="7.388" classname="SupportClasses.Account_Lookup"/>
  <testcase name="Update_Account_Details" time="8.072" classname="SupportClasses.Account_Lookup"/>
  <testcase name="Update_Account_Details" time="7.884" classname="SupportClasses.Account_Lookup"/>
  <testcase name="Update_Account_Details" time="6.411" classname="SupportClasses.Account_Lookup"/>
  <testcase name="Update_Account_Details" time="6.145" classname="SupportClasses.Account_Lookup"/>
  <testcase name="Update_Account_Details" time="8.805" classname="SupportClasses.Account_Lookup"/>
  <testcase name="Update_Account_Details" time="7.764" classname="SupportClasses.Account_Lookup"/>
  <testcase name="Update_Account_Details" time="6.167" classname="SupportClasses.Account_Lookup"/>
  <testcase name="Update_Account_Details" time="11.759" classname="SupportClasses.Account_Lookup"/>
  <testcase name="Update_Account_Details" time="7.257" classname="SupportClasses.Account_Lookup"/>
  <testcase name="Update_Account_Details" time="5.898" classname="SupportClasses.Account_Lookup"/>
  <testcase name="Update_Account_Details" time="6.920" classname="SupportClasses.Account_Lookup"/>
  <testcase name="Update_Account_Details" time="6.722" classname="SupportClasses.Account_Lookup"/>
  <testcase name="Update_Account_Details" time="7.031" classname="SupportClasses.Account_Lookup"/>
  <testcase name="Update_Account_Details" time="12.077" classname="SupportClasses.Account_Lookup"/>
  <testcase name="Update_Account_Details" time="7.509" classname="SupportClasses.Account_Lookup"/>
  <testcase name="Update_Account_Details" time="7.670" classname="SupportClasses.Account_Lookup"/>
  <testcase name="Update_Account_Details" time="6.462" classname="SupportClasses.Account_Lookup"/>
  <testcase name="Update_Account_Details" time="6.534" classname="SupportClasses.Account_Lookup"/>
  <testcase name="Update_Account_Details" time="18.198" classname="SupportClasses.Account_Lookup"/>
  <testcase name="Update_Account_Details" time="13.740" classname="SupportClasses.Account_Lookup"/>
  <testcase name="Update_Account_Details" time="7.087" classname="SupportClasses.Account_Lookup"/>
  <testcase name="Update_Account_Details" time="7.746" classname="SupportClasses.Account_Lookup"/>
  <testcase name="Update_Account_Details" time="17.240" classname="SupportClasses.Account_Lookup"/>
  <testcase name="Update_Account_Details" time="13.592" classname="SupportClasses.Account_Lookup"/>
  <testcase name="Update_Account_Details" time="7.293" classname="SupportClasses.Account_Lookup"/>
  <testcase name="Update_Account_Details" time="7.016" classname="SupportClasses.Account_Lookup"/>
  <testcase name="Update_Account_Details" time="7.846" classname="SupportClasses.Account_Lookup"/>
  <testcase name="Update_Account_Details" time="5.844" classname="SupportClasses.Account_Lookup"/>
  <testcase name="Update_Account_Details" time="6.001" classname="SupportClasses.Account_Lookup"/>
  <testcase name="Update_Account_Details" time="7.011" classname="SupportClasses.Account_Lookup"/>
  <testcase name="Update_Account_Details" time="7.350" classname="SupportClasses.Account_Lookup"/>
  <testcase name="Update_Account_Details" time="13.772" classname="SupportClasses.Account_Lookup"/>
  <testcase name="Update_Account_Details" time="12.128" classname="SupportClasses.Account_Lookup"/>
  <testcase name="Update_Account_Details" time="10.243" classname="SupportClasses.Account_Lookup"/>
  <testcase name="Update_Account_Details" time="19.578" classname="SupportClasses.Account_Lookup"/>
  <testcase name="Update_Account_Details" time="11.492" classname="SupportClasses.Account_Lookup"/>
  <testcase name="Update_Account_Details" time="15.531" classname="SupportClasses.Account_Lookup"/>
  <testcase name="Update_Account_Details" time="13.250" classname="SupportClasses.Account_Lookup"/>
  <testcase name="Update_Account_Details" time="6.525" classname="SupportClasses.Account_Lookup"/>
  <testcase name="Update_Account_Details" time="10.301" classname="SupportClasses.Account_Lookup"/>
  <testcase name="Update_Account_Details" time="6.216" classname="SupportClasses.Account_Lookup"/>
  <testcase name="Update_Account_Details" time="15.186" classname="SupportClasses.Account_Lookup"/>
  <testcase name="Update_Account_Details" time="17.091" classname="SupportClasses.Account_Lookup"/>
  <testcase name="Update_Account_Details" time="7.702" classname="SupportClasses.Account_Lookup"/>
  <testcase name="Update_Account_Details" time="7.117" classname="SupportClasses.Account_Lookup"/>
  <testcase name="Update_Account_Details" time="17.313" classname="SupportClasses.Account_Lookup"/>
  <testcase name="Update_Account_Details" time="10.894" classname="SupportClasses.Account_Lookup"/>
  <testcase name="Update_Account_Details" time="7.592" classname="SupportClasses.Account_Lookup"/>
  <testcase name="Update_Account_Details" time="7.181" classname="SupportClasses.Account_Lookup"/>
  <testcase name="Update_Account_Details" time="15.674" classname="SupportClasses.Account_Lookup"/>
  <testcase name="Update_Account_Details" time="9.577" classname="SupportClasses.Account_Lookup"/>
  <testcase name="Update_Account_Details" time="6.378" classname="SupportClasses.Account_Lookup"/>
  <testcase name="Update_Account_Details" time="9.738" classname="SupportClasses.Account_Lookup"/>
  <testcase name="Update_Account_Details" time="6.113" classname="SupportClasses.Account_Lookup"/>
  <testcase name="Update_Account_Details" time="8.326" classname="SupportClasses.Account_Lookup"/>
  <testcase name="Update_Account_Details" time="12.428" classname="SupportClasses.Account_Lookup"/>
  <testcase name="Update_Account_Details" time="7.912" classname="SupportClasses.Account_Lookup"/>
  <testcase name="Update_Account_Details" time="6.098" classname="SupportClasses.Account_Lookup"/>
  <testcase name="Update_Account_Details" time="6.854" classname="SupportClasses.Account_Lookup"/>
  <testcase name="Update_Account_Details" time="7.586" classname="SupportClasses.Account_Lookup"/>
  <testcase name="Update_Account_Details" time="8.082" classname="SupportClasses.Account_Lookup"/>
  <testcase name="Update_Account_Details" time="6.095" classname="SupportClasses.Account_Lookup"/>
  <testcase name="Update_Account_Details" time="5.616" classname="SupportClasses.Account_Lookup"/>
  <testcase name="Update_Account_Details" time="5.915" classname="SupportClasses.Account_Lookup"/>
  <testcase name="Update_Account_Details" time="7.078" classname="SupportClasses.Account_Lookup"/>
  <testcase name="Update_Account_Details" time="8.948" classname="SupportClasses.Account_Lookup"/>
  <testcase name="Update_Account_Details" time="5.602" classname="SupportClasses.Account_Lookup"/>
  <testcase name="Update_Account_Details" time="7.527" classname="SupportClasses.Account_Lookup"/>
  <testcase name="Update_Account_Details" time="5.858" classname="SupportClasses.Account_Lookup"/>
  <testcase name="Update_Account_Details" time="7.699" classname="SupportClasses.Account_Lookup"/>
  <testcase name="Update_Account_Details" time="5.978" classname="SupportClasses.Account_Lookup"/>
  <testcase name="Update_Account_Details" time="17.362" classname="SupportClasses.Account_Lookup"/>
  <testcase name="Update_Account_Details" time="5.764" classname="SupportClasses.Account_Lookup"/>
  <testcase name="Update_Account_Details" time="6.307" classname="SupportClasses.Account_Lookup"/>
  <testcase name="Update_Account_Details" time="6.813" classname="SupportClasses.Account_Lookup"/>
  <testcase name="Update_Account_Details" time="5.610" classname="SupportClasses.Account_Lookup"/>
  <testcase name="Update_Account_Details" time="7.216" classname="SupportClasses.Account_Lookup"/>
  <testcase name="Update_Account_Details" time="18.515" classname="SupportClasses.Account_Lookup"/>
  <testcase name="Update_Account_Details" time="4.728" classname="SupportClasses.Account_Lookup"/>
  <testcase name="Update_Account_Details" time="13.836" classname="SupportClasses.Account_Lookup"/>
  <testcase name="Update_Account_Details" time="8.246" classname="SupportClasses.Account_Lookup"/>
  <testcase name="Update_Account_Details" time="5.641" classname="SupportClasses.Account_Lookup"/>
  <testcase name="Update_Account_Details" time="8.311" classname="SupportClasses.Account_Lookup"/>
  <testcase name="Update_Account_Details" time="6.448" classname="SupportClasses.Account_Lookup"/>
  <testcase name="Update_Account_Details" time="5.747" classname="SupportClasses.Account_Lookup"/>
  <testcase name="Update_Account_Details" time="6.524" classname="SupportClasses.Account_Lookup"/>
  <testcase name="Update_Account_Details" time="6.284" classname="SupportClasses.Account_Lookup"/>
  <testcase name="Update_Account_Details" time="8.341" classname="SupportClasses.Account_Lookup"/>
  <testcase name="Update_Account_Details" time="20.290" classname="SupportClasses.Account_Lookup"/>
  <testcase name="Update_Account_Details" time="8.924" classname="SupportClasses.Account_Lookup"/>
  <testcase name="Update_Account_Details" time="5.484" classname="SupportClasses.Account_Lookup"/>
  <testcase name="Update_Account_Details" time="9.193" classname="SupportClasses.Account_Lookup"/>
  <testcase name="Update_Account_Details" time="6.084" classname="SupportClasses.Account_Lookup"/>
  <testcase name="Update_Account_Details" time="16.806" classname="SupportClasses.Account_Lookup"/>
  <testcase name="Update_Account_Details" time="6.888" classname="SupportClasses.Account_Lookup"/>
  <testcase name="Update_Account_Details" time="14.322" classname="SupportClasses.Account_Lookup"/>
  <testcase name="Update_Account_Details" time="9.668" classname="SupportClasses.Account_Lookup"/>
  <testcase name="Update_Account_Details" time="7.460" classname="SupportClasses.Account_Lookup"/>
  <testcase name="Update_Account_Details" time="14.664" classname="SupportClasses.Account_Lookup"/>
  <testcase name="Update_Account_Details" time="5.507" classname="SupportClasses.Account_Lookup"/>
  <testcase name="Update_Account_Details" time="6.873" classname="SupportClasses.Account_Lookup"/>
  <testcase name="Update_Account_Details" time="9.969" classname="SupportClasses.Account_Lookup"/>
  <testcase name="Update_Account_Details" time="8.706" classname="SupportClasses.Account_Lookup"/>
  <testcase name="Update_Account_Details" time="12.785" classname="SupportClasses.Account_Lookup"/>
  <testcase name="Update_Account_Details" time="6.508" classname="SupportClasses.Account_Lookup"/>
  <testcase name="Update_Account_Details" time="10.074" classname="SupportClasses.Account_Lookup"/>
  <testcase name="Update_Account_Details" time="10.448" classname="SupportClasses.Account_Lookup"/>
  <testcase name="Update_Account_Details" time="7.202" classname="SupportClasses.Account_Lookup"/>
  <testcase name="Update_Account_Details" time="7.000" classname="SupportClasses.Account_Lookup"/>
  <testcase name="Update_Account_Details" time="6.152" classname="SupportClasses.Account_Lookup"/>
  <testcase name="Update_Account_Details" time="5.758" classname="SupportClasses.Account_Lookup"/>
  <testcase name="Update_Account_Details" time="12.085" classname="SupportClasses.Account_Lookup"/>
  <testcase name="Update_Account_Details" time="6.761" classname="SupportClasses.Account_Lookup"/>
  <testcase name="Update_Account_Details" time="11.698" classname="SupportClasses.Account_Lookup"/>
  <testcase name="Update_Account_Details" time="16.552" classname="SupportClasses.Account_Lookup"/>
  <testcase name="Update_Account_Details" time="8.465" classname="SupportClasses.Account_Lookup"/>
  <testcase name="Update_Account_Details" time="7.697" classname="SupportClasses.Account_Lookup"/>
  <testcase name="Update_Account_Details" time="8.382" classname="SupportClasses.Account_Lookup"/>
  <testcase name="Update_Account_Details" time="9.092" classname="SupportClasses.Account_Lookup"/>
  <testcase name="Update_Account_Details" time="8.069" classname="SupportClasses.Account_Lookup"/>
  <testcase name="Update_Account_Details" time="7.591" classname="SupportClasses.Account_Lookup"/>
  <testcase name="Update_Account_Details" time="6.566" classname="SupportClasses.Account_Lookup"/>
  <testcase name="Update_Account_Details" time="6.290" classname="SupportClasses.Account_Lookup"/>
  <testcase name="Update_Account_Details" time="9.716" classname="SupportClasses.Account_Lookup"/>
  <testcase name="Update_Account_Details" time="5.819" classname="SupportClasses.Account_Lookup"/>
  <testcase name="Update_Account_Details" time="8.201" classname="SupportClasses.Account_Lookup"/>
  <testcase name="Update_Account_Details" time="8.672" classname="SupportClasses.Account_Lookup"/>
  <testcase name="Update_Account_Details" time="6.924" classname="SupportClasses.Account_Lookup"/>
  <testcase name="Update_Account_Details" time="9.691" classname="SupportClasses.Account_Lookup"/>
  <testcase name="Update_Account_Details" time="7.076" classname="SupportClasses.Account_Lookup"/>
  <testcase name="Update_Account_Details" time="6.259" classname="SupportClasses.Account_Lookup"/>
  <testcase name="Update_Account_Details" time="6.296" classname="SupportClasses.Account_Lookup"/>
  <testcase name="Update_Account_Details" time="7.891" classname="SupportClasses.Account_Lookup"/>
  <testcase name="Update_Account_Details" time="6.504" classname="SupportClasses.Account_Lookup"/>
  <testcase name="Update_Account_Details" time="8.523" classname="SupportClasses.Account_Lookup"/>
  <testcase name="Update_Account_Details" time="6.175" classname="SupportClasses.Account_Lookup"/>
  <testcase name="Update_Account_Details" time="7.702" classname="SupportClasses.Account_Lookup"/>
  <testcase name="Update_Account_Details" time="7.806" classname="SupportClasses.Account_Lookup"/>
  <testcase name="Update_Account_Details" time="4.895" classname="SupportClasses.Account_Lookup"/>
  <testcase name="Update_Account_Details" time="22.330" classname="SupportClasses.Account_Lookup"/>
  <testcase name="Update_Account_Details" time="7.151" classname="SupportClasses.Account_Lookup"/>
  <testcase name="Update_Account_Details" time="14.248" classname="SupportClasses.Account_Lookup"/>
  <testcase name="Update_Account_Details" time="8.030" classname="SupportClasses.Account_Lookup"/>
  <testcase name="Update_Account_Details" time="7.267" classname="SupportClasses.Account_Lookup"/>
  <testcase name="Update_Account_Details" time="17.369" classname="SupportClasses.Account_Lookup"/>
  <testcase name="Update_Account_Details" time="12.926" classname="SupportClasses.Account_Lookup"/>
  <testcase name="Update_Account_Details" time="7.048" classname="SupportClasses.Account_Lookup"/>
  <testcase name="Update_Account_Details" time="13.143" classname="SupportClasses.Account_Lookup"/>
  <testcase name="Update_Account_Details" time="7.687" classname="SupportClasses.Account_Lookup"/>
  <testcase name="Update_Account_Details" time="6.430" classname="SupportClasses.Account_Lookup"/>
  <testcase name="Update_Account_Details" time="6.728" classname="SupportClasses.Account_Lookup"/>
  <testcase name="Update_Account_Details" time="5.848" classname="SupportClasses.Account_Lookup"/>
  <testcase name="Update_Account_Details" time="5.779" classname="SupportClasses.Account_Lookup"/>
  <testcase name="Update_Account_Details" time="6.514" classname="SupportClasses.Account_Lookup"/>
  <testcase name="Update_Account_Details" time="17.908" classname="SupportClasses.Account_Lookup"/>
  <testcase name="Update_Account_Details" time="13.674" classname="SupportClasses.Account_Lookup"/>
  <testcase name="Update_Account_Details" time="6.073" classname="SupportClasses.Account_Lookup"/>
  <testcase name="Update_Account_Details" time="8.881" classname="SupportClasses.Account_Lookup"/>
  <testcase name="Update_Account_Details" time="8.267" classname="SupportClasses.Account_Lookup"/>
  <testcase name="Update_Account_Details" time="19.115" classname="SupportClasses.Account_Lookup"/>
  <testcase name="Update_Account_Details" time="8.996" classname="SupportClasses.Account_Lookup"/>
  <testcase name="Update_Account_Details" time="7.227" classname="SupportClasses.Account_Lookup"/>
  <testcase name="Update_Account_Details" time="7.646" classname="SupportClasses.Account_Lookup"/>
  <testcase name="Update_Account_Details" time="13.172" classname="SupportClasses.Account_Lookup"/>
  <testcase name="Update_Account_Details" time="10.033" classname="SupportClasses.Account_Lookup"/>
  <testcase name="Update_Account_Details" time="5.692" classname="SupportClasses.Account_Lookup"/>
  <testcase name="Update_Account_Details" time="5.676" classname="SupportClasses.Account_Lookup"/>
  <testcase name="Update_Account_Details" time="11.581" classname="SupportClasses.Account_Lookup"/>
  <testcase name="Update_Account_Details" time="7.957" classname="SupportClasses.Account_Lookup"/>
  <testcase name="Update_Account_Details" time="6.921" classname="SupportClasses.Account_Lookup"/>
  <testcase name="Update_Account_Details" time="12.984" classname="SupportClasses.Account_Lookup"/>
  <testcase name="Update_Account_Details" time="9.731" classname="SupportClasses.Account_Lookup"/>
  <testcase name="Update_Account_Details" time="5.528" classname="SupportClasses.Account_Lookup"/>
  <testcase name="Update_Account_Details" time="4.830" classname="SupportClasses.Account_Lookup"/>
  <testcase name="Update_Account_Details" time="5.786" classname="SupportClasses.Account_Lookup"/>
  <testcase name="Update_Account_Details" time="9.646" classname="SupportClasses.Account_Lookup"/>
  <testcase name="Update_Account_Details" time="6.984" classname="SupportClasses.Account_Lookup"/>
  <testcase name="Update_Account_Details" time="9.006" classname="SupportClasses.Account_Lookup"/>
  <testcase name="Update_Account_Details" time="6.790" classname="SupportClasses.Account_Lookup"/>
  <testcase name="Update_Account_Details" time="7.222" classname="SupportClasses.Account_Lookup"/>
  <testcase name="Update_Account_Details" time="9.655" classname="SupportClasses.Account_Lookup"/>
  <testcase name="Update_Account_Details" time="6.597" classname="SupportClasses.Account_Lookup"/>
  <testcase name="Update_Account_Details" time="7.542" classname="SupportClasses.Account_Lookup"/>
  <testcase name="Update_Account_Details" time="5.658" classname="SupportClasses.Account_Lookup"/>
  <testcase name="Update_Account_Details" time="5.905" classname="SupportClasses.Account_Lookup"/>
  <testcase name="Update_Account_Details" time="16.016" classname="SupportClasses.Account_Lookup"/>
  <testcase name="Update_Account_Details" time="9.483" classname="SupportClasses.Account_Lookup"/>
  <testcase name="Update_Account_Details" time="6.624" classname="SupportClasses.Account_Lookup"/>
  <testcase name="Update_Account_Details" time="7.275" classname="SupportClasses.Account_Lookup"/>
  <testcase name="Update_Account_Details" time="8.699" classname="SupportClasses.Account_Lookup"/>
  <testcase name="Update_Account_Details" time="17.865" classname="SupportClasses.Account_Lookup"/>
  <testcase name="Update_Account_Details" time="5.732" classname="SupportClasses.Account_Lookup"/>
  <testcase name="Update_Account_Details" time="13.032" classname="SupportClasses.Account_Lookup"/>
  <testcase name="Update_Account_Details" time="6.946" classname="SupportClasses.Account_Lookup"/>
  <testcase name="Update_Account_Details" time="9.927" classname="SupportClasses.Account_Lookup"/>
  <testcase name="Update_Account_Details" time="7.529" classname="SupportClasses.Account_Lookup"/>
  <testcase name="Update_Account_Details" time="5.675" classname="SupportClasses.Account_Lookup"/>
  <testcase name="Update_Account_Details" time="6.309" classname="SupportClasses.Account_Lookup"/>
  <testcase name="Update_Account_Details" time="10.849" classname="SupportClasses.Account_Lookup"/>
  <testcase name="Update_Account_Details" time="6.165" classname="SupportClasses.Account_Lookup"/>
  <testcase name="Update_Account_Details" time="6.442" classname="SupportClasses.Account_Lookup"/>
  <testcase name="Update_Account_Details" time="6.000" classname="SupportClasses.Account_Lookup"/>
  <testcase name="Update_Account_Details" time="6.031" classname="SupportClasses.Account_Lookup"/>
  <testcase name="Update_Account_Details" time="13.068" classname="SupportClasses.Account_Lookup"/>
  <testcase name="Update_Account_Details" time="7.021" classname="SupportClasses.Account_Lookup"/>
  <testcase name="Update_Account_Details" time="14.890" classname="SupportClasses.Account_Lookup"/>
  <testcase name="Update_Account_Details" time="8.093" classname="SupportClasses.Account_Lookup"/>
  <testcase name="Update_Account_Details" time="5.884" classname="SupportClasses.Account_Lookup"/>
  <testcase name="Update_Account_Details" time="7.783" classname="SupportClasses.Account_Lookup"/>
  <testcase name="Update_Account_Details" time="7.156" classname="SupportClasses.Account_Lookup"/>
  <testcase name="Update_Account_Details" time="8.516" classname="SupportClasses.Account_Lookup"/>
  <testcase name="Update_Account_Details" time="17.675" classname="SupportClasses.Account_Lookup"/>
  <testcase name="Update_Account_Details" time="7.814" classname="SupportClasses.Account_Lookup"/>
  <testcase name="Update_Account_Details" time="6.845" classname="SupportClasses.Account_Lookup"/>
  <testcase name="Update_Account_Details" time="8.173" classname="SupportClasses.Account_Lookup"/>
  <testcase name="Update_Account_Details" time="5.216" classname="SupportClasses.Account_Lookup"/>
  <testcase name="Update_Account_Details" time="7.076" classname="SupportClasses.Account_Lookup"/>
  <testcase name="Update_Account_Details" time="6.149" classname="SupportClasses.Account_Lookup"/>
  <testcase name="Update_Account_Details" time="6.981" classname="SupportClasses.Account_Lookup"/>
  <testcase name="Update_Account_Details" time="7.715" classname="SupportClasses.Account_Lookup"/>
  <testcase name="Update_Account_Details" time="7.807" classname="SupportClasses.Account_Lookup"/>
  <testcase name="Update_Account_Details" time="15.820" classname="SupportClasses.Account_Lookup"/>
  <testcase name="Update_Account_Details" time="12.321" classname="SupportClasses.Account_Lookup"/>
  <testcase name="Update_Account_Details" time="7.580" classname="SupportClasses.Account_Lookup"/>
  <testcase name="Update_Account_Details" time="10.363" classname="SupportClasses.Account_Lookup"/>
  <testcase name="Update_Account_Details" time="15.921" classname="SupportClasses.Account_Lookup"/>
  <testcase name="Update_Account_Details" time="5.289" classname="SupportClasses.Account_Lookup"/>
  <testcase name="Update_Account_Details" time="7.537" classname="SupportClasses.Account_Lookup"/>
  <testcase name="Update_Account_Details" time="7.530" classname="SupportClasses.Account_Lookup"/>
  <testcase name="Update_Account_Details" time="6.274" classname="SupportClasses.Account_Lookup"/>
  <testcase name="Update_Account_Details" time="10.338" classname="SupportClasses.Account_Lookup"/>
  <testcase name="Update_Account_Details" time="8.572" classname="SupportClasses.Account_Lookup"/>
  <testcase name="Update_Account_Details" time="8.760" classname="SupportClasses.Account_Lookup"/>
  <testcase name="Update_Account_Details" time="8.321" classname="SupportClasses.Account_Lookup"/>
  <testcase name="Update_Account_Details" time="7.219" classname="SupportClasses.Account_Lookup"/>
  <testcase name="Update_Account_Details" time="7.070" classname="SupportClasses.Account_Lookup"/>
  <testcase name="Update_Account_Details" time="6.015" classname="SupportClasses.Account_Lookup"/>
  <testcase name="Update_Account_Details" time="7.960" classname="SupportClasses.Account_Lookup"/>
  <testcase name="Update_Account_Details" time="7.125" classname="SupportClasses.Account_Lookup"/>
  <testcase name="Update_Account_Details" time="6.918" classname="SupportClasses.Account_Lookup"/>
  <testcase name="Update_Account_Details" time="6.642" classname="SupportClasses.Account_Lookup"/>
  <testcase name="Update_Account_Details" time="6.602" classname="SupportClasses.Account_Lookup"/>
  <testcase name="Update_Account_Details" time="13.717" classname="SupportClasses.Account_Lookup"/>
  <testcase name="Update_Account_Details" time="7.079" classname="SupportClasses.Account_Lookup"/>
  <testcase name="Update_Account_Details" time="7.130" classname="SupportClasses.Account_Lookup"/>
  <testcase name="Update_Account_Details" time="16.838" classname="SupportClasses.Account_Lookup"/>
  <testcase name="Update_Account_Details" time="13.318" classname="SupportClasses.Account_Lookup"/>
  <testcase name="Update_Account_Details" time="15.952" classname="SupportClasses.Account_Lookup"/>
  <testcase name="Update_Account_Details" time="7.394" classname="SupportClasses.Account_Lookup"/>
  <testcase name="Update_Account_Details" time="6.121" classname="SupportClasses.Account_Lookup"/>
  <testcase name="Update_Account_Details" time="6.745" classname="SupportClasses.Account_Lookup"/>
  <testcase name="Update_Account_Details" time="7.707" classname="SupportClasses.Account_Lookup"/>
  <testcase name="Update_Account_Details" time="14.895" classname="SupportClasses.Account_Lookup"/>
  <testcase name="Update_Account_Details" time="11.053" classname="SupportClasses.Account_Lookup"/>
  <testcase name="Update_Account_Details" time="18.271" classname="SupportClasses.Account_Lookup"/>
  <testcase name="Update_Account_Details" time="9.063" classname="SupportClasses.Account_Lookup"/>
  <testcase name="Update_Account_Details" time="7.893" classname="SupportClasses.Account_Lookup"/>
  <testcase name="Update_Account_Details" time="12.136" classname="SupportClasses.Account_Lookup"/>
  <testcase name="Update_Account_Details" time="5.719" classname="SupportClasses.Account_Lookup"/>
  <testcase name="Update_Account_Details" time="11.518" classname="SupportClasses.Account_Lookup"/>
  <testcase name="Update_Account_Details" time="7.883" classname="SupportClasses.Account_Lookup"/>
  <testcase name="Update_Account_Details" time="12.204" classname="SupportClasses.Account_Lookup"/>
  <testcase name="Update_Account_Details" time="19.083" classname="SupportClasses.Account_Lookup"/>
  <testcase name="Update_Account_Details" time="7.188" classname="SupportClasses.Account_Lookup"/>
  <testcase name="Update_Account_Details" time="12.119" classname="SupportClasses.Account_Lookup"/>
  <testcase name="Update_Account_Details" time="5.770" classname="SupportClasses.Account_Lookup"/>
  <testcase name="Update_Account_Details" time="14.329" classname="SupportClasses.Account_Lookup"/>
  <testcase name="Update_Account_Details" time="5.888" classname="SupportClasses.Account_Lookup"/>
  <testcase name="Update_Account_Details" time="7.546" classname="SupportClasses.Account_Lookup"/>
  <testcase name="Update_Account_Details" time="6.510" classname="SupportClasses.Account_Lookup"/>
  <testcase name="Update_Account_Details" time="8.457" classname="SupportClasses.Account_Lookup"/>
  <testcase name="Update_Account_Details" time="6.426" classname="SupportClasses.Account_Lookup"/>
  <testcase name="Update_Account_Details" time="5.492" classname="SupportClasses.Account_Lookup"/>
  <testcase name="Update_Account_Details" time="7.710" classname="SupportClasses.Account_Lookup"/>
  <testcase name="Update_Account_Details" time="7.991" classname="SupportClasses.Account_Lookup"/>
  <testcase name="Update_Account_Details" time="4.386" classname="SupportClasses.Account_Lookup"/>
  <testcase name="Update_Account_Details" time="7.054" classname="SupportClasses.Account_Lookup"/>
  <testcase name="Update_Account_Details" time="6.403" classname="SupportClasses.Account_Lookup"/>
  <testcase name="Update_Account_Details" time="6.123" classname="SupportClasses.Account_Lookup"/>
  <testcase name="Update_Account_Details" time="4.998" classname="SupportClasses.Account_Lookup"/>
  <testcase name="Update_Account_Details" time="7.825" classname="SupportClasses.Account_Lookup"/>
  <testcase name="Update_Account_Details" time="6.409" classname="SupportClasses.Account_Lookup"/>
  <testcase name="Update_Account_Details" time="12.334" classname="SupportClasses.Account_Lookup"/>
  <testcase name="Update_Account_Details" time="22.793" classname="SupportClasses.Account_Lookup"/>
  <testcase name="Update_Account_Details" time="6.410" classname="SupportClasses.Account_Lookup"/>
  <testcase name="Update_Account_Details" time="7.171" classname="SupportClasses.Account_Lookup"/>
  <testcase name="Update_Account_Details" time="11.705" classname="SupportClasses.Account_Lookup"/>
  <testcase name="Update_Account_Details" time="9.962" classname="SupportClasses.Account_Lookup"/>
  <testcase name="Update_Account_Details" time="5.341" classname="SupportClasses.Account_Lookup"/>
  <testcase name="Update_Account_Details" time="13.320" classname="SupportClasses.Account_Lookup"/>
  <testcase name="Update_Account_Details" time="9.039" classname="SupportClasses.Account_Lookup"/>
  <testcase name="Update_Account_Details" time="5.839" classname="SupportClasses.Account_Lookup"/>
  <testcase name="Update_Account_Details" time="7.447" classname="SupportClasses.Account_Lookup"/>
  <testcase name="Update_Account_Details" time="11.800" classname="SupportClasses.Account_Lookup"/>
  <testcase name="Update_Account_Details" time="5.764" classname="SupportClasses.Account_Lookup"/>
  <testcase name="Update_Account_Details" time="6.732" classname="SupportClasses.Account_Lookup"/>
  <testcase name="Update_Account_Details" time="8.817" classname="SupportClasses.Account_Lookup"/>
  <testcase name="Update_Account_Details" time="8.199" classname="SupportClasses.Account_Lookup"/>
  <testcase name="Update_Account_Details" time="9.209" classname="SupportClasses.Account_Lookup"/>
  <testcase name="Update_Account_Details" time="7.424" classname="SupportClasses.Account_Lookup"/>
  <testcase name="Update_Account_Details" time="15.014" classname="SupportClasses.Account_Lookup"/>
  <testcase name="Update_Account_Details" time="10.768" classname="SupportClasses.Account_Lookup"/>
  <testcase name="Update_Account_Details" time="5.657" classname="SupportClasses.Account_Lookup"/>
  <testcase name="Update_Account_Details" time="13.499" classname="SupportClasses.Account_Lookup"/>
  <testcase name="Update_Account_Details" time="8.333" classname="SupportClasses.Account_Lookup"/>
  <testcase name="Update_Account_Details" time="13.276" classname="SupportClasses.Account_Lookup"/>
  <testcase name="Update_Account_Details" time="12.618" classname="SupportClasses.Account_Lookup"/>
  <testcase name="Update_Account_Details" time="5.411" classname="SupportClasses.Account_Lookup"/>
  <testcase name="Update_Account_Details" time="7.277" classname="SupportClasses.Account_Lookup"/>
  <testcase name="Update_Account_Details" time="6.486" classname="SupportClasses.Account_Lookup"/>
  <testcase name="Update_Account_Details" time="7.710" classname="SupportClasses.Account_Lookup"/>
  <testcase name="Update_Account_Details" time="8.627" classname="SupportClasses.Account_Lookup"/>
  <testcase name="Update_Account_Details" time="7.704" classname="SupportClasses.Account_Lookup"/>
  <testcase name="Update_Account_Details" time="5.528" classname="SupportClasses.Account_Lookup"/>
  <testcase name="Update_Account_Details" time="10.828" classname="SupportClasses.Account_Lookup"/>
  <testcase name="Update_Account_Details" time="11.904" classname="SupportClasses.Account_Lookup"/>
  <testcase name="Update_Account_Details" time="6.782" classname="SupportClasses.Account_Lookup"/>
  <testcase name="Update_Account_Details" time="13.190" classname="SupportClasses.Account_Lookup"/>
  <testcase name="Update_Account_Details" time="4.773" classname="SupportClasses.Account_Lookup"/>
  <testcase name="Update_Account_Details" time="6.433" classname="SupportClasses.Account_Lookup"/>
  <testcase name="Update_Account_Details" time="5.867" classname="SupportClasses.Account_Lookup"/>
  <testcase name="Update_Account_Details" time="16.544" classname="SupportClasses.Account_Lookup"/>
  <testcase name="Update_Account_Details" time="6.874" classname="SupportClasses.Account_Lookup"/>
  <testcase name="Update_Account_Details" time="13.060" classname="SupportClasses.Account_Lookup"/>
  <testcase name="Update_Account_Details" time="7.076" classname="SupportClasses.Account_Lookup"/>
  <testcase name="Update_Account_Details" time="6.852" classname="SupportClasses.Account_Lookup"/>
  <testcase name="Update_Account_Details" time="6.984" classname="SupportClasses.Account_Lookup"/>
  <testcase name="Update_Account_Details" time="8.217" classname="SupportClasses.Account_Lookup"/>
  <testcase name="Update_Account_Details" time="12.304" classname="SupportClasses.Account_Lookup"/>
  <testcase name="Update_Account_Details" time="7.212" classname="SupportClasses.Account_Lookup"/>
  <testcase name="Update_Account_Details" time="5.554" classname="SupportClasses.Account_Lookup"/>
  <testcase name="Update_Account_Details" time="11.767" classname="SupportClasses.Account_Lookup"/>
  <testcase name="Update_Account_Details" time="5.653" classname="SupportClasses.Account_Lookup"/>
  <testcase name="Update_Account_Details" time="7.181" classname="SupportClasses.Account_Lookup"/>
  <testcase name="Update_Account_Details" time="11.447" classname="SupportClasses.Account_Lookup"/>
  <testcase name="Update_Account_Details" time="24.453" classname="SupportClasses.Account_Lookup"/>
  <testcase name="Update_Account_Details" time="10.863" classname="SupportClasses.Account_Lookup"/>
  <testcase name="Update_Account_Details" time="5.743" classname="SupportClasses.Account_Lookup"/>
  <testcase name="Update_Account_Details" time="7.659" classname="SupportClasses.Account_Lookup"/>
  <testcase name="Update_Account_Details" time="6.342" classname="SupportClasses.Account_Lookup"/>
  <testcase name="Update_Account_Details" time="6.687" classname="SupportClasses.Account_Lookup"/>
  <testcase name="Update_Account_Details" time="12.355" classname="SupportClasses.Account_Lookup"/>
  <testcase name="Update_Account_Details" time="6.636" classname="SupportClasses.Account_Lookup"/>
  <testcase name="Update_Account_Details" time="7.422" classname="SupportClasses.Account_Lookup"/>
  <testcase name="Update_Account_Details" time="15.709" classname="SupportClasses.Account_Lookup"/>
  <testcase name="Update_Account_Details" time="15.920" classname="SupportClasses.Account_Lookup"/>
  <testcase name="Update_Account_Details" time="5.466" classname="SupportClasses.Account_Lookup"/>
  <testcase name="Update_Account_Details" time="5.497" classname="SupportClasses.Account_Lookup"/>
  <testcase name="Update_Account_Details" time="18.508" classname="SupportClasses.Account_Lookup"/>
  <testcase name="Update_Account_Details" time="6.873" classname="SupportClasses.Account_Lookup"/>
  <testcase name="Update_Account_Details" time="8.259" classname="SupportClasses.Account_Lookup"/>
  <testcase name="Update_Account_Details" time="15.356" classname="SupportClasses.Account_Lookup"/>
  <testcase name="Update_Account_Details" time="6.618" classname="SupportClasses.Account_Lookup"/>
  <testcase name="Update_Account_Details" time="7.433" classname="SupportClasses.Account_Lookup"/>
  <testcase name="Update_Account_Details" time="7.376" classname="SupportClasses.Account_Lookup"/>
  <testcase name="Update_Account_Details" time="17.307" classname="SupportClasses.Account_Lookup"/>
  <testcase name="Update_Account_Details" time="9.822" classname="SupportClasses.Account_Lookup"/>
  <testcase name="Update_Account_Details" time="9.600" classname="SupportClasses.Account_Lookup"/>
  <testcase name="Update_Account_Details" time="8.175" classname="SupportClasses.Account_Lookup"/>
  <testcase name="Update_Account_Details" time="8.903" classname="SupportClasses.Account_Lookup"/>
  <testcase name="Update_Account_Details" time="5.575" classname="SupportClasses.Account_Lookup"/>
  <testcase name="Update_Account_Details" time="5.565" classname="SupportClasses.Account_Lookup"/>
  <testcase name="Update_Account_Details" time="5.626" classname="SupportClasses.Account_Lookup"/>
  <testcase name="Update_Account_Details" time="7.805" classname="SupportClasses.Account_Lookup"/>
  <testcase name="Update_Account_Details" time="11.896" classname="SupportClasses.Account_Lookup"/>
  <testcase name="Update_Account_Details" time="10.272" classname="SupportClasses.Account_Lookup"/>
  <testcase name="Update_Account_Details" time="8.716" classname="SupportClasses.Account_Lookup"/>
  <testcase name="Update_Account_Details" time="5.942" classname="SupportClasses.Account_Lookup"/>
  <testcase name="Update_Account_Details" time="16.018" classname="SupportClasses.Account_Lookup"/>
  <testcase name="Update_Account_Details" time="6.403" classname="SupportClasses.Account_Lookup"/>
  <testcase name="Update_Account_Details" time="6.453" classname="SupportClasses.Account_Lookup"/>
  <testcase name="Update_Account_Details" time="8.494" classname="SupportClasses.Account_Lookup"/>
  <testcase name="Update_Account_Details" time="12.661" classname="SupportClasses.Account_Lookup"/>
  <testcase name="Update_Account_Details" time="7.400" classname="SupportClasses.Account_Lookup"/>
  <testcase name="Update_Account_Details" time="8.167" classname="SupportClasses.Account_Lookup"/>
  <testcase name="Update_Account_Details" time="7.189" classname="SupportClasses.Account_Lookup"/>
  <testcase name="Update_Account_Details" time="7.140" classname="SupportClasses.Account_Lookup"/>
  <testcase name="Update_Account_Details" time="5.767" classname="SupportClasses.Account_Lookup"/>
  <testcase name="Update_Account_Details" time="10.456" classname="SupportClasses.Account_Lookup"/>
  <testcase name="Update_Account_Details" time="12.891" classname="SupportClasses.Account_Lookup"/>
  <testcase name="Update_Account_Details" time="12.552" classname="SupportClasses.Account_Lookup"/>
  <testcase name="Update_Account_Details" time="7.603" classname="SupportClasses.Account_Lookup"/>
  <testcase name="Update_Account_Details" time="8.881" classname="SupportClasses.Account_Lookup"/>
  <testcase name="Update_Account_Details" time="8.454" classname="SupportClasses.Account_Lookup"/>
  <testcase name="Update_Account_Details" time="9.041" classname="SupportClasses.Account_Lookup"/>
  <testcase name="Update_Account_Details" time="8.029" classname="SupportClasses.Account_Lookup"/>
  <testcase name="Update_Account_Details" time="5.826" classname="SupportClasses.Account_Lookup"/>
  <testcase name="Update_Account_Details" time="7.298" classname="SupportClasses.Account_Lookup"/>
  <testcase name="Update_Account_Details" time="4.690" classname="SupportClasses.Account_Lookup"/>
  <testcase name="Update_Account_Details" time="17.570" classname="SupportClasses.Account_Lookup"/>
  <testcase name="Update_Account_Details" time="5.652" classname="SupportClasses.Account_Lookup"/>
  <testcase name="Update_Account_Details" time="6.207" classname="SupportClasses.Account_Lookup"/>
  <testcase name="Update_Account_Details" time="6.217" classname="SupportClasses.Account_Lookup"/>
  <testcase name="Update_Account_Details" time="6.273" classname="SupportClasses.Account_Lookup"/>
  <testcase name="Update_Account_Details" time="6.814" classname="SupportClasses.Account_Lookup"/>
  <testcase name="Update_Account_Details" time="14.062" classname="SupportClasses.Account_Lookup"/>
  <testcase name="Update_Account_Details" time="8.632" classname="SupportClasses.Account_Lookup"/>
  <testcase name="Update_Account_Details" time="6.558" classname="SupportClasses.Account_Lookup"/>
  <testcase name="Update_Account_Details" time="7.781" classname="SupportClasses.Account_Lookup"/>
  <testcase name="Update_Account_Details" time="8.104" classname="SupportClasses.Account_Lookup"/>
  <testcase name="Update_Account_Details" time="5.759" classname="SupportClasses.Account_Lookup"/>
  <testcase name="Update_Account_Details" time="5.904" classname="SupportClasses.Account_Lookup"/>
  <testcase name="Update_Account_Details" time="6.704" classname="SupportClasses.Account_Lookup"/>
  <testcase name="Update_Account_Details" time="12.445" classname="SupportClasses.Account_Lookup"/>
  <testcase name="Update_Account_Details" time="16.863" classname="SupportClasses.Account_Lookup"/>
  <testcase name="Update_Account_Details" time="6.800" classname="SupportClasses.Account_Lookup"/>
  <testcase name="Update_Account_Details" time="5.125" classname="SupportClasses.Account_Lookup"/>
  <testcase name="Update_Account_Details" time="6.673" classname="SupportClasses.Account_Lookup"/>
  <testcase name="Update_Account_Details" time="13.845" classname="SupportClasses.Account_Lookup"/>
  <testcase name="Update_Account_Details" time="15.947" classname="SupportClasses.Account_Lookup"/>
  <testcase name="Update_Account_Details" time="15.663" classname="SupportClasses.Account_Lookup"/>
  <testcase name="Update_Account_Details" time="16.149" classname="SupportClasses.Account_Lookup"/>
  <testcase name="Update_Account_Details" time="9.623" classname="SupportClasses.Account_Lookup"/>
  <testcase name="Update_Account_Details" time="7.715" classname="SupportClasses.Account_Lookup"/>
  <testcase name="Update_Account_Details" time="13.927" classname="SupportClasses.Account_Lookup"/>
  <testcase name="Update_Account_Details" time="7.337" classname="SupportClasses.Account_Lookup"/>
  <testcase name="Update_Account_Details" time="6.095" classname="SupportClasses.Account_Lookup"/>
  <testcase name="Update_Account_Details" time="8.291" classname="SupportClasses.Account_Lookup"/>
  <testcase name="Update_Account_Details" time="21.107" classname="SupportClasses.Account_Lookup"/>
  <testcase name="Update_Account_Details" time="11.571" classname="SupportClasses.Account_Lookup"/>
  <testcase name="Update_Account_Details" time="9.212" classname="SupportClasses.Account_Lookup"/>
  <testcase name="Update_Account_Details" time="9.022" classname="SupportClasses.Account_Lookup"/>
  <testcase name="Update_Account_Details" time="6.560" classname="SupportClasses.Account_Lookup"/>
  <testcase name="Update_Account_Details" time="7.262" classname="SupportClasses.Account_Lookup"/>
  <testcase name="Update_Account_Details" time="6.115" classname="SupportClasses.Account_Lookup"/>
  <testcase name="Update_Account_Details" time="6.962" classname="SupportClasses.Account_Lookup"/>
  <testcase name="Update_Account_Details" time="8.564" classname="SupportClasses.Account_Lookup"/>
  <testcase name="Update_Account_Details" time="6.806" classname="SupportClasses.Account_Lookup"/>
  <testcase name="Update_Account_Details" time="8.352" classname="SupportClasses.Account_Lookup"/>
  <testcase name="Update_Account_Details" time="6.604" classname="SupportClasses.Account_Lookup"/>
  <testcase name="Update_Account_Details" time="6.550" classname="SupportClasses.Account_Lookup"/>
  <testcase name="Update_Account_Details" time="10.234" classname="SupportClasses.Account_Lookup"/>
  <testcase name="Update_Account_Details" time="7.194" classname="SupportClasses.Account_Lookup"/>
  <testcase name="Update_Account_Details" time="18.050" classname="SupportClasses.Account_Lookup"/>
  <testcase name="Update_Account_Details" time="10.862" classname="SupportClasses.Account_Lookup"/>
  <testcase name="Update_Account_Details" time="13.246" classname="SupportClasses.Account_Lookup"/>
  <testcase name="Update_Account_Details" time="6.504" classname="SupportClasses.Account_Lookup"/>
  <testcase name="Update_Account_Details" time="8.141" classname="SupportClasses.Account_Lookup"/>
  <testcase name="Update_Account_Details" time="6.641" classname="SupportClasses.Account_Lookup"/>
  <testcase name="Update_Account_Details" time="6.302" classname="SupportClasses.Account_Lookup"/>
  <testcase name="Update_Account_Details" time="5.585" classname="SupportClasses.Account_Lookup"/>
  <testcase name="Update_Account_Details" time="4.145" classname="SupportClasses.Account_Lookup"/>
  <testcase name="Update_Account_Details" time="6.003" classname="SupportClasses.Account_Lookup"/>
  <testcase name="Update_Account_Details" time="6.579" classname="SupportClasses.Account_Lookup"/>
  <testcase name="Update_Account_Details" time="7.444" classname="SupportClasses.Account_Lookup"/>
  <testcase name="Update_Account_Details" time="14.023" classname="SupportClasses.Account_Lookup"/>
  <testcase name="Update_Account_Details" time="12.274" classname="SupportClasses.Account_Lookup"/>
  <testcase name="Update_Account_Details" time="6.818" classname="SupportClasses.Account_Lookup"/>
  <testcase name="Update_Account_Details" time="6.768" classname="SupportClasses.Account_Lookup"/>
  <testcase name="Update_Account_Details" time="6.502" classname="SupportClasses.Account_Lookup"/>
  <testcase name="Update_Account_Details" time="7.636" classname="SupportClasses.Account_Lookup"/>
  <testcase name="Update_Account_Details" time="11.796" classname="SupportClasses.Account_Lookup"/>
  <testcase name="Update_Account_Details" time="5.258" classname="SupportClasses.Account_Lookup"/>
  <testcase name="Update_Account_Details" time="7.511" classname="SupportClasses.Account_Lookup"/>
  <testcase name="Update_Account_Details" time="10.334" classname="SupportClasses.Account_Lookup"/>
  <testcase name="Update_Account_Details" time="5.742" classname="SupportClasses.Account_Lookup"/>
  <testcase name="Update_Account_Details" time="9.859" classname="SupportClasses.Account_Lookup"/>
  <testcase name="Update_Account_Details" time="8.272" classname="SupportClasses.Account_Lookup"/>
  <testcase name="Update_Account_Details" time="7.248" classname="SupportClasses.Account_Lookup"/>
  <testcase name="Update_Account_Details" time="8.010" classname="SupportClasses.Account_Lookup"/>
  <testcase name="Update_Account_Details" time="6.837" classname="SupportClasses.Account_Lookup"/>
  <testcase name="Update_Account_Details" time="14.705" classname="SupportClasses.Account_Lookup"/>
  <testcase name="Update_Account_Details" time="6.606" classname="SupportClasses.Account_Lookup"/>
  <testcase name="Update_Account_Details" time="5.767" classname="SupportClasses.Account_Lookup"/>
  <testcase name="Update_Account_Details" time="12.281" classname="SupportClasses.Account_Lookup"/>
  <testcase name="Update_Account_Details" time="6.543" classname="SupportClasses.Account_Lookup"/>
  <testcase name="Update_Account_Details" time="7.310" classname="SupportClasses.Account_Lookup"/>
  <testcase name="Update_Account_Details" time="14.352" classname="SupportClasses.Account_Lookup"/>
  <testcase name="Update_Account_Details" time="6.733" classname="SupportClasses.Account_Lookup"/>
  <testcase name="Update_Account_Details" time="6.555" classname="SupportClasses.Account_Lookup"/>
  <testcase name="Update_Account_Details" time="11.858" classname="SupportClasses.Account_Lookup"/>
  <testcase name="Update_Account_Details" time="12.659" classname="SupportClasses.Account_Lookup"/>
  <testcase name="Update_Account_Details" time="7.498" classname="SupportClasses.Account_Lookup"/>
  <testcase name="Update_Account_Details" time="7.285" classname="SupportClasses.Account_Lookup"/>
  <testcase name="Update_Account_Details" time="13.300" classname="SupportClasses.Account_Lookup"/>
  <testcase name="Update_Account_Details" time="6.396" classname="SupportClasses.Account_Lookup"/>
  <testcase name="Update_Account_Details" time="6.545" classname="SupportClasses.Account_Lookup"/>
  <testcase name="Update_Account_Details" time="6.618" classname="SupportClasses.Account_Lookup"/>
  <testcase name="Update_Account_Details" time="10.386" classname="SupportClasses.Account_Lookup"/>
  <testcase name="Update_Account_Details" time="8.273" classname="SupportClasses.Account_Lookup"/>
  <testcase name="Update_Account_Details" time="6.959" classname="SupportClasses.Account_Lookup"/>
  <testcase name="Update_Account_Details" time="10.007" classname="SupportClasses.Account_Lookup"/>
  <testcase name="Update_Account_Details" time="7.654" classname="SupportClasses.Account_Lookup"/>
  <testcase name="Update_Account_Details" time="10.051" classname="SupportClasses.Account_Lookup"/>
  <testcase name="Update_Account_Details" time="9.152" classname="SupportClasses.Account_Lookup"/>
  <testcase name="Update_Account_Details" time="14.888" classname="SupportClasses.Account_Lookup"/>
  <testcase name="Update_Account_Details" time="12.360" classname="SupportClasses.Account_Lookup"/>
  <testcase name="Update_Account_Details" time="6.481" classname="SupportClasses.Account_Lookup"/>
  <testcase name="Update_Account_Details" time="10.743" classname="SupportClasses.Account_Lookup"/>
  <testcase name="Update_Account_Details" time="7.247" classname="SupportClasses.Account_Lookup"/>
  <testcase name="Update_Account_Details" time="12.639" classname="SupportClasses.Account_Lookup"/>
  <testcase name="Update_Account_Details" time="6.698" classname="SupportClasses.Account_Lookup"/>
  <testcase name="Update_Account_Details" time="13.482" classname="SupportClasses.Account_Lookup"/>
  <testcase name="Update_Account_Details" time="5.757" classname="SupportClasses.Account_Lookup"/>
  <testcase name="Update_Account_Details" time="8.356" classname="SupportClasses.Account_Lookup"/>
  <testcase name="Update_Account_Details" time="13.988" classname="SupportClasses.Account_Lookup"/>
  <testcase name="Update_Account_Details" time="14.491" classname="SupportClasses.Account_Lookup"/>
  <testcase name="Update_Account_Details" time="13.285" classname="SupportClasses.Account_Lookup"/>
  <testcase name="Update_Account_Details" time="7.024" classname="SupportClasses.Account_Lookup"/>
  <testcase name="Update_Account_Details" time="10.350" classname="SupportClasses.Account_Lookup"/>
  <testcase name="Update_Account_Details" time="8.565" classname="SupportClasses.Account_Lookup"/>
  <testcase name="Update_Account_Details" time="15.671" classname="SupportClasses.Account_Lookup"/>
  <testcase name="Update_Account_Details" time="6.650" classname="SupportClasses.Account_Lookup"/>
  <testcase name="Update_Account_Details" time="6.059" classname="SupportClasses.Account_Lookup"/>
  <testcase name="Update_Account_Details" time="8.655" classname="SupportClasses.Account_Lookup"/>
  <testcase name="Update_Account_Details" time="11.730" classname="SupportClasses.Account_Lookup"/>
  <testcase name="Update_Account_Details" time="8.890" classname="SupportClasses.Account_Lookup"/>
  <testcase name="Update_Account_Details" time="13.182" classname="SupportClasses.Account_Lookup"/>
  <testcase name="Update_Account_Details" time="7.477" classname="SupportClasses.Account_Lookup"/>
  <testcase name="Update_Account_Details" time="8.606" classname="SupportClasses.Account_Lookup"/>
  <testcase name="Update_Account_Details" time="14.242" classname="SupportClasses.Account_Lookup"/>
  <testcase name="Update_Account_Details" time="5.924" classname="SupportClasses.Account_Lookup"/>
  <testcase name="Update_Account_Details" time="5.960" classname="SupportClasses.Account_Lookup"/>
  <testcase name="Update_Account_Details" time="8.381" classname="SupportClasses.Account_Lookup"/>
  <testcase name="Update_Account_Details" time="5.424" classname="SupportClasses.Account_Lookup"/>
  <testcase name="Update_Account_Details" time="6.479" classname="SupportClasses.Account_Lookup"/>
  <testcase name="Update_Account_Details" time="10.012" classname="SupportClasses.Account_Lookup"/>
  <testcase name="Update_Account_Details" time="14.921" classname="SupportClasses.Account_Lookup"/>
  <testcase name="Update_Account_Details" time="7.507" classname="SupportClasses.Account_Lookup"/>
  <testcase name="Update_Account_Details" time="9.588" classname="SupportClasses.Account_Lookup"/>
  <testcase name="Update_Account_Details" time="5.064" classname="SupportClasses.Account_Lookup"/>
  <testcase name="Update_Account_Details" time="6.373" classname="SupportClasses.Account_Lookup"/>
  <testcase name="Update_Account_Details" time="5.580" classname="SupportClasses.Account_Lookup"/>
  <testcase name="Update_Account_Details" time="8.011" classname="SupportClasses.Account_Lookup"/>
  <testcase name="Update_Account_Details" time="6.206" classname="SupportClasses.Account_Lookup"/>
  <testcase name="Update_Account_Details" time="7.318" classname="SupportClasses.Account_Lookup"/>
  <testcase name="Update_Account_Details" time="7.560" classname="SupportClasses.Account_Lookup"/>
  <testcase name="Update_Account_Details" time="6.438" classname="SupportClasses.Account_Lookup"/>
  <testcase name="Update_Account_Details" time="8.882" classname="SupportClasses.Account_Lookup"/>
  <testcase name="Update_Account_Details" time="5.788" classname="SupportClasses.Account_Lookup"/>
  <testcase name="Update_Account_Details" time="6.367" classname="SupportClasses.Account_Lookup"/>
  <testcase name="Update_Account_Details" time="6.543" classname="SupportClasses.Account_Lookup"/>
  <testcase name="Update_Account_Details" time="6.141" classname="SupportClasses.Account_Lookup"/>
  <testcase name="Update_Account_Details" time="13.930" classname="SupportClasses.Account_Lookup"/>
  <testcase name="Update_Account_Details" time="6.858" classname="SupportClasses.Account_Lookup"/>
  <testcase name="Update_Account_Details" time="6.508" classname="SupportClasses.Account_Lookup"/>
  <testcase name="Update_Account_Details" time="9.260" classname="SupportClasses.Account_Lookup"/>
  <testcase name="Update_Account_Details" time="7.570" classname="SupportClasses.Account_Lookup"/>
  <testcase name="Update_Account_Details" time="5.974" classname="SupportClasses.Account_Lookup"/>
  <testcase name="Update_Account_Details" time="6.732" classname="SupportClasses.Account_Lookup"/>
  <testcase name="Update_Account_Details" time="7.603" classname="SupportClasses.Account_Lookup"/>
  <testcase name="Update_Account_Details" time="12.323" classname="SupportClasses.Account_Lookup"/>
  <testcase name="Update_Account_Details" time="5.844" classname="SupportClasses.Account_Lookup"/>
  <testcase name="Update_Account_Details" time="8.962" classname="SupportClasses.Account_Lookup"/>
  <testcase name="Update_Account_Details" time="5.988" classname="SupportClasses.Account_Lookup"/>
  <testcase name="Update_Account_Details" time="13.124" classname="SupportClasses.Account_Lookup"/>
  <testcase name="Update_Account_Details" time="5.701" classname="SupportClasses.Account_Lookup"/>
  <testcase name="Update_Account_Details" time="6.949" classname="SupportClasses.Account_Lookup"/>
  <testcase name="Update_Account_Details" time="10.086" classname="SupportClasses.Account_Lookup"/>
  <testcase name="Update_Account_Details" time="8.331" classname="SupportClasses.Account_Lookup"/>
  <testcase name="Update_Account_Details" time="5.912" classname="SupportClasses.Account_Lookup"/>
  <testcase name="Update_Account_Details" time="9.381" classname="SupportClasses.Account_Lookup"/>
  <testcase name="Update_Account_Details" time="6.592" classname="SupportClasses.Account_Lookup"/>
  <testcase name="Update_Account_Details" time="7.081" classname="SupportClasses.Account_Lookup"/>
  <testcase name="Update_Account_Details" time="6.043" classname="SupportClasses.Account_Lookup"/>
  <testcase name="Update_Account_Details" time="6.228" classname="SupportClasses.Account_Lookup"/>
  <testcase name="Update_Account_Details" time="6.272" classname="SupportClasses.Account_Lookup"/>
  <testcase name="Update_Account_Details" time="5.416" classname="SupportClasses.Account_Lookup"/>
  <testcase name="Update_Account_Details" time="8.723" classname="SupportClasses.Account_Lookup"/>
  <testcase name="Update_Account_Details" time="8.290" classname="SupportClasses.Account_Lookup"/>
  <testcase name="Update_Account_Details" time="6.886" classname="SupportClasses.Account_Lookup"/>
  <testcase name="Update_Account_Details" time="13.259" classname="SupportClasses.Account_Lookup"/>
  <testcase name="Update_Account_Details" time="13.198" classname="SupportClasses.Account_Lookup"/>
  <testcase name="Update_Account_Details" time="7.729" classname="SupportClasses.Account_Lookup"/>
  <testcase name="Update_Account_Details" time="7.716" classname="SupportClasses.Account_Lookup"/>
  <testcase name="Update_Account_Details" time="5.989" classname="SupportClasses.Account_Lookup"/>
  <testcase name="Update_Account_Details" time="6.625" classname="SupportClasses.Account_Lookup"/>
  <testcase name="Update_Account_Details" time="6.417" classname="SupportClasses.Account_Lookup"/>
  <testcase name="Update_Account_Details" time="5.916" classname="SupportClasses.Account_Lookup"/>
  <testcase name="Update_Account_Details" time="7.440" classname="SupportClasses.Account_Lookup"/>
  <testcase name="Update_Account_Details" time="7.880" classname="SupportClasses.Account_Lookup"/>
  <testcase name="Update_Account_Details" time="8.397" classname="SupportClasses.Account_Lookup"/>
  <testcase name="Update_Account_Details" time="17.412" classname="SupportClasses.Account_Lookup"/>
  <testcase name="Update_Account_Details" time="18.750" classname="SupportClasses.Account_Lookup"/>
  <testcase name="Update_Account_Details" time="6.746" classname="SupportClasses.Account_Lookup"/>
  <testcase name="Update_Account_Details" time="6.647" classname="SupportClasses.Account_Lookup"/>
  <testcase name="Update_Account_Details" time="8.475" classname="SupportClasses.Account_Lookup"/>
  <testcase name="Update_Account_Details" time="6.450" classname="SupportClasses.Account_Lookup"/>
  <testcase name="Update_Account_Details" time="6.410" classname="SupportClasses.Account_Lookup"/>
  <testcase name="Update_Account_Details" time="7.287" classname="SupportClasses.Account_Lookup"/>
  <testcase name="Update_Account_Details" time="5.427" classname="SupportClasses.Account_Lookup"/>
  <testcase name="Update_Account_Details" time="6.296" classname="SupportClasses.Account_Lookup"/>
  <testcase name="Update_Account_Details" time="19.989" classname="SupportClasses.Account_Lookup"/>
  <testcase name="Update_Account_Details" time="4.304" classname="SupportClasses.Account_Lookup"/>
  <testcase name="Update_Account_Details" time="6.055" classname="SupportClasses.Account_Lookup"/>
  <testcase name="Update_Account_Details" time="7.781" classname="SupportClasses.Account_Lookup"/>
  <testcase name="Update_Account_Details" time="17.871" classname="SupportClasses.Account_Lookup"/>
  <testcase name="Update_Account_Details" time="8.065" classname="SupportClasses.Account_Lookup"/>
  <testcase name="Update_Account_Details" time="6.910" classname="SupportClasses.Account_Lookup"/>
  <testcase name="Update_Account_Details" time="6.781" classname="SupportClasses.Account_Lookup"/>
  <testcase name="Update_Account_Details" time="7.111" classname="SupportClasses.Account_Lookup"/>
  <testcase name="Update_Account_Details" time="9.037" classname="SupportClasses.Account_Lookup"/>
  <testcase name="Update_Account_Details" time="6.149" classname="SupportClasses.Account_Lookup"/>
  <testcase name="Update_Account_Details" time="7.738" classname="SupportClasses.Account_Lookup"/>
  <testcase name="Update_Account_Details" time="7.105" classname="SupportClasses.Account_Lookup"/>
  <testcase name="Update_Account_Details" time="7.072" classname="SupportClasses.Account_Lookup"/>
  <testcase name="Update_Account_Details" time="8.614" classname="SupportClasses.Account_Lookup"/>
  <testcase name="Update_Account_Details" time="5.820" classname="SupportClasses.Account_Lookup"/>
  <testcase name="Update_Account_Details" time="10.223" classname="SupportClasses.Account_Lookup"/>
  <testcase name="Update_Account_Details" time="6.415" classname="SupportClasses.Account_Lookup"/>
  <testcase name="Update_Account_Details" time="13.641" classname="SupportClasses.Account_Lookup"/>
  <testcase name="Update_Account_Details" time="5.956" classname="SupportClasses.Account_Lookup"/>
  <testcase name="Update_Account_Details" time="6.870" classname="SupportClasses.Account_Lookup"/>
  <testcase name="Update_Account_Details" time="9.400" classname="SupportClasses.Account_Lookup"/>
  <testcase name="Update_Account_Details" time="8.227" classname="SupportClasses.Account_Lookup"/>
  <testcase name="Update_Account_Details" time="6.056" classname="SupportClasses.Account_Lookup"/>
  <testcase name="Update_Account_Details" time="9.408" classname="SupportClasses.Account_Lookup"/>
  <testcase name="Update_Account_Details" time="6.117" classname="SupportClasses.Account_Lookup"/>
  <testcase name="Update_Account_Details" time="7.449" classname="SupportClasses.Account_Lookup"/>
  <testcase name="Update_Account_Details" time="6.826" classname="SupportClasses.Account_Lookup"/>
  <testcase name="Update_Account_Details" time="6.089" classname="SupportClasses.Account_Lookup"/>
  <testcase name="Update_Account_Details" time="7.111" classname="SupportClasses.Account_Lookup"/>
  <testcase name="Update_Account_Details" time="6.827" classname="SupportClasses.Account_Lookup"/>
  <testcase name="Update_Account_Details" time="7.036" classname="SupportClasses.Account_Lookup"/>
  <testcase name="Update_Account_Details" time="6.753" classname="SupportClasses.Account_Lookup"/>
  <testcase name="Update_Account_Details" time="6.512" classname="SupportClasses.Account_Lookup"/>
  <testcase name="Update_Account_Details" time="6.310" classname="SupportClasses.Account_Lookup"/>
  <testcase name="Update_Account_Details" time="18.352" classname="SupportClasses.Account_Lookup"/>
  <testcase name="Update_Account_Details" time="13.033" classname="SupportClasses.Account_Lookup"/>
  <testcase name="Update_Account_Details" time="6.967" classname="SupportClasses.Account_Lookup"/>
  <testcase name="Update_Account_Details" time="12.835" classname="SupportClasses.Account_Lookup"/>
  <testcase name="Update_Account_Details" time="11.702" classname="SupportClasses.Account_Lookup"/>
  <testcase name="Update_Account_Details" time="6.142" classname="SupportClasses.Account_Lookup"/>
  <testcase name="Update_Account_Details" time="9.021" classname="SupportClasses.Account_Lookup"/>
  <testcase name="Update_Account_Details" time="6.921" classname="SupportClasses.Account_Lookup"/>
  <testcase name="Update_Account_Details" time="7.565" classname="SupportClasses.Account_Lookup"/>
  <testcase name="Update_Account_Details" time="6.594" classname="SupportClasses.Account_Lookup"/>
  <testcase name="Update_Account_Details" time="8.695" classname="SupportClasses.Account_Lookup"/>
  <testcase name="Update_Account_Details" time="16.994" classname="SupportClasses.Account_Lookup"/>
  <testcase name="Update_Account_Details" time="8.019" classname="SupportClasses.Account_Lookup"/>
  <testcase name="Update_Account_Details" time="14.366" classname="SupportClasses.Account_Lookup"/>
  <testcase name="Update_Account_Details" time="6.241" classname="SupportClasses.Account_Lookup"/>
  <testcase name="Update_Account_Details" time="6.320" classname="SupportClasses.Account_Lookup"/>
  <testcase name="Update_Account_Details" time="8.191" classname="SupportClasses.Account_Lookup"/>
  <testcase name="Update_Account_Details" time="12.696" classname="SupportClasses.Account_Lookup"/>
  <testcase name="Update_Account_Details" time="6.266" classname="SupportClasses.Account_Lookup"/>
  <testcase name="Update_Account_Details" time="13.155" classname="SupportClasses.Account_Lookup"/>
  <testcase name="Update_Account_Details" time="5.651" classname="SupportClasses.Account_Lookup"/>
  <testcase name="Update_Account_Details" time="6.771" classname="SupportClasses.Account_Lookup"/>
  <testcase name="Update_Account_Details" time="12.632" classname="SupportClasses.Account_Lookup"/>
  <testcase name="Update_Account_Details" time="5.784" classname="SupportClasses.Account_Lookup"/>
  <testcase name="Update_Account_Details" time="5.824" classname="SupportClasses.Account_Lookup"/>
  <testcase name="Update_Account_Details" time="15.705" classname="SupportClasses.Account_Lookup"/>
  <testcase name="Update_Account_Details" time="6.922" classname="SupportClasses.Account_Lookup"/>
  <testcase name="Update_Account_Details" time="14.047" classname="SupportClasses.Account_Lookup"/>
  <testcase name="Update_Account_Details" time="6.831" classname="SupportClasses.Account_Lookup"/>
  <testcase name="Update_Account_Details" time="7.172" classname="SupportClasses.Account_Lookup"/>
  <testcase name="Update_Account_Details" time="9.876" classname="SupportClasses.Account_Lookup"/>
  <testcase name="Update_Account_Details" time="6.101" classname="SupportClasses.Account_Lookup"/>
  <testcase name="Update_Account_Details" time="6.965" classname="SupportClasses.Account_Lookup"/>
  <testcase name="Update_Account_Details" time="9.456" classname="SupportClasses.Account_Lookup"/>
  <testcase name="Update_Account_Details" time="6.905" classname="SupportClasses.Account_Lookup"/>
  <testcase name="Update_Account_Details" time="6.547" classname="SupportClasses.Account_Lookup"/>
  <testcase name="Update_Account_Details" time="7.270" classname="SupportClasses.Account_Lookup"/>
  <testcase name="Update_Account_Details" time="9.057" classname="SupportClasses.Account_Lookup"/>
  <testcase name="Update_Account_Details" time="7.526" classname="SupportClasses.Account_Lookup"/>
  <testcase name="Update_Account_Details" time="8.468" classname="SupportClasses.Account_Lookup"/>
  <testcase name="Update_Account_Details" time="12.503" classname="SupportClasses.Account_Lookup"/>
  <testcase name="Update_Account_Details" time="15.922" classname="SupportClasses.Account_Lookup"/>
  <testcase name="Update_Account_Details" time="17.089" classname="SupportClasses.Account_Lookup"/>
  <testcase name="Update_Account_Details" time="7.321" classname="SupportClasses.Account_Lookup"/>
  <testcase name="Update_Account_Details" time="8.088" classname="SupportClasses.Account_Lookup"/>
  <testcase name="Update_Account_Details" time="9.659" classname="SupportClasses.Account_Lookup"/>
  <testcase name="Update_Account_Details" time="5.803" classname="SupportClasses.Account_Lookup"/>
  <testcase name="Update_Account_Details" time="13.787" classname="SupportClasses.Account_Lookup"/>
  <testcase name="Update_Account_Details" time="13.994" classname="SupportClasses.Account_Lookup"/>
  <testcase name="Update_Account_Details" time="12.985" classname="SupportClasses.Account_Lookup"/>
  <testcase name="Update_Account_Details" time="6.329" classname="SupportClasses.Account_Lookup"/>
  <testcase name="Update_Account_Details" time="7.057" classname="SupportClasses.Account_Lookup"/>
  <testcase name="Update_Account_Details" time="6.877" classname="SupportClasses.Account_Lookup"/>
  <testcase name="Update_Account_Details" time="5.640" classname="SupportClasses.Account_Lookup"/>
  <testcase name="Update_Account_Details" time="17.333" classname="SupportClasses.Account_Lookup"/>
  <testcase name="Update_Account_Details" time="6.421" classname="SupportClasses.Account_Lookup"/>
  <testcase name="Update_Account_Details" time="16.690" classname="SupportClasses.Account_Lookup"/>
  <testcase name="Update_Account_Details" time="14.806" classname="SupportClasses.Account_Lookup"/>
  <testcase name="Update_Account_Details" time="5.607" classname="SupportClasses.Account_Lookup"/>
  <testcase name="Update_Account_Details" time="15.872" classname="SupportClasses.Account_Lookup"/>
  <testcase name="Update_Account_Details" time="5.914" classname="SupportClasses.Account_Lookup"/>
  <testcase name="Update_Account_Details" time="8.356" classname="SupportClasses.Account_Lookup"/>
  <testcase name="Update_Account_Details" time="9.706" classname="SupportClasses.Account_Lookup"/>
  <testcase name="Update_Account_Details" time="5.888" classname="SupportClasses.Account_Lookup"/>
  <testcase name="Update_Account_Details" time="6.641" classname="SupportClasses.Account_Lookup"/>
  <testcase name="Update_Account_Details" time="8.661" classname="SupportClasses.Account_Lookup"/>
  <testcase name="Update_Account_Details" time="6.364" classname="SupportClasses.Account_Lookup"/>
  <testcase name="Update_Account_Details" time="5.852" classname="SupportClasses.Account_Lookup"/>
  <testcase name="Update_Account_Details" time="7.942" classname="SupportClasses.Account_Lookup"/>
  <testcase name="Update_Account_Details" time="8.855" classname="SupportClasses.Account_Lookup"/>
  <testcase name="Update_Account_Details" time="5.625" classname="SupportClasses.Account_Lookup"/>
  <testcase name="Update_Account_Details" time="10.567" classname="SupportClasses.Account_Lookup"/>
  <testcase name="Update_Account_Details" time="7.554" classname="SupportClasses.Account_Lookup"/>
  <testcase name="Update_Account_Details" time="12.701" classname="SupportClasses.Account_Lookup"/>
  <testcase name="Update_Account_Details" time="7.031" classname="SupportClasses.Account_Lookup"/>
  <testcase name="Update_Account_Details" time="7.156" classname="SupportClasses.Account_Lookup"/>
  <testcase name="Update_Account_Details" time="7.575" classname="SupportClasses.Account_Lookup"/>
  <testcase name="Update_Account_Details" time="6.452" classname="SupportClasses.Account_Lookup"/>
  <testcase name="Update_Account_Details" time="5.753" classname="SupportClasses.Account_Lookup"/>
  <testcase name="Update_Account_Details" time="12.603" classname="SupportClasses.Account_Lookup"/>
  <testcase name="Update_Account_Details" time="6.328" classname="SupportClasses.Account_Lookup"/>
  <testcase name="Update_Account_Details" time="6.702" classname="SupportClasses.Account_Lookup"/>
  <testcase name="Update_Account_Details" time="12.818" classname="SupportClasses.Account_Lookup"/>
  <testcase name="Update_Account_Details" time="8.099" classname="SupportClasses.Account_Lookup"/>
  <testcase name="Update_Account_Details" time="13.205" classname="SupportClasses.Account_Lookup"/>
  <testcase name="Update_Account_Details" time="7.218" classname="SupportClasses.Account_Lookup"/>
  <testcase name="Update_Account_Details" time="7.943" classname="SupportClasses.Account_Lookup"/>
  <testcase name="Update_Account_Details" time="20.574" classname="SupportClasses.Account_Lookup"/>
  <testcase name="Update_Account_Details" time="7.248" classname="SupportClasses.Account_Lookup"/>
  <testcase name="Update_Account_Details" time="5.789" classname="SupportClasses.Account_Lookup"/>
  <testcase name="Update_Account_Details" time="9.070" classname="SupportClasses.Account_Lookup"/>
  <testcase name="Update_Account_Details" time="7.273" classname="SupportClasses.Account_Lookup"/>
  <testcase name="Update_Account_Details" time="14.072" classname="SupportClasses.Account_Lookup"/>
  <testcase name="Update_Account_Details" time="6.540" classname="SupportClasses.Account_Lookup"/>
  <testcase name="Update_Account_Details" time="5.958" classname="SupportClasses.Account_Lookup"/>
  <testcase name="Update_Account_Details" time="5.968" classname="SupportClasses.Account_Lookup"/>
  <testcase name="Update_Account_Details" time="6.347" classname="SupportClasses.Account_Lookup"/>
  <testcase name="Update_Account_Details" time="10.328" classname="SupportClasses.Account_Lookup"/>
  <testcase name="Update_Account_Details" time="5.501" classname="SupportClasses.Account_Lookup"/>
  <testcase name="Update_Account_Details" time="15.397" classname="SupportClasses.Account_Lookup"/>
  <testcase name="Update_Account_Details" time="16.964" classname="SupportClasses.Account_Lookup"/>
  <testcase name="Update_Account_Details" time="5.760" classname="SupportClasses.Account_Lookup"/>
  <testcase name="Update_Account_Details" time="8.198" classname="SupportClasses.Account_Lookup"/>
  <testcase name="Update_Account_Details" time="7.170" classname="SupportClasses.Account_Lookup"/>
  <testcase name="Update_Account_Details" time="7.043" classname="SupportClasses.Account_Lookup"/>
  <testcase name="Update_Account_Details" time="7.652" classname="SupportClasses.Account_Lookup"/>
  <testcase name="Update_Account_Details" time="5.425" classname="SupportClasses.Account_Lookup"/>
  <testcase name="Update_Account_Details" time="6.065" classname="SupportClasses.Account_Lookup"/>
  <testcase name="Update_Account_Details" time="6.802" classname="SupportClasses.Account_Lookup"/>
  <testcase name="Update_Account_Details" time="12.825" classname="SupportClasses.Account_Lookup"/>
  <testcase name="Update_Account_Details" time="6.823" classname="SupportClasses.Account_Lookup"/>
  <testcase name="Update_Account_Details" time="14.242" classname="SupportClasses.Account_Lookup"/>
  <testcase name="Update_Account_Details" time="5.779" classname="SupportClasses.Account_Lookup"/>
  <testcase name="Update_Account_Details" time="7.992" classname="SupportClasses.Account_Lookup"/>
  <testcase name="Update_Account_Details" time="6.973" classname="SupportClasses.Account_Lookup"/>
  <testcase name="Update_Account_Details" time="6.570" classname="SupportClasses.Account_Lookup"/>
  <testcase name="Update_Account_Details" time="5.919" classname="SupportClasses.Account_Lookup"/>
  <testcase name="Update_Account_Details" time="7.045" classname="SupportClasses.Account_Lookup"/>
  <testcase name="Update_Account_Details" time="6.629" classname="SupportClasses.Account_Lookup"/>
  <testcase name="Update_Account_Details" time="5.687" classname="SupportClasses.Account_Lookup"/>
  <testcase name="Update_Account_Details" time="5.501" classname="SupportClasses.Account_Lookup"/>
  <testcase name="Update_Account_Details" time="5.651" classname="SupportClasses.Account_Lookup"/>
  <testcase name="Update_Account_Details" time="6.399" classname="SupportClasses.Account_Lookup"/>
  <testcase name="Update_Account_Details" time="8.823" classname="SupportClasses.Account_Lookup"/>
  <testcase name="Update_Account_Details" time="7.837" classname="SupportClasses.Account_Lookup"/>
  <testcase name="Update_Account_Details" time="10.404" classname="SupportClasses.Account_Lookup"/>
  <testcase name="Update_Account_Details" time="7.218" classname="SupportClasses.Account_Lookup"/>
  <testcase name="Update_Account_Details" time="12.505" classname="SupportClasses.Account_Lookup"/>
  <testcase name="Update_Account_Details" time="5.639" classname="SupportClasses.Account_Lookup"/>
  <testcase name="Update_Account_Details" time="6.714" classname="SupportClasses.Account_Lookup"/>
  <testcase name="Update_Account_Details" time="14.172" classname="SupportClasses.Account_Lookup"/>
  <testcase name="Update_Account_Details" time="7.736" classname="SupportClasses.Account_Lookup"/>
  <testcase name="Update_Account_Details" time="6.032" classname="SupportClasses.Account_Lookup"/>
  <testcase name="Update_Account_Details" time="5.669" classname="SupportClasses.Account_Lookup"/>
  <testcase name="Update_Account_Details" time="6.205" classname="SupportClasses.Account_Lookup"/>
  <testcase name="Update_Account_Details" time="16.110" classname="SupportClasses.Account_Lookup"/>
  <testcase name="Update_Account_Details" time="5.386" classname="SupportClasses.Account_Lookup"/>
  <testcase name="Update_Account_Details" time="7.580" classname="SupportClasses.Account_Lookup"/>
  <testcase name="Update_Account_Details" time="6.502" classname="SupportClasses.Account_Lookup"/>
  <testcase name="Update_Account_Details" time="6.220" classname="SupportClasses.Account_Lookup"/>
  <testcase name="Update_Account_Details" time="17.339" classname="SupportClasses.Account_Lookup"/>
  <testcase name="Update_Account_Details" time="15.283" classname="SupportClasses.Account_Lookup"/>
  <testcase name="Update_Account_Details" time="6.445" classname="SupportClasses.Account_Lookup"/>
  <testcase name="Update_Account_Details" time="10.561" classname="SupportClasses.Account_Lookup"/>
  <testcase name="Update_Account_Details" time="9.500" classname="SupportClasses.Account_Lookup"/>
  <testcase name="Update_Account_Details" time="8.546" classname="SupportClasses.Account_Lookup"/>
  <testcase name="Update_Account_Details" time="5.758" classname="SupportClasses.Account_Lookup"/>
  <testcase name="Update_Account_Details" time="6.843" classname="SupportClasses.Account_Lookup"/>
  <testcase name="Update_Account_Details" time="24.636" classname="SupportClasses.Account_Lookup"/>
  <testcase name="Update_Account_Details" time="5.525" classname="SupportClasses.Account_Lookup"/>
  <testcase name="Update_Account_Details" time="12.225" classname="SupportClasses.Account_Lookup"/>
  <testcase name="Update_Account_Details" time="7.688" classname="SupportClasses.Account_Lookup"/>
  <testcase name="Update_Account_Details" time="8.981" classname="SupportClasses.Account_Lookup"/>
  <testcase name="Update_Account_Details" time="6.750" classname="SupportClasses.Account_Lookup"/>
  <testcase name="Update_Account_Details" time="9.663" classname="SupportClasses.Account_Lookup"/>
  <testcase name="Update_Account_Details" time="7.859" classname="SupportClasses.Account_Lookup"/>
  <testcase name="Update_Account_Details" time="6.915" classname="SupportClasses.Account_Lookup"/>
  <testcase name="Update_Account_Details" time="6.749" classname="SupportClasses.Account_Lookup"/>
  <testcase name="Update_Account_Details" time="5.647" classname="SupportClasses.Account_Lookup"/>
  <testcase name="Update_Account_Details" time="6.767" classname="SupportClasses.Account_Lookup"/>
  <testcase name="Update_Account_Details" time="6.914" classname="SupportClasses.Account_Lookup"/>
  <testcase name="Update_Account_Details" time="9.915" classname="SupportClasses.Account_Lookup"/>
  <testcase name="Update_Account_Details" time="11.610" classname="SupportClasses.Account_Lookup"/>
  <testcase name="Update_Account_Details" time="7.029" classname="SupportClasses.Account_Lookup"/>
  <testcase name="Update_Account_Details" time="6.324" classname="SupportClasses.Account_Lookup"/>
  <testcase name="Update_Account_Details" time="5.650" classname="SupportClasses.Account_Lookup"/>
  <testcase name="Update_Account_Details" time="8.572" classname="SupportClasses.Account_Lookup"/>
  <testcase name="Update_Account_Details" time="5.817" classname="SupportClasses.Account_Lookup"/>
  <testcase name="Update_Account_Details" time="9.268" classname="SupportClasses.Account_Lookup"/>
  <testcase name="Update_Account_Details" time="9.581" classname="SupportClasses.Account_Lookup"/>
  <testcase name="Update_Account_Details" time="15.534" classname="SupportClasses.Account_Lookup"/>
  <testcase name="Update_Account_Details" time="18.539" classname="SupportClasses.Account_Lookup"/>
  <testcase name="Update_Account_Details" time="8.269" classname="SupportClasses.Account_Lookup"/>
  <testcase name="Update_Account_Details" time="8.500" classname="SupportClasses.Account_Lookup"/>
  <testcase name="Update_Account_Details" time="9.724" classname="SupportClasses.Account_Lookup"/>
  <testcase name="Update_Account_Details" time="8.264" classname="SupportClasses.Account_Lookup"/>
  <testcase name="Update_Account_Details" time="5.844" classname="SupportClasses.Account_Lookup"/>
  <testcase name="Update_Account_Details" time="9.322" classname="SupportClasses.Account_Lookup"/>
  <testcase name="Update_Account_Details" time="9.877" classname="SupportClasses.Account_Lookup"/>
  <testcase name="Update_Account_Details" time="5.669" classname="SupportClasses.Account_Lookup"/>
  <testcase name="Update_Account_Details" time="8.738" classname="SupportClasses.Account_Lookup"/>
  <testcase name="Update_Account_Details" time="7.505" classname="SupportClasses.Account_Lookup"/>
  <testcase name="Update_Account_Details" time="5.498" classname="SupportClasses.Account_Lookup"/>
  <testcase name="Update_Account_Details" time="11.411" classname="SupportClasses.Account_Lookup"/>
  <testcase name="Update_Account_Details" time="6.364" classname="SupportClasses.Account_Lookup"/>
  <testcase name="Update_Account_Details" time="7.357" classname="SupportClasses.Account_Lookup"/>
  <testcase name="Update_Account_Details" time="13.556" classname="SupportClasses.Account_Lookup"/>
  <testcase name="Update_Account_Details" time="8.544" classname="SupportClasses.Account_Lookup"/>
  <testcase name="Update_Account_Details" time="6.045" classname="SupportClasses.Account_Lookup"/>
  <testcase name="Update_Account_Details" time="8.799" classname="SupportClasses.Account_Lookup"/>
  <testcase name="Update_Account_Details" time="8.589" classname="SupportClasses.Account_Lookup"/>
  <testcase name="Update_Account_Details" time="6.622" classname="SupportClasses.Account_Lookup"/>
  <testcase name="Update_Account_Details" time="8.164" classname="SupportClasses.Account_Lookup"/>
  <testcase name="Update_Account_Details" time="8.954" classname="SupportClasses.Account_Lookup"/>
  <testcase name="Update_Account_Details" time="14.193" classname="SupportClasses.Account_Lookup"/>
  <testcase name="Update_Account_Details" time="12.439" classname="SupportClasses.Account_Lookup"/>
  <testcase name="Update_Account_Details" time="7.314" classname="SupportClasses.Account_Lookup"/>
  <testcase name="Update_Account_Details" time="6.824" classname="SupportClasses.Account_Lookup"/>
  <testcase name="Update_Account_Details" time="11.898" classname="SupportClasses.Account_Lookup"/>
  <testcase name="Update_Account_Details" time="15.574" classname="SupportClasses.Account_Lookup"/>
  <testcase name="Update_Account_Details" time="7.240" classname="SupportClasses.Account_Lookup"/>
  <testcase name="Update_Account_Details" time="6.251" classname="SupportClasses.Account_Lookup"/>
  <testcase name="Update_Account_Details" time="5.383" classname="SupportClasses.Account_Lookup"/>
  <testcase name="Update_Account_Details" time="6.288" classname="SupportClasses.Account_Lookup"/>
  <testcase name="Update_Account_Details" time="5.515" classname="SupportClasses.Account_Lookup"/>
  <testcase name="Update_Account_Details" time="6.777" classname="SupportClasses.Account_Lookup"/>
  <testcase name="Update_Account_Details" time="8.133" classname="SupportClasses.Account_Lookup"/>
  <testcase name="Update_Account_Details" time="18.555" classname="SupportClasses.Account_Lookup"/>
  <testcase name="Update_Account_Details" time="16.683" classname="SupportClasses.Account_Lookup"/>
  <testcase name="Update_Account_Details" time="9.941" classname="SupportClasses.Account_Lookup"/>
  <testcase name="Update_Account_Details" time="7.282" classname="SupportClasses.Account_Lookup"/>
  <testcase name="Update_Account_Details" time="7.406" classname="SupportClasses.Account_Lookup"/>
  <testcase name="Update_Account_Details" time="6.659" classname="SupportClasses.Account_Lookup"/>
  <testcase name="Update_Account_Details" time="10.937" classname="SupportClasses.Account_Lookup"/>
  <testcase name="Update_Account_Details" time="7.834" classname="SupportClasses.Account_Lookup"/>
  <testcase name="Update_Account_Details" time="7.126" classname="SupportClasses.Account_Lookup"/>
  <testcase name="Update_Account_Details" time="15.582" classname="SupportClasses.Account_Lookup"/>
  <testcase name="Update_Account_Details" time="8.859" classname="SupportClasses.Account_Lookup"/>
  <testcase name="Update_Account_Details" time="15.580" classname="SupportClasses.Account_Lookup"/>
  <testcase name="Update_Account_Details" time="6.703" classname="SupportClasses.Account_Lookup"/>
  <testcase name="Update_Account_Details" time="5.620" classname="SupportClasses.Account_Lookup"/>
  <testcase name="Update_Account_Details" time="10.152" classname="SupportClasses.Account_Lookup"/>
  <testcase name="Update_Account_Details" time="8.362" classname="SupportClasses.Account_Lookup"/>
  <testcase name="Update_Account_Details" time="13.916" classname="SupportClasses.Account_Lookup"/>
  <testcase name="Update_Account_Details" time="11.365" classname="SupportClasses.Account_Lookup"/>
  <testcase name="Update_Account_Details" time="14.496" classname="SupportClasses.Account_Lookup"/>
  <testcase name="Update_Account_Details" time="13.771" classname="SupportClasses.Account_Lookup"/>
  <testcase name="Update_Account_Details" time="6.833" classname="SupportClasses.Account_Lookup"/>
  <testcase name="Update_Account_Details" time="9.900" classname="SupportClasses.Account_Lookup"/>
  <testcase name="Update_Account_Details" time="8.524" classname="SupportClasses.Account_Lookup"/>
  <testcase name="Update_Account_Details" time="10.168" classname="SupportClasses.Account_Lookup"/>
  <testcase name="Update_Account_Details" time="6.869" classname="SupportClasses.Account_Lookup"/>
  <testcase name="Update_Account_Details" time="5.426" classname="SupportClasses.Account_Lookup"/>
  <testcase name="Update_Account_Details" time="6.619" classname="SupportClasses.Account_Lookup"/>
  <testcase name="Update_Account_Details" time="10.534" classname="SupportClasses.Account_Lookup"/>
  <testcase name="Update_Account_Details" time="9.844" classname="SupportClasses.Account_Lookup"/>
  <testcase name="Update_Account_Details" time="6.877" classname="SupportClasses.Account_Lookup"/>
  <testcase name="Update_Account_Details" time="6.238" classname="SupportClasses.Account_Lookup"/>
  <testcase name="Update_Account_Details" time="5.444" classname="SupportClasses.Account_Lookup"/>
  <testcase name="Update_Account_Details" time="16.067" classname="SupportClasses.Account_Lookup"/>
  <testcase name="Update_Account_Details" time="8.288" classname="SupportClasses.Account_Lookup"/>
  <testcase name="Update_Account_Details" time="5.429" classname="SupportClasses.Account_Lookup"/>
  <testcase name="Update_Account_Details" time="10.418" classname="SupportClasses.Account_Lookup"/>
  <testcase name="Update_Account_Details" time="6.496" classname="SupportClasses.Account_Lookup"/>
  <testcase name="Update_Account_Details" time="6.525" classname="SupportClasses.Account_Lookup"/>
  <testcase name="Update_Account_Details" time="6.646" classname="SupportClasses.Account_Lookup"/>
  <testcase name="Update_Account_Details" time="6.763" classname="SupportClasses.Account_Lookup"/>
  <testcase name="Update_Account_Details" time="5.894" classname="SupportClasses.Account_Lookup"/>
  <testcase name="Update_Account_Details" time="6.907" classname="SupportClasses.Account_Lookup"/>
  <testcase name="Update_Account_Details" time="5.876" classname="SupportClasses.Account_Lookup"/>
  <testcase name="Update_Account_Details" time="17.080" classname="SupportClasses.Account_Lookup"/>
  <testcase name="Update_Account_Details" time="10.019" classname="SupportClasses.Account_Lookup"/>
  <testcase name="Update_Account_Details" time="5.584" classname="SupportClasses.Account_Lookup"/>
  <testcase name="Update_Account_Details" time="13.652" classname="SupportClasses.Account_Lookup"/>
  <testcase name="Update_Account_Details" time="6.230" classname="SupportClasses.Account_Lookup"/>
  <testcase name="Update_Account_Details" time="8.027" classname="SupportClasses.Account_Lookup"/>
  <testcase name="Update_Account_Details" time="6.861" classname="SupportClasses.Account_Lookup"/>
  <testcase name="Update_Account_Details" time="11.643" classname="SupportClasses.Account_Lookup"/>
  <testcase name="Update_Account_Details" time="5.376" classname="SupportClasses.Account_Lookup"/>
  <testcase name="Update_Account_Details" time="13.178" classname="SupportClasses.Account_Lookup"/>
  <testcase name="Update_Account_Details" time="9.182" classname="SupportClasses.Account_Lookup"/>
  <testcase name="Update_Account_Details" time="8.899" classname="SupportClasses.Account_Lookup"/>
  <testcase name="Update_Account_Details" time="6.217" classname="SupportClasses.Account_Lookup"/>
  <testcase name="Update_Account_Details" time="6.741" classname="SupportClasses.Account_Lookup"/>
  <testcase name="Update_Account_Details" time="15.183" classname="SupportClasses.Account_Lookup"/>
  <testcase name="Update_Account_Details" time="6.751" classname="SupportClasses.Account_Lookup"/>
  <testcase name="Update_Account_Details" time="6.093" classname="SupportClasses.Account_Lookup"/>
  <testcase name="Update_Account_Details" time="6.188" classname="SupportClasses.Account_Lookup"/>
  <testcase name="Update_Account_Details" time="6.861" classname="SupportClasses.Account_Lookup"/>
  <testcase name="Update_Account_Details" time="7.068" classname="SupportClasses.Account_Lookup"/>
  <testcase name="Update_Account_Details" time="7.002" classname="SupportClasses.Account_Lookup"/>
  <testcase name="Update_Account_Details" time="5.674" classname="SupportClasses.Account_Lookup"/>
  <testcase name="Update_Account_Details" time="13.123" classname="SupportClasses.Account_Lookup"/>
  <testcase name="Update_Account_Details" time="5.967" classname="SupportClasses.Account_Lookup"/>
  <testcase name="Update_Account_Details" time="5.638" classname="SupportClasses.Account_Lookup"/>
  <testcase name="Update_Account_Details" time="7.337" classname="SupportClasses.Account_Lookup"/>
  <testcase name="Update_Account_Details" time="12.897" classname="SupportClasses.Account_Lookup"/>
  <testcase name="Update_Account_Details" time="5.295" classname="SupportClasses.Account_Lookup"/>
  <testcase name="Update_Account_Details" time="9.724" classname="SupportClasses.Account_Lookup"/>
  <testcase name="Update_Account_Details" time="7.167" classname="SupportClasses.Account_Lookup"/>
  <testcase name="Update_Account_Details" time="8.022" classname="SupportClasses.Account_Lookup"/>
  <testcase name="Update_Account_Details" time="5.782" classname="SupportClasses.Account_Lookup"/>
  <testcase name="Update_Account_Details" time="6.723" classname="SupportClasses.Account_Lookup"/>
  <testcase name="Update_Account_Details" time="8.055" classname="SupportClasses.Account_Lookup"/>
  <testcase name="Update_Account_Details" time="6.823" classname="SupportClasses.Account_Lookup"/>
  <testcase name="Update_Account_Details" time="9.489" classname="SupportClasses.Account_Lookup"/>
  <testcase name="Update_Account_Details" time="9.432" classname="SupportClasses.Account_Lookup"/>
  <testcase name="Update_Account_Details" time="6.367" classname="SupportClasses.Account_Lookup"/>
  <testcase name="Update_Account_Details" time="6.383" classname="SupportClasses.Account_Lookup"/>
  <testcase name="Update_Account_Details" time="13.118" classname="SupportClasses.Account_Lookup"/>
  <testcase name="Update_Account_Details" time="8.062" classname="SupportClasses.Account_Lookup"/>
  <testcase name="Update_Account_Details" time="6.557" classname="SupportClasses.Account_Lookup"/>
  <testcase name="Update_Account_Details" time="6.466" classname="SupportClasses.Account_Lookup"/>
  <testcase name="Update_Account_Details" time="7.540" classname="SupportClasses.Account_Lookup"/>
  <testcase name="Update_Account_Details" time="6.019" classname="SupportClasses.Account_Lookup"/>
  <testcase name="Update_Account_Details" time="7.951" classname="SupportClasses.Account_Lookup"/>
  <testcase name="Update_Account_Details" time="7.650" classname="SupportClasses.Account_Lookup"/>
  <testcase name="Update_Account_Details" time="6.726" classname="SupportClasses.Account_Lookup"/>
  <testcase name="Update_Account_Details" time="7.376" classname="SupportClasses.Account_Lookup"/>
  <testcase name="Update_Account_Details" time="7.902" classname="SupportClasses.Account_Lookup"/>
  <testcase name="Update_Account_Details" time="5.552" classname="SupportClasses.Account_Lookup"/>
  <testcase name="Update_Account_Details" time="10.292" classname="SupportClasses.Account_Lookup"/>
  <testcase name="Update_Account_Details" time="12.887" classname="SupportClasses.Account_Lookup"/>
  <testcase name="Update_Account_Details" time="16.585" classname="SupportClasses.Account_Lookup"/>
  <testcase name="Update_Account_Details" time="7.609" classname="SupportClasses.Account_Lookup"/>
  <testcase name="Update_Account_Details" time="8.049" classname="SupportClasses.Account_Lookup"/>
  <testcase name="Update_Account_Details" time="7.191" classname="SupportClasses.Account_Lookup"/>
  <testcase name="Update_Account_Details" time="8.360" classname="SupportClasses.Account_Lookup"/>
  <testcase name="Update_Account_Details" time="12.943" classname="SupportClasses.Account_Lookup"/>
  <testcase name="Update_Account_Details" time="7.308" classname="SupportClasses.Account_Lookup"/>
  <testcase name="Update_Account_Details" time="12.812" classname="SupportClasses.Account_Lookup"/>
  <testcase name="Update_Account_Details" time="5.657" classname="SupportClasses.Account_Lookup"/>
  <testcase name="Update_Account_Details" time="6.266" classname="SupportClasses.Account_Lookup"/>
  <testcase name="Update_Account_Details" time="9.881" classname="SupportClasses.Account_Lookup"/>
  <testcase name="Update_Account_Details" time="7.682" classname="SupportClasses.Account_Lookup"/>
  <testcase name="Update_Account_Details" time="6.293" classname="SupportClasses.Account_Lookup"/>
  <testcase name="Update_Account_Details" time="5.656" classname="SupportClasses.Account_Lookup"/>
  <testcase name="Update_Account_Details" time="17.270" classname="SupportClasses.Account_Lookup"/>
  <testcase name="Update_Account_Details" time="14.538" classname="SupportClasses.Account_Lookup"/>
  <testcase name="Update_Account_Details" time="5.744" classname="SupportClasses.Account_Lookup"/>
  <testcase name="Update_Account_Details" time="13.254" classname="SupportClasses.Account_Lookup"/>
  <testcase name="Update_Account_Details" time="10.279" classname="SupportClasses.Account_Lookup"/>
  <testcase name="Update_Account_Details" time="6.172" classname="SupportClasses.Account_Lookup"/>
  <testcase name="Update_Account_Details" time="6.685" classname="SupportClasses.Account_Lookup"/>
  <testcase name="Update_Account_Details" time="5.918" classname="SupportClasses.Account_Lookup"/>
  <testcase name="Update_Account_Details" time="10.513" classname="SupportClasses.Account_Lookup"/>
  <testcase name="Update_Account_Details" time="6.990" classname="SupportClasses.Account_Lookup"/>
  <testcase name="Update_Account_Details" time="15.109" classname="SupportClasses.Account_Lookup"/>
  <testcase name="Update_Account_Details" time="11.808" classname="SupportClasses.Account_Lookup"/>
  <testcase name="Update_Account_Details" time="13.866" classname="SupportClasses.Account_Lookup"/>
  <testcase name="Update_Account_Details" time="5.918" classname="SupportClasses.Account_Lookup"/>
  <testcase name="Update_Account_Details" time="12.009" classname="SupportClasses.Account_Lookup"/>
  <testcase name="Update_Account_Details" time="11.985" classname="SupportClasses.Account_Lookup"/>
  <testcase name="Update_Account_Details" time="11.896" classname="SupportClasses.Account_Lookup"/>
  <testcase name="Update_Account_Details" time="6.985" classname="SupportClasses.Account_Lookup"/>
  <testcase name="Update_Account_Details" time="5.282" classname="SupportClasses.Account_Lookup"/>
  <testcase name="Update_Account_Details" time="7.125" classname="SupportClasses.Account_Lookup"/>
  <testcase name="Update_Account_Details" time="18.851" classname="SupportClasses.Account_Lookup"/>
  <testcase name="Update_Account_Details" time="14.476" classname="SupportClasses.Account_Lookup"/>
  <testcase name="Update_Account_Details" time="8.991" classname="SupportClasses.Account_Lookup"/>
  <testcase name="Update_Account_Details" time="6.561" classname="SupportClasses.Account_Lookup"/>
  <testcase name="Update_Account_Details" time="6.891" classname="SupportClasses.Account_Lookup"/>
  <testcase name="Update_Account_Details" time="8.160" classname="SupportClasses.Account_Lookup"/>
  <testcase name="Update_Account_Details" time="7.787" classname="SupportClasses.Account_Lookup"/>
  <testcase name="Update_Account_Details" time="7.363" classname="SupportClasses.Account_Lookup"/>
  <testcase name="Update_Account_Details" time="13.672" classname="SupportClasses.Account_Lookup"/>
  <testcase name="Update_Account_Details" time="12.242" classname="SupportClasses.Account_Lookup"/>
  <testcase name="Update_Account_Details" time="7.176" classname="SupportClasses.Account_Lookup"/>
  <testcase name="Update_Account_Details" time="13.906" classname="SupportClasses.Account_Lookup"/>
  <testcase name="Update_Account_Details" time="15.331" classname="SupportClasses.Account_Lookup"/>
  <testcase name="Update_Account_Details" time="5.775" classname="SupportClasses.Account_Lookup"/>
  <testcase name="Update_Account_Details" time="8.665" classname="SupportClasses.Account_Lookup"/>
  <testcase name="Update_Account_Details" time="7.238" classname="SupportClasses.Account_Lookup"/>
  <testcase name="Update_Account_Details" time="9.942" classname="SupportClasses.Account_Lookup"/>
  <testcase name="Update_Account_Details" time="7.023" classname="SupportClasses.Account_Lookup"/>
  <testcase name="Update_Account_Details" time="7.130" classname="SupportClasses.Account_Lookup"/>
  <testcase name="Update_Account_Details" time="7.421" classname="SupportClasses.Account_Lookup"/>
  <testcase name="Update_Account_Details" time="7.481" classname="SupportClasses.Account_Lookup"/>
  <testcase name="Update_Account_Details" time="5.773" classname="SupportClasses.Account_Lookup"/>
  <testcase name="Update_Account_Details" time="8.541" classname="SupportClasses.Account_Lookup"/>
  <testcase name="Update_Account_Details" time="7.208" classname="SupportClasses.Account_Lookup"/>
  <testcase name="Update_Account_Details" time="7.679" classname="SupportClasses.Account_Lookup"/>
  <testcase name="Update_Account_Details" time="6.513" classname="SupportClasses.Account_Lookup"/>
  <testcase name="Update_Account_Details" time="5.505" classname="SupportClasses.Account_Lookup"/>
  <testcase name="Update_Account_Details" time="13.289" classname="SupportClasses.Account_Lookup"/>
  <testcase name="Update_Account_Details" time="6.599" classname="SupportClasses.Account_Lookup"/>
  <testcase name="Update_Account_Details" time="9.546" classname="SupportClasses.Account_Lookup"/>
  <testcase name="Update_Account_Details" time="6.530" classname="SupportClasses.Account_Lookup"/>
  <testcase name="Update_Account_Details" time="9.062" classname="SupportClasses.Account_Lookup"/>
  <testcase name="Update_Account_Details" time="6.917" classname="SupportClasses.Account_Lookup"/>
  <testcase name="Update_Account_Details" time="7.160" classname="SupportClasses.Account_Lookup"/>
  <testcase name="Update_Account_Details" time="5.922" classname="SupportClasses.Account_Lookup"/>
  <testcase name="Update_Account_Details" time="11.685" classname="SupportClasses.Account_Lookup"/>
  <testcase name="Update_Account_Details" time="6.774" classname="SupportClasses.Account_Lookup"/>
  <testcase name="Update_Account_Details" time="6.755" classname="SupportClasses.Account_Lookup"/>
  <testcase name="Update_Account_Details" time="6.383" classname="SupportClasses.Account_Lookup"/>
  <testcase name="Update_Account_Details" time="18.954" classname="SupportClasses.Account_Lookup"/>
  <testcase name="Update_Account_Details" time="8.275" classname="SupportClasses.Account_Lookup"/>
  <testcase name="Update_Account_Details" time="7.032" classname="SupportClasses.Account_Lookup"/>
  <testcase name="Update_Account_Details" time="8.076" classname="SupportClasses.Account_Lookup"/>
  <testcase name="Update_Account_Details" time="7.099" classname="SupportClasses.Account_Lookup"/>
  <testcase name="Update_Account_Details" time="17.098" classname="SupportClasses.Account_Lookup"/>
  <testcase name="Update_Account_Details" time="9.176" classname="SupportClasses.Account_Lookup"/>
  <testcase name="Update_Account_Details" time="7.039" classname="SupportClasses.Account_Lookup"/>
  <testcase name="Update_Account_Details" time="8.212" classname="SupportClasses.Account_Lookup"/>
  <testcase name="Update_Account_Details" time="10.905" classname="SupportClasses.Account_Lookup"/>
  <testcase name="Update_Account_Details" time="6.181" classname="SupportClasses.Account_Lookup"/>
  <testcase name="Update_Account_Details" time="8.182" classname="SupportClasses.Account_Lookup"/>
  <testcase name="Update_Account_Details" time="11.247" classname="SupportClasses.Account_Lookup"/>
  <testcase name="Update_Account_Details" time="9.432" classname="SupportClasses.Account_Lookup"/>
  <testcase name="Update_Account_Details" time="11.878" classname="SupportClasses.Account_Lookup"/>
  <testcase name="Update_Account_Details" time="13.330" classname="SupportClasses.Account_Lookup"/>
  <testcase name="Update_Account_Details" time="8.176" classname="SupportClasses.Account_Lookup"/>
  <testcase name="Update_Account_Details" time="7.216" classname="SupportClasses.Account_Lookup"/>
  <testcase name="Update_Account_Details" time="6.755" classname="SupportClasses.Account_Lookup"/>
  <testcase name="Update_Account_Details" time="5.576" classname="SupportClasses.Account_Lookup"/>
  <testcase name="Update_Account_Details" time="10.266" classname="SupportClasses.Account_Lookup"/>
  <testcase name="Update_Account_Details" time="7.108" classname="SupportClasses.Account_Lookup"/>
  <testcase name="Update_Account_Details" time="16.706" classname="SupportClasses.Account_Lookup"/>
  <testcase name="Update_Account_Details" time="8.760" classname="SupportClasses.Account_Lookup"/>
  <testcase name="Update_Account_Details" time="9.270" classname="SupportClasses.Account_Lookup"/>
  <testcase name="Update_Account_Details" time="6.935" classname="SupportClasses.Account_Lookup"/>
  <testcase name="Update_Account_Details" time="6.198" classname="SupportClasses.Account_Lookup"/>
  <testcase name="Update_Account_Details" time="6.495" classname="SupportClasses.Account_Lookup"/>
  <testcase name="Update_Account_Details" time="12.726" classname="SupportClasses.Account_Lookup"/>
  <testcase name="Update_Account_Details" time="13.177" classname="SupportClasses.Account_Lookup"/>
  <testcase name="Update_Account_Details" time="17.553" classname="SupportClasses.Account_Lookup"/>
  <testcase name="Update_Account_Details" time="7.557" classname="SupportClasses.Account_Lookup"/>
  <testcase name="Update_Account_Details" time="12.866" classname="SupportClasses.Account_Lookup"/>
  <testcase name="Update_Account_Details" time="13.528" classname="SupportClasses.Account_Lookup"/>
  <testcase name="Update_Account_Details" time="5.919" classname="SupportClasses.Account_Lookup"/>
  <testcase name="Update_Account_Details" time="6.842" classname="SupportClasses.Account_Lookup"/>
  <testcase name="Update_Account_Details" time="6.262" classname="SupportClasses.Account_Lookup"/>
  <testcase name="Update_Account_Details" time="9.134" classname="SupportClasses.Account_Lookup"/>
  <testcase name="Update_Account_Details" time="6.299" classname="SupportClasses.Account_Lookup"/>
  <testcase name="Update_Account_Details" time="7.396" classname="SupportClasses.Account_Lookup"/>
  <testcase name="Update_Account_Details" time="5.729" classname="SupportClasses.Account_Lookup"/>
  <testcase name="Update_Account_Details" time="8.142" classname="SupportClasses.Account_Lookup"/>
  <testcase name="Update_Account_Details" time="9.419" classname="SupportClasses.Account_Lookup"/>
  <testcase name="Update_Account_Details" time="6.780" classname="SupportClasses.Account_Lookup"/>
  <testcase name="Update_Account_Details" time="11.365" classname="SupportClasses.Account_Lookup"/>
  <testcase name="Update_Account_Details" time="7.980" classname="SupportClasses.Account_Lookup"/>
  <testcase name="Update_Account_Details" time="13.951" classname="SupportClasses.Account_Lookup"/>
  <testcase name="Update_Account_Details" time="7.693" classname="SupportClasses.Account_Lookup"/>
  <testcase name="Update_Account_Details" time="13.897" classname="SupportClasses.Account_Lookup"/>
  <testcase name="Update_Account_Details" time="8.156" classname="SupportClasses.Account_Lookup"/>
  <testcase name="Update_Account_Details" time="6.399" classname="SupportClasses.Account_Lookup"/>
  <testcase name="Update_Account_Details" time="6.644" classname="SupportClasses.Account_Lookup"/>
  <testcase name="Update_Account_Details" time="7.259" classname="SupportClasses.Account_Lookup"/>
  <testcase name="Update_Account_Details" time="7.070" classname="SupportClasses.Account_Lookup"/>
  <testcase name="Update_Account_Details" time="4.381" classname="SupportClasses.Account_Lookup"/>
  <testcase name="Update_Account_Details" time="9.216" classname="SupportClasses.Account_Lookup"/>
  <testcase name="Update_Account_Details" time="5.943" classname="SupportClasses.Account_Lookup"/>
  <testcase name="Update_Account_Details" time="7.264" classname="SupportClasses.Account_Lookup"/>
  <testcase name="Update_Account_Details" time="7.624" classname="SupportClasses.Account_Lookup"/>
  <testcase name="Update_Account_Details" time="9.021" classname="SupportClasses.Account_Lookup"/>
  <testcase name="AccountCheck" classname="SupportClasses.Account_Lookup">
    <skipped/>
  </testcase> <!-- AccountCheck -->
</testsuite> <!-- SupportClasses.Account_Lookup -->
