<?xml version="1.0" encoding="UTF-8"?>
<!-- Generated by org.testng.reporters.JUnitReportReporter -->
<testsuite skipped="5" hostname="WTC-5159473-l2" name="Mission_Critical.MC_PI_3" tests="53" failures="1" timestamp="14 Apr 2019 07:05:12 GMT" time="8710.482" errors="0">
  <testcase name="WFCL_Alliance_Marketing_Error_Page_Blank" time="227.038" classname="Mission_Critical.MC_PI_3"/>
  <testcase name="WFCL_Alliance_Marketing" time="286.547" classname="Mission_Critical.MC_PI_3"/>
  <testcase name="WFCL_Alliance_Marketing_CodeRequired" time="203.059" classname="Mission_Critical.MC_PI_3"/>
  <testcase name="WFCL_Alliance_Marketing_Error_Page" time="247.388" classname="Mission_Critical.MC_PI_3"/>
  <testcase name="WFCL_Alliance_Marketing_CodeRequired" time="177.061" classname="Mission_Critical.MC_PI_3"/>
  <testcase name="WFCL_Alliance_Marketing" time="112.160" classname="Mission_Critical.MC_PI_3"/>
  <testcase name="WFCL_Alliance_Marketing" time="215.068" classname="Mission_Critical.MC_PI_3"/>
  <testcase name="WFCL_Alliance_Marketing" time="88.171" classname="Mission_Critical.MC_PI_3"/>
  <testcase name="WFCL_Alliance_Marketing" time="104.809" classname="Mission_Critical.MC_PI_3"/>
  <testcase name="WFCL_Alliance_Marketing" time="192.972" classname="Mission_Critical.MC_PI_3"/>
  <testcase name="WFCL_Alliance_Marketing" time="161.691" classname="Mission_Critical.MC_PI_3"/>
  <testcase name="WFCL_Alliance_Marketing_Error_Page_Blank" time="222.391" classname="Mission_Critical.MC_PI_3"/>
  <testcase name="WFCL_Alliance_Marketing" time="90.045" classname="Mission_Critical.MC_PI_3"/>
  <testcase name="WFCL_Alliance_Marketing" time="249.800" classname="Mission_Critical.MC_PI_3"/>
  <testcase name="WFCL_Alliance_Marketing_CodeRequired" time="268.806" classname="Mission_Critical.MC_PI_3"/>
  <testcase name="WFCL_Alliance_Marketing_Error_Page_Blank" time="212.659" classname="Mission_Critical.MC_PI_3"/>
  <testcase name="WFCL_Alliance_Marketing_Error_Page" time="87.442" classname="Mission_Critical.MC_PI_3"/>
  <testcase name="WFCL_Alliance_Marketing" time="62.650" classname="Mission_Critical.MC_PI_3"/>
  <testcase name="WFCL_Alliance_Marketing" time="270.256" classname="Mission_Critical.MC_PI_3"/>
  <testcase name="WFCL_Alliance_Marketing" time="244.299" classname="Mission_Critical.MC_PI_3"/>
  <testcase name="WFCL_Alliance_Marketing" time="66.151" classname="Mission_Critical.MC_PI_3"/>
  <testcase name="WFCL_Alliance_Marketing" time="203.089" classname="Mission_Critical.MC_PI_3"/>
  <testcase name="WFCL_Alliance_Marketing_Error_Page_Blank" time="223.099" classname="Mission_Critical.MC_PI_3"/>
  <testcase name="WFCL_Alliance_Marketing" time="42.082" classname="Mission_Critical.MC_PI_3"/>
  <testcase name="WFCL_Alliance_Marketing_Error_Page_Blank" time="209.244" classname="Mission_Critical.MC_PI_3"/>
  <testcase name="WFCL_Alliance_Marketing_Error_Page" time="121.536" classname="Mission_Critical.MC_PI_3"/>
  <testcase name="WFCL_Alliance_Marketing" time="180.002" classname="Mission_Critical.MC_PI_3"/>
  <testcase name="WFCL_Alliance_Marketing_CodeRequired" time="174.823" classname="Mission_Critical.MC_PI_3">
    <failure type="java.lang.AssertionError" message="bh18018917: Error when checking discount. Please check to see if discount is migrated.">
      <![CDATA[java.lang.AssertionError: bh18018917: Error when checking discount. Please check to see if discount is migrated.
at org.testng.Assert.fail(Assert.java:96)
at Mission_Critical.MC_PI_3.WFCL_Alliance_Marketing_CodeRequired(MC_PI_3.java:184)
at sun.reflect.NativeMethodAccessorImpl.invoke0(Native Method)
at sun.reflect.NativeMethodAccessorImpl.invoke(Unknown Source)
at sun.reflect.DelegatingMethodAccessorImpl.invoke(Unknown Source)
at java.lang.reflect.Method.invoke(Unknown Source)
at org.testng.internal.MethodInvocationHelper.invokeMethod(MethodInvocationHelper.java:124)
at org.testng.internal.Invoker.invokeMethod(Invoker.java:580)
at org.testng.internal.Invoker.invokeTestMethod(Invoker.java:716)
at org.testng.internal.TestMethodWithDataProviderMethodWorker.call(TestMethodWithDataProviderMethodWorker.java:71)
at org.testng.internal.TestMethodWithDataProviderMethodWorker.call(TestMethodWithDataProviderMethodWorker.java:14)
at java.util.concurrent.FutureTask.run(Unknown Source)
at java.util.concurrent.Executors$RunnableAdapter.call(Unknown Source)
at java.util.concurrent.FutureTask.run(Unknown Source)
at java.util.concurrent.ThreadPoolExecutor.runWorker(Unknown Source)
at java.util.concurrent.ThreadPoolExecutor$Worker.run(Unknown Source)
at java.lang.Thread.run(Unknown Source)
]]>
    </failure>
  </testcase> <!-- WFCL_Alliance_Marketing_CodeRequired -->
  <testcase name="WFCL_Alliance_Marketing_CodeRequired" time="277.612" classname="Mission_Critical.MC_PI_3"/>
  <testcase name="WFCL_Alliance_Marketing_Error_Page" time="130.328" classname="Mission_Critical.MC_PI_3"/>
  <testcase name="WFCL_Alliance_Marketing" time="164.948" classname="Mission_Critical.MC_PI_3"/>
  <testcase name="WFCL_Alliance_Marketing_Error_Page" time="128.270" classname="Mission_Critical.MC_PI_3"/>
  <testcase name="WFCL_Alliance_Marketing" time="111.160" classname="Mission_Critical.MC_PI_3"/>
  <testcase name="WFCL_Alliance_Marketing" time="341.078" classname="Mission_Critical.MC_PI_3"/>
  <testcase name="WFCL_Alliance_Marketing_Error_Page_Blank" time="227.242" classname="Mission_Critical.MC_PI_3"/>
  <testcase name="WFCL_Alliance_Marketing" time="221.485" classname="Mission_Critical.MC_PI_3"/>
  <testcase name="WFCL_Alliance_Marketing_Error_Page" time="117.208" classname="Mission_Critical.MC_PI_3"/>
  <testcase name="WFCL_Alliance_Marketing_Error_Page_Blank" time="217.900" classname="Mission_Critical.MC_PI_3"/>
  <testcase name="WFCL_Alliance_Marketing" time="346.307" classname="Mission_Critical.MC_PI_3"/>
  <testcase name="WFCL_Alliance_Marketing" time="71.348" classname="Mission_Critical.MC_PI_3"/>
  <testcase name="WFCL_Alliance_Marketing_Error_Page" time="275.061" classname="Mission_Critical.MC_PI_3"/>
  <testcase name="WFCL_Alliance_Marketing" time="135.837" classname="Mission_Critical.MC_PI_3"/>
  <testcase name="WFCL_Alliance_Marketing" time="83.658" classname="Mission_Critical.MC_PI_3"/>
  <testcase name="WFCL_Alliance_Marketing" time="153.666" classname="Mission_Critical.MC_PI_3"/>
  <testcase name="WFCL_Alliance_Marketing" time="122.355" classname="Mission_Critical.MC_PI_3"/>
  <testcase name="WFCL_Alliance_Marketing_CodeRequired" time="294.611" classname="Mission_Critical.MC_PI_3"/>
  <testcase name="WFCL_Alliance_Marketing_CodeRequired" time="232.267" classname="Mission_Critical.MC_PI_3"/>
  <testcase name="WFCL_Alliance_Marketing" time="113.803" classname="Mission_Critical.MC_PI_3"/>
  <testcase name="WFCL_Rewards_Registration_APAC_AND_LAC" classname="Mission_Critical.MC_PI_3">
    <skipped/>
  </testcase> <!-- WFCL_Rewards_Registration_APAC_AND_LAC -->
  <testcase name="WFCL_Rewards_Login_APAC_AND_LAC" classname="Mission_Critical.MC_PI_3">
    <skipped/>
  </testcase> <!-- WFCL_Rewards_Login_APAC_AND_LAC -->
  <testcase name="WIDM_Registration_Email_Validation" classname="Mission_Critical.MC_PI_3">
    <skipped/>
  </testcase> <!-- WIDM_Registration_Email_Validation -->
  <testcase name="WFCL_DT_Check" classname="Mission_Critical.MC_PI_3">
    <skipped/>
  </testcase> <!-- WFCL_DT_Check -->
  <testcase name="WFCL_Registration_Email_Validation" classname="Mission_Critical.MC_PI_3">
    <skipped/>
  </testcase> <!-- WFCL_Registration_Email_Validation -->
</testsuite> <!-- Mission_Critical.MC_PI_3 -->
