<?xml version="1.0" encoding="UTF-8"?>
<!-- Generated by org.testng.reporters.JUnitReportReporter -->
<testsuite skipped="0" hostname="WTC-5159473-l2" name="WaterfallApplications.WRTT" tests="6" failures="0" timestamp="14 Dec 2018 21:41:46 GMT" time="89.335" errors="0">
  <testcase name="WRTT_SpalshPage_eCRV" time="6.629" classname="WaterfallApplications.WRTT"/>
  <testcase name="WRTT_Rate_Sheet" time="24.960" classname="WaterfallApplications.WRTT"/>
  <testcase name="WRTT_eCRV_Page" time="15.721" classname="WaterfallApplications.WRTT"/>
  <testcase name="WRTT_Rate_Sheet" time="14.964" classname="WaterfallApplications.WRTT"/>
  <testcase name="WRTT_Rate_Sheet" time="12.193" classname="WaterfallApplications.WRTT"/>
  <testcase name="WRTT_Rate_Sheet" time="14.868" classname="WaterfallApplications.WRTT"/>
</testsuite> <!-- WaterfallApplications.WRTT -->
