<?xml version="1.0" encoding="UTF-8"?>
<!-- Generated by org.testng.reporters.JUnitReportReporter -->
<testsuite skipped="0" hostname="WTC-5159473-l2" name="SupportClasses.Account_Lookup" tests="64" failures="0" timestamp="03 May 2019 14:26:08 GMT" time="335.248" errors="0">
  <testcase name="AccountCheck" time="3.865" classname="SupportClasses.Account_Lookup"/>
  <testcase name="AccountCheck" time="3.224" classname="SupportClasses.Account_Lookup"/>
  <testcase name="AccountCheck" time="5.463" classname="SupportClasses.Account_Lookup"/>
  <testcase name="AccountCheck" time="3.857" classname="SupportClasses.Account_Lookup"/>
  <testcase name="AccountCheck" time="4.454" classname="SupportClasses.Account_Lookup"/>
  <testcase name="AccountCheck" time="3.950" classname="SupportClasses.Account_Lookup"/>
  <testcase name="AccountCheck" time="4.587" classname="SupportClasses.Account_Lookup"/>
  <testcase name="AccountCheck" time="4.854" classname="SupportClasses.Account_Lookup"/>
  <testcase name="AccountCheck" time="4.367" classname="SupportClasses.Account_Lookup"/>
  <testcase name="AccountCheck" time="6.741" classname="SupportClasses.Account_Lookup"/>
  <testcase name="AccountCheck" time="3.355" classname="SupportClasses.Account_Lookup"/>
  <testcase name="AccountCheck" time="3.598" classname="SupportClasses.Account_Lookup"/>
  <testcase name="AccountCheck" time="3.405" classname="SupportClasses.Account_Lookup"/>
  <testcase name="AccountCheck" time="3.263" classname="SupportClasses.Account_Lookup"/>
  <testcase name="AccountCheck" time="3.949" classname="SupportClasses.Account_Lookup"/>
  <testcase name="AccountCheck" time="4.301" classname="SupportClasses.Account_Lookup"/>
  <testcase name="AccountCheck" time="5.094" classname="SupportClasses.Account_Lookup"/>
  <testcase name="AccountCheck" time="4.352" classname="SupportClasses.Account_Lookup"/>
  <testcase name="AccountCheck" time="5.606" classname="SupportClasses.Account_Lookup"/>
  <testcase name="AccountCheck" time="4.855" classname="SupportClasses.Account_Lookup"/>
  <testcase name="AccountCheck" time="5.380" classname="SupportClasses.Account_Lookup"/>
  <testcase name="AccountCheck" time="4.884" classname="SupportClasses.Account_Lookup"/>
  <testcase name="AccountCheck" time="4.493" classname="SupportClasses.Account_Lookup"/>
  <testcase name="AccountCheck" time="3.549" classname="SupportClasses.Account_Lookup"/>
  <testcase name="AccountCheck" time="3.784" classname="SupportClasses.Account_Lookup"/>
  <testcase name="AccountCheck" time="3.955" classname="SupportClasses.Account_Lookup"/>
  <testcase name="AccountCheck" time="4.099" classname="SupportClasses.Account_Lookup"/>
  <testcase name="AccountCheck" time="4.025" classname="SupportClasses.Account_Lookup"/>
  <testcase name="AccountCheck" time="6.545" classname="SupportClasses.Account_Lookup"/>
  <testcase name="AccountCheck" time="4.368" classname="SupportClasses.Account_Lookup"/>
  <testcase name="AccountCheck" time="4.068" classname="SupportClasses.Account_Lookup"/>
  <testcase name="AccountCheck" time="4.082" classname="SupportClasses.Account_Lookup"/>
  <testcase name="AccountCheck" time="5.518" classname="SupportClasses.Account_Lookup"/>
  <testcase name="AccountCheck" time="3.357" classname="SupportClasses.Account_Lookup"/>
  <testcase name="AccountCheck" time="3.374" classname="SupportClasses.Account_Lookup"/>
  <testcase name="AccountCheck" time="5.826" classname="SupportClasses.Account_Lookup"/>
  <testcase name="AccountCheck" time="5.800" classname="SupportClasses.Account_Lookup"/>
  <testcase name="AccountCheck" time="6.342" classname="SupportClasses.Account_Lookup"/>
  <testcase name="AccountCheck" time="3.943" classname="SupportClasses.Account_Lookup"/>
  <testcase name="AccountCheck" time="4.311" classname="SupportClasses.Account_Lookup"/>
  <testcase name="AccountCheck" time="3.955" classname="SupportClasses.Account_Lookup"/>
  <testcase name="AccountCheck" time="4.080" classname="SupportClasses.Account_Lookup"/>
  <testcase name="AccountCheck" time="6.907" classname="SupportClasses.Account_Lookup"/>
  <testcase name="AccountCheck" time="6.199" classname="SupportClasses.Account_Lookup"/>
  <testcase name="AccountCheck" time="5.776" classname="SupportClasses.Account_Lookup"/>
  <testcase name="AccountCheck" time="6.413" classname="SupportClasses.Account_Lookup"/>
  <testcase name="AccountCheck" time="5.028" classname="SupportClasses.Account_Lookup"/>
  <testcase name="AccountCheck" time="3.428" classname="SupportClasses.Account_Lookup"/>
  <testcase name="AccountCheck" time="4.806" classname="SupportClasses.Account_Lookup"/>
  <testcase name="AccountCheck" time="5.641" classname="SupportClasses.Account_Lookup"/>
  <testcase name="AccountCheck" time="4.964" classname="SupportClasses.Account_Lookup"/>
  <testcase name="AccountCheck" time="4.041" classname="SupportClasses.Account_Lookup"/>
  <testcase name="AccountCheck" time="4.013" classname="SupportClasses.Account_Lookup"/>
  <testcase name="AccountCheck" time="5.105" classname="SupportClasses.Account_Lookup"/>
  <testcase name="AccountCheck" time="4.140" classname="SupportClasses.Account_Lookup"/>
  <testcase name="AccountCheck" time="4.092" classname="SupportClasses.Account_Lookup"/>
  <testcase name="AccountCheck" time="43.554" classname="SupportClasses.Account_Lookup"/>
  <testcase name="AccountCheck" time="7.272" classname="SupportClasses.Account_Lookup"/>
  <testcase name="AccountCheck" time="3.830" classname="SupportClasses.Account_Lookup"/>
  <testcase name="AccountCheck" time="3.437" classname="SupportClasses.Account_Lookup"/>
  <testcase name="AccountCheck" time="4.609" classname="SupportClasses.Account_Lookup"/>
  <testcase name="AccountCheck" time="6.269" classname="SupportClasses.Account_Lookup"/>
  <testcase name="AccountCheck" time="4.398" classname="SupportClasses.Account_Lookup"/>
  <testcase name="AccountCheck" time="4.448" classname="SupportClasses.Account_Lookup"/>
</testsuite> <!-- SupportClasses.Account_Lookup -->
