<?xml version="1.0" encoding="UTF-8"?>
<!-- Generated by org.testng.reporters.JUnitReportReporter -->
<testsuite skipped="1" hostname="WTC-5159473-l2" name="WFCL_Application.WFCL_New" tests="2" failures="0" timestamp="01 May 2019 21:41:37 GMT" time="145.226" errors="0">
  <testcase name="CreditCardRegistrationEnroll" time="145.226" classname="WFCL_Application.WFCL_New"/>
  <testcase name="UserRegistration_Account_Data_Captcha" classname="WFCL_Application.WFCL_New">
    <skipped/>
  </testcase> <!-- UserRegistration_Account_Data_Captcha -->
</testsuite> <!-- WFCL_Application.WFCL_New -->
