<?xml version="1.0" encoding="UTF-8"?>
<!-- Generated by org.testng.reporters.JUnitReportReporter -->
<testsuite skipped="0" hostname="WTC-5159473-l2" name="WFCL_Application.WFCL_SmokeTest" tests="1" failures="0" timestamp="12 Nov 2018 19:29:34 GMT" time="119.466" errors="0">
  <testcase name="CreditCardRegistrationEnroll" time="119.466" classname="WFCL_Application.WFCL_SmokeTest"/>
</testsuite> <!-- WFCL_Application.WFCL_SmokeTest -->
