<?xml version="1.0" encoding="UTF-8"?>
<!-- Generated by org.testng.reporters.JUnitReportReporter -->
<testsuite skipped="0" hostname="WTC-5159473-l2" name="Mission_Critical.WIDM_SmokeTest" tests="6" failures="0" timestamp="26 Dec 2018 17:05:08 GMT" time="647.287" errors="0">
  <testcase name="WIDM_Registration_ErrorMessages" time="102.506" classname="Mission_Critical.WIDM_SmokeTest"/>
  <testcase name="WIDM_RegistrationEFWS" time="72.767" classname="Mission_Critical.WIDM_SmokeTest"/>
  <testcase name="WIDM_ForgotUserID" time="56.326" classname="Mission_Critical.WIDM_SmokeTest"/>
  <testcase name="WIDM_Registration" time="139.199" classname="Mission_Critical.WIDM_SmokeTest"/>
  <testcase name="WIDM_ResetPasswordSecret" time="156.240" classname="Mission_Critical.WIDM_SmokeTest"/>
  <testcase name="ResetPasswordWIDM_Email" time="120.249" classname="Mission_Critical.WIDM_SmokeTest"/>
</testsuite> <!-- Mission_Critical.WIDM_SmokeTest -->
