<?xml version="1.0" encoding="UTF-8"?>
<!-- Generated by org.testng.reporters.JUnitReportReporter -->
<testsuite skipped="0" hostname="WTC-5159473-l2" name="WPRL_Application.WPRL_SmokeTest" tests="5" failures="0" timestamp="01 May 2019 21:22:03 GMT" time="1071.115" errors="0">
  <testcase name="WPRL_ContactInfo_Admin" time="243.733" classname="WPRL_Application.WPRL_SmokeTest"/>
  <testcase name="WPRL_ContactInfo_NonAdmin" time="143.315" classname="WPRL_Application.WPRL_SmokeTest"/>
  <testcase name="WPRL_FDM" time="225.170" classname="WPRL_Application.WPRL_SmokeTest"/>
  <testcase name="WPRL_AccountManagement_NonPasskey" time="273.697" classname="WPRL_Application.WPRL_SmokeTest"/>
  <testcase name="WPRL_AccountManagement_Passkey" time="185.200" classname="WPRL_Application.WPRL_SmokeTest"/>
</testsuite> <!-- WPRL_Application.WPRL_SmokeTest -->
