<?xml version="1.0" encoding="UTF-8"?>
<!-- Generated by org.testng.reporters.JUnitReportReporter -->
<testsuite skipped="0" hostname="WTC-5159473-l2" name="WDPA_Application.WDPA_SmokeTest" tests="5" failures="0" timestamp="17 May 2019 15:57:46 GMT" time="1246.432" errors="0">
  <testcase name="WDPA_Ground" time="328.381" classname="WDPA_Application.WDPA_SmokeTest"/>
  <testcase name="WDPA_Express" time="267.959" classname="WDPA_Application.WDPA_SmokeTest"/>
  <testcase name="WDPA_LTLFreight_Anonymous" time="149.019" classname="WDPA_Application.WDPA_SmokeTest"/>
  <testcase name="WDPA_ExpressFreight" time="223.575" classname="WDPA_Application.WDPA_SmokeTest"/>
  <testcase name="WDPA_LTLFreight" time="277.498" classname="WDPA_Application.WDPA_SmokeTest"/>
</testsuite> <!-- WDPA_Application.WDPA_SmokeTest -->
