<?xml version="1.0" encoding="UTF-8"?>
<!-- Generated by org.testng.reporters.JUnitReportReporter -->
<testsuite skipped="2" hostname="WTC-5159473-l2" name="USRC_Application.USRC_TestData_Update" tests="234" failures="2" timestamp="17 May 2019 16:16:08 GMT" time="1529.070" errors="0">
  <testcase name="Check_WCRV_Status" time="4.877" classname="USRC_Application.USRC_TestData_Update"/>
  <testcase name="Check_WCRV_Status" time="5.254" classname="USRC_Application.USRC_TestData_Update"/>
  <testcase name="Check_WCRV_Status" time="9.889" classname="USRC_Application.USRC_TestData_Update"/>
  <testcase name="Check_WCRV_Status" time="4.729" classname="USRC_Application.USRC_TestData_Update"/>
  <testcase name="Check_WCRV_Status" time="6.273" classname="USRC_Application.USRC_TestData_Update"/>
  <testcase name="Check_WCRV_Status" time="10.357" classname="USRC_Application.USRC_TestData_Update"/>
  <testcase name="Check_WCRV_Status" time="4.895" classname="USRC_Application.USRC_TestData_Update"/>
  <testcase name="Check_WCRV_Status" time="4.391" classname="USRC_Application.USRC_TestData_Update"/>
  <testcase name="Check_WCRV_Status" time="4.336" classname="USRC_Application.USRC_TestData_Update"/>
  <testcase name="Check_WCRV_Status" time="10.817" classname="USRC_Application.USRC_TestData_Update"/>
  <testcase name="Check_WCRV_Status" time="8.113" classname="USRC_Application.USRC_TestData_Update"/>
  <testcase name="Check_WCRV_Status" time="9.976" classname="USRC_Application.USRC_TestData_Update"/>
  <testcase name="Check_WCRV_Status" time="3.655" classname="USRC_Application.USRC_TestData_Update"/>
  <testcase name="Check_WCRV_Status" time="8.969" classname="USRC_Application.USRC_TestData_Update"/>
  <testcase name="Check_WCRV_Status" time="6.638" classname="USRC_Application.USRC_TestData_Update"/>
  <testcase name="Check_WCRV_Status" time="7.390" classname="USRC_Application.USRC_TestData_Update"/>
  <testcase name="Check_WCRV_Status" time="4.439" classname="USRC_Application.USRC_TestData_Update"/>
  <testcase name="Check_WCRV_Status" time="4.850" classname="USRC_Application.USRC_TestData_Update"/>
  <testcase name="Check_WCRV_Status" time="3.438" classname="USRC_Application.USRC_TestData_Update"/>
  <testcase name="Check_WCRV_Status" time="7.302" classname="USRC_Application.USRC_TestData_Update"/>
  <testcase name="Check_WCRV_Status" time="6.726" classname="USRC_Application.USRC_TestData_Update"/>
  <testcase name="Check_WCRV_Status" time="6.543" classname="USRC_Application.USRC_TestData_Update"/>
  <testcase name="Check_WCRV_Status" time="7.100" classname="USRC_Application.USRC_TestData_Update"/>
  <testcase name="Check_WCRV_Status" time="9.324" classname="USRC_Application.USRC_TestData_Update"/>
  <testcase name="Check_WCRV_Status" time="9.275" classname="USRC_Application.USRC_TestData_Update"/>
  <testcase name="Check_WCRV_Status" time="3.432" classname="USRC_Application.USRC_TestData_Update"/>
  <testcase name="Check_WCRV_Status" time="6.211" classname="USRC_Application.USRC_TestData_Update"/>
  <testcase name="Check_WCRV_Status" time="4.045" classname="USRC_Application.USRC_TestData_Update"/>
  <testcase name="Check_WCRV_Status" time="6.943" classname="USRC_Application.USRC_TestData_Update"/>
  <testcase name="Check_WCRV_Status" time="6.554" classname="USRC_Application.USRC_TestData_Update"/>
  <testcase name="Check_WCRV_Status" time="7.472" classname="USRC_Application.USRC_TestData_Update"/>
  <testcase name="Check_WCRV_Status" time="6.573" classname="USRC_Application.USRC_TestData_Update"/>
  <testcase name="Check_WCRV_Status" time="6.138" classname="USRC_Application.USRC_TestData_Update"/>
  <testcase name="Check_WCRV_Status" time="5.608" classname="USRC_Application.USRC_TestData_Update"/>
  <testcase name="Check_WCRV_Status" time="7.842" classname="USRC_Application.USRC_TestData_Update"/>
  <testcase name="Check_WCRV_Status" time="8.497" classname="USRC_Application.USRC_TestData_Update"/>
  <testcase name="Check_WCRV_Status" time="9.045" classname="USRC_Application.USRC_TestData_Update"/>
  <testcase name="Check_WCRV_Status" time="3.680" classname="USRC_Application.USRC_TestData_Update"/>
  <testcase name="Check_WCRV_Status" time="6.086" classname="USRC_Application.USRC_TestData_Update"/>
  <testcase name="Check_WCRV_Status" time="6.394" classname="USRC_Application.USRC_TestData_Update"/>
  <testcase name="Check_WCRV_Status" time="7.832" classname="USRC_Application.USRC_TestData_Update"/>
  <testcase name="Check_WCRV_Status" time="7.096" classname="USRC_Application.USRC_TestData_Update"/>
  <testcase name="Check_WCRV_Status" time="3.837" classname="USRC_Application.USRC_TestData_Update"/>
  <testcase name="Check_WCRV_Status" time="1.629" classname="USRC_Application.USRC_TestData_Update"/>
  <testcase name="Check_WCRV_Status" time="5.435" classname="USRC_Application.USRC_TestData_Update"/>
  <testcase name="Check_WCRV_Status" time="3.954" classname="USRC_Application.USRC_TestData_Update"/>
  <testcase name="Check_WCRV_Status" time="5.580" classname="USRC_Application.USRC_TestData_Update"/>
  <testcase name="Check_WCRV_Status" time="3.787" classname="USRC_Application.USRC_TestData_Update"/>
  <testcase name="Check_WCRV_Status" time="7.997" classname="USRC_Application.USRC_TestData_Update"/>
  <testcase name="Check_WCRV_Status" time="8.807" classname="USRC_Application.USRC_TestData_Update"/>
  <testcase name="Check_WCRV_Status" time="5.191" classname="USRC_Application.USRC_TestData_Update"/>
  <testcase name="Check_WCRV_Status" time="6.427" classname="USRC_Application.USRC_TestData_Update"/>
  <testcase name="Check_WCRV_Status" time="7.054" classname="USRC_Application.USRC_TestData_Update"/>
  <testcase name="Check_WCRV_Status" time="9.219" classname="USRC_Application.USRC_TestData_Update"/>
  <testcase name="Check_WCRV_Status" time="6.752" classname="USRC_Application.USRC_TestData_Update"/>
  <testcase name="Check_WCRV_Status" time="7.827" classname="USRC_Application.USRC_TestData_Update"/>
  <testcase name="Check_WCRV_Status" time="9.936" classname="USRC_Application.USRC_TestData_Update"/>
  <testcase name="Check_WCRV_Status" time="9.367" classname="USRC_Application.USRC_TestData_Update"/>
  <testcase name="Check_WCRV_Status" time="0.184" classname="USRC_Application.USRC_TestData_Update">
    <failure type="java.lang.AssertionError" message="Not able to login.">
      <![CDATA[java.lang.AssertionError: Not able to login.
at org.junit.Assert.fail(Assert.java:88)
at USRC_Application.USRC_TestData_Update.Check_WCRV_Status(USRC_TestData_Update.java:120)
at sun.reflect.GeneratedMethodAccessor2.invoke(Unknown Source)
at sun.reflect.DelegatingMethodAccessorImpl.invoke(Unknown Source)
at java.lang.reflect.Method.invoke(Unknown Source)
at org.testng.internal.MethodInvocationHelper.invokeMethod(MethodInvocationHelper.java:124)
at org.testng.internal.Invoker.invokeMethod(Invoker.java:580)
at org.testng.internal.Invoker.invokeTestMethod(Invoker.java:716)
at org.testng.internal.TestMethodWithDataProviderMethodWorker.call(TestMethodWithDataProviderMethodWorker.java:71)
at org.testng.internal.TestMethodWithDataProviderMethodWorker.call(TestMethodWithDataProviderMethodWorker.java:14)
at java.util.concurrent.FutureTask.run(Unknown Source)
at java.util.concurrent.Executors$RunnableAdapter.call(Unknown Source)
at java.util.concurrent.FutureTask.run(Unknown Source)
at java.util.concurrent.ThreadPoolExecutor.runWorker(Unknown Source)
at java.util.concurrent.ThreadPoolExecutor$Worker.run(Unknown Source)
at java.lang.Thread.run(Unknown Source)
]]>
    </failure>
  </testcase> <!-- Check_WCRV_Status -->
  <testcase name="Check_WCRV_Status" time="8.926" classname="USRC_Application.USRC_TestData_Update"/>
  <testcase name="Check_WCRV_Status" time="5.633" classname="USRC_Application.USRC_TestData_Update"/>
  <testcase name="Check_WCRV_Status" time="6.102" classname="USRC_Application.USRC_TestData_Update"/>
  <testcase name="Check_WCRV_Status" time="9.159" classname="USRC_Application.USRC_TestData_Update"/>
  <testcase name="Check_WCRV_Status" time="5.421" classname="USRC_Application.USRC_TestData_Update"/>
  <testcase name="Check_WCRV_Status" time="9.245" classname="USRC_Application.USRC_TestData_Update"/>
  <testcase name="Check_WCRV_Status" time="5.549" classname="USRC_Application.USRC_TestData_Update"/>
  <testcase name="Check_WCRV_Status" time="7.339" classname="USRC_Application.USRC_TestData_Update"/>
  <testcase name="Check_WCRV_Status" time="8.051" classname="USRC_Application.USRC_TestData_Update"/>
  <testcase name="Check_WCRV_Status" time="5.645" classname="USRC_Application.USRC_TestData_Update"/>
  <testcase name="Check_WCRV_Status" time="6.184" classname="USRC_Application.USRC_TestData_Update"/>
  <testcase name="Check_WCRV_Status" time="4.960" classname="USRC_Application.USRC_TestData_Update"/>
  <testcase name="Check_WCRV_Status" time="5.648" classname="USRC_Application.USRC_TestData_Update"/>
  <testcase name="Check_WCRV_Status" time="5.288" classname="USRC_Application.USRC_TestData_Update"/>
  <testcase name="Check_WCRV_Status" time="5.035" classname="USRC_Application.USRC_TestData_Update"/>
  <testcase name="Check_WCRV_Status" time="2.920" classname="USRC_Application.USRC_TestData_Update"/>
  <testcase name="Check_WCRV_Status" time="9.046" classname="USRC_Application.USRC_TestData_Update"/>
  <testcase name="Check_WCRV_Status" time="3.685" classname="USRC_Application.USRC_TestData_Update"/>
  <testcase name="Check_WCRV_Status" time="2.066" classname="USRC_Application.USRC_TestData_Update"/>
  <testcase name="Check_WCRV_Status" time="8.304" classname="USRC_Application.USRC_TestData_Update"/>
  <testcase name="Check_WCRV_Status" time="2.624" classname="USRC_Application.USRC_TestData_Update"/>
  <testcase name="Check_WCRV_Status" time="6.278" classname="USRC_Application.USRC_TestData_Update"/>
  <testcase name="Check_WCRV_Status" time="6.721" classname="USRC_Application.USRC_TestData_Update"/>
  <testcase name="Check_WCRV_Status" time="8.250" classname="USRC_Application.USRC_TestData_Update"/>
  <testcase name="Check_WCRV_Status" time="7.291" classname="USRC_Application.USRC_TestData_Update"/>
  <testcase name="Check_WCRV_Status" time="8.083" classname="USRC_Application.USRC_TestData_Update"/>
  <testcase name="Check_WCRV_Status" time="7.594" classname="USRC_Application.USRC_TestData_Update"/>
  <testcase name="Check_WCRV_Status" time="4.110" classname="USRC_Application.USRC_TestData_Update"/>
  <testcase name="Check_WCRV_Status" time="6.960" classname="USRC_Application.USRC_TestData_Update"/>
  <testcase name="Check_WCRV_Status" time="6.319" classname="USRC_Application.USRC_TestData_Update"/>
  <testcase name="Check_WCRV_Status" time="4.575" classname="USRC_Application.USRC_TestData_Update"/>
  <testcase name="Check_WCRV_Status" time="4.338" classname="USRC_Application.USRC_TestData_Update"/>
  <testcase name="Check_WCRV_Status" time="3.807" classname="USRC_Application.USRC_TestData_Update"/>
  <testcase name="Check_WCRV_Status" time="3.789" classname="USRC_Application.USRC_TestData_Update"/>
  <testcase name="Check_WCRV_Status" time="6.425" classname="USRC_Application.USRC_TestData_Update"/>
  <testcase name="Check_WCRV_Status" time="6.360" classname="USRC_Application.USRC_TestData_Update"/>
  <testcase name="Check_WCRV_Status" time="6.309" classname="USRC_Application.USRC_TestData_Update"/>
  <testcase name="Check_WCRV_Status" time="8.694" classname="USRC_Application.USRC_TestData_Update"/>
  <testcase name="Check_WCRV_Status" time="7.966" classname="USRC_Application.USRC_TestData_Update"/>
  <testcase name="Check_WCRV_Status" time="6.552" classname="USRC_Application.USRC_TestData_Update"/>
  <testcase name="Check_WCRV_Status" time="5.373" classname="USRC_Application.USRC_TestData_Update"/>
  <testcase name="Check_WCRV_Status" time="6.970" classname="USRC_Application.USRC_TestData_Update"/>
  <testcase name="Check_WCRV_Status" time="7.082" classname="USRC_Application.USRC_TestData_Update"/>
  <testcase name="Check_WCRV_Status" time="7.838" classname="USRC_Application.USRC_TestData_Update"/>
  <testcase name="Check_WCRV_Status" time="6.703" classname="USRC_Application.USRC_TestData_Update"/>
  <testcase name="Check_WCRV_Status" time="7.638" classname="USRC_Application.USRC_TestData_Update"/>
  <testcase name="Check_WCRV_Status" time="4.702" classname="USRC_Application.USRC_TestData_Update"/>
  <testcase name="Check_WCRV_Status" time="10.099" classname="USRC_Application.USRC_TestData_Update"/>
  <testcase name="Check_WCRV_Status" time="6.828" classname="USRC_Application.USRC_TestData_Update"/>
  <testcase name="Check_WCRV_Status" time="4.161" classname="USRC_Application.USRC_TestData_Update"/>
  <testcase name="Check_WCRV_Status" time="3.167" classname="USRC_Application.USRC_TestData_Update"/>
  <testcase name="Check_WCRV_Status" time="8.396" classname="USRC_Application.USRC_TestData_Update"/>
  <testcase name="Check_WCRV_Status" time="3.931" classname="USRC_Application.USRC_TestData_Update"/>
  <testcase name="Check_WCRV_Status" time="9.384" classname="USRC_Application.USRC_TestData_Update"/>
  <testcase name="Check_WCRV_Status" time="5.828" classname="USRC_Application.USRC_TestData_Update"/>
  <testcase name="Check_WCRV_Status" time="8.982" classname="USRC_Application.USRC_TestData_Update"/>
  <testcase name="Check_WCRV_Status" time="11.356" classname="USRC_Application.USRC_TestData_Update"/>
  <testcase name="Check_WCRV_Status" time="8.196" classname="USRC_Application.USRC_TestData_Update"/>
  <testcase name="Check_WCRV_Status" time="5.110" classname="USRC_Application.USRC_TestData_Update"/>
  <testcase name="Check_WCRV_Status" time="6.052" classname="USRC_Application.USRC_TestData_Update"/>
  <testcase name="Check_WCRV_Status" time="5.673" classname="USRC_Application.USRC_TestData_Update"/>
  <testcase name="Check_WCRV_Status" time="10.660" classname="USRC_Application.USRC_TestData_Update"/>
  <testcase name="Check_WCRV_Status" time="4.514" classname="USRC_Application.USRC_TestData_Update"/>
  <testcase name="Check_WCRV_Status" time="7.713" classname="USRC_Application.USRC_TestData_Update"/>
  <testcase name="Check_WCRV_Status" time="5.324" classname="USRC_Application.USRC_TestData_Update"/>
  <testcase name="Check_WCRV_Status" time="9.547" classname="USRC_Application.USRC_TestData_Update"/>
  <testcase name="Check_WCRV_Status" time="5.571" classname="USRC_Application.USRC_TestData_Update"/>
  <testcase name="Check_WCRV_Status" time="3.776" classname="USRC_Application.USRC_TestData_Update"/>
  <testcase name="Check_WCRV_Status" time="8.570" classname="USRC_Application.USRC_TestData_Update"/>
  <testcase name="Check_WCRV_Status" time="4.469" classname="USRC_Application.USRC_TestData_Update"/>
  <testcase name="Check_WCRV_Status" time="4.587" classname="USRC_Application.USRC_TestData_Update"/>
  <testcase name="Check_WCRV_Status" time="7.505" classname="USRC_Application.USRC_TestData_Update"/>
  <testcase name="Check_WCRV_Status" time="5.147" classname="USRC_Application.USRC_TestData_Update"/>
  <testcase name="Check_WCRV_Status" time="4.602" classname="USRC_Application.USRC_TestData_Update"/>
  <testcase name="Check_WCRV_Status" time="7.063" classname="USRC_Application.USRC_TestData_Update"/>
  <testcase name="Check_WCRV_Status" time="7.973" classname="USRC_Application.USRC_TestData_Update"/>
  <testcase name="Check_WCRV_Status" time="5.471" classname="USRC_Application.USRC_TestData_Update"/>
  <testcase name="Check_WCRV_Status" time="5.281" classname="USRC_Application.USRC_TestData_Update"/>
  <testcase name="Check_WCRV_Status" time="4.427" classname="USRC_Application.USRC_TestData_Update"/>
  <testcase name="Check_WCRV_Status" time="10.872" classname="USRC_Application.USRC_TestData_Update"/>
  <testcase name="Check_WCRV_Status" time="7.595" classname="USRC_Application.USRC_TestData_Update"/>
  <testcase name="Check_WCRV_Status" time="9.044" classname="USRC_Application.USRC_TestData_Update"/>
  <testcase name="Check_WCRV_Status" time="8.666" classname="USRC_Application.USRC_TestData_Update"/>
  <testcase name="Check_WCRV_Status" time="8.160" classname="USRC_Application.USRC_TestData_Update"/>
  <testcase name="Check_WCRV_Status" time="10.195" classname="USRC_Application.USRC_TestData_Update"/>
  <testcase name="Check_WCRV_Status" time="8.903" classname="USRC_Application.USRC_TestData_Update"/>
  <testcase name="Check_WCRV_Status" time="6.118" classname="USRC_Application.USRC_TestData_Update"/>
  <testcase name="Check_WCRV_Status" time="3.744" classname="USRC_Application.USRC_TestData_Update"/>
  <testcase name="Check_WCRV_Status" time="6.752" classname="USRC_Application.USRC_TestData_Update"/>
  <testcase name="Check_WCRV_Status" time="5.632" classname="USRC_Application.USRC_TestData_Update"/>
  <testcase name="Check_WCRV_Status" time="9.982" classname="USRC_Application.USRC_TestData_Update"/>
  <testcase name="Check_WCRV_Status" time="7.509" classname="USRC_Application.USRC_TestData_Update"/>
  <testcase name="Check_WCRV_Status" time="6.197" classname="USRC_Application.USRC_TestData_Update"/>
  <testcase name="Check_WCRV_Status" time="5.021" classname="USRC_Application.USRC_TestData_Update"/>
  <testcase name="Check_WCRV_Status" time="6.170" classname="USRC_Application.USRC_TestData_Update"/>
  <testcase name="Check_WCRV_Status" time="5.621" classname="USRC_Application.USRC_TestData_Update"/>
  <testcase name="Check_WCRV_Status" time="4.578" classname="USRC_Application.USRC_TestData_Update"/>
  <testcase name="Check_WCRV_Status" time="9.468" classname="USRC_Application.USRC_TestData_Update"/>
  <testcase name="Check_WCRV_Status" time="5.073" classname="USRC_Application.USRC_TestData_Update"/>
  <testcase name="Check_WCRV_Status" time="8.961" classname="USRC_Application.USRC_TestData_Update"/>
  <testcase name="Check_WCRV_Status" time="6.538" classname="USRC_Application.USRC_TestData_Update"/>
  <testcase name="Check_WCRV_Status" time="8.949" classname="USRC_Application.USRC_TestData_Update"/>
  <testcase name="Check_WCRV_Status" time="9.512" classname="USRC_Application.USRC_TestData_Update"/>
  <testcase name="Check_WCRV_Status" time="7.190" classname="USRC_Application.USRC_TestData_Update"/>
  <testcase name="Check_WCRV_Status" time="7.117" classname="USRC_Application.USRC_TestData_Update"/>
  <testcase name="Check_WCRV_Status" time="3.926" classname="USRC_Application.USRC_TestData_Update"/>
  <testcase name="Check_WCRV_Status" time="0.122" classname="USRC_Application.USRC_TestData_Update">
    <failure type="java.lang.AssertionError" message="Not able to login.">
      <![CDATA[java.lang.AssertionError: Not able to login.
at org.junit.Assert.fail(Assert.java:88)
at USRC_Application.USRC_TestData_Update.Check_WCRV_Status(USRC_TestData_Update.java:120)
at sun.reflect.GeneratedMethodAccessor2.invoke(Unknown Source)
at sun.reflect.DelegatingMethodAccessorImpl.invoke(Unknown Source)
at java.lang.reflect.Method.invoke(Unknown Source)
at org.testng.internal.MethodInvocationHelper.invokeMethod(MethodInvocationHelper.java:124)
at org.testng.internal.Invoker.invokeMethod(Invoker.java:580)
at org.testng.internal.Invoker.invokeTestMethod(Invoker.java:716)
at org.testng.internal.TestMethodWithDataProviderMethodWorker.call(TestMethodWithDataProviderMethodWorker.java:71)
at org.testng.internal.TestMethodWithDataProviderMethodWorker.call(TestMethodWithDataProviderMethodWorker.java:14)
at java.util.concurrent.FutureTask.run(Unknown Source)
at java.util.concurrent.Executors$RunnableAdapter.call(Unknown Source)
at java.util.concurrent.FutureTask.run(Unknown Source)
at java.util.concurrent.ThreadPoolExecutor.runWorker(Unknown Source)
at java.util.concurrent.ThreadPoolExecutor$Worker.run(Unknown Source)
at java.lang.Thread.run(Unknown Source)
]]>
    </failure>
  </testcase> <!-- Check_WCRV_Status -->
  <testcase name="Check_WCRV_Status" time="9.663" classname="USRC_Application.USRC_TestData_Update"/>
  <testcase name="Check_WCRV_Status" time="5.646" classname="USRC_Application.USRC_TestData_Update"/>
  <testcase name="Check_WCRV_Status" time="0.884" classname="USRC_Application.USRC_TestData_Update"/>
  <testcase name="Check_WCRV_Status" time="7.036" classname="USRC_Application.USRC_TestData_Update"/>
  <testcase name="Check_WCRV_Status" time="9.191" classname="USRC_Application.USRC_TestData_Update"/>
  <testcase name="Check_WCRV_Status" time="10.067" classname="USRC_Application.USRC_TestData_Update"/>
  <testcase name="Check_WCRV_Status" time="5.991" classname="USRC_Application.USRC_TestData_Update"/>
  <testcase name="Check_WCRV_Status" time="6.514" classname="USRC_Application.USRC_TestData_Update"/>
  <testcase name="Check_WCRV_Status" time="6.246" classname="USRC_Application.USRC_TestData_Update"/>
  <testcase name="Check_WCRV_Status" time="6.067" classname="USRC_Application.USRC_TestData_Update"/>
  <testcase name="Check_WCRV_Status" time="7.289" classname="USRC_Application.USRC_TestData_Update"/>
  <testcase name="Check_WCRV_Status" time="8.555" classname="USRC_Application.USRC_TestData_Update"/>
  <testcase name="Check_WCRV_Status" time="6.891" classname="USRC_Application.USRC_TestData_Update"/>
  <testcase name="Check_WCRV_Status" time="6.111" classname="USRC_Application.USRC_TestData_Update"/>
  <testcase name="Check_WCRV_Status" time="8.399" classname="USRC_Application.USRC_TestData_Update"/>
  <testcase name="Check_WCRV_Status" time="4.490" classname="USRC_Application.USRC_TestData_Update"/>
  <testcase name="Check_WCRV_Status" time="4.810" classname="USRC_Application.USRC_TestData_Update"/>
  <testcase name="Check_WCRV_Status" time="8.572" classname="USRC_Application.USRC_TestData_Update"/>
  <testcase name="Check_WCRV_Status" time="10.376" classname="USRC_Application.USRC_TestData_Update"/>
  <testcase name="Check_WCRV_Status" time="6.683" classname="USRC_Application.USRC_TestData_Update"/>
  <testcase name="Check_WCRV_Status" time="3.783" classname="USRC_Application.USRC_TestData_Update"/>
  <testcase name="Check_WCRV_Status" time="6.535" classname="USRC_Application.USRC_TestData_Update"/>
  <testcase name="Check_WCRV_Status" time="9.976" classname="USRC_Application.USRC_TestData_Update"/>
  <testcase name="Check_WCRV_Status" time="6.340" classname="USRC_Application.USRC_TestData_Update"/>
  <testcase name="Check_WCRV_Status" time="6.103" classname="USRC_Application.USRC_TestData_Update"/>
  <testcase name="Check_WCRV_Status" time="6.444" classname="USRC_Application.USRC_TestData_Update"/>
  <testcase name="Check_WCRV_Status" time="7.654" classname="USRC_Application.USRC_TestData_Update"/>
  <testcase name="Check_WCRV_Status" time="9.679" classname="USRC_Application.USRC_TestData_Update"/>
  <testcase name="Check_WCRV_Status" time="6.316" classname="USRC_Application.USRC_TestData_Update"/>
  <testcase name="Check_WCRV_Status" time="6.639" classname="USRC_Application.USRC_TestData_Update"/>
  <testcase name="Check_WCRV_Status" time="5.473" classname="USRC_Application.USRC_TestData_Update"/>
  <testcase name="Check_WCRV_Status" time="6.754" classname="USRC_Application.USRC_TestData_Update"/>
  <testcase name="Check_WCRV_Status" time="6.951" classname="USRC_Application.USRC_TestData_Update"/>
  <testcase name="Check_WCRV_Status" time="11.370" classname="USRC_Application.USRC_TestData_Update"/>
  <testcase name="Check_WCRV_Status" time="4.267" classname="USRC_Application.USRC_TestData_Update"/>
  <testcase name="Check_WCRV_Status" time="11.404" classname="USRC_Application.USRC_TestData_Update"/>
  <testcase name="Check_WCRV_Status" time="4.437" classname="USRC_Application.USRC_TestData_Update"/>
  <testcase name="Check_WCRV_Status" time="7.551" classname="USRC_Application.USRC_TestData_Update"/>
  <testcase name="Check_WCRV_Status" time="10.399" classname="USRC_Application.USRC_TestData_Update"/>
  <testcase name="Check_WCRV_Status" time="4.233" classname="USRC_Application.USRC_TestData_Update"/>
  <testcase name="Check_WCRV_Status" time="7.657" classname="USRC_Application.USRC_TestData_Update"/>
  <testcase name="Check_WCRV_Status" time="4.383" classname="USRC_Application.USRC_TestData_Update"/>
  <testcase name="Check_WCRV_Status" time="8.370" classname="USRC_Application.USRC_TestData_Update"/>
  <testcase name="Check_WCRV_Status" time="2.343" classname="USRC_Application.USRC_TestData_Update"/>
  <testcase name="Check_WCRV_Status" time="7.392" classname="USRC_Application.USRC_TestData_Update"/>
  <testcase name="Check_WCRV_Status" time="10.591" classname="USRC_Application.USRC_TestData_Update"/>
  <testcase name="Check_WCRV_Status" time="6.863" classname="USRC_Application.USRC_TestData_Update"/>
  <testcase name="Check_WCRV_Status" time="5.251" classname="USRC_Application.USRC_TestData_Update"/>
  <testcase name="Check_WCRV_Status" time="7.293" classname="USRC_Application.USRC_TestData_Update"/>
  <testcase name="Check_WCRV_Status" time="6.378" classname="USRC_Application.USRC_TestData_Update"/>
  <testcase name="Check_WCRV_Status" time="5.632" classname="USRC_Application.USRC_TestData_Update"/>
  <testcase name="Check_WCRV_Status" time="8.240" classname="USRC_Application.USRC_TestData_Update"/>
  <testcase name="Check_WCRV_Status" time="8.125" classname="USRC_Application.USRC_TestData_Update"/>
  <testcase name="Check_WCRV_Status" time="7.081" classname="USRC_Application.USRC_TestData_Update"/>
  <testcase name="Check_WCRV_Status" time="6.619" classname="USRC_Application.USRC_TestData_Update"/>
  <testcase name="Check_WCRV_Status" time="7.210" classname="USRC_Application.USRC_TestData_Update"/>
  <testcase name="Check_WCRV_Status" time="7.297" classname="USRC_Application.USRC_TestData_Update"/>
  <testcase name="Check_WCRV_Status" time="6.773" classname="USRC_Application.USRC_TestData_Update"/>
  <testcase name="Check_WCRV_Status" time="3.111" classname="USRC_Application.USRC_TestData_Update"/>
  <testcase name="Check_WCRV_Status" time="3.579" classname="USRC_Application.USRC_TestData_Update"/>
  <testcase name="Check_WCRV_Status" time="4.049" classname="USRC_Application.USRC_TestData_Update"/>
  <testcase name="Check_WCRV_Status" time="4.437" classname="USRC_Application.USRC_TestData_Update"/>
  <testcase name="Check_WCRV_Status" time="5.922" classname="USRC_Application.USRC_TestData_Update"/>
  <testcase name="Check_WCRV_Status" time="6.295" classname="USRC_Application.USRC_TestData_Update"/>
  <testcase name="Check_WCRV_Status" time="8.288" classname="USRC_Application.USRC_TestData_Update"/>
  <testcase name="Check_WCRV_Status" time="5.580" classname="USRC_Application.USRC_TestData_Update"/>
  <testcase name="CheckMigration" classname="USRC_Application.USRC_TestData_Update">
    <skipped/>
  </testcase> <!-- CheckMigration -->
  <testcase name="UpdateUser" classname="USRC_Application.USRC_TestData_Update">
    <skipped/>
  </testcase> <!-- UpdateUser -->
</testsuite> <!-- USRC_Application.USRC_TestData_Update -->
