<?xml version="1.0" encoding="UTF-8"?>
<!-- Generated by org.testng.reporters.JUnitReportReporter -->
<testsuite skipped="1" hostname="WTC-5159473-l2" name="SupportClasses.Environment" tests="1" failures="0" timestamp="02 Nov 2018 20:55:54 GMT" time="0.024" errors="0">
  <testcase name="SetEvironmentLevel" time="0.024" classname="SupportClasses.Environment">
    <skipped/>
  </testcase> <!-- SetEvironmentLevel -->
</testsuite> <!-- SupportClasses.Environment -->
