<?xml version="1.0" encoding="UTF-8"?>
<!-- Generated by org.testng.reporters.JUnitReportReporter -->
<testsuite skipped="0" hostname="WTC-5159473-l2" name="SupportClasses.Account_Lookup" tests="10" failures="0" timestamp="18 Apr 2019 03:44:57 GMT" time="76.751" errors="0">
  <testcase name="AccountCheck" time="7.529" classname="SupportClasses.Account_Lookup"/>
  <testcase name="AccountCheck" time="3.630" classname="SupportClasses.Account_Lookup"/>
  <testcase name="AccountCheck" time="8.541" classname="SupportClasses.Account_Lookup"/>
  <testcase name="AccountCheck" time="2.511" classname="SupportClasses.Account_Lookup"/>
  <testcase name="AccountCheck" time="2.917" classname="SupportClasses.Account_Lookup"/>
  <testcase name="AccountCheck" time="6.638" classname="SupportClasses.Account_Lookup"/>
  <testcase name="AccountCheck" time="2.987" classname="SupportClasses.Account_Lookup"/>
  <testcase name="AccountCheck" time="3.057" classname="SupportClasses.Account_Lookup"/>
  <testcase name="AccountCheck" time="3.072" classname="SupportClasses.Account_Lookup"/>
  <testcase name="AccountCheck" time="35.869" classname="SupportClasses.Account_Lookup"/>
</testsuite> <!-- SupportClasses.Account_Lookup -->
