<?xml version="1.0" encoding="UTF-8"?>
<!-- Generated by org.testng.reporters.JUnitReportReporter -->
<testsuite skipped="0" hostname="WTC-5159473-l2" name="Mission_Critical.WFCL_New" tests="1" failures="0" timestamp="19 Dec 2018 21:52:02 GMT" time="70.053" errors="0">
  <testcase name="UserRegistration_Account_Data" time="70.053" classname="Mission_Critical.WFCL_New"/>
</testsuite> <!-- Mission_Critical.WFCL_New -->
