<?xml version="1.0" encoding="UTF-8"?>
<!-- Generated by org.testng.reporters.JUnitReportReporter -->
<testsuite skipped="0" hostname="WTC-5159473-l2" name="Mission_Critical.WFCL_SmokeTest" tests="1" failures="0" timestamp="26 Dec 2018 16:43:27 GMT" time="54.977" errors="0">
  <testcase name="UserRegistration" time="54.977" classname="Mission_Critical.WFCL_SmokeTest"/>
</testsuite> <!-- Mission_Critical.WFCL_SmokeTest -->
