<?xml version="1.0" encoding="UTF-8"?>
<!-- Generated by org.testng.reporters.JUnitReportReporter -->
<testsuite skipped="0" hostname="WTC-5159473-l2" name="SupportClasses.Account_Lookup" tests="10" failures="0" timestamp="26 Feb 2019 19:49:05 GMT" time="40.511" errors="0">
  <testcase name="AccountCheck" time="2.449" classname="SupportClasses.Account_Lookup"/>
  <testcase name="AccountCheck" time="2.787" classname="SupportClasses.Account_Lookup"/>
  <testcase name="AccountCheck" time="2.640" classname="SupportClasses.Account_Lookup"/>
  <testcase name="AccountCheck" time="2.625" classname="SupportClasses.Account_Lookup"/>
  <testcase name="AccountCheck" time="2.716" classname="SupportClasses.Account_Lookup"/>
  <testcase name="AccountCheck" time="2.700" classname="SupportClasses.Account_Lookup"/>
  <testcase name="AccountCheck" time="16.109" classname="SupportClasses.Account_Lookup"/>
  <testcase name="AccountCheck" time="2.688" classname="SupportClasses.Account_Lookup"/>
  <testcase name="AccountCheck" time="3.085" classname="SupportClasses.Account_Lookup"/>
  <testcase name="AccountCheck" time="2.712" classname="SupportClasses.Account_Lookup"/>
</testsuite> <!-- SupportClasses.Account_Lookup -->
