<?xml version="1.0" encoding="UTF-8"?>
<!-- Generated by org.testng.reporters.JUnitReportReporter -->
<testsuite skipped="0" hostname="WTC-5159473-l2" name="SupportClasses.Set_Environment" tests="1" failures="0" timestamp="27 Oct 2018 02:53:06 GMT" time="0.031" errors="0">
  <testcase name="testMethod" time="0.031" classname="SupportClasses.Set_Environment"/>
</testsuite> <!-- SupportClasses.Set_Environment -->
