<?xml version="1.0" encoding="UTF-8"?>
<!-- Generated by org.testng.reporters.JUnitReportReporter -->
<testsuite skipped="0" hostname="WTC-5159473-l2" name="WaterfallApplications.WDPA" tests="1" failures="0" timestamp="05 Nov 2018 21:24:06 GMT" time="25.822" errors="0">
  <testcase name="Pickup_LTLFreight_Anonymous" time="25.822" classname="WaterfallApplications.WDPA"/>
</testsuite> <!-- WaterfallApplications.WDPA -->
