<?xml version="1.0" encoding="UTF-8"?>
<!-- Generated by org.testng.reporters.JUnitReportReporter -->
<testsuite skipped="1" hostname="WTC-5159473-l2" name="SupportClasses.Account_Lookup" tests="2" failures="0" timestamp="06 Jun 2019 16:14:37 GMT" time="4.379" errors="0">
  <testcase name="AccountCheck" time="4.379" classname="SupportClasses.Account_Lookup"/>
  <testcase name="Update_Account_Details" classname="SupportClasses.Account_Lookup">
    <skipped/>
  </testcase> <!-- Update_Account_Details -->
</testsuite> <!-- SupportClasses.Account_Lookup -->
