<?xml version="1.0" encoding="UTF-8"?>
<!-- Generated by org.testng.reporters.JUnitReportReporter -->
<testsuite skipped="0" hostname="WTC-5159473-l2" name="ADAT_Application.ADAT_SmokeTest" tests="14" failures="0" timestamp="23 May 2019 21:47:42 GMT" time="8.354" errors="0">
  <testcase name="ADAT_CreateUser" time="0.612" classname="ADAT_Application.ADAT_SmokeTest"/>
  <testcase name="ADAT_CreateUser" time="0.609" classname="ADAT_Application.ADAT_SmokeTest"/>
  <testcase name="ADAT_CreatePin" time="0.211" classname="ADAT_Application.ADAT_SmokeTest"/>
  <testcase name="ADAT_CreatePin" time="0.216" classname="ADAT_Application.ADAT_SmokeTest"/>
  <testcase name="ADAT_AddressVelocity" time="1.487" classname="ADAT_Application.ADAT_SmokeTest"/>
  <testcase name="ADAT_PostcardVelocity" time="0.687" classname="ADAT_Application.ADAT_SmokeTest"/>
  <testcase name="ADAT_PostcardVelocity" time="0.688" classname="ADAT_Application.ADAT_SmokeTest"/>
  <testcase name="ADAT_PhoneVelocity" time="0.709" classname="ADAT_Application.ADAT_SmokeTest"/>
  <testcase name="ADAT_PhoneVelocity" time="0.659" classname="ADAT_Application.ADAT_SmokeTest"/>
  <testcase name="ADAT_AddressVelocity" time="1.461" classname="ADAT_Application.ADAT_SmokeTest"/>
  <testcase name="ADAT_VerifyPin_Invalid" time="0.245" classname="ADAT_Application.ADAT_SmokeTest"/>
  <testcase name="ADAT_VerifyPin" time="0.270" classname="ADAT_Application.ADAT_SmokeTest"/>
  <testcase name="ADAT_VerifyPin" time="0.207" classname="ADAT_Application.ADAT_SmokeTest"/>
  <testcase name="ADAT_VerifyPin_Invalid" time="0.293" classname="ADAT_Application.ADAT_SmokeTest"/>
</testsuite> <!-- ADAT_Application.ADAT_SmokeTest -->
