<?xml version="1.0" encoding="UTF-8"?>
<!-- Generated by org.testng.reporters.JUnitReportReporter -->
<testsuite skipped="0" hostname="WTC-5159473-l2" name="ADAT_Application.ADAT_SmokeTest" tests="14" failures="0" timestamp="08 May 2019 21:22:07 GMT" time="81.426" errors="0">
  <testcase name="ADAT_CreateUser" time="0.726" classname="ADAT_Application.ADAT_SmokeTest"/>
  <testcase name="ADAT_CreateUser" time="0.729" classname="ADAT_Application.ADAT_SmokeTest"/>
  <testcase name="ADAT_CreatePin" time="0.946" classname="ADAT_Application.ADAT_SmokeTest"/>
  <testcase name="ADAT_CreatePin" time="0.948" classname="ADAT_Application.ADAT_SmokeTest"/>
  <testcase name="ADAT_PostcardVelocity" time="8.470" classname="ADAT_Application.ADAT_SmokeTest"/>
  <testcase name="ADAT_PostcardVelocity" time="8.899" classname="ADAT_Application.ADAT_SmokeTest"/>
  <testcase name="ADAT_PhoneVelocity" time="8.438" classname="ADAT_Application.ADAT_SmokeTest"/>
  <testcase name="ADAT_AddressVelocity" time="14.668" classname="ADAT_Application.ADAT_SmokeTest"/>
  <testcase name="ADAT_PhoneVelocity" time="8.440" classname="ADAT_Application.ADAT_SmokeTest"/>
  <testcase name="ADAT_AddressVelocity" time="17.536" classname="ADAT_Application.ADAT_SmokeTest"/>
  <testcase name="ADAT_VerifyPin" time="2.763" classname="ADAT_Application.ADAT_SmokeTest"/>
  <testcase name="ADAT_VerifyPin_Invalid" time="3.076" classname="ADAT_Application.ADAT_SmokeTest"/>
  <testcase name="ADAT_VerifyPin" time="2.697" classname="ADAT_Application.ADAT_SmokeTest"/>
  <testcase name="ADAT_VerifyPin_Invalid" time="3.090" classname="ADAT_Application.ADAT_SmokeTest"/>
</testsuite> <!-- ADAT_Application.ADAT_SmokeTest -->
