<?xml version="1.0" encoding="UTF-8"?>
<!-- Generated by org.testng.reporters.JUnitReportReporter -->
<testsuite skipped="0" hostname="WTC-5159473-l2" name="ADAT_Application.ADAT" tests="14" failures="0" timestamp="23 May 2019 21:27:18 GMT" time="8.268" errors="0">
  <testcase name="ADAT_CreateUser" time="0.646" classname="ADAT_Application.ADAT"/>
  <testcase name="ADAT_CreateUser" time="0.646" classname="ADAT_Application.ADAT"/>
  <testcase name="ADAT_CreatePin" time="0.268" classname="ADAT_Application.ADAT"/>
  <testcase name="ADAT_CreatePin" time="0.267" classname="ADAT_Application.ADAT"/>
  <testcase name="ADAT_PhoneVelocity" time="0.650" classname="ADAT_Application.ADAT"/>
  <testcase name="ADAT_AddressVelocity" time="1.412" classname="ADAT_Application.ADAT"/>
  <testcase name="ADAT_PostcardVelocity" time="0.681" classname="ADAT_Application.ADAT"/>
  <testcase name="ADAT_PostcardVelocity" time="0.605" classname="ADAT_Application.ADAT"/>
  <testcase name="ADAT_PhoneVelocity" time="0.652" classname="ADAT_Application.ADAT"/>
  <testcase name="ADAT_AddressVelocity" time="1.532" classname="ADAT_Application.ADAT"/>
  <testcase name="ADAT_VerifyPin" time="0.189" classname="ADAT_Application.ADAT"/>
  <testcase name="ADAT_VerifyPin" time="0.249" classname="ADAT_Application.ADAT"/>
  <testcase name="ADAT_VerifyPin_Invalid" time="0.210" classname="ADAT_Application.ADAT"/>
  <testcase name="ADAT_VerifyPin_Invalid" time="0.261" classname="ADAT_Application.ADAT"/>
</testsuite> <!-- ADAT_Application.ADAT -->
