<?xml version="1.0" encoding="UTF-8"?>
<!-- Generated by org.testng.reporters.JUnitReportReporter -->
<testsuite skipped="4" hostname="WTC-5159473-l2" name="WFCL_Application.WFCL" tests="5" failures="0" timestamp="04 Dec 2018 23:02:02 GMT" time="149.380" errors="0">
  <testcase name="CreditCardRegistrationEnroll" time="149.380" classname="WFCL_Application.WFCL"/>
  <testcase name="TNT_Vat_Validation" classname="WFCL_Application.WFCL">
    <skipped/>
  </testcase> <!-- TNT_Vat_Validation -->
  <testcase name="BR_TaxID" classname="WFCL_Application.WFCL">
    <skipped/>
  </testcase> <!-- BR_TaxID -->
  <testcase name="WADM_Invitaiton" classname="WFCL_Application.WFCL">
    <skipped/>
  </testcase> <!-- WADM_Invitaiton -->
  <testcase name="AccountRegistration_GFBO" classname="WFCL_Application.WFCL">
    <skipped/>
  </testcase> <!-- AccountRegistration_GFBO -->
</testsuite> <!-- WFCL_Application.WFCL -->
