<?xml version="1.0" encoding="UTF-8"?>
<!-- Generated by org.testng.reporters.JUnitReportReporter -->
<testsuite skipped="0" hostname="WTC-5159473-l2" name="SupportClasses.Account_Lookup" tests="3" failures="0" timestamp="27 Dec 2018 22:29:14 GMT" time="251.572" errors="0">
  <testcase name="AccountCheck" time="70.310" classname="SupportClasses.Account_Lookup"/>
  <testcase name="AccountCheck" time="83.750" classname="SupportClasses.Account_Lookup"/>
  <testcase name="AccountCheck" time="97.512" classname="SupportClasses.Account_Lookup"/>
</testsuite> <!-- SupportClasses.Account_Lookup -->
