<?xml version="1.0" encoding="UTF-8"?>
<!-- Generated by org.testng.reporters.JUnitReportReporter -->
<testsuite skipped="0" hostname="WTC-5159473-l2" name="WIDM_Application.WIDM_SmokeTest" tests="6" failures="0" timestamp="11 Mar 2019 21:52:45 GMT" time="392.219" errors="0">
  <testcase name="WIDM_Registration" time="94.295" classname="WIDM_Application.WIDM_SmokeTest"/>
  <testcase name="ResetPasswordWIDM_Email" time="69.419" classname="WIDM_Application.WIDM_SmokeTest"/>
  <testcase name="WIDM_Registration_ErrorMessages" time="71.657" classname="WIDM_Application.WIDM_SmokeTest"/>
  <testcase name="WIDM_ResetPasswordSecret" time="94.590" classname="WIDM_Application.WIDM_SmokeTest"/>
  <testcase name="WIDM_ForgotUserID" time="17.586" classname="WIDM_Application.WIDM_SmokeTest"/>
  <testcase name="WIDM_RegistrationEFWS" time="44.672" classname="WIDM_Application.WIDM_SmokeTest"/>
</testsuite> <!-- WIDM_Application.WIDM_SmokeTest -->
