<?xml version="1.0" encoding="UTF-8"?>
<!-- Generated by org.testng.reporters.JUnitReportReporter -->
<testsuite skipped="0" hostname="WTC-5159473-l2" name="WFCL_Application.WFCL_API_Functions" tests="1" failures="0" timestamp="13 May 2019 20:13:05 GMT" time="246.195" errors="0">
  <testcase name="WFCL_Link_Account" time="246.195" classname="WFCL_Application.WFCL_API_Functions"/>
</testsuite> <!-- WFCL_Application.WFCL_API_Functions -->
