<?xml version="1.0" encoding="UTF-8"?>
<!-- Generated by org.testng.reporters.JUnitReportReporter -->
<testsuite skipped="0" hostname="WTC-5159473-l2" name="WDPA_Application.WDPA_SmokeTest" tests="1" failures="0" timestamp="09 Jun 2019 01:22:30 GMT" time="84.596" errors="0">
  <testcase name="WDPA_LTLFreight_Anonymous" time="84.596" classname="WDPA_Application.WDPA_SmokeTest"/>
</testsuite> <!-- WDPA_Application.WDPA_SmokeTest -->
