<?xml version="1.0" encoding="UTF-8"?>
<!-- Generated by org.testng.reporters.JUnitReportReporter -->
<testsuite skipped="0" hostname="WTC-5159473-l2" name="ADAT_Application.ADAT_SmokeTest" tests="14" failures="0" timestamp="22 May 2019 21:43:36 GMT" time="7.912" errors="0">
  <testcase name="ADAT_CreateUser" time="0.391" classname="ADAT_Application.ADAT_SmokeTest"/>
  <testcase name="ADAT_CreateUser" time="0.384" classname="ADAT_Application.ADAT_SmokeTest"/>
  <testcase name="ADAT_CreatePin" time="0.182" classname="ADAT_Application.ADAT_SmokeTest"/>
  <testcase name="ADAT_CreatePin" time="0.191" classname="ADAT_Application.ADAT_SmokeTest"/>
  <testcase name="ADAT_PhoneVelocity" time="0.710" classname="ADAT_Application.ADAT_SmokeTest"/>
  <testcase name="ADAT_AddressVelocity" time="1.515" classname="ADAT_Application.ADAT_SmokeTest"/>
  <testcase name="ADAT_PhoneVelocity" time="0.715" classname="ADAT_Application.ADAT_SmokeTest"/>
  <testcase name="ADAT_PostcardVelocity" time="0.702" classname="ADAT_Application.ADAT_SmokeTest"/>
  <testcase name="ADAT_PostcardVelocity" time="0.707" classname="ADAT_Application.ADAT_SmokeTest"/>
  <testcase name="ADAT_AddressVelocity" time="1.452" classname="ADAT_Application.ADAT_SmokeTest"/>
  <testcase name="ADAT_VerifyPin_Invalid" time="0.287" classname="ADAT_Application.ADAT_SmokeTest"/>
  <testcase name="ADAT_VerifyPin" time="0.252" classname="ADAT_Application.ADAT_SmokeTest"/>
  <testcase name="ADAT_VerifyPin_Invalid" time="0.216" classname="ADAT_Application.ADAT_SmokeTest"/>
  <testcase name="ADAT_VerifyPin" time="0.208" classname="ADAT_Application.ADAT_SmokeTest"/>
</testsuite> <!-- ADAT_Application.ADAT_SmokeTest -->
