<?xml version="1.0" encoding="UTF-8"?>
<!-- Generated by org.testng.reporters.JUnitReportReporter -->
<testsuite skipped="1" hostname="WTC-5159473-l2" name="WFCL_Application.WFCL_New" tests="2" failures="0" timestamp="12 Apr 2019 18:15:14 GMT" time="233.468" errors="0">
  <testcase name="CreditCardRegistrationEnroll" time="233.468" classname="WFCL_Application.WFCL_New"/>
  <testcase name="UserRegistration_Account_Data_Captcha" classname="WFCL_Application.WFCL_New">
    <skipped/>
  </testcase> <!-- UserRegistration_Account_Data_Captcha -->
</testsuite> <!-- WFCL_Application.WFCL_New -->
