<?xml version="1.0" encoding="UTF-8"?>
<!-- Generated by org.testng.reporters.JUnitReportReporter -->
<testsuite skipped="0" hostname="WTC-5159473-l2" name="WaterfallApplications.WRTT" tests="6" failures="0" timestamp="08 Nov 2018 23:13:21 GMT" time="570.834" errors="0">
  <testcase name="WRTT_Rate_Sheet" time="121.115" classname="WaterfallApplications.WRTT"/>
  <testcase name="WRTT_Rate_Sheet" time="81.907" classname="WaterfallApplications.WRTT"/>
  <testcase name="WRTT_eCRV_Page" time="92.103" classname="WaterfallApplications.WRTT"/>
  <testcase name="WRTT_Rate_Sheet" time="63.400" classname="WaterfallApplications.WRTT"/>
  <testcase name="WRTT_SpalshPage_eCRV" time="120.006" classname="WaterfallApplications.WRTT"/>
  <testcase name="WRTT_Rate_Sheet" time="92.303" classname="WaterfallApplications.WRTT"/>
</testsuite> <!-- WaterfallApplications.WRTT -->
