<?xml version="1.0" encoding="UTF-8"?>
<!-- Generated by org.testng.reporters.JUnitReportReporter -->
<testsuite skipped="0" hostname="WTC-5159473-l2" name="USRC_Application.USRC_FDM" tests="11" failures="9" timestamp="23 May 2019 20:59:28 GMT" time="21.412" errors="0">
  <testcase name="EndtoEndEnrollment_UserID" time="1.222" classname="USRC_Application.USRC_FDM">
    <failure type="java.lang.AssertionError" message="
Expected: a string containing &quot;enrollmentOptionsList&quot;
     but: was &quot;{
    &quot;error&quot;: &quot;invalid_request&quot;,
    &quot;error_description&quot;: &quot;validation error&quot;
}&quot;">
      <![CDATA[java.lang.AssertionError: 
Expected: a string containing "enrollmentOptionsList"
     but: was "{
    "error": "invalid_request",
    "error_description": "validation error"
}"
at org.hamcrest.MatcherAssert.assertThat(MatcherAssert.java:20)
at org.junit.Assert.assertThat(Assert.java:956)
at org.junit.Assert.assertThat(Assert.java:923)
at USRC_Application.USRC_FDM.EndtoEndEnrollment_UserID(USRC_FDM.java:155)
at sun.reflect.NativeMethodAccessorImpl.invoke0(Native Method)
at sun.reflect.NativeMethodAccessorImpl.invoke(Unknown Source)
at sun.reflect.DelegatingMethodAccessorImpl.invoke(Unknown Source)
at java.lang.reflect.Method.invoke(Unknown Source)
at org.testng.internal.MethodInvocationHelper.invokeMethod(MethodInvocationHelper.java:124)
at org.testng.internal.Invoker.invokeMethod(Invoker.java:580)
at org.testng.internal.Invoker.invokeTestMethod(Invoker.java:716)
at org.testng.internal.TestMethodWithDataProviderMethodWorker.call(TestMethodWithDataProviderMethodWorker.java:71)
at org.testng.internal.TestMethodWithDataProviderMethodWorker.call(TestMethodWithDataProviderMethodWorker.java:14)
at java.util.concurrent.FutureTask.run(Unknown Source)
at java.util.concurrent.Executors$RunnableAdapter.call(Unknown Source)
at java.util.concurrent.FutureTask.run(Unknown Source)
at java.util.concurrent.ThreadPoolExecutor.runWorker(Unknown Source)
at java.util.concurrent.ThreadPoolExecutor$Worker.run(Unknown Source)
at java.lang.Thread.run(Unknown Source)
]]>
    </failure>
  </testcase> <!-- EndtoEndEnrollment_UserID -->
  <testcase name="EndtoEndEnrollment_UserID" time="3.514" classname="USRC_Application.USRC_FDM"/>
  <testcase name="EndtoEndEnrollment_UserID" time="2.874" classname="USRC_Application.USRC_FDM">
    <failure type="java.lang.AssertionError" message="
Expected: a string containing &quot;enrollmentOptionsList&quot;
     but: was &quot;{
    &quot;error&quot;: &quot;invalid_request&quot;,
    &quot;error_description&quot;: &quot;validation error&quot;
}&quot;">
      <![CDATA[java.lang.AssertionError: 
Expected: a string containing "enrollmentOptionsList"
     but: was "{
    "error": "invalid_request",
    "error_description": "validation error"
}"
at org.hamcrest.MatcherAssert.assertThat(MatcherAssert.java:20)
at org.junit.Assert.assertThat(Assert.java:956)
at org.junit.Assert.assertThat(Assert.java:923)
at USRC_Application.USRC_FDM.EndtoEndEnrollment_UserID(USRC_FDM.java:155)
at sun.reflect.NativeMethodAccessorImpl.invoke0(Native Method)
at sun.reflect.NativeMethodAccessorImpl.invoke(Unknown Source)
at sun.reflect.DelegatingMethodAccessorImpl.invoke(Unknown Source)
at java.lang.reflect.Method.invoke(Unknown Source)
at org.testng.internal.MethodInvocationHelper.invokeMethod(MethodInvocationHelper.java:124)
at org.testng.internal.Invoker.invokeMethod(Invoker.java:580)
at org.testng.internal.Invoker.invokeTestMethod(Invoker.java:716)
at org.testng.internal.TestMethodWithDataProviderMethodWorker.call(TestMethodWithDataProviderMethodWorker.java:71)
at org.testng.internal.TestMethodWithDataProviderMethodWorker.call(TestMethodWithDataProviderMethodWorker.java:14)
at java.util.concurrent.FutureTask.run(Unknown Source)
at java.util.concurrent.Executors$RunnableAdapter.call(Unknown Source)
at java.util.concurrent.FutureTask.run(Unknown Source)
at java.util.concurrent.ThreadPoolExecutor.runWorker(Unknown Source)
at java.util.concurrent.ThreadPoolExecutor$Worker.run(Unknown Source)
at java.lang.Thread.run(Unknown Source)
]]>
    </failure>
  </testcase> <!-- EndtoEndEnrollment_UserID -->
  <testcase name="EndtoEndEnrollment_UserID" time="1.062" classname="USRC_Application.USRC_FDM">
    <failure type="java.lang.AssertionError" message="
Expected: a string containing &quot;enrollmentOptionsList&quot;
     but: was &quot;{
    &quot;error&quot;: &quot;invalid_request&quot;,
    &quot;error_description&quot;: &quot;validation error&quot;
}&quot;">
      <![CDATA[java.lang.AssertionError: 
Expected: a string containing "enrollmentOptionsList"
     but: was "{
    "error": "invalid_request",
    "error_description": "validation error"
}"
at org.hamcrest.MatcherAssert.assertThat(MatcherAssert.java:20)
at org.junit.Assert.assertThat(Assert.java:956)
at org.junit.Assert.assertThat(Assert.java:923)
at USRC_Application.USRC_FDM.EndtoEndEnrollment_UserID(USRC_FDM.java:155)
at sun.reflect.NativeMethodAccessorImpl.invoke0(Native Method)
at sun.reflect.NativeMethodAccessorImpl.invoke(Unknown Source)
at sun.reflect.DelegatingMethodAccessorImpl.invoke(Unknown Source)
at java.lang.reflect.Method.invoke(Unknown Source)
at org.testng.internal.MethodInvocationHelper.invokeMethod(MethodInvocationHelper.java:124)
at org.testng.internal.Invoker.invokeMethod(Invoker.java:580)
at org.testng.internal.Invoker.invokeTestMethod(Invoker.java:716)
at org.testng.internal.TestMethodWithDataProviderMethodWorker.call(TestMethodWithDataProviderMethodWorker.java:71)
at org.testng.internal.TestMethodWithDataProviderMethodWorker.call(TestMethodWithDataProviderMethodWorker.java:14)
at java.util.concurrent.FutureTask.run(Unknown Source)
at java.util.concurrent.Executors$RunnableAdapter.call(Unknown Source)
at java.util.concurrent.FutureTask.run(Unknown Source)
at java.util.concurrent.ThreadPoolExecutor.runWorker(Unknown Source)
at java.util.concurrent.ThreadPoolExecutor$Worker.run(Unknown Source)
at java.lang.Thread.run(Unknown Source)
]]>
    </failure>
  </testcase> <!-- EndtoEndEnrollment_UserID -->
  <testcase name="EndtoEndEnrollment_UserID" time="1.717" classname="USRC_Application.USRC_FDM">
    <failure type="java.lang.AssertionError" message="
Expected: a string containing &quot;enrollmentOptionsList&quot;
     but: was &quot;{
    &quot;error&quot;: &quot;invalid_request&quot;,
    &quot;error_description&quot;: &quot;validation error&quot;
}&quot;">
      <![CDATA[java.lang.AssertionError: 
Expected: a string containing "enrollmentOptionsList"
     but: was "{
    "error": "invalid_request",
    "error_description": "validation error"
}"
at org.hamcrest.MatcherAssert.assertThat(MatcherAssert.java:20)
at org.junit.Assert.assertThat(Assert.java:956)
at org.junit.Assert.assertThat(Assert.java:923)
at USRC_Application.USRC_FDM.EndtoEndEnrollment_UserID(USRC_FDM.java:155)
at sun.reflect.NativeMethodAccessorImpl.invoke0(Native Method)
at sun.reflect.NativeMethodAccessorImpl.invoke(Unknown Source)
at sun.reflect.DelegatingMethodAccessorImpl.invoke(Unknown Source)
at java.lang.reflect.Method.invoke(Unknown Source)
at org.testng.internal.MethodInvocationHelper.invokeMethod(MethodInvocationHelper.java:124)
at org.testng.internal.Invoker.invokeMethod(Invoker.java:580)
at org.testng.internal.Invoker.invokeTestMethod(Invoker.java:716)
at org.testng.internal.TestMethodWithDataProviderMethodWorker.call(TestMethodWithDataProviderMethodWorker.java:71)
at org.testng.internal.TestMethodWithDataProviderMethodWorker.call(TestMethodWithDataProviderMethodWorker.java:14)
at java.util.concurrent.FutureTask.run(Unknown Source)
at java.util.concurrent.Executors$RunnableAdapter.call(Unknown Source)
at java.util.concurrent.FutureTask.run(Unknown Source)
at java.util.concurrent.ThreadPoolExecutor.runWorker(Unknown Source)
at java.util.concurrent.ThreadPoolExecutor$Worker.run(Unknown Source)
at java.lang.Thread.run(Unknown Source)
]]>
    </failure>
  </testcase> <!-- EndtoEndEnrollment_UserID -->
  <testcase name="EndtoEndEnrollment_UserID" time="1.386" classname="USRC_Application.USRC_FDM">
    <failure type="java.lang.AssertionError" message="
Expected: a string containing &quot;enrollmentOptionsList&quot;
     but: was &quot;{
    &quot;error&quot;: &quot;invalid_request&quot;,
    &quot;error_description&quot;: &quot;validation error&quot;
}&quot;">
      <![CDATA[java.lang.AssertionError: 
Expected: a string containing "enrollmentOptionsList"
     but: was "{
    "error": "invalid_request",
    "error_description": "validation error"
}"
at org.hamcrest.MatcherAssert.assertThat(MatcherAssert.java:20)
at org.junit.Assert.assertThat(Assert.java:956)
at org.junit.Assert.assertThat(Assert.java:923)
at USRC_Application.USRC_FDM.EndtoEndEnrollment_UserID(USRC_FDM.java:155)
at sun.reflect.NativeMethodAccessorImpl.invoke0(Native Method)
at sun.reflect.NativeMethodAccessorImpl.invoke(Unknown Source)
at sun.reflect.DelegatingMethodAccessorImpl.invoke(Unknown Source)
at java.lang.reflect.Method.invoke(Unknown Source)
at org.testng.internal.MethodInvocationHelper.invokeMethod(MethodInvocationHelper.java:124)
at org.testng.internal.Invoker.invokeMethod(Invoker.java:580)
at org.testng.internal.Invoker.invokeTestMethod(Invoker.java:716)
at org.testng.internal.TestMethodWithDataProviderMethodWorker.call(TestMethodWithDataProviderMethodWorker.java:71)
at org.testng.internal.TestMethodWithDataProviderMethodWorker.call(TestMethodWithDataProviderMethodWorker.java:14)
at java.util.concurrent.FutureTask.run(Unknown Source)
at java.util.concurrent.Executors$RunnableAdapter.call(Unknown Source)
at java.util.concurrent.FutureTask.run(Unknown Source)
at java.util.concurrent.ThreadPoolExecutor.runWorker(Unknown Source)
at java.util.concurrent.ThreadPoolExecutor$Worker.run(Unknown Source)
at java.lang.Thread.run(Unknown Source)
]]>
    </failure>
  </testcase> <!-- EndtoEndEnrollment_UserID -->
  <testcase name="EndtoEndEnrollment_UserID" time="1.548" classname="USRC_Application.USRC_FDM">
    <failure type="java.lang.AssertionError" message="
Expected: a string containing &quot;enrollmentOptionsList&quot;
     but: was &quot;{
    &quot;error&quot;: &quot;invalid_request&quot;,
    &quot;error_description&quot;: &quot;validation error&quot;
}&quot;">
      <![CDATA[java.lang.AssertionError: 
Expected: a string containing "enrollmentOptionsList"
     but: was "{
    "error": "invalid_request",
    "error_description": "validation error"
}"
at org.hamcrest.MatcherAssert.assertThat(MatcherAssert.java:20)
at org.junit.Assert.assertThat(Assert.java:956)
at org.junit.Assert.assertThat(Assert.java:923)
at USRC_Application.USRC_FDM.EndtoEndEnrollment_UserID(USRC_FDM.java:155)
at sun.reflect.NativeMethodAccessorImpl.invoke0(Native Method)
at sun.reflect.NativeMethodAccessorImpl.invoke(Unknown Source)
at sun.reflect.DelegatingMethodAccessorImpl.invoke(Unknown Source)
at java.lang.reflect.Method.invoke(Unknown Source)
at org.testng.internal.MethodInvocationHelper.invokeMethod(MethodInvocationHelper.java:124)
at org.testng.internal.Invoker.invokeMethod(Invoker.java:580)
at org.testng.internal.Invoker.invokeTestMethod(Invoker.java:716)
at org.testng.internal.TestMethodWithDataProviderMethodWorker.call(TestMethodWithDataProviderMethodWorker.java:71)
at org.testng.internal.TestMethodWithDataProviderMethodWorker.call(TestMethodWithDataProviderMethodWorker.java:14)
at java.util.concurrent.FutureTask.run(Unknown Source)
at java.util.concurrent.Executors$RunnableAdapter.call(Unknown Source)
at java.util.concurrent.FutureTask.run(Unknown Source)
at java.util.concurrent.ThreadPoolExecutor.runWorker(Unknown Source)
at java.util.concurrent.ThreadPoolExecutor$Worker.run(Unknown Source)
at java.lang.Thread.run(Unknown Source)
]]>
    </failure>
  </testcase> <!-- EndtoEndEnrollment_UserID -->
  <testcase name="EndtoEndEnrollment_UserID" time="2.708" classname="USRC_Application.USRC_FDM">
    <failure type="java.lang.AssertionError" message="
Expected: a string containing &quot;enrollmentOptionsList&quot;
     but: was &quot;{
    &quot;error&quot;: &quot;invalid_request&quot;,
    &quot;error_description&quot;: &quot;validation error&quot;
}&quot;">
      <![CDATA[java.lang.AssertionError: 
Expected: a string containing "enrollmentOptionsList"
     but: was "{
    "error": "invalid_request",
    "error_description": "validation error"
}"
at org.hamcrest.MatcherAssert.assertThat(MatcherAssert.java:20)
at org.junit.Assert.assertThat(Assert.java:956)
at org.junit.Assert.assertThat(Assert.java:923)
at USRC_Application.USRC_FDM.EndtoEndEnrollment_UserID(USRC_FDM.java:155)
at sun.reflect.NativeMethodAccessorImpl.invoke0(Native Method)
at sun.reflect.NativeMethodAccessorImpl.invoke(Unknown Source)
at sun.reflect.DelegatingMethodAccessorImpl.invoke(Unknown Source)
at java.lang.reflect.Method.invoke(Unknown Source)
at org.testng.internal.MethodInvocationHelper.invokeMethod(MethodInvocationHelper.java:124)
at org.testng.internal.Invoker.invokeMethod(Invoker.java:580)
at org.testng.internal.Invoker.invokeTestMethod(Invoker.java:716)
at org.testng.internal.TestMethodWithDataProviderMethodWorker.call(TestMethodWithDataProviderMethodWorker.java:71)
at org.testng.internal.TestMethodWithDataProviderMethodWorker.call(TestMethodWithDataProviderMethodWorker.java:14)
at java.util.concurrent.FutureTask.run(Unknown Source)
at java.util.concurrent.Executors$RunnableAdapter.call(Unknown Source)
at java.util.concurrent.FutureTask.run(Unknown Source)
at java.util.concurrent.ThreadPoolExecutor.runWorker(Unknown Source)
at java.util.concurrent.ThreadPoolExecutor$Worker.run(Unknown Source)
at java.lang.Thread.run(Unknown Source)
]]>
    </failure>
  </testcase> <!-- EndtoEndEnrollment_UserID -->
  <testcase name="EndtoEndEnrollment_UserID" time="3.535" classname="USRC_Application.USRC_FDM"/>
  <testcase name="EndtoEndEnrollment_UserID" time="0.922" classname="USRC_Application.USRC_FDM">
    <failure type="java.lang.AssertionError" message="
Expected: a string containing &quot;enrollmentOptionsList&quot;
     but: was &quot;{
    &quot;error&quot;: &quot;invalid_request&quot;,
    &quot;error_description&quot;: &quot;validation error&quot;
}&quot;">
      <![CDATA[java.lang.AssertionError: 
Expected: a string containing "enrollmentOptionsList"
     but: was "{
    "error": "invalid_request",
    "error_description": "validation error"
}"
at org.hamcrest.MatcherAssert.assertThat(MatcherAssert.java:20)
at org.junit.Assert.assertThat(Assert.java:956)
at org.junit.Assert.assertThat(Assert.java:923)
at USRC_Application.USRC_FDM.EndtoEndEnrollment_UserID(USRC_FDM.java:155)
at sun.reflect.NativeMethodAccessorImpl.invoke0(Native Method)
at sun.reflect.NativeMethodAccessorImpl.invoke(Unknown Source)
at sun.reflect.DelegatingMethodAccessorImpl.invoke(Unknown Source)
at java.lang.reflect.Method.invoke(Unknown Source)
at org.testng.internal.MethodInvocationHelper.invokeMethod(MethodInvocationHelper.java:124)
at org.testng.internal.Invoker.invokeMethod(Invoker.java:580)
at org.testng.internal.Invoker.invokeTestMethod(Invoker.java:716)
at org.testng.internal.TestMethodWithDataProviderMethodWorker.call(TestMethodWithDataProviderMethodWorker.java:71)
at org.testng.internal.TestMethodWithDataProviderMethodWorker.call(TestMethodWithDataProviderMethodWorker.java:14)
at java.util.concurrent.FutureTask.run(Unknown Source)
at java.util.concurrent.Executors$RunnableAdapter.call(Unknown Source)
at java.util.concurrent.FutureTask.run(Unknown Source)
at java.util.concurrent.ThreadPoolExecutor.runWorker(Unknown Source)
at java.util.concurrent.ThreadPoolExecutor$Worker.run(Unknown Source)
at java.lang.Thread.run(Unknown Source)
]]>
    </failure>
  </testcase> <!-- EndtoEndEnrollment_UserID -->
  <testcase name="EndtoEndEnrollment_UserID" time="0.924" classname="USRC_Application.USRC_FDM">
    <failure type="java.lang.AssertionError" message="
Expected: a string containing &quot;enrollmentOptionsList&quot;
     but: was &quot;{
    &quot;error&quot;: &quot;invalid_request&quot;,
    &quot;error_description&quot;: &quot;validation error&quot;
}&quot;">
      <![CDATA[java.lang.AssertionError: 
Expected: a string containing "enrollmentOptionsList"
     but: was "{
    "error": "invalid_request",
    "error_description": "validation error"
}"
at org.hamcrest.MatcherAssert.assertThat(MatcherAssert.java:20)
at org.junit.Assert.assertThat(Assert.java:956)
at org.junit.Assert.assertThat(Assert.java:923)
at USRC_Application.USRC_FDM.EndtoEndEnrollment_UserID(USRC_FDM.java:155)
at sun.reflect.NativeMethodAccessorImpl.invoke0(Native Method)
at sun.reflect.NativeMethodAccessorImpl.invoke(Unknown Source)
at sun.reflect.DelegatingMethodAccessorImpl.invoke(Unknown Source)
at java.lang.reflect.Method.invoke(Unknown Source)
at org.testng.internal.MethodInvocationHelper.invokeMethod(MethodInvocationHelper.java:124)
at org.testng.internal.Invoker.invokeMethod(Invoker.java:580)
at org.testng.internal.Invoker.invokeTestMethod(Invoker.java:716)
at org.testng.internal.TestMethodWithDataProviderMethodWorker.call(TestMethodWithDataProviderMethodWorker.java:71)
at org.testng.internal.TestMethodWithDataProviderMethodWorker.call(TestMethodWithDataProviderMethodWorker.java:14)
at java.util.concurrent.FutureTask.run(Unknown Source)
at java.util.concurrent.Executors$RunnableAdapter.call(Unknown Source)
at java.util.concurrent.FutureTask.run(Unknown Source)
at java.util.concurrent.ThreadPoolExecutor.runWorker(Unknown Source)
at java.util.concurrent.ThreadPoolExecutor$Worker.run(Unknown Source)
at java.lang.Thread.run(Unknown Source)
]]>
    </failure>
  </testcase> <!-- EndtoEndEnrollment_UserID -->
</testsuite> <!-- USRC_Application.USRC_FDM -->
