<?xml version="1.0" encoding="UTF-8"?>
<!-- Generated by org.testng.reporters.JUnitReportReporter -->
<testsuite skipped="0" hostname="WTC-5159473-l2" name="SupportClasses.Create_Accounts_New" tests="1" failures="0" timestamp="06 Mar 2019 22:27:49 GMT" time="246.396" errors="0">
  <testcase name="Account_Creation" time="246.396" classname="SupportClasses.Create_Accounts_New"/>
</testsuite> <!-- SupportClasses.Create_Accounts_New -->
