<?xml version="1.0" encoding="UTF-8"?>
<!-- Generated by org.testng.reporters.JUnitReportReporter -->
<testsuite skipped="0" hostname="WTC-5159473-l2" name="WRTT_Application.WRTT" tests="6" failures="0" timestamp="22 Mar 2019 17:21:58 GMT" time="290.077" errors="0">
  <testcase name="WRTT_Rate_Sheet" time="21.855" classname="WRTT_Application.WRTT"/>
  <testcase name="WRTT_SpalshPage_eCRV" time="47.706" classname="WRTT_Application.WRTT"/>
  <testcase name="WRTT_eCRV_WRTTLink" time="60.839" classname="WRTT_Application.WRTT"/>
  <testcase name="WRTT_Rate_Sheet" time="61.792" classname="WRTT_Application.WRTT"/>
  <testcase name="WRTT_Rate_Sheet" time="40.239" classname="WRTT_Application.WRTT"/>
  <testcase name="WRTT_Rate_Sheet" time="57.646" classname="WRTT_Application.WRTT"/>
</testsuite> <!-- WRTT_Application.WRTT -->
