<?xml version="1.0" encoding="UTF-8"?>
<!-- Generated by org.testng.reporters.JUnitReportReporter -->
<testsuite skipped="0" hostname="WTC-5159473-l2" name="Mission_Critical.WIDM_SmokeTest" tests="6" failures="0" timestamp="09 Jan 2019 21:16:52 GMT" time="505.085" errors="0">
  <testcase name="WIDM_RegistrationEFWS" time="85.023" classname="Mission_Critical.WIDM_SmokeTest"/>
  <testcase name="WIDM_ResetPasswordSecret" time="127.844" classname="Mission_Critical.WIDM_SmokeTest"/>
  <testcase name="ResetPasswordWIDM_Email" time="132.402" classname="Mission_Critical.WIDM_SmokeTest"/>
  <testcase name="WIDM_Registration" time="77.565" classname="Mission_Critical.WIDM_SmokeTest"/>
  <testcase name="WIDM_ForgotUserID" time="30.348" classname="Mission_Critical.WIDM_SmokeTest"/>
  <testcase name="WIDM_Registration_ErrorMessages" time="51.903" classname="Mission_Critical.WIDM_SmokeTest"/>
</testsuite> <!-- Mission_Critical.WIDM_SmokeTest -->
