<?xml version="1.0" encoding="UTF-8"?>
<!-- Generated by org.testng.reporters.JUnitReportReporter -->
<testsuite skipped="3" hostname="WTC-5159473-l2" name="WFCL_Application.WFCL_Manual_Helper" tests="35" failures="3" timestamp="01 May 2019 19:01:27 GMT" time="5752.338" errors="0">
  <testcase name="AccountRegistration_FDDT" time="264.134" classname="WFCL_Application.WFCL_Manual_Helper"/>
  <testcase name="AccountRegistration_FDDT" time="104.077" classname="WFCL_Application.WFCL_Manual_Helper"/>
  <testcase name="AccountRegistration_FDDT" time="279.594" classname="WFCL_Application.WFCL_Manual_Helper"/>
  <testcase name="AccountRegistration_FDDT" time="63.865" classname="WFCL_Application.WFCL_Manual_Helper"/>
  <testcase name="AccountRegistration_FDDT" time="128.950" classname="WFCL_Application.WFCL_Manual_Helper"/>
  <testcase name="AccountRegistration_FDDT" time="103.021" classname="WFCL_Application.WFCL_Manual_Helper"/>
  <testcase name="AccountRegistration_FDDT" time="223.980" classname="WFCL_Application.WFCL_Manual_Helper"/>
  <testcase name="AccountRegistration_FDDT" time="255.975" classname="WFCL_Application.WFCL_Manual_Helper"/>
  <testcase name="AccountRegistration_FDDT" time="148.132" classname="WFCL_Application.WFCL_Manual_Helper"/>
  <testcase name="AccountRegistration_FDDT" time="124.943" classname="WFCL_Application.WFCL_Manual_Helper">
    <failure type="java.lang.AssertionError" message="Element is not present on page.  By.id: userId">
      <![CDATA[java.lang.AssertionError: Element is not present on page.  By.id: userId
at org.testng.Assert.fail(Assert.java:96)
at WFCL_Application.WFCL_Manual_Helper.AccountRegistration_FDDT(WFCL_Manual_Helper.java:163)
at sun.reflect.GeneratedMethodAccessor2.invoke(Unknown Source)
at sun.reflect.DelegatingMethodAccessorImpl.invoke(Unknown Source)
at java.lang.reflect.Method.invoke(Unknown Source)
at org.testng.internal.MethodInvocationHelper.invokeMethod(MethodInvocationHelper.java:124)
at org.testng.internal.Invoker.invokeMethod(Invoker.java:580)
at org.testng.internal.Invoker.invokeTestMethod(Invoker.java:716)
at org.testng.internal.TestMethodWithDataProviderMethodWorker.call(TestMethodWithDataProviderMethodWorker.java:71)
at org.testng.internal.TestMethodWithDataProviderMethodWorker.call(TestMethodWithDataProviderMethodWorker.java:14)
at java.util.concurrent.FutureTask.run(Unknown Source)
at java.util.concurrent.Executors$RunnableAdapter.call(Unknown Source)
at java.util.concurrent.FutureTask.run(Unknown Source)
at java.util.concurrent.ThreadPoolExecutor.runWorker(Unknown Source)
at java.util.concurrent.ThreadPoolExecutor$Worker.run(Unknown Source)
at java.lang.Thread.run(Unknown Source)
]]>
    </failure>
  </testcase> <!-- AccountRegistration_FDDT -->
  <testcase name="AccountRegistration_FDDT" time="173.781" classname="WFCL_Application.WFCL_Manual_Helper"/>
  <testcase name="AccountRegistration_FDDT" time="88.584" classname="WFCL_Application.WFCL_Manual_Helper"/>
  <testcase name="AccountRegistration_FDDT" time="189.451" classname="WFCL_Application.WFCL_Manual_Helper"/>
  <testcase name="AccountRegistration_FDDT" time="209.338" classname="WFCL_Application.WFCL_Manual_Helper"/>
  <testcase name="AccountRegistration_FDDT" time="142.451" classname="WFCL_Application.WFCL_Manual_Helper"/>
  <testcase name="AccountRegistration_FDDT" time="253.250" classname="WFCL_Application.WFCL_Manual_Helper"/>
  <testcase name="AccountRegistration_FDDT" time="188.070" classname="WFCL_Application.WFCL_Manual_Helper"/>
  <testcase name="AccountRegistration_FDDT" time="293.843" classname="WFCL_Application.WFCL_Manual_Helper"/>
  <testcase name="AccountRegistration_FDDT" time="89.092" classname="WFCL_Application.WFCL_Manual_Helper"/>
  <testcase name="AccountRegistration_FDDT" time="83.284" classname="WFCL_Application.WFCL_Manual_Helper"/>
  <testcase name="AccountRegistration_FDDT" time="156.148" classname="WFCL_Application.WFCL_Manual_Helper"/>
  <testcase name="AccountRegistration_FDDT" time="231.545" classname="WFCL_Application.WFCL_Manual_Helper">
    <failure type="java.lang.AssertionError" message="Element is not present on page.  By.id: userId">
      <![CDATA[java.lang.AssertionError: Element is not present on page.  By.id: userId
at org.testng.Assert.fail(Assert.java:96)
at WFCL_Application.WFCL_Manual_Helper.AccountRegistration_FDDT(WFCL_Manual_Helper.java:163)
at sun.reflect.GeneratedMethodAccessor2.invoke(Unknown Source)
at sun.reflect.DelegatingMethodAccessorImpl.invoke(Unknown Source)
at java.lang.reflect.Method.invoke(Unknown Source)
at org.testng.internal.MethodInvocationHelper.invokeMethod(MethodInvocationHelper.java:124)
at org.testng.internal.Invoker.invokeMethod(Invoker.java:580)
at org.testng.internal.Invoker.invokeTestMethod(Invoker.java:716)
at org.testng.internal.TestMethodWithDataProviderMethodWorker.call(TestMethodWithDataProviderMethodWorker.java:71)
at org.testng.internal.TestMethodWithDataProviderMethodWorker.call(TestMethodWithDataProviderMethodWorker.java:14)
at java.util.concurrent.FutureTask.run(Unknown Source)
at java.util.concurrent.Executors$RunnableAdapter.call(Unknown Source)
at java.util.concurrent.FutureTask.run(Unknown Source)
at java.util.concurrent.ThreadPoolExecutor.runWorker(Unknown Source)
at java.util.concurrent.ThreadPoolExecutor$Worker.run(Unknown Source)
at java.lang.Thread.run(Unknown Source)
]]>
    </failure>
  </testcase> <!-- AccountRegistration_FDDT -->
  <testcase name="AccountRegistration_FDDT" time="180.398" classname="WFCL_Application.WFCL_Manual_Helper"/>
  <testcase name="AccountRegistration_FDDT" time="135.988" classname="WFCL_Application.WFCL_Manual_Helper"/>
  <testcase name="AccountRegistration_FDDT" time="233.249" classname="WFCL_Application.WFCL_Manual_Helper"/>
  <testcase name="AccountRegistration_FDDT" time="123.447" classname="WFCL_Application.WFCL_Manual_Helper"/>
  <testcase name="AccountRegistration_FDDT" time="281.985" classname="WFCL_Application.WFCL_Manual_Helper"/>
  <testcase name="AccountRegistration_FDDT" time="89.787" classname="WFCL_Application.WFCL_Manual_Helper"/>
  <testcase name="AccountRegistration_FDDT" time="219.703" classname="WFCL_Application.WFCL_Manual_Helper"/>
  <testcase name="AccountRegistration_FDDT" time="305.952" classname="WFCL_Application.WFCL_Manual_Helper">
    <failure type="java.lang.AssertionError" message="Element is not present on page.  By.id: userId">
      <![CDATA[java.lang.AssertionError: Element is not present on page.  By.id: userId
at org.testng.Assert.fail(Assert.java:96)
at WFCL_Application.WFCL_Manual_Helper.AccountRegistration_FDDT(WFCL_Manual_Helper.java:163)
at sun.reflect.GeneratedMethodAccessor2.invoke(Unknown Source)
at sun.reflect.DelegatingMethodAccessorImpl.invoke(Unknown Source)
at java.lang.reflect.Method.invoke(Unknown Source)
at org.testng.internal.MethodInvocationHelper.invokeMethod(MethodInvocationHelper.java:124)
at org.testng.internal.Invoker.invokeMethod(Invoker.java:580)
at org.testng.internal.Invoker.invokeTestMethod(Invoker.java:716)
at org.testng.internal.TestMethodWithDataProviderMethodWorker.call(TestMethodWithDataProviderMethodWorker.java:71)
at org.testng.internal.TestMethodWithDataProviderMethodWorker.call(TestMethodWithDataProviderMethodWorker.java:14)
at java.util.concurrent.FutureTask.run(Unknown Source)
at java.util.concurrent.Executors$RunnableAdapter.call(Unknown Source)
at java.util.concurrent.FutureTask.run(Unknown Source)
at java.util.concurrent.ThreadPoolExecutor.runWorker(Unknown Source)
at java.util.concurrent.ThreadPoolExecutor$Worker.run(Unknown Source)
at java.lang.Thread.run(Unknown Source)
]]>
    </failure>
  </testcase> <!-- AccountRegistration_FDDT -->
  <testcase name="AccountRegistration_FDDT" time="141.464" classname="WFCL_Application.WFCL_Manual_Helper"/>
  <testcase name="AccountRegistration_FDDT" time="244.857" classname="WFCL_Application.WFCL_Manual_Helper"/>
  <testcase name="AccountRegistration_Take_Account_Online" classname="WFCL_Application.WFCL_Manual_Helper">
    <skipped/>
  </testcase> <!-- AccountRegistration_Take_Account_Online -->
  <testcase name="Link_Account_To_Specific_User" classname="WFCL_Application.WFCL_Manual_Helper">
    <skipped/>
  </testcase> <!-- Link_Account_To_Specific_User -->
  <testcase name="WFCL_Rewards_Registration" classname="WFCL_Application.WFCL_Manual_Helper">
    <skipped/>
  </testcase> <!-- WFCL_Rewards_Registration -->
</testsuite> <!-- WFCL_Application.WFCL_Manual_Helper -->
