<?xml version="1.0" encoding="UTF-8"?>
<!-- Generated by org.testng.reporters.JUnitReportReporter -->
<testsuite skipped="8" hostname="WTC-5159473-l2" name="Mission_Critical.MC_PI_3" tests="15" failures="0" timestamp="24 Apr 2019 21:03:36 GMT" time="188.909" errors="0">
  <testcase name="WFCL_Alliance_Marketing_Error_Page_Blank" time="33.826" classname="Mission_Critical.MC_PI_3"/>
  <testcase name="WFCL_Alliance_Marketing_Error_Page_Blank" time="12.451" classname="Mission_Critical.MC_PI_3"/>
  <testcase name="WFCL_Alliance_Marketing_Error_Page_Blank" time="21.212" classname="Mission_Critical.MC_PI_3"/>
  <testcase name="WFCL_Alliance_Marketing_Error_Page_Blank" time="21.957" classname="Mission_Critical.MC_PI_3"/>
  <testcase name="WFCL_Alliance_Marketing_Error_Page_Blank" time="37.111" classname="Mission_Critical.MC_PI_3"/>
  <testcase name="WFCL_Alliance_Marketing_Error_Page_Blank" time="29.693" classname="Mission_Critical.MC_PI_3"/>
  <testcase name="WFCL_Alliance_Marketing_Error_Page_Blank" time="32.659" classname="Mission_Critical.MC_PI_3"/>
  <testcase name="WFCL_Alliance_Marketing_CodeRequired" classname="Mission_Critical.MC_PI_3">
    <skipped/>
  </testcase> <!-- WFCL_Alliance_Marketing_CodeRequired -->
  <testcase name="WFCL_Rewards_Registration_APAC_AND_LAC" classname="Mission_Critical.MC_PI_3">
    <skipped/>
  </testcase> <!-- WFCL_Rewards_Registration_APAC_AND_LAC -->
  <testcase name="WFCL_Alliance_Marketing" classname="Mission_Critical.MC_PI_3">
    <skipped/>
  </testcase> <!-- WFCL_Alliance_Marketing -->
  <testcase name="WFCL_Rewards_Login_APAC_AND_LAC" classname="Mission_Critical.MC_PI_3">
    <skipped/>
  </testcase> <!-- WFCL_Rewards_Login_APAC_AND_LAC -->
  <testcase name="WIDM_Registration_Email_Validation" classname="Mission_Critical.MC_PI_3">
    <skipped/>
  </testcase> <!-- WIDM_Registration_Email_Validation -->
  <testcase name="WFCL_DT_Check" classname="Mission_Critical.MC_PI_3">
    <skipped/>
  </testcase> <!-- WFCL_DT_Check -->
  <testcase name="WFCL_Registration_Email_Validation" classname="Mission_Critical.MC_PI_3">
    <skipped/>
  </testcase> <!-- WFCL_Registration_Email_Validation -->
  <testcase name="WFCL_Alliance_Marketing_Error_Page" classname="Mission_Critical.MC_PI_3">
    <skipped/>
  </testcase> <!-- WFCL_Alliance_Marketing_Error_Page -->
</testsuite> <!-- Mission_Critical.MC_PI_3 -->
