<?xml version="1.0" encoding="UTF-8"?>
<!-- Generated by org.testng.reporters.JUnitReportReporter -->
<testsuite skipped="0" hostname="WTC-5159473-l2" name="AgileApplications.WIDM" tests="1" failures="0" timestamp="11 Nov 2018 06:25:59 GMT" time="61.692" errors="0">
  <testcase name="ResetPasswordWIDM_Email" time="61.692" classname="AgileApplications.WIDM"/>
</testsuite> <!-- AgileApplications.WIDM -->
