<?xml version="1.0" encoding="UTF-8"?>
<!-- Generated by org.testng.reporters.JUnitReportReporter -->
<testsuite skipped="0" hostname="WTC-5159473-l2" name="USRC_Application.USRC_FDM" tests="4" failures="4" timestamp="29 Apr 2019 21:01:38 GMT" time="87.015" errors="0">
  <testcase name="EndtoEndEnrollment" time="17.443" classname="USRC_Application.USRC_FDM">
    <failure type="java.lang.AssertionError" message="
Expected: a string containing &quot;enrollmentOptionsList&quot;
     but: was &quot;{&quot;transactionId&quot;:&quot;86e9cf29-0555-462c-9f08-e666026de07a&quot;,&quot;errors&quot;:[{&quot;code&quot;:&quot;DENY&quot;,&quot;message&quot;:&quot;We are unable to process this request. Please try again later or contact FedEx Customer Service.&quot;}]}&quot;">
      <![CDATA[java.lang.AssertionError: 
Expected: a string containing "enrollmentOptionsList"
     but: was "{"transactionId":"86e9cf29-0555-462c-9f08-e666026de07a","errors":[{"code":"DENY","message":"We are unable to process this request. Please try again later or contact FedEx Customer Service."}]}"
at org.hamcrest.MatcherAssert.assertThat(MatcherAssert.java:20)
at org.junit.Assert.assertThat(Assert.java:956)
at org.junit.Assert.assertThat(Assert.java:923)
at USRC_Application.USRC_FDM.EndtoEndEnrollment(USRC_FDM.java:89)
at sun.reflect.NativeMethodAccessorImpl.invoke0(Native Method)
at sun.reflect.NativeMethodAccessorImpl.invoke(Unknown Source)
at sun.reflect.DelegatingMethodAccessorImpl.invoke(Unknown Source)
at java.lang.reflect.Method.invoke(Unknown Source)
at org.testng.internal.MethodInvocationHelper.invokeMethod(MethodInvocationHelper.java:124)
at org.testng.internal.Invoker.invokeMethod(Invoker.java:580)
at org.testng.internal.Invoker.invokeTestMethod(Invoker.java:716)
at org.testng.internal.TestMethodWithDataProviderMethodWorker.call(TestMethodWithDataProviderMethodWorker.java:71)
at org.testng.internal.TestMethodWithDataProviderMethodWorker.call(TestMethodWithDataProviderMethodWorker.java:14)
at java.util.concurrent.FutureTask.run(Unknown Source)
at java.util.concurrent.Executors$RunnableAdapter.call(Unknown Source)
at java.util.concurrent.FutureTask.run(Unknown Source)
at java.util.concurrent.ThreadPoolExecutor.runWorker(Unknown Source)
at java.util.concurrent.ThreadPoolExecutor$Worker.run(Unknown Source)
at java.lang.Thread.run(Unknown Source)
]]>
    </failure>
  </testcase> <!-- EndtoEndEnrollment -->
  <testcase name="EndtoEndEnrollment" time="25.921" classname="USRC_Application.USRC_FDM">
    <failure type="java.lang.AssertionError" message="
Expected: a string containing &quot;enrollmentOptionsList&quot;
     but: was &quot;{&quot;transactionId&quot;:&quot;0398ca22-83d2-4b00-afd6-840d5531d998&quot;,&quot;errors&quot;:[{&quot;code&quot;:&quot;DENY&quot;,&quot;message&quot;:&quot;We are unable to process this request. Please try again later or contact FedEx Customer Service.&quot;}]}&quot;">
      <![CDATA[java.lang.AssertionError: 
Expected: a string containing "enrollmentOptionsList"
     but: was "{"transactionId":"0398ca22-83d2-4b00-afd6-840d5531d998","errors":[{"code":"DENY","message":"We are unable to process this request. Please try again later or contact FedEx Customer Service."}]}"
at org.hamcrest.MatcherAssert.assertThat(MatcherAssert.java:20)
at org.junit.Assert.assertThat(Assert.java:956)
at org.junit.Assert.assertThat(Assert.java:923)
at USRC_Application.USRC_FDM.EndtoEndEnrollment(USRC_FDM.java:89)
at sun.reflect.NativeMethodAccessorImpl.invoke0(Native Method)
at sun.reflect.NativeMethodAccessorImpl.invoke(Unknown Source)
at sun.reflect.DelegatingMethodAccessorImpl.invoke(Unknown Source)
at java.lang.reflect.Method.invoke(Unknown Source)
at org.testng.internal.MethodInvocationHelper.invokeMethod(MethodInvocationHelper.java:124)
at org.testng.internal.Invoker.invokeMethod(Invoker.java:580)
at org.testng.internal.Invoker.invokeTestMethod(Invoker.java:716)
at org.testng.internal.TestMethodWithDataProviderMethodWorker.call(TestMethodWithDataProviderMethodWorker.java:71)
at org.testng.internal.TestMethodWithDataProviderMethodWorker.call(TestMethodWithDataProviderMethodWorker.java:14)
at java.util.concurrent.FutureTask.run(Unknown Source)
at java.util.concurrent.Executors$RunnableAdapter.call(Unknown Source)
at java.util.concurrent.FutureTask.run(Unknown Source)
at java.util.concurrent.ThreadPoolExecutor.runWorker(Unknown Source)
at java.util.concurrent.ThreadPoolExecutor$Worker.run(Unknown Source)
at java.lang.Thread.run(Unknown Source)
]]>
    </failure>
  </testcase> <!-- EndtoEndEnrollment -->
  <testcase name="EndtoEndEnrollment" time="23.205" classname="USRC_Application.USRC_FDM">
    <failure type="java.lang.AssertionError" message="
Expected: a string containing &quot;enrollmentOptionsList&quot;
     but: was &quot;{&quot;transactionId&quot;:&quot;8b37e791-18f9-4889-8b2f-212aee9cea44&quot;,&quot;errors&quot;:[{&quot;code&quot;:&quot;DENY&quot;,&quot;message&quot;:&quot;We are unable to process this request. Please try again later or contact FedEx Customer Service.&quot;}]}&quot;">
      <![CDATA[java.lang.AssertionError: 
Expected: a string containing "enrollmentOptionsList"
     but: was "{"transactionId":"8b37e791-18f9-4889-8b2f-212aee9cea44","errors":[{"code":"DENY","message":"We are unable to process this request. Please try again later or contact FedEx Customer Service."}]}"
at org.hamcrest.MatcherAssert.assertThat(MatcherAssert.java:20)
at org.junit.Assert.assertThat(Assert.java:956)
at org.junit.Assert.assertThat(Assert.java:923)
at USRC_Application.USRC_FDM.EndtoEndEnrollment(USRC_FDM.java:89)
at sun.reflect.NativeMethodAccessorImpl.invoke0(Native Method)
at sun.reflect.NativeMethodAccessorImpl.invoke(Unknown Source)
at sun.reflect.DelegatingMethodAccessorImpl.invoke(Unknown Source)
at java.lang.reflect.Method.invoke(Unknown Source)
at org.testng.internal.MethodInvocationHelper.invokeMethod(MethodInvocationHelper.java:124)
at org.testng.internal.Invoker.invokeMethod(Invoker.java:580)
at org.testng.internal.Invoker.invokeTestMethod(Invoker.java:716)
at org.testng.internal.TestMethodWithDataProviderMethodWorker.call(TestMethodWithDataProviderMethodWorker.java:71)
at org.testng.internal.TestMethodWithDataProviderMethodWorker.call(TestMethodWithDataProviderMethodWorker.java:14)
at java.util.concurrent.FutureTask.run(Unknown Source)
at java.util.concurrent.Executors$RunnableAdapter.call(Unknown Source)
at java.util.concurrent.FutureTask.run(Unknown Source)
at java.util.concurrent.ThreadPoolExecutor.runWorker(Unknown Source)
at java.util.concurrent.ThreadPoolExecutor$Worker.run(Unknown Source)
at java.lang.Thread.run(Unknown Source)
]]>
    </failure>
  </testcase> <!-- EndtoEndEnrollment -->
  <testcase name="EndtoEndEnrollment" time="20.446" classname="USRC_Application.USRC_FDM">
    <failure type="java.lang.AssertionError" message="
Expected: a string containing &quot;enrollmentOptionsList&quot;
     but: was &quot;{&quot;transactionId&quot;:&quot;c17bcd05-caaf-48de-9a22-bf877c9d3c82&quot;,&quot;errors&quot;:[{&quot;code&quot;:&quot;DENY&quot;,&quot;message&quot;:&quot;We are unable to process this request. Please try again later or contact FedEx Customer Service.&quot;}]}&quot;">
      <![CDATA[java.lang.AssertionError: 
Expected: a string containing "enrollmentOptionsList"
     but: was "{"transactionId":"c17bcd05-caaf-48de-9a22-bf877c9d3c82","errors":[{"code":"DENY","message":"We are unable to process this request. Please try again later or contact FedEx Customer Service."}]}"
at org.hamcrest.MatcherAssert.assertThat(MatcherAssert.java:20)
at org.junit.Assert.assertThat(Assert.java:956)
at org.junit.Assert.assertThat(Assert.java:923)
at USRC_Application.USRC_FDM.EndtoEndEnrollment(USRC_FDM.java:89)
at sun.reflect.NativeMethodAccessorImpl.invoke0(Native Method)
at sun.reflect.NativeMethodAccessorImpl.invoke(Unknown Source)
at sun.reflect.DelegatingMethodAccessorImpl.invoke(Unknown Source)
at java.lang.reflect.Method.invoke(Unknown Source)
at org.testng.internal.MethodInvocationHelper.invokeMethod(MethodInvocationHelper.java:124)
at org.testng.internal.Invoker.invokeMethod(Invoker.java:580)
at org.testng.internal.Invoker.invokeTestMethod(Invoker.java:716)
at org.testng.internal.TestMethodWithDataProviderMethodWorker.call(TestMethodWithDataProviderMethodWorker.java:71)
at org.testng.internal.TestMethodWithDataProviderMethodWorker.call(TestMethodWithDataProviderMethodWorker.java:14)
at java.util.concurrent.FutureTask.run(Unknown Source)
at java.util.concurrent.Executors$RunnableAdapter.call(Unknown Source)
at java.util.concurrent.FutureTask.run(Unknown Source)
at java.util.concurrent.ThreadPoolExecutor.runWorker(Unknown Source)
at java.util.concurrent.ThreadPoolExecutor$Worker.run(Unknown Source)
at java.lang.Thread.run(Unknown Source)
]]>
    </failure>
  </testcase> <!-- EndtoEndEnrollment -->
</testsuite> <!-- USRC_Application.USRC_FDM -->
