<?xml version="1.0" encoding="UTF-8"?>
<!-- Generated by org.testng.reporters.JUnitReportReporter -->
<testsuite skipped="0" hostname="WTC-5159473-l2" name="WFCL_Application.WFCL_SmokeTest" tests="8" failures="3" timestamp="16 Apr 2019 21:31:25 GMT" time="1207.316" errors="0">
  <testcase name="Forgot_User_Email" time="86.238" classname="WFCL_Application.WFCL_SmokeTest">
    <failure type="java.lang.AssertionError" message="Element is not present on page.  By.id: linkaction">
      <![CDATA[java.lang.AssertionError: Element is not present on page.  By.id: linkaction
at org.testng.Assert.fail(Assert.java:96)
at WFCL_Application.WFCL_SmokeTest.Forgot_User_Email(WFCL_SmokeTest.java:177)
at sun.reflect.NativeMethodAccessorImpl.invoke0(Native Method)
at sun.reflect.NativeMethodAccessorImpl.invoke(Unknown Source)
at sun.reflect.DelegatingMethodAccessorImpl.invoke(Unknown Source)
at java.lang.reflect.Method.invoke(Unknown Source)
at org.testng.internal.MethodInvocationHelper.invokeMethod(MethodInvocationHelper.java:124)
at org.testng.internal.Invoker.invokeMethod(Invoker.java:580)
at org.testng.internal.Invoker.invokeTestMethod(Invoker.java:716)
at org.testng.internal.TestMethodWithDataProviderMethodWorker.call(TestMethodWithDataProviderMethodWorker.java:71)
at org.testng.internal.TestMethodWithDataProviderMethodWorker.call(TestMethodWithDataProviderMethodWorker.java:14)
at java.util.concurrent.FutureTask.run(Unknown Source)
at java.util.concurrent.Executors$RunnableAdapter.call(Unknown Source)
at java.util.concurrent.FutureTask.run(Unknown Source)
at java.util.concurrent.ThreadPoolExecutor.runWorker(Unknown Source)
at java.util.concurrent.ThreadPoolExecutor$Worker.run(Unknown Source)
at java.lang.Thread.run(Unknown Source)
]]>
    </failure>
  </testcase> <!-- Forgot_User_Email -->
  <testcase name="UserRegistration_Account_Data" time="171.943" classname="WFCL_Application.WFCL_SmokeTest"/>
  <testcase name="CreditCardRegistrationEnroll" time="254.359" classname="WFCL_Application.WFCL_SmokeTest">
    <failure type="java.lang.AssertionError" message="User is still on the credit card entry page">
      <![CDATA[java.lang.AssertionError: User is still on the credit card entry page
at org.testng.Assert.fail(Assert.java:96)
at WFCL_Application.WFCL_SmokeTest.CreditCardRegistrationEnroll(WFCL_SmokeTest.java:117)
at sun.reflect.NativeMethodAccessorImpl.invoke0(Native Method)
at sun.reflect.NativeMethodAccessorImpl.invoke(Unknown Source)
at sun.reflect.DelegatingMethodAccessorImpl.invoke(Unknown Source)
at java.lang.reflect.Method.invoke(Unknown Source)
at org.testng.internal.MethodInvocationHelper.invokeMethod(MethodInvocationHelper.java:124)
at org.testng.internal.Invoker.invokeMethod(Invoker.java:580)
at org.testng.internal.Invoker.invokeTestMethod(Invoker.java:716)
at org.testng.internal.TestMethodWithDataProviderMethodWorker.call(TestMethodWithDataProviderMethodWorker.java:71)
at org.testng.internal.TestMethodWithDataProviderMethodWorker.call(TestMethodWithDataProviderMethodWorker.java:14)
at java.util.concurrent.FutureTask.run(Unknown Source)
at java.util.concurrent.Executors$RunnableAdapter.call(Unknown Source)
at java.util.concurrent.FutureTask.run(Unknown Source)
at java.util.concurrent.ThreadPoolExecutor.runWorker(Unknown Source)
at java.util.concurrent.ThreadPoolExecutor$Worker.run(Unknown Source)
at java.lang.Thread.run(Unknown Source)
]]>
    </failure>
  </testcase> <!-- CreditCardRegistrationEnroll -->
  <testcase name="AccountRegistration_INET" time="126.868" classname="WFCL_Application.WFCL_SmokeTest"/>
  <testcase name="AccountRegistration_WDPA" time="141.896" classname="WFCL_Application.WFCL_SmokeTest"/>
  <testcase name="Reset_Password_Email" time="66.383" classname="WFCL_Application.WFCL_SmokeTest"/>
  <testcase name="Password_Reset_Secret" time="279.166" classname="WFCL_Application.WFCL_SmokeTest"/>
  <testcase name="AccountRegistration_Admin" time="80.463" classname="WFCL_Application.WFCL_SmokeTest">
    <failure type="java.lang.AssertionError" message="Element is not present on page.  By.cssSelector: #confirmation &gt; div &gt; div.fx-col.col-3 &gt; div &gt; h3">
      <![CDATA[java.lang.AssertionError: Element is not present on page.  By.cssSelector: #confirmation > div > div.fx-col.col-3 > div > h3
at org.testng.Assert.fail(Assert.java:96)
at WFCL_Application.WFCL_SmokeTest.AccountRegistration_Admin(WFCL_SmokeTest.java:149)
at sun.reflect.NativeMethodAccessorImpl.invoke0(Native Method)
at sun.reflect.NativeMethodAccessorImpl.invoke(Unknown Source)
at sun.reflect.DelegatingMethodAccessorImpl.invoke(Unknown Source)
at java.lang.reflect.Method.invoke(Unknown Source)
at org.testng.internal.MethodInvocationHelper.invokeMethod(MethodInvocationHelper.java:124)
at org.testng.internal.Invoker.invokeMethod(Invoker.java:580)
at org.testng.internal.Invoker.invokeTestMethod(Invoker.java:716)
at org.testng.internal.TestMethodWithDataProviderMethodWorker.call(TestMethodWithDataProviderMethodWorker.java:71)
at org.testng.internal.TestMethodWithDataProviderMethodWorker.call(TestMethodWithDataProviderMethodWorker.java:14)
at java.util.concurrent.FutureTask.run(Unknown Source)
at java.util.concurrent.Executors$RunnableAdapter.call(Unknown Source)
at java.util.concurrent.FutureTask.run(Unknown Source)
at java.util.concurrent.ThreadPoolExecutor.runWorker(Unknown Source)
at java.util.concurrent.ThreadPoolExecutor$Worker.run(Unknown Source)
at java.lang.Thread.run(Unknown Source)
]]>
    </failure>
  </testcase> <!-- AccountRegistration_Admin -->
</testsuite> <!-- WFCL_Application.WFCL_SmokeTest -->
