<?xml version="1.0" encoding="UTF-8"?>
<!-- Generated by org.testng.reporters.JUnitReportReporter -->
<testsuite skipped="0" hostname="WTC-5159473-l2" name="WDPA_Application.WDPA_SmokeTest" tests="1" failures="0" timestamp="03 May 2019 20:51:27 GMT" time="78.404" errors="0">
  <testcase name="WDPA_Ground" time="78.404" classname="WDPA_Application.WDPA_SmokeTest"/>
</testsuite> <!-- WDPA_Application.WDPA_SmokeTest -->
