<?xml version="1.0" encoding="UTF-8"?>
<!-- Generated by org.testng.reporters.JUnitReportReporter -->
<testsuite skipped="1" hostname="WTC-5159473-l2" name="WCRV_Application.WCRV" tests="2" failures="0" timestamp="02 Apr 2019 21:27:09 GMT" time="1117.805" errors="0">
  <testcase name="WCRV_Help_Link" time="1117.805" classname="WCRV_Application.WCRV"/>
  <testcase name="WCRV_CheckPermission" classname="WCRV_Application.WCRV">
    <skipped/>
  </testcase> <!-- WCRV_CheckPermission -->
</testsuite> <!-- WCRV_Application.WCRV -->
