<?xml version="1.0" encoding="UTF-8"?>
<!-- Generated by org.testng.reporters.JUnitReportReporter -->
<testsuite skipped="1" hostname="WTC-5159473-l2" name="SupportClasses.Create_Accounts_New" tests="2" failures="0" timestamp="16 May 2019 22:03:42 GMT" time="1.472" errors="0">
  <testcase name="Debug_Account_Creation" time="1.472" classname="SupportClasses.Create_Accounts_New"/>
  <testcase name="Account_Creation" classname="SupportClasses.Create_Accounts_New">
    <skipped/>
  </testcase> <!-- Account_Creation -->
</testsuite> <!-- SupportClasses.Create_Accounts_New -->
