<?xml version="1.0" encoding="UTF-8"?>
<!-- Generated by org.testng.reporters.JUnitReportReporter -->
<testsuite skipped="0" hostname="WTC-5159473-l2" name="Mission_Critical.WIDM_SmokeTest" tests="6" failures="0" timestamp="24 Jan 2019 20:44:26 GMT" time="535.379" errors="0">
  <testcase name="WIDM_ForgotUserID" time="35.775" classname="Mission_Critical.WIDM_SmokeTest"/>
  <testcase name="ResetPasswordWIDM_Email" time="172.349" classname="Mission_Critical.WIDM_SmokeTest"/>
  <testcase name="WIDM_Registration_ErrorMessages" time="46.470" classname="Mission_Critical.WIDM_SmokeTest"/>
  <testcase name="WIDM_RegistrationEFWS" time="79.047" classname="Mission_Critical.WIDM_SmokeTest"/>
  <testcase name="WIDM_ResetPasswordSecret" time="136.766" classname="Mission_Critical.WIDM_SmokeTest"/>
  <testcase name="WIDM_Registration" time="64.972" classname="Mission_Critical.WIDM_SmokeTest"/>
</testsuite> <!-- Mission_Critical.WIDM_SmokeTest -->
