<?xml version="1.0" encoding="UTF-8"?>
<!-- Generated by org.testng.reporters.JUnitReportReporter -->
<testsuite skipped="6" hostname="WTC-5159473-l2" name="Mission_Critical.MC_PI_3" tests="27" failures="1" timestamp="14 Apr 2019 03:41:49 GMT" time="2364.694" errors="0">
  <testcase name="WFCL_Alliance_Marketing_Error_Page" time="136.497" classname="Mission_Critical.MC_PI_3"/>
  <testcase name="WFCL_Alliance_Marketing_CodeRequired" time="127.790" classname="Mission_Critical.MC_PI_3">
    <failure type="java.lang.AssertionError" message="bh18018917: Error when checking discount. Please check to see if discount is migrated.">
      <![CDATA[java.lang.AssertionError: bh18018917: Error when checking discount. Please check to see if discount is migrated.
at org.testng.Assert.fail(Assert.java:96)
at Mission_Critical.MC_PI_3.WFCL_Alliance_Marketing_CodeRequired(MC_PI_3.java:183)
at sun.reflect.NativeMethodAccessorImpl.invoke0(Native Method)
at sun.reflect.NativeMethodAccessorImpl.invoke(Unknown Source)
at sun.reflect.DelegatingMethodAccessorImpl.invoke(Unknown Source)
at java.lang.reflect.Method.invoke(Unknown Source)
at org.testng.internal.MethodInvocationHelper.invokeMethod(MethodInvocationHelper.java:124)
at org.testng.internal.Invoker.invokeMethod(Invoker.java:580)
at org.testng.internal.Invoker.invokeTestMethod(Invoker.java:716)
at org.testng.internal.TestMethodWithDataProviderMethodWorker.call(TestMethodWithDataProviderMethodWorker.java:71)
at org.testng.internal.TestMethodWithDataProviderMethodWorker.call(TestMethodWithDataProviderMethodWorker.java:14)
at java.util.concurrent.FutureTask.run(Unknown Source)
at java.util.concurrent.Executors$RunnableAdapter.call(Unknown Source)
at java.util.concurrent.FutureTask.run(Unknown Source)
at java.util.concurrent.ThreadPoolExecutor.runWorker(Unknown Source)
at java.util.concurrent.ThreadPoolExecutor$Worker.run(Unknown Source)
at java.lang.Thread.run(Unknown Source)
]]>
    </failure>
  </testcase> <!-- WFCL_Alliance_Marketing_CodeRequired -->
  <testcase name="WFCL_Alliance_Marketing_Error_Page" time="62.594" classname="Mission_Critical.MC_PI_3"/>
  <testcase name="WFCL_Alliance_Marketing_Error_Page" time="67.290" classname="Mission_Critical.MC_PI_3"/>
  <testcase name="WFCL_Alliance_Marketing_Error_Page_Blank" time="69.195" classname="Mission_Critical.MC_PI_3"/>
  <testcase name="WFCL_Alliance_Marketing_Error_Page_Blank" time="141.630" classname="Mission_Critical.MC_PI_3"/>
  <testcase name="WFCL_Alliance_Marketing_Error_Page" time="148.144" classname="Mission_Critical.MC_PI_3"/>
  <testcase name="WFCL_Alliance_Marketing_Error_Page" time="78.125" classname="Mission_Critical.MC_PI_3"/>
  <testcase name="WFCL_Alliance_Marketing_CodeRequired" time="123.423" classname="Mission_Critical.MC_PI_3"/>
  <testcase name="WFCL_Alliance_Marketing_Error_Page" time="55.036" classname="Mission_Critical.MC_PI_3"/>
  <testcase name="WFCL_Alliance_Marketing_Error_Page_Blank" time="63.750" classname="Mission_Critical.MC_PI_3"/>
  <testcase name="WFCL_Alliance_Marketing_CodeRequired" time="131.253" classname="Mission_Critical.MC_PI_3"/>
  <testcase name="WFCL_Alliance_Marketing_Error_Page_Blank" time="152.593" classname="Mission_Critical.MC_PI_3"/>
  <testcase name="WFCL_Alliance_Marketing_CodeRequired" time="196.262" classname="Mission_Critical.MC_PI_3"/>
  <testcase name="WFCL_Alliance_Marketing_CodeRequired" time="166.143" classname="Mission_Critical.MC_PI_3"/>
  <testcase name="WFCL_Alliance_Marketing_Error_Page_Blank" time="71.137" classname="Mission_Critical.MC_PI_3"/>
  <testcase name="WFCL_Alliance_Marketing_Error_Page_Blank" time="142.514" classname="Mission_Critical.MC_PI_3"/>
  <testcase name="WFCL_Alliance_Marketing_Error_Page" time="31.827" classname="Mission_Critical.MC_PI_3"/>
  <testcase name="WFCL_Alliance_Marketing_Error_Page_Blank" time="136.602" classname="Mission_Critical.MC_PI_3"/>
  <testcase name="WFCL_Alliance_Marketing_CodeRequired" time="78.563" classname="Mission_Critical.MC_PI_3"/>
  <testcase name="WFCL_Alliance_Marketing_CodeRequired" time="184.326" classname="Mission_Critical.MC_PI_3"/>
  <testcase name="WFCL_Rewards_Registration_APAC_AND_LAC" classname="Mission_Critical.MC_PI_3">
    <skipped/>
  </testcase> <!-- WFCL_Rewards_Registration_APAC_AND_LAC -->
  <testcase name="WFCL_Alliance_Marketing" classname="Mission_Critical.MC_PI_3">
    <skipped/>
  </testcase> <!-- WFCL_Alliance_Marketing -->
  <testcase name="WFCL_Rewards_Login_APAC_AND_LAC" classname="Mission_Critical.MC_PI_3">
    <skipped/>
  </testcase> <!-- WFCL_Rewards_Login_APAC_AND_LAC -->
  <testcase name="WIDM_Registration_Email_Validation" classname="Mission_Critical.MC_PI_3">
    <skipped/>
  </testcase> <!-- WIDM_Registration_Email_Validation -->
  <testcase name="WFCL_DT_Check" classname="Mission_Critical.MC_PI_3">
    <skipped/>
  </testcase> <!-- WFCL_DT_Check -->
  <testcase name="WFCL_Registration_Email_Validation" classname="Mission_Critical.MC_PI_3">
    <skipped/>
  </testcase> <!-- WFCL_Registration_Email_Validation -->
</testsuite> <!-- Mission_Critical.MC_PI_3 -->
