<?xml version="1.0" encoding="UTF-8"?>
<!-- Generated by org.testng.reporters.JUnitReportReporter -->
<testsuite skipped="1" hostname="WTC-5159473-l2" name="USRC_Application.USRC_TestData_Update" tests="11" failures="0" timestamp="01 May 2019 19:11:33 GMT" time="117.333" errors="0">
  <testcase name="UpdateUser" time="0.318" classname="USRC_Application.USRC_TestData_Update"/>
  <testcase name="CheckLogin" time="11.278" classname="USRC_Application.USRC_TestData_Update"/>
  <testcase name="CheckLogin" time="13.232" classname="USRC_Application.USRC_TestData_Update"/>
  <testcase name="CheckLogin" time="11.678" classname="USRC_Application.USRC_TestData_Update"/>
  <testcase name="CheckLogin" time="12.950" classname="USRC_Application.USRC_TestData_Update"/>
  <testcase name="CheckLogin" time="15.639" classname="USRC_Application.USRC_TestData_Update"/>
  <testcase name="CheckLogin" time="10.791" classname="USRC_Application.USRC_TestData_Update"/>
  <testcase name="CheckLogin" time="11.922" classname="USRC_Application.USRC_TestData_Update"/>
  <testcase name="CheckLogin" time="15.453" classname="USRC_Application.USRC_TestData_Update"/>
  <testcase name="CheckLogin" time="14.072" classname="USRC_Application.USRC_TestData_Update"/>
  <testcase name="CheckMigration" classname="USRC_Application.USRC_TestData_Update">
    <skipped/>
  </testcase> <!-- CheckMigration -->
</testsuite> <!-- USRC_Application.USRC_TestData_Update -->
