<?xml version="1.0" encoding="UTF-8"?>
<!-- Generated by org.testng.reporters.JUnitReportReporter -->
<testsuite skipped="0" hostname="WTC-5159473-l2" name="TestNG.CMAC" tests="17" failures="0" timestamp="24 Oct 2018 21:38:34 GMT" time="10.620" errors="0">
  <testcase name="CreateProject" time="1.928" classname="TestNG.CMAC"/>
  <testcase name="CreateProject" time="1.974" classname="TestNG.CMAC"/>
  <testcase name="CreateProject" time="1.981" classname="TestNG.CMAC"/>
  <testcase name="CreateProject" time="1.896" classname="TestNG.CMAC"/>
  <testcase name="RetrieveProjectSummary" time="0.042" classname="TestNG.CMAC"/>
  <testcase name="UpdateProject" time="0.429" classname="TestNG.CMAC"/>
  <testcase name="RetrieveProjectDetails" time="0.498" classname="TestNG.CMAC"/>
  <testcase name="RetrieveProjectDetails" time="0.067" classname="TestNG.CMAC"/>
  <testcase name="UpdateProject" time="0.252" classname="TestNG.CMAC"/>
  <testcase name="UpdateProject" time="0.351" classname="TestNG.CMAC"/>
  <testcase name="RetrieveProjectDetails" time="0.093" classname="TestNG.CMAC"/>
  <testcase name="UpdateProject" time="0.153" classname="TestNG.CMAC"/>
  <testcase name="RetrieveProjectDetails" time="0.469" classname="TestNG.CMAC"/>
  <testcase name="DeleteProject" time="0.170" classname="TestNG.CMAC"/>
  <testcase name="DeleteProject" time="0.143" classname="TestNG.CMAC"/>
  <testcase name="DeleteProject" time="0.057" classname="TestNG.CMAC"/>
  <testcase name="DeleteProject" time="0.117" classname="TestNG.CMAC"/>
</testsuite> <!-- TestNG.CMAC -->
