<?xml version="1.0" encoding="UTF-8"?>
<!-- Generated by org.testng.reporters.JUnitReportReporter -->
<testsuite skipped="0" hostname="WTC-5159473-l2" name="OADR_Application.OADR_SmokeTest" tests="5" failures="0" timestamp="01 May 2019 21:34:31 GMT" time="784.627" errors="0">
  <testcase name="OADR_Apply_Discount_To_Account" time="210.563" classname="OADR_Application.OADR_SmokeTest"/>
  <testcase name="OADR_Apply_Discount_To_Account" time="106.032" classname="OADR_Application.OADR_SmokeTest"/>
  <testcase name="OADR_Apply_Discount_To_Account" time="153.754" classname="OADR_Application.OADR_SmokeTest"/>
  <testcase name="OADR_Apply_Discount_To_Account" time="163.466" classname="OADR_Application.OADR_SmokeTest"/>
  <testcase name="OADR_Apply_Discount_To_Account" time="150.812" classname="OADR_Application.OADR_SmokeTest"/>
</testsuite> <!-- OADR_Application.OADR_SmokeTest -->
