<?xml version="1.0" encoding="UTF-8"?>
<!-- Generated by org.testng.reporters.JUnitReportReporter -->
<testsuite skipped="0" hostname="WTC-5159473-l2" name="WFCL_Application.WFCL_SmokeTest" tests="8" failures="0" timestamp="05 Dec 2018 20:55:20 GMT" time="855.082" errors="0">
  <testcase name="Password_Reset_Secret" time="39.529" classname="WFCL_Application.WFCL_SmokeTest"/>
  <testcase name="AccountRegistration_WDPA" time="109.232" classname="WFCL_Application.WFCL_SmokeTest"/>
  <testcase name="Forgot_User_Email" time="176.619" classname="WFCL_Application.WFCL_SmokeTest"/>
  <testcase name="CreditCardRegistrationEnroll" time="180.972" classname="WFCL_Application.WFCL_SmokeTest"/>
  <testcase name="Reset_Password_Email" time="139.134" classname="WFCL_Application.WFCL_SmokeTest"/>
  <testcase name="UserRegistration" time="94.642" classname="WFCL_Application.WFCL_SmokeTest"/>
  <testcase name="AccountRegistration_INET" time="49.839" classname="WFCL_Application.WFCL_SmokeTest"/>
  <testcase name="AccountRegistration_Admin" time="65.115" classname="WFCL_Application.WFCL_SmokeTest"/>
</testsuite> <!-- WFCL_Application.WFCL_SmokeTest -->
