<?xml version="1.0" encoding="UTF-8"?>
<!-- Generated by org.testng.reporters.JUnitReportReporter -->
<testsuite skipped="0" hostname="WTC-5159473-l2" name="Mission_Critical.WFCL_SmokeTest" tests="8" failures="0" timestamp="13 Dec 2018 19:37:00 GMT" time="1410.068" errors="0">
  <testcase name="Forgot_User_Email" time="160.527" classname="Mission_Critical.WFCL_SmokeTest"/>
  <testcase name="UserRegistration" time="258.120" classname="Mission_Critical.WFCL_SmokeTest"/>
  <testcase name="CreditCardRegistrationEnroll" time="300.513" classname="Mission_Critical.WFCL_SmokeTest"/>
  <testcase name="AccountRegistration_WDPA" time="164.427" classname="Mission_Critical.WFCL_SmokeTest"/>
  <testcase name="Password_Reset_Secret" time="106.304" classname="Mission_Critical.WFCL_SmokeTest"/>
  <testcase name="Reset_Password_Email" time="282.777" classname="Mission_Critical.WFCL_SmokeTest"/>
  <testcase name="AccountRegistration_INET" time="63.446" classname="Mission_Critical.WFCL_SmokeTest"/>
  <testcase name="AccountRegistration_Admin" time="73.954" classname="Mission_Critical.WFCL_SmokeTest"/>
</testsuite> <!-- Mission_Critical.WFCL_SmokeTest -->
