<?xml version="1.0" encoding="UTF-8"?>
<!-- Generated by org.testng.reporters.JUnitReportReporter -->
<testsuite skipped="1" hostname="WTC-5159473-l2" name="WFCL_Application.WFCL_New" tests="2" failures="0" timestamp="15 Mar 2019 17:12:19 GMT" time="41.586" errors="0">
  <testcase name="WFCL_GFBO_Registration" time="41.586" classname="WFCL_Application.WFCL_New"/>
  <testcase name="UserRegistration_Account_Data_Captcha" classname="WFCL_Application.WFCL_New">
    <skipped/>
  </testcase> <!-- UserRegistration_Account_Data_Captcha -->
</testsuite> <!-- WFCL_Application.WFCL_New -->
