<?xml version="1.0" encoding="UTF-8"?>
<!-- Generated by org.testng.reporters.JUnitReportReporter -->
<testsuite skipped="0" hostname="WTC-5159473-l2" name="Mission_Critical.WFCL_SmokeTest" tests="1" failures="0" timestamp="17 Dec 2018 19:35:33 GMT" time="75.199" errors="0">
  <testcase name="AccountRegistration_Admin" time="75.199" classname="Mission_Critical.WFCL_SmokeTest"/>
</testsuite> <!-- Mission_Critical.WFCL_SmokeTest -->
