<?xml version="1.0" encoding="UTF-8"?>
<!-- Generated by org.testng.reporters.JUnitReportReporter -->
<testsuite skipped="5" hostname="WTC-5159473-l2" name="CXS_Support.USRC_General" tests="8" failures="3" timestamp="22 Feb 2019 21:27:08 GMT" time="11.418" errors="0">
  <testcase name="CheckLogin" time="3.923" classname="CXS_Support.USRC_General">
    <failure type="java.lang.AssertionError" message="Not able to update file.">
      <![CDATA[java.lang.AssertionError: Not able to update file.
at org.junit.Assert.fail(Assert.java:88)
at CXS_Support.USRC_General.CheckLogin(USRC_General.java:241)
at sun.reflect.NativeMethodAccessorImpl.invoke0(Native Method)
at sun.reflect.NativeMethodAccessorImpl.invoke(Unknown Source)
at sun.reflect.DelegatingMethodAccessorImpl.invoke(Unknown Source)
at java.lang.reflect.Method.invoke(Unknown Source)
at org.testng.internal.MethodInvocationHelper.invokeMethod(MethodInvocationHelper.java:124)
at org.testng.internal.Invoker.invokeMethod(Invoker.java:580)
at org.testng.internal.Invoker.invokeTestMethod(Invoker.java:716)
at org.testng.internal.TestMethodWithDataProviderMethodWorker.call(TestMethodWithDataProviderMethodWorker.java:71)
at org.testng.internal.TestMethodWithDataProviderMethodWorker.call(TestMethodWithDataProviderMethodWorker.java:14)
at java.util.concurrent.FutureTask.run(Unknown Source)
at java.util.concurrent.Executors$RunnableAdapter.call(Unknown Source)
at java.util.concurrent.FutureTask.run(Unknown Source)
at java.util.concurrent.ThreadPoolExecutor.runWorker(Unknown Source)
at java.util.concurrent.ThreadPoolExecutor$Worker.run(Unknown Source)
at java.lang.Thread.run(Unknown Source)
]]>
    </failure>
  </testcase> <!-- CheckLogin -->
  <testcase name="CheckLogin" time="3.802" classname="CXS_Support.USRC_General">
    <failure type="java.lang.AssertionError" message="Not able to update file.">
      <![CDATA[java.lang.AssertionError: Not able to update file.
at org.junit.Assert.fail(Assert.java:88)
at CXS_Support.USRC_General.CheckLogin(USRC_General.java:241)
at sun.reflect.NativeMethodAccessorImpl.invoke0(Native Method)
at sun.reflect.NativeMethodAccessorImpl.invoke(Unknown Source)
at sun.reflect.DelegatingMethodAccessorImpl.invoke(Unknown Source)
at java.lang.reflect.Method.invoke(Unknown Source)
at org.testng.internal.MethodInvocationHelper.invokeMethod(MethodInvocationHelper.java:124)
at org.testng.internal.Invoker.invokeMethod(Invoker.java:580)
at org.testng.internal.Invoker.invokeTestMethod(Invoker.java:716)
at org.testng.internal.TestMethodWithDataProviderMethodWorker.call(TestMethodWithDataProviderMethodWorker.java:71)
at org.testng.internal.TestMethodWithDataProviderMethodWorker.call(TestMethodWithDataProviderMethodWorker.java:14)
at java.util.concurrent.FutureTask.run(Unknown Source)
at java.util.concurrent.Executors$RunnableAdapter.call(Unknown Source)
at java.util.concurrent.FutureTask.run(Unknown Source)
at java.util.concurrent.ThreadPoolExecutor.runWorker(Unknown Source)
at java.util.concurrent.ThreadPoolExecutor$Worker.run(Unknown Source)
at java.lang.Thread.run(Unknown Source)
]]>
    </failure>
  </testcase> <!-- CheckLogin -->
  <testcase name="CheckLogin" time="3.693" classname="CXS_Support.USRC_General">
    <failure type="java.lang.AssertionError" message="Not able to update file.">
      <![CDATA[java.lang.AssertionError: Not able to update file.
at org.junit.Assert.fail(Assert.java:88)
at CXS_Support.USRC_General.CheckLogin(USRC_General.java:241)
at sun.reflect.NativeMethodAccessorImpl.invoke0(Native Method)
at sun.reflect.NativeMethodAccessorImpl.invoke(Unknown Source)
at sun.reflect.DelegatingMethodAccessorImpl.invoke(Unknown Source)
at java.lang.reflect.Method.invoke(Unknown Source)
at org.testng.internal.MethodInvocationHelper.invokeMethod(MethodInvocationHelper.java:124)
at org.testng.internal.Invoker.invokeMethod(Invoker.java:580)
at org.testng.internal.Invoker.invokeTestMethod(Invoker.java:716)
at org.testng.internal.TestMethodWithDataProviderMethodWorker.call(TestMethodWithDataProviderMethodWorker.java:71)
at org.testng.internal.TestMethodWithDataProviderMethodWorker.call(TestMethodWithDataProviderMethodWorker.java:14)
at java.util.concurrent.FutureTask.run(Unknown Source)
at java.util.concurrent.Executors$RunnableAdapter.call(Unknown Source)
at java.util.concurrent.FutureTask.run(Unknown Source)
at java.util.concurrent.ThreadPoolExecutor.runWorker(Unknown Source)
at java.util.concurrent.ThreadPoolExecutor$Worker.run(Unknown Source)
at java.lang.Thread.run(Unknown Source)
]]>
    </failure>
  </testcase> <!-- CheckLogin -->
  <testcase name="CheckIfUserInvalidLogin" classname="CXS_Support.USRC_General">
    <skipped/>
  </testcase> <!-- CheckIfUserInvalidLogin -->
  <testcase name="CreateUsers" classname="CXS_Support.USRC_General">
    <skipped/>
  </testcase> <!-- CreateUsers -->
  <testcase name="UpdateValue" classname="CXS_Support.USRC_General">
    <skipped/>
  </testcase> <!-- UpdateValue -->
  <testcase name="Check_FDM_Status" classname="CXS_Support.USRC_General">
    <skipped/>
  </testcase> <!-- Check_FDM_Status -->
  <testcase name="CreateUsers_AddressDetails" classname="CXS_Support.USRC_General">
    <skipped/>
  </testcase> <!-- CreateUsers_AddressDetails -->
</testsuite> <!-- CXS_Support.USRC_General -->
