<?xml version="1.0" encoding="UTF-8"?>
<!-- Generated by org.testng.reporters.JUnitReportReporter -->
<testsuite skipped="0" hostname="WTC-5159473-l2" name="WFCL_Application.WFCL_SmokeTest" tests="1" failures="0" timestamp="10 Nov 2018 16:44:41 GMT" time="83.160" errors="0">
  <testcase name="UserRegistration" time="83.160" classname="WFCL_Application.WFCL_SmokeTest"/>
</testsuite> <!-- WFCL_Application.WFCL_SmokeTest -->
