<?xml version="1.0" encoding="UTF-8"?>
<!-- Generated by org.testng.reporters.JUnitReportReporter -->
<testsuite skipped="0" hostname="WTC-5159473-l2" name="SupportClasses.Account_Lookup" tests="30" failures="0" timestamp="12 Apr 2019 19:55:53 GMT" time="97.654" errors="0">
  <testcase name="AccountCheck" time="2.654" classname="SupportClasses.Account_Lookup"/>
  <testcase name="AccountCheck" time="2.920" classname="SupportClasses.Account_Lookup"/>
  <testcase name="AccountCheck" time="2.615" classname="SupportClasses.Account_Lookup"/>
  <testcase name="AccountCheck" time="2.615" classname="SupportClasses.Account_Lookup"/>
  <testcase name="AccountCheck" time="2.948" classname="SupportClasses.Account_Lookup"/>
  <testcase name="AccountCheck" time="2.836" classname="SupportClasses.Account_Lookup"/>
  <testcase name="AccountCheck" time="3.048" classname="SupportClasses.Account_Lookup"/>
  <testcase name="AccountCheck" time="2.698" classname="SupportClasses.Account_Lookup"/>
  <testcase name="AccountCheck" time="3.327" classname="SupportClasses.Account_Lookup"/>
  <testcase name="AccountCheck" time="2.991" classname="SupportClasses.Account_Lookup"/>
  <testcase name="AccountCheck" time="13.364" classname="SupportClasses.Account_Lookup"/>
  <testcase name="AccountCheck" time="2.762" classname="SupportClasses.Account_Lookup"/>
  <testcase name="AccountCheck" time="3.030" classname="SupportClasses.Account_Lookup"/>
  <testcase name="AccountCheck" time="3.708" classname="SupportClasses.Account_Lookup"/>
  <testcase name="AccountCheck" time="3.140" classname="SupportClasses.Account_Lookup"/>
  <testcase name="AccountCheck" time="3.065" classname="SupportClasses.Account_Lookup"/>
  <testcase name="AccountCheck" time="2.985" classname="SupportClasses.Account_Lookup"/>
  <testcase name="AccountCheck" time="2.825" classname="SupportClasses.Account_Lookup"/>
  <testcase name="AccountCheck" time="2.832" classname="SupportClasses.Account_Lookup"/>
  <testcase name="AccountCheck" time="2.763" classname="SupportClasses.Account_Lookup"/>
  <testcase name="AccountCheck" time="3.417" classname="SupportClasses.Account_Lookup"/>
  <testcase name="AccountCheck" time="2.957" classname="SupportClasses.Account_Lookup"/>
  <testcase name="AccountCheck" time="2.820" classname="SupportClasses.Account_Lookup"/>
  <testcase name="AccountCheck" time="2.718" classname="SupportClasses.Account_Lookup"/>
  <testcase name="AccountCheck" time="2.678" classname="SupportClasses.Account_Lookup"/>
  <testcase name="AccountCheck" time="2.656" classname="SupportClasses.Account_Lookup"/>
  <testcase name="AccountCheck" time="2.888" classname="SupportClasses.Account_Lookup"/>
  <testcase name="AccountCheck" time="3.010" classname="SupportClasses.Account_Lookup"/>
  <testcase name="AccountCheck" time="2.718" classname="SupportClasses.Account_Lookup"/>
  <testcase name="AccountCheck" time="2.666" classname="SupportClasses.Account_Lookup"/>
</testsuite> <!-- SupportClasses.Account_Lookup -->
