<?xml version="1.0" encoding="UTF-8"?>
<!-- Generated by org.testng.reporters.JUnitReportReporter -->
<testsuite skipped="0" hostname="WTC-5159473-l2" name="Mission_Critical.WIDM_SmokeTest" tests="6" failures="0" timestamp="04 Mar 2019 20:57:24 GMT" time="596.063" errors="0">
  <testcase name="ResetPasswordWIDM_Email" time="73.283" classname="Mission_Critical.WIDM_SmokeTest"/>
  <testcase name="WIDM_RegistrationEFWS" time="98.576" classname="Mission_Critical.WIDM_SmokeTest"/>
  <testcase name="WIDM_Registration_ErrorMessages" time="60.919" classname="Mission_Critical.WIDM_SmokeTest"/>
  <testcase name="WIDM_Registration" time="117.059" classname="Mission_Critical.WIDM_SmokeTest"/>
  <testcase name="WIDM_ResetPasswordSecret" time="215.941" classname="Mission_Critical.WIDM_SmokeTest"/>
  <testcase name="WIDM_ForgotUserID" time="30.285" classname="Mission_Critical.WIDM_SmokeTest"/>
</testsuite> <!-- Mission_Critical.WIDM_SmokeTest -->
