<?xml version="1.0" encoding="UTF-8"?>
<!-- Generated by org.testng.reporters.JUnitReportReporter -->
<testsuite skipped="5" hostname="WTC-5159473-l2" name="USRC_Application.USRC_General" tests="6" failures="0" timestamp="16 May 2019 20:36:45 GMT" time="30.616" errors="0">
  <testcase name="Testing_API_Login" time="30.616" classname="USRC_Application.USRC_General"/>
  <testcase name="CheckLogin" classname="USRC_Application.USRC_General">
    <skipped/>
  </testcase> <!-- CheckLogin -->
  <testcase name="CreateUsers_User_Data" classname="USRC_Application.USRC_General">
    <skipped/>
  </testcase> <!-- CreateUsers_User_Data -->
  <testcase name="CreateUsers_AddressDetails" classname="USRC_Application.USRC_General">
    <skipped/>
  </testcase> <!-- CreateUsers_AddressDetails -->
  <testcase name="CreateUsers" classname="USRC_Application.USRC_General">
    <skipped/>
  </testcase> <!-- CreateUsers -->
  <testcase name="UpdateUserContactInformation" classname="USRC_Application.USRC_General">
    <skipped/>
  </testcase> <!-- UpdateUserContactInformation -->
</testsuite> <!-- USRC_Application.USRC_General -->
