<?xml version="1.0" encoding="UTF-8"?>
<!-- Generated by org.testng.reporters.JUnitReportReporter -->
<testsuite skipped="0" hostname="WTC-5159473-l2" name="WaterfallApplications.OADR" tests="1" failures="0" timestamp="14 Dec 2018 22:01:50 GMT" time="36.829" errors="0">
  <testcase name="OADR_Apply_Discount_To_Account" time="36.829" classname="WaterfallApplications.OADR"/>
</testsuite> <!-- WaterfallApplications.OADR -->
