<?xml version="1.0" encoding="UTF-8"?>
<!-- Generated by org.testng.reporters.JUnitReportReporter -->
<testsuite skipped="0" hostname="WTC-5159473-l2" name="WIDM_Application.WIDM_SmokeTest" tests="1" failures="0" timestamp="07 Jun 2019 21:28:29 GMT" time="76.889" errors="0">
  <testcase name="WIDM_ResetPassword_Email" time="76.889" classname="WIDM_Application.WIDM_SmokeTest"/>
</testsuite> <!-- WIDM_Application.WIDM_SmokeTest -->
