<?xml version="1.0" encoding="UTF-8"?>
<!-- Generated by org.testng.reporters.JUnitReportReporter -->
<testsuite skipped="1" hostname="WTC-5159473-l2" name="Soap_Execution.WebServices" tests="1" failures="0" timestamp="13 Mar 2019 21:50:37 GMT" time="0.000" errors="0">
  <testcase name="WebServices_CreateMeterNumber" time="0.000" classname="Soap_Execution.WebServices">
    <skipped/>
  </testcase> <!-- WebServices_CreateMeterNumber -->
</testsuite> <!-- Soap_Execution.WebServices -->
